Begin fcst.sh at Thu Mar 21 21:47:40 UTC 2024
+ fcst.sh[8]: source /work2/noaa/stmp/CI/ORION/2422/gefs/ush/detect_machine.sh
++ detect_machine.sh[12]: [[ -n '' ]]
++ detect_machine.sh[15]: case $(hostname -f) in
+++ detect_machine.sh[15]: hostname -f
++ detect_machine.sh[47]: MACHINE_ID=UNKNOWN
++ detect_machine.sh[50]: [[ UNKNOWN == \U\N\K\N\O\W\N ]]
++ detect_machine.sh[51]: case ${PW_CSP:-} in
++ detect_machine.sh[53]: PW_CSP=UNKNOWN
++ detect_machine.sh[58]: MACHINE_ID=UNKNOWN
++ detect_machine.sh[61]: [[ UNKNOWN != \U\N\K\N\O\W\N ]]
++ detect_machine.sh[66]: [[ -d /lfs/h3 ]]
++ detect_machine.sh[69]: [[ -d /lfs/h1 ]]
++ detect_machine.sh[72]: [[ -d /mnt/lfs1 ]]
++ detect_machine.sh[75]: [[ -d /scratch1 ]]
++ detect_machine.sh[78]: [[ -d /work ]]
++ detect_machine.sh[80]: [[ -d /apps/other ]]
++ detect_machine.sh[84]: MACHINE_ID=orion
+ fcst.sh[9]: [[ orion == \w\c\o\s\s\2 ]]
+ fcst.sh[12]: . /work2/noaa/stmp/CI/ORION/2422/gefs/ush/load_fv3gfs_modules.sh
++ load_fv3gfs_modules.sh[4]: [[ NO == \N\O ]]
++ load_fv3gfs_modules.sh[5]: echo 'Loading modules quietly...'
Loading modules quietly...
++ load_fv3gfs_modules.sh[6]: set +x
Resetting modules to system default. Reseting $MODULEPATH back to system default. All extra directories will be removed from $MODULEPATH.
slurmstepd: error: *** JOB 17190052 ON Orion-20-26 CANCELLED AT 2024-03-21T16:47:44 ***
