++ build_upp.sh[4]dirname ./build_upp.sh
+ build_upp.sh[4]script_dir=.
+ build_upp.sh[5]cd .
+ build_upp.sh[7]OPTIND=1
+ build_upp.sh[8]_opts=
+ build_upp.sh[9]getopts :dj:v option
+ build_upp.sh[10]case "${option}" in
+ build_upp.sh[12]BUILD_JOBS=2
+ build_upp.sh[9]getopts :dj:v option
+ build_upp.sh[22]shift 2
+ build_upp.sh[25][[ ! -d ../exec ]]
+ build_upp.sh[29]cd upp.fd/tests
+ build_upp.sh[31]BUILD_JOBS=2
+ build_upp.sh[31]./compile_upp.sh
Building for machine orion, compiler intel

Currently Loaded Modules:
  1) intel/2022.1.2                   19) parallel-netcdf/1.12.2
  2) stack-intel/2022.0.2             20) parallelio/2.5.10
  3) impi/2022.1.2                    21) bacio/2.4.1
  4) stack-intel-oneapi-mpi/2021.5.1  22) crtm-fix/2.4.0.1_emc
  5) nghttp2/1.57.0                   23) git-lfs/2.12.0
  6) curl/8.4.0                       24) crtm/2.4.0.1
  7) cmake/3.23.1                     25) g2/3.4.5
  8) libjpeg/2.1.0                    26) g2tmpl/1.10.2
  9) jasper/2.0.32                    27) ip/4.3.0
 10) zlib/1.2.13                      28) sp/2.5.0
 11) libpng/1.6.37                    29) w3emc/2.10.0
 12) pkg-config/0.27.1                30) nemsio/2.5.4
 13) hdf5/1.14.0                      31) sigio/2.3.2
 14) snappy/1.1.10                    32) sfcio/1.4.1
 15) zstd/1.5.2                       33) wrf-io/1.2.0
 16) c-blosc/1.21.5                   34) upp_common
 17) netcdf-c/4.9.2                   35) orion
 18) netcdf-fortran/4.6.1

 

+ compile_upp.sh[112]BUILD_DIR=build
+ compile_upp.sh[113]rm -rf build install
+ compile_upp.sh[114]mkdir -p build
+ compile_upp.sh[114]cd build
+ compile_upp.sh[115]cmake -DCMAKE_INSTALL_PREFIX=../install -DBUILD_WITH_WRFIO=ON -DBUILD_WITH_GTG=OFF -DBUILD_WITH_IFI=OFF /work2/noaa/stmp/GFS_CI_ROOT/ORION/PR/267/global-workflow/sorc/upp.fd
-- The Fortran compiler identification is Intel 2021.5.0.20211109
-- The C compiler identification is Intel 2021.5.0.20211109
-- The CXX compiler identification is Intel 2021.5.0.20211109
-- Detecting Fortran compiler ABI info
-- Detecting Fortran compiler ABI info - done
-- Check for working Fortran compiler: /apps/intel-2022.1.2/intel-2022.1.2/mpi/2021.5.1/bin/mpiifort - skipped
-- Detecting C compiler ABI info
-- Detecting C compiler ABI info - done
-- Check for working C compiler: /apps/intel-2022.1.2/intel-2022.1.2/mpi/2021.5.1/bin/mpiicc - skipped
-- Detecting C compile features
-- Detecting C compile features - done
-- Detecting CXX compiler ABI info
-- Detecting CXX compiler ABI info - done
-- Check for working CXX compiler: /apps/intel-2022.1.2/intel-2022.1.2/mpi/2021.5.1/bin/mpiicpc - skipped
-- Detecting CXX compile features
-- Detecting CXX compile features - done
-- Setting build type to 'Release' as none was specified.
-- Found MPI_C: /apps/intel-2022.1.2/intel-2022.1.2/mpi/2021.5.1/bin/mpiicc (found version "3.1") 
-- Found MPI_CXX: /apps/intel-2022.1.2/intel-2022.1.2/mpi/2021.5.1/bin/mpiicpc (found version "3.1") 
-- Found MPI_Fortran: /apps/intel-2022.1.2/intel-2022.1.2/mpi/2021.5.1/bin/mpiifort (found version "3.1") 
-- Found MPI: TRUE (found version "3.1")  
-- Found NetCDF: /work/noaa/epic/role-epic/spack-stack/orion/spack-stack-1.6.0/envs/unified-env/install/intel/2022.0.2/netcdf-c-4.9.2-4g3gg4n/include;/work/noaa/epic/role-epic/spack-stack/orion/spack-stack-1.6.0/envs/unified-env/install/intel/2022.0.2/netcdf-fortran-4.6.1-hmzbka3/include (found version "4.9.2") found components: Fortran 
-- FindNetCDF defines targets:
--   - NetCDF_VERSION [4.9.2]
--   - NetCDF_PARALLEL [TRUE]
--   - NetCDF_C_CONFIG_EXECUTABLE [/work/noaa/epic/role-epic/spack-stack/orion/spack-stack-1.6.0/envs/unified-env/install/intel/2022.0.2/netcdf-c-4.9.2-4g3gg4n/bin/nc-config]
--   - NetCDF::NetCDF_C [SHARED] [Root: /work/noaa/epic/role-epic/spack-stack/orion/spack-stack-1.6.0/envs/unified-env/install/intel/2022.0.2/netcdf-c-4.9.2-4g3gg4n] Lib: /work/noaa/epic/role-epic/spack-stack/orion/spack-stack-1.6.0/envs/unified-env/install/intel/2022.0.2/netcdf-c-4.9.2-4g3gg4n/lib/libnetcdf.so 
--   - NetCDF_Fortran_CONFIG_EXECUTABLE [/work/noaa/epic/role-epic/spack-stack/orion/spack-stack-1.6.0/envs/unified-env/install/intel/2022.0.2/netcdf-fortran-4.6.1-hmzbka3/bin/nf-config]
--   - NetCDF::NetCDF_Fortran [SHARED] [Root: /work/noaa/epic/role-epic/spack-stack/orion/spack-stack-1.6.0/envs/unified-env/install/intel/2022.0.2/netcdf-fortran-4.6.1-hmzbka3] Lib: /work/noaa/epic/role-epic/spack-stack/orion/spack-stack-1.6.0/envs/unified-env/install/intel/2022.0.2/netcdf-fortran-4.6.1-hmzbka3/lib/libnetcdff.so 
-- Found OpenMP_Fortran: -qopenmp (found version "5.0") 
-- Found OpenMP: TRUE (found version "5.0") found components: Fortran 
-- Found bacio: /work/noaa/epic/role-epic/spack-stack/orion/spack-stack-1.6.0/envs/unified-env/install/intel/2022.0.2/bacio-2.4.1-azlisvh/lib/libbacio_4.a (found version "2.4.1")
-- Found crtm: /work/noaa/epic/role-epic/spack-stack/orion/spack-stack-1.6.0/envs/unified-env/install/intel/2022.0.2/crtm-2.4.0.1-mn74hpa/lib/libcrtm.a (found version "2.4.0")
-- Found ZLIB: /work/noaa/epic/role-epic/spack-stack/orion/spack-stack-1.6.0/envs/unified-env/install/intel/2022.0.2/zlib-1.2.13-753klof/lib/libz.so (found version "1.2.13") 
-- Found PNG: /work/noaa/epic/role-epic/spack-stack/orion/spack-stack-1.6.0/envs/unified-env/install/intel/2022.0.2/libpng-1.6.37-fkqxqmp/lib64/libpng.so (found version "1.6.37") 
-- Found g2: /work/noaa/epic/role-epic/spack-stack/orion/spack-stack-1.6.0/envs/unified-env/install/intel/2022.0.2/g2-3.4.5-rhw6yw6/lib64/libg2_4.a (found version "3.4.5")
-- Found g2tmpl: /work/noaa/epic/role-epic/spack-stack/orion/spack-stack-1.6.0/envs/unified-env/install/intel/2022.0.2/g2tmpl-1.10.2-psernkp/lib/libg2tmpl.a (found version "1.10.2")
-- Found bacio: /work/noaa/epic/role-epic/spack-stack/orion/spack-stack-1.6.0/envs/unified-env/install/intel/2022.0.2/bacio-2.4.1-azlisvh/lib/libbacio_4.a (found version "2.4.1")
-- Found bacio: /work/noaa/epic/role-epic/spack-stack/orion/spack-stack-1.6.0/envs/unified-env/install/intel/2022.0.2/bacio-2.4.1-azlisvh/lib/libbacio_4.a (found version "2.4.1")
-- Found w3emc: /work/noaa/epic/role-epic/spack-stack/orion/spack-stack-1.6.0/envs/unified-env/install/intel/2022.0.2/w3emc-2.10.0-kww7sdk/lib64/libw3emc_4.a (found version "2.10.0")
-- Found MPI: TRUE (found version "3.1") found components: Fortran 
-- Found nemsio: /work/noaa/epic/role-epic/spack-stack/orion/spack-stack-1.6.0/envs/unified-env/install/intel/2022.0.2/nemsio-2.5.4-chpv7zy/lib64/libnemsio.a (found version "2.5.4")
-- Found sfcio: /work/noaa/epic/role-epic/spack-stack/orion/spack-stack-1.6.0/envs/unified-env/install/intel/2022.0.2/sfcio-1.4.1-r3sc33g/lib/libsfcio.a (found version "1.4.0")
-- Found sigio: /work/noaa/epic/role-epic/spack-stack/orion/spack-stack-1.6.0/envs/unified-env/install/intel/2022.0.2/sigio-2.3.2-yeb2tdk/lib/libsigio.a (found version "2.3.0")
-- Found sp: /work/noaa/epic/role-epic/spack-stack/orion/spack-stack-1.6.0/envs/unified-env/install/intel/2022.0.2/sp-2.5.0-7yfpzlm/lib64/libsp_4.a (found version "2.5.0")
-- Found bacio: /work/noaa/epic/role-epic/spack-stack/orion/spack-stack-1.6.0/envs/unified-env/install/intel/2022.0.2/bacio-2.4.1-azlisvh/lib/libbacio_4.a (found version "2.4.1")
-- Found w3emc: /work/noaa/epic/role-epic/spack-stack/orion/spack-stack-1.6.0/envs/unified-env/install/intel/2022.0.2/w3emc-2.10.0-kww7sdk/lib64/libw3emc_4.a (found version "2.10.0")
-- Found wrf_io: /work/noaa/epic/role-epic/spack-stack/orion/spack-stack-1.6.0/envs/unified-env/install/intel/2022.0.2/wrf-io-1.2.0-36vijsb/lib/libwrf_io.a (found version "1.2.0")
-- Configuring done
-- Generating done
-- Build files have been written to: /work2/noaa/stmp/GFS_CI_ROOT/ORION/PR/267/global-workflow/sorc/upp.fd/tests/build
+ compile_upp.sh[116]make -j2
Scanning dependencies of target upp
[  2%] Building Fortran object sorc/ncep_post.fd/CMakeFiles/upp.dir/CMASSI.f.o
[  2%] Building Fortran object sorc/ncep_post.fd/CMakeFiles/upp.dir/CTLBLK.f.o
[  2%] Building Fortran object sorc/ncep_post.fd/CMakeFiles/upp.dir/machine.f.o
[  3%] Building Fortran object sorc/ncep_post.fd/CMakeFiles/upp.dir/GRIDSPEC.f.o
[  4%] Building Fortran object sorc/ncep_post.fd/CMakeFiles/upp.dir/RQSTFLD.f.o
[  5%] Building Fortran object sorc/ncep_post.fd/CMakeFiles/upp.dir/LOOKUP.f.o
[  6%] Building Fortran object sorc/ncep_post.fd/CMakeFiles/upp.dir/MASKS_mod.f.o
[  7%] Building Fortran object sorc/ncep_post.fd/CMakeFiles/upp.dir/PMICRPH.f.o
[  8%] Building Fortran object sorc/ncep_post.fd/CMakeFiles/upp.dir/RHGRD.f.o
[  9%] Building Fortran object sorc/ncep_post.fd/CMakeFiles/upp.dir/SOIL_mod.f.o
[ 10%] Building Fortran object sorc/ncep_post.fd/CMakeFiles/upp.dir/params.F.o
[ 11%] Building Fortran object sorc/ncep_post.fd/CMakeFiles/upp.dir/VRBLS2D_mod.f.o
[ 12%] Building Fortran object sorc/ncep_post.fd/CMakeFiles/upp.dir/VRBLS3D_mod.f.o
[ 12%] Building Fortran object sorc/ncep_post.fd/CMakeFiles/upp.dir/VRBLS4D_mod.f.o
[ 12%] Building Fortran object sorc/ncep_post.fd/CMakeFiles/upp.dir/cuparm.f.o
[ 13%] Building Fortran object sorc/ncep_post.fd/CMakeFiles/upp.dir/gtg_ctlblk.F90.o
[ 13%] Building Fortran object sorc/ncep_post.fd/CMakeFiles/upp.dir/gtg_filter.F90.o
[ 14%] Building Fortran object sorc/ncep_post.fd/CMakeFiles/upp.dir/gtg_indices.F90.o
[ 15%] Building Fortran object sorc/ncep_post.fd/CMakeFiles/upp.dir/gtg_read_config.F90.o
[ 16%] Building Fortran object sorc/ncep_post.fd/CMakeFiles/upp.dir/kinds_mod.F.o
[ 17%] Building Fortran object sorc/ncep_post.fd/CMakeFiles/upp.dir/svptbl.f.o
[ 17%] Building Fortran object sorc/ncep_post.fd/CMakeFiles/upp.dir/CALWXT_BOURG.f.o
[ 17%] Building Fortran object sorc/ncep_post.fd/CMakeFiles/upp.dir/ETCALC.f.o
[ 18%] Building Fortran object sorc/ncep_post.fd/CMakeFiles/upp.dir/FGAMMA.f.o
[ 19%] Building Fortran object sorc/ncep_post.fd/CMakeFiles/upp.dir/GEO_ZENITH_ANGLE.f.o
[ 19%] Building Fortran object sorc/ncep_post.fd/CMakeFiles/upp.dir/GET_BITS.f.o
[ 20%] Building Fortran object sorc/ncep_post.fd/CMakeFiles/upp.dir/GETGBANDSCATTER.f.o
[ 20%] Building Fortran object sorc/ncep_post.fd/CMakeFiles/upp.dir/MSFPS.f.o
[ 20%] Building Fortran object sorc/ncep_post.fd/CMakeFiles/upp.dir/PARA_RANGE.f.o
[ 20%] Building Fortran object sorc/ncep_post.fd/CMakeFiles/upp.dir/POLEAVG.f.o
[ 20%] Building Fortran object sorc/ncep_post.fd/CMakeFiles/upp.dir/retrieve_index.f.o
[ 21%] Building Fortran object sorc/ncep_post.fd/CMakeFiles/upp.dir/SELECT_CHANNELS.f.o
[ 21%] Building Fortran object sorc/ncep_post.fd/CMakeFiles/upp.dir/SETUP_SERVERS.f.o
[ 22%] Building Fortran object sorc/ncep_post.fd/CMakeFiles/upp.dir/SMOOTH.f.o
[ 22%] Building Fortran object sorc/ncep_post.fd/CMakeFiles/upp.dir/SNFRAC.f.o
[ 23%] Building Fortran object sorc/ncep_post.fd/CMakeFiles/upp.dir/SNFRAC_GFS.f.o
[ 23%] Building Fortran object sorc/ncep_post.fd/CMakeFiles/upp.dir/SPLINE.f.o
[ 23%] Building Fortran object sorc/ncep_post.fd/CMakeFiles/upp.dir/TABLE.f.o
[ 24%] Building Fortran object sorc/ncep_post.fd/CMakeFiles/upp.dir/TABLEQ.f.o
[ 25%] Building Fortran object sorc/ncep_post.fd/CMakeFiles/upp.dir/gtg_algo.F90.o
[ 25%] Building Fortran object sorc/ncep_post.fd/CMakeFiles/upp.dir/gtg_compute.F90.o
[ 26%] Building Fortran object sorc/ncep_post.fd/CMakeFiles/upp.dir/gtg_cdf_mod.F90.o
[ 26%] Building Fortran object sorc/ncep_post.fd/CMakeFiles/upp.dir/gtg_ReadSetupParams.F90.o
[ 27%] Building Fortran object sorc/ncep_post.fd/CMakeFiles/upp.dir/gtg_mlmodel.F90.o
[ 27%] Building Fortran object sorc/ncep_post.fd/CMakeFiles/upp.dir/gtg_prob.F90.o
[ 28%] Building Fortran object sorc/ncep_post.fd/CMakeFiles/upp.dir/gtg_interp.F90.o
[ 29%] Building Fortran object sorc/ncep_post.fd/CMakeFiles/upp.dir/gtg_smoothseams.F90.o
[ 29%] Building Fortran object sorc/ncep_post.fd/CMakeFiles/upp.dir/map_routines.F90.o
[ 30%] Building Fortran object sorc/ncep_post.fd/CMakeFiles/upp.dir/UPP_MATH.f.o
[ 30%] Building Fortran object sorc/ncep_post.fd/CMakeFiles/upp.dir/xml_perl_data.f.o
[ 30%] Building Fortran object sorc/ncep_post.fd/CMakeFiles/upp.dir/AVIATION.f.o
[ 30%] Building Fortran object sorc/ncep_post.fd/CMakeFiles/upp.dir/AllGETHERV_GSD.f.o
[ 31%] Building Fortran object sorc/ncep_post.fd/CMakeFiles/upp.dir/BOUND.f.o
[ 32%] Building Fortran object sorc/ncep_post.fd/CMakeFiles/upp.dir/CALDRG.f.o
[ 32%] Building Fortran object sorc/ncep_post.fd/CMakeFiles/upp.dir/CALDWP.f.o
[ 33%] Building Fortran object sorc/ncep_post.fd/CMakeFiles/upp.dir/CALGUST.f.o
[ 33%] Building Fortran object sorc/ncep_post.fd/CMakeFiles/upp.dir/CALHEL.f.o
[ 34%] Building Fortran object sorc/ncep_post.fd/CMakeFiles/upp.dir/CALHEL2.f.o
[ 35%] Building Fortran object sorc/ncep_post.fd/CMakeFiles/upp.dir/CALHEL3.f.o
[ 35%] Building Fortran object sorc/ncep_post.fd/CMakeFiles/upp.dir/CALLCL.f.o
[ 36%] Building Fortran object sorc/ncep_post.fd/CMakeFiles/upp.dir/CALMCVG.f.o
[ 36%] Building Fortran object sorc/ncep_post.fd/CMakeFiles/upp.dir/CALMICT.f.o
[ 37%] Building Fortran object sorc/ncep_post.fd/CMakeFiles/upp.dir/CALPBL.f.o
[ 38%] Building Fortran object sorc/ncep_post.fd/CMakeFiles/upp.dir/CALPBLREGIME.f.o
[ 38%] Building Fortran object sorc/ncep_post.fd/CMakeFiles/upp.dir/CALPOT.f.o
[ 39%] Building Fortran object sorc/ncep_post.fd/CMakeFiles/upp.dir/CALRAD_WCLOUD_newcrtm.f.o
[ 39%] Building Fortran object sorc/ncep_post.fd/CMakeFiles/upp.dir/CALRCH.f.o
[ 40%] Building Fortran object sorc/ncep_post.fd/CMakeFiles/upp.dir/CALSTRM.f.o
[ 41%] Building Fortran object sorc/ncep_post.fd/CMakeFiles/upp.dir/CALTAU.f.o
[ 41%] Building Fortran object sorc/ncep_post.fd/CMakeFiles/upp.dir/CALTHTE.f.o
[ 42%] Building Fortran object sorc/ncep_post.fd/CMakeFiles/upp.dir/CALVESSEL.f.o
[ 42%] Building Fortran object sorc/ncep_post.fd/CMakeFiles/upp.dir/CALVIS.f.o
[ 43%] Building Fortran object sorc/ncep_post.fd/CMakeFiles/upp.dir/CALVIS_GSD.f.o
[ 44%] Building Fortran object sorc/ncep_post.fd/CMakeFiles/upp.dir/CALWXT_DOMINANT.f.o
[ 45%] Building Fortran object sorc/ncep_post.fd/CMakeFiles/upp.dir/CALWXT_EXPLICIT.f.o
[ 45%] Building Fortran object sorc/ncep_post.fd/CMakeFiles/upp.dir/CALWXT.f.o
[ 46%] Building Fortran object sorc/ncep_post.fd/CMakeFiles/upp.dir/CALWXT_RAMER.f.o
[ 47%] Building Fortran object sorc/ncep_post.fd/CMakeFiles/upp.dir/CALWXT_REVISED.f.o
[ 47%] Building Fortran object sorc/ncep_post.fd/CMakeFiles/upp.dir/CANRES.f.o
[ 48%] Building Fortran object sorc/ncep_post.fd/CMakeFiles/upp.dir/CLDFRAC_ZHAO.f.o
[ 48%] Building Fortran object sorc/ncep_post.fd/CMakeFiles/upp.dir/CLMAX.f.o
[ 49%] Building Fortran object sorc/ncep_post.fd/CMakeFiles/upp.dir/COLLECT.f.o
[ 49%] Building Fortran object sorc/ncep_post.fd/CMakeFiles/upp.dir/COLLECT_LOC.f.o
[ 50%] Building Fortran object sorc/ncep_post.fd/CMakeFiles/upp.dir/DEWPOINT.f.o
[ 51%] Building Fortran object sorc/ncep_post.fd/CMakeFiles/upp.dir/ETAMP_Q2F.f.o
[ 52%] Building Fortran object sorc/ncep_post.fd/CMakeFiles/upp.dir/EXCH.f.o
[ 52%] Building Fortran object sorc/ncep_post.fd/CMakeFiles/upp.dir/EXCH_c_float.f.o
[ 53%] Building Fortran object sorc/ncep_post.fd/CMakeFiles/upp.dir/FIXED.f.o
[ 54%] Building Fortran object sorc/ncep_post.fd/CMakeFiles/upp.dir/get_postfilename.f.o
[ 55%] Building Fortran object sorc/ncep_post.fd/CMakeFiles/upp.dir/GPVS.f.o
[ 56%] Building Fortran object sorc/ncep_post.fd/CMakeFiles/upp.dir/MAPSSLP.f.o
[ 56%] Building Fortran object sorc/ncep_post.fd/CMakeFiles/upp.dir/MDL2AGL.f.o
[ 57%] Building Fortran object sorc/ncep_post.fd/CMakeFiles/upp.dir/MDL2SIGMA2.f.o
[ 57%] Building Fortran object sorc/ncep_post.fd/CMakeFiles/upp.dir/MDL2SIGMA.f.o
[ 57%] Building Fortran object sorc/ncep_post.fd/CMakeFiles/upp.dir/MICROINIT.F.o
[ 57%] Building Fortran object sorc/ncep_post.fd/CMakeFiles/upp.dir/MIXLEN.f.o
[ 58%] Building Fortran object sorc/ncep_post.fd/CMakeFiles/upp.dir/MPI_FIRST.f.o
[ 59%] Building Fortran object sorc/ncep_post.fd/CMakeFiles/upp.dir/MPI_LAST.f.o
[ 60%] Building Fortran object sorc/ncep_post.fd/CMakeFiles/upp.dir/NGMFLD.f.o
[ 60%] Building Fortran object sorc/ncep_post.fd/CMakeFiles/upp.dir/NGMSLP.f.o
[ 60%] Building Fortran object sorc/ncep_post.fd/CMakeFiles/upp.dir/PARAMR.f.o
[ 60%] Building Fortran object sorc/ncep_post.fd/CMakeFiles/upp.dir/SCLFLD.f.o
[ 61%] Building Fortran object sorc/ncep_post.fd/CMakeFiles/upp.dir/SERVER.f.o
[ 62%] Building Fortran object sorc/ncep_post.fd/CMakeFiles/upp.dir/SLP_new.f.o
[ 63%] Building Fortran object sorc/ncep_post.fd/CMakeFiles/upp.dir/TRPAUS.f.o
[ 63%] Building Fortran object sorc/ncep_post.fd/CMakeFiles/upp.dir/TTBLEX.f.o
[ 64%] Building Fortran object sorc/ncep_post.fd/CMakeFiles/upp.dir/WETBULB.f.o
[ 65%] Building Fortran object sorc/ncep_post.fd/CMakeFiles/upp.dir/WETFRZLVL.f.o
[ 66%] Building Fortran object sorc/ncep_post.fd/CMakeFiles/upp.dir/ZENSUN.f.o
[ 67%] Building Fortran object sorc/ncep_post.fd/CMakeFiles/upp.dir/physcons.f.o
[ 67%] Building Fortran object sorc/ncep_post.fd/CMakeFiles/upp.dir/IFI.F.o
[ 68%] Building Fortran object sorc/ncep_post.fd/CMakeFiles/upp.dir/native_endianness.f.o
[ 69%] Building Fortran object sorc/ncep_post.fd/CMakeFiles/upp.dir/CALUPDHEL.f.o
[ 70%] Building Fortran object sorc/ncep_post.fd/CMakeFiles/upp.dir/DEALLOCATE.f.o
[ 70%] Building Fortran object sorc/ncep_post.fd/CMakeFiles/upp.dir/FILL_PSETFLD.f.o
[ 70%] Building Fortran object sorc/ncep_post.fd/CMakeFiles/upp.dir/SET_LVLSXML.f.o
[ 70%] Building Fortran object sorc/ncep_post.fd/CMakeFiles/upp.dir/grib2_module.f.o
[ 71%] Building Fortran object sorc/ncep_post.fd/CMakeFiles/upp.dir/ALLOCATE_ALL.f.o
[ 72%] Building Fortran object sorc/ncep_post.fd/CMakeFiles/upp.dir/GFSPOST.F.o
[ 73%] Building Fortran object sorc/ncep_post.fd/CMakeFiles/upp.dir/ICAOHEIGHT.f.o
[ 74%] Building Fortran object sorc/ncep_post.fd/CMakeFiles/upp.dir/PROCESS.f.o
[ 74%] Building Fortran object sorc/ncep_post.fd/CMakeFiles/upp.dir/GFIP3.f.o
[ 75%] Building Fortran object sorc/ncep_post.fd/CMakeFiles/upp.dir/READ_xml.f.o
[ 76%] Building Fortran object sorc/ncep_post.fd/CMakeFiles/upp.dir/SET_OUTFLDS.f.o
[ 76%] Building Fortran object sorc/ncep_post.fd/CMakeFiles/upp.dir/UPP_PHYSICS.f.o
[ 77%] Building Fortran object sorc/ncep_post.fd/CMakeFiles/upp.dir/BNDLYR.f.o
[ 78%] Building Fortran object sorc/ncep_post.fd/CMakeFiles/upp.dir/CALPW.f.o
[ 79%] Building Fortran object sorc/ncep_post.fd/CMakeFiles/upp.dir/CLDRAD.f.o
[ 80%] Building Fortran object sorc/ncep_post.fd/CMakeFiles/upp.dir/FDLVL.f.o
[ 80%] Building Fortran object sorc/ncep_post.fd/CMakeFiles/upp.dir/FRZLVL2.f.o
[ 81%] Building Fortran object sorc/ncep_post.fd/CMakeFiles/upp.dir/FRZLVL.f.o
[ 81%] Building Fortran object sorc/ncep_post.fd/CMakeFiles/upp.dir/LFMFLD.f.o
[ 82%] Building Fortran object sorc/ncep_post.fd/CMakeFiles/upp.dir/LFMFLD_GFS.f.o
[ 83%] Building Fortran object sorc/ncep_post.fd/CMakeFiles/upp.dir/MDL2P.f.o
[ 84%] Building Fortran object sorc/ncep_post.fd/CMakeFiles/upp.dir/MDL2THANDPV.f.o
[ 85%] Building Fortran object sorc/ncep_post.fd/CMakeFiles/upp.dir/MDLFLD.f.o
[ 86%] Building Fortran object sorc/ncep_post.fd/CMakeFiles/upp.dir/MISCLN.f.o
[ 87%] Building Fortran object sorc/ncep_post.fd/CMakeFiles/upp.dir/OTLFT.f.o
[ 88%] Building Fortran object sorc/ncep_post.fd/CMakeFiles/upp.dir/OTLIFT.f.o
[ 89%] Building Fortran object sorc/ncep_post.fd/CMakeFiles/upp.dir/SURFCE.f.o
[ 90%] Linking Fortran static library libupp.a
[ 90%] Built target upp
Scanning dependencies of target upp.x
[ 91%] Building Fortran object sorc/ncep_post.fd/CMakeFiles/upp.x.dir/wrf_io_flags.f.o
[ 92%] Building Fortran object sorc/ncep_post.fd/CMakeFiles/upp.x.dir/intio_tags.f.o
[ 93%] Building Fortran object sorc/ncep_post.fd/CMakeFiles/upp.x.dir/ASSIGNNEMSIOVAR.f.o
[ 93%] Building Fortran object sorc/ncep_post.fd/CMakeFiles/upp.x.dir/GETNEMSNDSCATTER.f.o
[ 94%] Building Fortran object sorc/ncep_post.fd/CMakeFiles/upp.x.dir/GFSPOSTSIG.F.o
[ 95%] Building Fortran object sorc/ncep_post.fd/CMakeFiles/upp.x.dir/INITPOST_GFS_NEMS_MPIIO.f.o
[ 95%] Building Fortran object sorc/ncep_post.fd/CMakeFiles/upp.x.dir/INITPOST_NETCDF.f.o
[ 96%] Building Fortran object sorc/ncep_post.fd/CMakeFiles/upp.x.dir/WRFPOST.f.o
[ 97%] Building Fortran object sorc/ncep_post.fd/CMakeFiles/upp.x.dir/getlvls.f.o
[ 97%] Building Fortran object sorc/ncep_post.fd/CMakeFiles/upp.x.dir/retrieve_index.f.o
[ 97%] Building Fortran object sorc/ncep_post.fd/CMakeFiles/upp.x.dir/INITPOST.F.o
[ 98%] Building Fortran object sorc/ncep_post.fd/CMakeFiles/upp.x.dir/INITPOST_NEMS.f.o
[ 99%] Building Fortran object sorc/ncep_post.fd/CMakeFiles/upp.x.dir/getIVariableN.f.o
[ 99%] Building Fortran object sorc/ncep_post.fd/CMakeFiles/upp.x.dir/getVariable.f.o
[100%] Linking Fortran executable upp.x
[100%] Built target upp.x
+ compile_upp.sh[117]make install
[ 90%] Built target upp
[100%] Built target upp.x
Install the project...
-- Install configuration: "Release"
-- Installing: /work2/noaa/stmp/GFS_CI_ROOT/ORION/PR/267/global-workflow/sorc/upp.fd/tests/install/bin/upp.x
-- Set runtime path of "/work2/noaa/stmp/GFS_CI_ROOT/ORION/PR/267/global-workflow/sorc/upp.fd/tests/install/bin/upp.x" to ""
-- Installing: /work2/noaa/stmp/GFS_CI_ROOT/ORION/PR/267/global-workflow/sorc/upp.fd/tests/install/include
-- Installing: /work2/noaa/stmp/GFS_CI_ROOT/ORION/PR/267/global-workflow/sorc/upp.fd/tests/install/include/upp_math.mod
-- Installing: /work2/noaa/stmp/GFS_CI_ROOT/ORION/PR/267/global-workflow/sorc/upp.fd/tests/install/include/native_endianness.mod
-- Installing: /work2/noaa/stmp/GFS_CI_ROOT/ORION/PR/267/global-workflow/sorc/upp.fd/tests/install/include/lookup_mod.mod
-- Installing: /work2/noaa/stmp/GFS_CI_ROOT/ORION/PR/267/global-workflow/sorc/upp.fd/tests/install/include/gridspec_mod.mod
-- Installing: /work2/noaa/stmp/GFS_CI_ROOT/ORION/PR/267/global-workflow/sorc/upp.fd/tests/install/include/severitymaps.mod
-- Installing: /work2/noaa/stmp/GFS_CI_ROOT/ORION/PR/267/global-workflow/sorc/upp.fd/tests/install/include/gtg_indices.mod
-- Installing: /work2/noaa/stmp/GFS_CI_ROOT/ORION/PR/267/global-workflow/sorc/upp.fd/tests/install/include/rqstfld_mod.mod
-- Installing: /work2/noaa/stmp/GFS_CI_ROOT/ORION/PR/267/global-workflow/sorc/upp.fd/tests/install/include/machine_post.mod
-- Installing: /work2/noaa/stmp/GFS_CI_ROOT/ORION/PR/267/global-workflow/sorc/upp.fd/tests/install/include/vrbls4d.mod
-- Installing: /work2/noaa/stmp/GFS_CI_ROOT/ORION/PR/267/global-workflow/sorc/upp.fd/tests/install/include/physcons_post.mod
-- Installing: /work2/noaa/stmp/GFS_CI_ROOT/ORION/PR/267/global-workflow/sorc/upp.fd/tests/install/include/cmassi_mod.mod
-- Installing: /work2/noaa/stmp/GFS_CI_ROOT/ORION/PR/267/global-workflow/sorc/upp.fd/tests/install/include/kinds.mod
-- Installing: /work2/noaa/stmp/GFS_CI_ROOT/ORION/PR/267/global-workflow/sorc/upp.fd/tests/install/include/ctlblk_mod.mod
-- Installing: /work2/noaa/stmp/GFS_CI_ROOT/ORION/PR/267/global-workflow/sorc/upp.fd/tests/install/include/grib2_module.mod
-- Installing: /work2/noaa/stmp/GFS_CI_ROOT/ORION/PR/267/global-workflow/sorc/upp.fd/tests/install/include/xml_perl_data.mod
-- Installing: /work2/noaa/stmp/GFS_CI_ROOT/ORION/PR/267/global-workflow/sorc/upp.fd/tests/install/include/vrbls3d.mod
-- Installing: /work2/noaa/stmp/GFS_CI_ROOT/ORION/PR/267/global-workflow/sorc/upp.fd/tests/install/include/derivedfields.mod
-- Installing: /work2/noaa/stmp/GFS_CI_ROOT/ORION/PR/267/global-workflow/sorc/upp.fd/tests/install/include/soil.mod
-- Installing: /work2/noaa/stmp/GFS_CI_ROOT/ORION/PR/267/global-workflow/sorc/upp.fd/tests/install/include/vrbls2d.mod
-- Installing: /work2/noaa/stmp/GFS_CI_ROOT/ORION/PR/267/global-workflow/sorc/upp.fd/tests/install/include/cloudlayers.mod
-- Installing: /work2/noaa/stmp/GFS_CI_ROOT/ORION/PR/267/global-workflow/sorc/upp.fd/tests/install/include/gtg_filter.mod
-- Installing: /work2/noaa/stmp/GFS_CI_ROOT/ORION/PR/267/global-workflow/sorc/upp.fd/tests/install/include/gtg_ctlblk.mod
-- Installing: /work2/noaa/stmp/GFS_CI_ROOT/ORION/PR/267/global-workflow/sorc/upp.fd/tests/install/include/rhgrd_mod.mod
-- Installing: /work2/noaa/stmp/GFS_CI_ROOT/ORION/PR/267/global-workflow/sorc/upp.fd/tests/install/include/masks.mod
-- Installing: /work2/noaa/stmp/GFS_CI_ROOT/ORION/PR/267/global-workflow/sorc/upp.fd/tests/install/include/params_mod.mod
-- Installing: /work2/noaa/stmp/GFS_CI_ROOT/ORION/PR/267/global-workflow/sorc/upp.fd/tests/install/include/upp_physics.mod
-- Installing: /work2/noaa/stmp/GFS_CI_ROOT/ORION/PR/267/global-workflow/sorc/upp.fd/tests/install/include/svptbl_mod.mod
-- Installing: /work2/noaa/stmp/GFS_CI_ROOT/ORION/PR/267/global-workflow/sorc/upp.fd/tests/install/include/cuparm_mod.mod
-- Installing: /work2/noaa/stmp/GFS_CI_ROOT/ORION/PR/267/global-workflow/sorc/upp.fd/tests/install/include/icingpotential.mod
-- Installing: /work2/noaa/stmp/GFS_CI_ROOT/ORION/PR/267/global-workflow/sorc/upp.fd/tests/install/include/pmicrph_mod.mod
-- Installing: /work2/noaa/stmp/GFS_CI_ROOT/ORION/PR/267/global-workflow/sorc/upp.fd/tests/install/include/icingseverity.mod
-- Installing: /work2/noaa/stmp/GFS_CI_ROOT/ORION/PR/267/global-workflow/sorc/upp.fd/tests/install/include/gtg_config.mod
-- Installing: /work2/noaa/stmp/GFS_CI_ROOT/ORION/PR/267/global-workflow/sorc/upp.fd/tests/install/include/upp_ifi_mod.mod
-- Installing: /work2/noaa/stmp/GFS_CI_ROOT/ORION/PR/267/global-workflow/sorc/upp.fd/tests/install/lib/libupp.a
-- Installing: /work2/noaa/stmp/GFS_CI_ROOT/ORION/PR/267/global-workflow/sorc/upp.fd/tests/install/share/postxconfig-NT-GFS.txt
-- Installing: /work2/noaa/stmp/GFS_CI_ROOT/ORION/PR/267/global-workflow/sorc/upp.fd/tests/install/share/postxconfig-NT-GFS-F00.txt
-- Installing: /work2/noaa/stmp/GFS_CI_ROOT/ORION/PR/267/global-workflow/sorc/upp.fd/tests/install/lib/cmake/upp/upp-config.cmake
-- Installing: /work2/noaa/stmp/GFS_CI_ROOT/ORION/PR/267/global-workflow/sorc/upp.fd/tests/install/lib/cmake/upp/upp-config-version.cmake
-- Installing: /work2/noaa/stmp/GFS_CI_ROOT/ORION/PR/267/global-workflow/sorc/upp.fd/tests/install/lib/cmake/upp/upp-targets.cmake
-- Installing: /work2/noaa/stmp/GFS_CI_ROOT/ORION/PR/267/global-workflow/sorc/upp.fd/tests/install/lib/cmake/upp/upp-targets-release.cmake
+ compile_upp.sh[119]rm -rf /work2/noaa/stmp/GFS_CI_ROOT/ORION/PR/267/global-workflow/sorc/upp.fd/exec
+ compile_upp.sh[119]mkdir -p /work2/noaa/stmp/GFS_CI_ROOT/ORION/PR/267/global-workflow/sorc/upp.fd/exec
+ compile_upp.sh[120]cp ../install/bin/upp.x /work2/noaa/stmp/GFS_CI_ROOT/ORION/PR/267/global-workflow/sorc/upp.fd/exec/.
