Begin atmos_products.sh at Thu Mar 21 21:47:40 UTC 2024
+ atmos_products.sh[11]: . /work2/noaa/stmp/CI/ORION/2422/gfs/ush/load_fv3gfs_modules.sh
++ load_fv3gfs_modules.sh[4]: [[ NO == \N\O ]]
++ load_fv3gfs_modules.sh[5]: echo 'Loading modules quietly...'
Loading modules quietly...
++ load_fv3gfs_modules.sh[6]: set +x
Resetting modules to system default. Reseting $MODULEPATH back to system default. All extra directories will be removed from $MODULEPATH.

Currently Loaded Modules:
  1) contrib/0.1                      41) grib-util/1.3.0
  2) intel/2022.1.2                   42) g2tmpl/1.10.2
  3) stack-intel/2022.0.2             43) gsi-ncdiag/1.1.2
  4) impi/2022.1.2                    44) crtm-fix/2.4.0.1_emc
  5) stack-intel-oneapi-mpi/2021.5.1  45) git-lfs/2.12.0
  6) gettext/0.19.8.1                 46) crtm/2.4.0.1
  7) libxcrypt/4.4.35                 47) openblas/0.3.24
  8) zlib/1.2.13                      48) py-setuptools/63.4.3
  9) sqlite/3.43.2                    49) py-numpy/1.23.4
 10) util-linux-uuid/2.38.1           50) bufr/11.7.0
 11) python/3.11.6                    51) gmake/3.82
 12) gempak/7.5.1                     52) wgrib2/2.0.8
 13) ncl/6.6.2                        53) py-cftime/1.0.3.4
 14) libjpeg/2.1.0                    54) py-netcdf4/1.5.8
 15) jasper/2.0.32                    55) libyaml/0.2.5
 16) libpng/1.6.37                    56) py-pyyaml/6.0
 17) openjpeg/2.3.1                   57) py-markupsafe/2.1.3
 18) eccodes/2.32.0                   58) py-jinja2/3.1.2
 19) fftw/3.3.10                      59) py-bottleneck/1.3.7
 20) nghttp2/1.57.0                   60) py-numexpr/2.8.4
 21) curl/8.4.0                       61) py-et-xmlfile/1.0.1
 22) proj/9.2.1                       62) py-openpyxl/3.1.2
 23) udunits/2.2.28                   63) py-pytz/2023.3
 24) cdo/2.0.5                        64) py-pyxlsb/1.0.10
 25) snappy/1.1.10                    65) py-xlrd/2.0.1
 26) zstd/1.5.2                       66) py-xlsxwriter/3.1.7
 27) c-blosc/1.21.5                   67) py-xlwt/1.3.0
 28) pkg-config/0.27.1                68) py-pandas/1.5.3
 29) hdf5/1.14.0                      69) py-six/1.16.0
 30) netcdf-c/4.9.2                   70) py-python-dateutil/2.8.2
 31) netcdf-fortran/4.6.1             71) g2c/1.6.4
 32) antlr/2.7.7                      72) netcdf-cxx4/4.3.1
 33) gsl/2.7.1                        73) met/9.1.3
 34) nco/5.0.6                        74) metplus/3.1.1
 35) bacio/2.4.1                      75) py-packaging/23.1
 36) w3emc/2.10.0                     76) py-xarray/2023.7.0
 37) prod_util/2.1.1                  77) prepobs/1.0.1
 38) g2/3.4.5                         78) fit2obs/1.0.0
 39) sp/2.5.0                         79) module_base.orion
 40) ip/4.3.0

 

+ atmos_products.sh[12]: status=0
+ atmos_products.sh[13]: ((  status != 0  ))
+ atmos_products.sh[15]: export job=atmos_products
+ atmos_products.sh[15]: job=atmos_products
+ atmos_products.sh[16]: export jobid=atmos_products.6175
+ atmos_products.sh[16]: jobid=atmos_products.6175
+ atmos[20]: IFS=_
+ atmos[20]: read -ra fhrs
+ atmos_products.sh[24]: for fhr in '"${fhrs[@]}"'
+ atmos_products.sh[27]: fhr=10#006
+ atmos_products.sh[28]: fhr=10#006
+ atmos_products.sh[29]: export FORECAST_HOUR=6
+ atmos_products.sh[29]: FORECAST_HOUR=6
+ atmos_products.sh[30]: /work2/noaa/stmp/CI/ORION/2422/gfs/jobs/JGLOBAL_ATMOS_PRODUCTS
Begin JGLOBAL_ATMOS_PRODUCTS at Thu Mar 21 21:47:43 UTC 2024
+ JGLOBAL_ATMOS_PRODUCTS[4]: source /work2/noaa/stmp/CI/ORION/2422/gfs/ush/jjob_header.sh -e atmos_products -c 'base atmos_products'
++ jjob_header.sh[44]: OPTIND=1
++ jjob_header.sh[45]: getopts c:e: option
++ jjob_header.sh[46]: case "${option}" in
++ jjob_header.sh[48]: env_job=atmos_products
++ jjob_header.sh[45]: getopts c:e: option
++ jjob_header.sh[46]: case "${option}" in
++ jjob_header.sh[47]: read -ra configs
++ jjob_header.sh[45]: getopts c:e: option
++ jjob_header.sh[59]: shift 4
++ jjob_header.sh[61]: [[ -z atmos_products ]]
++ jjob_header.sh[69]: export DATA=/work/noaa/stmp/mterry/RUNDIRS/C96_atm3DVar_1080f35d/atmos_products.6175
++ jjob_header.sh[69]: DATA=/work/noaa/stmp/mterry/RUNDIRS/C96_atm3DVar_1080f35d/atmos_products.6175
++ jjob_header.sh[70]: [[ YES == \Y\E\S ]]
++ jjob_header.sh[71]: rm -rf /work/noaa/stmp/mterry/RUNDIRS/C96_atm3DVar_1080f35d/atmos_products.6175
++ jjob_header.sh[73]: mkdir -p /work/noaa/stmp/mterry/RUNDIRS/C96_atm3DVar_1080f35d/atmos_products.6175
++ jjob_header.sh[74]: cd /work/noaa/stmp/mterry/RUNDIRS/C96_atm3DVar_1080f35d/atmos_products.6175
++ jjob_header.sh[80]: export cycle=t18z
++ jjob_header.sh[80]: cycle=t18z
++ jjob_header.sh[81]: setpdy.sh
sed: can't read /work2/noaa/stmp/CI/ORION/2422/RUNTESTS/COMROOT/date/t18z: No such file or directory
 completed cleanly
 completed cleanly
Source PDY script to export PDYm7, ..., PDY, ..., PDYp7 variables.
++ jjob_header.sh[82]: source ./PDY
+++ PDY[1]: export PDYm7=20211213
+++ PDY[1]: PDYm7=20211213
+++ PDY[2]: export PDYm6=20211214
+++ PDY[2]: PDYm6=20211214
+++ PDY[3]: export PDYm5=20211215
+++ PDY[3]: PDYm5=20211215
+++ PDY[4]: export PDYm4=20211216
+++ PDY[4]: PDYm4=20211216
+++ PDY[5]: export PDYm3=20211217
+++ PDY[5]: PDYm3=20211217
+++ PDY[6]: export PDYm2=20211218
+++ PDY[6]: PDYm2=20211218
+++ PDY[7]: export PDYm1=20211219
+++ PDY[7]: PDYm1=20211219
+++ PDY[8]: export PDY=20211220
+++ PDY[8]: PDY=20211220
+++ PDY[9]: export PDYp1=20211221
+++ PDY[9]: PDYp1=20211221
+++ PDY[10]: export PDYp2=20211222
+++ PDY[10]: PDYp2=20211222
+++ PDY[11]: export PDYp3=20211223
+++ PDY[11]: PDYp3=20211223
+++ PDY[12]: export PDYp4=20211224
+++ PDY[12]: PDYp4=20211224
+++ PDY[13]: export PDYp5=20211225
+++ PDY[13]: PDYp5=20211225
+++ PDY[14]: export PDYp6=20211226
+++ PDY[14]: PDYp6=20211226
+++ PDY[15]: export PDYp7=20211227
+++ PDY[15]: PDYp7=20211227
++ jjob_header.sh[88]: export pid=6574
++ jjob_header.sh[88]: pid=6574
++ jjob_header.sh[89]: export pgmout=OUTPUT.6574
++ jjob_header.sh[89]: pgmout=OUTPUT.6574
++ jjob_header.sh[90]: export pgmerr=errfile
++ jjob_header.sh[90]: pgmerr=errfile
++ jjob_header.sh[96]: export EXPDIR=/work2/noaa/stmp/CI/ORION/2422/RUNTESTS/EXPDIR/C96_atm3DVar_1080f35d
++ jjob_header.sh[96]: EXPDIR=/work2/noaa/stmp/CI/ORION/2422/RUNTESTS/EXPDIR/C96_atm3DVar_1080f35d
++ jjob_header.sh[97]: for config in '"${configs[@]:-'\'''\''}"'
++ jjob_header.sh[98]: source /work2/noaa/stmp/CI/ORION/2422/RUNTESTS/EXPDIR/C96_atm3DVar_1080f35d/config.base
+++ config.base[6]: echo 'BEGIN: config.base'
BEGIN: config.base
+++ config.base[9]: export machine=ORION
+++ config.base[9]: machine=ORION
+++ config.base[12]: export RUN_ENVIR=emc
+++ config.base[12]: RUN_ENVIR=emc
+++ config.base[15]: export ACCOUNT=nems
+++ config.base[15]: ACCOUNT=nems
+++ config.base[16]: export QUEUE=batch
+++ config.base[16]: QUEUE=batch
+++ config.base[17]: export QUEUE_SERVICE=batch
+++ config.base[17]: QUEUE_SERVICE=batch
+++ config.base[18]: export PARTITION_BATCH=orion
+++ config.base[18]: PARTITION_BATCH=orion
+++ config.base[19]: export PARTITION_SERVICE=service
+++ config.base[19]: PARTITION_SERVICE=service
+++ config.base[22]: export HPSS_PROJECT=emc-global
+++ config.base[22]: HPSS_PROJECT=emc-global
+++ config.base[25]: export HOMEgfs=/work2/noaa/stmp/CI/ORION/2422/gfs
+++ config.base[25]: HOMEgfs=/work2/noaa/stmp/CI/ORION/2422/gfs
+++ config.base[26]: export EXECgfs=/work2/noaa/stmp/CI/ORION/2422/gfs/exec
+++ config.base[26]: EXECgfs=/work2/noaa/stmp/CI/ORION/2422/gfs/exec
+++ config.base[27]: export FIXgfs=/work2/noaa/stmp/CI/ORION/2422/gfs/fix
+++ config.base[27]: FIXgfs=/work2/noaa/stmp/CI/ORION/2422/gfs/fix
+++ config.base[28]: export PARMgfs=/work2/noaa/stmp/CI/ORION/2422/gfs/parm
+++ config.base[28]: PARMgfs=/work2/noaa/stmp/CI/ORION/2422/gfs/parm
+++ config.base[29]: export SCRgfs=/work2/noaa/stmp/CI/ORION/2422/gfs/scripts
+++ config.base[29]: SCRgfs=/work2/noaa/stmp/CI/ORION/2422/gfs/scripts
+++ config.base[30]: export USHgfs=/work2/noaa/stmp/CI/ORION/2422/gfs/ush
+++ config.base[30]: USHgfs=/work2/noaa/stmp/CI/ORION/2422/gfs/ush
+++ config.base[35]: export PACKAGEROOT=/work/noaa/global/glopara/nwpara
+++ config.base[35]: PACKAGEROOT=/work/noaa/global/glopara/nwpara
+++ config.base[36]: export COMROOT=/work2/noaa/stmp/CI/ORION/2422/RUNTESTS/COMROOT
+++ config.base[36]: COMROOT=/work2/noaa/stmp/CI/ORION/2422/RUNTESTS/COMROOT
+++ config.base[37]: export COMINsyn=/work/noaa/global/glopara/com/gfs/prod/syndat
+++ config.base[37]: COMINsyn=/work/noaa/global/glopara/com/gfs/prod/syndat
+++ config.base[38]: export DMPDIR=/work/noaa/rstprod/dump
+++ config.base[38]: DMPDIR=/work/noaa/rstprod/dump
+++ config.base[39]: export BASE_CPLIC=/work/noaa/global/glopara/data/ICSDIR/prototype_ICs
+++ config.base[39]: BASE_CPLIC=/work/noaa/global/glopara/data/ICSDIR/prototype_ICs
+++ config.base[42]: export HOMEDIR=/work/noaa/global/mterry
+++ config.base[42]: HOMEDIR=/work/noaa/global/mterry
+++ config.base[43]: export STMP=/work/noaa/stmp/mterry
+++ config.base[43]: STMP=/work/noaa/stmp/mterry
+++ config.base[44]: export PTMP=/work/noaa/stmp/mterry
+++ config.base[44]: PTMP=/work/noaa/stmp/mterry
+++ config.base[45]: export NOSCRUB=/work/noaa/global/mterry
+++ config.base[45]: NOSCRUB=/work/noaa/global/mterry
+++ config.base[48]: export BASE_GIT=/work/noaa/global/glopara/git
+++ config.base[48]: BASE_GIT=/work/noaa/global/glopara/git
+++ config.base[51]: export DO_GOES=NO
+++ config.base[51]: DO_GOES=NO
+++ config.base[52]: export DO_BUFRSND=NO
+++ config.base[52]: DO_BUFRSND=NO
+++ config.base[53]: export DO_GEMPAK=NO
+++ config.base[53]: DO_GEMPAK=NO
+++ config.base[54]: export DO_AWIPS=NO
+++ config.base[54]: DO_AWIPS=NO
+++ config.base[55]: export DO_NPOESS=NO
+++ config.base[55]: DO_NPOESS=NO
+++ config.base[56]: export DO_TRACKER=YES
+++ config.base[56]: DO_TRACKER=YES
+++ config.base[57]: export DO_GENESIS=YES
+++ config.base[57]: DO_GENESIS=YES
+++ config.base[58]: export DO_GENESIS_FSU=NO
+++ config.base[58]: DO_GENESIS_FSU=NO
+++ config.base[59]: export DO_VERFOZN=YES
+++ config.base[59]: DO_VERFOZN=YES
+++ config.base[60]: export DO_VERFRAD=YES
+++ config.base[60]: DO_VERFRAD=YES
+++ config.base[61]: export DO_VMINMON=YES
+++ config.base[61]: DO_VMINMON=YES
+++ config.base[62]: export DO_MOS=NO
+++ config.base[62]: DO_MOS=NO
+++ config.base[68]: export REALTIME=YES
+++ config.base[68]: REALTIME=YES
+++ config.base[71]: export MODE=cycled
+++ config.base[71]: MODE=cycled
+++ config.base[80]: export HOMEpost=/work2/noaa/stmp/CI/ORION/2422/gfs
+++ config.base[80]: HOMEpost=/work2/noaa/stmp/CI/ORION/2422/gfs
+++ config.base[81]: export HOMEobsproc=/work/noaa/global/glopara/git/obsproc/v1.1.2
+++ config.base[81]: HOMEobsproc=/work/noaa/global/glopara/git/obsproc/v1.1.2
+++ config.base[84]: export 'NCP=/bin/cp -p'
+++ config.base[84]: NCP='/bin/cp -p'
+++ config.base[85]: export NMV=/bin/mv
+++ config.base[85]: NMV=/bin/mv
+++ config.base[86]: export 'NLN=/bin/ln -sf'
+++ config.base[86]: NLN='/bin/ln -sf'
+++ config.base[87]: export VERBOSE=YES
+++ config.base[87]: VERBOSE=YES
+++ config.base[88]: export KEEPDATA=NO
+++ config.base[88]: KEEPDATA=NO
+++ config.base[89]: export DEBUG_POSTSCRIPT=NO
+++ config.base[89]: DEBUG_POSTSCRIPT=NO
+++ config.base[90]: export CHGRP_RSTPROD=YES
+++ config.base[90]: CHGRP_RSTPROD=YES
+++ config.base[91]: export 'CHGRP_CMD=chgrp rstprod'
+++ config.base[91]: CHGRP_CMD='chgrp rstprod'
+++ config.base[92]: export NCDUMP=/work/noaa/epic/role-epic/spack-stack/orion/spack-stack-1.6.0/envs/unified-env/install/intel/2022.0.2/netcdf-c-4.9.2-4g3gg4n/bin/ncdump
+++ config.base[92]: NCDUMP=/work/noaa/epic/role-epic/spack-stack/orion/spack-stack-1.6.0/envs/unified-env/install/intel/2022.0.2/netcdf-c-4.9.2-4g3gg4n/bin/ncdump
+++ config.base[93]: export NCLEN=/work2/noaa/stmp/CI/ORION/2422/gfs/ush/getncdimlen
+++ config.base[93]: NCLEN=/work2/noaa/stmp/CI/ORION/2422/gfs/ush/getncdimlen
+++ config.base[96]: export BASE_ENV=/work2/noaa/stmp/CI/ORION/2422/gfs/env
+++ config.base[96]: BASE_ENV=/work2/noaa/stmp/CI/ORION/2422/gfs/env
+++ config.base[97]: export BASE_JOB=/work2/noaa/stmp/CI/ORION/2422/gfs/jobs/rocoto
+++ config.base[97]: BASE_JOB=/work2/noaa/stmp/CI/ORION/2422/gfs/jobs/rocoto
+++ config.base[100]: export SDATE=2021122018
+++ config.base[100]: SDATE=2021122018
+++ config.base[101]: export EDATE=2021122106
+++ config.base[101]: EDATE=2021122106
+++ config.base[102]: export EXP_WARM_START=.false.
+++ config.base[102]: EXP_WARM_START=.false.
+++ config.base[103]: export assim_freq=6
+++ config.base[103]: assim_freq=6
+++ config.base[104]: export PSLOT=C96_atm3DVar_1080f35d
+++ config.base[104]: PSLOT=C96_atm3DVar_1080f35d
+++ config.base[105]: export EXPDIR=/work2/noaa/stmp/CI/ORION/2422/RUNTESTS/EXPDIR/C96_atm3DVar_1080f35d
+++ config.base[105]: EXPDIR=/work2/noaa/stmp/CI/ORION/2422/RUNTESTS/EXPDIR/C96_atm3DVar_1080f35d
+++ config.base[106]: export ROTDIR=/work2/noaa/stmp/CI/ORION/2422/RUNTESTS/COMROOT/C96_atm3DVar_1080f35d
+++ config.base[106]: ROTDIR=/work2/noaa/stmp/CI/ORION/2422/RUNTESTS/COMROOT/C96_atm3DVar_1080f35d
+++ config.base[107]: export ROTDIR_DUMP=YES
+++ config.base[107]: ROTDIR_DUMP=YES
+++ config.base[108]: export DUMP_SUFFIX=
+++ config.base[108]: DUMP_SUFFIX=
+++ config.base[109]: [[ 2021122018 -ge 2019092100 ]]
+++ config.base[109]: [[ 2021122018 -le 2019110700 ]]
+++ config.base[112]: export DATAROOT=/work/noaa/stmp/mterry/RUNDIRS/C96_atm3DVar_1080f35d
+++ config.base[112]: DATAROOT=/work/noaa/stmp/mterry/RUNDIRS/C96_atm3DVar_1080f35d
+++ config.base[113]: export RUNDIR=/work/noaa/stmp/mterry/RUNDIRS/C96_atm3DVar_1080f35d
+++ config.base[113]: RUNDIR=/work/noaa/stmp/mterry/RUNDIRS/C96_atm3DVar_1080f35d
+++ config.base[114]: export ARCDIR=/work/noaa/global/mterry/archive/C96_atm3DVar_1080f35d
+++ config.base[114]: ARCDIR=/work/noaa/global/mterry/archive/C96_atm3DVar_1080f35d
+++ config.base[115]: export ATARDIR=/work/noaa/global/mterry/archive_rotdir/C96_atm3DVar_1080f35d
+++ config.base[115]: ATARDIR=/work/noaa/global/mterry/archive_rotdir/C96_atm3DVar_1080f35d
+++ config.base[118]: export envir=prod
+++ config.base[118]: envir=prod
+++ config.base[119]: export NET=gfs
+++ config.base[119]: NET=gfs
+++ config.base[120]: export RUN=gdas
+++ config.base[120]: RUN=gdas
+++ config.base[126]: source /work2/noaa/stmp/CI/ORION/2422/RUNTESTS/EXPDIR/C96_atm3DVar_1080f35d/config.com
++++ config.com[4]: echo 'BEGIN: config.com'
BEGIN: config.com
++++ config.com[37]: [[ emc == \n\c\o ]]
++++ config.com[41]: COM_OBS_TMPL='${ROTDIR}/${RUN}.${YMD}/${HH}/obs'
++++ config.com[42]: COM_RTOFS_TMPL='${DMPDIR}'
++++ config.com[44]: declare -rx COM_OBS_TMPL COM_RTOFS_TMPL
++++ config.com[45]: declare -rx 'COM_OBSDMP_TMPL=${DMPDIR}/${DUMP}${DUMP_SUFFIX}.${YMD}/${HH}/atmos'
++++ config.com[47]: COM_BASE='${ROTDIR}/${RUN}.${YMD}/${HH}/${MEMDIR}'
++++ config.com[49]: declare -rx 'COM_TOP_TMPL=${ROTDIR}/${RUN}.${YMD}/${HH}'
++++ config.com[51]: declare -rx 'COM_CONF_TMPL=${ROTDIR}/${RUN}.${YMD}/${HH}/${MEMDIR}/conf'
++++ config.com[52]: declare -rx 'COM_ATMOS_INPUT_TMPL=${ROTDIR}/${RUN}.${YMD}/${HH}/${MEMDIR}/model_data/atmos/input'
++++ config.com[53]: declare -rx 'COM_ATMOS_RESTART_TMPL=${ROTDIR}/${RUN}.${YMD}/${HH}/${MEMDIR}/model_data/atmos/restart'
++++ config.com[54]: declare -rx 'COM_ATMOS_ANALYSIS_TMPL=${ROTDIR}/${RUN}.${YMD}/${HH}/${MEMDIR}/analysis/atmos'
++++ config.com[55]: declare -rx 'COM_SNOW_ANALYSIS_TMPL=${ROTDIR}/${RUN}.${YMD}/${HH}/${MEMDIR}/analysis/snow'
++++ config.com[56]: declare -rx 'COM_ATMOS_HISTORY_TMPL=${ROTDIR}/${RUN}.${YMD}/${HH}/${MEMDIR}/model_data/atmos/history'
++++ config.com[57]: declare -rx 'COM_ATMOS_MASTER_TMPL=${ROTDIR}/${RUN}.${YMD}/${HH}/${MEMDIR}/model_data/atmos/master'
++++ config.com[58]: declare -rx 'COM_ATMOS_GRIB_TMPL=${ROTDIR}/${RUN}.${YMD}/${HH}/${MEMDIR}/products/atmos/grib2'
++++ config.com[59]: declare -rx 'COM_ATMOS_GRIB_GRID_TMPL=${ROTDIR}/${RUN}.${YMD}/${HH}/${MEMDIR}/products/atmos/grib2/${GRID}'
++++ config.com[60]: declare -rx 'COM_ATMOS_BUFR_TMPL=${ROTDIR}/${RUN}.${YMD}/${HH}/${MEMDIR}/products/atmos/bufr'
++++ config.com[61]: declare -rx 'COM_ATMOS_GEMPAK_TMPL=${ROTDIR}/${RUN}.${YMD}/${HH}/${MEMDIR}/products/atmos/gempak/${GRID}'
++++ config.com[62]: declare -rx 'COM_ATMOS_GENESIS_TMPL=${ROTDIR}/${RUN}.${YMD}/${HH}/${MEMDIR}/products/atmos/cyclone/genesis_vital'
++++ config.com[63]: declare -rx 'COM_ATMOS_TRACK_TMPL=${ROTDIR}/${RUN}.${YMD}/${HH}/${MEMDIR}/products/atmos/cyclone/tracks'
++++ config.com[64]: declare -rx 'COM_ATMOS_GOES_TMPL=${ROTDIR}/${RUN}.${YMD}/${HH}/${MEMDIR}/products/atmos/goes_sim'
++++ config.com[65]: declare -rx 'COM_ATMOS_IMAGERY_TMPL=${ROTDIR}/${RUN}.${YMD}/${HH}/${MEMDIR}/products/atmos/imagery'
++++ config.com[66]: declare -rx 'COM_ATMOS_OZNMON_TMPL=${ROTDIR}/${RUN}.${YMD}/${HH}/${MEMDIR}/products/atmos/oznmon'
++++ config.com[67]: declare -rx 'COM_ATMOS_RADMON_TMPL=${ROTDIR}/${RUN}.${YMD}/${HH}/${MEMDIR}/products/atmos/radmon'
++++ config.com[68]: declare -rx 'COM_ATMOS_MINMON_TMPL=${ROTDIR}/${RUN}.${YMD}/${HH}/${MEMDIR}/products/atmos/minmon'
++++ config.com[69]: declare -rx 'COM_ATMOS_WMO_TMPL=${ROTDIR}/${RUN}.${YMD}/${HH}/${MEMDIR}/products/atmos/wmo'
++++ config.com[71]: declare -rx 'COM_WAVE_RESTART_TMPL=${ROTDIR}/${RUN}.${YMD}/${HH}/${MEMDIR}/model_data/wave/restart'
++++ config.com[72]: declare -rx 'COM_WAVE_PREP_TMPL=${ROTDIR}/${RUN}.${YMD}/${HH}/${MEMDIR}/model_data/wave/prep'
++++ config.com[73]: declare -rx 'COM_WAVE_HISTORY_TMPL=${ROTDIR}/${RUN}.${YMD}/${HH}/${MEMDIR}/model_data/wave/history'
++++ config.com[74]: declare -rx 'COM_WAVE_GRID_TMPL=${ROTDIR}/${RUN}.${YMD}/${HH}/${MEMDIR}/products/wave/gridded'
++++ config.com[75]: declare -rx 'COM_WAVE_STATION_TMPL=${ROTDIR}/${RUN}.${YMD}/${HH}/${MEMDIR}/products/wave/station'
++++ config.com[76]: declare -rx 'COM_WAVE_GEMPAK_TMPL=${ROTDIR}/${RUN}.${YMD}/${HH}/${MEMDIR}/products/wave/gempak'
++++ config.com[77]: declare -rx 'COM_WAVE_WMO_TMPL=${ROTDIR}/${RUN}.${YMD}/${HH}/${MEMDIR}/products/wave/wmo'
++++ config.com[79]: declare -rx 'COM_OCEAN_HISTORY_TMPL=${ROTDIR}/${RUN}.${YMD}/${HH}/${MEMDIR}/model_data/ocean/history'
++++ config.com[80]: declare -rx 'COM_OCEAN_RESTART_TMPL=${ROTDIR}/${RUN}.${YMD}/${HH}/${MEMDIR}/model_data/ocean/restart'
++++ config.com[81]: declare -rx 'COM_OCEAN_INPUT_TMPL=${ROTDIR}/${RUN}.${YMD}/${HH}/${MEMDIR}/model_data/ocean/input'
++++ config.com[82]: declare -rx 'COM_OCEAN_ANALYSIS_TMPL=${ROTDIR}/${RUN}.${YMD}/${HH}/${MEMDIR}/analysis/ocean'
++++ config.com[83]: declare -rx 'COM_OCEAN_NETCDF_TMPL=${ROTDIR}/${RUN}.${YMD}/${HH}/${MEMDIR}/products/ocean/netcdf'
++++ config.com[84]: declare -rx 'COM_OCEAN_GRIB_TMPL=${ROTDIR}/${RUN}.${YMD}/${HH}/${MEMDIR}/products/ocean/grib2'
++++ config.com[85]: declare -rx 'COM_OCEAN_GRIB_GRID_TMPL=${ROTDIR}/${RUN}.${YMD}/${HH}/${MEMDIR}/products/ocean/grib2/${GRID}'
++++ config.com[87]: declare -rx 'COM_ICE_INPUT_TMPL=${ROTDIR}/${RUN}.${YMD}/${HH}/${MEMDIR}/model_data/ice/input'
++++ config.com[88]: declare -rx 'COM_ICE_HISTORY_TMPL=${ROTDIR}/${RUN}.${YMD}/${HH}/${MEMDIR}/model_data/ice/history'
++++ config.com[89]: declare -rx 'COM_ICE_RESTART_TMPL=${ROTDIR}/${RUN}.${YMD}/${HH}/${MEMDIR}/model_data/ice/restart'
++++ config.com[90]: declare -rx 'COM_ICE_NETCDF_TMPL=${ROTDIR}/${RUN}.${YMD}/${HH}/${MEMDIR}/products/ice/netcdf'
++++ config.com[91]: declare -rx 'COM_ICE_GRIB_TMPL=${ROTDIR}/${RUN}.${YMD}/${HH}/${MEMDIR}/products/ice/grib2'
++++ config.com[92]: declare -rx 'COM_ICE_GRIB_GRID_TMPL=${ROTDIR}/${RUN}.${YMD}/${HH}/${MEMDIR}/products/ice/grib2/${GRID}'
++++ config.com[94]: declare -rx 'COM_CHEM_HISTORY_TMPL=${ROTDIR}/${RUN}.${YMD}/${HH}/${MEMDIR}/model_data/chem/history'
++++ config.com[95]: declare -rx 'COM_CHEM_ANALYSIS_TMPL=${ROTDIR}/${RUN}.${YMD}/${HH}/${MEMDIR}/analysis/chem'
++++ config.com[97]: declare -rx 'COM_MED_RESTART_TMPL=${ROTDIR}/${RUN}.${YMD}/${HH}/${MEMDIR}/model_data/med/restart'
+++ config.base[129]: export 'ERRSCRIPT=eval [[ $err = 0 ]]'
+++ config.base[129]: ERRSCRIPT='eval [[ $err = 0 ]]'
+++ config.base[130]: export LOGSCRIPT=
+++ config.base[130]: LOGSCRIPT=
+++ config.base[133]: export 'REDOUT=1>'
+++ config.base[133]: REDOUT='1>'
+++ config.base[134]: export 'REDERR=2>'
+++ config.base[134]: REDERR='2>'
+++ config.base[136]: export SENDECF=NO
+++ config.base[136]: SENDECF=NO
+++ config.base[137]: export SENDSDM=NO
+++ config.base[137]: SENDSDM=NO
+++ config.base[138]: export SENDDBN_NTC=NO
+++ config.base[138]: SENDDBN_NTC=NO
+++ config.base[139]: export SENDDBN=NO
+++ config.base[139]: SENDDBN=NO
+++ config.base[140]: export DBNROOT=/work/noaa/epic/role-epic/spack-stack/orion/spack-stack-1.6.0/envs/unified-env/install/intel/2022.0.2/prod-util-2.1.1-hevcp3q/fakedbn
+++ config.base[140]: DBNROOT=/work/noaa/epic/role-epic/spack-stack/orion/spack-stack-1.6.0/envs/unified-env/install/intel/2022.0.2/prod-util-2.1.1-hevcp3q/fakedbn
+++ config.base[143]: export APP=ATM
+++ config.base[143]: APP=ATM
+++ config.base[146]: export DO_ATM=YES
+++ config.base[146]: DO_ATM=YES
+++ config.base[147]: export DO_COUPLED=NO
+++ config.base[147]: DO_COUPLED=NO
+++ config.base[148]: export DO_WAVE=NO
+++ config.base[148]: DO_WAVE=NO
+++ config.base[149]: export DO_OCN=NO
+++ config.base[149]: DO_OCN=NO
+++ config.base[150]: export DO_ICE=NO
+++ config.base[150]: DO_ICE=NO
+++ config.base[151]: export DO_AERO=NO
+++ config.base[151]: DO_AERO=NO
+++ config.base[152]: export WAVE_CDUMP=
+++ config.base[152]: WAVE_CDUMP=
+++ config.base[153]: export DOBNDPNT_WAVE=NO
+++ config.base[153]: DOBNDPNT_WAVE=NO
+++ config.base[154]: export FRAC_GRID=.true.
+++ config.base[154]: FRAC_GRID=.true.
+++ config.base[157]: export OPS_RES=C768
+++ config.base[157]: OPS_RES=C768
+++ config.base[160]: export LEVS=128
+++ config.base[160]: LEVS=128
+++ config.base[161]: export CASE=C96
+++ config.base[161]: CASE=C96
+++ config.base[162]: export CASE_ENS=@CASEENS@
+++ config.base[162]: CASE_ENS=@CASEENS@
+++ config.base[163]: export OCNRES=500
+++ config.base[163]: OCNRES=500
+++ config.base[164]: export ICERES=500
+++ config.base[164]: ICERES=500
+++ config.base[166]: case "${CASE}" in
+++ config.base[171]: export waveGRD=uglo_100km
+++ config.base[171]: waveGRD=uglo_100km
+++ config.base[185]: case "${APP}" in
+++ config.base[222]: [[ gdas =~ gdas ]]
+++ config.base[223]: export FHCYC=1
+++ config.base[223]: FHCYC=1
+++ config.base[224]: export FTSFS=10
+++ config.base[224]: FTSFS=10
+++ config.base[230]: export FHMIN=0
+++ config.base[230]: FHMIN=0
+++ config.base[231]: export FHMAX=9
+++ config.base[231]: FHMAX=9
+++ config.base[232]: export FHOUT=3
+++ config.base[232]: FHOUT=3
+++ config.base[233]: export FHOUT_OCNICE=3
+++ config.base[233]: FHOUT_OCNICE=3
+++ config.base[236]: export EUPD_CYC=gdas
+++ config.base[236]: EUPD_CYC=gdas
+++ config.base[239]: export gfs_cyc=1
+++ config.base[239]: gfs_cyc=1
+++ config.base[242]: export FHMIN_GFS=0
+++ config.base[242]: FHMIN_GFS=0
+++ config.base[243]: export FHMAX_GFS=120
+++ config.base[243]: FHMAX_GFS=120
+++ config.base[244]: export FHOUT_GFS=3
+++ config.base[244]: FHOUT_GFS=3
+++ config.base[245]: export FHMAX_HF_GFS=0
+++ config.base[245]: FHMAX_HF_GFS=0
+++ config.base[246]: export FHOUT_HF_GFS=1
+++ config.base[246]: FHOUT_HF_GFS=1
+++ config.base[247]: export FHOUT_OCNICE_GFS=6
+++ config.base[247]: FHOUT_OCNICE_GFS=6
+++ config.base[248]: ((  gfs_cyc != 0  ))
+++ config.base[249]: export STEP_GFS=24
+++ config.base[249]: STEP_GFS=24
+++ config.base[253]: export ILPOST=1
+++ config.base[253]: ILPOST=1
+++ config.base[256]: export restart_interval_gfs=12
+++ config.base[256]: restart_interval_gfs=12
+++ config.base[261]: export QUILTING=.true.
+++ config.base[261]: QUILTING=.true.
+++ config.base[262]: export OUTPUT_GRID=gaussian_grid
+++ config.base[262]: OUTPUT_GRID=gaussian_grid
+++ config.base[263]: export WRITE_DOPOST=.true.
+++ config.base[263]: WRITE_DOPOST=.true.
+++ config.base[264]: export WRITE_NSFLIP=.true.
+++ config.base[264]: WRITE_NSFLIP=.true.
+++ config.base[267]: export DOIAU=YES
+++ config.base[267]: DOIAU=YES
+++ config.base[268]: export IAUFHRS=3,6,9
+++ config.base[268]: IAUFHRS=3,6,9
+++ config.base[269]: export IAU_FHROT=3
+++ config.base[269]: IAU_FHROT=3
+++ config.base[270]: export IAU_DELTHRS=6
+++ config.base[270]: IAU_DELTHRS=6
+++ config.base[271]: export IAU_OFFSET=6
+++ config.base[271]: IAU_OFFSET=6
+++ config.base[272]: export DOIAU_ENKF=YES
+++ config.base[272]: DOIAU_ENKF=YES
+++ config.base[273]: export IAUFHRS_ENKF=3,6,9
+++ config.base[273]: IAUFHRS_ENKF=3,6,9
+++ config.base[274]: export IAU_DELTHRS_ENKF=6
+++ config.base[274]: IAU_DELTHRS_ENKF=6
+++ config.base[277]: export lobsdiag_forenkf=.true.
+++ config.base[277]: lobsdiag_forenkf=.true.
+++ config.base[285]: export imp_physics=8
+++ config.base[285]: imp_physics=8
+++ config.base[289]: export DO_JEDIATMVAR=NO
+++ config.base[289]: DO_JEDIATMVAR=NO
+++ config.base[290]: export DO_JEDIATMENS=NO
+++ config.base[290]: DO_JEDIATMENS=NO
+++ config.base[291]: export DO_JEDIOCNVAR=NO
+++ config.base[291]: DO_JEDIOCNVAR=NO
+++ config.base[292]: export DO_JEDISNOWDA=NO
+++ config.base[292]: DO_JEDISNOWDA=NO
+++ config.base[293]: export DO_MERGENSST=NO
+++ config.base[293]: DO_MERGENSST=NO
+++ config.base[296]: export DOHYBVAR=NO
+++ config.base[296]: DOHYBVAR=NO
+++ config.base[297]: export NMEM_ENS=0
+++ config.base[297]: NMEM_ENS=0
+++ config.base[298]: export NMEM_ENS_GFS=0
+++ config.base[298]: NMEM_ENS_GFS=0
+++ config.base[299]: export SMOOTH_ENKF=NO
+++ config.base[299]: SMOOTH_ENKF=NO
+++ config.base[300]: export l4densvar=.true.
+++ config.base[300]: l4densvar=.true.
+++ config.base[301]: export lwrite4danl=.true.
+++ config.base[301]: lwrite4danl=.true.
+++ config.base[304]: [[ NO = \Y\E\S ]]
+++ config.base[318]: [[ NO == \N\O ]]
+++ config.base[318]: [[ YES == \Y\E\S ]]
+++ config.base[319]: export IAUFHRS=6
+++ config.base[319]: IAUFHRS=6
+++ config.base[320]: export IAU_FHROT=3
+++ config.base[320]: IAU_FHROT=3
+++ config.base[321]: export IAU_FILTER_INCREMENTS=.true.
+++ config.base[321]: IAU_FILTER_INCREMENTS=.true.
+++ config.base[322]: export IAUFHRS_ENKF=6
+++ config.base[322]: IAUFHRS_ENKF=6
+++ config.base[326]: [[ cycled = \c\y\c\l\e\d ]]
+++ config.base[326]: [[ 2021122018 = \2\0\2\1\1\2\2\0\1\8 ]]
+++ config.base[326]: [[ .false. = \.\f\a\l\s\e\. ]]
+++ config.base[327]: export IAU_OFFSET=0
+++ config.base[327]: IAU_OFFSET=0
+++ config.base[328]: export IAU_FHROT=0
+++ config.base[328]: IAU_FHROT=0
+++ config.base[329]: export IAUFHRS=6
+++ config.base[329]: IAUFHRS=6
+++ config.base[332]: [[ YES = \N\O ]]
+++ config.base[334]: export GSI_SOILANAL=NO
+++ config.base[334]: GSI_SOILANAL=NO
+++ config.base[337]: export DONST=YES
+++ config.base[337]: DONST=YES
+++ config.base[338]: [[ YES = \Y\E\S ]]
+++ config.base[338]: export 'FNTSFA=        '
+++ config.base[338]: FNTSFA='        '
+++ config.base[341]: export nst_anl=.true.
+++ config.base[341]: nst_anl=.true.
+++ config.base[344]: export MAKE_NSSTBUFR=NO
+++ config.base[344]: MAKE_NSSTBUFR=NO
+++ config.base[347]: export MAKE_ACFTBUFR=NO
+++ config.base[347]: MAKE_ACFTBUFR=NO
+++ config.base[350]: export 'INCREMENTS_TO_ZERO='\''liq_wat_inc'\'','\''icmr_inc'\'','\''rwmr_inc'\'','\''snmr_inc'\'','\''grle_inc'\'''
+++ config.base[350]: INCREMENTS_TO_ZERO=''\''liq_wat_inc'\'','\''icmr_inc'\'','\''rwmr_inc'\'','\''snmr_inc'\'','\''grle_inc'\'''
+++ config.base[353]: export DO_CALC_INCREMENT_ENKF_GFS=YES
+++ config.base[353]: DO_CALC_INCREMENT_ENKF_GFS=YES
+++ config.base[356]: export 'INCVARS_ZERO_STRAT='\''sphum_inc'\'','\''liq_wat_inc'\'','\''icmr_inc'\'','\''rwmr_inc'\'','\''snmr_inc'\'','\''grle_inc'\'''
+++ config.base[356]: INCVARS_ZERO_STRAT=''\''sphum_inc'\'','\''liq_wat_inc'\'','\''icmr_inc'\'','\''rwmr_inc'\'','\''snmr_inc'\'','\''grle_inc'\'''
+++ config.base[357]: export INCVARS_EFOLD=5
+++ config.base[357]: INCVARS_EFOLD=5
+++ config.base[362]: export netcdf_diag=.true.
+++ config.base[362]: netcdf_diag=.true.
+++ config.base[363]: export binary_diag=.false.
+++ config.base[363]: binary_diag=.false.
+++ config.base[366]: export DO_METP=YES
+++ config.base[366]: DO_METP=YES
+++ config.base[367]: export DO_FIT2OBS=YES
+++ config.base[367]: DO_FIT2OBS=YES
slurmstepd: error: *** JOB 17190050 ON Orion-20-21 CANCELLED AT 2024-03-21T16:47:49 ***
