Begin fcst.sh at Thu Mar 21 21:47:40 UTC 2024
+ fcst.sh[8]: source /work2/noaa/stmp/CI/ORION/2422/gefs/ush/detect_machine.sh
++ detect_machine.sh[12]: [[ -n '' ]]
++ detect_machine.sh[15]: case $(hostname -f) in
+++ detect_machine.sh[15]: hostname -f
++ detect_machine.sh[47]: MACHINE_ID=UNKNOWN
++ detect_machine.sh[50]: [[ UNKNOWN == \U\N\K\N\O\W\N ]]
++ detect_machine.sh[51]: case ${PW_CSP:-} in
++ detect_machine.sh[53]: PW_CSP=UNKNOWN
++ detect_machine.sh[58]: MACHINE_ID=UNKNOWN
++ detect_machine.sh[61]: [[ UNKNOWN != \U\N\K\N\O\W\N ]]
++ detect_machine.sh[66]: [[ -d /lfs/h3 ]]
++ detect_machine.sh[69]: [[ -d /lfs/h1 ]]
++ detect_machine.sh[72]: [[ -d /mnt/lfs1 ]]
++ detect_machine.sh[75]: [[ -d /scratch1 ]]
++ detect_machine.sh[78]: [[ -d /work ]]
++ detect_machine.sh[80]: [[ -d /apps/other ]]
++ detect_machine.sh[84]: MACHINE_ID=orion
+ fcst.sh[9]: [[ orion == \w\c\o\s\s\2 ]]
+ fcst.sh[12]: . /work2/noaa/stmp/CI/ORION/2422/gefs/ush/load_fv3gfs_modules.sh
++ load_fv3gfs_modules.sh[4]: [[ NO == \N\O ]]
++ load_fv3gfs_modules.sh[5]: echo 'Loading modules quietly...'
Loading modules quietly...
++ load_fv3gfs_modules.sh[6]: set +x
Resetting modules to system default. Reseting $MODULEPATH back to system default. All extra directories will be removed from $MODULEPATH.

Currently Loaded Modules:
  1) contrib/0.1                      41) grib-util/1.3.0
  2) intel/2022.1.2                   42) g2tmpl/1.10.2
  3) stack-intel/2022.0.2             43) gsi-ncdiag/1.1.2
  4) impi/2022.1.2                    44) crtm-fix/2.4.0.1_emc
  5) stack-intel-oneapi-mpi/2021.5.1  45) git-lfs/2.12.0
  6) gettext/0.19.8.1                 46) crtm/2.4.0.1
  7) libxcrypt/4.4.35                 47) openblas/0.3.24
  8) zlib/1.2.13                      48) py-setuptools/63.4.3
  9) sqlite/3.43.2                    49) py-numpy/1.23.4
 10) util-linux-uuid/2.38.1           50) bufr/11.7.0
 11) python/3.11.6                    51) gmake/3.82
 12) gempak/7.5.1                     52) wgrib2/2.0.8
 13) ncl/6.6.2                        53) py-cftime/1.0.3.4
 14) libjpeg/2.1.0                    54) py-netcdf4/1.5.8
 15) jasper/2.0.32                    55) libyaml/0.2.5
 16) libpng/1.6.37                    56) py-pyyaml/6.0
 17) openjpeg/2.3.1                   57) py-markupsafe/2.1.3
 18) eccodes/2.32.0                   58) py-jinja2/3.1.2
 19) fftw/3.3.10                      59) py-bottleneck/1.3.7
 20) nghttp2/1.57.0                   60) py-numexpr/2.8.4
 21) curl/8.4.0                       61) py-et-xmlfile/1.0.1
 22) proj/9.2.1                       62) py-openpyxl/3.1.2
 23) udunits/2.2.28                   63) py-pytz/2023.3
 24) cdo/2.0.5                        64) py-pyxlsb/1.0.10
 25) snappy/1.1.10                    65) py-xlrd/2.0.1
 26) zstd/1.5.2                       66) py-xlsxwriter/3.1.7
 27) c-blosc/1.21.5                   67) py-xlwt/1.3.0
 28) pkg-config/0.27.1                68) py-pandas/1.5.3
 29) hdf5/1.14.0                      69) py-six/1.16.0
 30) netcdf-c/4.9.2                   70) py-python-dateutil/2.8.2
 31) netcdf-fortran/4.6.1             71) g2c/1.6.4
 32) antlr/2.7.7                      72) netcdf-cxx4/4.3.1
 33) gsl/2.7.1                        73) met/9.1.3
 34) nco/5.0.6                        74) metplus/3.1.1
 35) bacio/2.4.1                      75) py-packaging/23.1
 36) w3emc/2.10.0                     76) py-xarray/2023.7.0
 37) prod_util/2.1.1                  77) prepobs/1.0.1
 38) g2/3.4.5                         78) fit2obs/1.0.0
 39) sp/2.5.0                         79) module_base.orion
 40) ip/4.3.0

 

+ fcst.sh[14]: status=0
+ fcst.sh[15]: [[ 0 -ne 0 ]]
+ fcst.sh[17]: export job=fcst
+ fcst.sh[17]: job=fcst
+ fcst.sh[18]: export jobid=fcst.225908
+ fcst.sh[18]: jobid=fcst.225908
+ fcst.sh[21]: /work2/noaa/stmp/CI/ORION/2422/gefs/jobs/JGLOBAL_FORECAST
Begin JGLOBAL_FORECAST at Thu Mar 21 21:47:43 UTC 2024
+ JGLOBAL_FORECAST[4]: ((  10#0 > 0  ))
+ JGLOBAL_FORECAST[7]: source /work2/noaa/stmp/CI/ORION/2422/gefs/ush/jjob_header.sh -e fcst -c 'base fcst'
++ jjob_header.sh[44]: OPTIND=1
++ jjob_header.sh[45]: getopts c:e: option
++ jjob_header.sh[46]: case "${option}" in
++ jjob_header.sh[48]: env_job=fcst
++ jjob_header.sh[45]: getopts c:e: option
++ jjob_header.sh[46]: case "${option}" in
++ jjob_header.sh[47]: read -ra configs
++ jjob_header.sh[45]: getopts c:e: option
++ jjob_header.sh[59]: shift 4
slurmstepd: error: *** JOB 17190051 ON Orion-20-22 CANCELLED AT 2024-03-21T16:47:43 ***
