Begin fcst.sh at Mon Jul  8 18:42:03 UTC 2024
+ fcst.sh[8]: source /scratch1/NCEPDEV/global/CI/2734/gfs/ush/detect_machine.sh
++ detect_machine.sh[12]: [[ -n '' ]]
++ detect_machine.sh[15]: case $(hostname -f) in
+++ detect_machine.sh[15]: hostname -f
++ detect_machine.sh[45]: MACHINE_ID=UNKNOWN
++ detect_machine.sh[48]: [[ UNKNOWN == \U\N\K\N\O\W\N ]]
++ detect_machine.sh[49]: case ${PW_CSP:-} in
++ detect_machine.sh[51]: PW_CSP=UNKNOWN
++ detect_machine.sh[56]: MACHINE_ID=UNKNOWN
++ detect_machine.sh[59]: [[ UNKNOWN != \U\N\K\N\O\W\N ]]
++ detect_machine.sh[64]: [[ -d /lfs/h3 ]]
++ detect_machine.sh[67]: [[ -d /lfs/h1 ]]
++ detect_machine.sh[70]: [[ -d /mnt/lfs1 ]]
++ detect_machine.sh[73]: [[ -d /scratch1 ]]
++ detect_machine.sh[75]: MACHINE_ID=hera
+ fcst.sh[9]: [[ hera == \w\c\o\s\s\2 ]]
+ fcst.sh[12]: . /scratch1/NCEPDEV/global/CI/2734/gfs/ush/load_fv3gfs_modules.sh
++ load_fv3gfs_modules.sh[4]: [[ NO == \N\O ]]
++ load_fv3gfs_modules.sh[5]: echo 'Loading modules quietly...'
Loading modules quietly...
++ load_fv3gfs_modules.sh[6]: set +x
Running "module reset". Resetting modules to system default. The following $MODULEPATH directories have been removed: None

Currently Loaded Modules:
  1) contrib                          43) ip/4.3.0
  2) intel/2022.1.2                   44) grib-util/1.3.0
  3) stack-intel/2021.5.0             45) g2tmpl/1.10.2
  4) impi/2022.1.2                    46) gsi-ncdiag/1.1.2
  5) stack-intel-oneapi-mpi/2021.5.1  47) crtm-fix/2.4.0.1_emc
  6) gettext/0.19.8.1                 48) git-lfs/2.10.0
  7) libxcrypt/4.4.35                 49) crtm/2.4.0.1
  8) zlib/1.2.13                      50) openblas/0.3.24
  9) sqlite/3.43.2                    51) py-setuptools/63.4.3
 10) util-linux-uuid/2.38.1           52) py-numpy/1.23.4
 11) python/3.11.6                    53) bufr/11.7.0
 12) hpss/hpss                        54) gmake/3.82
 13) gempak/7.17.0                    55) wgrib2/2.0.8
 14) ncl/6.6.2                        56) py-f90nml/1.4.3
 15) libjpeg/2.1.0                    57) py-cftime/1.0.3.4
 16) jasper/2.0.32                    58) py-netcdf4/1.5.8
 17) libpng/1.6.37                    59) libyaml/0.2.5
 18) openjpeg/2.3.1                   60) py-pyyaml/6.0
 19) eccodes/2.32.0                   61) py-markupsafe/2.1.3
 20) fftw/3.3.10                      62) py-jinja2/3.1.2
 21) nghttp2/1.57.0                   63) py-bottleneck/1.3.7
 22) curl/8.4.0                       64) py-numexpr/2.8.4
 23) proj/8.1.0                       65) py-et-xmlfile/1.0.1
 24) udunits/2.2.28                   66) py-openpyxl/3.1.2
 25) cdo/2.2.0                        67) py-pytz/2023.3
 26) R/3.6.1                          68) py-pyxlsb/1.0.10
 27) perl/5.38.0                      69) py-xlrd/2.0.1
 28) pkg-config/0.27.1                70) py-xlsxwriter/3.1.7
 29) hdf5/1.14.0                      71) py-xlwt/1.3.0
 30) snappy/1.1.10                    72) py-pandas/1.5.3
 31) zstd/1.5.2                       73) py-six/1.16.0
 32) c-blosc/1.21.5                   74) py-python-dateutil/2.8.2
 33) netcdf-c/4.9.2                   75) g2c/1.6.4
 34) netcdf-fortran/4.6.1             76) netcdf-cxx4/4.3.1
 35) antlr/2.7.7                      77) met/9.1.3
 36) gsl/2.7.1                        78) metplus/3.1.1
 37) nco/5.0.6                        79) py-packaging/23.1
 38) bacio/2.4.1                      80) py-xarray/2023.7.0
 39) w3emc/2.10.0                     81) prepobs/1.0.1
 40) prod_util/2.1.1                  82) fit2obs/1.1.1
 41) g2/3.4.5                         83) module_base.hera
 42) sp/2.5.0

 

+ fcst.sh[14]: status=0
+ fcst.sh[15]: [[ 0 -ne 0 ]]
+ fcst.sh[17]: export job=fcst
+ fcst.sh[17]: job=fcst
+ fcst.sh[18]: export jobid=fcst.1117714
+ fcst.sh[18]: jobid=fcst.1117714
+ fcst.sh[21]: /scratch1/NCEPDEV/global/CI/2734/gfs/jobs/JGLOBAL_FORECAST
Begin JGLOBAL_FORECAST at Mon Jul  8 18:42:06 UTC 2024
+ JGLOBAL_FORECAST[5]: ((  10#0 > 0  ))
+ JGLOBAL_FORECAST[10]: export DATAjob=/scratch2/NCEPDEV/global/CI/STMP/RUNDIRS/C48mx500_3DVarAOWCDA_692341ed/gdasfcst.2021032412
+ JGLOBAL_FORECAST[10]: DATAjob=/scratch2/NCEPDEV/global/CI/STMP/RUNDIRS/C48mx500_3DVarAOWCDA_692341ed/gdasfcst.2021032412
+ JGLOBAL_FORECAST[11]: export DATA=/scratch2/NCEPDEV/global/CI/STMP/RUNDIRS/C48mx500_3DVarAOWCDA_692341ed/gdasfcst.2021032412/fcst.1117714
+ JGLOBAL_FORECAST[11]: DATA=/scratch2/NCEPDEV/global/CI/STMP/RUNDIRS/C48mx500_3DVarAOWCDA_692341ed/gdasfcst.2021032412/fcst.1117714
+ JGLOBAL_FORECAST[12]: source /scratch1/NCEPDEV/global/CI/2734/gfs/ush/jjob_header.sh -e fcst -c 'base fcst'
++ jjob_header.sh[44]: OPTIND=1
++ jjob_header.sh[45]: getopts c:e: option
++ jjob_header.sh[46]: case "${option}" in
++ jjob_header.sh[48]: env_job=fcst
++ jjob_header.sh[45]: getopts c:e: option
++ jjob_header.sh[46]: case "${option}" in
++ jjob_header.sh[47]: read -ra configs
++ jjob_header.sh[45]: getopts c:e: option
++ jjob_header.sh[59]: shift 4
++ jjob_header.sh[61]: [[ -z fcst ]]
++ jjob_header.sh[69]: export DATA=/scratch2/NCEPDEV/global/CI/STMP/RUNDIRS/C48mx500_3DVarAOWCDA_692341ed/gdasfcst.2021032412/fcst.1117714
++ jjob_header.sh[69]: DATA=/scratch2/NCEPDEV/global/CI/STMP/RUNDIRS/C48mx500_3DVarAOWCDA_692341ed/gdasfcst.2021032412/fcst.1117714
++ jjob_header.sh[70]: [[ YES == \Y\E\S ]]
++ jjob_header.sh[71]: rm -rf /scratch2/NCEPDEV/global/CI/STMP/RUNDIRS/C48mx500_3DVarAOWCDA_692341ed/gdasfcst.2021032412/fcst.1117714
++ jjob_header.sh[73]: mkdir -p /scratch2/NCEPDEV/global/CI/STMP/RUNDIRS/C48mx500_3DVarAOWCDA_692341ed/gdasfcst.2021032412/fcst.1117714
mkdir: cannot create directory '/scratch2/NCEPDEV/global': Permission denied
+ jjob_header.sh[1]: postamble JGLOBAL_FORECAST 1720464126 1
+ preamble.sh[70]: set +x
End JGLOBAL_FORECAST at 18:42:06 with error code 1 (time elapsed: 00:00:00)
+ fcst.sh[1]: postamble fcst.sh 1720464123 1
+ preamble.sh[70]: set +x
End fcst.sh at 18:42:06 with error code 1 (time elapsed: 00:00:03)
_______________________________________________________________
Start Epilog on node h11c54 for job 63091867 :: Mon Jul  8 18:42:07 UTC 2024
Job 63091867 finished for user Terry.McGuinness in partition hera with exit code 1:0
_______________________________________________________________
End Epilogue Mon Jul  8 18:42:07 UTC 2024
