PBS: Running prologue on parent mom node: nid001203...
Job 134110268.cbqs01 nodelist: nid001203
+ /lfs/h2/emc/global/noscrub/globalworkflow.ci/GFS_CI_ROOT/PR/2644/global-workflow/jobs/rocoto/atmos_products.sh
Begin atmos_products.sh at Mon Jun  3 08:55:22 UTC 2024
+ atmos_products.sh[11]: . /lfs/h2/emc/global/noscrub/globalworkflow.ci/GFS_CI_ROOT/PR/2644/global-workflow/ush/load_fv3gfs_modules.sh
++ load_fv3gfs_modules.sh[4]: [[ NO == \N\O ]]
++ load_fv3gfs_modules.sh[5]: echo 'Loading modules quietly...'
Loading modules quietly...
++ load_fv3gfs_modules.sh[6]: set +x
Resetting modules to system default. Reseting $MODULEPATH back to system default. All extra directories will be removed from $MODULEPATH.

Currently Loaded Modules:
  1) craype-x86-rome     (H)  13) perl/5.32.0        25) met/9.1.3
  2) libfabric/1.11.0.0. (H)  14) libjpeg/9c         26) metplus/3.1.1
  3) craype-network-ofi  (H)  15) udunits/2.2.28     27) prepobs/1.0.1
  4) envvar/1.0               16) gsl/2.7            28) fit2obs/1.0.0
  5) PrgEnv-intel/8.1.0       17) cdo/1.9.8          29) mos_shared/2.7.2
  6) craype/2.7.13            18) hdf5/1.10.6        30) module_base.wcoss2
  7) intel/19.1.3.304         19) netcdf/4.7.4       31) grib_util/1.2.3
  8) cray-mpich/8.1.9         20) nco/4.7.9          32) g2tmpl/1.10.2
  9) cray-pals/1.0.17         21) prod_util/2.0.9    33) crtm/2.4.0.1
 10) cfp/2.0.4                22) bufr_dump/1.0.0    34) wgrib2/2.0.8
 11) python/3.8.6             23) util_shared/1.4.0
 12) gempak/7.14.1            24) ncdiag/1.0.0

  Where:
   H:  Hidden Module

 

+ atmos_products.sh[12]: status=0
+ atmos_products.sh[13]: ((  status != 0  ))
+ atmos_products.sh[15]: export job=atmos_products
+ atmos_products.sh[15]: job=atmos_products
+ atmos_products.sh[16]: export jobid=atmos_products.182911
+ atmos_products.sh[16]: jobid=atmos_products.182911
basename: extra operand ‘ROOT/PR/2644/global-workflow/jobs/rocoto/atmos’
Try 'basename --help' for more information.
+ [20]: IFS=_
basename: extra operand ‘ROOT/PR/2644/global-workflow/jobs/rocoto/atmos’
Try 'basename --help' for more information.
+ [20]: read -ra fhrs
+ atmos_products.sh[24]: for fhr in "${fhrs[@]}"
+ atmos_products.sh[27]: fhr=10#261
+ atmos_products.sh[28]: fhr=10#261
+ atmos_products.sh[29]: export FORECAST_HOUR=261
+ atmos_products.sh[29]: FORECAST_HOUR=261
+ atmos_products.sh[30]: /lfs/h2/emc/global/noscrub/globalworkflow.ci/GFS_CI_ROOT/PR/2644/global-workflow/jobs/JGLOBAL_ATMOS_PRODUCTS
Begin JGLOBAL_ATMOS_PRODUCTS at Mon Jun  3 08:55:24 UTC 2024
+ JGLOBAL_ATMOS_PRODUCTS[4]: source /lfs/h2/emc/global/noscrub/globalworkflow.ci/GFS_CI_ROOT/PR/2644/global-workflow/ush/jjob_header.sh -e atmos_products -c 'base atmos_products'
++ jjob_header.sh[44]: OPTIND=1
++ jjob_header.sh[45]: getopts c:e: option
++ jjob_header.sh[46]: case "${option}" in
++ jjob_header.sh[48]: env_job=atmos_products
++ jjob_header.sh[45]: getopts c:e: option
++ jjob_header.sh[46]: case "${option}" in
++ jjob_header.sh[47]: read -ra configs
++ jjob_header.sh[45]: getopts c:e: option
++ jjob_header.sh[59]: shift 4
++ jjob_header.sh[61]: [[ -z atmos_products ]]
++ jjob_header.sh[69]: export DATA=/lfs/h2/emc/stmp/terry.mcguinness/RUNDIRS/C96_atm3DVar_extended_547c5de0/atmos_products.182911
++ jjob_header.sh[69]: DATA=/lfs/h2/emc/stmp/terry.mcguinness/RUNDIRS/C96_atm3DVar_extended_547c5de0/atmos_products.182911
++ jjob_header.sh[70]: [[ YES == \Y\E\S ]]
++ jjob_header.sh[71]: rm -rf /lfs/h2/emc/stmp/terry.mcguinness/RUNDIRS/C96_atm3DVar_extended_547c5de0/atmos_products.182911
++ jjob_header.sh[73]: mkdir -p /lfs/h2/emc/stmp/terry.mcguinness/RUNDIRS/C96_atm3DVar_extended_547c5de0/atmos_products.182911
++ jjob_header.sh[74]: cd /lfs/h2/emc/stmp/terry.mcguinness/RUNDIRS/C96_atm3DVar_extended_547c5de0/atmos_products.182911
++ jjob_header.sh[80]: export cycle=t18z
++ jjob_header.sh[80]: cycle=t18z
++ jjob_header.sh[81]: setpdy.sh
 completed cleanly
 completed cleanly
Source PDY script to export PDYm7, ..., PDY, ..., PDYp7 variables.
++ jjob_header.sh[82]: source ./PDY
+++ PDY[1]: export PDYm7=20211214
+++ PDY[1]: PDYm7=20211214
+++ PDY[2]: export PDYm6=20211215
+++ PDY[2]: PDYm6=20211215
+++ PDY[3]: export PDYm5=20211216
+++ PDY[3]: PDYm5=20211216
+++ PDY[4]: export PDYm4=20211217
+++ PDY[4]: PDYm4=20211217
+++ PDY[5]: export PDYm3=20211218
+++ PDY[5]: PDYm3=20211218
+++ PDY[6]: export PDYm2=20211219
+++ PDY[6]: PDYm2=20211219
+++ PDY[7]: export PDYm1=20211220
+++ PDY[7]: PDYm1=20211220
+++ PDY[8]: export PDY=20211221
+++ PDY[8]: PDY=20211221
+++ PDY[9]: export PDYp1=20211222
+++ PDY[9]: PDYp1=20211222
+++ PDY[10]: export PDYp2=20211223
+++ PDY[10]: PDYp2=20211223
+++ PDY[11]: export PDYp3=20211224
+++ PDY[11]: PDYp3=20211224
+++ PDY[12]: export PDYp4=20211225
+++ PDY[12]: PDYp4=20211225
+++ PDY[13]: export PDYp5=20211226
+++ PDY[13]: PDYp5=20211226
+++ PDY[14]: export PDYp6=20211227
+++ PDY[14]: PDYp6=20211227
+++ PDY[15]: export PDYp7=20211228
+++ PDY[15]: PDYp7=20211228
++ jjob_header.sh[88]: export pid=183359
++ jjob_header.sh[88]: pid=183359
++ jjob_header.sh[89]: export pgmout=OUTPUT.183359
++ jjob_header.sh[89]: pgmout=OUTPUT.183359
++ jjob_header.sh[90]: export pgmerr=errfile
++ jjob_header.sh[90]: pgmerr=errfile
++ jjob_header.sh[96]: export EXPDIR=/lfs/h2/emc/global/noscrub/globalworkflow.ci/GFS_CI_ROOT/PR/2644/RUNTESTS/EXPDIR/C96_atm3DVar_extended_547c5de0
++ jjob_header.sh[96]: EXPDIR=/lfs/h2/emc/global/noscrub/globalworkflow.ci/GFS_CI_ROOT/PR/2644/RUNTESTS/EXPDIR/C96_atm3DVar_extended_547c5de0
++ jjob_header.sh[97]: for config in "${configs[@]:-''}"
++ jjob_header.sh[98]: source /lfs/h2/emc/global/noscrub/globalworkflow.ci/GFS_CI_ROOT/PR/2644/RUNTESTS/EXPDIR/C96_atm3DVar_extended_547c5de0/config.base
+++ config.base[6]: echo 'BEGIN: config.base'
BEGIN: config.base
+++ config.base[9]: export machine=WCOSS2
+++ config.base[9]: machine=WCOSS2
+++ config.base[12]: export RUN_ENVIR=emc
+++ config.base[12]: RUN_ENVIR=emc
+++ config.base[15]: export ACCOUNT=GFS-DEV
+++ config.base[15]: ACCOUNT=GFS-DEV
+++ config.base[16]: export ACCOUNT_SERVICE=GFS-DEV
+++ config.base[16]: ACCOUNT_SERVICE=GFS-DEV
+++ config.base[17]: export QUEUE=dev
+++ config.base[17]: QUEUE=dev
+++ config.base[18]: export QUEUE_SERVICE=dev_transfer
+++ config.base[18]: QUEUE_SERVICE=dev_transfer
+++ config.base[19]: export PARTITION_BATCH=
+++ config.base[19]: PARTITION_BATCH=
+++ config.base[20]: export PARTITION_SERVICE=
+++ config.base[20]: PARTITION_SERVICE=
+++ config.base[21]: export RESERVATION=
+++ config.base[21]: RESERVATION=
+++ config.base[24]: export HPSS_PROJECT=emc-global
+++ config.base[24]: HPSS_PROJECT=emc-global
+++ config.base[27]: export HOMEgfs=/lfs/h2/emc/global/noscrub/globalworkflow.ci/GFS_CI_ROOT/PR/2644/global-workflow
+++ config.base[27]: HOMEgfs=/lfs/h2/emc/global/noscrub/globalworkflow.ci/GFS_CI_ROOT/PR/2644/global-workflow
+++ config.base[28]: export EXECgfs=/lfs/h2/emc/global/noscrub/globalworkflow.ci/GFS_CI_ROOT/PR/2644/global-workflow/exec
+++ config.base[28]: EXECgfs=/lfs/h2/emc/global/noscrub/globalworkflow.ci/GFS_CI_ROOT/PR/2644/global-workflow/exec
+++ config.base[29]: export FIXgfs=/lfs/h2/emc/global/noscrub/globalworkflow.ci/GFS_CI_ROOT/PR/2644/global-workflow/fix
+++ config.base[29]: FIXgfs=/lfs/h2/emc/global/noscrub/globalworkflow.ci/GFS_CI_ROOT/PR/2644/global-workflow/fix
+++ config.base[30]: export PARMgfs=/lfs/h2/emc/global/noscrub/globalworkflow.ci/GFS_CI_ROOT/PR/2644/global-workflow/parm
+++ config.base[30]: PARMgfs=/lfs/h2/emc/global/noscrub/globalworkflow.ci/GFS_CI_ROOT/PR/2644/global-workflow/parm
+++ config.base[31]: export SCRgfs=/lfs/h2/emc/global/noscrub/globalworkflow.ci/GFS_CI_ROOT/PR/2644/global-workflow/scripts
+++ config.base[31]: SCRgfs=/lfs/h2/emc/global/noscrub/globalworkflow.ci/GFS_CI_ROOT/PR/2644/global-workflow/scripts
+++ config.base[32]: export USHgfs=/lfs/h2/emc/global/noscrub/globalworkflow.ci/GFS_CI_ROOT/PR/2644/global-workflow/ush
+++ config.base[32]: USHgfs=/lfs/h2/emc/global/noscrub/globalworkflow.ci/GFS_CI_ROOT/PR/2644/global-workflow/ush
+++ config.base[34]: export FIXam=/lfs/h2/emc/global/noscrub/globalworkflow.ci/GFS_CI_ROOT/PR/2644/global-workflow/fix/am
+++ config.base[34]: FIXam=/lfs/h2/emc/global/noscrub/globalworkflow.ci/GFS_CI_ROOT/PR/2644/global-workflow/fix/am
+++ config.base[35]: export FIXaer=/lfs/h2/emc/global/noscrub/globalworkflow.ci/GFS_CI_ROOT/PR/2644/global-workflow/fix/aer
+++ config.base[35]: FIXaer=/lfs/h2/emc/global/noscrub/globalworkflow.ci/GFS_CI_ROOT/PR/2644/global-workflow/fix/aer
+++ config.base[36]: export FIXcpl=/lfs/h2/emc/global/noscrub/globalworkflow.ci/GFS_CI_ROOT/PR/2644/global-workflow/fix/cpl
+++ config.base[36]: FIXcpl=/lfs/h2/emc/global/noscrub/globalworkflow.ci/GFS_CI_ROOT/PR/2644/global-workflow/fix/cpl
+++ config.base[37]: export FIXlut=/lfs/h2/emc/global/noscrub/globalworkflow.ci/GFS_CI_ROOT/PR/2644/global-workflow/fix/lut
+++ config.base[37]: FIXlut=/lfs/h2/emc/global/noscrub/globalworkflow.ci/GFS_CI_ROOT/PR/2644/global-workflow/fix/lut
+++ config.base[38]: export FIXorog=/lfs/h2/emc/global/noscrub/globalworkflow.ci/GFS_CI_ROOT/PR/2644/global-workflow/fix/orog
+++ config.base[38]: FIXorog=/lfs/h2/emc/global/noscrub/globalworkflow.ci/GFS_CI_ROOT/PR/2644/global-workflow/fix/orog
+++ config.base[39]: export FIXcice=/lfs/h2/emc/global/noscrub/globalworkflow.ci/GFS_CI_ROOT/PR/2644/global-workflow/fix/cice
+++ config.base[39]: FIXcice=/lfs/h2/emc/global/noscrub/globalworkflow.ci/GFS_CI_ROOT/PR/2644/global-workflow/fix/cice
+++ config.base[40]: export FIXmom=/lfs/h2/emc/global/noscrub/globalworkflow.ci/GFS_CI_ROOT/PR/2644/global-workflow/fix/mom6
+++ config.base[40]: FIXmom=/lfs/h2/emc/global/noscrub/globalworkflow.ci/GFS_CI_ROOT/PR/2644/global-workflow/fix/mom6
+++ config.base[41]: export FIXreg2grb2=/lfs/h2/emc/global/noscrub/globalworkflow.ci/GFS_CI_ROOT/PR/2644/global-workflow/fix/reg2grb2
+++ config.base[41]: FIXreg2grb2=/lfs/h2/emc/global/noscrub/globalworkflow.ci/GFS_CI_ROOT/PR/2644/global-workflow/fix/reg2grb2
+++ config.base[42]: export FIXugwd=/lfs/h2/emc/global/noscrub/globalworkflow.ci/GFS_CI_ROOT/PR/2644/global-workflow/fix/ugwd
+++ config.base[42]: FIXugwd=/lfs/h2/emc/global/noscrub/globalworkflow.ci/GFS_CI_ROOT/PR/2644/global-workflow/fix/ugwd
+++ config.base[43]: export FIXgdas=/lfs/h2/emc/global/noscrub/globalworkflow.ci/GFS_CI_ROOT/PR/2644/global-workflow/fix/gdas
+++ config.base[43]: FIXgdas=/lfs/h2/emc/global/noscrub/globalworkflow.ci/GFS_CI_ROOT/PR/2644/global-workflow/fix/gdas
+++ config.base[48]: export PACKAGEROOT=/lfs/h1/ops/prod/packages
+++ config.base[48]: PACKAGEROOT=/lfs/h1/ops/prod/packages
+++ config.base[49]: export COMROOT=/lfs/h2/emc/global/noscrub/globalworkflow.ci/GFS_CI_ROOT/PR/2644/RUNTESTS/COMROOT
+++ config.base[49]: COMROOT=/lfs/h2/emc/global/noscrub/globalworkflow.ci/GFS_CI_ROOT/PR/2644/RUNTESTS/COMROOT
+++ config.base[50]: export COMINsyn=/lfs/h1/ops/prod/com/gfs/v16.3/syndat
+++ config.base[50]: COMINsyn=/lfs/h1/ops/prod/com/gfs/v16.3/syndat
+++ config.base[51]: export DMPDIR=/lfs/h2/emc/dump/noscrub/dump
+++ config.base[51]: DMPDIR=/lfs/h2/emc/dump/noscrub/dump
+++ config.base[52]: export BASE_CPLIC=/lfs/h2/emc/global/noscrub/emc.global/data/ICSDIR/prototype_ICs
+++ config.base[52]: BASE_CPLIC=/lfs/h2/emc/global/noscrub/emc.global/data/ICSDIR/prototype_ICs
+++ config.base[56]: export COMINecmwf=/lfs/h2/emc/global/noscrub/emc.global/data/external_gempak/ecmwf
+++ config.base[56]: COMINecmwf=/lfs/h2/emc/global/noscrub/emc.global/data/external_gempak/ecmwf
+++ config.base[57]: export COMINnam=/lfs/h2/emc/global/noscrub/emc.global/data/external_gempak/nam
+++ config.base[57]: COMINnam=/lfs/h2/emc/global/noscrub/emc.global/data/external_gempak/nam
+++ config.base[58]: export COMINukmet=/lfs/h2/emc/global/noscrub/emc.global/data/external_gempak/ukmet
+++ config.base[58]: COMINukmet=/lfs/h2/emc/global/noscrub/emc.global/data/external_gempak/ukmet
+++ config.base[61]: export HOMEDIR=/lfs/h2/emc/global/noscrub/terry.mcguinness
+++ config.base[61]: HOMEDIR=/lfs/h2/emc/global/noscrub/terry.mcguinness
+++ config.base[62]: export STMP=/lfs/h2/emc/stmp/terry.mcguinness
+++ config.base[62]: STMP=/lfs/h2/emc/stmp/terry.mcguinness
+++ config.base[63]: export PTMP=/lfs/h2/emc/ptmp/terry.mcguinness
+++ config.base[63]: PTMP=/lfs/h2/emc/ptmp/terry.mcguinness
+++ config.base[64]: export NOSCRUB=/lfs/h2/emc/global/noscrub/terry.mcguinness
+++ config.base[64]: NOSCRUB=/lfs/h2/emc/global/noscrub/terry.mcguinness
+++ config.base[67]: export BASE_GIT=/lfs/h2/emc/global/save/emc.global/git
+++ config.base[67]: BASE_GIT=/lfs/h2/emc/global/save/emc.global/git
+++ config.base[70]: export DO_GOES=YES
+++ config.base[70]: DO_GOES=YES
+++ config.base[71]: export DO_BUFRSND=YES
+++ config.base[71]: DO_BUFRSND=YES
+++ config.base[72]: export DO_GEMPAK=YES
+++ config.base[72]: DO_GEMPAK=YES
+++ config.base[73]: export DO_AWIPS=NO
+++ config.base[73]: DO_AWIPS=NO
+++ config.base[74]: export DO_NPOESS=YES
+++ config.base[74]: DO_NPOESS=YES
+++ config.base[75]: export DO_TRACKER=YES
+++ config.base[75]: DO_TRACKER=YES
+++ config.base[76]: export DO_GENESIS=YES
+++ config.base[76]: DO_GENESIS=YES
+++ config.base[77]: export DO_GENESIS_FSU=NO
+++ config.base[77]: DO_GENESIS_FSU=NO
+++ config.base[78]: export DO_VERFOZN=YES
+++ config.base[78]: DO_VERFOZN=YES
+++ config.base[79]: export DO_VERFRAD=YES
+++ config.base[79]: DO_VERFRAD=YES
+++ config.base[80]: export DO_VMINMON=YES
+++ config.base[80]: DO_VMINMON=YES
+++ config.base[81]: export DO_MOS=NO
+++ config.base[81]: DO_MOS=NO
+++ config.base[87]: export REALTIME=YES
+++ config.base[87]: REALTIME=YES
+++ config.base[90]: export MODE=cycled
+++ config.base[90]: MODE=cycled
+++ config.base[99]: export FIXgsi=/lfs/h2/emc/global/noscrub/globalworkflow.ci/GFS_CI_ROOT/PR/2644/global-workflow/fix/gsi
+++ config.base[99]: FIXgsi=/lfs/h2/emc/global/noscrub/globalworkflow.ci/GFS_CI_ROOT/PR/2644/global-workflow/fix/gsi
+++ config.base[100]: export HOMEpost=/lfs/h2/emc/global/noscrub/globalworkflow.ci/GFS_CI_ROOT/PR/2644/global-workflow
+++ config.base[100]: HOMEpost=/lfs/h2/emc/global/noscrub/globalworkflow.ci/GFS_CI_ROOT/PR/2644/global-workflow
+++ config.base[101]: export HOMEobsproc=/lfs/h2/emc/global/save/emc.global/git/obsproc/v1.1.2
+++ config.base[101]: HOMEobsproc=/lfs/h2/emc/global/save/emc.global/git/obsproc/v1.1.2
+++ config.base[104]: export 'NCP=/bin/cp -p'
+++ config.base[104]: NCP='/bin/cp -p'
+++ config.base[105]: export NMV=/bin/mv
+++ config.base[105]: NMV=/bin/mv
+++ config.base[106]: export 'NLN=/bin/ln -sf'
+++ config.base[106]: NLN='/bin/ln -sf'
+++ config.base[107]: export VERBOSE=YES
+++ config.base[107]: VERBOSE=YES
+++ config.base[108]: export KEEPDATA=NO
+++ config.base[108]: KEEPDATA=NO
+++ config.base[109]: export DEBUG_POSTSCRIPT=NO
+++ config.base[109]: DEBUG_POSTSCRIPT=NO
+++ config.base[110]: export CHGRP_RSTPROD=YES
+++ config.base[110]: CHGRP_RSTPROD=YES
+++ config.base[111]: export 'CHGRP_CMD=chgrp rstprod'
+++ config.base[111]: CHGRP_CMD='chgrp rstprod'
+++ config.base[112]: export NCDUMP=/apps/prod/hpc-stack/intel-19.1.3.304/cray-mpich-8.1.4/netcdf/4.7.4/bin/ncdump
+++ config.base[112]: NCDUMP=/apps/prod/hpc-stack/intel-19.1.3.304/cray-mpich-8.1.4/netcdf/4.7.4/bin/ncdump
+++ config.base[113]: export NCLEN=/lfs/h2/emc/global/noscrub/globalworkflow.ci/GFS_CI_ROOT/PR/2644/global-workflow/ush/getncdimlen
+++ config.base[113]: NCLEN=/lfs/h2/emc/global/noscrub/globalworkflow.ci/GFS_CI_ROOT/PR/2644/global-workflow/ush/getncdimlen
+++ config.base[116]: export BASE_ENV=/lfs/h2/emc/global/noscrub/globalworkflow.ci/GFS_CI_ROOT/PR/2644/global-workflow/env
+++ config.base[116]: BASE_ENV=/lfs/h2/emc/global/noscrub/globalworkflow.ci/GFS_CI_ROOT/PR/2644/global-workflow/env
+++ config.base[117]: export BASE_JOB=/lfs/h2/emc/global/noscrub/globalworkflow.ci/GFS_CI_ROOT/PR/2644/global-workflow/jobs/rocoto
+++ config.base[117]: BASE_JOB=/lfs/h2/emc/global/noscrub/globalworkflow.ci/GFS_CI_ROOT/PR/2644/global-workflow/jobs/rocoto
+++ config.base[120]: export SDATE=2021122018
+++ config.base[120]: SDATE=2021122018
+++ config.base[121]: export EDATE=2021122118
+++ config.base[121]: EDATE=2021122118
+++ config.base[122]: export EXP_WARM_START=.false.
+++ config.base[122]: EXP_WARM_START=.false.
+++ config.base[123]: export assim_freq=6
+++ config.base[123]: assim_freq=6
+++ config.base[124]: export PSLOT=C96_atm3DVar_extended_547c5de0
+++ config.base[124]: PSLOT=C96_atm3DVar_extended_547c5de0
+++ config.base[125]: export EXPDIR=/lfs/h2/emc/global/noscrub/globalworkflow.ci/GFS_CI_ROOT/PR/2644/RUNTESTS/EXPDIR/C96_atm3DVar_extended_547c5de0
+++ config.base[125]: EXPDIR=/lfs/h2/emc/global/noscrub/globalworkflow.ci/GFS_CI_ROOT/PR/2644/RUNTESTS/EXPDIR/C96_atm3DVar_extended_547c5de0
+++ config.base[126]: export ROTDIR=/lfs/h2/emc/global/noscrub/globalworkflow.ci/GFS_CI_ROOT/PR/2644/RUNTESTS/COMROOT/C96_atm3DVar_extended_547c5de0
+++ config.base[126]: ROTDIR=/lfs/h2/emc/global/noscrub/globalworkflow.ci/GFS_CI_ROOT/PR/2644/RUNTESTS/COMROOT/C96_atm3DVar_extended_547c5de0
+++ config.base[127]: export ROTDIR_DUMP=YES
+++ config.base[127]: ROTDIR_DUMP=YES
+++ config.base[128]: export DUMP_SUFFIX=
+++ config.base[128]: DUMP_SUFFIX=
+++ config.base[129]: [[ 2021122118 -ge 2019092100 ]]
+++ config.base[129]: [[ 2021122118 -le 2019110700 ]]
+++ config.base[132]: export DATAROOT=/lfs/h2/emc/stmp/terry.mcguinness/RUNDIRS/C96_atm3DVar_extended_547c5de0
+++ config.base[132]: DATAROOT=/lfs/h2/emc/stmp/terry.mcguinness/RUNDIRS/C96_atm3DVar_extended_547c5de0
+++ config.base[133]: export RUNDIR=/lfs/h2/emc/stmp/terry.mcguinness/RUNDIRS/C96_atm3DVar_extended_547c5de0
+++ config.base[133]: RUNDIR=/lfs/h2/emc/stmp/terry.mcguinness/RUNDIRS/C96_atm3DVar_extended_547c5de0
+++ config.base[134]: export ARCDIR=/lfs/h2/emc/global/noscrub/terry.mcguinness/archive/C96_atm3DVar_extended_547c5de0
+++ config.base[134]: ARCDIR=/lfs/h2/emc/global/noscrub/terry.mcguinness/archive/C96_atm3DVar_extended_547c5de0
+++ config.base[135]: export ATARDIR=/NCEPDEV/emc-global/1year/terry.mcguinness/WCOSS2/scratch/C96_atm3DVar_extended_547c5de0
+++ config.base[135]: ATARDIR=/NCEPDEV/emc-global/1year/terry.mcguinness/WCOSS2/scratch/C96_atm3DVar_extended_547c5de0
+++ config.base[138]: export envir=prod
+++ config.base[138]: envir=prod
+++ config.base[139]: export NET=gfs
+++ config.base[139]: NET=gfs
+++ config.base[140]: export RUN=gfs
+++ config.base[140]: RUN=gfs
+++ config.base[146]: source /lfs/h2/emc/global/noscrub/globalworkflow.ci/GFS_CI_ROOT/PR/2644/RUNTESTS/EXPDIR/C96_atm3DVar_extended_547c5de0/config.com
++++ config.com[4]: echo 'BEGIN: config.com'
BEGIN: config.com
++++ config.com[37]: [[ emc == \n\c\o ]]
++++ config.com[41]: COM_OBS_TMPL='${ROTDIR}/${RUN}.${YMD}/${HH}/obs'
++++ config.com[42]: COM_RTOFS_TMPL='${DMPDIR}'
++++ config.com[44]: declare -rx COM_OBS_TMPL COM_RTOFS_TMPL
++++ config.com[45]: declare -rx 'COM_OBSDMP_TMPL=${DMPDIR}/${DUMP}${DUMP_SUFFIX}.${YMD}/${HH}/atmos'
++++ config.com[47]: COM_BASE='${ROTDIR}/${RUN}.${YMD}/${HH}/${MEMDIR}'
++++ config.com[49]: declare -rx 'COM_TOP_TMPL=${ROTDIR}/${RUN}.${YMD}/${HH}'
++++ config.com[51]: declare -rx 'COM_CONF_TMPL=${ROTDIR}/${RUN}.${YMD}/${HH}/${MEMDIR}/conf'
++++ config.com[52]: declare -rx 'COM_ATMOS_INPUT_TMPL=${ROTDIR}/${RUN}.${YMD}/${HH}/${MEMDIR}/model_data/atmos/input'
++++ config.com[53]: declare -rx 'COM_ATMOS_RESTART_TMPL=${ROTDIR}/${RUN}.${YMD}/${HH}/${MEMDIR}/model_data/atmos/restart'
++++ config.com[54]: declare -rx 'COM_ATMOS_ANALYSIS_TMPL=${ROTDIR}/${RUN}.${YMD}/${HH}/${MEMDIR}/analysis/atmos'
++++ config.com[55]: declare -rx 'COM_SNOW_ANALYSIS_TMPL=${ROTDIR}/${RUN}.${YMD}/${HH}/${MEMDIR}/analysis/snow'
++++ config.com[56]: declare -rx 'COM_ATMOS_HISTORY_TMPL=${ROTDIR}/${RUN}.${YMD}/${HH}/${MEMDIR}/model_data/atmos/history'
++++ config.com[57]: declare -rx 'COM_ATMOS_MASTER_TMPL=${ROTDIR}/${RUN}.${YMD}/${HH}/${MEMDIR}/model_data/atmos/master'
++++ config.com[58]: declare -rx 'COM_ATMOS_GRIB_TMPL=${ROTDIR}/${RUN}.${YMD}/${HH}/${MEMDIR}/products/atmos/grib2'
++++ config.com[59]: declare -rx 'COM_ATMOS_GRIB_GRID_TMPL=${ROTDIR}/${RUN}.${YMD}/${HH}/${MEMDIR}/products/atmos/grib2/${GRID}'
++++ config.com[60]: declare -rx 'COM_ATMOS_BUFR_TMPL=${ROTDIR}/${RUN}.${YMD}/${HH}/${MEMDIR}/products/atmos/bufr'
++++ config.com[61]: declare -rx 'COM_ATMOS_GEMPAK_TMPL=${ROTDIR}/${RUN}.${YMD}/${HH}/${MEMDIR}/products/atmos/gempak/${GRID}'
++++ config.com[62]: declare -rx 'COM_ATMOS_GENESIS_TMPL=${ROTDIR}/${RUN}.${YMD}/${HH}/${MEMDIR}/products/atmos/cyclone/genesis_vital'
++++ config.com[63]: declare -rx 'COM_ATMOS_TRACK_TMPL=${ROTDIR}/${RUN}.${YMD}/${HH}/${MEMDIR}/products/atmos/cyclone/tracks'
++++ config.com[64]: declare -rx 'COM_ATMOS_GOES_TMPL=${ROTDIR}/${RUN}.${YMD}/${HH}/${MEMDIR}/products/atmos/goes_sim'
++++ config.com[65]: declare -rx 'COM_ATMOS_IMAGERY_TMPL=${ROTDIR}/${RUN}.${YMD}/${HH}/${MEMDIR}/products/atmos/imagery'
++++ config.com[66]: declare -rx 'COM_ATMOS_OZNMON_TMPL=${ROTDIR}/${RUN}.${YMD}/${HH}/${MEMDIR}/products/atmos/oznmon'
++++ config.com[67]: declare -rx 'COM_ATMOS_RADMON_TMPL=${ROTDIR}/${RUN}.${YMD}/${HH}/${MEMDIR}/products/atmos/radmon'
++++ config.com[68]: declare -rx 'COM_ATMOS_MINMON_TMPL=${ROTDIR}/${RUN}.${YMD}/${HH}/${MEMDIR}/products/atmos/minmon'
++++ config.com[69]: declare -rx 'COM_ATMOS_WMO_TMPL=${ROTDIR}/${RUN}.${YMD}/${HH}/${MEMDIR}/products/atmos/wmo'
++++ config.com[71]: declare -rx 'COM_WAVE_RESTART_TMPL=${ROTDIR}/${RUN}.${YMD}/${HH}/${MEMDIR}/model_data/wave/restart'
++++ config.com[72]: declare -rx 'COM_WAVE_PREP_TMPL=${ROTDIR}/${RUN}.${YMD}/${HH}/${MEMDIR}/model_data/wave/prep'
++++ config.com[73]: declare -rx 'COM_WAVE_HISTORY_TMPL=${ROTDIR}/${RUN}.${YMD}/${HH}/${MEMDIR}/model_data/wave/history'
++++ config.com[74]: declare -rx 'COM_WAVE_GRID_TMPL=${ROTDIR}/${RUN}.${YMD}/${HH}/${MEMDIR}/products/wave/gridded'
++++ config.com[75]: declare -rx 'COM_WAVE_STATION_TMPL=${ROTDIR}/${RUN}.${YMD}/${HH}/${MEMDIR}/products/wave/station'
++++ config.com[76]: declare -rx 'COM_WAVE_GEMPAK_TMPL=${ROTDIR}/${RUN}.${YMD}/${HH}/${MEMDIR}/products/wave/gempak'
++++ config.com[77]: declare -rx 'COM_WAVE_WMO_TMPL=${ROTDIR}/${RUN}.${YMD}/${HH}/${MEMDIR}/products/wave/wmo'
++++ config.com[79]: declare -rx 'COM_OCEAN_HISTORY_TMPL=${ROTDIR}/${RUN}.${YMD}/${HH}/${MEMDIR}/model_data/ocean/history'
++++ config.com[80]: declare -rx 'COM_OCEAN_RESTART_TMPL=${ROTDIR}/${RUN}.${YMD}/${HH}/${MEMDIR}/model_data/ocean/restart'
++++ config.com[81]: declare -rx 'COM_OCEAN_INPUT_TMPL=${ROTDIR}/${RUN}.${YMD}/${HH}/${MEMDIR}/model_data/ocean/input'
++++ config.com[82]: declare -rx 'COM_OCEAN_ANALYSIS_TMPL=${ROTDIR}/${RUN}.${YMD}/${HH}/${MEMDIR}/analysis/ocean'
++++ config.com[83]: declare -rx 'COM_OCEAN_NETCDF_TMPL=${ROTDIR}/${RUN}.${YMD}/${HH}/${MEMDIR}/products/ocean/netcdf'
++++ config.com[84]: declare -rx 'COM_OCEAN_GRIB_TMPL=${ROTDIR}/${RUN}.${YMD}/${HH}/${MEMDIR}/products/ocean/grib2'
++++ config.com[85]: declare -rx 'COM_OCEAN_GRIB_GRID_TMPL=${ROTDIR}/${RUN}.${YMD}/${HH}/${MEMDIR}/products/ocean/grib2/${GRID}'
++++ config.com[87]: declare -rx 'COM_ICE_ANALYSIS_TMPL=${ROTDIR}/${RUN}.${YMD}/${HH}/${MEMDIR}/analysis/ice'
++++ config.com[88]: declare -rx 'COM_ICE_INPUT_TMPL=${ROTDIR}/${RUN}.${YMD}/${HH}/${MEMDIR}/model_data/ice/input'
++++ config.com[89]: declare -rx 'COM_ICE_HISTORY_TMPL=${ROTDIR}/${RUN}.${YMD}/${HH}/${MEMDIR}/model_data/ice/history'
++++ config.com[90]: declare -rx 'COM_ICE_RESTART_TMPL=${ROTDIR}/${RUN}.${YMD}/${HH}/${MEMDIR}/model_data/ice/restart'
++++ config.com[91]: declare -rx 'COM_ICE_NETCDF_TMPL=${ROTDIR}/${RUN}.${YMD}/${HH}/${MEMDIR}/products/ice/netcdf'
++++ config.com[92]: declare -rx 'COM_ICE_GRIB_TMPL=${ROTDIR}/${RUN}.${YMD}/${HH}/${MEMDIR}/products/ice/grib2'
++++ config.com[93]: declare -rx 'COM_ICE_GRIB_GRID_TMPL=${ROTDIR}/${RUN}.${YMD}/${HH}/${MEMDIR}/products/ice/grib2/${GRID}'
++++ config.com[95]: declare -rx 'COM_CHEM_HISTORY_TMPL=${ROTDIR}/${RUN}.${YMD}/${HH}/${MEMDIR}/model_data/chem/history'
++++ config.com[96]: declare -rx 'COM_CHEM_ANALYSIS_TMPL=${ROTDIR}/${RUN}.${YMD}/${HH}/${MEMDIR}/analysis/chem'
++++ config.com[98]: declare -rx 'COM_MED_RESTART_TMPL=${ROTDIR}/${RUN}.${YMD}/${HH}/${MEMDIR}/model_data/med/restart'
+++ config.base[149]: export 'ERRSCRIPT=eval [[ $err = 0 ]]'
+++ config.base[149]: ERRSCRIPT='eval [[ $err = 0 ]]'
+++ config.base[150]: export LOGSCRIPT=
+++ config.base[150]: LOGSCRIPT=
+++ config.base[153]: export 'REDOUT=1>'
+++ config.base[153]: REDOUT='1>'
+++ config.base[154]: export 'REDERR=2>'
+++ config.base[154]: REDERR='2>'
+++ config.base[156]: export SENDECF=NO
+++ config.base[156]: SENDECF=NO
+++ config.base[157]: export SENDSDM=NO
+++ config.base[157]: SENDSDM=NO
+++ config.base[158]: export SENDDBN_NTC=NO
+++ config.base[158]: SENDDBN_NTC=NO
+++ config.base[159]: export SENDDBN=NO
+++ config.base[159]: SENDDBN=NO
+++ config.base[160]: export DBNROOT=/apps/ops/prod/nco/core/prod_util.v2.0.9/fakedbn
+++ config.base[160]: DBNROOT=/apps/ops/prod/nco/core/prod_util.v2.0.9/fakedbn
+++ config.base[163]: export APP=ATM
+++ config.base[163]: APP=ATM
+++ config.base[165]: shopt -s extglob
+++ config.base[167]: case "${RUN}" in
+++ config.base[174]: shopt -u extglob
+++ config.base[177]: export DO_ATM=YES
+++ config.base[177]: DO_ATM=YES
+++ config.base[178]: export DO_COUPLED=NO
+++ config.base[178]: DO_COUPLED=NO
+++ config.base[179]: export DO_WAVE=NO
+++ config.base[179]: DO_WAVE=NO
+++ config.base[180]: export DO_OCN=NO
+++ config.base[180]: DO_OCN=NO
+++ config.base[181]: export DO_ICE=NO
+++ config.base[181]: DO_ICE=NO
+++ config.base[182]: export DO_AERO=NO
+++ config.base[182]: DO_AERO=NO
+++ config.base[183]: export AERO_FCST_CDUMP=
+++ config.base[183]: AERO_FCST_CDUMP=
+++ config.base[184]: export AERO_ANL_CDUMP=
+++ config.base[184]: AERO_ANL_CDUMP=
+++ config.base[185]: export WAVE_CDUMP=
+++ config.base[185]: WAVE_CDUMP=
+++ config.base[186]: export DOBNDPNT_WAVE=NO
+++ config.base[186]: DOBNDPNT_WAVE=NO
+++ config.base[187]: export DOIBP_WAV=NO
+++ config.base[187]: DOIBP_WAV=NO
+++ config.base[188]: export FRAC_GRID=.true.
+++ config.base[188]: FRAC_GRID=.true.
+++ config.base[189]: export DO_NEST=NO
+++ config.base[189]: DO_NEST=NO
+++ config.base[190]: [[ NO == \Y\E\S ]]
+++ config.base[194]: export ntiles=6
+++ config.base[194]: ntiles=6
+++ config.base[198]: export OPS_RES=C768
+++ config.base[198]: OPS_RES=C768
+++ config.base[201]: export LEVS=128
+++ config.base[201]: LEVS=128
+++ config.base[202]: export CASE=C96
+++ config.base[202]: CASE=C96
+++ config.base[203]: export CASE_ENS=@CASEENS@
+++ config.base[203]: CASE_ENS=@CASEENS@
+++ config.base[204]: export OCNRES=500
+++ config.base[204]: OCNRES=500
+++ config.base[205]: export ICERES=500
+++ config.base[205]: ICERES=500
+++ config.base[208]: case "${CASE}" in
+++ config.base[213]: export waveGRD=uglo_100km
+++ config.base[213]: waveGRD=uglo_100km
+++ config.base[227]: case "${APP}" in
+++ config.base[268]: [[ gfs =~ gdas ]]
+++ config.base[271]: [[ gfs =~ gfs ]]
+++ config.base[272]: export FHCYC=24
+++ config.base[272]: FHCYC=24
+++ config.base[276]: export FHMIN=0
+++ config.base[276]: FHMIN=0
+++ config.base[277]: export FHMAX=9
+++ config.base[277]: FHMAX=9
+++ config.base[278]: export FHOUT=3
+++ config.base[278]: FHOUT=3
+++ config.base[279]: export FHOUT_OCNICE=3
+++ config.base[279]: FHOUT_OCNICE=3
+++ config.base[282]: export EUPD_CYC=gdas
+++ config.base[282]: EUPD_CYC=gdas
+++ config.base[285]: export gfs_cyc=4
+++ config.base[285]: gfs_cyc=4
+++ config.base[288]: export FHMIN_GFS=0
+++ config.base[288]: FHMIN_GFS=0
+++ config.base[289]: export FHMAX_GFS=384
+++ config.base[289]: FHMAX_GFS=384
+++ config.base[290]: export FHOUT_GFS=3
+++ config.base[290]: FHOUT_GFS=3
+++ config.base[291]: export FHMAX_HF_GFS=0
+++ config.base[291]: FHMAX_HF_GFS=0
+++ config.base[292]: export FHOUT_HF_GFS=1
+++ config.base[292]: FHOUT_HF_GFS=1
+++ config.base[293]: export FHOUT_OCNICE_GFS=6
+++ config.base[293]: FHOUT_OCNICE_GFS=6
+++ config.base[294]: export FHMIN_WAV=0
+++ config.base[294]: FHMIN_WAV=0
+++ config.base[295]: export FHOUT_WAV=3
+++ config.base[295]: FHOUT_WAV=3
+++ config.base[296]: export FHMAX_HF_WAV=120
+++ config.base[296]: FHMAX_HF_WAV=120
+++ config.base[297]: export FHOUT_HF_WAV=1
+++ config.base[297]: FHOUT_HF_WAV=1
+++ config.base[298]: export FHMAX_WAV=9
+++ config.base[298]: FHMAX_WAV=9
+++ config.base[299]: export FHMAX_WAV_GFS=384
+++ config.base[299]: FHMAX_WAV_GFS=384
+++ config.base[300]: ((  gfs_cyc != 0  ))
+++ config.base[301]: export STEP_GFS=6
+++ config.base[301]: STEP_GFS=6
+++ config.base[306]: export ILPOST=1
+++ config.base[306]: ILPOST=1
+++ config.base[307]: ((  FHMAX_HF_GFS < 120  ))
+++ config.base[308]: export ILPOST=3
+++ config.base[308]: ILPOST=3
+++ config.base[312]: export restart_interval_gfs=12
+++ config.base[312]: restart_interval_gfs=12
+++ config.base[317]: export QUILTING=.true.
+++ config.base[317]: QUILTING=.true.
+++ config.base[318]: export OUTPUT_GRID=gaussian_grid
+++ config.base[318]: OUTPUT_GRID=gaussian_grid
+++ config.base[319]: export WRITE_DOPOST=.true.
+++ config.base[319]: WRITE_DOPOST=.true.
+++ config.base[320]: export WRITE_NSFLIP=.true.
+++ config.base[320]: WRITE_NSFLIP=.true.
+++ config.base[323]: export DOIAU=YES
+++ config.base[323]: DOIAU=YES
+++ config.base[324]: export IAUFHRS=3,6,9
+++ config.base[324]: IAUFHRS=3,6,9
+++ config.base[325]: export IAU_FHROT=3
+++ config.base[325]: IAU_FHROT=3
+++ config.base[326]: export IAU_DELTHRS=6
+++ config.base[326]: IAU_DELTHRS=6
+++ config.base[327]: export IAU_OFFSET=6
+++ config.base[327]: IAU_OFFSET=6
+++ config.base[328]: export DOIAU_ENKF=YES
+++ config.base[328]: DOIAU_ENKF=YES
+++ config.base[329]: export IAUFHRS_ENKF=3,6,9
+++ config.base[329]: IAUFHRS_ENKF=3,6,9
+++ config.base[330]: export IAU_DELTHRS_ENKF=6
+++ config.base[330]: IAU_DELTHRS_ENKF=6
+++ config.base[333]: export lobsdiag_forenkf=.true.
+++ config.base[333]: lobsdiag_forenkf=.true.
+++ config.base[341]: export imp_physics=8
+++ config.base[341]: imp_physics=8
+++ config.base[345]: export DO_JEDIATMVAR=NO
+++ config.base[345]: DO_JEDIATMVAR=NO
+++ config.base[346]: export DO_JEDIATMENS=NO
+++ config.base[346]: DO_JEDIATMENS=NO
+++ config.base[347]: export DO_JEDIOCNVAR=NO
+++ config.base[347]: DO_JEDIOCNVAR=NO
+++ config.base[348]: export DO_JEDISNOWDA=NO
+++ config.base[348]: DO_JEDISNOWDA=NO
+++ config.base[349]: export DO_MERGENSST=NO
+++ config.base[349]: DO_MERGENSST=NO
+++ config.base[352]: export DOHYBVAR=NO
+++ config.base[352]: DOHYBVAR=NO
+++ config.base[353]: export NMEM_ENS=0
+++ config.base[353]: NMEM_ENS=0
+++ config.base[354]: export SMOOTH_ENKF=NO
+++ config.base[354]: SMOOTH_ENKF=NO
+++ config.base[355]: export l4densvar=.true.
+++ config.base[355]: l4densvar=.true.
+++ config.base[356]: export lwrite4danl=.true.
+++ config.base[356]: lwrite4danl=.true.
+++ config.base[357]: export DO_CALC_INCREMENT=NO
+++ config.base[357]: DO_CALC_INCREMENT=NO
+++ config.base[360]: export NMEM_ENS_GFS=30
+++ config.base[360]: NMEM_ENS_GFS=30
+++ config.base[361]: export NMEM_ENS_GFS_OFFSET=20
+++ config.base[361]: NMEM_ENS_GFS_OFFSET=20
+++ config.base[362]: export DO_CALC_INCREMENT_ENKF_GFS=NO
+++ config.base[362]: DO_CALC_INCREMENT_ENKF_GFS=NO
+++ config.base[365]: [[ NO = \Y\E\S ]]
+++ config.base[379]: [[ NO == \N\O ]]
+++ config.base[379]: [[ YES == \Y\E\S ]]
+++ config.base[380]: export IAUFHRS=6
+++ config.base[380]: IAUFHRS=6
+++ config.base[381]: export IAU_FHROT=3
+++ config.base[381]: IAU_FHROT=3
+++ config.base[382]: export IAU_FILTER_INCREMENTS=.true.
+++ config.base[382]: IAU_FILTER_INCREMENTS=.true.
+++ config.base[383]: export IAUFHRS_ENKF=6
+++ config.base[383]: IAUFHRS_ENKF=6
+++ config.base[387]: export ENKF_SPREAD=YES
+++ config.base[387]: ENKF_SPREAD=YES
+++ config.base[390]: [[ cycled = \c\y\c\l\e\d ]]
+++ config.base[390]: [[ 2021122018 = \2\0\2\1\1\2\2\1\1\8 ]]
+++ config.base[390]: [[ YES = \N\O ]]
+++ config.base[390]: [[ cycled = \f\o\r\e\c\a\s\t\-\o\n\l\y ]]
+++ config.base[396]: [[ YES = \N\O ]]
+++ config.base[400]: [[ YES == \Y\E\S ]]
+++ config.base[401]: export restart_interval_enkfgdas=3
+++ config.base[401]: restart_interval_enkfgdas=3
+++ config.base[406]: export restart_interval_enkfgfs=3
+++ config.base[406]: restart_interval_enkfgfs=3
+++ config.base[408]: [[ YES == \Y\E\S ]]
+++ config.base[409]: export restart_interval_gdas=3
+++ config.base[409]: restart_interval_gdas=3
+++ config.base[414]: export GSI_SOILANAL=NO
+++ config.base[414]: GSI_SOILANAL=NO
+++ config.base[417]: export DONST=YES
+++ config.base[417]: DONST=YES
+++ config.base[418]: [[ YES = \Y\E\S ]]
+++ config.base[418]: export 'FNTSFA=        '
+++ config.base[418]: FNTSFA='        '
+++ config.base[421]: export nst_anl=.true.
+++ config.base[421]: nst_anl=.true.
+++ config.base[424]: export MAKE_NSSTBUFR=NO
+++ config.base[424]: MAKE_NSSTBUFR=NO
+++ config.base[427]: export MAKE_ACFTBUFR=NO
+++ config.base[427]: MAKE_ACFTBUFR=NO
+++ config.base[430]: export 'INCREMENTS_TO_ZERO='\''liq_wat_inc'\'','\''icmr_inc'\'','\''rwmr_inc'\'','\''snmr_inc'\'','\''grle_inc'\'''
+++ config.base[430]: INCREMENTS_TO_ZERO=''\''liq_wat_inc'\'','\''icmr_inc'\'','\''rwmr_inc'\'','\''snmr_inc'\'','\''grle_inc'\'''
+++ config.base[433]: export 'INCVARS_ZERO_STRAT='\''sphum_inc'\'','\''liq_wat_inc'\'','\''icmr_inc'\'','\''rwmr_inc'\'','\''snmr_inc'\'','\''grle_inc'\'''
+++ config.base[433]: INCVARS_ZERO_STRAT=''\''sphum_inc'\'','\''liq_wat_inc'\'','\''icmr_inc'\'','\''rwmr_inc'\'','\''snmr_inc'\'','\''grle_inc'\'''
+++ config.base[434]: export INCVARS_EFOLD=5
+++ config.base[434]: INCVARS_EFOLD=5
+++ config.base[439]: export netcdf_diag=.true.
+++ config.base[439]: netcdf_diag=.true.
+++ config.base[440]: export binary_diag=.false.
+++ config.base[440]: binary_diag=.false.
+++ config.base[443]: export DO_METP=NO
+++ config.base[443]: DO_METP=NO
+++ config.base[444]: export DO_FIT2OBS=YES
+++ config.base[444]: DO_FIT2OBS=YES
+++ config.base[445]: export DO_VRFY_OCEANDA=NO
+++ config.base[445]: DO_VRFY_OCEANDA=NO
+++ config.base[448]: export HPSSARCH=NO
+++ config.base[448]: HPSSARCH=NO
+++ config.base[449]: export LOCALARCH=NO
+++ config.base[449]: LOCALARCH=NO
+++ config.base[450]: [[ NO = \Y\E\S ]]
+++ config.base[454]: export ARCH_CYC=00
+++ config.base[454]: ARCH_CYC=00
+++ config.base[455]: export ARCH_WARMICFREQ=4
+++ config.base[455]: ARCH_WARMICFREQ=4
+++ config.base[456]: export ARCH_FCSTICFREQ=1
+++ config.base[456]: ARCH_FCSTICFREQ=1
+++ config.base[459]: export FITSARC=YES
+++ config.base[459]: FITSARC=YES
+++ config.base[460]: export FHMAX_FITS=132
+++ config.base[460]: FHMAX_FITS=132
+++ config.base[461]: [[ 132 -gt 384 ]]
+++ config.base[464]: [[ NO = \Y\E\S ]]
+++ config.base[471]: export NUM_SND_COLLECTIVES=9
+++ config.base[471]: NUM_SND_COLLECTIVES=9
+++ config.base[473]: echo 'END: config.base'
END: config.base
++ jjob_header.sh[99]: status=0
++ jjob_header.sh[100]: ((  status != 0  ))
++ jjob_header.sh[97]: for config in "${configs[@]:-''}"
++ jjob_header.sh[98]: source /lfs/h2/emc/global/noscrub/globalworkflow.ci/GFS_CI_ROOT/PR/2644/RUNTESTS/EXPDIR/C96_atm3DVar_extended_547c5de0/config.atmos_products
+++ config.atmos_products[6]: echo 'BEGIN: config.atmos_products'
BEGIN: config.atmos_products
+++ config.atmos_products[9]: . /lfs/h2/emc/global/noscrub/globalworkflow.ci/GFS_CI_ROOT/PR/2644/RUNTESTS/EXPDIR/C96_atm3DVar_extended_547c5de0/config.resources atmos_products
++++ config.resources[7]: ((  1 != 1  ))
++++ config.resources[31]: step=atmos_products
++++ config.resources[33]: echo 'BEGIN: config.resources'
BEGIN: config.resources
++++ config.resources[35]: case ${machine} in
++++ config.resources[36]: npe_node_max=128
++++ config.resources[72]: export npe_node_max
++++ config.resources[74]: case ${step} in
++++ config.resources[807]: export wtime_atmos_products=00:15:00
++++ config.resources[807]: wtime_atmos_products=00:15:00
++++ config.resources[808]: export npe_atmos_products=24
++++ config.resources[808]: npe_atmos_products=24
++++ config.resources[809]: export nth_atmos_products=1
++++ config.resources[809]: nth_atmos_products=1
++++ config.resources[810]: export npe_node_atmos_products=24
++++ config.resources[810]: npe_node_atmos_products=24
++++ config.resources[811]: export wtime_atmos_products_gfs=00:15:00
++++ config.resources[811]: wtime_atmos_products_gfs=00:15:00
++++ config.resources[812]: export npe_atmos_products_gfs=24
++++ config.resources[812]: npe_atmos_products_gfs=24
++++ config.resources[813]: export nth_atmos_products_gfs=1
++++ config.resources[813]: nth_atmos_products_gfs=1
++++ config.resources[814]: export npe_node_atmos_products_gfs=24
++++ config.resources[814]: npe_node_atmos_products_gfs=24
++++ config.resources[815]: export is_exclusive=True
++++ config.resources[815]: is_exclusive=True
++++ config.resources[1300]: echo 'END: config.resources'
END: config.resources
+++ config.atmos_products[12]: export NFHRS_PER_GROUP=3
+++ config.atmos_products[12]: NFHRS_PER_GROUP=3
+++ config.atmos_products[15]: export INTERP_ATMOS_MASTERSH=/lfs/h2/emc/global/noscrub/globalworkflow.ci/GFS_CI_ROOT/PR/2644/global-workflow/ush/interp_atmos_master.sh
+++ config.atmos_products[15]: INTERP_ATMOS_MASTERSH=/lfs/h2/emc/global/noscrub/globalworkflow.ci/GFS_CI_ROOT/PR/2644/global-workflow/ush/interp_atmos_master.sh
+++ config.atmos_products[16]: export INTERP_ATMOS_SFLUXSH=/lfs/h2/emc/global/noscrub/globalworkflow.ci/GFS_CI_ROOT/PR/2644/global-workflow/ush/interp_atmos_sflux.sh
+++ config.atmos_products[16]: INTERP_ATMOS_SFLUXSH=/lfs/h2/emc/global/noscrub/globalworkflow.ci/GFS_CI_ROOT/PR/2644/global-workflow/ush/interp_atmos_sflux.sh
+++ config.atmos_products[18]: [[ gfs == \g\d\a\s ]]
+++ config.atmos_products[24]: [[ gfs == \g\f\s ]]
+++ config.atmos_products[25]: export downset=2
+++ config.atmos_products[25]: downset=2
+++ config.atmos_products[26]: export FHOUT_PGBS=3
+++ config.atmos_products[26]: FHOUT_PGBS=3
+++ config.atmos_products[27]: export FLXGF=YES
+++ config.atmos_products[27]: FLXGF=YES
+++ config.atmos_products[28]: export WGNE=YES
+++ config.atmos_products[28]: WGNE=YES
+++ config.atmos_products[29]: export FHMAX_WGNE=180
+++ config.atmos_products[29]: FHMAX_WGNE=180
+++ config.atmos_products[32]: export APCP_MSG=597
+++ config.atmos_products[32]: APCP_MSG=597
+++ config.atmos_products[35]: export paramlista=/lfs/h2/emc/global/noscrub/globalworkflow.ci/GFS_CI_ROOT/PR/2644/global-workflow/parm/product/gfs.fFFF.paramlist.a.txt
+++ config.atmos_products[35]: paramlista=/lfs/h2/emc/global/noscrub/globalworkflow.ci/GFS_CI_ROOT/PR/2644/global-workflow/parm/product/gfs.fFFF.paramlist.a.txt
+++ config.atmos_products[36]: export paramlista_anl=/lfs/h2/emc/global/noscrub/globalworkflow.ci/GFS_CI_ROOT/PR/2644/global-workflow/parm/product/gfs.anl.paramlist.a.txt
+++ config.atmos_products[36]: paramlista_anl=/lfs/h2/emc/global/noscrub/globalworkflow.ci/GFS_CI_ROOT/PR/2644/global-workflow/parm/product/gfs.anl.paramlist.a.txt
+++ config.atmos_products[37]: export paramlista_f000=/lfs/h2/emc/global/noscrub/globalworkflow.ci/GFS_CI_ROOT/PR/2644/global-workflow/parm/product/gfs.f000.paramlist.a.txt
+++ config.atmos_products[37]: paramlista_f000=/lfs/h2/emc/global/noscrub/globalworkflow.ci/GFS_CI_ROOT/PR/2644/global-workflow/parm/product/gfs.f000.paramlist.a.txt
+++ config.atmos_products[38]: export paramlistb=/lfs/h2/emc/global/noscrub/globalworkflow.ci/GFS_CI_ROOT/PR/2644/global-workflow/parm/product/gfs.fFFF.paramlist.b.txt
+++ config.atmos_products[38]: paramlistb=/lfs/h2/emc/global/noscrub/globalworkflow.ci/GFS_CI_ROOT/PR/2644/global-workflow/parm/product/gfs.fFFF.paramlist.b.txt
+++ config.atmos_products[40]: echo 'END: config.atmos_products'
END: config.atmos_products
++ jjob_header.sh[99]: status=0
++ jjob_header.sh[100]: ((  status != 0  ))
++ jjob_header.sh[110]: source /lfs/h2/emc/global/noscrub/globalworkflow.ci/GFS_CI_ROOT/PR/2644/global-workflow/env/WCOSS2.env atmos_products
+++ WCOSS2.env[3]: [[ 1 -ne 1 ]]
+++ WCOSS2.env[15]: step=atmos_products
+++ WCOSS2.env[18]: export 'launcher=mpiexec -l'
+++ WCOSS2.env[18]: launcher='mpiexec -l'
+++ WCOSS2.env[19]: export 'mpmd_opt=--cpu-bind verbose,core cfp'
+++ WCOSS2.env[19]: mpmd_opt='--cpu-bind verbose,core cfp'
+++ WCOSS2.env[21]: [[ atmos_products = \p\r\e\p ]]
+++ WCOSS2.env[21]: [[ atmos_products = \p\r\e\p\b\u\f\r ]]
+++ WCOSS2.env[30]: [[ atmos_products = \p\r\e\p\s\n\o\w\o\b\s ]]
+++ WCOSS2.env[34]: [[ atmos_products = \p\r\e\p\_\e\m\i\s\s\i\o\n\s ]]
+++ WCOSS2.env[38]: [[ atmos_products = \w\a\v\e\i\n\i\t ]]
+++ WCOSS2.env[38]: [[ atmos_products = \w\a\v\e\p\r\e\p ]]
+++ WCOSS2.env[38]: [[ atmos_products = \w\a\v\e\p\o\s\t\s\b\s ]]
+++ WCOSS2.env[38]: [[ atmos_products = \w\a\v\e\p\o\s\t\b\n\d\p\n\t ]]
+++ WCOSS2.env[38]: [[ atmos_products = \w\a\v\e\p\o\s\t\b\n\d\p\n\t\b\l\l ]]
+++ WCOSS2.env[38]: [[ atmos_products = \w\a\v\e\p\o\s\t\p\n\t ]]
+++ WCOSS2.env[45]: [[ atmos_products = \a\t\m\a\n\l\v\a\r ]]
+++ WCOSS2.env[53]: [[ atmos_products = \a\t\m\e\n\s\a\n\l\l\e\t\k\f ]]
+++ WCOSS2.env[61]: [[ atmos_products = \a\t\m\e\n\s\a\n\l\f\v\3\i\n\c ]]
+++ WCOSS2.env[69]: [[ atmos_products = \a\e\r\o\a\n\l\r\u\n ]]
+++ WCOSS2.env[79]: [[ atmos_products = \s\n\o\w\a\n\l ]]
+++ WCOSS2.env[89]: [[ atmos_products = \a\t\m\a\n\l\f\v\3\i\n\c ]]
+++ WCOSS2.env[97]: [[ atmos_products = \a\n\a\l ]]
+++ WCOSS2.env[97]: [[ atmos_products = \a\n\a\l\c\a\l\c ]]
+++ WCOSS2.env[134]: [[ atmos_products = \s\f\c\a\n\l ]]
+++ WCOSS2.env[143]: [[ atmos_products = \e\o\b\s ]]
+++ WCOSS2.env[159]: [[ atmos_products = \e\u\p\d ]]
+++ WCOSS2.env[176]: [[ atmos_products = \f\c\s\t ]]
+++ WCOSS2.env[176]: [[ atmos_products = \e\f\c\s ]]
+++ WCOSS2.env[203]: [[ atmos_products = \u\p\p ]]
+++ WCOSS2.env[211]: [[ atmos_products = \a\t\m\o\s\_\p\r\o\d\u\c\t\s ]]
+++ WCOSS2.env[213]: export USE_CFP=YES
+++ WCOSS2.env[213]: USE_CFP=YES
++ jjob_header.sh[111]: status=0
++ jjob_header.sh[112]: ((  status != 0  ))
+ JGLOBAL_ATMOS_PRODUCTS[12]: YMD=20211221
+ JGLOBAL_ATMOS_PRODUCTS[12]: HH=18
+ JGLOBAL_ATMOS_PRODUCTS[12]: declare_from_tmpl -rx COM_ATMOS_ANALYSIS COM_ATMOS_HISTORY COM_ATMOS_MASTER
+ bash_utils.sh[35]: [[ NO == \N\O ]]
+ bash_utils.sh[35]: set +x
declare_from_tmpl :: COM_ATMOS_ANALYSIS=/lfs/h2/emc/global/noscrub/globalworkflow.ci/GFS_CI_ROOT/PR/2644/RUNTESTS/COMROOT/C96_atm3DVar_extended_547c5de0/gfs.20211221/18//analysis/atmos
declare_from_tmpl :: COM_ATMOS_HISTORY=/lfs/h2/emc/global/noscrub/globalworkflow.ci/GFS_CI_ROOT/PR/2644/RUNTESTS/COMROOT/C96_atm3DVar_extended_547c5de0/gfs.20211221/18//model_data/atmos/history
declare_from_tmpl :: COM_ATMOS_MASTER=/lfs/h2/emc/global/noscrub/globalworkflow.ci/GFS_CI_ROOT/PR/2644/RUNTESTS/COMROOT/C96_atm3DVar_extended_547c5de0/gfs.20211221/18//model_data/atmos/master
+ JGLOBAL_ATMOS_PRODUCTS[14]: for grid in '0p25' '0p50' '1p00'
+ JGLOBAL_ATMOS_PRODUCTS[15]: prod_dir=COM_ATMOS_GRIB_0p25
+ JGLOBAL_ATMOS_PRODUCTS[16]: GRID=0p25
+ JGLOBAL_ATMOS_PRODUCTS[16]: YMD=20211221
+ JGLOBAL_ATMOS_PRODUCTS[16]: HH=18
+ JGLOBAL_ATMOS_PRODUCTS[16]: declare_from_tmpl -rx COM_ATMOS_GRIB_0p25:COM_ATMOS_GRIB_GRID_TMPL
+ bash_utils.sh[35]: [[ NO == \N\O ]]
+ bash_utils.sh[35]: set +x
declare_from_tmpl :: COM_ATMOS_GRIB_0p25=/lfs/h2/emc/global/noscrub/globalworkflow.ci/GFS_CI_ROOT/PR/2644/RUNTESTS/COMROOT/C96_atm3DVar_extended_547c5de0/gfs.20211221/18//products/atmos/grib2/0p25
+ JGLOBAL_ATMOS_PRODUCTS[17]: [[ ! -d /lfs/h2/emc/global/noscrub/globalworkflow.ci/GFS_CI_ROOT/PR/2644/RUNTESTS/COMROOT/C96_atm3DVar_extended_547c5de0/gfs.20211221/18//products/atmos/grib2/0p25 ]]
+ JGLOBAL_ATMOS_PRODUCTS[14]: for grid in '0p25' '0p50' '1p00'
+ JGLOBAL_ATMOS_PRODUCTS[15]: prod_dir=COM_ATMOS_GRIB_0p50
+ JGLOBAL_ATMOS_PRODUCTS[16]: GRID=0p50
+ JGLOBAL_ATMOS_PRODUCTS[16]: YMD=20211221
+ JGLOBAL_ATMOS_PRODUCTS[16]: HH=18
+ JGLOBAL_ATMOS_PRODUCTS[16]: declare_from_tmpl -rx COM_ATMOS_GRIB_0p50:COM_ATMOS_GRIB_GRID_TMPL
+ bash_utils.sh[35]: [[ NO == \N\O ]]
+ bash_utils.sh[35]: set +x
declare_from_tmpl :: COM_ATMOS_GRIB_0p50=/lfs/h2/emc/global/noscrub/globalworkflow.ci/GFS_CI_ROOT/PR/2644/RUNTESTS/COMROOT/C96_atm3DVar_extended_547c5de0/gfs.20211221/18//products/atmos/grib2/0p50
+ JGLOBAL_ATMOS_PRODUCTS[17]: [[ ! -d /lfs/h2/emc/global/noscrub/globalworkflow.ci/GFS_CI_ROOT/PR/2644/RUNTESTS/COMROOT/C96_atm3DVar_extended_547c5de0/gfs.20211221/18//products/atmos/grib2/0p50 ]]
+ JGLOBAL_ATMOS_PRODUCTS[14]: for grid in '0p25' '0p50' '1p00'
+ JGLOBAL_ATMOS_PRODUCTS[15]: prod_dir=COM_ATMOS_GRIB_1p00
+ JGLOBAL_ATMOS_PRODUCTS[16]: GRID=1p00
+ JGLOBAL_ATMOS_PRODUCTS[16]: YMD=20211221
+ JGLOBAL_ATMOS_PRODUCTS[16]: HH=18
+ JGLOBAL_ATMOS_PRODUCTS[16]: declare_from_tmpl -rx COM_ATMOS_GRIB_1p00:COM_ATMOS_GRIB_GRID_TMPL
+ bash_utils.sh[35]: [[ NO == \N\O ]]
+ bash_utils.sh[35]: set +x
declare_from_tmpl :: COM_ATMOS_GRIB_1p00=/lfs/h2/emc/global/noscrub/globalworkflow.ci/GFS_CI_ROOT/PR/2644/RUNTESTS/COMROOT/C96_atm3DVar_extended_547c5de0/gfs.20211221/18//products/atmos/grib2/1p00
+ JGLOBAL_ATMOS_PRODUCTS[17]: [[ ! -d /lfs/h2/emc/global/noscrub/globalworkflow.ci/GFS_CI_ROOT/PR/2644/RUNTESTS/COMROOT/C96_atm3DVar_extended_547c5de0/gfs.20211221/18//products/atmos/grib2/1p00 ]]
+ JGLOBAL_ATMOS_PRODUCTS[21]: export PREFIX=gfs.t18z.
+ JGLOBAL_ATMOS_PRODUCTS[21]: PREFIX=gfs.t18z.
+ JGLOBAL_ATMOS_PRODUCTS[25]: /lfs/h2/emc/global/noscrub/globalworkflow.ci/GFS_CI_ROOT/PR/2644/global-workflow/scripts/exglobal_atmos_products.sh
Begin exglobal_atmos_products.sh at Mon Jun  3 08:55:26 UTC 2024
+ exglobal_atmos_products.sh[6]: export WGRIB2=/apps/ops/para/libs/intel/19.1.3.304/wgrib2/2.0.8/bin/wgrib2
+ exglobal_atmos_products.sh[6]: WGRIB2=/apps/ops/para/libs/intel/19.1.3.304/wgrib2/2.0.8/bin/wgrib2
+ exglobal_atmos_products.sh[9]: INTERP_ATMOS_MASTERSH=/lfs/h2/emc/global/noscrub/globalworkflow.ci/GFS_CI_ROOT/PR/2644/global-workflow/ush/interp_atmos_master.sh
+ exglobal_atmos_products.sh[10]: INTERP_ATMOS_SFLUXSH=/lfs/h2/emc/global/noscrub/globalworkflow.ci/GFS_CI_ROOT/PR/2644/global-workflow/ush/interp_atmos_sflux.sh
+ exglobal_atmos_products.sh[13]: downset=2
+ exglobal_atmos_products.sh[14]: npe_atmos_products=24
+ exglobal_atmos_products.sh[17]: WGNE=YES
+ exglobal_atmos_products.sh[18]: FHMAX_WGNE=180
+ exglobal_atmos_products.sh[20]: cd /lfs/h2/emc/stmp/terry.mcguinness/RUNDIRS/C96_atm3DVar_extended_547c5de0/atmos_products.182911
+ exglobal_atmos_products.sh[24]: ((  FORECAST_HOUR <= 0  ))
++ exglobal_atmos_products.sh[35]: printf f%03d 261
+ exglobal_atmos_products.sh[35]: fhr3=f261
+ exglobal_atmos_products.sh[36]: ((  FORECAST_HOUR%FHOUT_PGBS == 0  ))
+ exglobal_atmos_products.sh[37]: PGBS=YES
+ exglobal_atmos_products.sh[45]: MASTER_FILE=/lfs/h2/emc/global/noscrub/globalworkflow.ci/GFS_CI_ROOT/PR/2644/RUNTESTS/COMROOT/C96_atm3DVar_extended_547c5de0/gfs.20211221/18//model_data/atmos/master/gfs.t18z.master.grb2f261
+ exglobal_atmos_products.sh[50]: grep -F -f /lfs/h2/emc/global/noscrub/globalworkflow.ci/GFS_CI_ROOT/PR/2644/global-workflow/parm/product/gfs.fFFF.paramlist.a.txt
+ exglobal_atmos_products.sh[50]: /apps/ops/para/libs/intel/19.1.3.304/wgrib2/2.0.8/bin/wgrib2 /lfs/h2/emc/global/noscrub/globalworkflow.ci/GFS_CI_ROOT/PR/2644/RUNTESTS/COMROOT/C96_atm3DVar_extended_547c5de0/gfs.20211221/18//model_data/atmos/master/gfs.t18z.master.grb2f261
+ exglobal_atmos_products.sh[50]: /apps/ops/para/libs/intel/19.1.3.304/wgrib2/2.0.8/bin/wgrib2 -i -grib tmpfile_f261 /lfs/h2/emc/global/noscrub/globalworkflow.ci/GFS_CI_ROOT/PR/2644/RUNTESTS/COMROOT/C96_atm3DVar_extended_547c5de0/gfs.20211221/18//model_data/atmos/master/gfs.t18z.master.grb2f261
1:0:d=2021122118:PRMSL:mean sea level:261 hour fcst:
2:95265:d=2021122118:CLMR:1 hybrid level:261 hour fcst:
3:117504:d=2021122118:ICMR:1 hybrid level:261 hour fcst:
4:140440:d=2021122118:RWMR:1 hybrid level:261 hour fcst:
5:170384:d=2021122118:SNMR:1 hybrid level:261 hour fcst:
6:208802:d=2021122118:GRLE:1 hybrid level:261 hour fcst:
7:216552:d=2021122118:REFD:1 hybrid level:261 hour fcst:
8:307096:d=2021122118:REFD:2 hybrid level:261 hour fcst:
9:397531:d=2021122118:REFC:entire atmosphere (considered as a single layer):261 hour fcst:
10:495859:d=2021122118:VIS:surface:261 hour fcst:
11:616995:d=2021122118:UGRD:planetary boundary layer:261 hour fcst:
12:666639:d=2021122118:VGRD:planetary boundary layer:261 hour fcst:
13:715749:d=2021122118:VRATE:planetary boundary layer:261 hour fcst:
14:743459:d=2021122118:GUST:surface:261 hour fcst:
15:795076:d=2021122118:HGT:0.01 mb:261 hour fcst:
16:868251:d=2021122118:TMP:0.01 mb:261 hour fcst:
17:909492:d=2021122118:RH:0.01 mb:261 hour fcst:
18:930545:d=2021122118:SPFH:0.01 mb:261 hour fcst:
19:1015762:d=2021122118:VVEL:0.01 mb:261 hour fcst:
20:1120781:d=2021122118:DZDT:0.01 mb:261 hour fcst:
21:1212981:d=2021122118:UGRD:0.01 mb:261 hour fcst:
22:1259516:d=2021122118:VGRD:0.01 mb:261 hour fcst:
23:1299916:d=2021122118:ABSV:0.01 mb:261 hour fcst:
24:1365835:d=2021122118:O3MR:0.01 mb:261 hour fcst:
25:1423165:d=2021122118:HGT:0.02 mb:261 hour fcst:
26:1495197:d=2021122118:TMP:0.02 mb:261 hour fcst:
27:1554666:d=2021122118:RH:0.02 mb:261 hour fcst:
28:1581603:d=2021122118:SPFH:0.02 mb:261 hour fcst:
29:1666613:d=2021122118:VVEL:0.02 mb:261 hour fcst:
30:1753652:d=2021122118:DZDT:0.02 mb:261 hour fcst:
31:1855743:d=2021122118:UGRD:0.02 mb:261 hour fcst:
32:1905160:d=2021122118:VGRD:0.02 mb:261 hour fcst:
33:1948879:d=2021122118:ABSV:0.02 mb:261 hour fcst:
34:2019869:d=2021122118:O3MR:0.02 mb:261 hour fcst:
35:2086935:d=2021122118:HGT:0.04 mb:261 hour fcst:
36:2153758:d=2021122118:TMP:0.04 mb:261 hour fcst:
37:2219774:d=2021122118:RH:0.04 mb:261 hour fcst:
38:2241848:d=2021122118:SPFH:0.04 mb:261 hour fcst:
39:2311815:d=2021122118:VVEL:0.04 mb:261 hour fcst:
40:2415808:d=2021122118:DZDT:0.04 mb:261 hour fcst:
41:2516620:d=2021122118:UGRD:0.04 mb:261 hour fcst:
42:2563622:d=2021122118:VGRD:0.04 mb:261 hour fcst:
43:2606956:d=2021122118:ABSV:0.04 mb:261 hour fcst:
44:2681442:d=2021122118:O3MR:0.04 mb:261 hour fcst:
45:2748966:d=2021122118:HGT:0.07 mb:261 hour fcst:
46:2814167:d=2021122118:TMP:0.07 mb:261 hour fcst:
47:2879516:d=2021122118:RH:0.07 mb:261 hour fcst:
48:2898112:d=2021122118:SPFH:0.07 mb:261 hour fcst:
49:2959428:d=2021122118:VVEL:0.07 mb:261 hour fcst:
50:3063705:d=2021122118:DZDT:0.07 mb:261 hour fcst:
51:3167126:d=2021122118:UGRD:0.07 mb:261 hour fcst:
52:3214575:d=2021122118:VGRD:0.07 mb:261 hour fcst:
53:3258716:d=2021122118:ABSV:0.07 mb:261 hour fcst:
54:3334370:d=2021122118:O3MR:0.07 mb:261 hour fcst:
55:3406794:d=2021122118:HGT:0.1 mb:261 hour fcst:
56:3470533:d=2021122118:TMP:0.1 mb:261 hour fcst:
57:3534047:d=2021122118:RH:0.1 mb:261 hour fcst:
58:3562748:d=2021122118:SPFH:0.1 mb:261 hour fcst:
59:3625236:d=2021122118:VVEL:0.1 mb:261 hour fcst:
60:3714348:d=2021122118:DZDT:0.1 mb:261 hour fcst:
61:3819344:d=2021122118:UGRD:0.1 mb:261 hour fcst:
62:3865396:d=2021122118:VGRD:0.1 mb:261 hour fcst:
63:3908707:d=2021122118:ABSV:0.1 mb:261 hour fcst:
64:3982934:d=2021122118:O3MR:0.1 mb:261 hour fcst:
65:4067986:d=2021122118:HGT:0.2 mb:261 hour fcst:
66:4130500:d=2021122118:TMP:0.2 mb:261 hour fcst:
67:4191648:d=2021122118:RH:0.2 mb:261 hour fcst:
68:4209476:d=2021122118:SPFH:0.2 mb:261 hour fcst:
69:4270666:d=2021122118:VVEL:0.2 mb:261 hour fcst:
70:4374032:d=2021122118:DZDT:0.2 mb:261 hour fcst:
71:4462730:d=2021122118:UGRD:0.2 mb:261 hour fcst:
72:4506564:d=2021122118:VGRD:0.2 mb:261 hour fcst:
73:4547914:d=2021122118:ABSV:0.2 mb:261 hour fcst:
74:4619378:d=2021122118:O3MR:0.2 mb:261 hour fcst:
75:4689751:d=2021122118:HGT:0.4 mb:261 hour fcst:
76:4750480:d=2021122118:TMP:0.4 mb:261 hour fcst:
77:4810267:d=2021122118:RH:0.4 mb:261 hour fcst:
78:4821446:d=2021122118:SPFH:0.4 mb:261 hour fcst:
79:4892908:d=2021122118:VVEL:0.4 mb:261 hour fcst:
80:4985718:d=2021122118:DZDT:0.4 mb:261 hour fcst:
81:5086668:d=2021122118:UGRD:0.4 mb:261 hour fcst:
82:5129217:d=2021122118:VGRD:0.4 mb:261 hour fcst:
83:5169122:d=2021122118:ABSV:0.4 mb:261 hour fcst:
84:5238016:d=2021122118:O3MR:0.4 mb:261 hour fcst:
85:5312634:d=2021122118:HGT:0.7 mb:261 hour fcst:
86:5372177:d=2021122118:TMP:0.7 mb:261 hour fcst:
87:5431492:d=2021122118:RH:0.7 mb:261 hour fcst:
88:5443276:d=2021122118:SPFH:0.7 mb:261 hour fcst:
89:5513214:d=2021122118:VVEL:0.7 mb:261 hour fcst:
90:5607722:d=2021122118:DZDT:0.7 mb:261 hour fcst:
91:5702233:d=2021122118:UGRD:0.7 mb:261 hour fcst:
92:5743860:d=2021122118:VGRD:0.7 mb:261 hour fcst:
93:5782665:d=2021122118:ABSV:0.7 mb:261 hour fcst:
94:5850340:d=2021122118:O3MR:0.7 mb:261 hour fcst:
95:5929515:d=2021122118:HGT:1 mb:261 hour fcst:
96:5988343:d=2021122118:TMP:1 mb:261 hour fcst:
97:6046930:d=2021122118:RH:1 mb:261 hour fcst:
98:6054866:d=2021122118:SPFH:1 mb:261 hour fcst:
99:6126511:d=2021122118:VVEL:1 mb:261 hour fcst:
100:6231432:d=2021122118:DZDT:1 mb:261 hour fcst:
101:6331684:d=2021122118:UGRD:1 mb:261 hour fcst:
102:6372115:d=2021122118:VGRD:1 mb:261 hour fcst:
103:6409767:d=2021122118:ABSV:1 mb:261 hour fcst:
104:6475055:d=2021122118:O3MR:1 mb:261 hour fcst:
105:6556722:d=2021122118:HGT:2 mb:261 hour fcst:
106:6613463:d=2021122118:TMP:2 mb:261 hour fcst:
107:6673120:d=2021122118:RH:2 mb:261 hour fcst:
108:6679358:d=2021122118:SPFH:2 mb:261 hour fcst:
109:6750433:d=2021122118:VVEL:2 mb:261 hour fcst:
110:6842598:d=2021122118:DZDT:2 mb:261 hour fcst:
111:6953913:d=2021122118:UGRD:2 mb:261 hour fcst:
112:6993923:d=2021122118:VGRD:2 mb:261 hour fcst:
113:7030620:d=2021122118:ABSV:2 mb:261 hour fcst:
114:7095234:d=2021122118:O3MR:2 mb:261 hour fcst:
115:7170132:d=2021122118:HGT:3 mb:261 hour fcst:
116:7225138:d=2021122118:TMP:3 mb:261 hour fcst:
117:7283541:d=2021122118:RH:3 mb:261 hour fcst:
118:7293404:d=2021122118:SPFH:3 mb:261 hour fcst:
119:7368108:d=2021122118:VVEL:3 mb:261 hour fcst:
120:7464035:d=2021122118:DZDT:3 mb:261 hour fcst:
121:7571967:d=2021122118:UGRD:3 mb:261 hour fcst:
122:7610533:d=2021122118:VGRD:3 mb:261 hour fcst:
123:7644645:d=2021122118:ABSV:3 mb:261 hour fcst:
124:7707770:d=2021122118:O3MR:3 mb:261 hour fcst:
125:7782517:d=2021122118:HGT:5 mb:261 hour fcst:
126:7844308:d=2021122118:TMP:5 mb:261 hour fcst:
127:7902753:d=2021122118:RH:5 mb:261 hour fcst:
128:7909074:d=2021122118:SPFH:5 mb:261 hour fcst:
129:7977336:d=2021122118:VVEL:5 mb:261 hour fcst:
130:8078570:d=2021122118:DZDT:5 mb:261 hour fcst:
131:8184419:d=2021122118:UGRD:5 mb:261 hour fcst:
132:8223227:d=2021122118:VGRD:5 mb:261 hour fcst:
133:8258155:d=2021122118:ABSV:5 mb:261 hour fcst:
134:8322092:d=2021122118:O3MR:5 mb:261 hour fcst:
135:8397168:d=2021122118:HGT:7 mb:261 hour fcst:
136:8457192:d=2021122118:TMP:7 mb:261 hour fcst:
137:8514191:d=2021122118:RH:7 mb:261 hour fcst:
138:8523159:d=2021122118:SPFH:7 mb:261 hour fcst:
139:8583801:d=2021122118:VVEL:7 mb:261 hour fcst:
140:8687993:d=2021122118:DZDT:7 mb:261 hour fcst:
141:8791350:d=2021122118:UGRD:7 mb:261 hour fcst:
142:8827910:d=2021122118:VGRD:7 mb:261 hour fcst:
143:8861818:d=2021122118:ABSV:7 mb:261 hour fcst:
144:8924504:d=2021122118:O3MR:7 mb:261 hour fcst:
145:8997686:d=2021122118:HGT:10 mb:261 hour fcst:
146:9056418:d=2021122118:TMP:10 mb:261 hour fcst:
147:9112165:d=2021122118:RH:10 mb:261 hour fcst:
148:9126010:d=2021122118:SPFH:10 mb:261 hour fcst:
149:9186353:d=2021122118:VVEL:10 mb:261 hour fcst:
150:9294061:d=2021122118:DZDT:10 mb:261 hour fcst:
151:9396019:d=2021122118:UGRD:10 mb:261 hour fcst:
152:9433744:d=2021122118:VGRD:10 mb:261 hour fcst:
153:9466984:d=2021122118:ABSV:10 mb:261 hour fcst:
154:9529047:d=2021122118:O3MR:10 mb:261 hour fcst:
155:9604042:d=2021122118:HGT:15 mb:261 hour fcst:
156:9662047:d=2021122118:TMP:15 mb:261 hour fcst:
157:9717714:d=2021122118:RH:15 mb:261 hour fcst:
158:9726283:d=2021122118:SPFH:15 mb:261 hour fcst:
159:9789324:d=2021122118:VVEL:15 mb:261 hour fcst:
160:9902378:d=2021122118:DZDT:15 mb:261 hour fcst:
161:10004400:d=2021122118:UGRD:15 mb:261 hour fcst:
162:10041492:d=2021122118:VGRD:15 mb:261 hour fcst:
163:10075158:d=2021122118:ABSV:15 mb:261 hour fcst:
164:10138161:d=2021122118:O3MR:15 mb:261 hour fcst:
165:10225134:d=2021122118:HGT:20 mb:261 hour fcst:
166:10282518:d=2021122118:TMP:20 mb:261 hour fcst:
167:10337514:d=2021122118:RH:20 mb:261 hour fcst:
168:10347695:d=2021122118:SPFH:20 mb:261 hour fcst:
169:10411670:d=2021122118:VVEL:20 mb:261 hour fcst:
170:10518417:d=2021122118:DZDT:20 mb:261 hour fcst:
171:10619161:d=2021122118:UGRD:20 mb:261 hour fcst:
172:10656038:d=2021122118:VGRD:20 mb:261 hour fcst:
173:10689758:d=2021122118:ABSV:20 mb:261 hour fcst:
174:10751739:d=2021122118:O3MR:20 mb:261 hour fcst:
175:10841024:d=2021122118:HGT:30 mb:261 hour fcst:
176:10906184:d=2021122118:TMP:30 mb:261 hour fcst:
177:10960444:d=2021122118:RH:30 mb:261 hour fcst:
178:10975631:d=2021122118:SPFH:30 mb:261 hour fcst:
179:11053396:d=2021122118:VVEL:30 mb:261 hour fcst:
180:11165265:d=2021122118:DZDT:30 mb:261 hour fcst:
181:11264824:d=2021122118:UGRD:30 mb:261 hour fcst:
182:11300974:d=2021122118:VGRD:30 mb:261 hour fcst:
183:11360031:d=2021122118:ABSV:30 mb:261 hour fcst:
184:11419656:d=2021122118:O3MR:30 mb:261 hour fcst:
185:11509914:d=2021122118:HGT:40 mb:261 hour fcst:
186:11574074:d=2021122118:TMP:40 mb:261 hour fcst:
187:11630627:d=2021122118:RH:40 mb:261 hour fcst:
188:11648690:d=2021122118:SPFH:40 mb:261 hour fcst:
189:11727774:d=2021122118:VVEL:40 mb:261 hour fcst:
190:11843445:d=2021122118:DZDT:40 mb:261 hour fcst:
191:11942511:d=2021122118:UGRD:40 mb:261 hour fcst:
192:12007476:d=2021122118:VGRD:40 mb:261 hour fcst:
193:12069260:d=2021122118:ABSV:40 mb:261 hour fcst:
194:12132041:d=2021122118:O3MR:40 mb:261 hour fcst:
195:12226135:d=2021122118:HGT:50 mb:261 hour fcst:
196:12289943:d=2021122118:TMP:50 mb:261 hour fcst:
197:12345502:d=2021122118:RH:50 mb:261 hour fcst:
198:12365402:d=2021122118:TCDC:50 mb:261 hour fcst:
199:12365581:d=2021122118:SPFH:50 mb:261 hour fcst:
200:12443556:d=2021122118:VVEL:50 mb:261 hour fcst:
201:12538698:d=2021122118:DZDT:50 mb:261 hour fcst:
202:12636586:d=2021122118:UGRD:50 mb:261 hour fcst:
203:12701304:d=2021122118:VGRD:50 mb:261 hour fcst:
204:12762765:d=2021122118:ABSV:50 mb:261 hour fcst:
205:12825826:d=2021122118:CLMR:50 mb:261 hour fcst:
206:12826005:d=2021122118:ICMR:50 mb:261 hour fcst:
207:12826184:d=2021122118:RWMR:50 mb:261 hour fcst:
208:12826363:d=2021122118:SNMR:50 mb:261 hour fcst:
209:12826542:d=2021122118:GRLE:50 mb:261 hour fcst:
210:12826721:d=2021122118:O3MR:50 mb:261 hour fcst:
211:12918797:d=2021122118:HGT:70 mb:261 hour fcst:
212:12983290:d=2021122118:TMP:70 mb:261 hour fcst:
213:13041029:d=2021122118:RH:70 mb:261 hour fcst:
215:13070310:d=2021122118:SPFH:70 mb:261 hour fcst:
216:13151137:d=2021122118:VVEL:70 mb:261 hour fcst:
217:13251537:d=2021122118:DZDT:70 mb:261 hour fcst:
218:13349384:d=2021122118:UGRD:70 mb:261 hour fcst:
219:13416385:d=2021122118:VGRD:70 mb:261 hour fcst:
220:13480290:d=2021122118:ABSV:70 mb:261 hour fcst:
226:13548339:d=2021122118:O3MR:70 mb:261 hour fcst:
227:13638593:d=2021122118:HGT:100 mb:261 hour fcst:
228:13704438:d=2021122118:TMP:100 mb:261 hour fcst:
229:13763353:d=2021122118:RH:100 mb:261 hour fcst:
230:13795694:d=2021122118:TCDC:100 mb:261 hour fcst:
231:13797612:d=2021122118:SPFH:100 mb:261 hour fcst:
232:13883976:d=2021122118:VVEL:100 mb:261 hour fcst:
233:13991987:d=2021122118:DZDT:100 mb:261 hour fcst:
234:14092574:d=2021122118:UGRD:100 mb:261 hour fcst:
235:14163459:d=2021122118:VGRD:100 mb:261 hour fcst:
236:14232165:d=2021122118:ABSV:100 mb:261 hour fcst:
237:14304716:d=2021122118:CLMR:100 mb:261 hour fcst:
238:14304895:d=2021122118:ICMR:100 mb:261 hour fcst:
239:14308771:d=2021122118:RWMR:100 mb:261 hour fcst:
240:14308950:d=2021122118:SNMR:100 mb:261 hour fcst:
241:14309470:d=2021122118:GRLE:100 mb:261 hour fcst:
242:14310620:d=2021122118:O3MR:100 mb:261 hour fcst:
259:15111910:d=2021122118:HGT:150 mb:261 hour fcst:
260:15180761:d=2021122118:TMP:150 mb:261 hour fcst:
261:15241073:d=2021122118:RH:150 mb:261 hour fcst:
262:15283466:d=2021122118:TCDC:150 mb:261 hour fcst:
263:15298553:d=2021122118:SPFH:150 mb:261 hour fcst:
264:15372253:d=2021122118:VVEL:150 mb:261 hour fcst:
265:15457530:d=2021122118:DZDT:150 mb:261 hour fcst:
266:15553256:d=2021122118:UGRD:150 mb:261 hour fcst:
267:15599126:d=2021122118:VGRD:150 mb:261 hour fcst:
268:15671300:d=2021122118:ABSV:150 mb:261 hour fcst:
269:15748066:d=2021122118:CLMR:150 mb:261 hour fcst:
270:15748245:d=2021122118:ICMR:150 mb:261 hour fcst:
271:15765552:d=2021122118:RWMR:150 mb:261 hour fcst:
272:15765731:d=2021122118:SNMR:150 mb:261 hour fcst:
273:15766862:d=2021122118:GRLE:150 mb:261 hour fcst:
274:15768487:d=2021122118:O3MR:150 mb:261 hour fcst:
291:16582316:d=2021122118:HGT:200 mb:261 hour fcst:
292:16653735:d=2021122118:TMP:200 mb:261 hour fcst:
293:16717479:d=2021122118:RH:200 mb:261 hour fcst:
294:16773410:d=2021122118:TCDC:200 mb:261 hour fcst:
295:16801384:d=2021122118:SPFH:200 mb:261 hour fcst:
296:16886556:d=2021122118:VVEL:200 mb:261 hour fcst:
297:16978097:d=2021122118:DZDT:200 mb:261 hour fcst:
298:17054211:d=2021122118:UGRD:200 mb:261 hour fcst:
299:17102469:d=2021122118:VGRD:200 mb:261 hour fcst:
300:17151695:d=2021122118:ABSV:200 mb:261 hour fcst:
301:17233751:d=2021122118:CLMR:200 mb:261 hour fcst:
302:17233930:d=2021122118:ICMR:200 mb:261 hour fcst:
303:17265747:d=2021122118:RWMR:200 mb:261 hour fcst:
304:17265926:d=2021122118:SNMR:200 mb:261 hour fcst:
305:17271719:d=2021122118:GRLE:200 mb:261 hour fcst:
306:17273538:d=2021122118:O3MR:200 mb:261 hour fcst:
323:18178828:d=2021122118:HGT:250 mb:261 hour fcst:
324:18252450:d=2021122118:TMP:250 mb:261 hour fcst:
325:18316895:d=2021122118:RH:250 mb:261 hour fcst:
326:18380435:d=2021122118:TCDC:250 mb:261 hour fcst:
327:18417755:d=2021122118:SPFH:250 mb:261 hour fcst:
328:18503204:d=2021122118:VVEL:250 mb:261 hour fcst:
329:18600108:d=2021122118:DZDT:250 mb:261 hour fcst:
330:18678875:d=2021122118:UGRD:250 mb:261 hour fcst:
331:18729715:d=2021122118:VGRD:250 mb:261 hour fcst:
332:18781533:d=2021122118:ABSV:250 mb:261 hour fcst:
333:18868728:d=2021122118:CLMR:250 mb:261 hour fcst:
334:18868907:d=2021122118:ICMR:250 mb:261 hour fcst:
335:18915934:d=2021122118:RWMR:250 mb:261 hour fcst:
336:18916113:d=2021122118:SNMR:250 mb:261 hour fcst:
337:18931061:d=2021122118:GRLE:250 mb:261 hour fcst:
338:18932673:d=2021122118:O3MR:250 mb:261 hour fcst:
355:19900069:d=2021122118:HGT:300 mb:261 hour fcst:
356:19974104:d=2021122118:TMP:300 mb:261 hour fcst:
357:20038643:d=2021122118:RH:300 mb:261 hour fcst:
358:20105195:d=2021122118:TCDC:300 mb:261 hour fcst:
359:20145717:d=2021122118:SPFH:300 mb:261 hour fcst:
360:20241580:d=2021122118:VVEL:300 mb:261 hour fcst:
361:20342663:d=2021122118:DZDT:300 mb:261 hour fcst:
362:20422923:d=2021122118:UGRD:300 mb:261 hour fcst:
363:20474874:d=2021122118:VGRD:300 mb:261 hour fcst:
364:20528621:d=2021122118:ABSV:300 mb:261 hour fcst:
365:20618784:d=2021122118:CLMR:300 mb:261 hour fcst:
366:20619077:d=2021122118:ICMR:300 mb:261 hour fcst:
367:20672636:d=2021122118:RWMR:300 mb:261 hour fcst:
368:20672815:d=2021122118:SNMR:300 mb:261 hour fcst:
369:20696575:d=2021122118:GRLE:300 mb:261 hour fcst:
370:20698227:d=2021122118:O3MR:300 mb:261 hour fcst:
387:21681495:d=2021122118:HGT:350 mb:261 hour fcst:
388:21755408:d=2021122118:TMP:350 mb:261 hour fcst:
389:21819303:d=2021122118:RH:350 mb:261 hour fcst:
390:21886748:d=2021122118:TCDC:350 mb:261 hour fcst:
391:21928723:d=2021122118:SPFH:350 mb:261 hour fcst:
392:22024673:d=2021122118:VVEL:350 mb:261 hour fcst:
393:22127522:d=2021122118:DZDT:350 mb:261 hour fcst:
394:22208573:d=2021122118:UGRD:350 mb:261 hour fcst:
395:22259487:d=2021122118:VGRD:350 mb:261 hour fcst:
396:22312762:d=2021122118:ABSV:350 mb:261 hour fcst:
397:22402408:d=2021122118:CLMR:350 mb:261 hour fcst:
398:22403241:d=2021122118:ICMR:350 mb:261 hour fcst:
399:22452966:d=2021122118:RWMR:350 mb:261 hour fcst:
400:22453459:d=2021122118:SNMR:350 mb:261 hour fcst:
401:22484168:d=2021122118:GRLE:350 mb:261 hour fcst:
402:22486717:d=2021122118:O3MR:350 mb:261 hour fcst:
419:2
*** FATAL ERROR: write error ***

3480429+ exglobal_atmos_products.sh[1]: postamble exglobal_atmos_products.sh 1717404926 8
+ preamble.sh[70]: set +x
End exglobal_atmos_products.sh at 08:55:28 with error code 8 (time elapsed: 00:00:02)
+ JGLOBAL_ATMOS_PRODUCTS[1]: postamble JGLOBAL_ATMOS_PRODUCTS 1717404924 8
+ preamble.sh[70]: set +x
End JGLOBAL_ATMOS_PRODUCTS at 08:55:29 with error code 8 (time elapsed: 00:00:05)
+ atmos_products.sh[1]: postamble atmos_products.sh 1717404922 8
+ preamble.sh[70]: set +x
End atmos_products.sh at 08:55:29 with error code 8 (time elapsed: 00:00:07)
PBS: Running epilogue on parent mom node: nid001203...
##### Job 134110268.cbqs01 - PBS Job Script:
(Note: Duplicate #PBS entries are a function how PBS interprets and caches the original job script.)

#! /bin/sh
#PBS -N C96_atm3DVar_extended_547c5de0_gfsatmos_prod_f261-f267_18
#PBS -A GFS-DEV
#PBS -q dev
#PBS -l walltime=00:15:00
#PBS -l select=1:mpiprocs=24:ompthreads=1:ncpus=24
#PBS -j oe -o /lfs/h2/emc/global/noscrub/globalworkflow.ci/GFS_CI_ROOT/PR/2644/RUNTESTS/COMROOT/C96_atm3DVar_extended_547c5de0/logs/2021122118/gfsatmos_prod_f261-f267.log
#PBS -l place=vscatter:exclhost
export RUN_ENVIR='emc'
export HOMEgfs='/lfs/h2/emc/global/noscrub/globalworkflow.ci/GFS_CI_ROOT/PR/2644/global-workflow'
export EXPDIR='/lfs/h2/emc/global/noscrub/globalworkflow.ci/GFS_CI_ROOT/PR/2644/RUNTESTS/EXPDIR/C96_atm3DVar_extended_547c5de0'
export NET='gfs'
export CDUMP='gfs'
export RUN='gfs'
export CDATE='2021122118'
export PDY='20211221'
export cyc='18'
export COMROOT='/lfs/h2/emc/global/noscrub/globalworkflow.ci/GFS_CI_ROOT/PR/2644/RUNTESTS/COMROOT'
export DATAROOT='/lfs/h2/emc/stmp/terry.mcguinness/RUNDIRS/C96_atm3DVar_extended_547c5de0'
export FHRLST='f261_f264_f267'
export COMPONENT='atmos'
set -x
/lfs/h2/emc/global/noscrub/globalworkflow.ci/GFS_CI_ROOT/PR/2644/global-workflow/jobs/rocoto/atmos_products.sh
##### End of job script
------------------------------------------------------------------

