+ OPTIND=1
+ getopts :j:dvh option
+ case "${option}" in
+ BUILD_JOBS=1
+ getopts :j:dvh option
+ shift 2
+ BUILD_TYPE=Release
+ BUILD_VERBOSE=NO
+ BUILD_JOBS=1
+ ./gfs_utils.fd/ush/build.sh
Running "module reset". Resetting modules to system default. The following $MODULEPATH directories have been removed: None

Currently Loaded Modules:
  1) contrib                          23) python/3.11.6
  2) intel/2022.1.2                   24) py-setuptools/63.4.3
  3) stack-intel/2021.5.0             25) py-numpy/1.23.4
  4) impi/2022.1.2                    26) bufr/11.7.0
  5) stack-intel-oneapi-mpi/2021.5.1  27) bacio/2.4.1
  6) nghttp2/1.57.0                   28) w3emc/2.10.0
  7) zlib/1.2.13                      29) sp/2.5.0
  8) curl/8.4.0                       30) ip/4.3.0
  9) cmake/3.23.1                     31) sigio/2.3.2
 10) libpng/1.6.37                    32) sfcio/1.4.1
 11) snappy/1.1.10                    33) nemsio/2.5.4
 12) zstd/1.5.2                       34) wrf-io/1.2.0
 13) c-blosc/1.21.5                   35) ncio/1.1.2
 14) pkg-config/0.27.1                36) libjpeg/2.1.0
 15) hdf5/1.14.0                      37) jasper/2.0.32
 16) netcdf-c/4.9.2                   38) g2/3.4.5
 17) netcdf-fortran/4.6.1             39) landsfcutil/2.4.1
 18) openblas/0.3.24                  40) gmake/3.82
 19) gettext/0.19.8.1                 41) wgrib2/2.0.8
 20) libxcrypt/4.4.35                 42) gfsutils_common
 21) sqlite/3.43.2                    43) gfsutils_hera.intel
 22) util-linux-uuid/2.38.1

 

+ cmake -DCMAKE_BUILD_TYPE=Release -DCMAKE_INSTALL_PREFIX=/scratch1/NCEPDEV/global/CI/2928/gefs/sorc/gfs_utils.fd/install /scratch1/NCEPDEV/global/CI/2928/gefs/sorc/gfs_utils.fd
-- The Fortran compiler identification is Intel 2021.5.0.20211109
-- Detecting Fortran compiler ABI info
-- Detecting Fortran compiler ABI info - done
-- Check for working Fortran compiler: /apps/oneapi/compiler/2022.0.2/linux/bin/intel64/ifort - skipped
-- Found MPI_Fortran: /apps/oneapi/mpi/2021.5.1/lib/libmpifort.so (found version "3.1") 
-- Found MPI: TRUE (found version "3.1")  
-- Found NetCDF: /scratch1/NCEPDEV/nems/role.epic/spack-stack/spack-stack-1.6.0/envs/gsi-addon-dev-rocky8/install/intel/2021.5.0/netcdf-c-4.9.2-ejp7j3k/include;/scratch1/NCEPDEV/nems/role.epic/spack-stack/spack-stack-1.6.0/envs/gsi-addon-dev-rocky8/install/intel/2021.5.0/netcdf-fortran-4.6.1-ifhqcwv/include (found version "4.9.2") found components: Fortran 
-- FindNetCDF defines targets:
--   - NetCDF_VERSION [4.9.2]
--   - NetCDF_PARALLEL [TRUE]
--   - NetCDF_C_CONFIG_EXECUTABLE [/scratch1/NCEPDEV/nems/role.epic/spack-stack/spack-stack-1.6.0/envs/gsi-addon-dev-rocky8/install/intel/2021.5.0/netcdf-c-4.9.2-ejp7j3k/bin/nc-config]
--   - NetCDF::NetCDF_C [SHARED] [Root: /scratch1/NCEPDEV/nems/role.epic/spack-stack/spack-stack-1.6.0/envs/gsi-addon-dev-rocky8/install/intel/2021.5.0/netcdf-c-4.9.2-ejp7j3k] Lib: /scratch1/NCEPDEV/nems/role.epic/spack-stack/spack-stack-1.6.0/envs/gsi-addon-dev-rocky8/install/intel/2021.5.0/netcdf-c-4.9.2-ejp7j3k/lib/libnetcdf.so 
--   - NetCDF_Fortran_CONFIG_EXECUTABLE [/scratch1/NCEPDEV/nems/role.epic/spack-stack/spack-stack-1.6.0/envs/gsi-addon-dev-rocky8/install/intel/2021.5.0/netcdf-fortran-4.6.1-ifhqcwv/bin/nf-config]
--   - NetCDF::NetCDF_Fortran [SHARED] [Root: /scratch1/NCEPDEV/nems/role.epic/spack-stack/spack-stack-1.6.0/envs/gsi-addon-dev-rocky8/install/intel/2021.5.0/netcdf-fortran-4.6.1-ifhqcwv] Lib: /scratch1/NCEPDEV/nems/role.epic/spack-stack/spack-stack-1.6.0/envs/gsi-addon-dev-rocky8/install/intel/2021.5.0/netcdf-fortran-4.6.1-ifhqcwv/lib/libnetcdff.so 
-- Found OpenMP_Fortran: -qopenmp (found version "5.0") 
-- Found OpenMP: TRUE (found version "5.0") found components: Fortran 
-- Found bacio: /scratch1/NCEPDEV/nems/role.epic/spack-stack/spack-stack-1.6.0/envs/gsi-addon-dev-rocky8/install/intel/2021.5.0/bacio-2.4.1-wqq7qmr/lib/libbacio_4.a (found version "2.4.1")
-- Found bacio: /scratch1/NCEPDEV/nems/role.epic/spack-stack/spack-stack-1.6.0/envs/gsi-addon-dev-rocky8/install/intel/2021.5.0/bacio-2.4.1-wqq7qmr/lib/libbacio_4.a (found version "2.4.1")
-- Found w3emc: /scratch1/NCEPDEV/nems/role.epic/spack-stack/spack-stack-1.6.0/envs/gsi-addon-dev-rocky8/install/intel/2021.5.0/w3emc-2.10.0-xer6twa/lib64/libw3emc_4.a (found version "2.10.0")
-- Found sp: /scratch1/NCEPDEV/nems/role.epic/spack-stack/spack-stack-1.6.0/envs/gsi-addon-dev-rocky8/install/intel/2021.5.0/sp-2.5.0-2pqzhuv/lib64/libsp_4.a (found version "2.5.0")
-- Found OpenMP_Fortran: -qopenmp (found version "5.0") 
-- Found sp: /scratch1/NCEPDEV/nems/role.epic/spack-stack/spack-stack-1.6.0/envs/gsi-addon-dev-rocky8/install/intel/2021.5.0/sp-2.5.0-2pqzhuv/lib64/libsp_4.a (found version "2.5.0")
-- Found ip: /scratch1/NCEPDEV/nems/role.epic/spack-stack/spack-stack-1.6.0/envs/gsi-addon-dev-rocky8/install/intel/2021.5.0/ip-4.3.0-ozyjvbg/lib64/libip_4.a (found version "4.2.0")
-- Found ncio: /scratch1/NCEPDEV/nems/role.epic/spack-stack/spack-stack-1.6.0/envs/gsi-addon-dev-rocky8/install/intel/2021.5.0/ncio-1.1.2-j4x7tb3/lib64/libncio.a (found version "1.1.2")
-- Found bacio: /scratch1/NCEPDEV/nems/role.epic/spack-stack/spack-stack-1.6.0/envs/gsi-addon-dev-rocky8/install/intel/2021.5.0/bacio-2.4.1-wqq7qmr/lib/libbacio_4.a (found version "2.4.1")
-- Found bacio: /scratch1/NCEPDEV/nems/role.epic/spack-stack/spack-stack-1.6.0/envs/gsi-addon-dev-rocky8/install/intel/2021.5.0/bacio-2.4.1-wqq7qmr/lib/libbacio_4.a (found version "2.4.1")
-- Found w3emc: /scratch1/NCEPDEV/nems/role.epic/spack-stack/spack-stack-1.6.0/envs/gsi-addon-dev-rocky8/install/intel/2021.5.0/w3emc-2.10.0-xer6twa/lib64/libw3emc_4.a (found version "2.10.0")
-- Found MPI: TRUE (found version "3.1") found components: Fortran 
-- Found nemsio: /scratch1/NCEPDEV/nems/role.epic/spack-stack/spack-stack-1.6.0/envs/gsi-addon-dev-rocky8/install/intel/2021.5.0/nemsio-2.5.4-gvup4la/lib64/libnemsio.a (found version "2.5.4")
-- Found sigio: /scratch1/NCEPDEV/nems/role.epic/spack-stack/spack-stack-1.6.0/envs/gsi-addon-dev-rocky8/install/intel/2021.5.0/sigio-2.3.2-kupug57/lib/libsigio.a (found version "2.3.0")
-- Found ZLIB: /scratch1/NCEPDEV/nems/role.epic/spack-stack/spack-stack-1.6.0/envs/gsi-addon-dev-rocky8/install/intel/2021.5.0/zlib-1.2.13-eabxx4z/lib/libz.a (found version "1.2.13") 
-- Found PNG: /scratch1/NCEPDEV/nems/role.epic/spack-stack/spack-stack-1.6.0/envs/gsi-addon-dev-rocky8/install/intel/2021.5.0/libpng-1.6.37-cha7kfi/lib64/libpng.so (found version "1.6.37") 
-- Found g2: /scratch1/NCEPDEV/nems/role.epic/spack-stack/spack-stack-1.6.0/envs/gsi-addon-dev-rocky8/install/intel/2021.5.0/g2-3.4.5-77xve5x/lib64/libg2_4.a (found version "3.4.5")
-- Found bufr: /scratch1/NCEPDEV/nems/role.epic/spack-stack/spack-stack-1.6.0/envs/gsi-addon-dev-rocky8/install/intel/2021.5.0/bufr-11.7.0-w62mmgj/lib64/libbufr_4.so (found version "11.7.0")
-- Found landsfcutil: /scratch1/NCEPDEV/nems/role.epic/spack-stack/spack-stack-1.6.0/envs/gsi-addon-dev-rocky8/install/intel/2021.5.0/landsfcutil-2.4.1-uxl43od/lib/liblandsfcutil_4.a (found version "2.4.0")
-- Found wgrib2: /scratch1/NCEPDEV/nems/role.epic/spack-stack/spack-stack-1.6.0/envs/gsi-addon-dev-rocky8/install/intel/2021.5.0/wgrib2-2.0.8-nauzcdx/lib/libwgrib2.a (found version "2.0.8") 
-- Findwgrib2:
--   - WGRIB2_INCLUDE_DIR: /scratch1/NCEPDEV/nems/role.epic/spack-stack/spack-stack-1.6.0/envs/gsi-addon-dev-rocky8/install/intel/2021.5.0/wgrib2-2.0.8-nauzcdx/include
--   - WGRIB2_LIBRARIES: /scratch1/NCEPDEV/nems/role.epic/spack-stack/spack-stack-1.6.0/envs/gsi-addon-dev-rocky8/install/intel/2021.5.0/wgrib2-2.0.8-nauzcdx/lib/libwgrib2.a
--   - WGRIB2_EXE: /scratch1/NCEPDEV/nems/role.epic/spack-stack/spack-stack-1.6.0/envs/gsi-addon-dev-rocky8/install/intel/2021.5.0/wgrib2-2.0.8-nauzcdx/bin/wgrib2
--   - WGRIB2_VERSION: 2.0.8
-- Could NOT find gempak (missing: GEMPAK_LIBRARIES GEMPAK_INCLUDE_DIR OS_GEMPAK_INCLUDE_DIR) 
-- Could NOT find gfortran (missing: GFORTRAN_LIBRARY) 
CMake Warning at src/CMakeLists.txt:20 (message):
  GEMPAK not found, skipping rdbfmsua.fd


CMake Warning at src/CMakeLists.txt:23 (message):
  gfortran not found, skipping rdbfmsua.fd


-- Configuring done
-- Generating done
-- Build files have been written to: /scratch1/NCEPDEV/global/CI/2928/gefs/sorc/gfs_utils.fd/build
+ make -j 1 VERBOSE=NO
/scratch1/NCEPDEV/nems/role.epic/spack-stack/spack-stack-1.6.0/envs/gsi-addon-dev-rocky8/install/intel/2021.5.0/cmake-3.23.1-qjplcak/bin/cmake -S/scratch1/NCEPDEV/global/CI/2928/gefs/sorc/gfs_utils.fd -B/scratch1/NCEPDEV/global/CI/2928/gefs/sorc/gfs_utils.fd/build --check-build-system CMakeFiles/Makefile.cmake 0
/scratch1/NCEPDEV/nems/role.epic/spack-stack/spack-stack-1.6.0/envs/gsi-addon-dev-rocky8/install/intel/2021.5.0/cmake-3.23.1-qjplcak/bin/cmake -E cmake_progress_start /scratch1/NCEPDEV/global/CI/2928/gefs/sorc/gfs_utils.fd/build/CMakeFiles /scratch1/NCEPDEV/global/CI/2928/gefs/sorc/gfs_utils.fd/build//CMakeFiles/progress.marks
make  -f CMakeFiles/Makefile2 all
make[1]: Entering directory '/scratch1/NCEPDEV/global/CI/2928/gefs/sorc/gfs_utils.fd/build'
make  -f src/enkf_chgres_recenter_nc.fd/CMakeFiles/enkf_chgres_recenter_nc.x.dir/build.make src/enkf_chgres_recenter_nc.fd/CMakeFiles/enkf_chgres_recenter_nc.x.dir/depend
make[2]: Entering directory '/scratch1/NCEPDEV/global/CI/2928/gefs/sorc/gfs_utils.fd/build'
cd /scratch1/NCEPDEV/global/CI/2928/gefs/sorc/gfs_utils.fd/build && /scratch1/NCEPDEV/nems/role.epic/spack-stack/spack-stack-1.6.0/envs/gsi-addon-dev-rocky8/install/intel/2021.5.0/cmake-3.23.1-qjplcak/bin/cmake -E cmake_depends "Unix Makefiles" /scratch1/NCEPDEV/global/CI/2928/gefs/sorc/gfs_utils.fd /scratch1/NCEPDEV/global/CI/2928/gefs/sorc/gfs_utils.fd/src/enkf_chgres_recenter_nc.fd /scratch1/NCEPDEV/global/CI/2928/gefs/sorc/gfs_utils.fd/build /scratch1/NCEPDEV/global/CI/2928/gefs/sorc/gfs_utils.fd/build/src/enkf_chgres_recenter_nc.fd /scratch1/NCEPDEV/global/CI/2928/gefs/sorc/gfs_utils.fd/build/src/enkf_chgres_recenter_nc.fd/CMakeFiles/enkf_chgres_recenter_nc.x.dir/DependInfo.cmake --color=
Dependee "/scratch1/NCEPDEV/global/CI/2928/gefs/sorc/gfs_utils.fd/build/src/enkf_chgres_recenter_nc.fd/CMakeFiles/enkf_chgres_recenter_nc.x.dir/DependInfo.cmake" is newer than depender "/scratch1/NCEPDEV/global/CI/2928/gefs/sorc/gfs_utils.fd/build/src/enkf_chgres_recenter_nc.fd/CMakeFiles/enkf_chgres_recenter_nc.x.dir/depend.internal".
Dependee "/scratch1/NCEPDEV/global/CI/2928/gefs/sorc/gfs_utils.fd/build/src/enkf_chgres_recenter_nc.fd/CMakeFiles/CMakeDirectoryInformation.cmake" is newer than depender "/scratch1/NCEPDEV/global/CI/2928/gefs/sorc/gfs_utils.fd/build/src/enkf_chgres_recenter_nc.fd/CMakeFiles/enkf_chgres_recenter_nc.x.dir/depend.internal".
Scanning dependencies of target enkf_chgres_recenter_nc.x
make[2]: Leaving directory '/scratch1/NCEPDEV/global/CI/2928/gefs/sorc/gfs_utils.fd/build'
make  -f src/enkf_chgres_recenter_nc.fd/CMakeFiles/enkf_chgres_recenter_nc.x.dir/build.make src/enkf_chgres_recenter_nc.fd/CMakeFiles/enkf_chgres_recenter_nc.x.dir/build
make[2]: Entering directory '/scratch1/NCEPDEV/global/CI/2928/gefs/sorc/gfs_utils.fd/build'
[  1%] Building Fortran object src/enkf_chgres_recenter_nc.fd/CMakeFiles/enkf_chgres_recenter_nc.x.dir/setup.f90.o
cd /scratch1/NCEPDEV/global/CI/2928/gefs/sorc/gfs_utils.fd/build/src/enkf_chgres_recenter_nc.fd && /apps/oneapi/compiler/2022.0.2/linux/bin/intel64/ifort -DIP_V4 -I/scratch1/NCEPDEV/nems/role.epic/spack-stack/spack-stack-1.6.0/envs/gsi-addon-dev-rocky8/install/intel/2021.5.0/netcdf-fortran-4.6.1-ifhqcwv/include -I/scratch1/NCEPDEV/nems/role.epic/spack-stack/spack-stack-1.6.0/envs/gsi-addon-dev-rocky8/install/intel/2021.5.0/netcdf-c-4.9.2-ejp7j3k/include -I/apps/oneapi/mpi/2021.5.1/include -I/scratch1/NCEPDEV/nems/role.epic/spack-stack/spack-stack-1.6.0/envs/gsi-addon-dev-rocky8/install/intel/2021.5.0/bacio-2.4.1-wqq7qmr/include_4 -I/scratch1/NCEPDEV/nems/role.epic/spack-stack/spack-stack-1.6.0/envs/gsi-addon-dev-rocky8/install/intel/2021.5.0/ip-4.3.0-ozyjvbg/include_4 -I/scratch1/NCEPDEV/nems/role.epic/spack-stack/spack-stack-1.6.0/envs/gsi-addon-dev-rocky8/install/intel/2021.5.0/w3emc-2.10.0-xer6twa/include_4 -I/scratch1/NCEPDEV/nems/role.epic/spack-stack/spack-stack-1.6.0/envs/gsi-addon-dev-rocky8/install/intel/2021.5.0/ncio-1.1.2-j4x7tb3/include -g -traceback -fp-model precise -O3 -qopenmp -c /scratch1/NCEPDEV/global/CI/2928/gefs/sorc/gfs_utils.fd/src/enkf_chgres_recenter_nc.fd/setup.f90 -o CMakeFiles/enkf_chgres_recenter_nc.x.dir/setup.f90.o
/scratch1/NCEPDEV/nems/role.epic/spack-stack/spack-stack-1.6.0/envs/gsi-addon-dev-rocky8/install/intel/2021.5.0/cmake-3.23.1-qjplcak/bin/cmake -E cmake_copy_f90_mod src/enkf_chgres_recenter_nc.fd/setup.mod src/enkf_chgres_recenter_nc.fd/CMakeFiles/enkf_chgres_recenter_nc.x.dir/setup.mod.stamp Intel
[  2%] Building Fortran object src/enkf_chgres_recenter_nc.fd/CMakeFiles/enkf_chgres_recenter_nc.x.dir/utils.f90.o
cd /scratch1/NCEPDEV/global/CI/2928/gefs/sorc/gfs_utils.fd/build/src/enkf_chgres_recenter_nc.fd && /apps/oneapi/compiler/2022.0.2/linux/bin/intel64/ifort -DIP_V4 -I/scratch1/NCEPDEV/nems/role.epic/spack-stack/spack-stack-1.6.0/envs/gsi-addon-dev-rocky8/install/intel/2021.5.0/netcdf-fortran-4.6.1-ifhqcwv/include -I/scratch1/NCEPDEV/nems/role.epic/spack-stack/spack-stack-1.6.0/envs/gsi-addon-dev-rocky8/install/intel/2021.5.0/netcdf-c-4.9.2-ejp7j3k/include -I/apps/oneapi/mpi/2021.5.1/include -I/scratch1/NCEPDEV/nems/role.epic/spack-stack/spack-stack-1.6.0/envs/gsi-addon-dev-rocky8/install/intel/2021.5.0/bacio-2.4.1-wqq7qmr/include_4 -I/scratch1/NCEPDEV/nems/role.epic/spack-stack/spack-stack-1.6.0/envs/gsi-addon-dev-rocky8/install/intel/2021.5.0/ip-4.3.0-ozyjvbg/include_4 -I/scratch1/NCEPDEV/nems/role.epic/spack-stack/spack-stack-1.6.0/envs/gsi-addon-dev-rocky8/install/intel/2021.5.0/w3emc-2.10.0-xer6twa/include_4 -I/scratch1/NCEPDEV/nems/role.epic/spack-stack/spack-stack-1.6.0/envs/gsi-addon-dev-rocky8/install/intel/2021.5.0/ncio-1.1.2-j4x7tb3/include -g -traceback -fp-model precise -O3 -qopenmp -c /scratch1/NCEPDEV/global/CI/2928/gefs/sorc/gfs_utils.fd/src/enkf_chgres_recenter_nc.fd/utils.f90 -o CMakeFiles/enkf_chgres_recenter_nc.x.dir/utils.f90.o
/scratch1/NCEPDEV/nems/role.epic/spack-stack/spack-stack-1.6.0/envs/gsi-addon-dev-rocky8/install/intel/2021.5.0/cmake-3.23.1-qjplcak/bin/cmake -E cmake_copy_f90_mod src/enkf_chgres_recenter_nc.fd/utils.mod src/enkf_chgres_recenter_nc.fd/CMakeFiles/enkf_chgres_recenter_nc.x.dir/utils.mod.stamp Intel
[  3%] Building Fortran object src/enkf_chgres_recenter_nc.fd/CMakeFiles/enkf_chgres_recenter_nc.x.dir/input_data.f90.o
cd /scratch1/NCEPDEV/global/CI/2928/gefs/sorc/gfs_utils.fd/build/src/enkf_chgres_recenter_nc.fd && /apps/oneapi/compiler/2022.0.2/linux/bin/intel64/ifort -DIP_V4 -I/scratch1/NCEPDEV/nems/role.epic/spack-stack/spack-stack-1.6.0/envs/gsi-addon-dev-rocky8/install/intel/2021.5.0/netcdf-fortran-4.6.1-ifhqcwv/include -I/scratch1/NCEPDEV/nems/role.epic/spack-stack/spack-stack-1.6.0/envs/gsi-addon-dev-rocky8/install/intel/2021.5.0/netcdf-c-4.9.2-ejp7j3k/include -I/apps/oneapi/mpi/2021.5.1/include -I/scratch1/NCEPDEV/nems/role.epic/spack-stack/spack-stack-1.6.0/envs/gsi-addon-dev-rocky8/install/intel/2021.5.0/bacio-2.4.1-wqq7qmr/include_4 -I/scratch1/NCEPDEV/nems/role.epic/spack-stack/spack-stack-1.6.0/envs/gsi-addon-dev-rocky8/install/intel/2021.5.0/ip-4.3.0-ozyjvbg/include_4 -I/scratch1/NCEPDEV/nems/role.epic/spack-stack/spack-stack-1.6.0/envs/gsi-addon-dev-rocky8/install/intel/2021.5.0/w3emc-2.10.0-xer6twa/include_4 -I/scratch1/NCEPDEV/nems/role.epic/spack-stack/spack-stack-1.6.0/envs/gsi-addon-dev-rocky8/install/intel/2021.5.0/ncio-1.1.2-j4x7tb3/include -g -traceback -fp-model precise -O3 -qopenmp -c /scratch1/NCEPDEV/global/CI/2928/gefs/sorc/gfs_utils.fd/src/enkf_chgres_recenter_nc.fd/input_data.f90 -o CMakeFiles/enkf_chgres_recenter_nc.x.dir/input_data.f90.o
/scratch1/NCEPDEV/nems/role.epic/spack-stack/spack-stack-1.6.0/envs/gsi-addon-dev-rocky8/install/intel/2021.5.0/cmake-3.23.1-qjplcak/bin/cmake -E cmake_copy_f90_mod src/enkf_chgres_recenter_nc.fd/input_data.mod src/enkf_chgres_recenter_nc.fd/CMakeFiles/enkf_chgres_recenter_nc.x.dir/input_data.mod.stamp Intel
/scratch1/NCEPDEV/nems/role.epic/spack-stack/spack-stack-1.6.0/envs/gsi-addon-dev-rocky8/install/intel/2021.5.0/cmake-3.23.1-qjplcak/bin/cmake -E touch src/enkf_chgres_recenter_nc.fd/CMakeFiles/enkf_chgres_recenter_nc.x.dir/input_data.f90.o.provides.build
[  4%] Building Fortran object src/enkf_chgres_recenter_nc.fd/CMakeFiles/enkf_chgres_recenter_nc.x.dir/output_data.f90.o
cd /scratch1/NCEPDEV/global/CI/2928/gefs/sorc/gfs_utils.fd/build/src/enkf_chgres_recenter_nc.fd && /apps/oneapi/compiler/2022.0.2/linux/bin/intel64/ifort -DIP_V4 -I/scratch1/NCEPDEV/nems/role.epic/spack-stack/spack-stack-1.6.0/envs/gsi-addon-dev-rocky8/install/intel/2021.5.0/netcdf-fortran-4.6.1-ifhqcwv/include -I/scratch1/NCEPDEV/nems/role.epic/spack-stack/spack-stack-1.6.0/envs/gsi-addon-dev-rocky8/install/intel/2021.5.0/netcdf-c-4.9.2-ejp7j3k/include -I/apps/oneapi/mpi/2021.5.1/include -I/scratch1/NCEPDEV/nems/role.epic/spack-stack/spack-stack-1.6.0/envs/gsi-addon-dev-rocky8/install/intel/2021.5.0/bacio-2.4.1-wqq7qmr/include_4 -I/scratch1/NCEPDEV/nems/role.epic/spack-stack/spack-stack-1.6.0/envs/gsi-addon-dev-rocky8/install/intel/2021.5.0/ip-4.3.0-ozyjvbg/include_4 -I/scratch1/NCEPDEV/nems/role.epic/spack-stack/spack-stack-1.6.0/envs/gsi-addon-dev-rocky8/install/intel/2021.5.0/w3emc-2.10.0-xer6twa/include_4 -I/scratch1/NCEPDEV/nems/role.epic/spack-stack/spack-stack-1.6.0/envs/gsi-addon-dev-rocky8/install/intel/2021.5.0/ncio-1.1.2-j4x7tb3/include -g -traceback -fp-model precise -O3 -qopenmp -c /scratch1/NCEPDEV/global/CI/2928/gefs/sorc/gfs_utils.fd/src/enkf_chgres_recenter_nc.fd/output_data.f90 -o CMakeFiles/enkf_chgres_recenter_nc.x.dir/output_data.f90.o
/scratch1/NCEPDEV/nems/role.epic/spack-stack/spack-stack-1.6.0/envs/gsi-addon-dev-rocky8/install/intel/2021.5.0/cmake-3.23.1-qjplcak/bin/cmake -E cmake_copy_f90_mod src/enkf_chgres_recenter_nc.fd/output_data.mod src/enkf_chgres_recenter_nc.fd/CMakeFiles/enkf_chgres_recenter_nc.x.dir/output_data.mod.stamp Intel
[  6%] Building Fortran object src/enkf_chgres_recenter_nc.fd/CMakeFiles/enkf_chgres_recenter_nc.x.dir/interp.F90.o
cd /scratch1/NCEPDEV/global/CI/2928/gefs/sorc/gfs_utils.fd/build/src/enkf_chgres_recenter_nc.fd && /apps/oneapi/compiler/2022.0.2/linux/bin/intel64/ifort -DIP_V4 -I/scratch1/NCEPDEV/nems/role.epic/spack-stack/spack-stack-1.6.0/envs/gsi-addon-dev-rocky8/install/intel/2021.5.0/netcdf-fortran-4.6.1-ifhqcwv/include -I/scratch1/NCEPDEV/nems/role.epic/spack-stack/spack-stack-1.6.0/envs/gsi-addon-dev-rocky8/install/intel/2021.5.0/netcdf-c-4.9.2-ejp7j3k/include -I/apps/oneapi/mpi/2021.5.1/include -I/scratch1/NCEPDEV/nems/role.epic/spack-stack/spack-stack-1.6.0/envs/gsi-addon-dev-rocky8/install/intel/2021.5.0/bacio-2.4.1-wqq7qmr/include_4 -I/scratch1/NCEPDEV/nems/role.epic/spack-stack/spack-stack-1.6.0/envs/gsi-addon-dev-rocky8/install/intel/2021.5.0/ip-4.3.0-ozyjvbg/include_4 -I/scratch1/NCEPDEV/nems/role.epic/spack-stack/spack-stack-1.6.0/envs/gsi-addon-dev-rocky8/install/intel/2021.5.0/w3emc-2.10.0-xer6twa/include_4 -I/scratch1/NCEPDEV/nems/role.epic/spack-stack/spack-stack-1.6.0/envs/gsi-addon-dev-rocky8/install/intel/2021.5.0/ncio-1.1.2-j4x7tb3/include -g -traceback -fp-model precise -O3 -qopenmp -c /scratch1/NCEPDEV/global/CI/2928/gefs/sorc/gfs_utils.fd/src/enkf_chgres_recenter_nc.fd/interp.F90 -o CMakeFiles/enkf_chgres_recenter_nc.x.dir/interp.F90.o
/scratch1/NCEPDEV/nems/role.epic/spack-stack/spack-stack-1.6.0/envs/gsi-addon-dev-rocky8/install/intel/2021.5.0/cmake-3.23.1-qjplcak/bin/cmake -E cmake_copy_f90_mod src/enkf_chgres_recenter_nc.fd/interp.mod src/enkf_chgres_recenter_nc.fd/CMakeFiles/enkf_chgres_recenter_nc.x.dir/interp.mod.stamp Intel
/scratch1/NCEPDEV/nems/role.epic/spack-stack/spack-stack-1.6.0/envs/gsi-addon-dev-rocky8/install/intel/2021.5.0/cmake-3.23.1-qjplcak/bin/cmake -E touch src/enkf_chgres_recenter_nc.fd/CMakeFiles/enkf_chgres_recenter_nc.x.dir/interp.F90.o.provides.build
/scratch1/NCEPDEV/nems/role.epic/spack-stack/spack-stack-1.6.0/envs/gsi-addon-dev-rocky8/install/intel/2021.5.0/cmake-3.23.1-qjplcak/bin/cmake -E touch src/enkf_chgres_recenter_nc.fd/CMakeFiles/enkf_chgres_recenter_nc.x.dir/output_data.f90.o.provides.build
/scratch1/NCEPDEV/nems/role.epic/spack-stack/spack-stack-1.6.0/envs/gsi-addon-dev-rocky8/install/intel/2021.5.0/cmake-3.23.1-qjplcak/bin/cmake -E touch src/enkf_chgres_recenter_nc.fd/CMakeFiles/enkf_chgres_recenter_nc.x.dir/setup.f90.o.provides.build
/scratch1/NCEPDEV/nems/role.epic/spack-stack/spack-stack-1.6.0/envs/gsi-addon-dev-rocky8/install/intel/2021.5.0/cmake-3.23.1-qjplcak/bin/cmake -E touch src/enkf_chgres_recenter_nc.fd/CMakeFiles/enkf_chgres_recenter_nc.x.dir/utils.f90.o.provides.build
[  7%] Building Fortran object src/enkf_chgres_recenter_nc.fd/CMakeFiles/enkf_chgres_recenter_nc.x.dir/driver.f90.o
cd /scratch1/NCEPDEV/global/CI/2928/gefs/sorc/gfs_utils.fd/build/src/enkf_chgres_recenter_nc.fd && /apps/oneapi/compiler/2022.0.2/linux/bin/intel64/ifort -DIP_V4 -I/scratch1/NCEPDEV/nems/role.epic/spack-stack/spack-stack-1.6.0/envs/gsi-addon-dev-rocky8/install/intel/2021.5.0/netcdf-fortran-4.6.1-ifhqcwv/include -I/scratch1/NCEPDEV/nems/role.epic/spack-stack/spack-stack-1.6.0/envs/gsi-addon-dev-rocky8/install/intel/2021.5.0/netcdf-c-4.9.2-ejp7j3k/include -I/apps/oneapi/mpi/2021.5.1/include -I/scratch1/NCEPDEV/nems/role.epic/spack-stack/spack-stack-1.6.0/envs/gsi-addon-dev-rocky8/install/intel/2021.5.0/bacio-2.4.1-wqq7qmr/include_4 -I/scratch1/NCEPDEV/nems/role.epic/spack-stack/spack-stack-1.6.0/envs/gsi-addon-dev-rocky8/install/intel/2021.5.0/ip-4.3.0-ozyjvbg/include_4 -I/scratch1/NCEPDEV/nems/role.epic/spack-stack/spack-stack-1.6.0/envs/gsi-addon-dev-rocky8/install/intel/2021.5.0/w3emc-2.10.0-xer6twa/include_4 -I/scratch1/NCEPDEV/nems/role.epic/spack-stack/spack-stack-1.6.0/envs/gsi-addon-dev-rocky8/install/intel/2021.5.0/ncio-1.1.2-j4x7tb3/include -g -traceback -fp-model precise -O3 -qopenmp -c /scratch1/NCEPDEV/global/CI/2928/gefs/sorc/gfs_utils.fd/src/enkf_chgres_recenter_nc.fd/driver.f90 -o CMakeFiles/enkf_chgres_recenter_nc.x.dir/driver.f90.o
[  8%] Linking Fortran executable enkf_chgres_recenter_nc.x
cd /scratch1/NCEPDEV/global/CI/2928/gefs/sorc/gfs_utils.fd/build/src/enkf_chgres_recenter_nc.fd && /scratch1/NCEPDEV/nems/role.epic/spack-stack/spack-stack-1.6.0/envs/gsi-addon-dev-rocky8/install/intel/2021.5.0/cmake-3.23.1-qjplcak/bin/cmake -E cmake_link_script CMakeFiles/enkf_chgres_recenter_nc.x.dir/link.txt --verbose=NO
make[2]: Leaving directory '/scratch1/NCEPDEV/global/CI/2928/gefs/sorc/gfs_utils.fd/build'
[  8%] Built target enkf_chgres_recenter_nc.x
make  -f src/gaussian_sfcanl.fd/CMakeFiles/gaussian_sfcanl.x.dir/build.make src/gaussian_sfcanl.fd/CMakeFiles/gaussian_sfcanl.x.dir/depend
make[2]: Entering directory '/scratch1/NCEPDEV/global/CI/2928/gefs/sorc/gfs_utils.fd/build'
cd /scratch1/NCEPDEV/global/CI/2928/gefs/sorc/gfs_utils.fd/build && /scratch1/NCEPDEV/nems/role.epic/spack-stack/spack-stack-1.6.0/envs/gsi-addon-dev-rocky8/install/intel/2021.5.0/cmake-3.23.1-qjplcak/bin/cmake -E cmake_depends "Unix Makefiles" /scratch1/NCEPDEV/global/CI/2928/gefs/sorc/gfs_utils.fd /scratch1/NCEPDEV/global/CI/2928/gefs/sorc/gfs_utils.fd/src/gaussian_sfcanl.fd /scratch1/NCEPDEV/global/CI/2928/gefs/sorc/gfs_utils.fd/build /scratch1/NCEPDEV/global/CI/2928/gefs/sorc/gfs_utils.fd/build/src/gaussian_sfcanl.fd /scratch1/NCEPDEV/global/CI/2928/gefs/sorc/gfs_utils.fd/build/src/gaussian_sfcanl.fd/CMakeFiles/gaussian_sfcanl.x.dir/DependInfo.cmake --color=
Dependee "/scratch1/NCEPDEV/global/CI/2928/gefs/sorc/gfs_utils.fd/build/src/gaussian_sfcanl.fd/CMakeFiles/gaussian_sfcanl.x.dir/DependInfo.cmake" is newer than depender "/scratch1/NCEPDEV/global/CI/2928/gefs/sorc/gfs_utils.fd/build/src/gaussian_sfcanl.fd/CMakeFiles/gaussian_sfcanl.x.dir/depend.internal".
Dependee "/scratch1/NCEPDEV/global/CI/2928/gefs/sorc/gfs_utils.fd/build/src/gaussian_sfcanl.fd/CMakeFiles/CMakeDirectoryInformation.cmake" is newer than depender "/scratch1/NCEPDEV/global/CI/2928/gefs/sorc/gfs_utils.fd/build/src/gaussian_sfcanl.fd/CMakeFiles/gaussian_sfcanl.x.dir/depend.internal".
Scanning dependencies of target gaussian_sfcanl.x
make[2]: Leaving directory '/scratch1/NCEPDEV/global/CI/2928/gefs/sorc/gfs_utils.fd/build'
make  -f src/gaussian_sfcanl.fd/CMakeFiles/gaussian_sfcanl.x.dir/build.make src/gaussian_sfcanl.fd/CMakeFiles/gaussian_sfcanl.x.dir/build
make[2]: Entering directory '/scratch1/NCEPDEV/global/CI/2928/gefs/sorc/gfs_utils.fd/build'
[  9%] Building Fortran object src/gaussian_sfcanl.fd/CMakeFiles/gaussian_sfcanl.x.dir/gaussian_sfcanl.f90.o
cd /scratch1/NCEPDEV/global/CI/2928/gefs/sorc/gfs_utils.fd/build/src/gaussian_sfcanl.fd && /apps/oneapi/compiler/2022.0.2/linux/bin/intel64/ifort  -I/scratch1/NCEPDEV/nems/role.epic/spack-stack/spack-stack-1.6.0/envs/gsi-addon-dev-rocky8/install/intel/2021.5.0/netcdf-fortran-4.6.1-ifhqcwv/include -I/scratch1/NCEPDEV/nems/role.epic/spack-stack/spack-stack-1.6.0/envs/gsi-addon-dev-rocky8/install/intel/2021.5.0/netcdf-c-4.9.2-ejp7j3k/include -I/apps/oneapi/mpi/2021.5.1/include -I/scratch1/NCEPDEV/nems/role.epic/spack-stack/spack-stack-1.6.0/envs/gsi-addon-dev-rocky8/install/intel/2021.5.0/bacio-2.4.1-wqq7qmr/include_4 -I/scratch1/NCEPDEV/nems/role.epic/spack-stack/spack-stack-1.6.0/envs/gsi-addon-dev-rocky8/install/intel/2021.5.0/w3emc-2.10.0-xer6twa/include_d -g -traceback -r8 -i4 -fp-model precise -O3 -c /scratch1/NCEPDEV/global/CI/2928/gefs/sorc/gfs_utils.fd/src/gaussian_sfcanl.fd/gaussian_sfcanl.f90 -o CMakeFiles/gaussian_sfcanl.x.dir/gaussian_sfcanl.f90.o
/scratch1/NCEPDEV/nems/role.epic/spack-stack/spack-stack-1.6.0/envs/gsi-addon-dev-rocky8/install/intel/2021.5.0/cmake-3.23.1-qjplcak/bin/cmake -E cmake_copy_f90_mod src/gaussian_sfcanl.fd/io.mod src/gaussian_sfcanl.fd/CMakeFiles/gaussian_sfcanl.x.dir/io.mod.stamp Intel
/scratch1/NCEPDEV/nems/role.epic/spack-stack/spack-stack-1.6.0/envs/gsi-addon-dev-rocky8/install/intel/2021.5.0/cmake-3.23.1-qjplcak/bin/cmake -E touch src/gaussian_sfcanl.fd/CMakeFiles/gaussian_sfcanl.x.dir/gaussian_sfcanl.f90.o.provides.build
[ 11%] Linking Fortran executable gaussian_sfcanl.x
cd /scratch1/NCEPDEV/global/CI/2928/gefs/sorc/gfs_utils.fd/build/src/gaussian_sfcanl.fd && /scratch1/NCEPDEV/nems/role.epic/spack-stack/spack-stack-1.6.0/envs/gsi-addon-dev-rocky8/install/intel/2021.5.0/cmake-3.23.1-qjplcak/bin/cmake -E cmake_link_script CMakeFiles/gaussian_sfcanl.x.dir/link.txt --verbose=NO
make[2]: Leaving directory '/scratch1/NCEPDEV/global/CI/2928/gefs/sorc/gfs_utils.fd/build'
[ 11%] Built target gaussian_sfcanl.x
make  -f src/gfs_bufr.fd/CMakeFiles/gfs_bufr.x.dir/build.make src/gfs_bufr.fd/CMakeFiles/gfs_bufr.x.dir/depend
make[2]: Entering directory '/scratch1/NCEPDEV/global/CI/2928/gefs/sorc/gfs_utils.fd/build'
cd /scratch1/NCEPDEV/global/CI/2928/gefs/sorc/gfs_utils.fd/build && /scratch1/NCEPDEV/nems/role.epic/spack-stack/spack-stack-1.6.0/envs/gsi-addon-dev-rocky8/install/intel/2021.5.0/cmake-3.23.1-qjplcak/bin/cmake -E cmake_depends "Unix Makefiles" /scratch1/NCEPDEV/global/CI/2928/gefs/sorc/gfs_utils.fd /scratch1/NCEPDEV/global/CI/2928/gefs/sorc/gfs_utils.fd/src/gfs_bufr.fd /scratch1/NCEPDEV/global/CI/2928/gefs/sorc/gfs_utils.fd/build /scratch1/NCEPDEV/global/CI/2928/gefs/sorc/gfs_utils.fd/build/src/gfs_bufr.fd /scratch1/NCEPDEV/global/CI/2928/gefs/sorc/gfs_utils.fd/build/src/gfs_bufr.fd/CMakeFiles/gfs_bufr.x.dir/DependInfo.cmake --color=
Dependee "/scratch1/NCEPDEV/global/CI/2928/gefs/sorc/gfs_utils.fd/build/src/gfs_bufr.fd/CMakeFiles/gfs_bufr.x.dir/DependInfo.cmake" is newer than depender "/scratch1/NCEPDEV/global/CI/2928/gefs/sorc/gfs_utils.fd/build/src/gfs_bufr.fd/CMakeFiles/gfs_bufr.x.dir/depend.internal".
Dependee "/scratch1/NCEPDEV/global/CI/2928/gefs/sorc/gfs_utils.fd/build/src/gfs_bufr.fd/CMakeFiles/CMakeDirectoryInformation.cmake" is newer than depender "/scratch1/NCEPDEV/global/CI/2928/gefs/sorc/gfs_utils.fd/build/src/gfs_bufr.fd/CMakeFiles/gfs_bufr.x.dir/depend.internal".
Scanning dependencies of target gfs_bufr.x
make[2]: Leaving directory '/scratch1/NCEPDEV/global/CI/2928/gefs/sorc/gfs_utils.fd/build'
make  -f src/gfs_bufr.fd/CMakeFiles/gfs_bufr.x.dir/build.make src/gfs_bufr.fd/CMakeFiles/gfs_bufr.x.dir/build
make[2]: Entering directory '/scratch1/NCEPDEV/global/CI/2928/gefs/sorc/gfs_utils.fd/build'
[ 12%] Building Fortran object src/gfs_bufr.fd/CMakeFiles/gfs_bufr.x.dir/machine.f.o
cd /scratch1/NCEPDEV/global/CI/2928/gefs/sorc/gfs_utils.fd/build/src/gfs_bufr.fd && /apps/oneapi/compiler/2022.0.2/linux/bin/intel64/ifort -DUNDERSCORE -I/scratch1/NCEPDEV/nems/role.epic/spack-stack/spack-stack-1.6.0/envs/gsi-addon-dev-rocky8/install/intel/2021.5.0/netcdf-fortran-4.6.1-ifhqcwv/include -I/scratch1/NCEPDEV/nems/role.epic/spack-stack/spack-stack-1.6.0/envs/gsi-addon-dev-rocky8/install/intel/2021.5.0/netcdf-c-4.9.2-ejp7j3k/include -I/apps/oneapi/mpi/2021.5.1/include -I/scratch1/NCEPDEV/nems/role.epic/spack-stack/spack-stack-1.6.0/envs/gsi-addon-dev-rocky8/install/intel/2021.5.0/bacio-2.4.1-wqq7qmr/include_4 -I/scratch1/NCEPDEV/nems/role.epic/spack-stack/spack-stack-1.6.0/envs/gsi-addon-dev-rocky8/install/intel/2021.5.0/w3emc-2.10.0-xer6twa/include_4 -I/scratch1/NCEPDEV/nems/role.epic/spack-stack/spack-stack-1.6.0/envs/gsi-addon-dev-rocky8/install/intel/2021.5.0/bufr-11.7.0-w62mmgj/include/bufr_4 -g -traceback -convert big_endian -fp-model source -O3 -qopenmp -free -c /scratch1/NCEPDEV/global/CI/2928/gefs/sorc/gfs_utils.fd/src/gfs_bufr.fd/machine.f -o CMakeFiles/gfs_bufr.x.dir/machine.f.o
/scratch1/NCEPDEV/nems/role.epic/spack-stack/spack-stack-1.6.0/envs/gsi-addon-dev-rocky8/install/intel/2021.5.0/cmake-3.23.1-qjplcak/bin/cmake -E cmake_copy_f90_mod src/gfs_bufr.fd/machine.mod src/gfs_bufr.fd/CMakeFiles/gfs_bufr.x.dir/machine.mod.stamp Intel
[ 13%] Building Fortran object src/gfs_bufr.fd/CMakeFiles/gfs_bufr.x.dir/physcons.f.o
cd /scratch1/NCEPDEV/global/CI/2928/gefs/sorc/gfs_utils.fd/build/src/gfs_bufr.fd && /apps/oneapi/compiler/2022.0.2/linux/bin/intel64/ifort -DUNDERSCORE -I/scratch1/NCEPDEV/nems/role.epic/spack-stack/spack-stack-1.6.0/envs/gsi-addon-dev-rocky8/install/intel/2021.5.0/netcdf-fortran-4.6.1-ifhqcwv/include -I/scratch1/NCEPDEV/nems/role.epic/spack-stack/spack-stack-1.6.0/envs/gsi-addon-dev-rocky8/install/intel/2021.5.0/netcdf-c-4.9.2-ejp7j3k/include -I/apps/oneapi/mpi/2021.5.1/include -I/scratch1/NCEPDEV/nems/role.epic/spack-stack/spack-stack-1.6.0/envs/gsi-addon-dev-rocky8/install/intel/2021.5.0/bacio-2.4.1-wqq7qmr/include_4 -I/scratch1/NCEPDEV/nems/role.epic/spack-stack/spack-stack-1.6.0/envs/gsi-addon-dev-rocky8/install/intel/2021.5.0/w3emc-2.10.0-xer6twa/include_4 -I/scratch1/NCEPDEV/nems/role.epic/spack-stack/spack-stack-1.6.0/envs/gsi-addon-dev-rocky8/install/intel/2021.5.0/bufr-11.7.0-w62mmgj/include/bufr_4 -g -traceback -convert big_endian -fp-model source -O3 -qopenmp -free -c /scratch1/NCEPDEV/global/CI/2928/gefs/sorc/gfs_utils.fd/src/gfs_bufr.fd/physcons.f -o CMakeFiles/gfs_bufr.x.dir/physcons.f.o
/scratch1/NCEPDEV/nems/role.epic/spack-stack/spack-stack-1.6.0/envs/gsi-addon-dev-rocky8/install/intel/2021.5.0/cmake-3.23.1-qjplcak/bin/cmake -E cmake_copy_f90_mod src/gfs_bufr.fd/physcons.mod src/gfs_bufr.fd/CMakeFiles/gfs_bufr.x.dir/physcons.mod.stamp Intel
[ 14%] Building Fortran object src/gfs_bufr.fd/CMakeFiles/gfs_bufr.x.dir/funcphys.f.o
cd /scratch1/NCEPDEV/global/CI/2928/gefs/sorc/gfs_utils.fd/build/src/gfs_bufr.fd && /apps/oneapi/compiler/2022.0.2/linux/bin/intel64/ifort -DUNDERSCORE -I/scratch1/NCEPDEV/nems/role.epic/spack-stack/spack-stack-1.6.0/envs/gsi-addon-dev-rocky8/install/intel/2021.5.0/netcdf-fortran-4.6.1-ifhqcwv/include -I/scratch1/NCEPDEV/nems/role.epic/spack-stack/spack-stack-1.6.0/envs/gsi-addon-dev-rocky8/install/intel/2021.5.0/netcdf-c-4.9.2-ejp7j3k/include -I/apps/oneapi/mpi/2021.5.1/include -I/scratch1/NCEPDEV/nems/role.epic/spack-stack/spack-stack-1.6.0/envs/gsi-addon-dev-rocky8/install/intel/2021.5.0/bacio-2.4.1-wqq7qmr/include_4 -I/scratch1/NCEPDEV/nems/role.epic/spack-stack/spack-stack-1.6.0/envs/gsi-addon-dev-rocky8/install/intel/2021.5.0/w3emc-2.10.0-xer6twa/include_4 -I/scratch1/NCEPDEV/nems/role.epic/spack-stack/spack-stack-1.6.0/envs/gsi-addon-dev-rocky8/install/intel/2021.5.0/bufr-11.7.0-w62mmgj/include/bufr_4 -g -traceback -convert big_endian -fp-model source -O3 -qopenmp -free -c /scratch1/NCEPDEV/global/CI/2928/gefs/sorc/gfs_utils.fd/src/gfs_bufr.fd/funcphys.f -o CMakeFiles/gfs_bufr.x.dir/funcphys.f.o
/scratch1/NCEPDEV/nems/role.epic/spack-stack/spack-stack-1.6.0/envs/gsi-addon-dev-rocky8/install/intel/2021.5.0/cmake-3.23.1-qjplcak/bin/cmake -E cmake_copy_f90_mod src/gfs_bufr.fd/funcphys.mod src/gfs_bufr.fd/CMakeFiles/gfs_bufr.x.dir/funcphys.mod.stamp Intel
/scratch1/NCEPDEV/nems/role.epic/spack-stack/spack-stack-1.6.0/envs/gsi-addon-dev-rocky8/install/intel/2021.5.0/cmake-3.23.1-qjplcak/bin/cmake -E touch src/gfs_bufr.fd/CMakeFiles/gfs_bufr.x.dir/funcphys.f.o.provides.build
/scratch1/NCEPDEV/nems/role.epic/spack-stack/spack-stack-1.6.0/envs/gsi-addon-dev-rocky8/install/intel/2021.5.0/cmake-3.23.1-qjplcak/bin/cmake -E touch src/gfs_bufr.fd/CMakeFiles/gfs_bufr.x.dir/machine.f.o.provides.build
[ 16%] Building Fortran object src/gfs_bufr.fd/CMakeFiles/gfs_bufr.x.dir/modpr_module.f90.o
cd /scratch1/NCEPDEV/global/CI/2928/gefs/sorc/gfs_utils.fd/build/src/gfs_bufr.fd && /apps/oneapi/compiler/2022.0.2/linux/bin/intel64/ifort -DUNDERSCORE -I/scratch1/NCEPDEV/nems/role.epic/spack-stack/spack-stack-1.6.0/envs/gsi-addon-dev-rocky8/install/intel/2021.5.0/netcdf-fortran-4.6.1-ifhqcwv/include -I/scratch1/NCEPDEV/nems/role.epic/spack-stack/spack-stack-1.6.0/envs/gsi-addon-dev-rocky8/install/intel/2021.5.0/netcdf-c-4.9.2-ejp7j3k/include -I/apps/oneapi/mpi/2021.5.1/include -I/scratch1/NCEPDEV/nems/role.epic/spack-stack/spack-stack-1.6.0/envs/gsi-addon-dev-rocky8/install/intel/2021.5.0/bacio-2.4.1-wqq7qmr/include_4 -I/scratch1/NCEPDEV/nems/role.epic/spack-stack/spack-stack-1.6.0/envs/gsi-addon-dev-rocky8/install/intel/2021.5.0/w3emc-2.10.0-xer6twa/include_4 -I/scratch1/NCEPDEV/nems/role.epic/spack-stack/spack-stack-1.6.0/envs/gsi-addon-dev-rocky8/install/intel/2021.5.0/bufr-11.7.0-w62mmgj/include/bufr_4 -g -traceback -convert big_endian -fp-model source -O3 -qopenmp -c /scratch1/NCEPDEV/global/CI/2928/gefs/sorc/gfs_utils.fd/src/gfs_bufr.fd/modpr_module.f90 -o CMakeFiles/gfs_bufr.x.dir/modpr_module.f90.o
/scratch1/NCEPDEV/nems/role.epic/spack-stack/spack-stack-1.6.0/envs/gsi-addon-dev-rocky8/install/intel/2021.5.0/cmake-3.23.1-qjplcak/bin/cmake -E cmake_copy_f90_mod src/gfs_bufr.fd/modpr_module.mod src/gfs_bufr.fd/CMakeFiles/gfs_bufr.x.dir/modpr_module.mod.stamp Intel
/scratch1/NCEPDEV/nems/role.epic/spack-stack/spack-stack-1.6.0/envs/gsi-addon-dev-rocky8/install/intel/2021.5.0/cmake-3.23.1-qjplcak/bin/cmake -E touch src/gfs_bufr.fd/CMakeFiles/gfs_bufr.x.dir/modpr_module.f90.o.provides.build
/scratch1/NCEPDEV/nems/role.epic/spack-stack/spack-stack-1.6.0/envs/gsi-addon-dev-rocky8/install/intel/2021.5.0/cmake-3.23.1-qjplcak/bin/cmake -E touch src/gfs_bufr.fd/CMakeFiles/gfs_bufr.x.dir/physcons.f.o.provides.build
[ 17%] Building Fortran object src/gfs_bufr.fd/CMakeFiles/gfs_bufr.x.dir/bfrhdr.f.o
cd /scratch1/NCEPDEV/global/CI/2928/gefs/sorc/gfs_utils.fd/build/src/gfs_bufr.fd && /apps/oneapi/compiler/2022.0.2/linux/bin/intel64/ifort -DUNDERSCORE -I/scratch1/NCEPDEV/nems/role.epic/spack-stack/spack-stack-1.6.0/envs/gsi-addon-dev-rocky8/install/intel/2021.5.0/netcdf-fortran-4.6.1-ifhqcwv/include -I/scratch1/NCEPDEV/nems/role.epic/spack-stack/spack-stack-1.6.0/envs/gsi-addon-dev-rocky8/install/intel/2021.5.0/netcdf-c-4.9.2-ejp7j3k/include -I/apps/oneapi/mpi/2021.5.1/include -I/scratch1/NCEPDEV/nems/role.epic/spack-stack/spack-stack-1.6.0/envs/gsi-addon-dev-rocky8/install/intel/2021.5.0/bacio-2.4.1-wqq7qmr/include_4 -I/scratch1/NCEPDEV/nems/role.epic/spack-stack/spack-stack-1.6.0/envs/gsi-addon-dev-rocky8/install/intel/2021.5.0/w3emc-2.10.0-xer6twa/include_4 -I/scratch1/NCEPDEV/nems/role.epic/spack-stack/spack-stack-1.6.0/envs/gsi-addon-dev-rocky8/install/intel/2021.5.0/bufr-11.7.0-w62mmgj/include/bufr_4 -g -traceback -convert big_endian -fp-model source -O3 -qopenmp -c /scratch1/NCEPDEV/global/CI/2928/gefs/sorc/gfs_utils.fd/src/gfs_bufr.fd/bfrhdr.f -o CMakeFiles/gfs_bufr.x.dir/bfrhdr.f.o
[ 18%] Building Fortran object src/gfs_bufr.fd/CMakeFiles/gfs_bufr.x.dir/bfrize.f.o
cd /scratch1/NCEPDEV/global/CI/2928/gefs/sorc/gfs_utils.fd/build/src/gfs_bufr.fd && /apps/oneapi/compiler/2022.0.2/linux/bin/intel64/ifort -DUNDERSCORE -I/scratch1/NCEPDEV/nems/role.epic/spack-stack/spack-stack-1.6.0/envs/gsi-addon-dev-rocky8/install/intel/2021.5.0/netcdf-fortran-4.6.1-ifhqcwv/include -I/scratch1/NCEPDEV/nems/role.epic/spack-stack/spack-stack-1.6.0/envs/gsi-addon-dev-rocky8/install/intel/2021.5.0/netcdf-c-4.9.2-ejp7j3k/include -I/apps/oneapi/mpi/2021.5.1/include -I/scratch1/NCEPDEV/nems/role.epic/spack-stack/spack-stack-1.6.0/envs/gsi-addon-dev-rocky8/install/intel/2021.5.0/bacio-2.4.1-wqq7qmr/include_4 -I/scratch1/NCEPDEV/nems/role.epic/spack-stack/spack-stack-1.6.0/envs/gsi-addon-dev-rocky8/install/intel/2021.5.0/w3emc-2.10.0-xer6twa/include_4 -I/scratch1/NCEPDEV/nems/role.epic/spack-stack/spack-stack-1.6.0/envs/gsi-addon-dev-rocky8/install/intel/2021.5.0/bufr-11.7.0-w62mmgj/include/bufr_4 -g -traceback -convert big_endian -fp-model source -O3 -qopenmp -c /scratch1/NCEPDEV/global/CI/2928/gefs/sorc/gfs_utils.fd/src/gfs_bufr.fd/bfrize.f -o CMakeFiles/gfs_bufr.x.dir/bfrize.f.o
[ 19%] Building Fortran object src/gfs_bufr.fd/CMakeFiles/gfs_bufr.x.dir/buff.f.o
cd /scratch1/NCEPDEV/global/CI/2928/gefs/sorc/gfs_utils.fd/build/src/gfs_bufr.fd && /apps/oneapi/compiler/2022.0.2/linux/bin/intel64/ifort -DUNDERSCORE -I/scratch1/NCEPDEV/nems/role.epic/spack-stack/spack-stack-1.6.0/envs/gsi-addon-dev-rocky8/install/intel/2021.5.0/netcdf-fortran-4.6.1-ifhqcwv/include -I/scratch1/NCEPDEV/nems/role.epic/spack-stack/spack-stack-1.6.0/envs/gsi-addon-dev-rocky8/install/intel/2021.5.0/netcdf-c-4.9.2-ejp7j3k/include -I/apps/oneapi/mpi/2021.5.1/include -I/scratch1/NCEPDEV/nems/role.epic/spack-stack/spack-stack-1.6.0/envs/gsi-addon-dev-rocky8/install/intel/2021.5.0/bacio-2.4.1-wqq7qmr/include_4 -I/scratch1/NCEPDEV/nems/role.epic/spack-stack/spack-stack-1.6.0/envs/gsi-addon-dev-rocky8/install/intel/2021.5.0/w3emc-2.10.0-xer6twa/include_4 -I/scratch1/NCEPDEV/nems/role.epic/spack-stack/spack-stack-1.6.0/envs/gsi-addon-dev-rocky8/install/intel/2021.5.0/bufr-11.7.0-w62mmgj/include/bufr_4 -g -traceback -convert big_endian -fp-model source -O3 -qopenmp -c /scratch1/NCEPDEV/global/CI/2928/gefs/sorc/gfs_utils.fd/src/gfs_bufr.fd/buff.f -o CMakeFiles/gfs_bufr.x.dir/buff.f.o
[ 20%] Building Fortran object src/gfs_bufr.fd/CMakeFiles/gfs_bufr.x.dir/gfsbufr.f.o
cd /scratch1/NCEPDEV/global/CI/2928/gefs/sorc/gfs_utils.fd/build/src/gfs_bufr.fd && /apps/oneapi/compiler/2022.0.2/linux/bin/intel64/ifort -DUNDERSCORE -I/scratch1/NCEPDEV/nems/role.epic/spack-stack/spack-stack-1.6.0/envs/gsi-addon-dev-rocky8/install/intel/2021.5.0/netcdf-fortran-4.6.1-ifhqcwv/include -I/scratch1/NCEPDEV/nems/role.epic/spack-stack/spack-stack-1.6.0/envs/gsi-addon-dev-rocky8/install/intel/2021.5.0/netcdf-c-4.9.2-ejp7j3k/include -I/apps/oneapi/mpi/2021.5.1/include -I/scratch1/NCEPDEV/nems/role.epic/spack-stack/spack-stack-1.6.0/envs/gsi-addon-dev-rocky8/install/intel/2021.5.0/bacio-2.4.1-wqq7qmr/include_4 -I/scratch1/NCEPDEV/nems/role.epic/spack-stack/spack-stack-1.6.0/envs/gsi-addon-dev-rocky8/install/intel/2021.5.0/w3emc-2.10.0-xer6twa/include_4 -I/scratch1/NCEPDEV/nems/role.epic/spack-stack/spack-stack-1.6.0/envs/gsi-addon-dev-rocky8/install/intel/2021.5.0/bufr-11.7.0-w62mmgj/include/bufr_4 -g -traceback -convert big_endian -fp-model source -O3 -qopenmp -c /scratch1/NCEPDEV/global/CI/2928/gefs/sorc/gfs_utils.fd/src/gfs_bufr.fd/gfsbufr.f -o CMakeFiles/gfs_bufr.x.dir/gfsbufr.f.o
[ 22%] Building Fortran object src/gfs_bufr.fd/CMakeFiles/gfs_bufr.x.dir/lcl.f.o
cd /scratch1/NCEPDEV/global/CI/2928/gefs/sorc/gfs_utils.fd/build/src/gfs_bufr.fd && /apps/oneapi/compiler/2022.0.2/linux/bin/intel64/ifort -DUNDERSCORE -I/scratch1/NCEPDEV/nems/role.epic/spack-stack/spack-stack-1.6.0/envs/gsi-addon-dev-rocky8/install/intel/2021.5.0/netcdf-fortran-4.6.1-ifhqcwv/include -I/scratch1/NCEPDEV/nems/role.epic/spack-stack/spack-stack-1.6.0/envs/gsi-addon-dev-rocky8/install/intel/2021.5.0/netcdf-c-4.9.2-ejp7j3k/include -I/apps/oneapi/mpi/2021.5.1/include -I/scratch1/NCEPDEV/nems/role.epic/spack-stack/spack-stack-1.6.0/envs/gsi-addon-dev-rocky8/install/intel/2021.5.0/bacio-2.4.1-wqq7qmr/include_4 -I/scratch1/NCEPDEV/nems/role.epic/spack-stack/spack-stack-1.6.0/envs/gsi-addon-dev-rocky8/install/intel/2021.5.0/w3emc-2.10.0-xer6twa/include_4 -I/scratch1/NCEPDEV/nems/role.epic/spack-stack/spack-stack-1.6.0/envs/gsi-addon-dev-rocky8/install/intel/2021.5.0/bufr-11.7.0-w62mmgj/include/bufr_4 -g -traceback -convert big_endian -fp-model source -O3 -qopenmp -c /scratch1/NCEPDEV/global/CI/2928/gefs/sorc/gfs_utils.fd/src/gfs_bufr.fd/lcl.f -o CMakeFiles/gfs_bufr.x.dir/lcl.f.o
[ 23%] Building Fortran object src/gfs_bufr.fd/CMakeFiles/gfs_bufr.x.dir/meteorg.f.o
cd /scratch1/NCEPDEV/global/CI/2928/gefs/sorc/gfs_utils.fd/build/src/gfs_bufr.fd && /apps/oneapi/compiler/2022.0.2/linux/bin/intel64/ifort -DUNDERSCORE -I/scratch1/NCEPDEV/nems/role.epic/spack-stack/spack-stack-1.6.0/envs/gsi-addon-dev-rocky8/install/intel/2021.5.0/netcdf-fortran-4.6.1-ifhqcwv/include -I/scratch1/NCEPDEV/nems/role.epic/spack-stack/spack-stack-1.6.0/envs/gsi-addon-dev-rocky8/install/intel/2021.5.0/netcdf-c-4.9.2-ejp7j3k/include -I/apps/oneapi/mpi/2021.5.1/include -I/scratch1/NCEPDEV/nems/role.epic/spack-stack/spack-stack-1.6.0/envs/gsi-addon-dev-rocky8/install/intel/2021.5.0/bacio-2.4.1-wqq7qmr/include_4 -I/scratch1/NCEPDEV/nems/role.epic/spack-stack/spack-stack-1.6.0/envs/gsi-addon-dev-rocky8/install/intel/2021.5.0/w3emc-2.10.0-xer6twa/include_4 -I/scratch1/NCEPDEV/nems/role.epic/spack-stack/spack-stack-1.6.0/envs/gsi-addon-dev-rocky8/install/intel/2021.5.0/bufr-11.7.0-w62mmgj/include/bufr_4 -g -traceback -convert big_endian -fp-model source -O3 -qopenmp -c /scratch1/NCEPDEV/global/CI/2928/gefs/sorc/gfs_utils.fd/src/gfs_bufr.fd/meteorg.f -o CMakeFiles/gfs_bufr.x.dir/meteorg.f.o
[ 24%] Building Fortran object src/gfs_bufr.fd/CMakeFiles/gfs_bufr.x.dir/mstadb.f.o
cd /scratch1/NCEPDEV/global/CI/2928/gefs/sorc/gfs_utils.fd/build/src/gfs_bufr.fd && /apps/oneapi/compiler/2022.0.2/linux/bin/intel64/ifort -DUNDERSCORE -I/scratch1/NCEPDEV/nems/role.epic/spack-stack/spack-stack-1.6.0/envs/gsi-addon-dev-rocky8/install/intel/2021.5.0/netcdf-fortran-4.6.1-ifhqcwv/include -I/scratch1/NCEPDEV/nems/role.epic/spack-stack/spack-stack-1.6.0/envs/gsi-addon-dev-rocky8/install/intel/2021.5.0/netcdf-c-4.9.2-ejp7j3k/include -I/apps/oneapi/mpi/2021.5.1/include -I/scratch1/NCEPDEV/nems/role.epic/spack-stack/spack-stack-1.6.0/envs/gsi-addon-dev-rocky8/install/intel/2021.5.0/bacio-2.4.1-wqq7qmr/include_4 -I/scratch1/NCEPDEV/nems/role.epic/spack-stack/spack-stack-1.6.0/envs/gsi-addon-dev-rocky8/install/intel/2021.5.0/w3emc-2.10.0-xer6twa/include_4 -I/scratch1/NCEPDEV/nems/role.epic/spack-stack/spack-stack-1.6.0/envs/gsi-addon-dev-rocky8/install/intel/2021.5.0/bufr-11.7.0-w62mmgj/include/bufr_4 -g -traceback -convert big_endian -fp-model source -O3 -qopenmp -c /scratch1/NCEPDEV/global/CI/2928/gefs/sorc/gfs_utils.fd/src/gfs_bufr.fd/mstadb.f -o CMakeFiles/gfs_bufr.x.dir/mstadb.f.o
[ 25%] Building Fortran object src/gfs_bufr.fd/CMakeFiles/gfs_bufr.x.dir/newsig1.f.o
cd /scratch1/NCEPDEV/global/CI/2928/gefs/sorc/gfs_utils.fd/build/src/gfs_bufr.fd && /apps/oneapi/compiler/2022.0.2/linux/bin/intel64/ifort -DUNDERSCORE -I/scratch1/NCEPDEV/nems/role.epic/spack-stack/spack-stack-1.6.0/envs/gsi-addon-dev-rocky8/install/intel/2021.5.0/netcdf-fortran-4.6.1-ifhqcwv/include -I/scratch1/NCEPDEV/nems/role.epic/spack-stack/spack-stack-1.6.0/envs/gsi-addon-dev-rocky8/install/intel/2021.5.0/netcdf-c-4.9.2-ejp7j3k/include -I/apps/oneapi/mpi/2021.5.1/include -I/scratch1/NCEPDEV/nems/role.epic/spack-stack/spack-stack-1.6.0/envs/gsi-addon-dev-rocky8/install/intel/2021.5.0/bacio-2.4.1-wqq7qmr/include_4 -I/scratch1/NCEPDEV/nems/role.epic/spack-stack/spack-stack-1.6.0/envs/gsi-addon-dev-rocky8/install/intel/2021.5.0/w3emc-2.10.0-xer6twa/include_4 -I/scratch1/NCEPDEV/nems/role.epic/spack-stack/spack-stack-1.6.0/envs/gsi-addon-dev-rocky8/install/intel/2021.5.0/bufr-11.7.0-w62mmgj/include/bufr_4 -g -traceback -convert big_endian -fp-model source -O3 -qopenmp -c /scratch1/NCEPDEV/global/CI/2928/gefs/sorc/gfs_utils.fd/src/gfs_bufr.fd/newsig1.f -o CMakeFiles/gfs_bufr.x.dir/newsig1.f.o
[ 27%] Building Fortran object src/gfs_bufr.fd/CMakeFiles/gfs_bufr.x.dir/read_netcdf.f.o
cd /scratch1/NCEPDEV/global/CI/2928/gefs/sorc/gfs_utils.fd/build/src/gfs_bufr.fd && /apps/oneapi/compiler/2022.0.2/linux/bin/intel64/ifort -DUNDERSCORE -I/scratch1/NCEPDEV/nems/role.epic/spack-stack/spack-stack-1.6.0/envs/gsi-addon-dev-rocky8/install/intel/2021.5.0/netcdf-fortran-4.6.1-ifhqcwv/include -I/scratch1/NCEPDEV/nems/role.epic/spack-stack/spack-stack-1.6.0/envs/gsi-addon-dev-rocky8/install/intel/2021.5.0/netcdf-c-4.9.2-ejp7j3k/include -I/apps/oneapi/mpi/2021.5.1/include -I/scratch1/NCEPDEV/nems/role.epic/spack-stack/spack-stack-1.6.0/envs/gsi-addon-dev-rocky8/install/intel/2021.5.0/bacio-2.4.1-wqq7qmr/include_4 -I/scratch1/NCEPDEV/nems/role.epic/spack-stack/spack-stack-1.6.0/envs/gsi-addon-dev-rocky8/install/intel/2021.5.0/w3emc-2.10.0-xer6twa/include_4 -I/scratch1/NCEPDEV/nems/role.epic/spack-stack/spack-stack-1.6.0/envs/gsi-addon-dev-rocky8/install/intel/2021.5.0/bufr-11.7.0-w62mmgj/include/bufr_4 -g -traceback -convert big_endian -fp-model source -O3 -qopenmp -c /scratch1/NCEPDEV/global/CI/2928/gefs/sorc/gfs_utils.fd/src/gfs_bufr.fd/read_netcdf.f -o CMakeFiles/gfs_bufr.x.dir/read_netcdf.f.o
[ 28%] Building Fortran object src/gfs_bufr.fd/CMakeFiles/gfs_bufr.x.dir/rsearch.f.o
cd /scratch1/NCEPDEV/global/CI/2928/gefs/sorc/gfs_utils.fd/build/src/gfs_bufr.fd && /apps/oneapi/compiler/2022.0.2/linux/bin/intel64/ifort -DUNDERSCORE -I/scratch1/NCEPDEV/nems/role.epic/spack-stack/spack-stack-1.6.0/envs/gsi-addon-dev-rocky8/install/intel/2021.5.0/netcdf-fortran-4.6.1-ifhqcwv/include -I/scratch1/NCEPDEV/nems/role.epic/spack-stack/spack-stack-1.6.0/envs/gsi-addon-dev-rocky8/install/intel/2021.5.0/netcdf-c-4.9.2-ejp7j3k/include -I/apps/oneapi/mpi/2021.5.1/include -I/scratch1/NCEPDEV/nems/role.epic/spack-stack/spack-stack-1.6.0/envs/gsi-addon-dev-rocky8/install/intel/2021.5.0/bacio-2.4.1-wqq7qmr/include_4 -I/scratch1/NCEPDEV/nems/role.epic/spack-stack/spack-stack-1.6.0/envs/gsi-addon-dev-rocky8/install/intel/2021.5.0/w3emc-2.10.0-xer6twa/include_4 -I/scratch1/NCEPDEV/nems/role.epic/spack-stack/spack-stack-1.6.0/envs/gsi-addon-dev-rocky8/install/intel/2021.5.0/bufr-11.7.0-w62mmgj/include/bufr_4 -g -traceback -convert big_endian -fp-model source -O3 -qopenmp -c /scratch1/NCEPDEV/global/CI/2928/gefs/sorc/gfs_utils.fd/src/gfs_bufr.fd/rsearch.f -o CMakeFiles/gfs_bufr.x.dir/rsearch.f.o
[ 29%] Building Fortran object src/gfs_bufr.fd/CMakeFiles/gfs_bufr.x.dir/svp.f.o
cd /scratch1/NCEPDEV/global/CI/2928/gefs/sorc/gfs_utils.fd/build/src/gfs_bufr.fd && /apps/oneapi/compiler/2022.0.2/linux/bin/intel64/ifort -DUNDERSCORE -I/scratch1/NCEPDEV/nems/role.epic/spack-stack/spack-stack-1.6.0/envs/gsi-addon-dev-rocky8/install/intel/2021.5.0/netcdf-fortran-4.6.1-ifhqcwv/include -I/scratch1/NCEPDEV/nems/role.epic/spack-stack/spack-stack-1.6.0/envs/gsi-addon-dev-rocky8/install/intel/2021.5.0/netcdf-c-4.9.2-ejp7j3k/include -I/apps/oneapi/mpi/2021.5.1/include -I/scratch1/NCEPDEV/nems/role.epic/spack-stack/spack-stack-1.6.0/envs/gsi-addon-dev-rocky8/install/intel/2021.5.0/bacio-2.4.1-wqq7qmr/include_4 -I/scratch1/NCEPDEV/nems/role.epic/spack-stack/spack-stack-1.6.0/envs/gsi-addon-dev-rocky8/install/intel/2021.5.0/w3emc-2.10.0-xer6twa/include_4 -I/scratch1/NCEPDEV/nems/role.epic/spack-stack/spack-stack-1.6.0/envs/gsi-addon-dev-rocky8/install/intel/2021.5.0/bufr-11.7.0-w62mmgj/include/bufr_4 -g -traceback -convert big_endian -fp-model source -O3 -qopenmp -c /scratch1/NCEPDEV/global/CI/2928/gefs/sorc/gfs_utils.fd/src/gfs_bufr.fd/svp.f -o CMakeFiles/gfs_bufr.x.dir/svp.f.o
[ 30%] Building Fortran object src/gfs_bufr.fd/CMakeFiles/gfs_bufr.x.dir/tdew.f.o
cd /scratch1/NCEPDEV/global/CI/2928/gefs/sorc/gfs_utils.fd/build/src/gfs_bufr.fd && /apps/oneapi/compiler/2022.0.2/linux/bin/intel64/ifort -DUNDERSCORE -I/scratch1/NCEPDEV/nems/role.epic/spack-stack/spack-stack-1.6.0/envs/gsi-addon-dev-rocky8/install/intel/2021.5.0/netcdf-fortran-4.6.1-ifhqcwv/include -I/scratch1/NCEPDEV/nems/role.epic/spack-stack/spack-stack-1.6.0/envs/gsi-addon-dev-rocky8/install/intel/2021.5.0/netcdf-c-4.9.2-ejp7j3k/include -I/apps/oneapi/mpi/2021.5.1/include -I/scratch1/NCEPDEV/nems/role.epic/spack-stack/spack-stack-1.6.0/envs/gsi-addon-dev-rocky8/install/intel/2021.5.0/bacio-2.4.1-wqq7qmr/include_4 -I/scratch1/NCEPDEV/nems/role.epic/spack-stack/spack-stack-1.6.0/envs/gsi-addon-dev-rocky8/install/intel/2021.5.0/w3emc-2.10.0-xer6twa/include_4 -I/scratch1/NCEPDEV/nems/role.epic/spack-stack/spack-stack-1.6.0/envs/gsi-addon-dev-rocky8/install/intel/2021.5.0/bufr-11.7.0-w62mmgj/include/bufr_4 -g -traceback -convert big_endian -fp-model source -O3 -qopenmp -c /scratch1/NCEPDEV/global/CI/2928/gefs/sorc/gfs_utils.fd/src/gfs_bufr.fd/tdew.f -o CMakeFiles/gfs_bufr.x.dir/tdew.f.o
[ 32%] Building Fortran object src/gfs_bufr.fd/CMakeFiles/gfs_bufr.x.dir/terp3.f.o
cd /scratch1/NCEPDEV/global/CI/2928/gefs/sorc/gfs_utils.fd/build/src/gfs_bufr.fd && /apps/oneapi/compiler/2022.0.2/linux/bin/intel64/ifort -DUNDERSCORE -I/scratch1/NCEPDEV/nems/role.epic/spack-stack/spack-stack-1.6.0/envs/gsi-addon-dev-rocky8/install/intel/2021.5.0/netcdf-fortran-4.6.1-ifhqcwv/include -I/scratch1/NCEPDEV/nems/role.epic/spack-stack/spack-stack-1.6.0/envs/gsi-addon-dev-rocky8/install/intel/2021.5.0/netcdf-c-4.9.2-ejp7j3k/include -I/apps/oneapi/mpi/2021.5.1/include -I/scratch1/NCEPDEV/nems/role.epic/spack-stack/spack-stack-1.6.0/envs/gsi-addon-dev-rocky8/install/intel/2021.5.0/bacio-2.4.1-wqq7qmr/include_4 -I/scratch1/NCEPDEV/nems/role.epic/spack-stack/spack-stack-1.6.0/envs/gsi-addon-dev-rocky8/install/intel/2021.5.0/w3emc-2.10.0-xer6twa/include_4 -I/scratch1/NCEPDEV/nems/role.epic/spack-stack/spack-stack-1.6.0/envs/gsi-addon-dev-rocky8/install/intel/2021.5.0/bufr-11.7.0-w62mmgj/include/bufr_4 -g -traceback -convert big_endian -fp-model source -O3 -qopenmp -c /scratch1/NCEPDEV/global/CI/2928/gefs/sorc/gfs_utils.fd/src/gfs_bufr.fd/terp3.f -o CMakeFiles/gfs_bufr.x.dir/terp3.f.o
[ 33%] Building Fortran object src/gfs_bufr.fd/CMakeFiles/gfs_bufr.x.dir/vintg.f.o
cd /scratch1/NCEPDEV/global/CI/2928/gefs/sorc/gfs_utils.fd/build/src/gfs_bufr.fd && /apps/oneapi/compiler/2022.0.2/linux/bin/intel64/ifort -DUNDERSCORE -I/scratch1/NCEPDEV/nems/role.epic/spack-stack/spack-stack-1.6.0/envs/gsi-addon-dev-rocky8/install/intel/2021.5.0/netcdf-fortran-4.6.1-ifhqcwv/include -I/scratch1/NCEPDEV/nems/role.epic/spack-stack/spack-stack-1.6.0/envs/gsi-addon-dev-rocky8/install/intel/2021.5.0/netcdf-c-4.9.2-ejp7j3k/include -I/apps/oneapi/mpi/2021.5.1/include -I/scratch1/NCEPDEV/nems/role.epic/spack-stack/spack-stack-1.6.0/envs/gsi-addon-dev-rocky8/install/intel/2021.5.0/bacio-2.4.1-wqq7qmr/include_4 -I/scratch1/NCEPDEV/nems/role.epic/spack-stack/spack-stack-1.6.0/envs/gsi-addon-dev-rocky8/install/intel/2021.5.0/w3emc-2.10.0-xer6twa/include_4 -I/scratch1/NCEPDEV/nems/role.epic/spack-stack/spack-stack-1.6.0/envs/gsi-addon-dev-rocky8/install/intel/2021.5.0/bufr-11.7.0-w62mmgj/include/bufr_4 -g -traceback -convert big_endian -fp-model source -O3 -qopenmp -c /scratch1/NCEPDEV/global/CI/2928/gefs/sorc/gfs_utils.fd/src/gfs_bufr.fd/vintg.f -o CMakeFiles/gfs_bufr.x.dir/vintg.f.o
[ 34%] Building Fortran object src/gfs_bufr.fd/CMakeFiles/gfs_bufr.x.dir/calpreciptype.f.o
cd /scratch1/NCEPDEV/global/CI/2928/gefs/sorc/gfs_utils.fd/build/src/gfs_bufr.fd && /apps/oneapi/compiler/2022.0.2/linux/bin/intel64/ifort -DUNDERSCORE -I/scratch1/NCEPDEV/nems/role.epic/spack-stack/spack-stack-1.6.0/envs/gsi-addon-dev-rocky8/install/intel/2021.5.0/netcdf-fortran-4.6.1-ifhqcwv/include -I/scratch1/NCEPDEV/nems/role.epic/spack-stack/spack-stack-1.6.0/envs/gsi-addon-dev-rocky8/install/intel/2021.5.0/netcdf-c-4.9.2-ejp7j3k/include -I/apps/oneapi/mpi/2021.5.1/include -I/scratch1/NCEPDEV/nems/role.epic/spack-stack/spack-stack-1.6.0/envs/gsi-addon-dev-rocky8/install/intel/2021.5.0/bacio-2.4.1-wqq7qmr/include_4 -I/scratch1/NCEPDEV/nems/role.epic/spack-stack/spack-stack-1.6.0/envs/gsi-addon-dev-rocky8/install/intel/2021.5.0/w3emc-2.10.0-xer6twa/include_4 -I/scratch1/NCEPDEV/nems/role.epic/spack-stack/spack-stack-1.6.0/envs/gsi-addon-dev-rocky8/install/intel/2021.5.0/bufr-11.7.0-w62mmgj/include/bufr_4 -g -traceback -convert big_endian -fp-model source -O3 -qopenmp -free -c /scratch1/NCEPDEV/global/CI/2928/gefs/sorc/gfs_utils.fd/src/gfs_bufr.fd/calpreciptype.f -o CMakeFiles/gfs_bufr.x.dir/calpreciptype.f.o
[ 35%] Building Fortran object src/gfs_bufr.fd/CMakeFiles/gfs_bufr.x.dir/gslp.f.o
cd /scratch1/NCEPDEV/global/CI/2928/gefs/sorc/gfs_utils.fd/build/src/gfs_bufr.fd && /apps/oneapi/compiler/2022.0.2/linux/bin/intel64/ifort -DUNDERSCORE -I/scratch1/NCEPDEV/nems/role.epic/spack-stack/spack-stack-1.6.0/envs/gsi-addon-dev-rocky8/install/intel/2021.5.0/netcdf-fortran-4.6.1-ifhqcwv/include -I/scratch1/NCEPDEV/nems/role.epic/spack-stack/spack-stack-1.6.0/envs/gsi-addon-dev-rocky8/install/intel/2021.5.0/netcdf-c-4.9.2-ejp7j3k/include -I/apps/oneapi/mpi/2021.5.1/include -I/scratch1/NCEPDEV/nems/role.epic/spack-stack/spack-stack-1.6.0/envs/gsi-addon-dev-rocky8/install/intel/2021.5.0/bacio-2.4.1-wqq7qmr/include_4 -I/scratch1/NCEPDEV/nems/role.epic/spack-stack/spack-stack-1.6.0/envs/gsi-addon-dev-rocky8/install/intel/2021.5.0/w3emc-2.10.0-xer6twa/include_4 -I/scratch1/NCEPDEV/nems/role.epic/spack-stack/spack-stack-1.6.0/envs/gsi-addon-dev-rocky8/install/intel/2021.5.0/bufr-11.7.0-w62mmgj/include/bufr_4 -g -traceback -convert big_endian -fp-model source -O3 -qopenmp -free -c /scratch1/NCEPDEV/global/CI/2928/gefs/sorc/gfs_utils.fd/src/gfs_bufr.fd/gslp.f -o CMakeFiles/gfs_bufr.x.dir/gslp.f.o
[ 37%] Building Fortran object src/gfs_bufr.fd/CMakeFiles/gfs_bufr.x.dir/modstuff1.f.o
cd /scratch1/NCEPDEV/global/CI/2928/gefs/sorc/gfs_utils.fd/build/src/gfs_bufr.fd && /apps/oneapi/compiler/2022.0.2/linux/bin/intel64/ifort -DUNDERSCORE -I/scratch1/NCEPDEV/nems/role.epic/spack-stack/spack-stack-1.6.0/envs/gsi-addon-dev-rocky8/install/intel/2021.5.0/netcdf-fortran-4.6.1-ifhqcwv/include -I/scratch1/NCEPDEV/nems/role.epic/spack-stack/spack-stack-1.6.0/envs/gsi-addon-dev-rocky8/install/intel/2021.5.0/netcdf-c-4.9.2-ejp7j3k/include -I/apps/oneapi/mpi/2021.5.1/include -I/scratch1/NCEPDEV/nems/role.epic/spack-stack/spack-stack-1.6.0/envs/gsi-addon-dev-rocky8/install/intel/2021.5.0/bacio-2.4.1-wqq7qmr/include_4 -I/scratch1/NCEPDEV/nems/role.epic/spack-stack/spack-stack-1.6.0/envs/gsi-addon-dev-rocky8/install/intel/2021.5.0/w3emc-2.10.0-xer6twa/include_4 -I/scratch1/NCEPDEV/nems/role.epic/spack-stack/spack-stack-1.6.0/envs/gsi-addon-dev-rocky8/install/intel/2021.5.0/bufr-11.7.0-w62mmgj/include/bufr_4 -g -traceback -convert big_endian -fp-model source -O3 -qopenmp -free -c /scratch1/NCEPDEV/global/CI/2928/gefs/sorc/gfs_utils.fd/src/gfs_bufr.fd/modstuff1.f -o CMakeFiles/gfs_bufr.x.dir/modstuff1.f.o
[ 38%] Linking Fortran executable gfs_bufr.x
cd /scratch1/NCEPDEV/global/CI/2928/gefs/sorc/gfs_utils.fd/build/src/gfs_bufr.fd && /scratch1/NCEPDEV/nems/role.epic/spack-stack/spack-stack-1.6.0/envs/gsi-addon-dev-rocky8/install/intel/2021.5.0/cmake-3.23.1-qjplcak/bin/cmake -E cmake_link_script CMakeFiles/gfs_bufr.x.dir/link.txt --verbose=NO
make[2]: Leaving directory '/scratch1/NCEPDEV/global/CI/2928/gefs/sorc/gfs_utils.fd/build'
[ 38%] Built target gfs_bufr.x
make  -f src/reg2grb2.fd/CMakeFiles/reg2grb2.x.dir/build.make src/reg2grb2.fd/CMakeFiles/reg2grb2.x.dir/depend
make[2]: Entering directory '/scratch1/NCEPDEV/global/CI/2928/gefs/sorc/gfs_utils.fd/build'
cd /scratch1/NCEPDEV/global/CI/2928/gefs/sorc/gfs_utils.fd/build && /scratch1/NCEPDEV/nems/role.epic/spack-stack/spack-stack-1.6.0/envs/gsi-addon-dev-rocky8/install/intel/2021.5.0/cmake-3.23.1-qjplcak/bin/cmake -E cmake_depends "Unix Makefiles" /scratch1/NCEPDEV/global/CI/2928/gefs/sorc/gfs_utils.fd /scratch1/NCEPDEV/global/CI/2928/gefs/sorc/gfs_utils.fd/src/reg2grb2.fd /scratch1/NCEPDEV/global/CI/2928/gefs/sorc/gfs_utils.fd/build /scratch1/NCEPDEV/global/CI/2928/gefs/sorc/gfs_utils.fd/build/src/reg2grb2.fd /scratch1/NCEPDEV/global/CI/2928/gefs/sorc/gfs_utils.fd/build/src/reg2grb2.fd/CMakeFiles/reg2grb2.x.dir/DependInfo.cmake --color=
Dependee "/scratch1/NCEPDEV/global/CI/2928/gefs/sorc/gfs_utils.fd/build/src/reg2grb2.fd/CMakeFiles/reg2grb2.x.dir/DependInfo.cmake" is newer than depender "/scratch1/NCEPDEV/global/CI/2928/gefs/sorc/gfs_utils.fd/build/src/reg2grb2.fd/CMakeFiles/reg2grb2.x.dir/depend.internal".
Dependee "/scratch1/NCEPDEV/global/CI/2928/gefs/sorc/gfs_utils.fd/build/src/reg2grb2.fd/CMakeFiles/CMakeDirectoryInformation.cmake" is newer than depender "/scratch1/NCEPDEV/global/CI/2928/gefs/sorc/gfs_utils.fd/build/src/reg2grb2.fd/CMakeFiles/reg2grb2.x.dir/depend.internal".
Scanning dependencies of target reg2grb2.x
make[2]: Leaving directory '/scratch1/NCEPDEV/global/CI/2928/gefs/sorc/gfs_utils.fd/build'
make  -f src/reg2grb2.fd/CMakeFiles/reg2grb2.x.dir/build.make src/reg2grb2.fd/CMakeFiles/reg2grb2.x.dir/build
make[2]: Entering directory '/scratch1/NCEPDEV/global/CI/2928/gefs/sorc/gfs_utils.fd/build'
[ 39%] Building Fortran object src/reg2grb2.fd/CMakeFiles/reg2grb2.x.dir/regdiag.f.o
cd /scratch1/NCEPDEV/global/CI/2928/gefs/sorc/gfs_utils.fd/build/src/reg2grb2.fd && /apps/oneapi/compiler/2022.0.2/linux/bin/intel64/ifort  -I/scratch1/NCEPDEV/nems/role.epic/spack-stack/spack-stack-1.6.0/envs/gsi-addon-dev-rocky8/install/intel/2021.5.0/netcdf-fortran-4.6.1-ifhqcwv/include -I/scratch1/NCEPDEV/nems/role.epic/spack-stack/spack-stack-1.6.0/envs/gsi-addon-dev-rocky8/install/intel/2021.5.0/netcdf-c-4.9.2-ejp7j3k/include -I/apps/oneapi/mpi/2021.5.1/include -I/scratch1/NCEPDEV/nems/role.epic/spack-stack/spack-stack-1.6.0/envs/gsi-addon-dev-rocky8/install/intel/2021.5.0/landsfcutil-2.4.1-uxl43od/include_d -I/scratch1/NCEPDEV/nems/role.epic/spack-stack/spack-stack-1.6.0/envs/gsi-addon-dev-rocky8/install/intel/2021.5.0/ip-4.3.0-ozyjvbg/include_d -I/scratch1/NCEPDEV/nems/role.epic/spack-stack/spack-stack-1.6.0/envs/gsi-addon-dev-rocky8/install/intel/2021.5.0/bacio-2.4.1-wqq7qmr/include_4 -I/scratch1/NCEPDEV/nems/role.epic/spack-stack/spack-stack-1.6.0/envs/gsi-addon-dev-rocky8/install/intel/2021.5.0/w3emc-2.10.0-xer6twa/include_4 -I/scratch1/NCEPDEV/nems/role.epic/spack-stack/spack-stack-1.6.0/envs/gsi-addon-dev-rocky8/install/intel/2021.5.0/wgrib2-2.0.8-nauzcdx/include -g -traceback -free -convert big_endian -fp-model precise -assume byterecl -O3 -qopenmp -c /scratch1/NCEPDEV/global/CI/2928/gefs/sorc/gfs_utils.fd/src/reg2grb2.fd/regdiag.f -o CMakeFiles/reg2grb2.x.dir/regdiag.f.o
/scratch1/NCEPDEV/nems/role.epic/spack-stack/spack-stack-1.6.0/envs/gsi-addon-dev-rocky8/install/intel/2021.5.0/cmake-3.23.1-qjplcak/bin/cmake -E cmake_copy_f90_mod src/reg2grb2.fd/regdiag_mod.mod src/reg2grb2.fd/CMakeFiles/reg2grb2.x.dir/regdiag_mod.mod.stamp Intel
/scratch1/NCEPDEV/nems/role.epic/spack-stack/spack-stack-1.6.0/envs/gsi-addon-dev-rocky8/install/intel/2021.5.0/cmake-3.23.1-qjplcak/bin/cmake -E touch src/reg2grb2.fd/CMakeFiles/reg2grb2.x.dir/regdiag.f.o.provides.build
[ 40%] Building Fortran object src/reg2grb2.fd/CMakeFiles/reg2grb2.x.dir/reg2grb2.f.o
cd /scratch1/NCEPDEV/global/CI/2928/gefs/sorc/gfs_utils.fd/build/src/reg2grb2.fd && /apps/oneapi/compiler/2022.0.2/linux/bin/intel64/ifort  -I/scratch1/NCEPDEV/nems/role.epic/spack-stack/spack-stack-1.6.0/envs/gsi-addon-dev-rocky8/install/intel/2021.5.0/netcdf-fortran-4.6.1-ifhqcwv/include -I/scratch1/NCEPDEV/nems/role.epic/spack-stack/spack-stack-1.6.0/envs/gsi-addon-dev-rocky8/install/intel/2021.5.0/netcdf-c-4.9.2-ejp7j3k/include -I/apps/oneapi/mpi/2021.5.1/include -I/scratch1/NCEPDEV/nems/role.epic/spack-stack/spack-stack-1.6.0/envs/gsi-addon-dev-rocky8/install/intel/2021.5.0/landsfcutil-2.4.1-uxl43od/include_d -I/scratch1/NCEPDEV/nems/role.epic/spack-stack/spack-stack-1.6.0/envs/gsi-addon-dev-rocky8/install/intel/2021.5.0/ip-4.3.0-ozyjvbg/include_d -I/scratch1/NCEPDEV/nems/role.epic/spack-stack/spack-stack-1.6.0/envs/gsi-addon-dev-rocky8/install/intel/2021.5.0/bacio-2.4.1-wqq7qmr/include_4 -I/scratch1/NCEPDEV/nems/role.epic/spack-stack/spack-stack-1.6.0/envs/gsi-addon-dev-rocky8/install/intel/2021.5.0/w3emc-2.10.0-xer6twa/include_4 -I/scratch1/NCEPDEV/nems/role.epic/spack-stack/spack-stack-1.6.0/envs/gsi-addon-dev-rocky8/install/intel/2021.5.0/wgrib2-2.0.8-nauzcdx/include -g -traceback -free -convert big_endian -fp-model precise -assume byterecl -O3 -qopenmp -c /scratch1/NCEPDEV/global/CI/2928/gefs/sorc/gfs_utils.fd/src/reg2grb2.fd/reg2grb2.f -o CMakeFiles/reg2grb2.x.dir/reg2grb2.f.o
[ 41%] Linking Fortran executable reg2grb2.x
cd /scratch1/NCEPDEV/global/CI/2928/gefs/sorc/gfs_utils.fd/build/src/reg2grb2.fd && /scratch1/NCEPDEV/nems/role.epic/spack-stack/spack-stack-1.6.0/envs/gsi-addon-dev-rocky8/install/intel/2021.5.0/cmake-3.23.1-qjplcak/bin/cmake -E cmake_link_script CMakeFiles/reg2grb2.x.dir/link.txt --verbose=NO
make[2]: Leaving directory '/scratch1/NCEPDEV/global/CI/2928/gefs/sorc/gfs_utils.fd/build'
[ 41%] Built target reg2grb2.x
make  -f src/tocsbufr.fd/CMakeFiles/tocsbufr.x.dir/build.make src/tocsbufr.fd/CMakeFiles/tocsbufr.x.dir/depend
make[2]: Entering directory '/scratch1/NCEPDEV/global/CI/2928/gefs/sorc/gfs_utils.fd/build'
cd /scratch1/NCEPDEV/global/CI/2928/gefs/sorc/gfs_utils.fd/build && /scratch1/NCEPDEV/nems/role.epic/spack-stack/spack-stack-1.6.0/envs/gsi-addon-dev-rocky8/install/intel/2021.5.0/cmake-3.23.1-qjplcak/bin/cmake -E cmake_depends "Unix Makefiles" /scratch1/NCEPDEV/global/CI/2928/gefs/sorc/gfs_utils.fd /scratch1/NCEPDEV/global/CI/2928/gefs/sorc/gfs_utils.fd/src/tocsbufr.fd /scratch1/NCEPDEV/global/CI/2928/gefs/sorc/gfs_utils.fd/build /scratch1/NCEPDEV/global/CI/2928/gefs/sorc/gfs_utils.fd/build/src/tocsbufr.fd /scratch1/NCEPDEV/global/CI/2928/gefs/sorc/gfs_utils.fd/build/src/tocsbufr.fd/CMakeFiles/tocsbufr.x.dir/DependInfo.cmake --color=
Dependee "/scratch1/NCEPDEV/global/CI/2928/gefs/sorc/gfs_utils.fd/build/src/tocsbufr.fd/CMakeFiles/tocsbufr.x.dir/DependInfo.cmake" is newer than depender "/scratch1/NCEPDEV/global/CI/2928/gefs/sorc/gfs_utils.fd/build/src/tocsbufr.fd/CMakeFiles/tocsbufr.x.dir/depend.internal".
Dependee "/scratch1/NCEPDEV/global/CI/2928/gefs/sorc/gfs_utils.fd/build/src/tocsbufr.fd/CMakeFiles/CMakeDirectoryInformation.cmake" is newer than depender "/scratch1/NCEPDEV/global/CI/2928/gefs/sorc/gfs_utils.fd/build/src/tocsbufr.fd/CMakeFiles/tocsbufr.x.dir/depend.internal".
Scanning dependencies of target tocsbufr.x
make[2]: Leaving directory '/scratch1/NCEPDEV/global/CI/2928/gefs/sorc/gfs_utils.fd/build'
make  -f src/tocsbufr.fd/CMakeFiles/tocsbufr.x.dir/build.make src/tocsbufr.fd/CMakeFiles/tocsbufr.x.dir/build
make[2]: Entering directory '/scratch1/NCEPDEV/global/CI/2928/gefs/sorc/gfs_utils.fd/build'
[ 43%] Building Fortran object src/tocsbufr.fd/CMakeFiles/tocsbufr.x.dir/tocsbufr.f.o
cd /scratch1/NCEPDEV/global/CI/2928/gefs/sorc/gfs_utils.fd/build/src/tocsbufr.fd && /apps/oneapi/compiler/2022.0.2/linux/bin/intel64/ifort -DUNDERSCORE -I/scratch1/NCEPDEV/nems/role.epic/spack-stack/spack-stack-1.6.0/envs/gsi-addon-dev-rocky8/install/intel/2021.5.0/bacio-2.4.1-wqq7qmr/include_4 -I/scratch1/NCEPDEV/nems/role.epic/spack-stack/spack-stack-1.6.0/envs/gsi-addon-dev-rocky8/install/intel/2021.5.0/sigio-2.3.2-kupug57/include -I/scratch1/NCEPDEV/nems/role.epic/spack-stack/spack-stack-1.6.0/envs/gsi-addon-dev-rocky8/install/intel/2021.5.0/w3emc-2.10.0-xer6twa/include_4 -I/scratch1/NCEPDEV/nems/role.epic/spack-stack/spack-stack-1.6.0/envs/gsi-addon-dev-rocky8/install/intel/2021.5.0/bufr-11.7.0-w62mmgj/include/bufr_4 -g -traceback -convert big_endian -fp-model source -O3 -c /scratch1/NCEPDEV/global/CI/2928/gefs/sorc/gfs_utils.fd/src/tocsbufr.fd/tocsbufr.f -o CMakeFiles/tocsbufr.x.dir/tocsbufr.f.o
[ 44%] Linking Fortran executable tocsbufr.x
cd /scratch1/NCEPDEV/global/CI/2928/gefs/sorc/gfs_utils.fd/build/src/tocsbufr.fd && /scratch1/NCEPDEV/nems/role.epic/spack-stack/spack-stack-1.6.0/envs/gsi-addon-dev-rocky8/install/intel/2021.5.0/cmake-3.23.1-qjplcak/bin/cmake -E cmake_link_script CMakeFiles/tocsbufr.x.dir/link.txt --verbose=NO
make[2]: Leaving directory '/scratch1/NCEPDEV/global/CI/2928/gefs/sorc/gfs_utils.fd/build'
[ 44%] Built target tocsbufr.x
make  -f src/fbwndgfs.fd/CMakeFiles/fbwndgfs.x.dir/build.make src/fbwndgfs.fd/CMakeFiles/fbwndgfs.x.dir/depend
make[2]: Entering directory '/scratch1/NCEPDEV/global/CI/2928/gefs/sorc/gfs_utils.fd/build'
cd /scratch1/NCEPDEV/global/CI/2928/gefs/sorc/gfs_utils.fd/build && /scratch1/NCEPDEV/nems/role.epic/spack-stack/spack-stack-1.6.0/envs/gsi-addon-dev-rocky8/install/intel/2021.5.0/cmake-3.23.1-qjplcak/bin/cmake -E cmake_depends "Unix Makefiles" /scratch1/NCEPDEV/global/CI/2928/gefs/sorc/gfs_utils.fd /scratch1/NCEPDEV/global/CI/2928/gefs/sorc/gfs_utils.fd/src/fbwndgfs.fd /scratch1/NCEPDEV/global/CI/2928/gefs/sorc/gfs_utils.fd/build /scratch1/NCEPDEV/global/CI/2928/gefs/sorc/gfs_utils.fd/build/src/fbwndgfs.fd /scratch1/NCEPDEV/global/CI/2928/gefs/sorc/gfs_utils.fd/build/src/fbwndgfs.fd/CMakeFiles/fbwndgfs.x.dir/DependInfo.cmake --color=
Dependee "/scratch1/NCEPDEV/global/CI/2928/gefs/sorc/gfs_utils.fd/build/src/fbwndgfs.fd/CMakeFiles/fbwndgfs.x.dir/DependInfo.cmake" is newer than depender "/scratch1/NCEPDEV/global/CI/2928/gefs/sorc/gfs_utils.fd/build/src/fbwndgfs.fd/CMakeFiles/fbwndgfs.x.dir/depend.internal".
Dependee "/scratch1/NCEPDEV/global/CI/2928/gefs/sorc/gfs_utils.fd/build/src/fbwndgfs.fd/CMakeFiles/CMakeDirectoryInformation.cmake" is newer than depender "/scratch1/NCEPDEV/global/CI/2928/gefs/sorc/gfs_utils.fd/build/src/fbwndgfs.fd/CMakeFiles/fbwndgfs.x.dir/depend.internal".
Scanning dependencies of target fbwndgfs.x
make[2]: Leaving directory '/scratch1/NCEPDEV/global/CI/2928/gefs/sorc/gfs_utils.fd/build'
make  -f src/fbwndgfs.fd/CMakeFiles/fbwndgfs.x.dir/build.make src/fbwndgfs.fd/CMakeFiles/fbwndgfs.x.dir/build
make[2]: Entering directory '/scratch1/NCEPDEV/global/CI/2928/gefs/sorc/gfs_utils.fd/build'
[ 45%] Building Fortran object src/fbwndgfs.fd/CMakeFiles/fbwndgfs.x.dir/fbwndgfs.F.o
cd /scratch1/NCEPDEV/global/CI/2928/gefs/sorc/gfs_utils.fd/build/src/fbwndgfs.fd && /apps/oneapi/compiler/2022.0.2/linux/bin/intel64/ifort -DW3EMC_V2_10 -I/scratch1/NCEPDEV/nems/role.epic/spack-stack/spack-stack-1.6.0/envs/gsi-addon-dev-rocky8/install/intel/2021.5.0/bacio-2.4.1-wqq7qmr/include_8 -I/scratch1/NCEPDEV/nems/role.epic/spack-stack/spack-stack-1.6.0/envs/gsi-addon-dev-rocky8/install/intel/2021.5.0/ip-4.3.0-ozyjvbg/include_8 -I/scratch1/NCEPDEV/nems/role.epic/spack-stack/spack-stack-1.6.0/envs/gsi-addon-dev-rocky8/install/intel/2021.5.0/w3emc-2.10.0-xer6twa/include_8 -I/scratch1/NCEPDEV/nems/role.epic/spack-stack/spack-stack-1.6.0/envs/gsi-addon-dev-rocky8/install/intel/2021.5.0/bacio-2.4.1-wqq7qmr/include_4 -g -traceback -r8 -i8 -convert big_endian -assume byterecl -O3 -qopenmp -c /scratch1/NCEPDEV/global/CI/2928/gefs/sorc/gfs_utils.fd/src/fbwndgfs.fd/fbwndgfs.F -o CMakeFiles/fbwndgfs.x.dir/fbwndgfs.F.o
[ 46%] Linking Fortran executable fbwndgfs.x
cd /scratch1/NCEPDEV/global/CI/2928/gefs/sorc/gfs_utils.fd/build/src/fbwndgfs.fd && /scratch1/NCEPDEV/nems/role.epic/spack-stack/spack-stack-1.6.0/envs/gsi-addon-dev-rocky8/install/intel/2021.5.0/cmake-3.23.1-qjplcak/bin/cmake -E cmake_link_script CMakeFiles/fbwndgfs.x.dir/link.txt --verbose=NO
make[2]: Leaving directory '/scratch1/NCEPDEV/global/CI/2928/gefs/sorc/gfs_utils.fd/build'
[ 46%] Built target fbwndgfs.x
make  -f src/vint.fd/CMakeFiles/vint.x.dir/build.make src/vint.fd/CMakeFiles/vint.x.dir/depend
make[2]: Entering directory '/scratch1/NCEPDEV/global/CI/2928/gefs/sorc/gfs_utils.fd/build'
cd /scratch1/NCEPDEV/global/CI/2928/gefs/sorc/gfs_utils.fd/build && /scratch1/NCEPDEV/nems/role.epic/spack-stack/spack-stack-1.6.0/envs/gsi-addon-dev-rocky8/install/intel/2021.5.0/cmake-3.23.1-qjplcak/bin/cmake -E cmake_depends "Unix Makefiles" /scratch1/NCEPDEV/global/CI/2928/gefs/sorc/gfs_utils.fd /scratch1/NCEPDEV/global/CI/2928/gefs/sorc/gfs_utils.fd/src/vint.fd /scratch1/NCEPDEV/global/CI/2928/gefs/sorc/gfs_utils.fd/build /scratch1/NCEPDEV/global/CI/2928/gefs/sorc/gfs_utils.fd/build/src/vint.fd /scratch1/NCEPDEV/global/CI/2928/gefs/sorc/gfs_utils.fd/build/src/vint.fd/CMakeFiles/vint.x.dir/DependInfo.cmake --color=
Dependee "/scratch1/NCEPDEV/global/CI/2928/gefs/sorc/gfs_utils.fd/build/src/vint.fd/CMakeFiles/vint.x.dir/DependInfo.cmake" is newer than depender "/scratch1/NCEPDEV/global/CI/2928/gefs/sorc/gfs_utils.fd/build/src/vint.fd/CMakeFiles/vint.x.dir/depend.internal".
Dependee "/scratch1/NCEPDEV/global/CI/2928/gefs/sorc/gfs_utils.fd/build/src/vint.fd/CMakeFiles/CMakeDirectoryInformation.cmake" is newer than depender "/scratch1/NCEPDEV/global/CI/2928/gefs/sorc/gfs_utils.fd/build/src/vint.fd/CMakeFiles/vint.x.dir/depend.internal".
Scanning dependencies of target vint.x
make[2]: Leaving directory '/scratch1/NCEPDEV/global/CI/2928/gefs/sorc/gfs_utils.fd/build'
make  -f src/vint.fd/CMakeFiles/vint.x.dir/build.make src/vint.fd/CMakeFiles/vint.x.dir/build
make[2]: Entering directory '/scratch1/NCEPDEV/global/CI/2928/gefs/sorc/gfs_utils.fd/build'
[ 48%] Building Fortran object src/vint.fd/CMakeFiles/vint.x.dir/vint.f.o
cd /scratch1/NCEPDEV/global/CI/2928/gefs/sorc/gfs_utils.fd/build/src/vint.fd && /apps/oneapi/compiler/2022.0.2/linux/bin/intel64/ifort  -I/scratch1/NCEPDEV/nems/role.epic/spack-stack/spack-stack-1.6.0/envs/gsi-addon-dev-rocky8/install/intel/2021.5.0/bacio-2.4.1-wqq7qmr/include_4 -I/scratch1/NCEPDEV/nems/role.epic/spack-stack/spack-stack-1.6.0/envs/gsi-addon-dev-rocky8/install/intel/2021.5.0/w3emc-2.10.0-xer6twa/include_d -I/scratch1/NCEPDEV/nems/role.epic/spack-stack/spack-stack-1.6.0/envs/gsi-addon-dev-rocky8/install/intel/2021.5.0/g2-3.4.5-77xve5x/include_d -I/scratch1/NCEPDEV/nems/role.epic/spack-stack/spack-stack-1.6.0/envs/gsi-addon-dev-rocky8/install/intel/2021.5.0/libpng-1.6.37-cha7kfi/include -I/scratch1/NCEPDEV/nems/role.epic/spack-stack/spack-stack-1.6.0/envs/gsi-addon-dev-rocky8/install/intel/2021.5.0/zlib-1.2.13-eabxx4z/include -g -traceback -i4 -r8 -O3 -c /scratch1/NCEPDEV/global/CI/2928/gefs/sorc/gfs_utils.fd/src/vint.fd/vint.f -o CMakeFiles/vint.x.dir/vint.f.o
[ 49%] Linking Fortran executable vint.x
cd /scratch1/NCEPDEV/global/CI/2928/gefs/sorc/gfs_utils.fd/build/src/vint.fd && /scratch1/NCEPDEV/nems/role.epic/spack-stack/spack-stack-1.6.0/envs/gsi-addon-dev-rocky8/install/intel/2021.5.0/cmake-3.23.1-qjplcak/bin/cmake -E cmake_link_script CMakeFiles/vint.x.dir/link.txt --verbose=NO
ifort: error #10103: can't fork process: Resource temporarily unavailable
make[2]: *** [src/vint.fd/CMakeFiles/vint.x.dir/build.make:104: src/vint.fd/vint.x] Error 1
make[2]: Leaving directory '/scratch1/NCEPDEV/global/CI/2928/gefs/sorc/gfs_utils.fd/build'
make[1]: *** [CMakeFiles/Makefile2:629: src/vint.fd/CMakeFiles/vint.x.dir/all] Error 2
make[1]: Leaving directory '/scratch1/NCEPDEV/global/CI/2928/gefs/sorc/gfs_utils.fd/build'
make: *** [Makefile:136: all] Error 2
