Begin atmos_products.sh at Mon Jun 24 19:49:15 UTC 2024
+ atmos_products.sh[11]: . /scratch1/NCEPDEV/global/CI/2692/gfs/ush/load_fv3gfs_modules.sh
++ load_fv3gfs_modules.sh[4]: [[ NO == \N\O ]]
++ load_fv3gfs_modules.sh[5]: echo 'Loading modules quietly...'
Loading modules quietly...
++ load_fv3gfs_modules.sh[6]: set +x
Running "module reset". Resetting modules to system default. The following $MODULEPATH directories have been removed: None

Currently Loaded Modules:
  1) contrib                          43) ip/4.3.0
  2) intel/2022.1.2                   44) grib-util/1.3.0
  3) stack-intel/2021.5.0             45) g2tmpl/1.10.2
  4) impi/2022.1.2                    46) gsi-ncdiag/1.1.2
  5) stack-intel-oneapi-mpi/2021.5.1  47) crtm-fix/2.4.0.1_emc
  6) gettext/0.19.8.1                 48) git-lfs/2.10.0
  7) libxcrypt/4.4.35                 49) crtm/2.4.0.1
  8) zlib/1.2.13                      50) openblas/0.3.24
  9) sqlite/3.43.2                    51) py-setuptools/63.4.3
 10) util-linux-uuid/2.38.1           52) py-numpy/1.23.4
 11) python/3.11.6                    53) bufr/11.7.0
 12) hpss/hpss                        54) gmake/3.82
 13) gempak/7.17.0                    55) wgrib2/2.0.8
 14) ncl/6.6.2                        56) py-f90nml/1.4.3
 15) libjpeg/2.1.0                    57) py-cftime/1.0.3.4
 16) jasper/2.0.32                    58) py-netcdf4/1.5.8
 17) libpng/1.6.37                    59) libyaml/0.2.5
 18) openjpeg/2.3.1                   60) py-pyyaml/6.0
 19) eccodes/2.32.0                   61) py-markupsafe/2.1.3
 20) fftw/3.3.10                      62) py-jinja2/3.1.2
 21) nghttp2/1.57.0                   63) py-bottleneck/1.3.7
 22) curl/8.4.0                       64) py-numexpr/2.8.4
 23) proj/8.1.0                       65) py-et-xmlfile/1.0.1
 24) udunits/2.2.28                   66) py-openpyxl/3.1.2
 25) cdo/2.2.0                        67) py-pytz/2023.3
 26) R/3.6.1                          68) py-pyxlsb/1.0.10
 27) perl/5.38.0                      69) py-xlrd/2.0.1
 28) pkg-config/0.27.1                70) py-xlsxwriter/3.1.7
 29) hdf5/1.14.0                      71) py-xlwt/1.3.0
 30) snappy/1.1.10                    72) py-pandas/1.5.3
 31) zstd/1.5.2                       73) py-six/1.16.0
 32) c-blosc/1.21.5                   74) py-python-dateutil/2.8.2
 33) netcdf-c/4.9.2                   75) g2c/1.6.4
 34) netcdf-fortran/4.6.1             76) netcdf-cxx4/4.3.1
 35) antlr/2.7.7                      77) met/9.1.3
 36) gsl/2.7.1                        78) metplus/3.1.1
 37) nco/5.0.6                        79) py-packaging/23.1
 38) bacio/2.4.1                      80) py-xarray/2023.7.0
 39) w3emc/2.10.0                     81) prepobs/1.0.1
 40) prod_util/2.1.1                  82) fit2obs/1.1.1
 41) g2/3.4.5                         83) module_base.hera
 42) sp/2.5.0

 

+ atmos_products.sh[12]: status=0
+ atmos_products.sh[13]: ((  status != 0  ))
+ atmos_products.sh[15]: export job=atmos_products
+ atmos_products.sh[15]: job=atmos_products
+ atmos_products.sh[16]: export jobid=atmos_products.3038905
+ atmos_products.sh[16]: jobid=atmos_products.3038905
+ atmos_products.sh[19]: fhr3_base=10#078
+ atmos_products.sh[20]: export FORECAST_HOUR=78
+ atmos_products.sh[20]: FORECAST_HOUR=78
+ atmos_products.sh[25]: /scratch1/NCEPDEV/global/CI/2692/gfs/jobs/JGLOBAL_ATMOS_PRODUCTS
Begin JGLOBAL_ATMOS_PRODUCTS at Mon Jun 24 19:49:19 UTC 2024
+ JGLOBAL_ATMOS_PRODUCTS[4]: source /scratch1/NCEPDEV/global/CI/2692/gfs/ush/jjob_header.sh -e atmos_products -c 'base atmos_products'
++ jjob_header.sh[44]: OPTIND=1
++ jjob_header.sh[45]: getopts c:e: option
++ jjob_header.sh[46]: case "${option}" in
++ jjob_header.sh[48]: env_job=atmos_products
++ jjob_header.sh[45]: getopts c:e: option
++ jjob_header.sh[46]: case "${option}" in
++ jjob_header.sh[47]: read -ra configs
++ jjob_header.sh[45]: getopts c:e: option
++ jjob_header.sh[59]: shift 4
++ jjob_header.sh[61]: [[ -z atmos_products ]]
++ jjob_header.sh[69]: export DATA=/scratch1/NCEPDEV/stmp2/Terry.McGuinness/RUNDIRS/C96_atmaerosnowDA_898a61ad/atmos_products.3038905
++ jjob_header.sh[69]: DATA=/scratch1/NCEPDEV/stmp2/Terry.McGuinness/RUNDIRS/C96_atmaerosnowDA_898a61ad/atmos_products.3038905
++ jjob_header.sh[70]: [[ YES == \Y\E\S ]]
++ jjob_header.sh[71]: rm -rf /scratch1/NCEPDEV/stmp2/Terry.McGuinness/RUNDIRS/C96_atmaerosnowDA_898a61ad/atmos_products.3038905
++ jjob_header.sh[73]: mkdir -p /scratch1/NCEPDEV/stmp2/Terry.McGuinness/RUNDIRS/C96_atmaerosnowDA_898a61ad/atmos_products.3038905
++ jjob_header.sh[74]: cd /scratch1/NCEPDEV/stmp2/Terry.McGuinness/RUNDIRS/C96_atmaerosnowDA_898a61ad/atmos_products.3038905
++ jjob_header.sh[80]: export cycle=t00z
++ jjob_header.sh[80]: cycle=t00z
++ jjob_header.sh[81]: setpdy.sh
sed: can't read /scratch1/NCEPDEV/global/CI/2692/RUNTESTS/COMROOT/date/t00z: No such file or directory
 completed cleanly
 completed cleanly
Source PDY script to export PDYm7, ..., PDY, ..., PDYp7 variables.
++ jjob_header.sh[82]: source ./PDY
+++ PDY[1]: export PDYm7=20211214
+++ PDY[1]: PDYm7=20211214
+++ PDY[2]: export PDYm6=20211215
+++ PDY[2]: PDYm6=20211215
+++ PDY[3]: export PDYm5=20211216
+++ PDY[3]: PDYm5=20211216
+++ PDY[4]: export PDYm4=20211217
+++ PDY[4]: PDYm4=20211217
+++ PDY[5]: export PDYm3=20211218
+++ PDY[5]: PDYm3=20211218
+++ PDY[6]: export PDYm2=20211219
+++ PDY[6]: PDYm2=20211219
+++ PDY[7]: export PDYm1=20211220
+++ PDY[7]: PDYm1=20211220
+++ PDY[8]: export PDY=20211221
+++ PDY[8]: PDY=20211221
+++ PDY[9]: export PDYp1=20211222
+++ PDY[9]: PDYp1=20211222
+++ PDY[10]: export PDYp2=20211223
+++ PDY[10]: PDYp2=20211223
+++ PDY[11]: export PDYp3=20211224
+++ PDY[11]: PDYp3=20211224
+++ PDY[12]: export PDYp4=20211225
+++ PDY[12]: PDYp4=20211225
+++ PDY[13]: export PDYp5=20211226
+++ PDY[13]: PDYp5=20211226
+++ PDY[14]: export PDYp6=20211227
+++ PDY[14]: PDYp6=20211227
+++ PDY[15]: export PDYp7=20211228
+++ PDY[15]: PDYp7=20211228
++ jjob_header.sh[88]: export pid=3039203
++ jjob_header.sh[88]: pid=3039203
++ jjob_header.sh[89]: export pgmout=OUTPUT.3039203
++ jjob_header.sh[89]: pgmout=OUTPUT.3039203
++ jjob_header.sh[90]: export pgmerr=errfile
++ jjob_header.sh[90]: pgmerr=errfile
++ jjob_header.sh[96]: export EXPDIR=/scratch1/NCEPDEV/global/CI/2692/RUNTESTS/EXPDIR/C96_atmaerosnowDA_898a61ad
++ jjob_header.sh[96]: EXPDIR=/scratch1/NCEPDEV/global/CI/2692/RUNTESTS/EXPDIR/C96_atmaerosnowDA_898a61ad
++ jjob_header.sh[97]: for config in "${configs[@]:-''}"
++ jjob_header.sh[98]: source /scratch1/NCEPDEV/global/CI/2692/RUNTESTS/EXPDIR/C96_atmaerosnowDA_898a61ad/config.base
+++ config.base[6]: echo 'BEGIN: config.base'
BEGIN: config.base
+++ config.base[9]: export machine=HERA
+++ config.base[9]: machine=HERA
+++ config.base[12]: export RUN_ENVIR=emc
+++ config.base[12]: RUN_ENVIR=emc
+++ config.base[15]: export ACCOUNT=nems
+++ config.base[15]: ACCOUNT=nems
+++ config.base[16]: export ACCOUNT_SERVICE=fv3-cpu
+++ config.base[16]: ACCOUNT_SERVICE=fv3-cpu
+++ config.base[17]: export QUEUE=batch
+++ config.base[17]: QUEUE=batch
+++ config.base[18]: export QUEUE_SERVICE=batch
+++ config.base[18]: QUEUE_SERVICE=batch
+++ config.base[19]: export PARTITION_BATCH=hera
+++ config.base[19]: PARTITION_BATCH=hera
+++ config.base[20]: export PARTITION_SERVICE=service
+++ config.base[20]: PARTITION_SERVICE=service
+++ config.base[21]: export RESERVATION=
+++ config.base[21]: RESERVATION=
+++ config.base[24]: export HPSS_PROJECT=emc-global
+++ config.base[24]: HPSS_PROJECT=emc-global
+++ config.base[27]: export HOMEgfs=/scratch1/NCEPDEV/global/CI/2692/gfs
+++ config.base[27]: HOMEgfs=/scratch1/NCEPDEV/global/CI/2692/gfs
+++ config.base[28]: export EXECgfs=/scratch1/NCEPDEV/global/CI/2692/gfs/exec
+++ config.base[28]: EXECgfs=/scratch1/NCEPDEV/global/CI/2692/gfs/exec
+++ config.base[29]: export FIXgfs=/scratch1/NCEPDEV/global/CI/2692/gfs/fix
+++ config.base[29]: FIXgfs=/scratch1/NCEPDEV/global/CI/2692/gfs/fix
+++ config.base[30]: export PARMgfs=/scratch1/NCEPDEV/global/CI/2692/gfs/parm
+++ config.base[30]: PARMgfs=/scratch1/NCEPDEV/global/CI/2692/gfs/parm
+++ config.base[31]: export SCRgfs=/scratch1/NCEPDEV/global/CI/2692/gfs/scripts
+++ config.base[31]: SCRgfs=/scratch1/NCEPDEV/global/CI/2692/gfs/scripts
+++ config.base[32]: export USHgfs=/scratch1/NCEPDEV/global/CI/2692/gfs/ush
+++ config.base[32]: USHgfs=/scratch1/NCEPDEV/global/CI/2692/gfs/ush
+++ config.base[34]: export FIXam=/scratch1/NCEPDEV/global/CI/2692/gfs/fix/am
+++ config.base[34]: FIXam=/scratch1/NCEPDEV/global/CI/2692/gfs/fix/am
+++ config.base[35]: export FIXaer=/scratch1/NCEPDEV/global/CI/2692/gfs/fix/aer
+++ config.base[35]: FIXaer=/scratch1/NCEPDEV/global/CI/2692/gfs/fix/aer
+++ config.base[36]: export FIXcpl=/scratch1/NCEPDEV/global/CI/2692/gfs/fix/cpl
+++ config.base[36]: FIXcpl=/scratch1/NCEPDEV/global/CI/2692/gfs/fix/cpl
+++ config.base[37]: export FIXlut=/scratch1/NCEPDEV/global/CI/2692/gfs/fix/lut
+++ config.base[37]: FIXlut=/scratch1/NCEPDEV/global/CI/2692/gfs/fix/lut
+++ config.base[38]: export FIXcice=/scratch1/NCEPDEV/global/CI/2692/gfs/fix/cice
+++ config.base[38]: FIXcice=/scratch1/NCEPDEV/global/CI/2692/gfs/fix/cice
+++ config.base[39]: export FIXmom=/scratch1/NCEPDEV/global/CI/2692/gfs/fix/mom6
+++ config.base[39]: FIXmom=/scratch1/NCEPDEV/global/CI/2692/gfs/fix/mom6
+++ config.base[40]: export FIXreg2grb2=/scratch1/NCEPDEV/global/CI/2692/gfs/fix/reg2grb2
+++ config.base[40]: FIXreg2grb2=/scratch1/NCEPDEV/global/CI/2692/gfs/fix/reg2grb2
+++ config.base[41]: export FIXgdas=/scratch1/NCEPDEV/global/CI/2692/gfs/fix/gdas
+++ config.base[41]: FIXgdas=/scratch1/NCEPDEV/global/CI/2692/gfs/fix/gdas
+++ config.base[46]: export PACKAGEROOT=/scratch1/NCEPDEV/global/glopara/nwpara
+++ config.base[46]: PACKAGEROOT=/scratch1/NCEPDEV/global/glopara/nwpara
+++ config.base[47]: export COMROOT=/scratch1/NCEPDEV/global/CI/2692/RUNTESTS/COMROOT
+++ config.base[47]: COMROOT=/scratch1/NCEPDEV/global/CI/2692/RUNTESTS/COMROOT
+++ config.base[48]: export COMINsyn=/scratch1/NCEPDEV/global/glopara/com/gfs/prod/syndat
+++ config.base[48]: COMINsyn=/scratch1/NCEPDEV/global/glopara/com/gfs/prod/syndat
+++ config.base[49]: export DMPDIR=/scratch1/NCEPDEV/global/glopara/dump
+++ config.base[49]: DMPDIR=/scratch1/NCEPDEV/global/glopara/dump
+++ config.base[50]: export BASE_CPLIC=/scratch1/NCEPDEV/global/glopara/data/ICSDIR/prototype_ICs
+++ config.base[50]: BASE_CPLIC=/scratch1/NCEPDEV/global/glopara/data/ICSDIR/prototype_ICs
+++ config.base[54]: export COMINecmwf=/scratch1/NCEPDEV/global/glopara/data/external_gempak/ecmwf
+++ config.base[54]: COMINecmwf=/scratch1/NCEPDEV/global/glopara/data/external_gempak/ecmwf
+++ config.base[55]: export COMINnam=/scratch1/NCEPDEV/global/glopara/data/external_gempak/nam
+++ config.base[55]: COMINnam=/scratch1/NCEPDEV/global/glopara/data/external_gempak/nam
+++ config.base[56]: export COMINukmet=/scratch1/NCEPDEV/global/glopara/data/external_gempak/ukmet
+++ config.base[56]: COMINukmet=/scratch1/NCEPDEV/global/glopara/data/external_gempak/ukmet
+++ config.base[59]: export HOMEDIR=/scratch1/NCEPDEV/global/Terry.McGuinness
+++ config.base[59]: HOMEDIR=/scratch1/NCEPDEV/global/Terry.McGuinness
+++ config.base[60]: export STMP=/scratch1/NCEPDEV/stmp2/Terry.McGuinness
+++ config.base[60]: STMP=/scratch1/NCEPDEV/stmp2/Terry.McGuinness
+++ config.base[61]: export PTMP=/scratch1/NCEPDEV/stmp4/Terry.McGuinness
+++ config.base[61]: PTMP=/scratch1/NCEPDEV/stmp4/Terry.McGuinness
+++ config.base[62]: export NOSCRUB=/scratch1/NCEPDEV/global/Terry.McGuinness
+++ config.base[62]: NOSCRUB=/scratch1/NCEPDEV/global/Terry.McGuinness
+++ config.base[65]: export BASE_GIT=/scratch1/NCEPDEV/global/glopara/git
+++ config.base[65]: BASE_GIT=/scratch1/NCEPDEV/global/glopara/git
+++ config.base[68]: export DO_GOES=NO
+++ config.base[68]: DO_GOES=NO
+++ config.base[69]: export DO_BUFRSND=NO
+++ config.base[69]: DO_BUFRSND=NO
+++ config.base[70]: export DO_GEMPAK=NO
+++ config.base[70]: DO_GEMPAK=NO
+++ config.base[71]: export DO_AWIPS=NO
+++ config.base[71]: DO_AWIPS=NO
+++ config.base[72]: export DO_NPOESS=NO
+++ config.base[72]: DO_NPOESS=NO
+++ config.base[73]: export DO_TRACKER=YES
+++ config.base[73]: DO_TRACKER=YES
+++ config.base[74]: export DO_GENESIS=YES
+++ config.base[74]: DO_GENESIS=YES
+++ config.base[75]: export DO_GENESIS_FSU=NO
+++ config.base[75]: DO_GENESIS_FSU=NO
+++ config.base[76]: export DO_VERFOZN=YES
+++ config.base[76]: DO_VERFOZN=YES
+++ config.base[77]: export DO_VERFRAD=YES
+++ config.base[77]: DO_VERFRAD=YES
+++ config.base[78]: export DO_VMINMON=YES
+++ config.base[78]: DO_VMINMON=YES
+++ config.base[79]: export DO_MOS=NO
+++ config.base[79]: DO_MOS=NO
+++ config.base[85]: export REALTIME=YES
+++ config.base[85]: REALTIME=YES
+++ config.base[88]: export MODE=cycled
+++ config.base[88]: MODE=cycled
+++ config.base[97]: export FIXgsi=/scratch1/NCEPDEV/global/CI/2692/gfs/fix/gsi
+++ config.base[97]: FIXgsi=/scratch1/NCEPDEV/global/CI/2692/gfs/fix/gsi
+++ config.base[98]: export HOMEpost=/scratch1/NCEPDEV/global/CI/2692/gfs
+++ config.base[98]: HOMEpost=/scratch1/NCEPDEV/global/CI/2692/gfs
+++ config.base[99]: export HOMEobsproc=/scratch1/NCEPDEV/global/glopara/git/obsproc/v1.1.2
+++ config.base[99]: HOMEobsproc=/scratch1/NCEPDEV/global/glopara/git/obsproc/v1.1.2
+++ config.base[102]: export 'NCP=/bin/cp -p'
+++ config.base[102]: NCP='/bin/cp -p'
+++ config.base[103]: export NMV=/bin/mv
+++ config.base[103]: NMV=/bin/mv
+++ config.base[104]: export 'NLN=/bin/ln -sf'
+++ config.base[104]: NLN='/bin/ln -sf'
+++ config.base[105]: export VERBOSE=YES
+++ config.base[105]: VERBOSE=YES
+++ config.base[106]: export KEEPDATA=NO
+++ config.base[106]: KEEPDATA=NO
+++ config.base[107]: export DEBUG_POSTSCRIPT=NO
+++ config.base[107]: DEBUG_POSTSCRIPT=NO
+++ config.base[108]: export CHGRP_RSTPROD=YES
+++ config.base[108]: CHGRP_RSTPROD=YES
+++ config.base[109]: export 'CHGRP_CMD=chgrp rstprod'
+++ config.base[109]: CHGRP_CMD='chgrp rstprod'
+++ config.base[110]: export NCDUMP=/scratch1/NCEPDEV/nems/role.epic/spack-stack/spack-stack-1.6.0/envs/gsi-addon-dev-rocky8/install/intel/2021.5.0/netcdf-c-4.9.2-ejp7j3k/bin/ncdump
+++ config.base[110]: NCDUMP=/scratch1/NCEPDEV/nems/role.epic/spack-stack/spack-stack-1.6.0/envs/gsi-addon-dev-rocky8/install/intel/2021.5.0/netcdf-c-4.9.2-ejp7j3k/bin/ncdump
+++ config.base[111]: export NCLEN=/scratch1/NCEPDEV/global/CI/2692/gfs/ush/getncdimlen
+++ config.base[111]: NCLEN=/scratch1/NCEPDEV/global/CI/2692/gfs/ush/getncdimlen
+++ config.base[114]: export BASE_ENV=/scratch1/NCEPDEV/global/CI/2692/gfs/env
+++ config.base[114]: BASE_ENV=/scratch1/NCEPDEV/global/CI/2692/gfs/env
+++ config.base[115]: export BASE_JOB=/scratch1/NCEPDEV/global/CI/2692/gfs/jobs/rocoto
+++ config.base[115]: BASE_JOB=/scratch1/NCEPDEV/global/CI/2692/gfs/jobs/rocoto
+++ config.base[118]: export SDATE=2021122012
+++ config.base[118]: SDATE=2021122012
+++ config.base[119]: export EDATE=2021122100
+++ config.base[119]: EDATE=2021122100
+++ config.base[120]: export EXP_WARM_START=.false.
+++ config.base[120]: EXP_WARM_START=.false.
+++ config.base[121]: export assim_freq=6
+++ config.base[121]: assim_freq=6
+++ config.base[122]: export PSLOT=C96_atmaerosnowDA_898a61ad
+++ config.base[122]: PSLOT=C96_atmaerosnowDA_898a61ad
+++ config.base[123]: export EXPDIR=/scratch1/NCEPDEV/global/CI/2692/RUNTESTS/EXPDIR/C96_atmaerosnowDA_898a61ad
+++ config.base[123]: EXPDIR=/scratch1/NCEPDEV/global/CI/2692/RUNTESTS/EXPDIR/C96_atmaerosnowDA_898a61ad
+++ config.base[124]: export ROTDIR=/scratch1/NCEPDEV/global/CI/2692/RUNTESTS/COMROOT/C96_atmaerosnowDA_898a61ad
+++ config.base[124]: ROTDIR=/scratch1/NCEPDEV/global/CI/2692/RUNTESTS/COMROOT/C96_atmaerosnowDA_898a61ad
+++ config.base[125]: export ROTDIR_DUMP=YES
+++ config.base[125]: ROTDIR_DUMP=YES
+++ config.base[126]: export DUMP_SUFFIX=
+++ config.base[126]: DUMP_SUFFIX=
+++ config.base[127]: [[ 2021122100 -ge 2019092100 ]]
+++ config.base[127]: [[ 2021122100 -le 2019110700 ]]
+++ config.base[130]: export DATAROOT=/scratch1/NCEPDEV/stmp2/Terry.McGuinness/RUNDIRS/C96_atmaerosnowDA_898a61ad
+++ config.base[130]: DATAROOT=/scratch1/NCEPDEV/stmp2/Terry.McGuinness/RUNDIRS/C96_atmaerosnowDA_898a61ad
+++ config.base[131]: export RUNDIR=/scratch1/NCEPDEV/stmp2/Terry.McGuinness/RUNDIRS/C96_atmaerosnowDA_898a61ad
+++ config.base[131]: RUNDIR=/scratch1/NCEPDEV/stmp2/Terry.McGuinness/RUNDIRS/C96_atmaerosnowDA_898a61ad
+++ config.base[132]: export ARCDIR=/scratch1/NCEPDEV/global/Terry.McGuinness/archive/C96_atmaerosnowDA_898a61ad
+++ config.base[132]: ARCDIR=/scratch1/NCEPDEV/global/Terry.McGuinness/archive/C96_atmaerosnowDA_898a61ad
+++ config.base[133]: export ATARDIR=/NCEPDEV/emc-global/1year/Terry.McGuinness/HERA/scratch/C96_atmaerosnowDA_898a61ad
+++ config.base[133]: ATARDIR=/NCEPDEV/emc-global/1year/Terry.McGuinness/HERA/scratch/C96_atmaerosnowDA_898a61ad
+++ config.base[136]: export envir=prod
+++ config.base[136]: envir=prod
+++ config.base[137]: export NET=gfs
+++ config.base[137]: NET=gfs
+++ config.base[138]: export RUN=gfs
+++ config.base[138]: RUN=gfs
+++ config.base[144]: source /scratch1/NCEPDEV/global/CI/2692/RUNTESTS/EXPDIR/C96_atmaerosnowDA_898a61ad/config.com
++++ config.com[4]: echo 'BEGIN: config.com'
BEGIN: config.com
++++ config.com[37]: [[ emc == \n\c\o ]]
++++ config.com[41]: COM_OBS_TMPL='${ROTDIR}/${RUN}.${YMD}/${HH}/obs'
++++ config.com[42]: COM_RTOFS_TMPL='${DMPDIR}'
++++ config.com[44]: declare -rx COM_OBS_TMPL COM_RTOFS_TMPL
++++ config.com[45]: declare -rx 'COM_OBSDMP_TMPL=${DMPDIR}/${DUMP}${DUMP_SUFFIX}.${YMD}/${HH}/atmos'
++++ config.com[47]: COM_BASE='${ROTDIR}/${RUN}.${YMD}/${HH}/${MEMDIR}'
++++ config.com[49]: declare -rx 'COM_TOP_TMPL=${ROTDIR}/${RUN}.${YMD}/${HH}'
++++ config.com[51]: declare -rx 'COM_CONF_TMPL=${ROTDIR}/${RUN}.${YMD}/${HH}/${MEMDIR}/conf'
++++ config.com[52]: declare -rx 'COM_OBS_JEDI=${ROTDIR}/${RUN}.${YMD}/${HH}/${MEMDIR}/obs_jedi'
++++ config.com[54]: declare -rx 'COM_ATMOS_INPUT_TMPL=${ROTDIR}/${RUN}.${YMD}/${HH}/${MEMDIR}/model_data/atmos/input'
++++ config.com[55]: declare -rx 'COM_ATMOS_RESTART_TMPL=${ROTDIR}/${RUN}.${YMD}/${HH}/${MEMDIR}/model_data/atmos/restart'
++++ config.com[56]: declare -rx 'COM_ATMOS_ANALYSIS_TMPL=${ROTDIR}/${RUN}.${YMD}/${HH}/${MEMDIR}/analysis/atmos'
++++ config.com[57]: declare -rx 'COM_SNOW_ANALYSIS_TMPL=${ROTDIR}/${RUN}.${YMD}/${HH}/${MEMDIR}/analysis/snow'
++++ config.com[58]: declare -rx 'COM_ATMOS_HISTORY_TMPL=${ROTDIR}/${RUN}.${YMD}/${HH}/${MEMDIR}/model_data/atmos/history'
++++ config.com[59]: declare -rx 'COM_ATMOS_MASTER_TMPL=${ROTDIR}/${RUN}.${YMD}/${HH}/${MEMDIR}/model_data/atmos/master'
++++ config.com[60]: declare -rx 'COM_ATMOS_GRIB_TMPL=${ROTDIR}/${RUN}.${YMD}/${HH}/${MEMDIR}/products/atmos/grib2'
++++ config.com[61]: declare -rx 'COM_ATMOS_GRIB_GRID_TMPL=${ROTDIR}/${RUN}.${YMD}/${HH}/${MEMDIR}/products/atmos/grib2/${GRID}'
++++ config.com[62]: declare -rx 'COM_ATMOS_BUFR_TMPL=${ROTDIR}/${RUN}.${YMD}/${HH}/${MEMDIR}/products/atmos/bufr'
++++ config.com[63]: declare -rx 'COM_ATMOS_GEMPAK_TMPL=${ROTDIR}/${RUN}.${YMD}/${HH}/${MEMDIR}/products/atmos/gempak/${GRID}'
++++ config.com[64]: declare -rx 'COM_ATMOS_GENESIS_TMPL=${ROTDIR}/${RUN}.${YMD}/${HH}/${MEMDIR}/products/atmos/cyclone/genesis_vital'
++++ config.com[65]: declare -rx 'COM_ATMOS_TRACK_TMPL=${ROTDIR}/${RUN}.${YMD}/${HH}/${MEMDIR}/products/atmos/cyclone/tracks'
++++ config.com[66]: declare -rx 'COM_ATMOS_GOES_TMPL=${ROTDIR}/${RUN}.${YMD}/${HH}/${MEMDIR}/products/atmos/goes_sim'
++++ config.com[67]: declare -rx 'COM_ATMOS_IMAGERY_TMPL=${ROTDIR}/${RUN}.${YMD}/${HH}/${MEMDIR}/products/atmos/imagery'
++++ config.com[68]: declare -rx 'COM_ATMOS_OZNMON_TMPL=${ROTDIR}/${RUN}.${YMD}/${HH}/${MEMDIR}/products/atmos/oznmon'
++++ config.com[69]: declare -rx 'COM_ATMOS_RADMON_TMPL=${ROTDIR}/${RUN}.${YMD}/${HH}/${MEMDIR}/products/atmos/radmon'
++++ config.com[70]: declare -rx 'COM_ATMOS_MINMON_TMPL=${ROTDIR}/${RUN}.${YMD}/${HH}/${MEMDIR}/products/atmos/minmon'
++++ config.com[71]: declare -rx 'COM_ATMOS_WMO_TMPL=${ROTDIR}/${RUN}.${YMD}/${HH}/${MEMDIR}/products/atmos/wmo'
++++ config.com[73]: declare -rx 'COM_WAVE_RESTART_TMPL=${ROTDIR}/${RUN}.${YMD}/${HH}/${MEMDIR}/model_data/wave/restart'
++++ config.com[74]: declare -rx 'COM_WAVE_PREP_TMPL=${ROTDIR}/${RUN}.${YMD}/${HH}/${MEMDIR}/model_data/wave/prep'
++++ config.com[75]: declare -rx 'COM_WAVE_HISTORY_TMPL=${ROTDIR}/${RUN}.${YMD}/${HH}/${MEMDIR}/model_data/wave/history'
++++ config.com[76]: declare -rx 'COM_WAVE_GRID_TMPL=${ROTDIR}/${RUN}.${YMD}/${HH}/${MEMDIR}/products/wave/gridded'
++++ config.com[77]: declare -rx 'COM_WAVE_STATION_TMPL=${ROTDIR}/${RUN}.${YMD}/${HH}/${MEMDIR}/products/wave/station'
++++ config.com[78]: declare -rx 'COM_WAVE_GEMPAK_TMPL=${ROTDIR}/${RUN}.${YMD}/${HH}/${MEMDIR}/products/wave/gempak'
++++ config.com[79]: declare -rx 'COM_WAVE_WMO_TMPL=${ROTDIR}/${RUN}.${YMD}/${HH}/${MEMDIR}/products/wave/wmo'
++++ config.com[81]: declare -rx 'COM_OCEAN_HISTORY_TMPL=${ROTDIR}/${RUN}.${YMD}/${HH}/${MEMDIR}/model_data/ocean/history'
++++ config.com[82]: declare -rx 'COM_OCEAN_RESTART_TMPL=${ROTDIR}/${RUN}.${YMD}/${HH}/${MEMDIR}/model_data/ocean/restart'
++++ config.com[83]: declare -rx 'COM_OCEAN_INPUT_TMPL=${ROTDIR}/${RUN}.${YMD}/${HH}/${MEMDIR}/model_data/ocean/input'
++++ config.com[84]: declare -rx 'COM_OCEAN_ANALYSIS_TMPL=${ROTDIR}/${RUN}.${YMD}/${HH}/${MEMDIR}/analysis/ocean'
++++ config.com[85]: declare -rx 'COM_OCEAN_NETCDF_TMPL=${ROTDIR}/${RUN}.${YMD}/${HH}/${MEMDIR}/products/ocean/netcdf'
++++ config.com[86]: declare -rx 'COM_OCEAN_GRIB_TMPL=${ROTDIR}/${RUN}.${YMD}/${HH}/${MEMDIR}/products/ocean/grib2'
++++ config.com[87]: declare -rx 'COM_OCEAN_GRIB_GRID_TMPL=${ROTDIR}/${RUN}.${YMD}/${HH}/${MEMDIR}/products/ocean/grib2/${GRID}'
++++ config.com[89]: declare -rx 'COM_ICE_ANALYSIS_TMPL=${ROTDIR}/${RUN}.${YMD}/${HH}/${MEMDIR}/analysis/ice'
++++ config.com[90]: declare -rx 'COM_ICE_INPUT_TMPL=${ROTDIR}/${RUN}.${YMD}/${HH}/${MEMDIR}/model_data/ice/input'
++++ config.com[91]: declare -rx 'COM_ICE_HISTORY_TMPL=${ROTDIR}/${RUN}.${YMD}/${HH}/${MEMDIR}/model_data/ice/history'
++++ config.com[92]: declare -rx 'COM_ICE_RESTART_TMPL=${ROTDIR}/${RUN}.${YMD}/${HH}/${MEMDIR}/model_data/ice/restart'
++++ config.com[93]: declare -rx 'COM_ICE_NETCDF_TMPL=${ROTDIR}/${RUN}.${YMD}/${HH}/${MEMDIR}/products/ice/netcdf'
++++ config.com[94]: declare -rx 'COM_ICE_GRIB_TMPL=${ROTDIR}/${RUN}.${YMD}/${HH}/${MEMDIR}/products/ice/grib2'
++++ config.com[95]: declare -rx 'COM_ICE_GRIB_GRID_TMPL=${ROTDIR}/${RUN}.${YMD}/${HH}/${MEMDIR}/products/ice/grib2/${GRID}'
++++ config.com[97]: declare -rx 'COM_CHEM_HISTORY_TMPL=${ROTDIR}/${RUN}.${YMD}/${HH}/${MEMDIR}/model_data/chem/history'
++++ config.com[98]: declare -rx 'COM_CHEM_ANALYSIS_TMPL=${ROTDIR}/${RUN}.${YMD}/${HH}/${MEMDIR}/analysis/chem'
++++ config.com[100]: declare -rx 'COM_MED_RESTART_TMPL=${ROTDIR}/${RUN}.${YMD}/${HH}/${MEMDIR}/model_data/med/restart'
+++ config.base[147]: export 'ERRSCRIPT=eval [[ $err = 0 ]]'
+++ config.base[147]: ERRSCRIPT='eval [[ $err = 0 ]]'
+++ config.base[148]: export LOGSCRIPT=
+++ config.base[148]: LOGSCRIPT=
+++ config.base[151]: export 'REDOUT=1>'
+++ config.base[151]: REDOUT='1>'
+++ config.base[152]: export 'REDERR=2>'
+++ config.base[152]: REDERR='2>'
+++ config.base[154]: export SENDECF=NO
+++ config.base[154]: SENDECF=NO
+++ config.base[155]: export SENDSDM=NO
+++ config.base[155]: SENDSDM=NO
+++ config.base[156]: export SENDDBN_NTC=NO
+++ config.base[156]: SENDDBN_NTC=NO
+++ config.base[157]: export SENDDBN=NO
+++ config.base[157]: SENDDBN=NO
+++ config.base[158]: export DBNROOT=/scratch1/NCEPDEV/nems/role.epic/spack-stack/spack-stack-1.6.0/envs/gsi-addon-dev-rocky8/install/intel/2021.5.0/prod-util-2.1.1-4vpcrpl/fakedbn
+++ config.base[158]: DBNROOT=/scratch1/NCEPDEV/nems/role.epic/spack-stack/spack-stack-1.6.0/envs/gsi-addon-dev-rocky8/install/intel/2021.5.0/prod-util-2.1.1-4vpcrpl/fakedbn
+++ config.base[161]: export APP=ATMA
+++ config.base[161]: APP=ATMA
+++ config.base[163]: shopt -s extglob
+++ config.base[165]: case "${RUN}" in
+++ config.base[172]: shopt -u extglob
+++ config.base[175]: export DO_ATM=YES
+++ config.base[175]: DO_ATM=YES
+++ config.base[176]: export DO_COUPLED=NO
+++ config.base[176]: DO_COUPLED=NO
+++ config.base[177]: export DO_WAVE=NO
+++ config.base[177]: DO_WAVE=NO
+++ config.base[178]: export DO_OCN=NO
+++ config.base[178]: DO_OCN=NO
+++ config.base[179]: export DO_ICE=NO
+++ config.base[179]: DO_ICE=NO
+++ config.base[180]: export DO_AERO=NO
+++ config.base[180]: DO_AERO=NO
+++ config.base[181]: export DO_PREP_OBS_AERO=NO
+++ config.base[181]: DO_PREP_OBS_AERO=NO
+++ config.base[182]: export AERO_FCST_CDUMP=
+++ config.base[182]: AERO_FCST_CDUMP=
+++ config.base[183]: export AERO_ANL_CDUMP=
+++ config.base[183]: AERO_ANL_CDUMP=
+++ config.base[184]: export WAVE_CDUMP=
+++ config.base[184]: WAVE_CDUMP=
+++ config.base[185]: export DOBNDPNT_WAVE=NO
+++ config.base[185]: DOBNDPNT_WAVE=NO
+++ config.base[186]: export DOIBP_WAV=NO
+++ config.base[186]: DOIBP_WAV=NO
+++ config.base[187]: export FRAC_GRID=.true.
+++ config.base[187]: FRAC_GRID=.true.
+++ config.base[188]: export DO_NEST=NO
+++ config.base[188]: DO_NEST=NO
+++ config.base[189]: [[ NO == \Y\E\S ]]
+++ config.base[195]: export ntiles=6
+++ config.base[195]: ntiles=6
+++ config.base[196]: export FIXugwd=/scratch1/NCEPDEV/global/CI/2692/gfs/fix/ugwd
+++ config.base[196]: FIXugwd=/scratch1/NCEPDEV/global/CI/2692/gfs/fix/ugwd
+++ config.base[197]: export FIXorog=/scratch1/NCEPDEV/global/CI/2692/gfs/fix/orog
+++ config.base[197]: FIXorog=/scratch1/NCEPDEV/global/CI/2692/gfs/fix/orog
+++ config.base[201]: export OPS_RES=C768
+++ config.base[201]: OPS_RES=C768
+++ config.base[204]: export LEVS=128
+++ config.base[204]: LEVS=128
+++ config.base[205]: export CASE=C96
+++ config.base[205]: CASE=C96
+++ config.base[206]: export CASE_ENS=@CASEENS@
+++ config.base[206]: CASE_ENS=@CASEENS@
+++ config.base[207]: export OCNRES=500
+++ config.base[207]: OCNRES=500
+++ config.base[208]: export ICERES=500
+++ config.base[208]: ICERES=500
+++ config.base[211]: case "${CASE}" in
+++ config.base[216]: export waveGRD=uglo_100km
+++ config.base[216]: waveGRD=uglo_100km
+++ config.base[230]: case "${APP}" in
+++ config.base[234]: export DO_AERO=YES
+++ config.base[234]: DO_AERO=YES
+++ config.base[235]: export AERO_ANL_CDUMP=both
+++ config.base[235]: AERO_ANL_CDUMP=both
+++ config.base[236]: export AERO_FCST_CDUMP=gdas
+++ config.base[236]: AERO_FCST_CDUMP=gdas
+++ config.base[271]: [[ gfs =~ gdas ]]
+++ config.base[274]: [[ gfs =~ gfs ]]
+++ config.base[275]: export FHCYC=24
+++ config.base[275]: FHCYC=24
+++ config.base[279]: export FHMIN=0
+++ config.base[279]: FHMIN=0
+++ config.base[280]: export FHMAX=9
+++ config.base[280]: FHMAX=9
+++ config.base[281]: export FHOUT=3
+++ config.base[281]: FHOUT=3
+++ config.base[282]: export FHOUT_OCN=3
+++ config.base[282]: FHOUT_OCN=3
+++ config.base[283]: export FHOUT_ICE=3
+++ config.base[283]: FHOUT_ICE=3
+++ config.base[286]: export EUPD_CYC=gdas
+++ config.base[286]: EUPD_CYC=gdas
+++ config.base[289]: export gfs_cyc=1
+++ config.base[289]: gfs_cyc=1
+++ config.base[292]: export FHMIN_GFS=0
+++ config.base[292]: FHMIN_GFS=0
+++ config.base[293]: export FHMAX_GFS=120
+++ config.base[293]: FHMAX_GFS=120
+++ config.base[294]: export FHOUT_GFS=3
+++ config.base[294]: FHOUT_GFS=3
+++ config.base[295]: export FHMAX_HF_GFS=0
+++ config.base[295]: FHMAX_HF_GFS=0
+++ config.base[296]: export FHOUT_HF_GFS=1
+++ config.base[296]: FHOUT_HF_GFS=1
+++ config.base[297]: export FHOUT_OCN_GFS=6
+++ config.base[297]: FHOUT_OCN_GFS=6
+++ config.base[298]: export FHOUT_ICE_GFS=6
+++ config.base[298]: FHOUT_ICE_GFS=6
+++ config.base[299]: export FHMIN_WAV=0
+++ config.base[299]: FHMIN_WAV=0
+++ config.base[300]: export FHOUT_WAV=3
+++ config.base[300]: FHOUT_WAV=3
+++ config.base[301]: export FHMAX_HF_WAV=120
+++ config.base[301]: FHMAX_HF_WAV=120
+++ config.base[302]: export FHOUT_HF_WAV=1
+++ config.base[302]: FHOUT_HF_WAV=1
+++ config.base[303]: export FHMAX_WAV=9
+++ config.base[303]: FHMAX_WAV=9
+++ config.base[304]: export FHMAX_WAV_GFS=120
+++ config.base[304]: FHMAX_WAV_GFS=120
+++ config.base[305]: ((  gfs_cyc != 0  ))
+++ config.base[306]: export STEP_GFS=24
+++ config.base[306]: STEP_GFS=24
+++ config.base[311]: export ILPOST=1
+++ config.base[311]: ILPOST=1
+++ config.base[312]: ((  FHMAX_HF_GFS < 120  ))
+++ config.base[313]: export ILPOST=3
+++ config.base[313]: ILPOST=3
+++ config.base[317]: export restart_interval_gfs=12
+++ config.base[317]: restart_interval_gfs=12
+++ config.base[322]: export QUILTING=.true.
+++ config.base[322]: QUILTING=.true.
+++ config.base[323]: export OUTPUT_GRID=gaussian_grid
+++ config.base[323]: OUTPUT_GRID=gaussian_grid
+++ config.base[324]: export WRITE_DOPOST=.true.
+++ config.base[324]: WRITE_DOPOST=.true.
+++ config.base[325]: export WRITE_NSFLIP=.true.
+++ config.base[325]: WRITE_NSFLIP=.true.
+++ config.base[328]: export DOIAU=YES
+++ config.base[328]: DOIAU=YES
+++ config.base[329]: export IAUFHRS=3,6,9
+++ config.base[329]: IAUFHRS=3,6,9
+++ config.base[330]: export IAU_FHROT=3
+++ config.base[330]: IAU_FHROT=3
+++ config.base[331]: export IAU_DELTHRS=6
+++ config.base[331]: IAU_DELTHRS=6
+++ config.base[332]: export IAU_OFFSET=6
+++ config.base[332]: IAU_OFFSET=6
+++ config.base[333]: export DOIAU_ENKF=YES
+++ config.base[333]: DOIAU_ENKF=YES
+++ config.base[334]: export IAUFHRS_ENKF=3,6,9
+++ config.base[334]: IAUFHRS_ENKF=3,6,9
+++ config.base[335]: export IAU_DELTHRS_ENKF=6
+++ config.base[335]: IAU_DELTHRS_ENKF=6
+++ config.base[338]: export lobsdiag_forenkf=.true.
+++ config.base[338]: lobsdiag_forenkf=.true.
+++ config.base[346]: export imp_physics=8
+++ config.base[346]: imp_physics=8
+++ config.base[350]: export DO_JEDIATMVAR=NO
+++ config.base[350]: DO_JEDIATMVAR=NO
+++ config.base[351]: export DO_JEDIATMENS=NO
+++ config.base[351]: DO_JEDIATMENS=NO
+++ config.base[352]: export DO_JEDIOCNVAR=NO
+++ config.base[352]: DO_JEDIOCNVAR=NO
+++ config.base[353]: export DO_JEDISNOWDA=YES
+++ config.base[353]: DO_JEDISNOWDA=YES
+++ config.base[354]: export DO_MERGENSST=NO
+++ config.base[354]: DO_MERGENSST=NO
+++ config.base[357]: export DOHYBVAR=NO
+++ config.base[357]: DOHYBVAR=NO
+++ config.base[358]: export NMEM_ENS=0
+++ config.base[358]: NMEM_ENS=0
+++ config.base[359]: export SMOOTH_ENKF=NO
+++ config.base[359]: SMOOTH_ENKF=NO
+++ config.base[360]: export l4densvar=.true.
+++ config.base[360]: l4densvar=.true.
+++ config.base[361]: export lwrite4danl=.true.
+++ config.base[361]: lwrite4danl=.true.
+++ config.base[362]: export DO_CALC_INCREMENT=NO
+++ config.base[362]: DO_CALC_INCREMENT=NO
+++ config.base[365]: export NMEM_ENS_GFS=30
+++ config.base[365]: NMEM_ENS_GFS=30
+++ config.base[366]: export NMEM_ENS_GFS_OFFSET=20
+++ config.base[366]: NMEM_ENS_GFS_OFFSET=20
+++ config.base[367]: export DO_CALC_INCREMENT_ENKF_GFS=NO
+++ config.base[367]: DO_CALC_INCREMENT_ENKF_GFS=NO
+++ config.base[370]: [[ NO = \Y\E\S ]]
+++ config.base[384]: [[ NO == \N\O ]]
+++ config.base[384]: [[ YES == \Y\E\S ]]
+++ config.base[385]: export IAUFHRS=6
+++ config.base[385]: IAUFHRS=6
+++ config.base[386]: export IAU_FHROT=3
+++ config.base[386]: IAU_FHROT=3
+++ config.base[387]: export IAU_FILTER_INCREMENTS=.true.
+++ config.base[387]: IAU_FILTER_INCREMENTS=.true.
+++ config.base[388]: export IAUFHRS_ENKF=6
+++ config.base[388]: IAUFHRS_ENKF=6
+++ config.base[392]: export ENKF_SPREAD=YES
+++ config.base[392]: ENKF_SPREAD=YES
+++ config.base[395]: [[ cycled = \c\y\c\l\e\d ]]
+++ config.base[395]: [[ 2021122012 = \2\0\2\1\1\2\2\1\0\0 ]]
+++ config.base[395]: [[ YES = \N\O ]]
+++ config.base[395]: [[ cycled = \f\o\r\e\c\a\s\t\-\o\n\l\y ]]
+++ config.base[401]: [[ YES = \N\O ]]
+++ config.base[405]: [[ YES == \Y\E\S ]]
+++ config.base[406]: export restart_interval_enkfgdas=3
+++ config.base[406]: restart_interval_enkfgdas=3
+++ config.base[411]: export restart_interval_enkfgfs=3
+++ config.base[411]: restart_interval_enkfgfs=3
+++ config.base[413]: [[ YES == \Y\E\S ]]
+++ config.base[414]: export restart_interval_gdas=3
+++ config.base[414]: restart_interval_gdas=3
+++ config.base[419]: export GSI_SOILANAL=NO
+++ config.base[419]: GSI_SOILANAL=NO
+++ config.base[422]: export DONST=YES
+++ config.base[422]: DONST=YES
+++ config.base[423]: [[ YES = \Y\E\S ]]
+++ config.base[423]: export 'FNTSFA=        '
+++ config.base[423]: FNTSFA='        '
+++ config.base[426]: export nst_anl=.true.
+++ config.base[426]: nst_anl=.true.
+++ config.base[429]: export MAKE_NSSTBUFR=NO
+++ config.base[429]: MAKE_NSSTBUFR=NO
+++ config.base[432]: export MAKE_ACFTBUFR=NO
+++ config.base[432]: MAKE_ACFTBUFR=NO
+++ config.base[435]: export 'INCREMENTS_TO_ZERO='\''liq_wat_inc'\'','\''icmr_inc'\'','\''rwmr_inc'\'','\''snmr_inc'\'','\''grle_inc'\'''
+++ config.base[435]: INCREMENTS_TO_ZERO=''\''liq_wat_inc'\'','\''icmr_inc'\'','\''rwmr_inc'\'','\''snmr_inc'\'','\''grle_inc'\'''
+++ config.base[438]: export 'INCVARS_ZERO_STRAT='\''sphum_inc'\'','\''liq_wat_inc'\'','\''icmr_inc'\'','\''rwmr_inc'\'','\''snmr_inc'\'','\''grle_inc'\'''
+++ config.base[438]: INCVARS_ZERO_STRAT=''\''sphum_inc'\'','\''liq_wat_inc'\'','\''icmr_inc'\'','\''rwmr_inc'\'','\''snmr_inc'\'','\''grle_inc'\'''
+++ config.base[439]: export INCVARS_EFOLD=5
+++ config.base[439]: INCVARS_EFOLD=5
+++ config.base[444]: export netcdf_diag=.true.
+++ config.base[444]: netcdf_diag=.true.
+++ config.base[445]: export binary_diag=.false.
+++ config.base[445]: binary_diag=.false.
+++ config.base[448]: export DO_METP=YES
+++ config.base[448]: DO_METP=YES
+++ config.base[449]: export DO_FIT2OBS=YES
+++ config.base[449]: DO_FIT2OBS=YES
+++ config.base[450]: export DO_VRFY_OCEANDA=NO
+++ config.base[450]: DO_VRFY_OCEANDA=NO
+++ config.base[453]: export FHMAX_FITS=132
+++ config.base[453]: FHMAX_FITS=132
+++ config.base[454]: [[ 132 -gt 120 ]]
+++ config.base[454]: export FHMAX_FITS=120
+++ config.base[454]: FHMAX_FITS=120
+++ config.base[457]: export HPSSARCH=YES
+++ config.base[457]: HPSSARCH=YES
+++ config.base[458]: export LOCALARCH=NO
+++ config.base[458]: LOCALARCH=NO
+++ config.base[459]: [[ YES = \Y\E\S ]]
+++ config.base[459]: [[ NO = \Y\E\S ]]
+++ config.base[463]: export ARCH_CYC=00
+++ config.base[463]: ARCH_CYC=00
+++ config.base[464]: export ARCH_WARMICFREQ=4
+++ config.base[464]: ARCH_WARMICFREQ=4
+++ config.base[465]: export ARCH_FCSTICFREQ=1
+++ config.base[465]: ARCH_FCSTICFREQ=1
+++ config.base[468]: [[ NO = \Y\E\S ]]
+++ config.base[475]: export REPLAY_ICS=NO
+++ config.base[475]: REPLAY_ICS=NO
+++ config.base[476]: export OFFSET_START_HOUR=0
+++ config.base[476]: OFFSET_START_HOUR=0
+++ config.base[479]: export NUM_SND_COLLECTIVES=9
+++ config.base[479]: NUM_SND_COLLECTIVES=9
+++ config.base[481]: echo 'END: config.base'
END: config.base
++ jjob_header.sh[99]: status=0
++ jjob_header.sh[100]: ((  status != 0  ))
++ jjob_header.sh[97]: for config in "${configs[@]:-''}"
++ jjob_header.sh[98]: source /scratch1/NCEPDEV/global/CI/2692/RUNTESTS/EXPDIR/C96_atmaerosnowDA_898a61ad/config.atmos_products
+++ config.atmos_products[6]: echo 'BEGIN: config.atmos_products'
BEGIN: config.atmos_products
+++ config.atmos_products[9]: . /scratch1/NCEPDEV/global/CI/2692/RUNTESTS/EXPDIR/C96_atmaerosnowDA_898a61ad/config.resources atmos_products
++++ config.resources[7]: ((  1 != 1  ))
++++ config.resources[31]: step=atmos_products
++++ config.resources[33]: echo 'BEGIN: config.resources'
BEGIN: config.resources
++++ config.resources[35]: case ${machine} in
++++ config.resources[37]: npe_node_max=40
++++ config.resources[72]: export npe_node_max
++++ config.resources[74]: case ${step} in
++++ config.resources[815]: export wtime_atmos_products=00:15:00
++++ config.resources[815]: wtime_atmos_products=00:15:00
++++ config.resources[816]: export npe_atmos_products=24
++++ config.resources[816]: npe_atmos_products=24
++++ config.resources[817]: export nth_atmos_products=1
++++ config.resources[817]: nth_atmos_products=1
++++ config.resources[818]: export npe_node_atmos_products=24
++++ config.resources[818]: npe_node_atmos_products=24
++++ config.resources[819]: export wtime_atmos_products_gfs=00:15:00
++++ config.resources[819]: wtime_atmos_products_gfs=00:15:00
++++ config.resources[820]: export npe_atmos_products_gfs=24
++++ config.resources[820]: npe_atmos_products_gfs=24
++++ config.resources[821]: export nth_atmos_products_gfs=1
++++ config.resources[821]: nth_atmos_products_gfs=1
++++ config.resources[822]: export npe_node_atmos_products_gfs=24
++++ config.resources[822]: npe_node_atmos_products_gfs=24
++++ config.resources[823]: export is_exclusive=True
++++ config.resources[823]: is_exclusive=True
++++ config.resources[1310]: echo 'END: config.resources'
END: config.resources
+++ config.atmos_products[12]: export NFHRS_PER_GROUP=3
+++ config.atmos_products[12]: NFHRS_PER_GROUP=3
+++ config.atmos_products[15]: export INTERP_ATMOS_MASTERSH=/scratch1/NCEPDEV/global/CI/2692/gfs/ush/interp_atmos_master.sh
+++ config.atmos_products[15]: INTERP_ATMOS_MASTERSH=/scratch1/NCEPDEV/global/CI/2692/gfs/ush/interp_atmos_master.sh
+++ config.atmos_products[16]: export INTERP_ATMOS_SFLUXSH=/scratch1/NCEPDEV/global/CI/2692/gfs/ush/interp_atmos_sflux.sh
+++ config.atmos_products[16]: INTERP_ATMOS_SFLUXSH=/scratch1/NCEPDEV/global/CI/2692/gfs/ush/interp_atmos_sflux.sh
+++ config.atmos_products[18]: [[ gfs == \g\d\a\s ]]
+++ config.atmos_products[24]: [[ gfs == \g\f\s ]]
+++ config.atmos_products[25]: export downset=2
+++ config.atmos_products[25]: downset=2
+++ config.atmos_products[26]: export FHOUT_PGBS=3
+++ config.atmos_products[26]: FHOUT_PGBS=3
+++ config.atmos_products[27]: export FLXGF=YES
+++ config.atmos_products[27]: FLXGF=YES
+++ config.atmos_products[28]: export WGNE=YES
+++ config.atmos_products[28]: WGNE=YES
+++ config.atmos_products[29]: export FHMAX_WGNE=180
+++ config.atmos_products[29]: FHMAX_WGNE=180
+++ config.atmos_products[32]: export APCP_MSG=597
+++ config.atmos_products[32]: APCP_MSG=597
+++ config.atmos_products[35]: export paramlista=/scratch1/NCEPDEV/global/CI/2692/gfs/parm/product/gfs.fFFF.paramlist.a.txt
+++ config.atmos_products[35]: paramlista=/scratch1/NCEPDEV/global/CI/2692/gfs/parm/product/gfs.fFFF.paramlist.a.txt
+++ config.atmos_products[36]: export paramlista_anl=/scratch1/NCEPDEV/global/CI/2692/gfs/parm/product/gfs.anl.paramlist.a.txt
+++ config.atmos_products[36]: paramlista_anl=/scratch1/NCEPDEV/global/CI/2692/gfs/parm/product/gfs.anl.paramlist.a.txt
+++ config.atmos_products[37]: export paramlista_f000=/scratch1/NCEPDEV/global/CI/2692/gfs/parm/product/gfs.f000.paramlist.a.txt
+++ config.atmos_products[37]: paramlista_f000=/scratch1/NCEPDEV/global/CI/2692/gfs/parm/product/gfs.f000.paramlist.a.txt
+++ config.atmos_products[38]: export paramlistb=/scratch1/NCEPDEV/global/CI/2692/gfs/parm/product/gfs.fFFF.paramlist.b.txt
+++ config.atmos_products[38]: paramlistb=/scratch1/NCEPDEV/global/CI/2692/gfs/parm/product/gfs.fFFF.paramlist.b.txt
+++ config.atmos_products[40]: echo 'END: config.atmos_products'
END: config.atmos_products
++ jjob_header.sh[99]: status=0
++ jjob_header.sh[100]: ((  status != 0  ))
++ jjob_header.sh[110]: source /scratch1/NCEPDEV/global/CI/2692/gfs/env/HERA.env atmos_products
+++ HERA.env[3]: [[ 1 -ne 1 ]]
+++ HERA.env[15]: step=atmos_products
+++ HERA.env[17]: export 'launcher=srun -l --export=ALL'
+++ HERA.env[17]: launcher='srun -l --export=ALL'
+++ HERA.env[18]: export 'mpmd_opt=--multi-prog --output=mpmd.%j.%t.out'
+++ HERA.env[18]: mpmd_opt='--multi-prog --output=mpmd.%j.%t.out'
+++ HERA.env[29]: export OMP_STACKSIZE=2048000
+++ HERA.env[29]: OMP_STACKSIZE=2048000
+++ HERA.env[30]: export NTHSTACK=1024000000
+++ HERA.env[30]: NTHSTACK=1024000000
+++ HERA.env[34]: [[ -n 62373207 ]]
+++ HERA.env[35]: ulimit -s unlimited
+++ HERA.env[36]: ulimit -a
core file size          (blocks, -c) unlimited
data seg size           (kbytes, -d) unlimited
scheduling priority             (-e) 0
file size               (blocks, -f) unlimited
pending signals                 (-i) 1541221
max locked memory       (kbytes, -l) unlimited
max memory size         (kbytes, -m) 94208000
open files                      (-n) 131072
pipe size            (512 bytes, -p) 8
POSIX message queues     (bytes, -q) 819200
real-time priority              (-r) 0
stack size              (kbytes, -s) unlimited
cpu time               (seconds, -t) unlimited
max user processes              (-u) 1541221
virtual memory          (kbytes, -v) unlimited
file locks                      (-x) unlimited
+++ HERA.env[39]: [[ atmos_products = \p\r\e\p ]]
+++ HERA.env[39]: [[ atmos_products = \p\r\e\p\b\u\f\r ]]
+++ HERA.env[48]: [[ atmos_products = \p\r\e\p\s\n\o\w\o\b\s ]]
+++ HERA.env[52]: [[ atmos_products = \p\r\e\p\_\e\m\i\s\s\i\o\n\s ]]
+++ HERA.env[56]: [[ atmos_products = \w\a\v\e\i\n\i\t ]]
+++ HERA.env[56]: [[ atmos_products = \w\a\v\e\p\r\e\p ]]
+++ HERA.env[56]: [[ atmos_products = \w\a\v\e\p\o\s\t\s\b\s ]]
+++ HERA.env[56]: [[ atmos_products = \w\a\v\e\p\o\s\t\b\n\d\p\n\t ]]
+++ HERA.env[56]: [[ atmos_products = \w\a\v\e\p\o\s\t\b\n\d\p\n\t\b\l\l ]]
+++ HERA.env[56]: [[ atmos_products = \w\a\v\e\p\o\s\t\p\n\t ]]
+++ HERA.env[63]: [[ atmos_products = \a\t\m\a\n\l\v\a\r ]]
+++ HERA.env[71]: [[ atmos_products = \a\t\m\e\n\s\a\n\l\l\e\t\k\f ]]
+++ HERA.env[79]: [[ atmos_products = \a\t\m\e\n\s\a\n\l\f\v\3\i\n\c ]]
+++ HERA.env[87]: [[ atmos_products = \a\e\r\o\a\n\l\r\u\n ]]
+++ HERA.env[97]: [[ atmos_products = \a\t\m\a\n\l\f\v\3\i\n\c ]]
+++ HERA.env[105]: [[ atmos_products = \p\r\e\p\o\b\s\a\e\r\o ]]
+++ HERA.env[112]: [[ atmos_products = \s\n\o\w\a\n\l ]]
+++ HERA.env[122]: [[ atmos_products = \o\c\n\a\n\a\l\b\m\a\t ]]
+++ HERA.env[128]: [[ atmos_products = \o\c\n\a\n\a\l\r\u\n ]]
+++ HERA.env[134]: [[ atmos_products = \o\c\n\a\n\a\l\c\h\k\p\t ]]
+++ HERA.env[140]: [[ atmos_products = \o\c\n\a\n\a\l\e\c\e\n ]]
+++ HERA.env[148]: [[ atmos_products = \o\c\n\a\n\a\l\l\e\t\k\f ]]
+++ HERA.env[156]: [[ atmos_products = \a\n\a\l ]]
+++ HERA.env[156]: [[ atmos_products = \a\n\a\l\c\a\l\c ]]
+++ HERA.env[184]: [[ atmos_products = \s\f\c\a\n\l ]]
+++ HERA.env[193]: [[ atmos_products = \e\o\b\s ]]
+++ HERA.env[208]: [[ atmos_products = \e\u\p\d ]]
+++ HERA.env[220]: [[ atmos_products = \f\c\s\t ]]
+++ HERA.env[220]: [[ atmos_products = \e\f\c\s ]]
+++ HERA.env[236]: [[ atmos_products = \u\p\p ]]
+++ HERA.env[244]: [[ atmos_products = \a\t\m\o\s\_\p\r\o\d\u\c\t\s ]]
+++ HERA.env[246]: export USE_CFP=YES
+++ HERA.env[246]: USE_CFP=YES
++ jjob_header.sh[111]: status=0
++ jjob_header.sh[112]: ((  status != 0  ))
+ JGLOBAL_ATMOS_PRODUCTS[12]: YMD=20211221
+ JGLOBAL_ATMOS_PRODUCTS[12]: HH=00
+ JGLOBAL_ATMOS_PRODUCTS[12]: declare_from_tmpl -rx COM_ATMOS_ANALYSIS COM_ATMOS_HISTORY COM_ATMOS_MASTER
+ bash_utils.sh[35]: [[ NO == \N\O ]]
+ bash_utils.sh[35]: set +x
declare_from_tmpl :: COM_ATMOS_ANALYSIS=/scratch1/NCEPDEV/global/CI/2692/RUNTESTS/COMROOT/C96_atmaerosnowDA_898a61ad/gfs.20211221/00//analysis/atmos
declare_from_tmpl :: COM_ATMOS_HISTORY=/scratch1/NCEPDEV/global/CI/2692/RUNTESTS/COMROOT/C96_atmaerosnowDA_898a61ad/gfs.20211221/00//model_data/atmos/history
declare_from_tmpl :: COM_ATMOS_MASTER=/scratch1/NCEPDEV/global/CI/2692/RUNTESTS/COMROOT/C96_atmaerosnowDA_898a61ad/gfs.20211221/00//model_data/atmos/master
+ JGLOBAL_ATMOS_PRODUCTS[14]: for grid in '0p25' '0p50' '1p00'
+ JGLOBAL_ATMOS_PRODUCTS[15]: prod_dir=COM_ATMOS_GRIB_0p25
+ JGLOBAL_ATMOS_PRODUCTS[16]: GRID=0p25
+ JGLOBAL_ATMOS_PRODUCTS[16]: YMD=20211221
+ JGLOBAL_ATMOS_PRODUCTS[16]: HH=00
+ JGLOBAL_ATMOS_PRODUCTS[16]: declare_from_tmpl -rx COM_ATMOS_GRIB_0p25:COM_ATMOS_GRIB_GRID_TMPL
+ bash_utils.sh[35]: [[ NO == \N\O ]]
+ bash_utils.sh[35]: set +x
declare_from_tmpl :: COM_ATMOS_GRIB_0p25=/scratch1/NCEPDEV/global/CI/2692/RUNTESTS/COMROOT/C96_atmaerosnowDA_898a61ad/gfs.20211221/00//products/atmos/grib2/0p25
+ JGLOBAL_ATMOS_PRODUCTS[17]: [[ ! -d /scratch1/NCEPDEV/global/CI/2692/RUNTESTS/COMROOT/C96_atmaerosnowDA_898a61ad/gfs.20211221/00//products/atmos/grib2/0p25 ]]
+ JGLOBAL_ATMOS_PRODUCTS[14]: for grid in '0p25' '0p50' '1p00'
+ JGLOBAL_ATMOS_PRODUCTS[15]: prod_dir=COM_ATMOS_GRIB_0p50
+ JGLOBAL_ATMOS_PRODUCTS[16]: GRID=0p50
+ JGLOBAL_ATMOS_PRODUCTS[16]: YMD=20211221
+ JGLOBAL_ATMOS_PRODUCTS[16]: HH=00
+ JGLOBAL_ATMOS_PRODUCTS[16]: declare_from_tmpl -rx COM_ATMOS_GRIB_0p50:COM_ATMOS_GRIB_GRID_TMPL
+ bash_utils.sh[35]: [[ NO == \N\O ]]
+ bash_utils.sh[35]: set +x
declare_from_tmpl :: COM_ATMOS_GRIB_0p50=/scratch1/NCEPDEV/global/CI/2692/RUNTESTS/COMROOT/C96_atmaerosnowDA_898a61ad/gfs.20211221/00//products/atmos/grib2/0p50
+ JGLOBAL_ATMOS_PRODUCTS[17]: [[ ! -d /scratch1/NCEPDEV/global/CI/2692/RUNTESTS/COMROOT/C96_atmaerosnowDA_898a61ad/gfs.20211221/00//products/atmos/grib2/0p50 ]]
+ JGLOBAL_ATMOS_PRODUCTS[14]: for grid in '0p25' '0p50' '1p00'
+ JGLOBAL_ATMOS_PRODUCTS[15]: prod_dir=COM_ATMOS_GRIB_1p00
+ JGLOBAL_ATMOS_PRODUCTS[16]: GRID=1p00
+ JGLOBAL_ATMOS_PRODUCTS[16]: YMD=20211221
+ JGLOBAL_ATMOS_PRODUCTS[16]: HH=00
+ JGLOBAL_ATMOS_PRODUCTS[16]: declare_from_tmpl -rx COM_ATMOS_GRIB_1p00:COM_ATMOS_GRIB_GRID_TMPL
+ bash_utils.sh[35]: [[ NO == \N\O ]]
+ bash_utils.sh[35]: set +x
declare_from_tmpl :: COM_ATMOS_GRIB_1p00=/scratch1/NCEPDEV/global/CI/2692/RUNTESTS/COMROOT/C96_atmaerosnowDA_898a61ad/gfs.20211221/00//products/atmos/grib2/1p00
+ JGLOBAL_ATMOS_PRODUCTS[17]: [[ ! -d /scratch1/NCEPDEV/global/CI/2692/RUNTESTS/COMROOT/C96_atmaerosnowDA_898a61ad/gfs.20211221/00//products/atmos/grib2/1p00 ]]
+ JGLOBAL_ATMOS_PRODUCTS[21]: export PREFIX=gfs.t00z.
+ JGLOBAL_ATMOS_PRODUCTS[21]: PREFIX=gfs.t00z.
+ JGLOBAL_ATMOS_PRODUCTS[25]: /scratch1/NCEPDEV/global/CI/2692/gfs/scripts/exglobal_atmos_products.sh
Begin exglobal_atmos_products.sh at Mon Jun 24 19:49:33 UTC 2024
+ exglobal_atmos_products.sh[6]: export WGRIB2=wgrib2
+ exglobal_atmos_products.sh[6]: WGRIB2=wgrib2
+ exglobal_atmos_products.sh[9]: INTERP_ATMOS_MASTERSH=/scratch1/NCEPDEV/global/CI/2692/gfs/ush/interp_atmos_master.sh
+ exglobal_atmos_products.sh[10]: INTERP_ATMOS_SFLUXSH=/scratch1/NCEPDEV/global/CI/2692/gfs/ush/interp_atmos_sflux.sh
+ exglobal_atmos_products.sh[13]: downset=2
+ exglobal_atmos_products.sh[14]: npe_atmos_products=24
+ exglobal_atmos_products.sh[17]: WGNE=YES
+ exglobal_atmos_products.sh[18]: FHMAX_WGNE=180
+ exglobal_atmos_products.sh[20]: cd /scratch1/NCEPDEV/stmp2/Terry.McGuinness/RUNDIRS/C96_atmaerosnowDA_898a61ad/atmos_products.3038905
+ exglobal_atmos_products.sh[24]: ((  FORECAST_HOUR <= 0  ))
++ exglobal_atmos_products.sh[35]: printf f%03d 78
+ exglobal_atmos_products.sh[35]: fhr3=f078
+ exglobal_atmos_products.sh[36]: ((  FORECAST_HOUR%FHOUT_PGBS == 0  ))
+ exglobal_atmos_products.sh[37]: PGBS=YES
+ exglobal_atmos_products.sh[45]: MASTER_FILE=/scratch1/NCEPDEV/global/CI/2692/RUNTESTS/COMROOT/C96_atmaerosnowDA_898a61ad/gfs.20211221/00//model_data/atmos/master/gfs.t00z.master.grb2f078
+ exglobal_atmos_products.sh[50]: wgrib2 -i -grib tmpfile_f078 /scratch1/NCEPDEV/global/CI/2692/RUNTESTS/COMROOT/C96_atmaerosnowDA_898a61ad/gfs.20211221/00//model_data/atmos/master/gfs.t00z.master.grb2f078
+ exglobal_atmos_products.sh[50]: wgrib2 /scratch1/NCEPDEV/global/CI/2692/RUNTESTS/COMROOT/C96_atmaerosnowDA_898a61ad/gfs.20211221/00//model_data/atmos/master/gfs.t00z.master.grb2f078
+ exglobal_atmos_products.sh[50]: grep -F -f /scratch1/NCEPDEV/global/CI/2692/gfs/parm/product/gfs.fFFF.paramlist.a.txt
1:0:d=2021122100:PRMSL:mean sea level:78 hour fcst:
2:94134:d=2021122100:CLMR:1 hybrid level:78 hour fcst:
3:110173:d=2021122100:ICMR:1 hybrid level:78 hour fcst:
4:132768:d=2021122100:RWMR:1 hybrid level:78 hour fcst:
5:165137:d=2021122100:SNMR:1 hybrid level:78 hour fcst:
6:199017:d=2021122100:GRLE:1 hybrid level:78 hour fcst:
7:205556:d=2021122100:REFD:1 hybrid level:78 hour fcst:
8:296809:d=2021122100:REFD:2 hybrid level:78 hour fcst:
9:388076:d=2021122100:REFC:entire atmosphere (considered as a single layer):78 hour fcst:
10:487665:d=2021122100:VIS:surface:78 hour fcst:
11:609749:d=2021122100:UGRD:planetary boundary layer:78 hour fcst:
12:659614:d=2021122100:VGRD:planetary boundary layer:78 hour fcst:
13:709314:d=2021122100:VRATE:planetary boundary layer:78 hour fcst:
14:760772:d=2021122100:GUST:surface:78 hour fcst:
15:812113:d=2021122100:HGT:0.01 mb:78 hour fcst:
16:883691:d=2021122100:TMP:0.01 mb:78 hour fcst:
17:924337:d=2021122100:RH:0.01 mb:78 hour fcst:
18:945086:d=2021122100:SPFH:0.01 mb:78 hour fcst:
19:1026232:d=2021122100:VVEL:0.01 mb:78 hour fcst:
20:1128768:d=2021122100:DZDT:0.01 mb:78 hour fcst:
21:1219702:d=2021122100:UGRD:0.01 mb:78 hour fcst:
22:1265116:d=2021122100:VGRD:0.01 mb:78 hour fcst:
23:1305529:d=2021122100:ABSV:0.01 mb:78 hour fcst:
24:1370993:d=2021122100:O3MR:0.01 mb:78 hour fcst:
25:1427575:d=2021122100:HGT:0.02 mb:78 hour fcst:
26:1497927:d=2021122100:TMP:0.02 mb:78 hour fcst:
27:1556770:d=2021122100:RH:0.02 mb:78 hour fcst:
28:1584431:d=2021122100:SPFH:0.02 mb:78 hour fcst:
29:1665889:d=2021122100:VVEL:0.02 mb:78 hour fcst:
30:1752448:d=2021122100:DZDT:0.02 mb:78 hour fcst:
31:1853947:d=2021122100:UGRD:0.02 mb:78 hour fcst:
32:1902824:d=2021122100:VGRD:0.02 mb:78 hour fcst:
33:1945428:d=2021122100:ABSV:0.02 mb:78 hour fcst:
34:2016349:d=2021122100:O3MR:0.02 mb:78 hour fcst:
35:2082443:d=2021122100:HGT:0.04 mb:78 hour fcst:
36:2148220:d=2021122100:TMP:0.04 mb:78 hour fcst:
37:2213456:d=2021122100:RH:0.04 mb:78 hour fcst:
38:2234951:d=2021122100:SPFH:0.04 mb:78 hour fcst:
39:2299954:d=2021122100:VVEL:0.04 mb:78 hour fcst:
40:2404010:d=2021122100:DZDT:0.04 mb:78 hour fcst:
41:2514183:d=2021122100:UGRD:0.04 mb:78 hour fcst:
42:2559904:d=2021122100:VGRD:0.04 mb:78 hour fcst:
43:2630776:d=2021122100:ABSV:0.04 mb:78 hour fcst:
44:2703624:d=2021122100:O3MR:0.04 mb:78 hour fcst:
45:2770575:d=2021122100:HGT:0.07 mb:78 hour fcst:
46:2834866:d=2021122100:TMP:0.07 mb:78 hour fcst:
47:2899495:d=2021122100:RH:0.07 mb:78 hour fcst:
48:2918325:d=2021122100:SPFH:0.07 mb:78 hour fcst:
49:2979788:d=2021122100:VVEL:0.07 mb:78 hour fcst:
50:3084002:d=2021122100:DZDT:0.07 mb:78 hour fcst:
51:3196641:d=2021122100:UGRD:0.07 mb:78 hour fcst:
52:3243105:d=2021122100:VGRD:0.07 mb:78 hour fcst:
53:3286683:d=2021122100:ABSV:0.07 mb:78 hour fcst:
54:3361416:d=2021122100:O3MR:0.07 mb:78 hour fcst:
55:3412922:d=2021122100:HGT:0.1 mb:78 hour fcst:
56:3476550:d=2021122100:TMP:0.1 mb:78 hour fcst:
57:3538730:d=2021122100:RH:0.1 mb:78 hour fcst:
58:3554404:d=2021122100:SPFH:0.1 mb:78 hour fcst:
59:3610289:d=2021122100:VVEL:0.1 mb:78 hour fcst:
60:3720495:d=2021122100:DZDT:0.1 mb:78 hour fcst:
61:3835654:d=2021122100:UGRD:0.1 mb:78 hour fcst:
62:3881221:d=2021122100:VGRD:0.1 mb:78 hour fcst:
63:3923915:d=2021122100:ABSV:0.1 mb:78 hour fcst:
64:3997293:d=2021122100:O3MR:0.1 mb:78 hour fcst:
65:4082237:d=2021122100:HGT:0.2 mb:78 hour fcst:
66:4144697:d=2021122100:TMP:0.2 mb:78 hour fcst:
67:4204965:d=2021122100:RH:0.2 mb:78 hour fcst:
68:4224540:d=2021122100:SPFH:0.2 mb:78 hour fcst:
69:4283267:d=2021122100:VVEL:0.2 mb:78 hour fcst:
70:4386961:d=2021122100:DZDT:0.2 mb:78 hour fcst:
71:4497609:d=2021122100:UGRD:0.2 mb:78 hour fcst:
72:4542006:d=2021122100:VGRD:0.2 mb:78 hour fcst:
73:4583196:d=2021122100:ABSV:0.2 mb:78 hour fcst:
74:4654832:d=2021122100:O3MR:0.2 mb:78 hour fcst:
75:4725307:d=2021122100:HGT:0.4 mb:78 hour fcst:
76:4786177:d=2021122100:TMP:0.4 mb:78 hour fcst:
77:4845707:d=2021122100:RH:0.4 mb:78 hour fcst:
78:4869087:d=2021122100:SPFH:0.4 mb:78 hour fcst:
79:4939605:d=2021122100:VVEL:0.4 mb:78 hour fcst:
80:5032495:d=2021122100:DZDT:0.4 mb:78 hour fcst:
81:5133596:d=2021122100:UGRD:0.4 mb:78 hour fcst:
82:5176093:d=2021122100:VGRD:0.4 mb:78 hour fcst:
83:5215770:d=2021122100:ABSV:0.4 mb:78 hour fcst:
84:5286065:d=2021122100:O3MR:0.4 mb:78 hour fcst:
85:5360772:d=2021122100:HGT:0.7 mb:78 hour fcst:
86:5420123:d=2021122100:TMP:0.7 mb:78 hour fcst:
87:5479206:d=2021122100:RH:0.7 mb:78 hour fcst:
88:5491779:d=2021122100:SPFH:0.7 mb:78 hour fcst:
89:5575270:d=2021122100:VVEL:0.7 mb:78 hour fcst:
90:5670359:d=2021122100:DZDT:0.7 mb:78 hour fcst:
91:5765392:d=2021122100:UGRD:0.7 mb:78 hour fcst:
92:5806135:d=2021122100:VGRD:0.7 mb:78 hour fcst:
93:5844137:d=2021122100:ABSV:0.7 mb:78 hour fcst:
94:5911786:d=2021122100:O3MR:0.7 mb:78 hour fcst:
95:5991095:d=2021122100:HGT:1 mb:78 hour fcst:
96:6049448:d=2021122100:TMP:1 mb:78 hour fcst:
97:6107559:d=2021122100:RH:1 mb:78 hour fcst:
98:6124237:d=2021122100:SPFH:1 mb:78 hour fcst:
99:6188493:d=2021122100:VVEL:1 mb:78 hour fcst:
100:6293397:d=2021122100:DZDT:1 mb:78 hour fcst:
101:6403793:d=2021122100:UGRD:1 mb:78 hour fcst:
102:6443196:d=2021122100:VGRD:1 mb:78 hour fcst:
103:6478985:d=2021122100:ABSV:1 mb:78 hour fcst:
104:6543307:d=2021122100:O3MR:1 mb:78 hour fcst:
105:6624785:d=2021122100:HGT:2 mb:78 hour fcst:
106:6680321:d=2021122100:TMP:2 mb:78 hour fcst:
107:6739914:d=2021122100:RH:2 mb:78 hour fcst:
108:6756700:d=2021122100:SPFH:2 mb:78 hour fcst:
109:6833384:d=2021122100:VVEL:2 mb:78 hour fcst:
110:6926216:d=2021122100:DZDT:2 mb:78 hour fcst:
111:7036748:d=2021122100:UGRD:2 mb:78 hour fcst:
112:7075146:d=2021122100:VGRD:2 mb:78 hour fcst:
113:7109776:d=2021122100:ABSV:2 mb:78 hour fcst:
114:7173783:d=2021122100:O3MR:2 mb:78 hour fcst:
115:7249003:d=2021122100:HGT:3 mb:78 hour fcst:
116:7303055:d=2021122100:TMP:3 mb:78 hour fcst:
117:7360714:d=2021122100:RH:3 mb:78 hour fcst:
118:7370724:d=2021122100:SPFH:3 mb:78 hour fcst:
119:7444461:d=2021122100:VVEL:3 mb:78 hour fcst:
120:7540518:d=2021122100:DZDT:3 mb:78 hour fcst:
121:7648504:d=2021122100:UGRD:3 mb:78 hour fcst:
122:7686232:d=2021122100:VGRD:3 mb:78 hour fcst:
123:7719267:d=2021122100:ABSV:3 mb:78 hour fcst:
124:7781705:d=2021122100:O3MR:3 mb:78 hour fcst:
125:7855595:d=2021122100:HGT:5 mb:78 hour fcst:
126:7915841:d=2021122100:TMP:5 mb:78 hour fcst:
127:7973745:d=2021122100:RH:5 mb:78 hour fcst:
128:7981116:d=2021122100:SPFH:5 mb:78 hour fcst:
129:8046582:d=2021122100:VVEL:5 mb:78 hour fcst:
130:8147573:d=2021122100:DZDT:5 mb:78 hour fcst:
131:8253630:d=2021122100:UGRD:5 mb:78 hour fcst:
132:8290590:d=2021122100:VGRD:5 mb:78 hour fcst:
133:8324086:d=2021122100:ABSV:5 mb:78 hour fcst:
134:8387814:d=2021122100:O3MR:5 mb:78 hour fcst:
135:8461944:d=2021122100:HGT:7 mb:78 hour fcst:
136:8521021:d=2021122100:TMP:7 mb:78 hour fcst:
137:8576825:d=2021122100:RH:7 mb:78 hour fcst:
138:8587937:d=2021122100:SPFH:7 mb:78 hour fcst:
139:8646071:d=2021122100:VVEL:7 mb:78 hour fcst:
140:8750238:d=2021122100:DZDT:7 mb:78 hour fcst:
141:8853970:d=2021122100:UGRD:7 mb:78 hour fcst:
142:8890311:d=2021122100:VGRD:7 mb:78 hour fcst:
143:8923269:d=2021122100:ABSV:7 mb:78 hour fcst:
144:8986598:d=2021122100:O3MR:7 mb:78 hour fcst:
145:9061381:d=2021122100:HGT:10 mb:78 hour fcst:
146:9119528:d=2021122100:TMP:10 mb:78 hour fcst:
147:9174803:d=2021122100:RH:10 mb:78 hour fcst:
148:9180602:d=2021122100:SPFH:10 mb:78 hour fcst:
149:9237196:d=2021122100:VVEL:10 mb:78 hour fcst:
150:9345581:d=2021122100:DZDT:10 mb:78 hour fcst:
151:9448119:d=2021122100:UGRD:10 mb:78 hour fcst:
152:9485000:d=2021122100:VGRD:10 mb:78 hour fcst:
153:9518362:d=2021122100:ABSV:10 mb:78 hour fcst:
154:9582267:d=2021122100:O3MR:10 mb:78 hour fcst:
155:9659879:d=2021122100:HGT:15 mb:78 hour fcst:
156:9716733:d=2021122100:TMP:15 mb:78 hour fcst:
157:9772063:d=2021122100:RH:15 mb:78 hour fcst:
158:9781519:d=2021122100:SPFH:15 mb:78 hour fcst:
159:9840419:d=2021122100:VVEL:15 mb:78 hour fcst:
160:9954770:d=2021122100:DZDT:15 mb:78 hour fcst:
161:10057324:d=2021122100:UGRD:15 mb:78 hour fcst:
162:10095282:d=2021122100:VGRD:15 mb:78 hour fcst:
163:10129758:d=2021122100:ABSV:15 mb:78 hour fcst:
164:10194350:d=2021122100:O3MR:15 mb:78 hour fcst:
165:10275566:d=2021122100:HGT:20 mb:78 hour fcst:
166:10332187:d=2021122100:TMP:20 mb:78 hour fcst:
167:10387166:d=2021122100:RH:20 mb:78 hour fcst:
168:10397589:d=2021122100:SPFH:20 mb:78 hour fcst:
169:10459650:d=2021122100:VVEL:20 mb:78 hour fcst:
170:10577521:d=2021122100:DZDT:20 mb:78 hour fcst:
171:10678950:d=2021122100:UGRD:20 mb:78 hour fcst:
172:10715485:d=2021122100:VGRD:20 mb:78 hour fcst:
173:10749585:d=2021122100:ABSV:20 mb:78 hour fcst:
174:10812852:d=2021122100:O3MR:20 mb:78 hour fcst:
175:10904632:d=2021122100:HGT:30 mb:78 hour fcst:
176:10969397:d=2021122100:TMP:30 mb:78 hour fcst:
177:11023608:d=2021122100:RH:30 mb:78 hour fcst:
178:11039516:d=2021122100:SPFH:30 mb:78 hour fcst:
179:11117067:d=2021122100:VVEL:30 mb:78 hour fcst:
180:11229929:d=2021122100:DZDT:30 mb:78 hour fcst:
181:11329813:d=2021122100:UGRD:30 mb:78 hour fcst:
182:11393169:d=2021122100:VGRD:30 mb:78 hour fcst:
183:11452621:d=2021122100:ABSV:30 mb:78 hour fcst:
184:11513717:d=2021122100:O3MR:30 mb:78 hour fcst:
185:11606659:d=2021122100:HGT:40 mb:78 hour fcst:
186:11670744:d=2021122100:TMP:40 mb:78 hour fcst:
187:11726739:d=2021122100:RH:40 mb:78 hour fcst:
188:11744971:d=2021122100:SPFH:40 mb:78 hour fcst:
189:11815215:d=2021122100:VVEL:40 mb:78 hour fcst:
190:11931643:d=2021122100:DZDT:40 mb:78 hour fcst:
191:12031312:d=2021122100:UGRD:40 mb:78 hour fcst:
192:12096316:d=2021122100:VGRD:40 mb:78 hour fcst:
193:12158672:d=2021122100:ABSV:40 mb:78 hour fcst:
194:12223568:d=2021122100:O3MR:40 mb:78 hour fcst:
195:12320007:d=2021122100:HGT:50 mb:78 hour fcst:
196:12383996:d=2021122100:TMP:50 mb:78 hour fcst:
197:12439794:d=2021122100:RH:50 mb:78 hour fcst:
198:12459297:d=2021122100:TCDC:50 mb:78 hour fcst:
199:12459476:d=2021122100:SPFH:50 mb:78 hour fcst:
200:12528923:d=2021122100:VVEL:50 mb:78 hour fcst:
201:12624596:d=2021122100:DZDT:50 mb:78 hour fcst:
202:12723084:d=2021122100:UGRD:50 mb:78 hour fcst:
203:12787916:d=2021122100:VGRD:50 mb:78 hour fcst:
204:12850110:d=2021122100:ABSV:50 mb:78 hour fcst:
205:12915439:d=2021122100:CLMR:50 mb:78 hour fcst:
206:12915618:d=2021122100:ICMR:50 mb:78 hour fcst:
207:12915797:d=2021122100:RWMR:50 mb:78 hour fcst:
208:12915976:d=2021122100:SNMR:50 mb:78 hour fcst:
209:12916155:d=2021122100:GRLE:50 mb:78 hour fcst:
210:12916334:d=2021122100:O3MR:50 mb:78 hour fcst:
211:13010719:d=2021122100:HGT:70 mb:78 hour fcst:
212:13075410:d=2021122100:TMP:70 mb:78 hour fcst:
213:13133568:d=2021122100:RH:70 mb:78 hour fcst:
215:13161789:d=2021122100:SPFH:70 mb:78 hour fcst:
216:13234082:d=2021122100:VVEL:70 mb:78 hour fcst:
217:13334578:d=2021122100:DZDT:70 mb:78 hour fcst:
218:13433350:d=2021122100:UGRD:70 mb:78 hour fcst:
219:13500315:d=2021122100:VGRD:70 mb:78 hour fcst:
220:13565138:d=2021122100:ABSV:70 mb:78 hour fcst:
226:13634542:d=2021122100:O3MR:70 mb:78 hour fcst:
227:13727056:d=2021122100:HGT:100 mb:78 hour fcst:
228:13793326:d=2021122100:TMP:100 mb:78 hour fcst:
229:13852674:d=2021122100:RH:100 mb:78 hour fcst:
230:13887190:d=2021122100:TCDC:100 mb:78 hour fcst:
231:13887798:d=2021122100:SPFH:100 mb:78 hour fcst:
232:13975578:d=2021122100:VVEL:100 mb:78 hour fcst:
233:14083795:d=2021122100:DZDT:100 mb:78 hour fcst:
234:14184965:d=2021122100:UGRD:100 mb:78 hour fcst:
235:14255883:d=2021122100:VGRD:100 mb:78 hour fcst:
236:14325491:d=2021122100:ABSV:100 mb:78 hour fcst:
237:14398635:d=2021122100:CLMR:100 mb:78 hour fcst:
238:14398814:d=2021122100:ICMR:100 mb:78 hour fcst:
239:14402833:d=2021122100:RWMR:100 mb:78 hour fcst:
240:14403012:d=2021122100:SNMR:100 mb:78 hour fcst:
241:14404305:d=2021122100:GRLE:100 mb:78 hour fcst:
242:14404804:d=2021122100:O3MR:100 mb:78 hour fcst:
259:15250873:d=2021122100:HGT:150 mb:78 hour fcst:
260:15319996:d=2021122100:TMP:150 mb:78 hour fcst:
261:15380652:d=2021122100:RH:150 mb:78 hour fcst:
262:15423140:d=2021122100:TCDC:150 mb:78 hour fcst:
263:15436165:d=2021122100:SPFH:150 mb:78 hour fcst:
264:15530946:d=2021122100:VVEL:150 mb:78 hour fcst:
265:15616144:d=2021122100:DZDT:150 mb:78 hour fcst:
266:15722085:d=2021122100:UGRD:150 mb:78 hour fcst:
267:15767930:d=2021122100:VGRD:150 mb:78 hour fcst:
268:15840646:d=2021122100:ABSV:150 mb:78 hour fcst:
269:15917460:d=2021122100:CLMR:150 mb:78 hour fcst:
270:15917639:d=2021122100:ICMR:150 mb:78 hour fcst:
271:15931437:d=2021122100:RWMR:150 mb:78 hour fcst:
272:15931616:d=2021122100:SNMR:150 mb:78 hour fcst:
273:15933627:d=2021122100:GRLE:150 mb:78 hour fcst:
274:15935143:d=2021122100:O3MR:150 mb:78 hour fcst:
291:16796091:d=2021122100:HGT:200 mb:78 hour fcst:
292:16867628:d=2021122100:TMP:200 mb:78 hour fcst:
293:16931150:d=2021122100:RH:200 mb:78 hour fcst:
294:16986530:d=2021122100:TCDC:200 mb:78 hour fcst:
295:17013237:d=2021122100:SPFH:200 mb:78 hour fcst:
296:17107597:d=2021122100:VVEL:200 mb:78 hour fcst:
297:17200332:d=2021122100:DZDT:200 mb:78 hour fcst:
298:17277327:d=2021122100:UGRD:200 mb:78 hour fcst:
299:17326053:d=2021122100:VGRD:200 mb:78 hour fcst:
300:17374097:d=2021122100:ABSV:200 mb:78 hour fcst:
301:17456387:d=2021122100:CLMR:200 mb:78 hour fcst:
302:17456566:d=2021122100:ICMR:200 mb:78 hour fcst:
303:17487180:d=2021122100:RWMR:200 mb:78 hour fcst:
304:17487359:d=2021122100:SNMR:200 mb:78 hour fcst:
305:17494409:d=2021122100:GRLE:200 mb:78 hour fcst:
306:17496024:d=2021122100:O3MR:200 mb:78 hour fcst:
323:18391279:d=2021122100:HGT:250 mb:78 hour fcst:
324:18464162:d=2021122100:TMP:250 mb:78 hour fcst:
325:18528849:d=2021122100:RH:250 mb:78 hour fcst:
326:18592628:d=2021122100:TCDC:250 mb:78 hour fcst:
327:18629291:d=2021122100:SPFH:250 mb:78 hour fcst:
328:18724797:d=2021122100:VVEL:250 mb:78 hour fcst:
329:18822766:d=2021122100:DZDT:250 mb:78 hour fcst:
330:18903213:d=2021122100:UGRD:250 mb:78 hour fcst:
331:18954317:d=2021122100:VGRD:250 mb:78 hour fcst:
332:19006442:d=2021122100:ABSV:250 mb:78 hour fcst:
333:19093438:d=2021122100:CLMR:250 mb:78 hour fcst:
334:19093617:d=2021122100:ICMR:250 mb:78 hour fcst:
335:19139625:d=2021122100:RWMR:250 mb:78 hour fcst:
336:19139804:d=2021122100:SNMR:250 mb:78 hour fcst:
337:19154862:d=2021122100:GRLE:250 mb:78 hour fcst:
338:19156631:d=2021122100:O3MR:250 mb:78 hour fcst:
355:20148209:d=2021122100:HGT:300 mb:78 hour fcst:
356:20222560:d=2021122100:TMP:300 mb:78 hour fcst:
357:20288368:d=2021122100:RH:300 mb:78 hour fcst:
358:20356370:d=2021122100:TCDC:300 mb:78 hour fcst:
359:20397502:d=2021122100:SPFH:300 mb:78 hour fcst:
360:20494624:d=2021122100:VVEL:300 mb:78 hour fcst:
361:20596155:d=2021122100:DZDT:300 mb:78 hour fcst:
362:20678017:d=2021122100:UGRD:300 mb:78 hour fcst:
363:20730566:d=2021122100:VGRD:300 mb:78 hour fcst:
364:20784556:d=2021122100:ABSV:300 mb:78 hour fcst:
365:20874194:d=2021122100:CLMR:300 mb:78 hour fcst:
366:20874373:d=2021122100:ICMR:300 mb:78 hour fcst:
367:20923013:d=2021122100:RWMR:300 mb:78 hour fcst:
368:20923192:d=2021122100:SNMR:300 mb:78 hour fcst:
369:20947237:d=2021122100:GRLE:300 mb:78 hour fcst:
370:20949143:d=2021122100:O3MR:300 mb:78 hour fcst:
387:21951793:d=2021122100:HGT:350 mb:78 hour fcst:
388:22025953:d=2021122100:TMP:350 mb:78 hour fcst:
389:22089940:d=2021122100:RH:350 mb:78 hour fcst:
390:22158358:d=2021122100:TCDC:350 mb:78 hour fcst:
391:22201758:d=2021122100:SPFH:350 mb:78 hour fcst:
392:22308277:d=2021122100:VVEL:350 mb:78 hour fcst:
393:22411802:d=2021122100:DZDT:350 mb:78 hour fcst:
394:22493394:d=2021122100:UGRD:350 mb:78 hour fcst:
395:22544797:d=2021122100:VGRD:350 mb:78 hour fcst:
396:22598199:d=2021122100:ABSV:350 mb:78 hour fcst:
397:22687466:d=2021122100:CLMR:350 mb:78 hour fcst:
398:22688286:d=2021122100:ICMR:350 mb:78 hour fcst:
399:22740287:d=2021122100:RWMR:350 mb:78 hour fcst:
400:22740530:d=2021122100:SNMR:350 mb:78 hour fcst:
401:22772433:d=2021122100:GRLE:350 mb:78 hour fcst:
402:22774847:d=2021122100:O3MR:350 mb:78 hour fcst:
419:23779668:d=2021122100:HGT:400 mb:78 hour fcst:
420:23862419:d=2021122100:TMP:400 mb:78 hour fcst:
421:23927345:d=2021122100:RH:400 mb:78 hour fcst:
422:23996313:d=2021122100:TCDC:400 mb:78 hour fcst:
423:24039469:d=2021122100:SPFH:400 mb:78 hour fcst:
424:24143374:d=2021122100:VVEL:400 mb:78 hour fcst:
425:24248913:d=2021122100:DZDT:400 mb:78 hour fcst:
426:24330376:d=2021122100:UGRD:400 mb:78 hour fcst:
427:24381278:d=2021122100:VGRD:400 mb:78 hour fcst:
428:24433606:d=2021122100:ABSV:400 mb:78 hour fcst:
429:24522436:d=2021122100:CLMR:400 mb:78 hour fcst:
430:24524608:d=2021122100:ICMR:400 mb:78 hour fcst:
431:24576305:d=2021122100:RWMR:400 mb:78 hour fcst:
432:24577110:d=2021122100:SNMR:400 mb:78 hour fcst:
433:24609907:d=2021122100:GRLE:400 mb:78 hour fcst:
434:24612341:d=2021122100:O3MR:400 mb:78 hour fcst:
451:25629101:d=2021122100:HGT:450 mb:78 hour fcst:
452:25711208:d=2021122100:TMP:450 mb:78 hour fcst:
453:25776623:d=2021122100:RH:450 mb:78 hour fcst:
454:25846220:d=2021122100:TCDC:450 mb:78 hour fcst:
455:25888289:d=2021122100:SPFH:450 mb:78 hour fcst:
456:25987673:d=2021122100:VVEL:450 mb:78 hour fcst:
457:26093768:d=2021122100:DZDT:450 mb:78 hour fcst:
458:26197084:d=2021122100:UGRD:450 mb:78 hour fcst:
459:26246925:d=2021122100:VGRD:450 mb:78 hour fcst:
460:26327955:d=2021122100:ABSV:450 mb:78 hour fcst:
461:26415441:d=2021122100:CLMR:450 mb:78 hour fcst:
462:26421122:d=2021122100:ICMR:450 mb:78 hour fcst:
463:26476258:d=2021122100:RWMR:450 mb:78 hour fcst:
464:26478503:d=2021122100:SNMR:450 mb:78 hour fcst:
465:26514329:d=2021122100:GRLE:450 mb:78 hour fcst:
466:26515765:d=2021122100:O3MR:450 mb:78 hour fcst:
483:27595055:d=2021122100:HGT:500 mb:78 hour fcst:
484:27677204:d=2021122100:TMP:500 mb:78 hour fcst:
485:27743049:d=2021122100:RH:500 mb:78 hour fcst:
486:27812953:d=2021122100:TCDC:500 mb:78 hour fcst:
487:27853649:d=2021122100:SPFH:500 mb:78 hour fcst:
488:27958975:d=2021122100:VVEL:500 mb:78 hour fcst:
489:28065355:d=2021122100:DZDT:500 mb:78 hour fcst:
490:28167849:d=2021122100:UGRD:500 mb:78 hour fcst:
491:28246564:d=2021122100:VGRD:500 mb:78 hour fcst:
492:28326515:d=2021122100:ABSV:500 mb:78 hour fcst:
493:28412015:d=2021122100:CLMR:500 mb:78 hour fcst:
494:28421640:d=2021122100:ICMR:500 mb:78 hour fcst:
495:28474341:d=2021122100:RWMR:500 mb:78 hour fcst:
496:28478596:d=2021122100:SNMR:500 mb:78 hour fcst:
497:28515142:d=2021122100:GRLE:500 mb:78 hour fcst:
498:28519069:d=2021122100:O3MR:500 mb:78 hour fcst:
515:29657677:d=2021122100:HGT:550 mb:78 hour fcst:
516:29742257:d=2021122100:TMP:550 mb:78 hour fcst:
517:29808114:d=2021122100:RH:550 mb:78 hour fcst:
518:29878408:d=2021122100:TCDC:550 mb:78 hour fcst:
519:29918244:d=2021122100:SPFH:550 mb:78 hour fcst:
520:30027834:d=2021122100:VVEL:550 mb:78 hour fcst:
521:30134461:d=2021122100:DZDT:550 mb:78 hour fcst:
522:30236229:d=2021122100:UGRD:550 mb:78 hour fcst:
523:30314001:d=2021122100:VGRD:550 mb:78 hour fcst:
524:30393008:d=2021122100:ABSV:550 mb:78 hour fcst:
525:30477514:d=2021122100:CLMR:550 mb:78 hour fcst:
526:30491212:d=2021122100:ICMR:550 mb:78 hour fcst:
527:30540736:d=2021122100:RWMR:550 mb:78 hour fcst:
528:30547618:d=2021122100:SNMR:550 mb:78 hour fcst:
529:30585099:d=2021122100:GRLE:550 mb:78 hour fcst:
530:30590258:d=2021122100:O3MR:550 mb:78 hour fcst:
547:31732040:d=2021122100:HGT:600 mb:78 hour fcst:
548:31816907:d=2021122100:TMP:600 mb:78 hour fcst:
549:31883140:d=2021122100:RH:600 mb:78 hour fcst:
550:31953719:d=2021122100:TCDC:600 mb:78 hour fcst:
551:31992363:d=2021122100:SPFH:600 mb:78 hour fcst:
552:32095858:d=2021122100:VVEL:600 mb:78 hour fcst:
553:32202840:d=2021122100:DZDT:600 mb:78 hour fcst:
554:32304074:d=2021122100:UGRD:600 mb:78 hour fcst:
555:32380965:d=2021122100:VGRD:600 mb:78 hour fcst:
556:32459376:d=2021122100:ABSV:600 mb:78 hour fcst:
557:32543539:d=2021122100:CLMR:600 mb:78 hour fcst:
558:32561260:d=2021122100:ICMR:600 mb:78 hour fcst:
559:32603725:d=2021122100:RWMR:600 mb:78 hour fcst:
560:32612595:d=2021122100:SNMR:600 mb:78 hour fcst:
561:32649754:d=2021122100:GRLE:600 mb:78 hour fcst:
562:32656351:d=2021122100:O3MR:600 mb:78 hour fcst:
579:33784887:d=2021122100:HGT:650 mb:78 hour fcst:
580:33869595:d=2021122100:TMP:650 mb:78 hour fcst:
581:33936385:d=2021122100:RH:650 mb:78 hour fcst:
582:34007192:d=2021122100:TCDC:650 mb:78 hour fcst:
583:34044438:d=2021122100:SPFH:650 mb:78 hour fcst:
584:34157292:d=2021122100:VVEL:650 mb:78 hour fcst:
585:34264624:d=2021122100:DZDT:650 mb:78 hour fcst:
586:34374907:d=2021122100:UGRD:650 mb:78 hour fcst:
587:34451321:d=2021122100:VGRD:650 mb:78 hour fcst:
588:34528475:d=2021122100:ABSV:650 mb:78 hour fcst:
589:34612111:d=2021122100:CLMR:650 mb:78 hour fcst:
590:34630765:d=2021122100:ICMR:650 mb:78 hour fcst:
591:34668089:d=2021122100:RWMR:650 mb:78 hour fcst:
592:34679874:d=2021122100:SNMR:650 mb:78 hour fcst:
593:34718972:d=2021122100:GRLE:650 mb:78 hour fcst:
594:34726319:d=2021122100:O3MR:650 mb:78 hour fcst:
611:35863849:d=2021122100:HGT:700 mb:78 hour fcst:
612:35948528:d=2021122100:TMP:700 mb:78 hour fcst:
613:36016231:d=2021122100:RH:700 mb:78 hour fcst:
614:36087369:d=2021122100:TCDC:700 mb:78 hour fcst:
615:36124459:d=2021122100:SPFH:700 mb:78 hour fcst:
616:36229656:d=2021122100:VVEL:700 mb:78 hour fcst:
617:36337451:d=2021122100:DZDT:700 mb:78 hour fcst:
618:36446773:d=2021122100:UGRD:700 mb:78 hour fcst:
619:36522719:d=2021122100:VGRD:700 mb:78 hour fcst:
620:36600416:d=2021122100:ABSV:700 mb:78 hour fcst:
621:36684580:d=2021122100:CLMR:700 mb:78 hour fcst:
622:36706872:d=2021122100:ICMR:700 mb:78 hour fcst:
623:36739658:d=2021122100:RWMR:700 mb:78 hour fcst:
624:36754773:d=2021122100:SNMR:700 mb:78 hour fcst:
625:36795519:d=2021122100:GRLE:700 mb:78 hour fcst:
626:36802282:d=2021122100:O3MR:700 mb:78 hour fcst:
643:37949263:d=2021122100:HGT:750 mb:78 hour fcst:
644:38034048:d=2021122100:TMP:750 mb:78 hour fcst:
645:38103058:d=2021122100:RH:750 mb:78 hour fcst:
646:38174518:d=2021122100:TCDC:750 mb:78 hour fcst:
647:38213528:d=2021122100:SPFH:750 mb:78 hour fcst:
648:38321309:d=2021122100:VVEL:750 mb:78 hour fcst:
649:38429400:d=2021122100:DZDT:750 mb:78 hour fcst:
650:38538328:d=2021122100:UGRD:750 mb:78 hour fcst:
651:38614636:d=2021122100:VGRD:750 mb:78 hour fcst:
652:38692415:d=2021122100:ABSV:750 mb:78 hour fcst:
653:38776799:d=2021122100:CLMR:750 mb:78 hour fcst:
654:38805393:d=2021122100:ICMR:750 mb:78 hour fcst:
655:38839431:d=2021122100:RWMR:750 mb:78 hour fcst:
656:38858247:d=2021122100:SNMR:750 mb:78 hour fcst:
657:38898812:d=2021122100:GRLE:750 mb:78 hour fcst:
658:38904697:d=2021122100:O3MR:750 mb:78 hour fcst:
675:40074533:d=2021122100:HGT:800 mb:78 hour fcst:
676:40159944:d=2021122100:TMP:800 mb:78 hour fcst:
677:40231124:d=2021122100:RH:800 mb:78 hour fcst:
678:40302995:d=2021122100:TCDC:800 mb:78 hour fcst:
679:40344195:d=2021122100:SPFH:800 mb:78 hour fcst:
680:40453575:d=2021122100:VVEL:800 mb:78 hour fcst:
681:40561869:d=2021122100:DZDT:800 mb:78 hour fcst:
682:40670332:d=2021122100:UGRD:800 mb:78 hour fcst:
683:40746972:d=2021122100:VGRD:800 mb:78 hour fcst:
684:40825205:d=2021122100:ABSV:800 mb:78 hour fcst:
685:40910111:d=2021122100:CLMR:800 mb:78 hour fcst:
686:40944175:d=2021122100:ICMR:800 mb:78 hour fcst:
687:40976362:d=2021122100:RWMR:800 mb:78 hour fcst:
688:40999507:d=2021122100:SNMR:800 mb:78 hour fcst:
689:41039000:d=2021122100:GRLE:800 mb:78 hour fcst:
690:41044541:d=2021122100:O3MR:800 mb:78 hour fcst:
707:42241807:d=2021122100:HGT:850 mb:78 hour fcst:
708:42328089:d=2021122100:TMP:850 mb:78 hour fcst:
709:42401088:d=2021122100:RH:850 mb:78 hour fcst:
710:42473664:d=2021122100:TCDC:850 mb:78 hour fcst:
711:42519693:d=2021122100:SPFH:850 mb:78 hour fcst:
712:42630697:d=2021122100:VVEL:850 mb:78 hour fcst:
713:42738667:d=2021122100:DZDT:850 mb:78 hour fcst:
714:42846158:d=2021122100:UGRD:850 mb:78 hour fcst:
715:42923429:d=2021122100:VGRD:850 mb:78 hour fcst:
716:43002015:d=2021122100:ABSV:850 mb:78 hour fcst:
717:43087531:d=2021122100:CLMR:850 mb:78 hour fcst:
718:43127201:d=2021122100:ICMR:850 mb:78 hour fcst:
719:43156879:d=2021122100:RWMR:850 mb:78 hour fcst:
720:43183426:d=2021122100:SNMR:850 mb:78 hour fcst:
721:43220864:d=2021122100:GRLE:850 mb:78 hour fcst:
722:43227048:d=2021122100:O3MR:850 mb:78 hour fcst:
739:44425420:d=2021122100:HGT:900 mb:78 hour fcst:
740:44512739:d=2021122100:TMP:900 mb:78 hour fcst:
741:44586486:d=2021122100:RH:900 mb:78 hour fcst:
742:44658240:d=2021122100:TCDC:900 mb:78 hour fcst:
743:44700470:d=2021122100:SPF
*** FATAL ERROR: write error ***

H:900 mb:78 hour fcst:
744:44800840:d=2021122100:VVEL:900 mb:78 hour fcst:
745:44906063:d=2021122100:DZDT:900 mb:78 hour fcst:
746:45010389:d=2021122100:UGRD:900 mb:78 hour fcst:
747:45088118:d=2021122100:VGRD:900 mb:78 hour fcst:
748:45166783:d=2021122100:ABSV:900 mb:78 hour fcst:
749:45252236:d=2021122100:CLMR:900 mb:78 hour fcst:
750:45286088:d=2021122100:ICMR:900 mb:78 hour fcst:
751:45312171:d=2021122100:RWMR:900 mb:78 hour fcst:
752:45340124:d=2021122100:SNMR:900 mb:78 hour fcst:
753:45374840:d=2021122100:GRLE:900 mb:78 hour fcst:
754:45381363:d=2021122100:O3MR:900 mb:78 hour fcst:
755:45488009:d=2021122100:HGT:925 mb:78 hour fcst:
756:45575858:d=2021122100:TMP:925 mb:78 hour fcst:
757:45650232:d=2021122100:RH:925 mb:78 hour fcst:
758:45721709:d=2021122100:TCDC:925 mb:78 hour fcst:
759:45759384:d=2021122100:SPFH:925 mb:78 hour fcst:
760:45860360:d=2021122100:VVEL:925 mb:78 hour fcst:
761:45964366:d=2021122100:DZDT:925 mb:78 hour fcst:
762:46066961:d=2021122100:UGRD:925 mb:78 hour fcst:
763:46145017:d=2021122100:VGRD:925 mb:78 hour fcst:
764:46223545:d=2021122100:ABSV:925 mb:78 hour fcst:
765:46308897:d=2021122100:CLMR:925 mb:78 hour fcst:
766:46335599:d=2021122100:ICMR:925 mb:78 hour fcst:
767:46359024:d=2021122100:RWMR:925 mb:78 hour fcst:
768:46388987:d=2021122100:SNMR:925 mb:78 hour fcst:
769:46424542:d=2021122100:GRLE:925 mb:78 hour fcst:
770:46431193:d=2021122100:O3MR:925 mb:78 hour fcst:
771:46537444:d=2021122100:HGT:950 mb:78 hour fcst:
772:46625897:d=2021122100:TMP:950 mb:78 hour fcst:
773:46700340:d=2021122100:RH:950 mb:78 hour fcst:
774:46770776:d=2021122100:TCDC:950 mb:78 hour fcst:
775:46804633:d=2021122100:SPFH:950 mb:78 hour fcst:
776:46904993:d=2021122100:VVEL:950 mb:78 hour fcst:
777:47006165:d=2021122100:DZDT:950 mb:78 hour fcst:
778:47105790:d=2021122100:UGRD:950 mb:78 hour fcst:
779:47184032:d=2021122100:VGRD:950 mb:78 hour fcst:
780:47262666:d=2021122100:ABSV:950 mb:78 hour fcst:
781:47348000:d=2021122100:CLMR:950 mb:78 hour fcst:
782:47368174:d=2021122100:ICMR:950 mb:78 hour fcst:
783:47390270:d=2021122100:RWMR:950 mb:78 hour fcst:
784:47422221:d=2021122100:SNMR:950 mb:78 hour fcst:
785:47455075:d=2021122100:GRLE:950 mb:78 hour fcst:
786:47461779:d=2021122100:O3MR:950 mb:78 hour fcst:
787:47567981:d=2021122100:HINDEX:surface:78 hour fcst:
788:47584919:d=2021122100:HGT:975 mb:78 hour fcst:
789:47674101:d=2021122100:TMP:975 mb:78 hour fcst:
790:47748061:d=2021122100:RH:975 mb:78 hour fcst:
791:47816716:d=2021122100:TCDC:975 mb:78 hour fcst:
792:47844342:d=2021122100:SPFH:975 mb:78 hour fcst:
793:47943931:d=2021122100:VVEL:975 mb:78 hour fcst:
794:48038799:d=2021122100:DZDT:975 mb:78 hour fcst:
795:48132618:d=2021122100:UGRD:975 mb:78 hour fcst:
796:48210597:d=2021122100:VGRD:975 mb:78 hour fcst:
797:48288813:d=2021122100:ABSV:975 mb:78 hour fcst:
798:48373514:d=2021122100:CLMR:975 mb:78 hour fcst:
799:48388767:d=2021122100:ICMR:975 mb:78 hour fcst:
800:48404827:d=2021122100:RWMR:975 mb:78 hour fcst:
801:48432945:d=2021122100:SNMR:975 mb:78 hour fcst:
802:48459975:d=2021122100:GRLE:975 mb:78 hour fcst:
803:48466273:d=2021122100:O3MR:975 mb:78 hour fcst:
804:48571861:d=2021122100:TMP:1000 mb:78 hour fcst:
805:48645606:d=2021122100:RH:1000 mb:78 hour fcst:
806:48712946:d=2021122100:TCDC:1000 mb:78 hour fcst:
807:48731149:d=2021122100:SPFH:1000 mb:78 hour fcst:
808:48830459:d=2021122100:VVEL:1000 mb:78 hour fcst:
809:48915802+ exglobal_atmos_products.sh[1]: postamble exglobal_atmos_products.sh 1719258573 8
+ preamble.sh[70]: set +x
End exglobal_atmos_products.sh at 19:49:34 with error code 8 (time elapsed: 00:00:01)
+ JGLOBAL_ATMOS_PRODUCTS[1]: postamble JGLOBAL_ATMOS_PRODUCTS 1719258559 8
+ preamble.sh[70]: set +x
End JGLOBAL_ATMOS_PRODUCTS at 19:49:34 with error code 8 (time elapsed: 00:00:15)
+ atmos_products.sh[1]: postamble atmos_products.sh 1719258555 8
+ preamble.sh[70]: set +x
End atmos_products.sh at 19:49:34 with error code 8 (time elapsed: 00:00:19)
_______________________________________________________________
Start Epilog on node h36m15 for job 62373207 :: Mon Jun 24 19:49:35 UTC 2024
Job 62373207 finished for user Terry.McGuinness in partition hera with exit code 8:0
_______________________________________________________________
End Epilogue Mon Jun 24 19:49:35 UTC 2024
