Begin atmos_products.sh at Mon Jun 24 19:52:37 UTC 2024
+ atmos_products.sh[11]: . /scratch1/NCEPDEV/global/CI/2700/gfs/ush/load_fv3gfs_modules.sh
++ load_fv3gfs_modules.sh[4]: [[ NO == \N\O ]]
++ load_fv3gfs_modules.sh[5]: echo 'Loading modules quietly...'
Loading modules quietly...
++ load_fv3gfs_modules.sh[6]: set +x
Running "module reset". Resetting modules to system default. The following $MODULEPATH directories have been removed: None

Currently Loaded Modules:
  1) contrib                          43) ip/4.3.0
  2) intel/2022.1.2                   44) grib-util/1.3.0
  3) stack-intel/2021.5.0             45) g2tmpl/1.10.2
  4) impi/2022.1.2                    46) gsi-ncdiag/1.1.2
  5) stack-intel-oneapi-mpi/2021.5.1  47) crtm-fix/2.4.0.1_emc
  6) gettext/0.19.8.1                 48) git-lfs/2.10.0
  7) libxcrypt/4.4.35                 49) crtm/2.4.0.1
  8) zlib/1.2.13                      50) openblas/0.3.24
  9) sqlite/3.43.2                    51) py-setuptools/63.4.3
 10) util-linux-uuid/2.38.1           52) py-numpy/1.23.4
 11) python/3.11.6                    53) bufr/11.7.0
 12) hpss/hpss                        54) gmake/3.82
 13) gempak/7.17.0                    55) wgrib2/2.0.8
 14) ncl/6.6.2                        56) py-f90nml/1.4.3
 15) libjpeg/2.1.0                    57) py-cftime/1.0.3.4
 16) jasper/2.0.32                    58) py-netcdf4/1.5.8
 17) libpng/1.6.37                    59) libyaml/0.2.5
 18) openjpeg/2.3.1                   60) py-pyyaml/6.0
 19) eccodes/2.32.0                   61) py-markupsafe/2.1.3
 20) fftw/3.3.10                      62) py-jinja2/3.1.2
 21) nghttp2/1.57.0                   63) py-bottleneck/1.3.7
 22) curl/8.4.0                       64) py-numexpr/2.8.4
 23) proj/8.1.0                       65) py-et-xmlfile/1.0.1
 24) udunits/2.2.28                   66) py-openpyxl/3.1.2
 25) cdo/2.2.0                        67) py-pytz/2023.3
 26) R/3.6.1                          68) py-pyxlsb/1.0.10
 27) perl/5.38.0                      69) py-xlrd/2.0.1
 28) pkg-config/0.27.1                70) py-xlsxwriter/3.1.7
 29) hdf5/1.14.0                      71) py-xlwt/1.3.0
 30) snappy/1.1.10                    72) py-pandas/1.5.3
 31) zstd/1.5.2                       73) py-six/1.16.0
 32) c-blosc/1.21.5                   74) py-python-dateutil/2.8.2
 33) netcdf-c/4.9.2                   75) g2c/1.6.4
 34) netcdf-fortran/4.6.1             76) netcdf-cxx4/4.3.1
 35) antlr/2.7.7                      77) met/9.1.3
 36) gsl/2.7.1                        78) metplus/3.1.1
 37) nco/5.0.6                        79) py-packaging/23.1
 38) bacio/2.4.1                      80) py-xarray/2023.7.0
 39) w3emc/2.10.0                     81) prepobs/1.0.1
 40) prod_util/2.1.1                  82) fit2obs/1.1.1
 41) g2/3.4.5                         83) module_base.hera
 42) sp/2.5.0

 

+ atmos_products.sh[12]: status=0
+ atmos_products.sh[13]: ((  status != 0  ))
+ atmos_products.sh[15]: export job=atmos_products
+ atmos_products.sh[15]: job=atmos_products
+ atmos_products.sh[16]: export jobid=atmos_products.2602621
+ atmos_products.sh[16]: jobid=atmos_products.2602621
+ atmos_products.sh[19]: fhr3_base=10#060
+ atmos_products.sh[20]: export FORECAST_HOUR=60
+ atmos_products.sh[20]: FORECAST_HOUR=60
+ atmos_products.sh[25]: /scratch1/NCEPDEV/global/CI/2700/gfs/jobs/JGLOBAL_ATMOS_PRODUCTS
Begin JGLOBAL_ATMOS_PRODUCTS at Mon Jun 24 19:52:40 UTC 2024
+ JGLOBAL_ATMOS_PRODUCTS[4]: source /scratch1/NCEPDEV/global/CI/2700/gfs/ush/jjob_header.sh -e atmos_products -c 'base atmos_products'
++ jjob_header.sh[44]: OPTIND=1
++ jjob_header.sh[45]: getopts c:e: option
++ jjob_header.sh[46]: case "${option}" in
++ jjob_header.sh[48]: env_job=atmos_products
++ jjob_header.sh[45]: getopts c:e: option
++ jjob_header.sh[46]: case "${option}" in
++ jjob_header.sh[47]: read -ra configs
++ jjob_header.sh[45]: getopts c:e: option
++ jjob_header.sh[59]: shift 4
++ jjob_header.sh[61]: [[ -z atmos_products ]]
++ jjob_header.sh[69]: export DATA=/scratch1/NCEPDEV/stmp2/Terry.McGuinness/RUNDIRS/C96_atmaerosnowDA_d1d88a6d/atmos_products.2602621
++ jjob_header.sh[69]: DATA=/scratch1/NCEPDEV/stmp2/Terry.McGuinness/RUNDIRS/C96_atmaerosnowDA_d1d88a6d/atmos_products.2602621
++ jjob_header.sh[70]: [[ YES == \Y\E\S ]]
++ jjob_header.sh[71]: rm -rf /scratch1/NCEPDEV/stmp2/Terry.McGuinness/RUNDIRS/C96_atmaerosnowDA_d1d88a6d/atmos_products.2602621
++ jjob_header.sh[73]: mkdir -p /scratch1/NCEPDEV/stmp2/Terry.McGuinness/RUNDIRS/C96_atmaerosnowDA_d1d88a6d/atmos_products.2602621
++ jjob_header.sh[74]: cd /scratch1/NCEPDEV/stmp2/Terry.McGuinness/RUNDIRS/C96_atmaerosnowDA_d1d88a6d/atmos_products.2602621
++ jjob_header.sh[80]: export cycle=t00z
++ jjob_header.sh[80]: cycle=t00z
++ jjob_header.sh[81]: setpdy.sh
sed: can't read /scratch1/NCEPDEV/global/CI/2700/RUNTESTS/COMROOT/date/t00z: No such file or directory
 completed cleanly
 completed cleanly
Source PDY script to export PDYm7, ..., PDY, ..., PDYp7 variables.
++ jjob_header.sh[82]: source ./PDY
+++ PDY[1]: export PDYm7=20211214
+++ PDY[1]: PDYm7=20211214
+++ PDY[2]: export PDYm6=20211215
+++ PDY[2]: PDYm6=20211215
+++ PDY[3]: export PDYm5=20211216
+++ PDY[3]: PDYm5=20211216
+++ PDY[4]: export PDYm4=20211217
+++ PDY[4]: PDYm4=20211217
+++ PDY[5]: export PDYm3=20211218
+++ PDY[5]: PDYm3=20211218
+++ PDY[6]: export PDYm2=20211219
+++ PDY[6]: PDYm2=20211219
+++ PDY[7]: export PDYm1=20211220
+++ PDY[7]: PDYm1=20211220
+++ PDY[8]: export PDY=20211221
+++ PDY[8]: PDY=20211221
+++ PDY[9]: export PDYp1=20211222
+++ PDY[9]: PDYp1=20211222
+++ PDY[10]: export PDYp2=20211223
+++ PDY[10]: PDYp2=20211223
+++ PDY[11]: export PDYp3=20211224
+++ PDY[11]: PDYp3=20211224
+++ PDY[12]: export PDYp4=20211225
+++ PDY[12]: PDYp4=20211225
+++ PDY[13]: export PDYp5=20211226
+++ PDY[13]: PDYp5=20211226
+++ PDY[14]: export PDYp6=20211227
+++ PDY[14]: PDYp6=20211227
+++ PDY[15]: export PDYp7=20211228
+++ PDY[15]: PDYp7=20211228
++ jjob_header.sh[88]: export pid=2602920
++ jjob_header.sh[88]: pid=2602920
++ jjob_header.sh[89]: export pgmout=OUTPUT.2602920
++ jjob_header.sh[89]: pgmout=OUTPUT.2602920
++ jjob_header.sh[90]: export pgmerr=errfile
++ jjob_header.sh[90]: pgmerr=errfile
++ jjob_header.sh[96]: export EXPDIR=/scratch1/NCEPDEV/global/CI/2700/RUNTESTS/EXPDIR/C96_atmaerosnowDA_d1d88a6d
++ jjob_header.sh[96]: EXPDIR=/scratch1/NCEPDEV/global/CI/2700/RUNTESTS/EXPDIR/C96_atmaerosnowDA_d1d88a6d
++ jjob_header.sh[97]: for config in "${configs[@]:-''}"
++ jjob_header.sh[98]: source /scratch1/NCEPDEV/global/CI/2700/RUNTESTS/EXPDIR/C96_atmaerosnowDA_d1d88a6d/config.base
+++ config.base[6]: echo 'BEGIN: config.base'
BEGIN: config.base
+++ config.base[9]: export machine=HERA
+++ config.base[9]: machine=HERA
+++ config.base[12]: export RUN_ENVIR=emc
+++ config.base[12]: RUN_ENVIR=emc
+++ config.base[15]: export ACCOUNT=nems
+++ config.base[15]: ACCOUNT=nems
+++ config.base[16]: export ACCOUNT_SERVICE=fv3-cpu
+++ config.base[16]: ACCOUNT_SERVICE=fv3-cpu
+++ config.base[17]: export QUEUE=batch
+++ config.base[17]: QUEUE=batch
+++ config.base[18]: export QUEUE_SERVICE=batch
+++ config.base[18]: QUEUE_SERVICE=batch
+++ config.base[19]: export PARTITION_BATCH=hera
+++ config.base[19]: PARTITION_BATCH=hera
+++ config.base[20]: export PARTITION_SERVICE=service
+++ config.base[20]: PARTITION_SERVICE=service
+++ config.base[21]: export RESERVATION=
+++ config.base[21]: RESERVATION=
+++ config.base[24]: export HPSS_PROJECT=emc-global
+++ config.base[24]: HPSS_PROJECT=emc-global
+++ config.base[27]: export HOMEgfs=/scratch1/NCEPDEV/global/CI/2700/gfs
+++ config.base[27]: HOMEgfs=/scratch1/NCEPDEV/global/CI/2700/gfs
+++ config.base[28]: export EXECgfs=/scratch1/NCEPDEV/global/CI/2700/gfs/exec
+++ config.base[28]: EXECgfs=/scratch1/NCEPDEV/global/CI/2700/gfs/exec
+++ config.base[29]: export FIXgfs=/scratch1/NCEPDEV/global/CI/2700/gfs/fix
+++ config.base[29]: FIXgfs=/scratch1/NCEPDEV/global/CI/2700/gfs/fix
+++ config.base[30]: export PARMgfs=/scratch1/NCEPDEV/global/CI/2700/gfs/parm
+++ config.base[30]: PARMgfs=/scratch1/NCEPDEV/global/CI/2700/gfs/parm
+++ config.base[31]: export SCRgfs=/scratch1/NCEPDEV/global/CI/2700/gfs/scripts
+++ config.base[31]: SCRgfs=/scratch1/NCEPDEV/global/CI/2700/gfs/scripts
+++ config.base[32]: export USHgfs=/scratch1/NCEPDEV/global/CI/2700/gfs/ush
+++ config.base[32]: USHgfs=/scratch1/NCEPDEV/global/CI/2700/gfs/ush
+++ config.base[34]: export FIXam=/scratch1/NCEPDEV/global/CI/2700/gfs/fix/am
+++ config.base[34]: FIXam=/scratch1/NCEPDEV/global/CI/2700/gfs/fix/am
+++ config.base[35]: export FIXaer=/scratch1/NCEPDEV/global/CI/2700/gfs/fix/aer
+++ config.base[35]: FIXaer=/scratch1/NCEPDEV/global/CI/2700/gfs/fix/aer
+++ config.base[36]: export FIXcpl=/scratch1/NCEPDEV/global/CI/2700/gfs/fix/cpl
+++ config.base[36]: FIXcpl=/scratch1/NCEPDEV/global/CI/2700/gfs/fix/cpl
+++ config.base[37]: export FIXlut=/scratch1/NCEPDEV/global/CI/2700/gfs/fix/lut
+++ config.base[37]: FIXlut=/scratch1/NCEPDEV/global/CI/2700/gfs/fix/lut
+++ config.base[38]: export FIXcice=/scratch1/NCEPDEV/global/CI/2700/gfs/fix/cice
+++ config.base[38]: FIXcice=/scratch1/NCEPDEV/global/CI/2700/gfs/fix/cice
+++ config.base[39]: export FIXmom=/scratch1/NCEPDEV/global/CI/2700/gfs/fix/mom6
+++ config.base[39]: FIXmom=/scratch1/NCEPDEV/global/CI/2700/gfs/fix/mom6
+++ config.base[40]: export FIXreg2grb2=/scratch1/NCEPDEV/global/CI/2700/gfs/fix/reg2grb2
+++ config.base[40]: FIXreg2grb2=/scratch1/NCEPDEV/global/CI/2700/gfs/fix/reg2grb2
+++ config.base[41]: export FIXgdas=/scratch1/NCEPDEV/global/CI/2700/gfs/fix/gdas
+++ config.base[41]: FIXgdas=/scratch1/NCEPDEV/global/CI/2700/gfs/fix/gdas
+++ config.base[46]: export PACKAGEROOT=/scratch1/NCEPDEV/global/glopara/nwpara
+++ config.base[46]: PACKAGEROOT=/scratch1/NCEPDEV/global/glopara/nwpara
+++ config.base[47]: export COMROOT=/scratch1/NCEPDEV/global/CI/2700/RUNTESTS/COMROOT
+++ config.base[47]: COMROOT=/scratch1/NCEPDEV/global/CI/2700/RUNTESTS/COMROOT
+++ config.base[48]: export COMINsyn=/scratch1/NCEPDEV/global/glopara/com/gfs/prod/syndat
+++ config.base[48]: COMINsyn=/scratch1/NCEPDEV/global/glopara/com/gfs/prod/syndat
+++ config.base[49]: export DMPDIR=/scratch1/NCEPDEV/global/glopara/dump
+++ config.base[49]: DMPDIR=/scratch1/NCEPDEV/global/glopara/dump
+++ config.base[50]: export BASE_CPLIC=/scratch1/NCEPDEV/global/glopara/data/ICSDIR/prototype_ICs
+++ config.base[50]: BASE_CPLIC=/scratch1/NCEPDEV/global/glopara/data/ICSDIR/prototype_ICs
+++ config.base[54]: export COMINecmwf=/scratch1/NCEPDEV/global/glopara/data/external_gempak/ecmwf
+++ config.base[54]: COMINecmwf=/scratch1/NCEPDEV/global/glopara/data/external_gempak/ecmwf
+++ config.base[55]: export COMINnam=/scratch1/NCEPDEV/global/glopara/data/external_gempak/nam
+++ config.base[55]: COMINnam=/scratch1/NCEPDEV/global/glopara/data/external_gempak/nam
+++ config.base[56]: export COMINukmet=/scratch1/NCEPDEV/global/glopara/data/external_gempak/ukmet
+++ config.base[56]: COMINukmet=/scratch1/NCEPDEV/global/glopara/data/external_gempak/ukmet
+++ config.base[59]: export HOMEDIR=/scratch1/NCEPDEV/global/Terry.McGuinness
+++ config.base[59]: HOMEDIR=/scratch1/NCEPDEV/global/Terry.McGuinness
+++ config.base[60]: export STMP=/scratch1/NCEPDEV/stmp2/Terry.McGuinness
+++ config.base[60]: STMP=/scratch1/NCEPDEV/stmp2/Terry.McGuinness
+++ config.base[61]: export PTMP=/scratch1/NCEPDEV/stmp4/Terry.McGuinness
+++ config.base[61]: PTMP=/scratch1/NCEPDEV/stmp4/Terry.McGuinness
+++ config.base[62]: export NOSCRUB=/scratch1/NCEPDEV/global/Terry.McGuinness
+++ config.base[62]: NOSCRUB=/scratch1/NCEPDEV/global/Terry.McGuinness
+++ config.base[65]: export BASE_GIT=/scratch1/NCEPDEV/global/glopara/git
+++ config.base[65]: BASE_GIT=/scratch1/NCEPDEV/global/glopara/git
+++ config.base[68]: export DO_GOES=NO
+++ config.base[68]: DO_GOES=NO
+++ config.base[69]: export DO_BUFRSND=NO
+++ config.base[69]: DO_BUFRSND=NO
+++ config.base[70]: export DO_GEMPAK=NO
+++ config.base[70]: DO_GEMPAK=NO
+++ config.base[71]: export DO_AWIPS=NO
+++ config.base[71]: DO_AWIPS=NO
+++ config.base[72]: export DO_NPOESS=NO
+++ config.base[72]: DO_NPOESS=NO
+++ config.base[73]: export DO_TRACKER=YES
+++ config.base[73]: DO_TRACKER=YES
+++ config.base[74]: export DO_GENESIS=YES
+++ config.base[74]: DO_GENESIS=YES
+++ config.base[75]: export DO_GENESIS_FSU=NO
+++ config.base[75]: DO_GENESIS_FSU=NO
+++ config.base[76]: export DO_VERFOZN=YES
+++ config.base[76]: DO_VERFOZN=YES
+++ config.base[77]: export DO_VERFRAD=YES
+++ config.base[77]: DO_VERFRAD=YES
+++ config.base[78]: export DO_VMINMON=YES
+++ config.base[78]: DO_VMINMON=YES
+++ config.base[79]: export DO_MOS=NO
+++ config.base[79]: DO_MOS=NO
+++ config.base[85]: export REALTIME=YES
+++ config.base[85]: REALTIME=YES
+++ config.base[88]: export MODE=cycled
+++ config.base[88]: MODE=cycled
+++ config.base[97]: export FIXgsi=/scratch1/NCEPDEV/global/CI/2700/gfs/fix/gsi
+++ config.base[97]: FIXgsi=/scratch1/NCEPDEV/global/CI/2700/gfs/fix/gsi
+++ config.base[98]: export HOMEpost=/scratch1/NCEPDEV/global/CI/2700/gfs
+++ config.base[98]: HOMEpost=/scratch1/NCEPDEV/global/CI/2700/gfs
+++ config.base[99]: export HOMEobsproc=/scratch1/NCEPDEV/global/glopara/git/obsproc/v1.1.2
+++ config.base[99]: HOMEobsproc=/scratch1/NCEPDEV/global/glopara/git/obsproc/v1.1.2
+++ config.base[102]: export 'NCP=/bin/cp -p'
+++ config.base[102]: NCP='/bin/cp -p'
+++ config.base[103]: export NMV=/bin/mv
+++ config.base[103]: NMV=/bin/mv
+++ config.base[104]: export 'NLN=/bin/ln -sf'
+++ config.base[104]: NLN='/bin/ln -sf'
+++ config.base[105]: export VERBOSE=YES
+++ config.base[105]: VERBOSE=YES
+++ config.base[106]: export KEEPDATA=NO
+++ config.base[106]: KEEPDATA=NO
+++ config.base[107]: export DEBUG_POSTSCRIPT=NO
+++ config.base[107]: DEBUG_POSTSCRIPT=NO
+++ config.base[108]: export CHGRP_RSTPROD=YES
+++ config.base[108]: CHGRP_RSTPROD=YES
+++ config.base[109]: export 'CHGRP_CMD=chgrp rstprod'
+++ config.base[109]: CHGRP_CMD='chgrp rstprod'
+++ config.base[110]: export NCDUMP=/scratch1/NCEPDEV/nems/role.epic/spack-stack/spack-stack-1.6.0/envs/gsi-addon-dev-rocky8/install/intel/2021.5.0/netcdf-c-4.9.2-ejp7j3k/bin/ncdump
+++ config.base[110]: NCDUMP=/scratch1/NCEPDEV/nems/role.epic/spack-stack/spack-stack-1.6.0/envs/gsi-addon-dev-rocky8/install/intel/2021.5.0/netcdf-c-4.9.2-ejp7j3k/bin/ncdump
+++ config.base[111]: export NCLEN=/scratch1/NCEPDEV/global/CI/2700/gfs/ush/getncdimlen
+++ config.base[111]: NCLEN=/scratch1/NCEPDEV/global/CI/2700/gfs/ush/getncdimlen
+++ config.base[114]: export BASE_ENV=/scratch1/NCEPDEV/global/CI/2700/gfs/env
+++ config.base[114]: BASE_ENV=/scratch1/NCEPDEV/global/CI/2700/gfs/env
+++ config.base[115]: export BASE_JOB=/scratch1/NCEPDEV/global/CI/2700/gfs/jobs/rocoto
+++ config.base[115]: BASE_JOB=/scratch1/NCEPDEV/global/CI/2700/gfs/jobs/rocoto
+++ config.base[118]: export SDATE=2021122012
+++ config.base[118]: SDATE=2021122012
+++ config.base[119]: export EDATE=2021122100
+++ config.base[119]: EDATE=2021122100
+++ config.base[120]: export EXP_WARM_START=.false.
+++ config.base[120]: EXP_WARM_START=.false.
+++ config.base[121]: export assim_freq=6
+++ config.base[121]: assim_freq=6
+++ config.base[122]: export PSLOT=C96_atmaerosnowDA_d1d88a6d
+++ config.base[122]: PSLOT=C96_atmaerosnowDA_d1d88a6d
+++ config.base[123]: export EXPDIR=/scratch1/NCEPDEV/global/CI/2700/RUNTESTS/EXPDIR/C96_atmaerosnowDA_d1d88a6d
+++ config.base[123]: EXPDIR=/scratch1/NCEPDEV/global/CI/2700/RUNTESTS/EXPDIR/C96_atmaerosnowDA_d1d88a6d
+++ config.base[124]: export ROTDIR=/scratch1/NCEPDEV/global/CI/2700/RUNTESTS/COMROOT/C96_atmaerosnowDA_d1d88a6d
+++ config.base[124]: ROTDIR=/scratch1/NCEPDEV/global/CI/2700/RUNTESTS/COMROOT/C96_atmaerosnowDA_d1d88a6d
+++ config.base[125]: export ROTDIR_DUMP=YES
+++ config.base[125]: ROTDIR_DUMP=YES
+++ config.base[126]: export DUMP_SUFFIX=
+++ config.base[126]: DUMP_SUFFIX=
+++ config.base[127]: [[ 2021122100 -ge 2019092100 ]]
+++ config.base[127]: [[ 2021122100 -le 2019110700 ]]
+++ config.base[130]: export DATAROOT=/scratch1/NCEPDEV/stmp2/Terry.McGuinness/RUNDIRS/C96_atmaerosnowDA_d1d88a6d
+++ config.base[130]: DATAROOT=/scratch1/NCEPDEV/stmp2/Terry.McGuinness/RUNDIRS/C96_atmaerosnowDA_d1d88a6d
+++ config.base[131]: export RUNDIR=/scratch1/NCEPDEV/stmp2/Terry.McGuinness/RUNDIRS/C96_atmaerosnowDA_d1d88a6d
+++ config.base[131]: RUNDIR=/scratch1/NCEPDEV/stmp2/Terry.McGuinness/RUNDIRS/C96_atmaerosnowDA_d1d88a6d
+++ config.base[132]: export ARCDIR=/scratch1/NCEPDEV/global/Terry.McGuinness/archive/C96_atmaerosnowDA_d1d88a6d
+++ config.base[132]: ARCDIR=/scratch1/NCEPDEV/global/Terry.McGuinness/archive/C96_atmaerosnowDA_d1d88a6d
+++ config.base[133]: export ATARDIR=/NCEPDEV/emc-global/1year/Terry.McGuinness/HERA/scratch/C96_atmaerosnowDA_d1d88a6d
+++ config.base[133]: ATARDIR=/NCEPDEV/emc-global/1year/Terry.McGuinness/HERA/scratch/C96_atmaerosnowDA_d1d88a6d
+++ config.base[136]: export envir=prod
+++ config.base[136]: envir=prod
+++ config.base[137]: export NET=gfs
+++ config.base[137]: NET=gfs
+++ config.base[138]: export RUN=gfs
+++ config.base[138]: RUN=gfs
+++ config.base[144]: source /scratch1/NCEPDEV/global/CI/2700/RUNTESTS/EXPDIR/C96_atmaerosnowDA_d1d88a6d/config.com
++++ config.com[4]: echo 'BEGIN: config.com'
BEGIN: config.com
++++ config.com[37]: [[ emc == \n\c\o ]]
++++ config.com[41]: COM_OBS_TMPL='${ROTDIR}/${RUN}.${YMD}/${HH}/obs'
++++ config.com[42]: COM_RTOFS_TMPL='${DMPDIR}'
++++ config.com[44]: declare -rx COM_OBS_TMPL COM_RTOFS_TMPL
++++ config.com[45]: declare -rx 'COM_OBSDMP_TMPL=${DMPDIR}/${DUMP}${DUMP_SUFFIX}.${YMD}/${HH}/atmos'
++++ config.com[47]: COM_BASE='${ROTDIR}/${RUN}.${YMD}/${HH}/${MEMDIR}'
++++ config.com[49]: declare -rx 'COM_TOP_TMPL=${ROTDIR}/${RUN}.${YMD}/${HH}'
++++ config.com[51]: declare -rx 'COM_CONF_TMPL=${ROTDIR}/${RUN}.${YMD}/${HH}/${MEMDIR}/conf'
++++ config.com[52]: declare -rx 'COM_OBS_JEDI=${ROTDIR}/${RUN}.${YMD}/${HH}/${MEMDIR}/obs_jedi'
++++ config.com[54]: declare -rx 'COM_ATMOS_INPUT_TMPL=${ROTDIR}/${RUN}.${YMD}/${HH}/${MEMDIR}/model_data/atmos/input'
++++ config.com[55]: declare -rx 'COM_ATMOS_RESTART_TMPL=${ROTDIR}/${RUN}.${YMD}/${HH}/${MEMDIR}/model_data/atmos/restart'
++++ config.com[56]: declare -rx 'COM_ATMOS_ANALYSIS_TMPL=${ROTDIR}/${RUN}.${YMD}/${HH}/${MEMDIR}/analysis/atmos'
++++ config.com[57]: declare -rx 'COM_SNOW_ANALYSIS_TMPL=${ROTDIR}/${RUN}.${YMD}/${HH}/${MEMDIR}/analysis/snow'
++++ config.com[58]: declare -rx 'COM_ATMOS_HISTORY_TMPL=${ROTDIR}/${RUN}.${YMD}/${HH}/${MEMDIR}/model_data/atmos/history'
++++ config.com[59]: declare -rx 'COM_ATMOS_MASTER_TMPL=${ROTDIR}/${RUN}.${YMD}/${HH}/${MEMDIR}/model_data/atmos/master'
++++ config.com[60]: declare -rx 'COM_ATMOS_GRIB_TMPL=${ROTDIR}/${RUN}.${YMD}/${HH}/${MEMDIR}/products/atmos/grib2'
++++ config.com[61]: declare -rx 'COM_ATMOS_GRIB_GRID_TMPL=${ROTDIR}/${RUN}.${YMD}/${HH}/${MEMDIR}/products/atmos/grib2/${GRID}'
++++ config.com[62]: declare -rx 'COM_ATMOS_BUFR_TMPL=${ROTDIR}/${RUN}.${YMD}/${HH}/${MEMDIR}/products/atmos/bufr'
++++ config.com[63]: declare -rx 'COM_ATMOS_GEMPAK_TMPL=${ROTDIR}/${RUN}.${YMD}/${HH}/${MEMDIR}/products/atmos/gempak/${GRID}'
++++ config.com[64]: declare -rx 'COM_ATMOS_GENESIS_TMPL=${ROTDIR}/${RUN}.${YMD}/${HH}/${MEMDIR}/products/atmos/cyclone/genesis_vital'
++++ config.com[65]: declare -rx 'COM_ATMOS_TRACK_TMPL=${ROTDIR}/${RUN}.${YMD}/${HH}/${MEMDIR}/products/atmos/cyclone/tracks'
++++ config.com[66]: declare -rx 'COM_ATMOS_GOES_TMPL=${ROTDIR}/${RUN}.${YMD}/${HH}/${MEMDIR}/products/atmos/goes_sim'
++++ config.com[67]: declare -rx 'COM_ATMOS_IMAGERY_TMPL=${ROTDIR}/${RUN}.${YMD}/${HH}/${MEMDIR}/products/atmos/imagery'
++++ config.com[68]: declare -rx 'COM_ATMOS_OZNMON_TMPL=${ROTDIR}/${RUN}.${YMD}/${HH}/${MEMDIR}/products/atmos/oznmon'
++++ config.com[69]: declare -rx 'COM_ATMOS_RADMON_TMPL=${ROTDIR}/${RUN}.${YMD}/${HH}/${MEMDIR}/products/atmos/radmon'
++++ config.com[70]: declare -rx 'COM_ATMOS_MINMON_TMPL=${ROTDIR}/${RUN}.${YMD}/${HH}/${MEMDIR}/products/atmos/minmon'
++++ config.com[71]: declare -rx 'COM_ATMOS_WMO_TMPL=${ROTDIR}/${RUN}.${YMD}/${HH}/${MEMDIR}/products/atmos/wmo'
++++ config.com[73]: declare -rx 'COM_WAVE_RESTART_TMPL=${ROTDIR}/${RUN}.${YMD}/${HH}/${MEMDIR}/model_data/wave/restart'
++++ config.com[74]: declare -rx 'COM_WAVE_PREP_TMPL=${ROTDIR}/${RUN}.${YMD}/${HH}/${MEMDIR}/model_data/wave/prep'
++++ config.com[75]: declare -rx 'COM_WAVE_HISTORY_TMPL=${ROTDIR}/${RUN}.${YMD}/${HH}/${MEMDIR}/model_data/wave/history'
++++ config.com[76]: declare -rx 'COM_WAVE_GRID_TMPL=${ROTDIR}/${RUN}.${YMD}/${HH}/${MEMDIR}/products/wave/gridded'
++++ config.com[77]: declare -rx 'COM_WAVE_STATION_TMPL=${ROTDIR}/${RUN}.${YMD}/${HH}/${MEMDIR}/products/wave/station'
++++ config.com[78]: declare -rx 'COM_WAVE_GEMPAK_TMPL=${ROTDIR}/${RUN}.${YMD}/${HH}/${MEMDIR}/products/wave/gempak'
++++ config.com[79]: declare -rx 'COM_WAVE_WMO_TMPL=${ROTDIR}/${RUN}.${YMD}/${HH}/${MEMDIR}/products/wave/wmo'
++++ config.com[81]: declare -rx 'COM_OCEAN_HISTORY_TMPL=${ROTDIR}/${RUN}.${YMD}/${HH}/${MEMDIR}/model_data/ocean/history'
++++ config.com[82]: declare -rx 'COM_OCEAN_RESTART_TMPL=${ROTDIR}/${RUN}.${YMD}/${HH}/${MEMDIR}/model_data/ocean/restart'
++++ config.com[83]: declare -rx 'COM_OCEAN_INPUT_TMPL=${ROTDIR}/${RUN}.${YMD}/${HH}/${MEMDIR}/model_data/ocean/input'
++++ config.com[84]: declare -rx 'COM_OCEAN_ANALYSIS_TMPL=${ROTDIR}/${RUN}.${YMD}/${HH}/${MEMDIR}/analysis/ocean'
++++ config.com[85]: declare -rx 'COM_OCEAN_NETCDF_TMPL=${ROTDIR}/${RUN}.${YMD}/${HH}/${MEMDIR}/products/ocean/netcdf'
++++ config.com[86]: declare -rx 'COM_OCEAN_GRIB_TMPL=${ROTDIR}/${RUN}.${YMD}/${HH}/${MEMDIR}/products/ocean/grib2'
++++ config.com[87]: declare -rx 'COM_OCEAN_GRIB_GRID_TMPL=${ROTDIR}/${RUN}.${YMD}/${HH}/${MEMDIR}/products/ocean/grib2/${GRID}'
++++ config.com[89]: declare -rx 'COM_ICE_ANALYSIS_TMPL=${ROTDIR}/${RUN}.${YMD}/${HH}/${MEMDIR}/analysis/ice'
++++ config.com[90]: declare -rx 'COM_ICE_INPUT_TMPL=${ROTDIR}/${RUN}.${YMD}/${HH}/${MEMDIR}/model_data/ice/input'
++++ config.com[91]: declare -rx 'COM_ICE_HISTORY_TMPL=${ROTDIR}/${RUN}.${YMD}/${HH}/${MEMDIR}/model_data/ice/history'
++++ config.com[92]: declare -rx 'COM_ICE_RESTART_TMPL=${ROTDIR}/${RUN}.${YMD}/${HH}/${MEMDIR}/model_data/ice/restart'
++++ config.com[93]: declare -rx 'COM_ICE_NETCDF_TMPL=${ROTDIR}/${RUN}.${YMD}/${HH}/${MEMDIR}/products/ice/netcdf'
++++ config.com[94]: declare -rx 'COM_ICE_GRIB_TMPL=${ROTDIR}/${RUN}.${YMD}/${HH}/${MEMDIR}/products/ice/grib2'
++++ config.com[95]: declare -rx 'COM_ICE_GRIB_GRID_TMPL=${ROTDIR}/${RUN}.${YMD}/${HH}/${MEMDIR}/products/ice/grib2/${GRID}'
++++ config.com[97]: declare -rx 'COM_CHEM_HISTORY_TMPL=${ROTDIR}/${RUN}.${YMD}/${HH}/${MEMDIR}/model_data/chem/history'
++++ config.com[98]: declare -rx 'COM_CHEM_ANALYSIS_TMPL=${ROTDIR}/${RUN}.${YMD}/${HH}/${MEMDIR}/analysis/chem'
++++ config.com[100]: declare -rx 'COM_MED_RESTART_TMPL=${ROTDIR}/${RUN}.${YMD}/${HH}/${MEMDIR}/model_data/med/restart'
+++ config.base[147]: export 'ERRSCRIPT=eval [[ $err = 0 ]]'
+++ config.base[147]: ERRSCRIPT='eval [[ $err = 0 ]]'
+++ config.base[148]: export LOGSCRIPT=
+++ config.base[148]: LOGSCRIPT=
+++ config.base[151]: export 'REDOUT=1>'
+++ config.base[151]: REDOUT='1>'
+++ config.base[152]: export 'REDERR=2>'
+++ config.base[152]: REDERR='2>'
+++ config.base[154]: export SENDECF=NO
+++ config.base[154]: SENDECF=NO
+++ config.base[155]: export SENDSDM=NO
+++ config.base[155]: SENDSDM=NO
+++ config.base[156]: export SENDDBN_NTC=NO
+++ config.base[156]: SENDDBN_NTC=NO
+++ config.base[157]: export SENDDBN=NO
+++ config.base[157]: SENDDBN=NO
+++ config.base[158]: export DBNROOT=/scratch1/NCEPDEV/nems/role.epic/spack-stack/spack-stack-1.6.0/envs/gsi-addon-dev-rocky8/install/intel/2021.5.0/prod-util-2.1.1-4vpcrpl/fakedbn
+++ config.base[158]: DBNROOT=/scratch1/NCEPDEV/nems/role.epic/spack-stack/spack-stack-1.6.0/envs/gsi-addon-dev-rocky8/install/intel/2021.5.0/prod-util-2.1.1-4vpcrpl/fakedbn
+++ config.base[161]: export APP=ATMA
+++ config.base[161]: APP=ATMA
+++ config.base[163]: shopt -s extglob
+++ config.base[165]: case "${RUN}" in
+++ config.base[172]: shopt -u extglob
+++ config.base[175]: export DO_ATM=YES
+++ config.base[175]: DO_ATM=YES
+++ config.base[176]: export DO_COUPLED=NO
+++ config.base[176]: DO_COUPLED=NO
+++ config.base[177]: export DO_WAVE=NO
+++ config.base[177]: DO_WAVE=NO
+++ config.base[178]: export DO_OCN=NO
+++ config.base[178]: DO_OCN=NO
+++ config.base[179]: export DO_ICE=NO
+++ config.base[179]: DO_ICE=NO
+++ config.base[180]: export DO_AERO=NO
+++ config.base[180]: DO_AERO=NO
+++ config.base[181]: export DO_PREP_OBS_AERO=NO
+++ config.base[181]: DO_PREP_OBS_AERO=NO
+++ config.base[182]: export AERO_FCST_CDUMP=
+++ config.base[182]: AERO_FCST_CDUMP=
+++ config.base[183]: export AERO_ANL_CDUMP=
+++ config.base[183]: AERO_ANL_CDUMP=
+++ config.base[184]: export WAVE_CDUMP=
+++ config.base[184]: WAVE_CDUMP=
+++ config.base[185]: export DOBNDPNT_WAVE=NO
+++ config.base[185]: DOBNDPNT_WAVE=NO
+++ config.base[186]: export DOIBP_WAV=NO
+++ config.base[186]: DOIBP_WAV=NO
+++ config.base[187]: export FRAC_GRID=.true.
+++ config.base[187]: FRAC_GRID=.true.
+++ config.base[188]: export DO_NEST=NO
+++ config.base[188]: DO_NEST=NO
+++ config.base[189]: [[ NO == \Y\E\S ]]
+++ config.base[195]: export ntiles=6
+++ config.base[195]: ntiles=6
+++ config.base[196]: export FIXugwd=/scratch1/NCEPDEV/global/CI/2700/gfs/fix/ugwd
+++ config.base[196]: FIXugwd=/scratch1/NCEPDEV/global/CI/2700/gfs/fix/ugwd
+++ config.base[197]: export FIXorog=/scratch1/NCEPDEV/global/CI/2700/gfs/fix/orog
+++ config.base[197]: FIXorog=/scratch1/NCEPDEV/global/CI/2700/gfs/fix/orog
+++ config.base[201]: export OPS_RES=C768
+++ config.base[201]: OPS_RES=C768
+++ config.base[204]: export LEVS=128
+++ config.base[204]: LEVS=128
+++ config.base[205]: export CASE=C96
+++ config.base[205]: CASE=C96
+++ config.base[206]: export CASE_ENS=@CASEENS@
+++ config.base[206]: CASE_ENS=@CASEENS@
+++ config.base[207]: export OCNRES=500
+++ config.base[207]: OCNRES=500
+++ config.base[208]: export ICERES=500
+++ config.base[208]: ICERES=500
+++ config.base[211]: case "${CASE}" in
+++ config.base[216]: export waveGRD=uglo_100km
+++ config.base[216]: waveGRD=uglo_100km
+++ config.base[230]: case "${APP}" in
+++ config.base[234]: export DO_AERO=YES
+++ config.base[234]: DO_AERO=YES
+++ config.base[235]: export AERO_ANL_CDUMP=both
+++ config.base[235]: AERO_ANL_CDUMP=both
+++ config.base[236]: export AERO_FCST_CDUMP=gdas
+++ config.base[236]: AERO_FCST_CDUMP=gdas
+++ config.base[271]: [[ gfs =~ gdas ]]
+++ config.base[274]: [[ gfs =~ gfs ]]
+++ config.base[275]: export FHCYC=24
+++ config.base[275]: FHCYC=24
+++ config.base[279]: export FHMIN=0
+++ config.base[279]: FHMIN=0
+++ config.base[280]: export FHMAX=9
+++ config.base[280]: FHMAX=9
+++ config.base[281]: export FHOUT=3
+++ config.base[281]: FHOUT=3
+++ config.base[282]: export FHOUT_OCN=3
+++ config.base[282]: FHOUT_OCN=3
+++ config.base[283]: export FHOUT_ICE=3
+++ config.base[283]: FHOUT_ICE=3
+++ config.base[286]: export EUPD_CYC=gdas
+++ config.base[286]: EUPD_CYC=gdas
+++ config.base[289]: export gfs_cyc=1
+++ config.base[289]: gfs_cyc=1
+++ config.base[292]: export FHMIN_GFS=0
+++ config.base[292]: FHMIN_GFS=0
+++ config.base[293]: export FHMAX_GFS=120
+++ config.base[293]: FHMAX_GFS=120
+++ config.base[294]: export FHOUT_GFS=3
+++ config.base[294]: FHOUT_GFS=3
+++ config.base[295]: export FHMAX_HF_GFS=0
+++ config.base[295]: FHMAX_HF_GFS=0
+++ config.base[296]: export FHOUT_HF_GFS=1
+++ config.base[296]: FHOUT_HF_GFS=1
+++ config.base[297]: export FHOUT_OCN_GFS=6
+++ config.base[297]: FHOUT_OCN_GFS=6
+++ config.base[298]: export FHOUT_ICE_GFS=6
+++ config.base[298]: FHOUT_ICE_GFS=6
+++ config.base[299]: export FHMIN_WAV=0
+++ config.base[299]: FHMIN_WAV=0
+++ config.base[300]: export FHOUT_WAV=3
+++ config.base[300]: FHOUT_WAV=3
+++ config.base[301]: export FHMAX_HF_WAV=120
+++ config.base[301]: FHMAX_HF_WAV=120
+++ config.base[302]: export FHOUT_HF_WAV=1
+++ config.base[302]: FHOUT_HF_WAV=1
+++ config.base[303]: export FHMAX_WAV=9
+++ config.base[303]: FHMAX_WAV=9
+++ config.base[304]: export FHMAX_WAV_GFS=120
+++ config.base[304]: FHMAX_WAV_GFS=120
+++ config.base[305]: ((  gfs_cyc != 0  ))
+++ config.base[306]: export STEP_GFS=24
+++ config.base[306]: STEP_GFS=24
+++ config.base[311]: export ILPOST=1
+++ config.base[311]: ILPOST=1
+++ config.base[312]: ((  FHMAX_HF_GFS < 120  ))
+++ config.base[313]: export ILPOST=3
+++ config.base[313]: ILPOST=3
+++ config.base[317]: export restart_interval_gfs=12
+++ config.base[317]: restart_interval_gfs=12
+++ config.base[322]: export QUILTING=.true.
+++ config.base[322]: QUILTING=.true.
+++ config.base[323]: export OUTPUT_GRID=gaussian_grid
+++ config.base[323]: OUTPUT_GRID=gaussian_grid
+++ config.base[324]: export WRITE_DOPOST=.true.
+++ config.base[324]: WRITE_DOPOST=.true.
+++ config.base[325]: export WRITE_NSFLIP=.true.
+++ config.base[325]: WRITE_NSFLIP=.true.
+++ config.base[328]: export DOIAU=YES
+++ config.base[328]: DOIAU=YES
+++ config.base[329]: export IAUFHRS=3,6,9
+++ config.base[329]: IAUFHRS=3,6,9
+++ config.base[330]: export IAU_FHROT=3
+++ config.base[330]: IAU_FHROT=3
+++ config.base[331]: export IAU_DELTHRS=6
+++ config.base[331]: IAU_DELTHRS=6
+++ config.base[332]: export IAU_OFFSET=6
+++ config.base[332]: IAU_OFFSET=6
+++ config.base[333]: export DOIAU_ENKF=YES
+++ config.base[333]: DOIAU_ENKF=YES
+++ config.base[334]: export IAUFHRS_ENKF=3,6,9
+++ config.base[334]: IAUFHRS_ENKF=3,6,9
+++ config.base[335]: export IAU_DELTHRS_ENKF=6
+++ config.base[335]: IAU_DELTHRS_ENKF=6
+++ config.base[338]: export lobsdiag_forenkf=.true.
+++ config.base[338]: lobsdiag_forenkf=.true.
+++ config.base[346]: export imp_physics=8
+++ config.base[346]: imp_physics=8
+++ config.base[350]: export DO_JEDIATMVAR=NO
+++ config.base[350]: DO_JEDIATMVAR=NO
+++ config.base[351]: export DO_JEDIATMENS=NO
+++ config.base[351]: DO_JEDIATMENS=NO
+++ config.base[352]: export DO_JEDIOCNVAR=NO
+++ config.base[352]: DO_JEDIOCNVAR=NO
+++ config.base[353]: export DO_JEDISNOWDA=YES
+++ config.base[353]: DO_JEDISNOWDA=YES
+++ config.base[354]: export DO_MERGENSST=NO
+++ config.base[354]: DO_MERGENSST=NO
+++ config.base[357]: export DOHYBVAR=NO
+++ config.base[357]: DOHYBVAR=NO
+++ config.base[358]: export NMEM_ENS=0
+++ config.base[358]: NMEM_ENS=0
+++ config.base[359]: export SMOOTH_ENKF=NO
+++ config.base[359]: SMOOTH_ENKF=NO
+++ config.base[360]: export l4densvar=.true.
+++ config.base[360]: l4densvar=.true.
+++ config.base[361]: export lwrite4danl=.true.
+++ config.base[361]: lwrite4danl=.true.
+++ config.base[362]: export DO_CALC_INCREMENT=NO
+++ config.base[362]: DO_CALC_INCREMENT=NO
+++ config.base[365]: export NMEM_ENS_GFS=30
+++ config.base[365]: NMEM_ENS_GFS=30
+++ config.base[366]: export NMEM_ENS_GFS_OFFSET=20
+++ config.base[366]: NMEM_ENS_GFS_OFFSET=20
+++ config.base[367]: export DO_CALC_INCREMENT_ENKF_GFS=NO
+++ config.base[367]: DO_CALC_INCREMENT_ENKF_GFS=NO
+++ config.base[370]: [[ NO = \Y\E\S ]]
+++ config.base[384]: [[ NO == \N\O ]]
+++ config.base[384]: [[ YES == \Y\E\S ]]
+++ config.base[385]: export IAUFHRS=6
+++ config.base[385]: IAUFHRS=6
+++ config.base[386]: export IAU_FHROT=3
+++ config.base[386]: IAU_FHROT=3
+++ config.base[387]: export IAU_FILTER_INCREMENTS=.true.
+++ config.base[387]: IAU_FILTER_INCREMENTS=.true.
+++ config.base[388]: export IAUFHRS_ENKF=6
+++ config.base[388]: IAUFHRS_ENKF=6
+++ config.base[392]: export ENKF_SPREAD=YES
+++ config.base[392]: ENKF_SPREAD=YES
+++ config.base[395]: [[ cycled = \c\y\c\l\e\d ]]
+++ config.base[395]: [[ 2021122012 = \2\0\2\1\1\2\2\1\0\0 ]]
+++ config.base[395]: [[ YES = \N\O ]]
+++ config.base[395]: [[ cycled = \f\o\r\e\c\a\s\t\-\o\n\l\y ]]
+++ config.base[401]: [[ YES = \N\O ]]
+++ config.base[405]: [[ YES == \Y\E\S ]]
+++ config.base[406]: export restart_interval_enkfgdas=3
+++ config.base[406]: restart_interval_enkfgdas=3
+++ config.base[411]: export restart_interval_enkfgfs=3
+++ config.base[411]: restart_interval_enkfgfs=3
+++ config.base[413]: [[ YES == \Y\E\S ]]
+++ config.base[414]: export restart_interval_gdas=3
+++ config.base[414]: restart_interval_gdas=3
+++ config.base[419]: export GSI_SOILANAL=NO
+++ config.base[419]: GSI_SOILANAL=NO
+++ config.base[422]: export DONST=YES
+++ config.base[422]: DONST=YES
+++ config.base[423]: [[ YES = \Y\E\S ]]
+++ config.base[423]: export 'FNTSFA=        '
+++ config.base[423]: FNTSFA='        '
+++ config.base[426]: export nst_anl=.true.
+++ config.base[426]: nst_anl=.true.
+++ config.base[429]: export MAKE_NSSTBUFR=NO
+++ config.base[429]: MAKE_NSSTBUFR=NO
+++ config.base[432]: export MAKE_ACFTBUFR=NO
+++ config.base[432]: MAKE_ACFTBUFR=NO
+++ config.base[435]: export 'INCREMENTS_TO_ZERO='\''liq_wat_inc'\'','\''icmr_inc'\'','\''rwmr_inc'\'','\''snmr_inc'\'','\''grle_inc'\'''
+++ config.base[435]: INCREMENTS_TO_ZERO=''\''liq_wat_inc'\'','\''icmr_inc'\'','\''rwmr_inc'\'','\''snmr_inc'\'','\''grle_inc'\'''
+++ config.base[438]: export 'INCVARS_ZERO_STRAT='\''sphum_inc'\'','\''liq_wat_inc'\'','\''icmr_inc'\'','\''rwmr_inc'\'','\''snmr_inc'\'','\''grle_inc'\'''
+++ config.base[438]: INCVARS_ZERO_STRAT=''\''sphum_inc'\'','\''liq_wat_inc'\'','\''icmr_inc'\'','\''rwmr_inc'\'','\''snmr_inc'\'','\''grle_inc'\'''
+++ config.base[439]: export INCVARS_EFOLD=5
+++ config.base[439]: INCVARS_EFOLD=5
+++ config.base[444]: export netcdf_diag=.true.
+++ config.base[444]: netcdf_diag=.true.
+++ config.base[445]: export binary_diag=.false.
+++ config.base[445]: binary_diag=.false.
+++ config.base[448]: export DO_METP=YES
+++ config.base[448]: DO_METP=YES
+++ config.base[449]: export DO_FIT2OBS=YES
+++ config.base[449]: DO_FIT2OBS=YES
+++ config.base[450]: export DO_VRFY_OCEANDA=NO
+++ config.base[450]: DO_VRFY_OCEANDA=NO
+++ config.base[453]: export FHMAX_FITS=132
+++ config.base[453]: FHMAX_FITS=132
+++ config.base[454]: [[ 132 -gt 120 ]]
+++ config.base[454]: export FHMAX_FITS=120
+++ config.base[454]: FHMAX_FITS=120
+++ config.base[457]: export HPSSARCH=YES
+++ config.base[457]: HPSSARCH=YES
+++ config.base[458]: export LOCALARCH=NO
+++ config.base[458]: LOCALARCH=NO
+++ config.base[459]: [[ YES = \Y\E\S ]]
+++ config.base[459]: [[ NO = \Y\E\S ]]
+++ config.base[463]: export ARCH_CYC=00
+++ config.base[463]: ARCH_CYC=00
+++ config.base[464]: export ARCH_WARMICFREQ=4
+++ config.base[464]: ARCH_WARMICFREQ=4
+++ config.base[465]: export ARCH_FCSTICFREQ=1
+++ config.base[465]: ARCH_FCSTICFREQ=1
+++ config.base[468]: [[ NO = \Y\E\S ]]
+++ config.base[475]: export REPLAY_ICS=NO
+++ config.base[475]: REPLAY_ICS=NO
+++ config.base[476]: export OFFSET_START_HOUR=0
+++ config.base[476]: OFFSET_START_HOUR=0
+++ config.base[479]: export NUM_SND_COLLECTIVES=9
+++ config.base[479]: NUM_SND_COLLECTIVES=9
+++ config.base[481]: echo 'END: config.base'
END: config.base
++ jjob_header.sh[99]: status=0
++ jjob_header.sh[100]: ((  status != 0  ))
++ jjob_header.sh[97]: for config in "${configs[@]:-''}"
++ jjob_header.sh[98]: source /scratch1/NCEPDEV/global/CI/2700/RUNTESTS/EXPDIR/C96_atmaerosnowDA_d1d88a6d/config.atmos_products
+++ config.atmos_products[6]: echo 'BEGIN: config.atmos_products'
BEGIN: config.atmos_products
+++ config.atmos_products[9]: . /scratch1/NCEPDEV/global/CI/2700/RUNTESTS/EXPDIR/C96_atmaerosnowDA_d1d88a6d/config.resources atmos_products
++++ config.resources[7]: ((  1 != 1  ))
++++ config.resources[31]: step=atmos_products
++++ config.resources[33]: echo 'BEGIN: config.resources'
BEGIN: config.resources
++++ config.resources[35]: case ${machine} in
++++ config.resources[37]: npe_node_max=40
++++ config.resources[72]: export npe_node_max
++++ config.resources[74]: case ${step} in
++++ config.resources[815]: export wtime_atmos_products=00:15:00
++++ config.resources[815]: wtime_atmos_products=00:15:00
++++ config.resources[816]: export npe_atmos_products=24
++++ config.resources[816]: npe_atmos_products=24
++++ config.resources[817]: export nth_atmos_products=1
++++ config.resources[817]: nth_atmos_products=1
++++ config.resources[818]: export npe_node_atmos_products=24
++++ config.resources[818]: npe_node_atmos_products=24
++++ config.resources[819]: export wtime_atmos_products_gfs=00:15:00
++++ config.resources[819]: wtime_atmos_products_gfs=00:15:00
++++ config.resources[820]: export npe_atmos_products_gfs=24
++++ config.resources[820]: npe_atmos_products_gfs=24
++++ config.resources[821]: export nth_atmos_products_gfs=1
++++ config.resources[821]: nth_atmos_products_gfs=1
++++ config.resources[822]: export npe_node_atmos_products_gfs=24
++++ config.resources[822]: npe_node_atmos_products_gfs=24
++++ config.resources[823]: export is_exclusive=True
++++ config.resources[823]: is_exclusive=True
++++ config.resources[1310]: echo 'END: config.resources'
END: config.resources
+++ config.atmos_products[12]: export NFHRS_PER_GROUP=3
+++ config.atmos_products[12]: NFHRS_PER_GROUP=3
+++ config.atmos_products[15]: export INTERP_ATMOS_MASTERSH=/scratch1/NCEPDEV/global/CI/2700/gfs/ush/interp_atmos_master.sh
+++ config.atmos_products[15]: INTERP_ATMOS_MASTERSH=/scratch1/NCEPDEV/global/CI/2700/gfs/ush/interp_atmos_master.sh
+++ config.atmos_products[16]: export INTERP_ATMOS_SFLUXSH=/scratch1/NCEPDEV/global/CI/2700/gfs/ush/interp_atmos_sflux.sh
+++ config.atmos_products[16]: INTERP_ATMOS_SFLUXSH=/scratch1/NCEPDEV/global/CI/2700/gfs/ush/interp_atmos_sflux.sh
+++ config.atmos_products[18]: [[ gfs == \g\d\a\s ]]
+++ config.atmos_products[24]: [[ gfs == \g\f\s ]]
+++ config.atmos_products[25]: export downset=2
+++ config.atmos_products[25]: downset=2
+++ config.atmos_products[26]: export FHOUT_PGBS=3
+++ config.atmos_products[26]: FHOUT_PGBS=3
+++ config.atmos_products[27]: export FLXGF=YES
+++ config.atmos_products[27]: FLXGF=YES
+++ config.atmos_products[28]: export WGNE=YES
+++ config.atmos_products[28]: WGNE=YES
+++ config.atmos_products[29]: export FHMAX_WGNE=180
+++ config.atmos_products[29]: FHMAX_WGNE=180
+++ config.atmos_products[32]: export APCP_MSG=597
+++ config.atmos_products[32]: APCP_MSG=597
+++ config.atmos_products[35]: export paramlista=/scratch1/NCEPDEV/global/CI/2700/gfs/parm/product/gfs.fFFF.paramlist.a.txt
+++ config.atmos_products[35]: paramlista=/scratch1/NCEPDEV/global/CI/2700/gfs/parm/product/gfs.fFFF.paramlist.a.txt
+++ config.atmos_products[36]: export paramlista_anl=/scratch1/NCEPDEV/global/CI/2700/gfs/parm/product/gfs.anl.paramlist.a.txt
+++ config.atmos_products[36]: paramlista_anl=/scratch1/NCEPDEV/global/CI/2700/gfs/parm/product/gfs.anl.paramlist.a.txt
+++ config.atmos_products[37]: export paramlista_f000=/scratch1/NCEPDEV/global/CI/2700/gfs/parm/product/gfs.f000.paramlist.a.txt
+++ config.atmos_products[37]: paramlista_f000=/scratch1/NCEPDEV/global/CI/2700/gfs/parm/product/gfs.f000.paramlist.a.txt
+++ config.atmos_products[38]: export paramlistb=/scratch1/NCEPDEV/global/CI/2700/gfs/parm/product/gfs.fFFF.paramlist.b.txt
+++ config.atmos_products[38]: paramlistb=/scratch1/NCEPDEV/global/CI/2700/gfs/parm/product/gfs.fFFF.paramlist.b.txt
+++ config.atmos_products[40]: echo 'END: config.atmos_products'
END: config.atmos_products
++ jjob_header.sh[99]: status=0
++ jjob_header.sh[100]: ((  status != 0  ))
++ jjob_header.sh[110]: source /scratch1/NCEPDEV/global/CI/2700/gfs/env/HERA.env atmos_products
+++ HERA.env[3]: [[ 1 -ne 1 ]]
+++ HERA.env[15]: step=atmos_products
+++ HERA.env[17]: export 'launcher=srun -l --export=ALL'
+++ HERA.env[17]: launcher='srun -l --export=ALL'
+++ HERA.env[18]: export 'mpmd_opt=--multi-prog --output=mpmd.%j.%t.out'
+++ HERA.env[18]: mpmd_opt='--multi-prog --output=mpmd.%j.%t.out'
+++ HERA.env[29]: export OMP_STACKSIZE=2048000
+++ HERA.env[29]: OMP_STACKSIZE=2048000
+++ HERA.env[30]: export NTHSTACK=1024000000
+++ HERA.env[30]: NTHSTACK=1024000000
+++ HERA.env[34]: [[ -n 62373238 ]]
+++ HERA.env[35]: ulimit -s unlimited
+++ HERA.env[36]: ulimit -a
core file size          (blocks, -c) unlimited
data seg size           (kbytes, -d) unlimited
scheduling priority             (-e) 0
file size               (blocks, -f) unlimited
pending signals                 (-i) 379964
max locked memory       (kbytes, -l) unlimited
max memory size         (kbytes, -m) 94208000
open files                      (-n) 131072
pipe size            (512 bytes, -p) 8
POSIX message queues     (bytes, -q) 819200
real-time priority              (-r) 0
stack size              (kbytes, -s) unlimited
cpu time               (seconds, -t) unlimited
max user processes              (-u) 379964
virtual memory          (kbytes, -v) unlimited
file locks                      (-x) unlimited
+++ HERA.env[39]: [[ atmos_products = \p\r\e\p ]]
+++ HERA.env[39]: [[ atmos_products = \p\r\e\p\b\u\f\r ]]
+++ HERA.env[48]: [[ atmos_products = \p\r\e\p\s\n\o\w\o\b\s ]]
+++ HERA.env[52]: [[ atmos_products = \p\r\e\p\_\e\m\i\s\s\i\o\n\s ]]
+++ HERA.env[56]: [[ atmos_products = \w\a\v\e\i\n\i\t ]]
+++ HERA.env[56]: [[ atmos_products = \w\a\v\e\p\r\e\p ]]
+++ HERA.env[56]: [[ atmos_products = \w\a\v\e\p\o\s\t\s\b\s ]]
+++ HERA.env[56]: [[ atmos_products = \w\a\v\e\p\o\s\t\b\n\d\p\n\t ]]
+++ HERA.env[56]: [[ atmos_products = \w\a\v\e\p\o\s\t\b\n\d\p\n\t\b\l\l ]]
+++ HERA.env[56]: [[ atmos_products = \w\a\v\e\p\o\s\t\p\n\t ]]
+++ HERA.env[63]: [[ atmos_products = \a\t\m\a\n\l\v\a\r ]]
+++ HERA.env[71]: [[ atmos_products = \a\t\m\e\n\s\a\n\l\l\e\t\k\f ]]
+++ HERA.env[79]: [[ atmos_products = \a\t\m\e\n\s\a\n\l\f\v\3\i\n\c ]]
+++ HERA.env[87]: [[ atmos_products = \a\e\r\o\a\n\l\r\u\n ]]
+++ HERA.env[97]: [[ atmos_products = \a\t\m\a\n\l\f\v\3\i\n\c ]]
+++ HERA.env[105]: [[ atmos_products = \p\r\e\p\o\b\s\a\e\r\o ]]
+++ HERA.env[112]: [[ atmos_products = \s\n\o\w\a\n\l ]]
+++ HERA.env[122]: [[ atmos_products = \o\c\n\a\n\a\l\b\m\a\t ]]
+++ HERA.env[128]: [[ atmos_products = \o\c\n\a\n\a\l\r\u\n ]]
+++ HERA.env[134]: [[ atmos_products = \o\c\n\a\n\a\l\c\h\k\p\t ]]
+++ HERA.env[140]: [[ atmos_products = \o\c\n\a\n\a\l\e\c\e\n ]]
+++ HERA.env[148]: [[ atmos_products = \o\c\n\a\n\a\l\l\e\t\k\f ]]
+++ HERA.env[156]: [[ atmos_products = \a\n\a\l ]]
+++ HERA.env[156]: [[ atmos_products = \a\n\a\l\c\a\l\c ]]
+++ HERA.env[184]: [[ atmos_products = \s\f\c\a\n\l ]]
+++ HERA.env[193]: [[ atmos_products = \e\o\b\s ]]
+++ HERA.env[208]: [[ atmos_products = \e\u\p\d ]]
+++ HERA.env[220]: [[ atmos_products = \f\c\s\t ]]
+++ HERA.env[220]: [[ atmos_products = \e\f\c\s ]]
+++ HERA.env[236]: [[ atmos_products = \u\p\p ]]
+++ HERA.env[244]: [[ atmos_products = \a\t\m\o\s\_\p\r\o\d\u\c\t\s ]]
+++ HERA.env[246]: export USE_CFP=YES
+++ HERA.env[246]: USE_CFP=YES
++ jjob_header.sh[111]: status=0
++ jjob_header.sh[112]: ((  status != 0  ))
+ JGLOBAL_ATMOS_PRODUCTS[12]: YMD=20211221
+ JGLOBAL_ATMOS_PRODUCTS[12]: HH=00
+ JGLOBAL_ATMOS_PRODUCTS[12]: declare_from_tmpl -rx COM_ATMOS_ANALYSIS COM_ATMOS_HISTORY COM_ATMOS_MASTER
+ bash_utils.sh[35]: [[ NO == \N\O ]]
+ bash_utils.sh[35]: set +x
declare_from_tmpl :: COM_ATMOS_ANALYSIS=/scratch1/NCEPDEV/global/CI/2700/RUNTESTS/COMROOT/C96_atmaerosnowDA_d1d88a6d/gfs.20211221/00//analysis/atmos
declare_from_tmpl :: COM_ATMOS_HISTORY=/scratch1/NCEPDEV/global/CI/2700/RUNTESTS/COMROOT/C96_atmaerosnowDA_d1d88a6d/gfs.20211221/00//model_data/atmos/history
declare_from_tmpl :: COM_ATMOS_MASTER=/scratch1/NCEPDEV/global/CI/2700/RUNTESTS/COMROOT/C96_atmaerosnowDA_d1d88a6d/gfs.20211221/00//model_data/atmos/master
+ JGLOBAL_ATMOS_PRODUCTS[14]: for grid in '0p25' '0p50' '1p00'
+ JGLOBAL_ATMOS_PRODUCTS[15]: prod_dir=COM_ATMOS_GRIB_0p25
+ JGLOBAL_ATMOS_PRODUCTS[16]: GRID=0p25
+ JGLOBAL_ATMOS_PRODUCTS[16]: YMD=20211221
+ JGLOBAL_ATMOS_PRODUCTS[16]: HH=00
+ JGLOBAL_ATMOS_PRODUCTS[16]: declare_from_tmpl -rx COM_ATMOS_GRIB_0p25:COM_ATMOS_GRIB_GRID_TMPL
+ bash_utils.sh[35]: [[ NO == \N\O ]]
+ bash_utils.sh[35]: set +x
declare_from_tmpl :: COM_ATMOS_GRIB_0p25=/scratch1/NCEPDEV/global/CI/2700/RUNTESTS/COMROOT/C96_atmaerosnowDA_d1d88a6d/gfs.20211221/00//products/atmos/grib2/0p25
+ JGLOBAL_ATMOS_PRODUCTS[17]: [[ ! -d /scratch1/NCEPDEV/global/CI/2700/RUNTESTS/COMROOT/C96_atmaerosnowDA_d1d88a6d/gfs.20211221/00//products/atmos/grib2/0p25 ]]
+ JGLOBAL_ATMOS_PRODUCTS[14]: for grid in '0p25' '0p50' '1p00'
+ JGLOBAL_ATMOS_PRODUCTS[15]: prod_dir=COM_ATMOS_GRIB_0p50
+ JGLOBAL_ATMOS_PRODUCTS[16]: GRID=0p50
+ JGLOBAL_ATMOS_PRODUCTS[16]: YMD=20211221
+ JGLOBAL_ATMOS_PRODUCTS[16]: HH=00
+ JGLOBAL_ATMOS_PRODUCTS[16]: declare_from_tmpl -rx COM_ATMOS_GRIB_0p50:COM_ATMOS_GRIB_GRID_TMPL
+ bash_utils.sh[35]: [[ NO == \N\O ]]
+ bash_utils.sh[35]: set +x
declare_from_tmpl :: COM_ATMOS_GRIB_0p50=/scratch1/NCEPDEV/global/CI/2700/RUNTESTS/COMROOT/C96_atmaerosnowDA_d1d88a6d/gfs.20211221/00//products/atmos/grib2/0p50
+ JGLOBAL_ATMOS_PRODUCTS[17]: [[ ! -d /scratch1/NCEPDEV/global/CI/2700/RUNTESTS/COMROOT/C96_atmaerosnowDA_d1d88a6d/gfs.20211221/00//products/atmos/grib2/0p50 ]]
+ JGLOBAL_ATMOS_PRODUCTS[14]: for grid in '0p25' '0p50' '1p00'
+ JGLOBAL_ATMOS_PRODUCTS[15]: prod_dir=COM_ATMOS_GRIB_1p00
+ JGLOBAL_ATMOS_PRODUCTS[16]: GRID=1p00
+ JGLOBAL_ATMOS_PRODUCTS[16]: YMD=20211221
+ JGLOBAL_ATMOS_PRODUCTS[16]: HH=00
+ JGLOBAL_ATMOS_PRODUCTS[16]: declare_from_tmpl -rx COM_ATMOS_GRIB_1p00:COM_ATMOS_GRIB_GRID_TMPL
+ bash_utils.sh[35]: [[ NO == \N\O ]]
+ bash_utils.sh[35]: set +x
declare_from_tmpl :: COM_ATMOS_GRIB_1p00=/scratch1/NCEPDEV/global/CI/2700/RUNTESTS/COMROOT/C96_atmaerosnowDA_d1d88a6d/gfs.20211221/00//products/atmos/grib2/1p00
+ JGLOBAL_ATMOS_PRODUCTS[17]: [[ ! -d /scratch1/NCEPDEV/global/CI/2700/RUNTESTS/COMROOT/C96_atmaerosnowDA_d1d88a6d/gfs.20211221/00//products/atmos/grib2/1p00 ]]
+ JGLOBAL_ATMOS_PRODUCTS[21]: export PREFIX=gfs.t00z.
+ JGLOBAL_ATMOS_PRODUCTS[21]: PREFIX=gfs.t00z.
+ JGLOBAL_ATMOS_PRODUCTS[25]: /scratch1/NCEPDEV/global/CI/2700/gfs/scripts/exglobal_atmos_products.sh
Begin exglobal_atmos_products.sh at Mon Jun 24 19:52:55 UTC 2024
+ exglobal_atmos_products.sh[6]: export WGRIB2=wgrib2
+ exglobal_atmos_products.sh[6]: WGRIB2=wgrib2
+ exglobal_atmos_products.sh[9]: INTERP_ATMOS_MASTERSH=/scratch1/NCEPDEV/global/CI/2700/gfs/ush/interp_atmos_master.sh
+ exglobal_atmos_products.sh[10]: INTERP_ATMOS_SFLUXSH=/scratch1/NCEPDEV/global/CI/2700/gfs/ush/interp_atmos_sflux.sh
+ exglobal_atmos_products.sh[13]: downset=2
+ exglobal_atmos_products.sh[14]: npe_atmos_products=24
+ exglobal_atmos_products.sh[17]: WGNE=YES
+ exglobal_atmos_products.sh[18]: FHMAX_WGNE=180
+ exglobal_atmos_products.sh[20]: cd /scratch1/NCEPDEV/stmp2/Terry.McGuinness/RUNDIRS/C96_atmaerosnowDA_d1d88a6d/atmos_products.2602621
+ exglobal_atmos_products.sh[24]: ((  FORECAST_HOUR <= 0  ))
++ exglobal_atmos_products.sh[35]: printf f%03d 60
+ exglobal_atmos_products.sh[35]: fhr3=f060
+ exglobal_atmos_products.sh[36]: ((  FORECAST_HOUR%FHOUT_PGBS == 0  ))
+ exglobal_atmos_products.sh[37]: PGBS=YES
+ exglobal_atmos_products.sh[45]: MASTER_FILE=/scratch1/NCEPDEV/global/CI/2700/RUNTESTS/COMROOT/C96_atmaerosnowDA_d1d88a6d/gfs.20211221/00//model_data/atmos/master/gfs.t00z.master.grb2f060
+ exglobal_atmos_products.sh[50]: grep -F -f /scratch1/NCEPDEV/global/CI/2700/gfs/parm/product/gfs.fFFF.paramlist.a.txt
+ exglobal_atmos_products.sh[50]: wgrib2 -i -grib tmpfile_f060 /scratch1/NCEPDEV/global/CI/2700/RUNTESTS/COMROOT/C96_atmaerosnowDA_d1d88a6d/gfs.20211221/00//model_data/atmos/master/gfs.t00z.master.grb2f060
+ exglobal_atmos_products.sh[50]: wgrib2 /scratch1/NCEPDEV/global/CI/2700/RUNTESTS/COMROOT/C96_atmaerosnowDA_d1d88a6d/gfs.20211221/00//model_data/atmos/master/gfs.t00z.master.grb2f060
1:0:d=2021122100:PRMSL:mean sea level:60 hour fcst:
2:91050:d=2021122100:CLMR:1 hybrid level:60 hour fcst:
3:107154:d=2021122100:ICMR:1 hybrid level:60 hour fcst:
4:128354:d=2021122100:RWMR:1 hybrid level:60 hour fcst:
5:158912:d=2021122100:SNMR:1 hybrid level:60 hour fcst:
6:191734:d=2021122100:GRLE:1 hybrid level:60 hour fcst:
7:198462:d=2021122100:REFD:1 hybrid level:60 hour fcst:
8:287646:d=2021122100:REFD:2 hybrid level:60 hour fcst:
9:376860:d=2021122100:REFC:entire atmosphere (considered as a single layer):60 hour fcst:
10:474636:d=2021122100:VIS:surface:60 hour fcst:
11:596765:d=2021122100:UGRD:planetary boundary layer:60 hour fcst:
12:646810:d=2021122100:VGRD:planetary boundary layer:60 hour fcst:
13:696962:d=2021122100:VRATE:planetary boundary layer:60 hour fcst:
14:748681:d=2021122100:GUST:surface:60 hour fcst:
15:800188:d=2021122100:HGT:0.01 mb:60 hour fcst:
16:872019:d=2021122100:TMP:0.01 mb:60 hour fcst:
17:913379:d=2021122100:RH:0.01 mb:60 hour fcst:
18:935570:d=2021122100:SPFH:0.01 mb:60 hour fcst:
19:1016414:d=2021122100:VVEL:0.01 mb:60 hour fcst:
20:1119165:d=2021122100:DZDT:0.01 mb:60 hour fcst:
21:1210256:d=2021122100:UGRD:0.01 mb:60 hour fcst:
22:1256079:d=2021122100:VGRD:0.01 mb:60 hour fcst:
23:1296730:d=2021122100:ABSV:0.01 mb:60 hour fcst:
24:1362523:d=2021122100:O3MR:0.01 mb:60 hour fcst:
25:1420291:d=2021122100:HGT:0.02 mb:60 hour fcst:
26:1490815:d=2021122100:TMP:0.02 mb:60 hour fcst:
27:1550651:d=2021122100:RH:0.02 mb:60 hour fcst:
28:1579806:d=2021122100:SPFH:0.02 mb:60 hour fcst:
29:1660687:d=2021122100:VVEL:0.02 mb:60 hour fcst:
30:1748217:d=2021122100:DZDT:0.02 mb:60 hour fcst:
31:1850664:d=2021122100:UGRD:0.02 mb:60 hour fcst:
32:1900226:d=2021122100:VGRD:0.02 mb:60 hour fcst:
33:1944113:d=2021122100:ABSV:0.02 mb:60 hour fcst:
34:2016415:d=2021122100:O3MR:0.02 mb:60 hour fcst:
35:2083396:d=2021122100:HGT:0.04 mb:60 hour fcst:
36:2149247:d=2021122100:TMP:0.04 mb:60 hour fcst:
37:2214560:d=2021122100:RH:0.04 mb:60 hour fcst:
38:2236492:d=2021122100:SPFH:0.04 mb:60 hour fcst:
39:2302086:d=2021122100:VVEL:0.04 mb:60 hour fcst:
40:2406824:d=2021122100:DZDT:0.04 mb:60 hour fcst:
41:2518432:d=2021122100:UGRD:0.04 mb:60 hour fcst:
42:2564767:d=2021122100:VGRD:0.04 mb:60 hour fcst:
43:2606733:d=2021122100:ABSV:0.04 mb:60 hour fcst:
44:2681601:d=2021122100:O3MR:0.04 mb:60 hour fcst:
45:2748095:d=2021122100:HGT:0.07 mb:60 hour fcst:
46:2812172:d=2021122100:TMP:0.07 mb:60 hour fcst:
47:2876526:d=2021122100:RH:0.07 mb:60 hour fcst:
48:2895205:d=2021122100:SPFH:0.07 mb:60 hour fcst:
49:2957545:d=2021122100:VVEL:0.07 mb:60 hour fcst:
50:3062473:d=2021122100:DZDT:0.07 mb:60 hour fcst:
51:3166343:d=2021122100:UGRD:0.07 mb:60 hour fcst:
52:3213007:d=2021122100:VGRD:0.07 mb:60 hour fcst:
53:3257487:d=2021122100:ABSV:0.07 mb:60 hour fcst:
54:3333938:d=2021122100:O3MR:0.07 mb:60 hour fcst:
55:3385075:d=2021122100:HGT:0.1 mb:60 hour fcst:
56:3449310:d=2021122100:TMP:0.1 mb:60 hour fcst:
57:3511771:d=2021122100:RH:0.1 mb:60 hour fcst:
58:3541214:d=2021122100:SPFH:0.1 mb:60 hour fcst:
59:3606043:d=2021122100:VVEL:0.1 mb:60 hour fcst:
60:3694875:d=2021122100:DZDT:0.1 mb:60 hour fcst:
61:3800232:d=2021122100:UGRD:0.1 mb:60 hour fcst:
62:3846407:d=2021122100:VGRD:0.1 mb:60 hour fcst:
63:3889916:d=2021122100:ABSV:0.1 mb:60 hour fcst:
64:3965348:d=2021122100:O3MR:0.1 mb:60 hour fcst:
65:4029015:d=2021122100:HGT:0.2 mb:60 hour fcst:
66:4091747:d=2021122100:TMP:0.2 mb:60 hour fcst:
67:4152213:d=2021122100:RH:0.2 mb:60 hour fcst:
68:4172332:d=2021122100:SPFH:0.2 mb:60 hour fcst:
69:4232219:d=2021122100:VVEL:0.2 mb:60 hour fcst:
70:4336187:d=2021122100:DZDT:0.2 mb:60 hour fcst:
71:4425369:d=2021122100:UGRD:0.2 mb:60 hour fcst:
72:4469858:d=2021122100:VGRD:0.2 mb:60 hour fcst:
73:4511086:d=2021122100:ABSV:0.2 mb:60 hour fcst:
74:4582740:d=2021122100:O3MR:0.2 mb:60 hour fcst:
75:4652460:d=2021122100:HGT:0.4 mb:60 hour fcst:
76:4713461:d=2021122100:TMP:0.4 mb:60 hour fcst:
77:4772999:d=2021122100:RH:0.4 mb:60 hour fcst:
78:4796301:d=2021122100:SPFH:0.4 mb:60 hour fcst:
79:4866970:d=2021122100:VVEL:0.4 mb:60 hour fcst:
80:4960981:d=2021122100:DZDT:0.4 mb:60 hour fcst:
81:5063116:d=2021122100:UGRD:0.4 mb:60 hour fcst:
82:5105689:d=2021122100:VGRD:0.4 mb:60 hour fcst:
83:5145044:d=2021122100:ABSV:0.4 mb:60 hour fcst:
84:5184778:d=2021122100:O3MR:0.4 mb:60 hour fcst:
85:5259655:d=2021122100:HGT:0.7 mb:60 hour fcst:
86:5319031:d=2021122100:TMP:0.7 mb:60 hour fcst:
87:5377952:d=2021122100:RH:0.7 mb:60 hour fcst:
88:5401871:d=2021122100:SPFH:0.7 mb:60 hour fcst:
89:5483140:d=2021122100:VVEL:0.7 mb:60 hour fcst:
90:5578366:d=2021122100:DZDT:0.7 mb:60 hour fcst:
91:5673446:d=2021122100:UGRD:0.7 mb:60 hour fcst:
92:5713568:d=2021122100:VGRD:0.7 mb:60 hour fcst:
93:5751186:d=2021122100:ABSV:0.7 mb:60 hour fcst:
94:5817461:d=2021122100:O3MR:0.7 mb:60 hour fcst:
95:5896818:d=2021122100:HGT:1 mb:60 hour fcst:
96:5955250:d=2021122100:TMP:1 mb:60 hour fcst:
97:6012870:d=2021122100:RH:1 mb:60 hour fcst:
98:6029992:d=2021122100:SPFH:1 mb:60 hour fcst:
99:6094912:d=2021122100:VVEL:1 mb:60 hour fcst:
100:6200008:d=2021122100:DZDT:1 mb:60 hour fcst:
101:6311221:d=2021122100:UGRD:1 mb:60 hour fcst:
102:6350458:d=2021122100:VGRD:1 mb:60 hour fcst:
103:6386760:d=2021122100:ABSV:1 mb:60 hour fcst:
104:6450983:d=2021122100:O3MR:1 mb:60 hour fcst:
105:6533577:d=2021122100:HGT:2 mb:60 hour fcst:
106:6589266:d=2021122100:TMP:2 mb:60 hour fcst:
107:6648488:d=2021122100:RH:2 mb:60 hour fcst:
108:6664313:d=2021122100:SPFH:2 mb:60 hour fcst:
109:6741059:d=2021122100:VVEL:2 mb:60 hour fcst:
110:6834188:d=2021122100:DZDT:2 mb:60 hour fcst:
111:6945839:d=2021122100:UGRD:2 mb:60 hour fcst:
112:6984376:d=2021122100:VGRD:2 mb:60 hour fcst:
113:7019045:d=2021122100:ABSV:2 mb:60 hour fcst:
114:7083149:d=2021122100:O3MR:2 mb:60 hour fcst:
115:7168393:d=2021122100:HGT:3 mb:60 hour fcst:
116:7221924:d=2021122100:TMP:3 mb:60 hour fcst:
117:7279945:d=2021122100:RH:3 mb:60 hour fcst:
118:7289971:d=2021122100:SPFH:3 mb:60 hour fcst:
119:7364092:d=2021122100:VVEL:3 mb:60 hour fcst:
120:7460473:d=2021122100:DZDT:3 mb:60 hour fcst:
121:7568944:d=2021122100:UGRD:3 mb:60 hour fcst:
122:7606633:d=2021122100:VGRD:3 mb:60 hour fcst:
123:7639765:d=2021122100:ABSV:3 mb:60 hour fcst:
124:7702585:d=2021122100:O3MR:3 mb:60 hour fcst:
125:7785387:d=2021122100:HGT:5 mb:60 hour fcst:
126:7845795:d=2021122100:TMP:5 mb:60 hour fcst:
127:7903180:d=2021122100:RH:5 mb:60 hour fcst:
128:7911228:d=2021122100:SPFH:5 mb:60 hour fcst:
129:7977288:d=2021122100:VVEL:5 mb:60 hour fcst:
130:8078806:d=2021122100:DZDT:5 mb:60 hour fcst:
131:8185272:d=2021122100:UGRD:5 mb:60 hour fcst:
132:8222217:d=2021122100:VGRD:5 mb:60 hour fcst:
133:8256586:d=2021122100:ABSV:5 mb:60 hour fcst:
134:8321034:d=2021122100:O3MR:5 mb:60 hour fcst:
135:8395745:d=2021122100:HGT:7 mb:60 hour fcst:
136:8455188:d=2021122100:TMP:7 mb:60 hour fcst:
137:8511211:d=2021122100:RH:7 mb:60 hour fcst:
138:8523104:d=2021122100:SPFH:7 mb:60 hour fcst:
139:8580107:d=2021122100:VVEL:7 mb:60 hour fcst:
140:8684396:d=2021122100:DZDT:7 mb:60 hour fcst:
141:8788287:d=2021122100:UGRD:7 mb:60 hour fcst:
142:8824578:d=2021122100:VGRD:7 mb:60 hour fcst:
143:8858015:d=2021122100:ABSV:7 mb:60 hour fcst:
144:8922648:d=2021122100:O3MR:7 mb:60 hour fcst:
145:8997569:d=2021122100:HGT:10 mb:60 hour fcst:
146:9055692:d=2021122100:TMP:10 mb:60 hour fcst:
147:9111223:d=2021122100:RH:10 mb:60 hour fcst:
148:9117286:d=2021122100:SPFH:10 mb:60 hour fcst:
149:9172417:d=2021122100:VVEL:10 mb:60 hour fcst:
150:9281315:d=2021122100:DZDT:10 mb:60 hour fcst:
151:9384415:d=2021122100:UGRD:10 mb:60 hour fcst:
152:9421122:d=2021122100:VGRD:10 mb:60 hour fcst:
153:9454770:d=2021122100:ABSV:10 mb:60 hour fcst:
154:9519420:d=2021122100:O3MR:10 mb:60 hour fcst:
155:9598464:d=2021122100:HGT:15 mb:60 hour fcst:
156:9655433:d=2021122100:TMP:15 mb:60 hour fcst:
157:9711424:d=2021122100:RH:15 mb:60 hour fcst:
158:9720720:d=2021122100:SPFH:15 mb:60 hour fcst:
159:9778877:d=2021122100:VVEL:15 mb:60 hour fcst:
160:9893491:d=2021122100:DZDT:15 mb:60 hour fcst:
161:9995565:d=2021122100:UGRD:15 mb:60 hour fcst:
162:10032815:d=2021122100:VGRD:15 mb:60 hour fcst:
163:10095116:d=2021122100:ABSV:15 mb:60 hour fcst:
164:10160674:d=2021122100:O3MR:15 mb:60 hour fcst:
165:10241541:d=2021122100:HGT:20 mb:60 hour fcst:
166:10298218:d=2021122100:TMP:20 mb:60 hour fcst:
167:10353328:d=2021122100:RH:20 mb:60 hour fcst:
168:10364264:d=2021122100:SPFH:20 mb:60 hour fcst:
169:10425651:d=2021122100:VVEL:20 mb:60 hour fcst:
170:10543682:d=2021122100:DZDT:20 mb:60 hour fcst:
171:10645179:d=2021122100:UGRD:20 mb:60 hour fcst:
172:10681640:d=2021122100:VGRD:20 mb:60 hour fcst:
173:10743301:d=2021122100:ABSV:20 mb:60 hour fcst:
174:10807175:d=2021122100:O3MR:20 mb:60 hour fcst:
175:10899630:d=2021122100:HGT:30 mb:60 hour fcst:
176:10964532:d=2021122100:TMP:30 mb:60 hour fcst:
177:11019055:d=2021122100:RH:30 mb:60 hour fcst:
178:11034691:d=2021122100:SPFH:30 mb:60 hour fcst:
179:11111777:d=2021122100:VVEL:30 mb:60 hour fcst:
180:11224824:d=2021122100:DZDT:30 mb:60 hour fcst:
181:11324895:d=2021122100:UGRD:30 mb:60 hour fcst:
182:11388479:d=2021122100:VGRD:30 mb:60 hour fcst:
183:11448265:d=2021122100:ABSV:30 mb:60 hour fcst:
184:11510661:d=2021122100:O3MR:30 mb:60 hour fcst:
185:11603278:d=2021122100:HGT:40 mb:60 hour fcst:
186:11667643:d=2021122100:TMP:40 mb:60 hour fcst:
187:11723699:d=2021122100:RH:40 mb:60 hour fcst:
188:11741897:d=2021122100:SPFH:40 mb:60 hour fcst:
189:11812208:d=2021122100:VVEL:40 mb:60 hour fcst:
190:11928708:d=2021122100:DZDT:40 mb:60 hour fcst:
191:12028470:d=2021122100:UGRD:40 mb:60 hour fcst:
192:12093634:d=2021122100:VGRD:40 mb:60 hour fcst:
193:12155860:d=2021122100:ABSV:40 mb:60 hour fcst:
194:12221491:d=2021122100:O3MR:40 mb:60 hour fcst:
195:12318401:d=2021122100:HGT:50 mb:60 hour fcst:
196:12382663:d=2021122100:TMP:50 mb:60 hour fcst:
197:12438679:d=2021122100:RH:50 mb:60 hour fcst:
198:12458206:d=2021122100:TCDC:50 mb:60 hour fcst:
199:12458385:d=2021122100:SPFH:50 mb:60 hour fcst:
200:12528137:d=2021122100:VVEL:50 mb:60 hour fcst:
201:12624313:d=2021122100:DZDT:50 mb:60 hour fcst:
202:12723394:d=2021122100:UGRD:50 mb:60 hour fcst:
203:12788494:d=2021122100:VGRD:50 mb:60 hour fcst:
204:12851533:d=2021122100:ABSV:50 mb:60 hour fcst:
205:12917764:d=2021122100:CLMR:50 mb:60 hour fcst:
206:12917943:d=2021122100:ICMR:50 mb:60 hour fcst:
207:12918122:d=2021122100:RWMR:50 mb:60 hour fcst:
208:12918301:d=2021122100:SNMR:50 mb:60 hour fcst:
209:12918480:d=2021122100:GRLE:50 mb:60 hour fcst:
210:12918659:d=2021122100:O3MR:50 mb:60 hour fcst:
211:13013994:d=2021122100:HGT:70 mb:60 hour fcst:
212:13079205:d=2021122100:TMP:70 mb:60 hour fcst:
213:13138005:d=2021122100:RH:70 mb:60 hour fcst:
215:13167075:d=2021122100:SPFH:70 mb:60 hour fcst:
216:13240511:d=2021122100:VVEL:70 mb:60 hour fcst:
217:13341285:d=2021122100:DZDT:70 mb:60 hour fcst:
218:13440206:d=2021122100:UGRD:70 mb:60 hour fcst:
219:13508340:d=2021122100:VGRD:70 mb:60 hour fcst:
220:13573903:d=2021122100:ABSV:70 mb:60 hour fcst:
226:13644380:d=2021122100:O3MR:70 mb:60 hour fcst:
227:13737761:d=2021122100:HGT:100 mb:60 hour fcst:
228:13804463:d=2021122100:TMP:100 mb:60 hour fcst:
229:13864443:d=2021122100:RH:100 mb:60 hour fcst:
230:13898792:d=2021122100:TCDC:100 mb:60 hour fcst:
231:13899242:d=2021122100:SPFH:100 mb:60 hour fcst:
232:13987253:d=2021122100:VVEL:100 mb:60 hour fcst:
233:14096634:d=2021122100:DZDT:100 mb:60 hour fcst:
234:14197643:d=2021122100:UGRD:100 mb:60 hour fcst:
235:14270093:d=2021122100:VGRD:100 mb:60 hour fcst:
236:14340287:d=2021122100:ABSV:100 mb:60 hour fcst:
237:14414163:d=2021122100:CLMR:100 mb:60 hour fcst:
238:14414342:d=2021122100:ICMR:100 mb:60 hour fcst:
239:14416680:d=2021122100:RWMR:100 mb:60 hour fcst:
240:14416859:d=2021122100:SNMR:100 mb:60 hour fcst:
241:14417217:d=2021122100:GRLE:100 mb:60 hour fcst:
242:14417691:d=2021122100:O3MR:100 mb:60 hour fcst:
259:15244627:d=2021122100:HGT:150 mb:60 hour fcst:
260:15314026:d=2021122100:TMP:150 mb:60 hour fcst:
261:15375348:d=2021122100:RH:150 mb:60 hour fcst:
262:15418305:d=2021122100:TCDC:150 mb:60 hour fcst:
263:15430575:d=2021122100:SPFH:150 mb:60 hour fcst:
264:15525782:d=2021122100:VVEL:150 mb:60 hour fcst:
265:15611956:d=2021122100:DZDT:150 mb:60 hour fcst:
266:15709380:d=2021122100:UGRD:150 mb:60 hour fcst:
267:15754993:d=2021122100:VGRD:150 mb:60 hour fcst:
268:15828252:d=2021122100:ABSV:150 mb:60 hour fcst:
269:15906268:d=2021122100:CLMR:150 mb:60 hour fcst:
270:15906447:d=2021122100:ICMR:150 mb:60 hour fcst:
271:15921259:d=2021122100:RWMR:150 mb:60 hour fcst:
272:15921438:d=2021122100:SNMR:150 mb:60 hour fcst:
273:15922759:d=2021122100:GRLE:150 mb:60 hour fcst:
274:15924251:d=2021122100:O3MR:150 mb:60 hour fcst:
291:16791438:d=2021122100:HGT:200 mb:60 hour fcst:
292:16863197:d=2021122100:TMP:200 mb:60 hour fcst:
293:16927163:d=2021122100:RH:200 mb:60 hour fcst:
294:16982701:d=2021122100:TCDC:200 mb:60 hour fcst:
295:17009873:d=2021122100:SPFH:200 mb:60 hour fcst:
296:17104660:d=2021122100:VVEL:200 mb:60 hour fcst:
297:17197661:d=2021122100:DZDT:200 mb:60 hour fcst:
298:17297848:d=2021122100:UGRD:200 mb:60 hour fcst:
299:17346665:d=2021122100:VGRD:200 mb:60 hour fcst:
300:17395016:d=2021122100:ABSV:200 mb:60 hour fcst:
301:17477741:d=2021122100:CLMR:200 mb:60 hour fcst:
302:17477920:d=2021122100:ICMR:200 mb:60 hour fcst:
303:17509093:d=2021122100:RWMR:200 mb:60 hour fcst:
304:17509272:d=2021122100:SNMR:200 mb:60 hour fcst:
305:17516734:d=2021122100:GRLE:200 mb:60 hour fcst:
306:17518705:d=2021122100:O3MR:200 mb:60 hour fcst:
323:18444966:d=2021122100:HGT:250 mb:60 hour fcst:
324:18518737:d=2021122100:TMP:250 mb:60 hour fcst:
325:18583715:d=2021122100:RH:250 mb:60 hour fcst:
326:18647671:d=2021122100:TCDC:250 mb:60 hour fcst:
327:18684629:d=2021122100:SPFH:250 mb:60 hour fcst:
328:18780842:d=2021122100:VVEL:250 mb:60 hour fcst:
329:18879398:d=2021122100:DZDT:250 mb:60 hour fcst:
330:18981946:d=2021122100:UGRD:250 mb:60 hour fcst:
331:19033293:d=2021122100:VGRD:250 mb:60 hour fcst:
332:19085449:d=2021122100:ABSV:250 mb:60 hour fcst:
333:19172676:d=2021122100:CLMR:250 mb:60 hour fcst:
334:19172855:d=2021122100:ICMR:250 mb:60 hour fcst:
335:19219326:d=2021122100:RWMR:250 mb:60 hour fcst:
336:19219505:d=2021122100:SNMR:250 mb:60 hour fcst:
337:19237054:d=2021122100:GRLE:250 mb:60 hour fcst:
338:19239048:d=2021122100:O3MR:250 mb:60 hour fcst:
355:20234295:d=2021122100:HGT:300 mb:60 hour fcst:
356:20308962:d=2021122100:TMP:300 mb:60 hour fcst:
357:20373690:d=2021122100:RH:300 mb:60 hour fcst:
358:20441205:d=2021122100:TCDC:300 mb:60 hour fcst:
359:20481511:d=2021122100:SPFH:300 mb:60 hour fcst:
360:20578701:d=2021122100:VVEL:300 mb:60 hour fcst:
361:20681518:d=2021122100:DZDT:300 mb:60 hour fcst:
362:20763278:d=2021122100:UGRD:300 mb:60 hour fcst:
363:20815961:d=2021122100:VGRD:300 mb:60 hour fcst:
364:20869984:d=2021122100:ABSV:300 mb:60 hour fcst:
365:20959956:d=2021122100:CLMR:300 mb:60 hour fcst:
366:20960135:d=2021122100:ICMR:300 mb:60 hour fcst:
367:21013535:d=2021122100:RWMR:300 mb:60 hour fcst:
368:21013714:d=2021122100:SNMR:300 mb:60 hour fcst:
369:21037256:d=2021122100:GRLE:300 mb:60 hour fcst:
370:21039141:d=2021122100:O3MR:300 mb:60 hour fcst:
387:22045686:d=2021122100:HGT:350 mb:60 hour fcst:
388:22119867:d=2021122100:TMP:350 mb:60 hour fcst:
389:22184852:d=2021122100:RH:350 mb:60 hour fcst:
390:22252737:d=2021122100:TCDC:350 mb:60 hour fcst:
391:22294222:d=2021122100:SPFH:350 mb:60 hour fcst:
392:22400560:d=2021122100:VVEL:350 mb:60 hour fcst:
393:22505374:d=2021122100:DZDT:350 mb:60 hour fcst:
394:22587575:d=2021122100:UGRD:350 mb:60 hour fcst:
395:22639514:d=2021122100:VGRD:350 mb:60 hour fcst:
396:22692826:d=2021122100:ABSV:350 mb:60 hour fcst:
397:22782917:d=2021122100:CLMR:350 mb:60 hour fcst:
398:22783673:d=2021122100:ICMR:350 mb:60 hour fcst:
399:22839432:d=2021122100:RWMR:350 mb:60 hour fcst:
400:22839767:d=2021122100:SNMR:350 mb:60 hour fcst:
401:22870847:d=2021122100:GRLE:350 mb:60 hour fcst:
402:22873535:d=2021122100:O3MR:350 mb:60 hour fcst:
419:23882008:d=2021122100:HGT:400 mb:60 hour fcst:
420:23964950:d=2021122100:TMP:400 mb:60 hour fcst:
421:24029784:d=2021122100:RH:400 mb:60 hour fcst:
422:24098184:d=2021122100:TCDC:400 mb:60 hour fcst:
423:24139549:d=2021122100:SPFH:400 mb:60 hour fcst:
424:24243273:d=2021122100:VVEL:400 mb:60 hour fcst:
425:24349274:d=2021122100:DZDT:400 mb:60 hour fcst:
426:24431396:d=2021122100:UGRD:400 mb:60 hour fcst:
427:24481620:d=2021122100:VGRD:400 mb:60 hour fcst:
428:24533925:d=2021122100:ABSV:400 mb:60 hour fcst:
429:24622220:d=2021122100:CLMR:400 mb:60 hour fcst:
430:24624606:d=2021122100:ICMR:400 mb:60 hour fcst:
431:24680440:d=2021122100:RWMR:400 mb:60 hour fcst:
432:24681213:d=2021122100:SNMR:400 mb:60 hour fcst:
433:24717772:d=2021122100:GRLE:400 mb:60 hour fcst:
434:24721400:d=2021122100:O3MR:400 mb:60 hour fcst:
451:25738956:d=2021122100:HGT:450 mb:60 hour fcst:
452:25821116:d=2021122100:TMP:450 mb:60 hour fcst:
453:25886807:d=2021122100:RH:450 mb:60 hour fcst:
454:25955730:d=2021122100:TCDC:450 mb:60 hour fcst:
455:25995279:d=2021122100:SPFH:450 mb:60 hour fcst:
456:26096155:d=2021122100:VVEL:450 mb:60 hour fcst:
457:26202747:d=2021122100:DZDT:450 mb:60 hour fcst:
458:26306625:d=2021122100:UGRD:450 mb:60 hour fcst:
459:26356549:d=2021122100:VGRD:450 mb:60 hour fcst:
460:26407846:d=2021122100:ABSV:450 mb:60 hour fcst:
461:26494863:d=2021122100:CLMR:450 mb:60 hour fcst:
462:26500304:d=2021122100:ICMR:450 mb:60 hour fcst:
463:26553989:d=2021122100:RWMR:450 mb:60 hour fcst:
464:26555992:d=2021122100:SNMR:450 mb:60 hour fcst:
465:26595058:d=2021122100:GRLE:450 mb:60 hour fcst:
466:26597736:d=2021122100:O3MR:450 mb:60 hour fcst:
483:27655484:d=2021122100:HGT:500 mb:60 hour fcst:
484:27737590:d=2021122100:TMP:500 mb:60 hour fcst:
485:27803510:d=2021122100:RH:500 mb:60 hour fcst:
486:27872917:d=2021122100:TCDC:500 mb:60 hour fcst:
487:27910874:d=2021122100:SPFH:500 mb:60 hour fcst:
488:28016455:d=2021122100:VVEL:500 mb:60 hour fcst:
489:28123301:d=2021122100:DZDT:500 mb:60 hour fcst:
490:28226287:d=2021122100:UGRD:500 mb:60 hour fcst:
491:28305121:d=2021122100:VGRD:500 mb:60 hour fcst:
492:28385178:d=2021122100:ABSV:500 mb:60 hour fcst:
493:28470975:d=2021122100:CLMR:500 mb:60 hour fcst:
494:28480152:d=2021122100:ICMR:500 mb:60 hour fcst:
495:28526652:d=2021122100:RWMR:500 mb:60 hour fcst:
496:28530510:d=2021122100:SNMR:500 mb:60 hour fcst:
497:28566082:d=2021122100:GRLE:500 mb:60 hour fcst:
498:28569025:d=2021122100:O3MR:500 mb:60 hour fcst:
515:29676260:d=2021122100:HGT:550 mb:60 hour fcst:
516:29757866:d=2021122100:TMP:550 mb:60 hour fcst:
517:29824236:d=2021122100:RH:550 mb:60 hour fcst:
518:29894379:d=2021122100:TCDC:550 mb:60 hour fcst:
519:29932518:d=2021122100:SPFH:550 mb:60 hour fcst:
520:30042211:d=2021122100:VVEL:550 mb:60 hour fcst:
521:30149185:d=2021122100:DZDT:550 mb:60 hour fcst:
522:30251293:d=2021122100:UGRD:550 mb:60 hour fcst:
523:30329079:d=2021122100:VGRD:550 mb:60 hour fcst:
524:30408535:d=2021122100:ABSV:550 mb:60 hour fcst:
525:30493572:d=2021122100:CLMR:550 mb:60 hour fcst:
526:30507340:d=2021122100:ICMR:550 mb:60 hour fcst:
527:30555778:d=2021122100:RWMR:550 mb:60 hour fcst:
528:30561250:d=2021122100:SNMR:550 mb:60 hour fcst:
529:30597433:d=2021122100:GRLE:550 mb:60 hour fcst:
530:30601294:d=2021122100:O3MR:550 mb:60 hour fcst:
547:31741919:d=2021122100:HGT:600 mb:60 hour fcst:
548:31826841:d=2021122100:TMP:600 mb:60 hour fcst:
549:31893539:d=2021122100:RH:600 mb:60 hour fcst:
550:31964258:d=2021122100:TCDC:600 mb:60 hour fcst:
551:32002644:d=2021122100:SPFH:600 mb:60 hour fcst:
552:32106952:d=2021122100:VVEL:600 mb:60 hour fcst:
553:32213929:d=2021122100:DZDT:600 mb:60 hour fcst:
554:32315248:d=2021122100:UGRD:600 mb:60 hour fcst:
555:32392503:d=2021122100:VGRD:600 mb:60 hour fcst:
556:32471327:d=2021122100:ABSV:600 mb:60 hour fcst:
557:32555962:d=2021122100:CLMR:600 mb:60 hour fcst:
558:32573699:d=2021122100:ICMR:600 mb:60 hour fcst:
559:32614308:d=2021122100:RWMR:600 mb:60 hour fcst:
560:32622369:d=2021122100:SNMR:600 mb:60 hour fcst:
561:32658041:d=2021122100:GRLE:600 mb:60 hour fcst:
562:32663713:d=2021122100:O3MR:600 mb:60 hour fcst:
579:33802840:d=2021122100:HGT:650 mb:60 hour fcst:
580:33887651:d=2021122100:TMP:650 mb:60 hour fcst:
581:33954607:d=2021122100:RH:650 mb:60 hour fcst:
582:34025690:d=2021122100:TCDC:650 mb:60 hour fcst:
583:34062763:d=2021122100:SPFH:650 mb:60 hour fcst:
584:34175905:d=2021122100:VVEL:650 mb:60 hour fcst:
585:34283324:d=2021122100:DZDT:650 mb:60 hour fcst:
586:34392950:d=2021122100:UGRD:650 mb:60 hour fcst:
587:34469573:d=2021122100:VGRD:650 mb:60 hour fcst:
588:34547972:d=2021122100:ABSV:650 mb:60 hour fcst:
589:34632349:d=2021122100:CLMR:650 mb:60 hour fcst:
590:34651703:d=2021122100:ICMR:650 mb:60 hour fcst:
591:34687106:d=2021122100:RWMR:650 mb:60 hour fcst:
592:34699515:d=2021122100:SNMR:650 mb:60 hour fcst:
593:34737425:d=2021122100:GRLE:650 mb:60 hour fcst:
594:34744130:d=2021122100:O3MR:650 mb:60 hour fcst:
611:35897061:d=2021122100:HGT:700 mb:60 hour fcst:
612:35982069:d=2021122100:TMP:700 mb:60 hour fcst:
613:36049877:d=2021122100:RH:700 mb:60 hour fcst:
614:36121228:d=2021122100:TCDC:700 mb:60 hour fcst:
615:36157279:d=2021122100:SPFH:700 mb:60 hour fcst:
616:36263582:d=2021122100:VVEL:700 mb:60 hour fcst:
617:36371272:d=2021122100:DZDT:700 mb:60 hour fcst:
618:36480578:d=2021122100:UGRD:700 mb:60 hour fcst:
619:36556906:d=2021122100:VGRD:700 mb:60 hour fcst:
620:36635063:d=2021122100:ABSV:700 mb:60 hour fcst:
621:36718964:d=2021122100:CLMR:700 mb:60 hour fcst:
622:36741417:d=2021122100:ICMR:700 mb:60 hour fcst:
623:36773112:d=2021122100:RWMR:700 mb:60 hour fcst:
624:36789296:d=2021122100:SNMR:700 mb:60 hour fcst:
625:36828782:d=2021122100:GRLE:700 mb:60 hour fcst:
626:36835344:d=2021122100:O3MR:700 mb:60 hour fcst:
643:38000652:d=2021122100:HGT:750 mb:60 hour fcst:
644:38085894:d=2021122100:TMP:750 mb:60 hour fcst:
645:38155212:d=2021122100:RH:750 mb:60 hour fcst:
646:38227339:d=2021122100:TCDC:750 mb:60 hour fcst:
647:38264970:d=2021122100:SPFH:750 mb:60 hour fcst:
648:38373372:d=2021122100:VVEL:750 mb:60 hour fcst:
649:38481550:d=2021122100:DZDT:750 mb:60 hour fcst:
650:38590574:d=2021122100:UGRD:750 mb:60 hour fcst:
651:38666908:d=2021122100:VGRD:750 mb:60 hour fcst:
652:38745117:d=2021122100:ABSV:750 mb:60 hour fcst:
653:38829061:d=2021122100:CLMR:750 mb:60 hour fcst:
654:38855408:d=2021122100:ICMR:750 mb:60 hour fcst:
655:38886005:d=2021122100:RWMR:750 mb:60 hour fcst:
656:38906694:d=2021122100:SNMR:750 mb:60 hour fcst:
657:38945609:d=2021122100:GRLE:750 mb:60 hour fcst:
658:38951523:d=2021122100:O3MR:750 mb:60 hour fcst:
675:40129032:d=2021122100:HGT:800 mb:60 hour fcst:
676:40214795:d=2021122100:TMP:800 mb:60 hour fcst:
677:40286504:d=2021122100:RH:800 mb:60 hour fcst:
678:40359247:d=2021122100:TCDC:800 mb:60 hour fcst:
679:40398485:d=2021122100:SPFH:800 mb:60 hour fcst:
680:40508574:d=2021122100:VVEL:800 mb:60 hour fcst:
681:40617026:d=2021122100:DZDT:800 mb:60 hour fcst:
682:40725690:d=2021122100:UGRD:800 mb:60 hour fcst:
683:40802531:d=2021122100:VGRD:800 mb:60 hour fcst:
684:40880856:d=2021122100:ABSV:800 mb:60 hour fcst:
685:40965293:d=2021122100:CLMR:800 mb:60 hour fcst:
686:40997300:d=2021122100:ICMR:800 mb:60 hour fcst:
687:41026345:d=2021122100:RWMR:800 mb:60 hour fcst:
688:41049716:d=2021122100:SNMR:800 mb:60 hour fcst:
689:41087953:d=2021122100:GRLE:800 mb:60 hour fcst:
690:41092946:d=2021122100:O3MR:800 mb:60 hour fcst:
707:42288558:d=2021122100:HGT:850 mb:60 hour fcst:
708:42375226:d=2021122100:TMP:850 mb:60 hour fcst:
709:42448197:d=2021122100:RH:850 mb:60 hour fcst:
710:42521555:d=2021122100:TCDC:850 mb:60 hour fcst:
711:42565880:d=2021122100:SPFH:850 mb:60 hour fcst:
712:42677508:d=2021122100:VVEL:850 mb:60 hour fcst:
713:42785643:d=2021122100:DZDT:850 mb:60 hour fcst:
714:42892577:d=2021122100:UGRD:850 mb:60 hour fcst:
715:42970102:d=2021122100:VGRD:850 mb:60 hour fcst:
716:43048946:d=2021122100:ABSV:850 mb:60 hour fcst:
717:43134059:d=2021122100:CLMR:850 mb:60 hour fcst:
718:43174009:d=2021122100:ICMR:850 mb:60 hour fcst:
719:43200168:d=2021122100:RWMR:850 mb:60 hour fcst:
720:43225199:d=2021122100:SNMR:850 mb:60 hour fcst:
721:43262044:d=2021122100:GRLE:850 mb:60 hour fcst:
722:43267810:d=2021122100:O3MR:850 mb:60 hour fcst:
739:44456027:d=2021122100:HGT:900 mb:60 hour fcst:
740:44543727:d=2021122100:TMP:900 mb:60 hour fcst:
741:44618194:d=2021122100:RH:900 mb:60 hour fcst:
742:44690429:d=2021122100:TCDC:900 mb:60 hour fcst:
743:44730378:d=2021122100:SPFH
*** FATAL ERROR: write error ***

:900 mb:60 hour fcst:
744:44831093:d=2021122100:VVEL:900 mb:60 hour fcst:
745:44936641:d=2021122100:DZDT:900 mb:60 hour fcst:
746:45041093:d=2021122100:UGRD:900 mb:60 hour fcst:
747:45119073:d=2021122100:VGRD:900 mb:60 hour fcst:
748:45198084:d=2021122100:ABSV:900 mb:60 hour fcst:
749:45283909:d=2021122100:CLMR:900 mb:60 hour fcst:
750:45315975:d=2021122100:ICMR:900 mb:60 hour fcst:
751:45337915:d=2021122100:RWMR:900 mb:60 hour fcst:
752:45364528:d=2021122100:SNMR:900 mb:60 hour fcst:
753:45397401:d=2021122100:GRLE:900 mb:60 hour fcst:
754:45404702:d=2021122100:O3MR:900 mb:60 hour fcst:
755:45511482:d=2021122100:HGT:925 mb:60 hour fcst:
756:45599731:d=2021122100:TMP:925 mb:60 hour fcst:
757:45674804:d=2021122100:RH:925 mb:60 hour fcst:
758:45746612:d=2021122100:TCDC:925 mb:60 hour fcst:
759:45783808:d=2021122100:SPFH:925 mb:60 hour fcst:
760:45884602:d=2021122100:VVEL:925 mb:60 hour fcst:
761:45988610:d=2021122100:DZDT:925 mb:60 hour fcst:
762:46091317:d=2021122100:UGRD:925 mb:60 hour fcst:
763:46169566:d=2021122100:VGRD:925 mb:60 hour fcst:
764:46248493:d=2021122100:ABSV:925 mb:60 hour fcst:
765:46334280:d=2021122100:CLMR:925 mb:60 hour fcst:
766:46360962:d=2021122100:ICMR:925 mb:60 hour fcst:
767:46382922:d=2021122100:RWMR:925 mb:60 hour fcst:
768:46411319:d=2021122100:SNMR:925 mb:60 hour fcst:
769:46442391:d=2021122100:GRLE:925 mb:60 hour fcst:
770:46448773:d=2021122100:O3MR:925 mb:60 hour fcst:
771:46555404:d=2021122100:HGT:950 mb:60 hour fcst:
772:46644194:d=2021122100:TMP:950 mb:60 hour fcst:
773:46719245:d=2021122100:RH:950 mb:60 hour fcst:
774:46789968:d=2021122100:TCDC:950 mb:60 hour fcst:
775:46823476:d=2021122100:SPFH:950 mb:60 hour fcst:
776:46924378:d=2021122100:VVEL:950 mb:60 hour fcst:
777:47025153:d=2021122100:DZDT:950 mb:60 hour fcst:
778:47124831:d=2021122100:UGRD:950 mb:60 hour fcst:
779:47203343:d=2021122100:VGRD:950 mb:60 hour fcst:
780:47282222:d=2021122100:ABSV:950 mb:60 hour fcst:
781:47367813:d=2021122100:CLMR:950 mb:60 hour fcst:
782:47388832:d=2021122100:ICMR:950 mb:60 hour fcst:
783:47408240:d=2021122100:RWMR:950 mb:60 hour fcst:
784:47437928:d=2021122100:SNMR:950 mb:60 hour fcst:
785:47463413:d=2021122100:GRLE:950 mb:60 hour fcst:
786:47470412:d=2021122100:O3MR:950 mb:60 hour fcst:
787:47577720:d=2021122100:HINDEX:surface:60 hour fcst:
788:47594876:d=2021122100:HGT:975 mb:60 hour fcst:
789:47684576:d=2021122100:TMP:975 mb:60 hour fcst:
790:47759361:d=2021122100:RH:975 mb:60 hour fcst:
791:47828547:d=2021122100:TCDC:975 mb:60 hour fcst:
792:47856415:d=2021122100:SPFH:975 mb:60 hour fcst:
793:47955938:d=2021122100:VVEL:975 mb:60 hour fcst:
794:48051186:d=2021122100:DZDT:975 mb:60 hour fcst:
795:48144606:d=2021122100:UGRD:975 mb:60 hour fcst:
796:48222879:d=2021122100:VGRD:975 mb:60 hour fcst:
797:48301449:d=2021122100:ABSV:975 mb:60 hour fcst:
798:48385823:d=2021122100:CLMR:975 mb:60 hour fcst:
799:48401051:d=2021122100:ICMR:975 mb:60 hour fcst:
800:48415449:d=2021122100:RWMR:975 mb:60 hour fcst:
801:48445288:d=2021122100:SNMR:975 mb:60 hour fcst:
802:48469023:d=2021122100:GRLE:975 mb:60 hour fcst:
803:48475432:d=2021122100:O3MR:975 mb:60 hour fcst:
804:48582239:d=2021122100:TMP:1000 mb:60 hour fcst:
805:48656440:d=2021122100:RH:1000 mb:60 hour fcst:
806:48724146:d=2021122100:TCDC:1000 mb:60 hour fcst:
807:48741696:d=2021122100:SPFH:1000 mb:60 hour fcst:
808:48840759:d=2021122100:VVEL:1000 mb:60 hour fcst:
809:48926472+ exglobal_atmos_products.sh[1]: postamble exglobal_atmos_products.sh 1719258775 8
+ preamble.sh[70]: set +x
End exglobal_atmos_products.sh at 19:52:56 with error code 8 (time elapsed: 00:00:01)
+ JGLOBAL_ATMOS_PRODUCTS[1]: postamble JGLOBAL_ATMOS_PRODUCTS 1719258760 8
+ preamble.sh[70]: set +x
End JGLOBAL_ATMOS_PRODUCTS at 19:52:56 with error code 8 (time elapsed: 00:00:16)
+ atmos_products.sh[1]: postamble atmos_products.sh 1719258757 8
+ preamble.sh[70]: set +x
End atmos_products.sh at 19:52:56 with error code 8 (time elapsed: 00:00:19)
_______________________________________________________________
Start Epilog on node h2c18 for job 62373238 :: Mon Jun 24 19:52:57 UTC 2024
Job 62373238 finished for user Terry.McGuinness in partition hera with exit code 8:0
_______________________________________________________________
End Epilogue Mon Jun 24 19:52:57 UTC 2024
