PBS: Running prologue on parent mom node: nid001426...
Job 156456027.cbqs01 nodelist: nid001426
+ /lfs/h2/emc/global/noscrub/globalworkflow.ci/GFS_CI_ROOT/PR/2959/global-workflow/jobs/rocoto/analdiag.sh
Begin analdiag.sh at Fri Sep 27 06:36:41 UTC 2024
+ analdiag.sh[7]: . /lfs/h2/emc/global/noscrub/globalworkflow.ci/GFS_CI_ROOT/PR/2959/global-workflow/ush/load_fv3gfs_modules.sh
++ load_fv3gfs_modules.sh[4]: [[ NO == \N\O ]]
++ load_fv3gfs_modules.sh[5]: echo 'Loading modules quietly...'
Loading modules quietly...
++ load_fv3gfs_modules.sh[6]: set +x
Resetting modules to system default. Reseting $MODULEPATH back to system default. All extra directories will be removed from $MODULEPATH.

Currently Loaded Modules:
  1) craype-x86-rome     (H)  13) perl/5.32.0        25) met/9.1.3
  2) libfabric/1.11.0.0. (H)  14) libjpeg/9c         26) metplus/3.1.1
  3) craype-network-ofi  (H)  15) udunits/2.2.28     27) prepobs/1.1.0
  4) envvar/1.0               16) gsl/2.7            28) fit2obs/1.1.4
  5) PrgEnv-intel/8.1.0       17) cdo/1.9.8          29) mos_shared/2.7.2
  6) craype/2.7.13            18) hdf5/1.10.6        30) module_base.wcoss2
  7) intel/19.1.3.304         19) netcdf/4.7.4       31) grib_util/1.2.3
  8) cray-mpich/8.1.9         20) nco/4.7.9          32) g2tmpl/1.10.2
  9) cray-pals/1.0.17         21) prod_util/2.0.9    33) crtm/2.4.0.1
 10) cfp/2.0.4                22) bufr_dump/1.0.0    34) wgrib2/2.0.8
 11) python/3.8.6             23) util_shared/1.4.0
 12) gempak/7.14.1            24) ncdiag/1.0.0

  Where:
   H:  Hidden Module

 

+ analdiag.sh[8]: status=0
+ analdiag.sh[9]: [[ 0 -ne 0 ]]
+ analdiag.sh[11]: export job=analdiag
+ analdiag.sh[11]: job=analdiag
+ analdiag.sh[12]: export jobid=analdiag.246715
+ analdiag.sh[12]: jobid=analdiag.246715
+ analdiag.sh[16]: /lfs/h2/emc/global/noscrub/globalworkflow.ci/GFS_CI_ROOT/PR/2959/global-workflow/jobs/JGDAS_ATMOS_ANALYSIS_DIAG
Begin JGDAS_ATMOS_ANALYSIS_DIAG at Fri Sep 27 06:36:43 UTC 2024
+ JGDAS_ATMOS_ANALYSIS_DIAG[4]: source /lfs/h2/emc/global/noscrub/globalworkflow.ci/GFS_CI_ROOT/PR/2959/global-workflow/ush/jjob_header.sh -e anal -c 'base anal analdiag'
++ jjob_header.sh[43]: OPTIND=1
++ jjob_header.sh[44]: getopts c:e: option
++ jjob_header.sh[45]: case "${option}" in
++ jjob_header.sh[47]: env_job=anal
++ jjob_header.sh[44]: getopts c:e: option
++ jjob_header.sh[45]: case "${option}" in
++ jjob_header.sh[46]: read -ra configs
++ jjob_header.sh[44]: getopts c:e: option
++ jjob_header.sh[58]: shift 4
++ jjob_header.sh[60]: [[ -z anal ]]
++ jjob_header.sh[68]: export DATA=/lfs/h2/emc/stmp/terry.mcguinness/RUNDIRS/C96C48_hybatmDA_c55c8630/gdas.2021122100/analdiag.246715
++ jjob_header.sh[68]: DATA=/lfs/h2/emc/stmp/terry.mcguinness/RUNDIRS/C96C48_hybatmDA_c55c8630/gdas.2021122100/analdiag.246715
++ jjob_header.sh[69]: [[ YES == \Y\E\S ]]
++ jjob_header.sh[70]: rm -rf /lfs/h2/emc/stmp/terry.mcguinness/RUNDIRS/C96C48_hybatmDA_c55c8630/gdas.2021122100/analdiag.246715
++ jjob_header.sh[72]: mkdir -p /lfs/h2/emc/stmp/terry.mcguinness/RUNDIRS/C96C48_hybatmDA_c55c8630/gdas.2021122100/analdiag.246715
++ jjob_header.sh[73]: cd /lfs/h2/emc/stmp/terry.mcguinness/RUNDIRS/C96C48_hybatmDA_c55c8630/gdas.2021122100/analdiag.246715
++ jjob_header.sh[79]: export cycle=t00z
++ jjob_header.sh[79]: cycle=t00z
++ jjob_header.sh[80]: setpdy.sh
 completed cleanly
 completed cleanly
Source PDY script to export PDYm7, ..., PDY, ..., PDYp7 variables.
++ jjob_header.sh[81]: source ./PDY
+++ PDY[1]: export PDYm7=20211214
+++ PDY[1]: PDYm7=20211214
+++ PDY[2]: export PDYm6=20211215
+++ PDY[2]: PDYm6=20211215
+++ PDY[3]: export PDYm5=20211216
+++ PDY[3]: PDYm5=20211216
+++ PDY[4]: export PDYm4=20211217
+++ PDY[4]: PDYm4=20211217
+++ PDY[5]: export PDYm3=20211218
+++ PDY[5]: PDYm3=20211218
+++ PDY[6]: export PDYm2=20211219
+++ PDY[6]: PDYm2=20211219
+++ PDY[7]: export PDYm1=20211220
+++ PDY[7]: PDYm1=20211220
+++ PDY[8]: export PDY=20211221
+++ PDY[8]: PDY=20211221
+++ PDY[9]: export PDYp1=20211222
+++ PDY[9]: PDYp1=20211222
+++ PDY[10]: export PDYp2=20211223
+++ PDY[10]: PDYp2=20211223
+++ PDY[11]: export PDYp3=20211224
+++ PDY[11]: PDYp3=20211224
+++ PDY[12]: export PDYp4=20211225
+++ PDY[12]: PDYp4=20211225
+++ PDY[13]: export PDYp5=20211226
+++ PDY[13]: PDYp5=20211226
+++ PDY[14]: export PDYp6=20211227
+++ PDY[14]: PDYp6=20211227
+++ PDY[15]: export PDYp7=20211228
+++ PDY[15]: PDYp7=20211228
++ jjob_header.sh[87]: export pid=247158
++ jjob_header.sh[87]: pid=247158
++ jjob_header.sh[88]: export pgmout=OUTPUT.247158
++ jjob_header.sh[88]: pgmout=OUTPUT.247158
++ jjob_header.sh[89]: export pgmerr=errfile
++ jjob_header.sh[89]: pgmerr=errfile
++ jjob_header.sh[95]: export EXPDIR=/lfs/h2/emc/global/noscrub/globalworkflow.ci/GFS_CI_ROOT/PR/2959/RUNTESTS/EXPDIR/C96C48_hybatmDA_c55c8630
++ jjob_header.sh[95]: EXPDIR=/lfs/h2/emc/global/noscrub/globalworkflow.ci/GFS_CI_ROOT/PR/2959/RUNTESTS/EXPDIR/C96C48_hybatmDA_c55c8630
++ jjob_header.sh[96]: for config in "${configs[@]:-''}"
++ jjob_header.sh[97]: source /lfs/h2/emc/global/noscrub/globalworkflow.ci/GFS_CI_ROOT/PR/2959/RUNTESTS/EXPDIR/C96C48_hybatmDA_c55c8630/config.base
+++ config.base[6]: echo 'BEGIN: config.base'
BEGIN: config.base
+++ config.base[9]: export machine=WCOSS2
+++ config.base[9]: machine=WCOSS2
+++ config.base[12]: export RUN_ENVIR=emc
+++ config.base[12]: RUN_ENVIR=emc
+++ config.base[15]: export ACCOUNT=GFS-DEV
+++ config.base[15]: ACCOUNT=GFS-DEV
+++ config.base[16]: export QUEUE=dev
+++ config.base[16]: QUEUE=dev
+++ config.base[17]: export QUEUE_SERVICE=dev_transfer
+++ config.base[17]: QUEUE_SERVICE=dev_transfer
+++ config.base[18]: export PARTITION_BATCH=
+++ config.base[18]: PARTITION_BATCH=
+++ config.base[19]: export PARTITION_SERVICE=
+++ config.base[19]: PARTITION_SERVICE=
+++ config.base[20]: export RESERVATION=
+++ config.base[20]: RESERVATION=
+++ config.base[21]: export CLUSTERS=
+++ config.base[21]: CLUSTERS=
+++ config.base[24]: export HPSS_PROJECT=emc-global
+++ config.base[24]: HPSS_PROJECT=emc-global
+++ config.base[27]: export HOMEgfs=/lfs/h2/emc/global/noscrub/globalworkflow.ci/GFS_CI_ROOT/PR/2959/global-workflow
+++ config.base[27]: HOMEgfs=/lfs/h2/emc/global/noscrub/globalworkflow.ci/GFS_CI_ROOT/PR/2959/global-workflow
+++ config.base[28]: export EXECgfs=/lfs/h2/emc/global/noscrub/globalworkflow.ci/GFS_CI_ROOT/PR/2959/global-workflow/exec
+++ config.base[28]: EXECgfs=/lfs/h2/emc/global/noscrub/globalworkflow.ci/GFS_CI_ROOT/PR/2959/global-workflow/exec
+++ config.base[29]: export FIXgfs=/lfs/h2/emc/global/noscrub/globalworkflow.ci/GFS_CI_ROOT/PR/2959/global-workflow/fix
+++ config.base[29]: FIXgfs=/lfs/h2/emc/global/noscrub/globalworkflow.ci/GFS_CI_ROOT/PR/2959/global-workflow/fix
+++ config.base[30]: export PARMgfs=/lfs/h2/emc/global/noscrub/globalworkflow.ci/GFS_CI_ROOT/PR/2959/global-workflow/parm
+++ config.base[30]: PARMgfs=/lfs/h2/emc/global/noscrub/globalworkflow.ci/GFS_CI_ROOT/PR/2959/global-workflow/parm
+++ config.base[31]: export SCRgfs=/lfs/h2/emc/global/noscrub/globalworkflow.ci/GFS_CI_ROOT/PR/2959/global-workflow/scripts
+++ config.base[31]: SCRgfs=/lfs/h2/emc/global/noscrub/globalworkflow.ci/GFS_CI_ROOT/PR/2959/global-workflow/scripts
+++ config.base[32]: export USHgfs=/lfs/h2/emc/global/noscrub/globalworkflow.ci/GFS_CI_ROOT/PR/2959/global-workflow/ush
+++ config.base[32]: USHgfs=/lfs/h2/emc/global/noscrub/globalworkflow.ci/GFS_CI_ROOT/PR/2959/global-workflow/ush
+++ config.base[34]: export FIXam=/lfs/h2/emc/global/noscrub/globalworkflow.ci/GFS_CI_ROOT/PR/2959/global-workflow/fix/am
+++ config.base[34]: FIXam=/lfs/h2/emc/global/noscrub/globalworkflow.ci/GFS_CI_ROOT/PR/2959/global-workflow/fix/am
+++ config.base[35]: export FIXaer=/lfs/h2/emc/global/noscrub/globalworkflow.ci/GFS_CI_ROOT/PR/2959/global-workflow/fix/aer
+++ config.base[35]: FIXaer=/lfs/h2/emc/global/noscrub/globalworkflow.ci/GFS_CI_ROOT/PR/2959/global-workflow/fix/aer
+++ config.base[36]: export FIXcpl=/lfs/h2/emc/global/noscrub/globalworkflow.ci/GFS_CI_ROOT/PR/2959/global-workflow/fix/cpl
+++ config.base[36]: FIXcpl=/lfs/h2/emc/global/noscrub/globalworkflow.ci/GFS_CI_ROOT/PR/2959/global-workflow/fix/cpl
+++ config.base[37]: export FIXlut=/lfs/h2/emc/global/noscrub/globalworkflow.ci/GFS_CI_ROOT/PR/2959/global-workflow/fix/lut
+++ config.base[37]: FIXlut=/lfs/h2/emc/global/noscrub/globalworkflow.ci/GFS_CI_ROOT/PR/2959/global-workflow/fix/lut
+++ config.base[38]: export FIXcice=/lfs/h2/emc/global/noscrub/globalworkflow.ci/GFS_CI_ROOT/PR/2959/global-workflow/fix/cice
+++ config.base[38]: FIXcice=/lfs/h2/emc/global/noscrub/globalworkflow.ci/GFS_CI_ROOT/PR/2959/global-workflow/fix/cice
+++ config.base[39]: export FIXmom=/lfs/h2/emc/global/noscrub/globalworkflow.ci/GFS_CI_ROOT/PR/2959/global-workflow/fix/mom6
+++ config.base[39]: FIXmom=/lfs/h2/emc/global/noscrub/globalworkflow.ci/GFS_CI_ROOT/PR/2959/global-workflow/fix/mom6
+++ config.base[40]: export FIXreg2grb2=/lfs/h2/emc/global/noscrub/globalworkflow.ci/GFS_CI_ROOT/PR/2959/global-workflow/fix/reg2grb2
+++ config.base[40]: FIXreg2grb2=/lfs/h2/emc/global/noscrub/globalworkflow.ci/GFS_CI_ROOT/PR/2959/global-workflow/fix/reg2grb2
+++ config.base[41]: export FIXgdas=/lfs/h2/emc/global/noscrub/globalworkflow.ci/GFS_CI_ROOT/PR/2959/global-workflow/fix/gdas
+++ config.base[41]: FIXgdas=/lfs/h2/emc/global/noscrub/globalworkflow.ci/GFS_CI_ROOT/PR/2959/global-workflow/fix/gdas
+++ config.base[46]: export PACKAGEROOT=/lfs/h1/ops/prod/packages
+++ config.base[46]: PACKAGEROOT=/lfs/h1/ops/prod/packages
+++ config.base[47]: export COMROOT=/lfs/h2/emc/global/noscrub/globalworkflow.ci/GFS_CI_ROOT/PR/2959/RUNTESTS/COMROOT
+++ config.base[47]: COMROOT=/lfs/h2/emc/global/noscrub/globalworkflow.ci/GFS_CI_ROOT/PR/2959/RUNTESTS/COMROOT
+++ config.base[48]: export COMINsyn=/lfs/h1/ops/prod/com/gfs/v16.3/syndat
+++ config.base[48]: COMINsyn=/lfs/h1/ops/prod/com/gfs/v16.3/syndat
+++ config.base[49]: export DMPDIR=/lfs/h2/emc/dump/noscrub/dump
+++ config.base[49]: DMPDIR=/lfs/h2/emc/dump/noscrub/dump
+++ config.base[53]: export COMINecmwf=/lfs/h2/emc/global/noscrub/emc.global/data/external_gempak/ecmwf
+++ config.base[53]: COMINecmwf=/lfs/h2/emc/global/noscrub/emc.global/data/external_gempak/ecmwf
+++ config.base[54]: export COMINnam=/lfs/h2/emc/global/noscrub/emc.global/data/external_gempak/nam
+++ config.base[54]: COMINnam=/lfs/h2/emc/global/noscrub/emc.global/data/external_gempak/nam
+++ config.base[55]: export COMINukmet=/lfs/h2/emc/global/noscrub/emc.global/data/external_gempak/ukmet
+++ config.base[55]: COMINukmet=/lfs/h2/emc/global/noscrub/emc.global/data/external_gempak/ukmet
+++ config.base[58]: export HOMEDIR=/lfs/h2/emc/global/noscrub/terry.mcguinness
+++ config.base[58]: HOMEDIR=/lfs/h2/emc/global/noscrub/terry.mcguinness
+++ config.base[59]: export STMP=/lfs/h2/emc/stmp/terry.mcguinness
+++ config.base[59]: STMP=/lfs/h2/emc/stmp/terry.mcguinness
+++ config.base[60]: export PTMP=/lfs/h2/emc/ptmp/terry.mcguinness
+++ config.base[60]: PTMP=/lfs/h2/emc/ptmp/terry.mcguinness
+++ config.base[61]: export NOSCRUB=/lfs/h2/emc/global/noscrub/terry.mcguinness
+++ config.base[61]: NOSCRUB=/lfs/h2/emc/global/noscrub/terry.mcguinness
+++ config.base[64]: export BASE_GIT=/lfs/h2/emc/global/save/emc.global/git
+++ config.base[64]: BASE_GIT=/lfs/h2/emc/global/save/emc.global/git
+++ config.base[67]: export BASE_DATA=/lfs/h2/emc/global/noscrub/emc.global/data
+++ config.base[67]: BASE_DATA=/lfs/h2/emc/global/noscrub/emc.global/data
+++ config.base[70]: export DO_GOES=NO
+++ config.base[70]: DO_GOES=NO
+++ config.base[71]: export DO_BUFRSND=NO
+++ config.base[71]: DO_BUFRSND=NO
+++ config.base[72]: export DO_GEMPAK=NO
+++ config.base[72]: DO_GEMPAK=NO
+++ config.base[73]: export DO_AWIPS=NO
+++ config.base[73]: DO_AWIPS=NO
+++ config.base[74]: export DO_NPOESS=NO
+++ config.base[74]: DO_NPOESS=NO
+++ config.base[75]: export DO_TRACKER=YES
+++ config.base[75]: DO_TRACKER=YES
+++ config.base[76]: export DO_GENESIS=YES
+++ config.base[76]: DO_GENESIS=YES
+++ config.base[77]: export DO_GENESIS_FSU=NO
+++ config.base[77]: DO_GENESIS_FSU=NO
+++ config.base[78]: export DO_VERFOZN=YES
+++ config.base[78]: DO_VERFOZN=YES
+++ config.base[79]: export DO_VERFRAD=YES
+++ config.base[79]: DO_VERFRAD=YES
+++ config.base[80]: export DO_VMINMON=YES
+++ config.base[80]: DO_VMINMON=YES
+++ config.base[81]: export DO_MOS=NO
+++ config.base[81]: DO_MOS=NO
+++ config.base[87]: export REALTIME=YES
+++ config.base[87]: REALTIME=YES
+++ config.base[90]: export MODE=cycled
+++ config.base[90]: MODE=cycled
+++ config.base[99]: export FIXgsi=/lfs/h2/emc/global/noscrub/globalworkflow.ci/GFS_CI_ROOT/PR/2959/global-workflow/fix/gsi
+++ config.base[99]: FIXgsi=/lfs/h2/emc/global/noscrub/globalworkflow.ci/GFS_CI_ROOT/PR/2959/global-workflow/fix/gsi
+++ config.base[100]: export HOMEpost=/lfs/h2/emc/global/noscrub/globalworkflow.ci/GFS_CI_ROOT/PR/2959/global-workflow
+++ config.base[100]: HOMEpost=/lfs/h2/emc/global/noscrub/globalworkflow.ci/GFS_CI_ROOT/PR/2959/global-workflow
+++ config.base[101]: export HOMEobsproc=/lfs/h2/emc/global/save/emc.global/git/obsproc/v1.2.0
+++ config.base[101]: HOMEobsproc=/lfs/h2/emc/global/save/emc.global/git/obsproc/v1.2.0
+++ config.base[104]: export 'NCP=/bin/cp -p'
+++ config.base[104]: NCP='/bin/cp -p'
+++ config.base[105]: export NMV=/bin/mv
+++ config.base[105]: NMV=/bin/mv
+++ config.base[106]: export 'NLN=/bin/ln -sf'
+++ config.base[106]: NLN='/bin/ln -sf'
+++ config.base[107]: export VERBOSE=YES
+++ config.base[107]: VERBOSE=YES
+++ config.base[108]: export KEEPDATA=NO
+++ config.base[108]: KEEPDATA=NO
+++ config.base[109]: export DEBUG_POSTSCRIPT=NO
+++ config.base[109]: DEBUG_POSTSCRIPT=NO
+++ config.base[110]: export CHGRP_RSTPROD=YES
+++ config.base[110]: CHGRP_RSTPROD=YES
+++ config.base[111]: export 'CHGRP_CMD=chgrp rstprod'
+++ config.base[111]: CHGRP_CMD='chgrp rstprod'
+++ config.base[112]: export NCDUMP=/apps/prod/hpc-stack/intel-19.1.3.304/cray-mpich-8.1.4/netcdf/4.7.4/bin/ncdump
+++ config.base[112]: NCDUMP=/apps/prod/hpc-stack/intel-19.1.3.304/cray-mpich-8.1.4/netcdf/4.7.4/bin/ncdump
+++ config.base[113]: export NCLEN=/lfs/h2/emc/global/noscrub/globalworkflow.ci/GFS_CI_ROOT/PR/2959/global-workflow/ush/getncdimlen
+++ config.base[113]: NCLEN=/lfs/h2/emc/global/noscrub/globalworkflow.ci/GFS_CI_ROOT/PR/2959/global-workflow/ush/getncdimlen
+++ config.base[116]: export BASE_ENV=/lfs/h2/emc/global/noscrub/globalworkflow.ci/GFS_CI_ROOT/PR/2959/global-workflow/env
+++ config.base[116]: BASE_ENV=/lfs/h2/emc/global/noscrub/globalworkflow.ci/GFS_CI_ROOT/PR/2959/global-workflow/env
+++ config.base[117]: export BASE_JOB=/lfs/h2/emc/global/noscrub/globalworkflow.ci/GFS_CI_ROOT/PR/2959/global-workflow/jobs/rocoto
+++ config.base[117]: BASE_JOB=/lfs/h2/emc/global/noscrub/globalworkflow.ci/GFS_CI_ROOT/PR/2959/global-workflow/jobs/rocoto
+++ config.base[120]: export SDATE=2021122018
+++ config.base[120]: SDATE=2021122018
+++ config.base[121]: export EDATE=2021122106
+++ config.base[121]: EDATE=2021122106
+++ config.base[122]: export EXP_WARM_START=.false.
+++ config.base[122]: EXP_WARM_START=.false.
+++ config.base[123]: export assim_freq=6
+++ config.base[123]: assim_freq=6
+++ config.base[124]: export PSLOT=C96C48_hybatmDA_c55c8630
+++ config.base[124]: PSLOT=C96C48_hybatmDA_c55c8630
+++ config.base[125]: export EXPDIR=/lfs/h2/emc/global/noscrub/globalworkflow.ci/GFS_CI_ROOT/PR/2959/RUNTESTS/EXPDIR/C96C48_hybatmDA_c55c8630
+++ config.base[125]: EXPDIR=/lfs/h2/emc/global/noscrub/globalworkflow.ci/GFS_CI_ROOT/PR/2959/RUNTESTS/EXPDIR/C96C48_hybatmDA_c55c8630
+++ config.base[126]: export ROTDIR=/lfs/h2/emc/global/noscrub/globalworkflow.ci/GFS_CI_ROOT/PR/2959/RUNTESTS/COMROOT/C96C48_hybatmDA_c55c8630
+++ config.base[126]: ROTDIR=/lfs/h2/emc/global/noscrub/globalworkflow.ci/GFS_CI_ROOT/PR/2959/RUNTESTS/COMROOT/C96C48_hybatmDA_c55c8630
+++ config.base[127]: export ROTDIR_DUMP=YES
+++ config.base[127]: ROTDIR_DUMP=YES
+++ config.base[128]: export DUMP_SUFFIX=
+++ config.base[128]: DUMP_SUFFIX=
+++ config.base[129]: [[ 2021122100 -ge 2019092100 ]]
+++ config.base[129]: [[ 2021122100 -le 2019110700 ]]
+++ config.base[132]: export ARCDIR=/lfs/h2/emc/global/noscrub/terry.mcguinness/archive/C96C48_hybatmDA_c55c8630
+++ config.base[132]: ARCDIR=/lfs/h2/emc/global/noscrub/terry.mcguinness/archive/C96C48_hybatmDA_c55c8630
+++ config.base[133]: export ATARDIR=/NCEPDEV/emc-global/1year/terry.mcguinness/WCOSS2/scratch/C96C48_hybatmDA_c55c8630
+++ config.base[133]: ATARDIR=/NCEPDEV/emc-global/1year/terry.mcguinness/WCOSS2/scratch/C96C48_hybatmDA_c55c8630
+++ config.base[136]: export envir=prod
+++ config.base[136]: envir=prod
+++ config.base[137]: export NET=gfs
+++ config.base[137]: NET=gfs
+++ config.base[138]: export RUN=gdas
+++ config.base[138]: RUN=gdas
+++ config.base[141]: source /lfs/h2/emc/global/noscrub/globalworkflow.ci/GFS_CI_ROOT/PR/2959/RUNTESTS/EXPDIR/C96C48_hybatmDA_c55c8630/config.com
++++ config.com[4]: echo 'BEGIN: config.com'
BEGIN: config.com
++++ config.com[37]: [[ emc == \n\c\o ]]
++++ config.com[41]: COM_OBS_TMPL='${ROTDIR}/${RUN}.${YMD}/${HH}/obs'
++++ config.com[42]: COM_RTOFS_TMPL='${DMPDIR}'
++++ config.com[44]: declare -rx COM_OBS_TMPL COM_RTOFS_TMPL
++++ config.com[45]: declare -rx 'COM_OBSDMP_TMPL=${DMPDIR}/${DUMP}${DUMP_SUFFIX}.${YMD}/${HH}/atmos'
++++ config.com[47]: COM_BASE='${ROTDIR}/${RUN}.${YMD}/${HH}/${MEMDIR}'
++++ config.com[49]: declare -rx 'COM_TOP_TMPL=${ROTDIR}/${RUN}.${YMD}/${HH}'
++++ config.com[51]: declare -rx 'COM_CONF_TMPL=${ROTDIR}/${RUN}.${YMD}/${HH}/${MEMDIR}/conf'
++++ config.com[52]: declare -rx 'COM_OBS_JEDI=${ROTDIR}/${RUN}.${YMD}/${HH}/${MEMDIR}/obs_jedi'
++++ config.com[54]: declare -rx 'COM_ATMOS_INPUT_TMPL=${ROTDIR}/${RUN}.${YMD}/${HH}/${MEMDIR}/model/atmos/input'
++++ config.com[55]: declare -rx 'COM_ATMOS_RESTART_TMPL=${ROTDIR}/${RUN}.${YMD}/${HH}/${MEMDIR}/model/atmos/restart'
++++ config.com[56]: declare -rx 'COM_ATMOS_ANALYSIS_TMPL=${ROTDIR}/${RUN}.${YMD}/${HH}/${MEMDIR}/analysis/atmos'
++++ config.com[57]: declare -rx 'COM_SNOW_ANALYSIS_TMPL=${ROTDIR}/${RUN}.${YMD}/${HH}/${MEMDIR}/analysis/snow'
++++ config.com[58]: declare -rx 'COM_ATMOS_HISTORY_TMPL=${ROTDIR}/${RUN}.${YMD}/${HH}/${MEMDIR}/model/atmos/history'
++++ config.com[59]: declare -rx 'COM_ATMOS_MASTER_TMPL=${ROTDIR}/${RUN}.${YMD}/${HH}/${MEMDIR}/model/atmos/master'
++++ config.com[60]: declare -rx 'COM_ATMOS_GRIB_TMPL=${ROTDIR}/${RUN}.${YMD}/${HH}/${MEMDIR}/products/atmos/grib2'
++++ config.com[61]: declare -rx 'COM_ATMOS_GRIB_GRID_TMPL=${ROTDIR}/${RUN}.${YMD}/${HH}/${MEMDIR}/products/atmos/grib2/${GRID}'
++++ config.com[62]: declare -rx 'COM_ATMOS_BUFR_TMPL=${ROTDIR}/${RUN}.${YMD}/${HH}/${MEMDIR}/products/atmos/bufr'
++++ config.com[63]: declare -rx 'COM_ATMOS_GEMPAK_TMPL=${ROTDIR}/${RUN}.${YMD}/${HH}/${MEMDIR}/products/atmos/gempak/${GRID}'
++++ config.com[64]: declare -rx 'COM_ATMOS_GENESIS_TMPL=${ROTDIR}/${RUN}.${YMD}/${HH}/${MEMDIR}/products/atmos/cyclone/genesis_vital'
++++ config.com[65]: declare -rx 'COM_ATMOS_TRACK_TMPL=${ROTDIR}/${RUN}.${YMD}/${HH}/${MEMDIR}/products/atmos/cyclone/tracks'
++++ config.com[66]: declare -rx 'COM_ATMOS_GOES_TMPL=${ROTDIR}/${RUN}.${YMD}/${HH}/${MEMDIR}/products/atmos/goes_sim'
++++ config.com[67]: declare -rx 'COM_ATMOS_IMAGERY_TMPL=${ROTDIR}/${RUN}.${YMD}/${HH}/${MEMDIR}/products/atmos/imagery'
++++ config.com[68]: declare -rx 'COM_ATMOS_OZNMON_TMPL=${ROTDIR}/${RUN}.${YMD}/${HH}/${MEMDIR}/products/atmos/oznmon'
++++ config.com[69]: declare -rx 'COM_ATMOS_RADMON_TMPL=${ROTDIR}/${RUN}.${YMD}/${HH}/${MEMDIR}/products/atmos/radmon'
++++ config.com[70]: declare -rx 'COM_ATMOS_MINMON_TMPL=${ROTDIR}/${RUN}.${YMD}/${HH}/${MEMDIR}/products/atmos/minmon'
++++ config.com[71]: declare -rx 'COM_ATMOS_WMO_TMPL=${ROTDIR}/${RUN}.${YMD}/${HH}/${MEMDIR}/products/atmos/wmo'
++++ config.com[73]: declare -rx 'COM_WAVE_RESTART_TMPL=${ROTDIR}/${RUN}.${YMD}/${HH}/${MEMDIR}/model/wave/restart'
++++ config.com[74]: declare -rx 'COM_WAVE_PREP_TMPL=${ROTDIR}/${RUN}.${YMD}/${HH}/${MEMDIR}/model/wave/prep'
++++ config.com[75]: declare -rx 'COM_WAVE_HISTORY_TMPL=${ROTDIR}/${RUN}.${YMD}/${HH}/${MEMDIR}/model/wave/history'
++++ config.com[76]: declare -rx 'COM_WAVE_GRID_TMPL=${ROTDIR}/${RUN}.${YMD}/${HH}/${MEMDIR}/products/wave/gridded'
++++ config.com[77]: declare -rx 'COM_WAVE_STATION_TMPL=${ROTDIR}/${RUN}.${YMD}/${HH}/${MEMDIR}/products/wave/station'
++++ config.com[78]: declare -rx 'COM_WAVE_GEMPAK_TMPL=${ROTDIR}/${RUN}.${YMD}/${HH}/${MEMDIR}/products/wave/gempak'
++++ config.com[79]: declare -rx 'COM_WAVE_WMO_TMPL=${ROTDIR}/${RUN}.${YMD}/${HH}/${MEMDIR}/products/wave/wmo'
++++ config.com[81]: declare -rx 'COM_OCEAN_HISTORY_TMPL=${ROTDIR}/${RUN}.${YMD}/${HH}/${MEMDIR}/model/ocean/history'
++++ config.com[82]: declare -rx 'COM_OCEAN_RESTART_TMPL=${ROTDIR}/${RUN}.${YMD}/${HH}/${MEMDIR}/model/ocean/restart'
++++ config.com[83]: declare -rx 'COM_OCEAN_INPUT_TMPL=${ROTDIR}/${RUN}.${YMD}/${HH}/${MEMDIR}/model/ocean/input'
++++ config.com[84]: declare -rx 'COM_OCEAN_ANALYSIS_TMPL=${ROTDIR}/${RUN}.${YMD}/${HH}/${MEMDIR}/analysis/ocean'
++++ config.com[85]: declare -rx 'COM_OCEAN_BMATRIX_TMPL=${ROTDIR}/${RUN}.${YMD}/${HH}/${MEMDIR}/bmatrix/ocean'
++++ config.com[86]: declare -rx 'COM_OCEAN_NETCDF_TMPL=${ROTDIR}/${RUN}.${YMD}/${HH}/${MEMDIR}/products/ocean/netcdf'
++++ config.com[87]: declare -rx 'COM_OCEAN_GRIB_TMPL=${ROTDIR}/${RUN}.${YMD}/${HH}/${MEMDIR}/products/ocean/grib2'
++++ config.com[88]: declare -rx 'COM_OCEAN_GRIB_GRID_TMPL=${ROTDIR}/${RUN}.${YMD}/${HH}/${MEMDIR}/products/ocean/grib2/${GRID}'
++++ config.com[90]: declare -rx 'COM_ICE_ANALYSIS_TMPL=${ROTDIR}/${RUN}.${YMD}/${HH}/${MEMDIR}/analysis/ice'
++++ config.com[91]: declare -rx 'COM_ICE_BMATRIX_TMPL=${ROTDIR}/${RUN}.${YMD}/${HH}/${MEMDIR}/bmatrix/ice'
++++ config.com[92]: declare -rx 'COM_ICE_INPUT_TMPL=${ROTDIR}/${RUN}.${YMD}/${HH}/${MEMDIR}/model/ice/input'
++++ config.com[93]: declare -rx 'COM_ICE_HISTORY_TMPL=${ROTDIR}/${RUN}.${YMD}/${HH}/${MEMDIR}/model/ice/history'
++++ config.com[94]: declare -rx 'COM_ICE_RESTART_TMPL=${ROTDIR}/${RUN}.${YMD}/${HH}/${MEMDIR}/model/ice/restart'
++++ config.com[95]: declare -rx 'COM_ICE_NETCDF_TMPL=${ROTDIR}/${RUN}.${YMD}/${HH}/${MEMDIR}/products/ice/netcdf'
++++ config.com[96]: declare -rx 'COM_ICE_GRIB_TMPL=${ROTDIR}/${RUN}.${YMD}/${HH}/${MEMDIR}/products/ice/grib2'
++++ config.com[97]: declare -rx 'COM_ICE_GRIB_GRID_TMPL=${ROTDIR}/${RUN}.${YMD}/${HH}/${MEMDIR}/products/ice/grib2/${GRID}'
++++ config.com[99]: declare -rx 'COM_CHEM_HISTORY_TMPL=${ROTDIR}/${RUN}.${YMD}/${HH}/${MEMDIR}/model/chem/history'
++++ config.com[100]: declare -rx 'COM_CHEM_ANALYSIS_TMPL=${ROTDIR}/${RUN}.${YMD}/${HH}/${MEMDIR}/analysis/chem'
++++ config.com[101]: declare -rx 'COM_CHEM_BMAT_TMPL=${ROTDIR}/${RUN}.${YMD}/${HH}/${MEMDIR}/analysis/chem/bmatrix'
++++ config.com[103]: declare -rx 'COM_MED_RESTART_TMPL=${ROTDIR}/${RUN}.${YMD}/${HH}/${MEMDIR}/model/med/restart'
+++ config.base[144]: export 'ERRSCRIPT=eval [[ $err = 0 ]]'
+++ config.base[144]: ERRSCRIPT='eval [[ $err = 0 ]]'
+++ config.base[145]: export LOGSCRIPT=
+++ config.base[145]: LOGSCRIPT=
+++ config.base[148]: export 'REDOUT=1>'
+++ config.base[148]: REDOUT='1>'
+++ config.base[149]: export 'REDERR=2>'
+++ config.base[149]: REDERR='2>'
+++ config.base[151]: export SENDECF=NO
+++ config.base[151]: SENDECF=NO
+++ config.base[152]: export SENDSDM=NO
+++ config.base[152]: SENDSDM=NO
+++ config.base[153]: export SENDDBN_NTC=NO
+++ config.base[153]: SENDDBN_NTC=NO
+++ config.base[154]: export SENDDBN=NO
+++ config.base[154]: SENDDBN=NO
+++ config.base[155]: export DBNROOT=/apps/ops/prod/nco/core/prod_util.v2.0.9/fakedbn
+++ config.base[155]: DBNROOT=/apps/ops/prod/nco/core/prod_util.v2.0.9/fakedbn
+++ config.base[158]: export APP=ATM
+++ config.base[158]: APP=ATM
+++ config.base[160]: shopt -s extglob
+++ config.base[162]: case "${RUN}" in
+++ config.base[169]: shopt -u extglob
+++ config.base[172]: export DO_ATM=YES
+++ config.base[172]: DO_ATM=YES
+++ config.base[173]: export DO_COUPLED=NO
+++ config.base[173]: DO_COUPLED=NO
+++ config.base[174]: export DO_WAVE=NO
+++ config.base[174]: DO_WAVE=NO
+++ config.base[175]: export DO_OCN=NO
+++ config.base[175]: DO_OCN=NO
+++ config.base[176]: export DO_ICE=NO
+++ config.base[176]: DO_ICE=NO
+++ config.base[177]: export DO_AERO=NO
+++ config.base[177]: DO_AERO=NO
+++ config.base[178]: export DO_PREP_OBS_AERO=NO
+++ config.base[178]: DO_PREP_OBS_AERO=NO
+++ config.base[179]: export AERO_FCST_RUN=
+++ config.base[179]: AERO_FCST_RUN=
+++ config.base[180]: export AERO_ANL_RUN=
+++ config.base[180]: AERO_ANL_RUN=
+++ config.base[181]: export WAVE_RUN=
+++ config.base[181]: WAVE_RUN=
+++ config.base[182]: export DOBNDPNT_WAVE=NO
+++ config.base[182]: DOBNDPNT_WAVE=NO
+++ config.base[183]: export DOIBP_WAV=NO
+++ config.base[183]: DOIBP_WAV=NO
+++ config.base[184]: export FRAC_GRID=.true.
+++ config.base[184]: FRAC_GRID=.true.
+++ config.base[185]: export DO_NEST=NO
+++ config.base[185]: DO_NEST=NO
+++ config.base[186]: [[ NO == \Y\E\S ]]
+++ config.base[192]: export ntiles=6
+++ config.base[192]: ntiles=6
+++ config.base[193]: export FIXugwd=/lfs/h2/emc/global/noscrub/globalworkflow.ci/GFS_CI_ROOT/PR/2959/global-workflow/fix/ugwd
+++ config.base[193]: FIXugwd=/lfs/h2/emc/global/noscrub/globalworkflow.ci/GFS_CI_ROOT/PR/2959/global-workflow/fix/ugwd
+++ config.base[194]: export FIXorog=/lfs/h2/emc/global/noscrub/globalworkflow.ci/GFS_CI_ROOT/PR/2959/global-workflow/fix/orog
+++ config.base[194]: FIXorog=/lfs/h2/emc/global/noscrub/globalworkflow.ci/GFS_CI_ROOT/PR/2959/global-workflow/fix/orog
+++ config.base[198]: export OPS_RES=C768
+++ config.base[198]: OPS_RES=C768
+++ config.base[201]: export LEVS=128
+++ config.base[201]: LEVS=128
+++ config.base[202]: export CASE=C96
+++ config.base[202]: CASE=C96
+++ config.base[203]: export CASE_ENS=C48
+++ config.base[203]: CASE_ENS=C48
+++ config.base[204]: export OCNRES=500
+++ config.base[204]: OCNRES=500
+++ config.base[205]: export ICERES=500
+++ config.base[205]: ICERES=500
+++ config.base[208]: case "${CASE}" in
+++ config.base[213]: export waveGRD=uglo_100km
+++ config.base[213]: waveGRD=uglo_100km
+++ config.base[227]: case "${APP}" in
+++ config.base[268]: [[ gdas =~ gdas ]]
+++ config.base[269]: export FHCYC=1
+++ config.base[269]: FHCYC=1
+++ config.base[270]: export FTSFS=10
+++ config.base[270]: FTSFS=10
+++ config.base[276]: export FHMIN=0
+++ config.base[276]: FHMIN=0
+++ config.base[277]: export FHMAX=9
+++ config.base[277]: FHMAX=9
+++ config.base[278]: export FHOUT=3
+++ config.base[278]: FHOUT=3
+++ config.base[279]: export FHOUT_OCN=3
+++ config.base[279]: FHOUT_OCN=3
+++ config.base[280]: export FHOUT_ICE=3
+++ config.base[280]: FHOUT_ICE=3
+++ config.base[283]: export EUPD_CYC=gdas
+++ config.base[283]: EUPD_CYC=gdas
+++ config.base[286]: export gfs_cyc=1
+++ config.base[286]: gfs_cyc=1
+++ config.base[289]: export FHMIN_GFS=0
+++ config.base[289]: FHMIN_GFS=0
+++ config.base[290]: export FHMAX_GFS=120
+++ config.base[290]: FHMAX_GFS=120
+++ config.base[292]: breakpnts=
+++ config.base[293]: export FCST_SEGMENTS=0,120
+++ config.base[293]: FCST_SEGMENTS=0,120
+++ config.base[294]: export FHOUT_GFS=3
+++ config.base[294]: FHOUT_GFS=3
+++ config.base[295]: export FHMAX_HF_GFS=0
+++ config.base[295]: FHMAX_HF_GFS=0
+++ config.base[296]: export FHOUT_HF_GFS=1
+++ config.base[296]: FHOUT_HF_GFS=1
+++ config.base[297]: export FHOUT_OCN_GFS=6
+++ config.base[297]: FHOUT_OCN_GFS=6
+++ config.base[298]: export FHOUT_ICE_GFS=6
+++ config.base[298]: FHOUT_ICE_GFS=6
+++ config.base[299]: export FHMIN_WAV=0
+++ config.base[299]: FHMIN_WAV=0
+++ config.base[300]: export FHOUT_WAV=3
+++ config.base[300]: FHOUT_WAV=3
+++ config.base[301]: export FHMAX_HF_WAV=120
+++ config.base[301]: FHMAX_HF_WAV=120
+++ config.base[302]: export FHOUT_HF_WAV=1
+++ config.base[302]: FHOUT_HF_WAV=1
+++ config.base[303]: export FHMAX_WAV=9
+++ config.base[303]: FHMAX_WAV=9
+++ config.base[304]: export FHMAX_WAV_GFS=120
+++ config.base[304]: FHMAX_WAV_GFS=120
+++ config.base[305]: ((  gfs_cyc != 0  ))
+++ config.base[306]: export STEP_GFS=24
+++ config.base[306]: STEP_GFS=24
+++ config.base[311]: export ILPOST=1
+++ config.base[311]: ILPOST=1
+++ config.base[312]: ((  FHMAX_HF_GFS < 120  ))
+++ config.base[313]: export ILPOST=3
+++ config.base[313]: ILPOST=3
+++ config.base[317]: export FHMAX_GOES=180
+++ config.base[317]: FHMAX_GOES=180
+++ config.base[318]: export FHOUT_GOES=3
+++ config.base[318]: FHOUT_GOES=3
+++ config.base[319]: ((  FHMAX_GOES > FHMAX_GFS  ))
+++ config.base[320]: export FHMAX_GOES=120
+++ config.base[320]: FHMAX_GOES=120
+++ config.base[324]: export restart_interval_gfs=12
+++ config.base[324]: restart_interval_gfs=12
+++ config.base[329]: export QUILTING=.true.
+++ config.base[329]: QUILTING=.true.
+++ config.base[330]: export OUTPUT_GRID=gaussian_grid
+++ config.base[330]: OUTPUT_GRID=gaussian_grid
+++ config.base[331]: export WRITE_DOPOST=.true.
+++ config.base[331]: WRITE_DOPOST=.true.
+++ config.base[332]: export WRITE_NSFLIP=.true.
+++ config.base[332]: WRITE_NSFLIP=.true.
+++ config.base[335]: export DOIAU=YES
+++ config.base[335]: DOIAU=YES
+++ config.base[336]: export IAUFHRS=3,6,9
+++ config.base[336]: IAUFHRS=3,6,9
+++ config.base[337]: export IAU_FHROT=3
+++ config.base[337]: IAU_FHROT=3
+++ config.base[338]: export IAU_DELTHRS=6
+++ config.base[338]: IAU_DELTHRS=6
+++ config.base[339]: export IAU_OFFSET=6
+++ config.base[339]: IAU_OFFSET=6
+++ config.base[340]: export DOIAU_ENKF=YES
+++ config.base[340]: DOIAU_ENKF=YES
+++ config.base[341]: export IAUFHRS_ENKF=3,6,9
+++ config.base[341]: IAUFHRS_ENKF=3,6,9
+++ config.base[342]: export IAU_DELTHRS_ENKF=6
+++ config.base[342]: IAU_DELTHRS_ENKF=6
+++ config.base[345]: export lobsdiag_forenkf=.true.
+++ config.base[345]: lobsdiag_forenkf=.true.
+++ config.base[353]: export imp_physics=8
+++ config.base[353]: imp_physics=8
+++ config.base[357]: export DO_JEDIATMVAR=NO
+++ config.base[357]: DO_JEDIATMVAR=NO
+++ config.base[358]: export DO_JEDIATMENS=NO
+++ config.base[358]: DO_JEDIATMENS=NO
+++ config.base[359]: export DO_JEDIOCNVAR=NO
+++ config.base[359]: DO_JEDIOCNVAR=NO
+++ config.base[360]: export DO_JEDISNOWDA=NO
+++ config.base[360]: DO_JEDISNOWDA=NO
+++ config.base[361]: export DO_MERGENSST=NO
+++ config.base[361]: DO_MERGENSST=NO
+++ config.base[364]: export DOHYBVAR=YES
+++ config.base[364]: DOHYBVAR=YES
+++ config.base[365]: export NMEM_ENS=2
+++ config.base[365]: NMEM_ENS=2
+++ config.base[366]: export SMOOTH_ENKF=NO
+++ config.base[366]: SMOOTH_ENKF=NO
+++ config.base[367]: export l4densvar=.true.
+++ config.base[367]: l4densvar=.true.
+++ config.base[368]: export lwrite4danl=.true.
+++ config.base[368]: lwrite4danl=.true.
+++ config.base[369]: export DO_CALC_INCREMENT=NO
+++ config.base[369]: DO_CALC_INCREMENT=NO
+++ config.base[372]: export NMEM_ENS_GFS=30
+++ config.base[372]: NMEM_ENS_GFS=30
+++ config.base[373]: export NMEM_ENS_GFS_OFFSET=20
+++ config.base[373]: NMEM_ENS_GFS_OFFSET=20
+++ config.base[374]: export DO_CALC_INCREMENT_ENKF_GFS=NO
+++ config.base[374]: DO_CALC_INCREMENT_ENKF_GFS=NO
+++ config.base[377]: [[ YES = \Y\E\S ]]
+++ config.base[378]: export FHMIN_ENKF=3
+++ config.base[378]: FHMIN_ENKF=3
+++ config.base[379]: export FHMAX_ENKF=9
+++ config.base[379]: FHMAX_ENKF=9
+++ config.base[380]: export FHMAX_ENKF_GFS=12
+++ config.base[380]: FHMAX_ENKF_GFS=12
+++ config.base[381]: export FHOUT_ENKF_GFS=3
+++ config.base[381]: FHOUT_ENKF_GFS=3
+++ config.base[382]: [[ .true. = \.\t\r\u\e\. ]]
+++ config.base[383]: export FHOUT=1
+++ config.base[383]: FHOUT=1
+++ config.base[384]: export FHOUT_ENKF=1
+++ config.base[384]: FHOUT_ENKF=1
+++ config.base[391]: [[ YES == \N\O ]]
+++ config.base[399]: export ENKF_SPREAD=YES
+++ config.base[399]: ENKF_SPREAD=YES
+++ config.base[402]: [[ cycled = \c\y\c\l\e\d ]]
+++ config.base[402]: [[ 2021122018 = \2\0\2\1\1\2\2\1\0\0 ]]
+++ config.base[402]: [[ YES = \N\O ]]
+++ config.base[402]: [[ cycled = \f\o\r\e\c\a\s\t\-\o\n\l\y ]]
+++ config.base[408]: [[ YES = \N\O ]]
+++ config.base[412]: [[ YES == \Y\E\S ]]
+++ config.base[413]: export restart_interval_enkfgdas=3
+++ config.base[413]: restart_interval_enkfgdas=3
+++ config.base[418]: export restart_interval_enkfgfs=3
+++ config.base[418]: restart_interval_enkfgfs=3
+++ config.base[420]: [[ YES == \Y\E\S ]]
+++ config.base[421]: export restart_interval_gdas=3
+++ config.base[421]: restart_interval_gdas=3
+++ config.base[426]: export GSI_SOILANAL=NO
+++ config.base[426]: GSI_SOILANAL=NO
+++ config.base[429]: export DONST=YES
+++ config.base[429]: DONST=YES
+++ config.base[430]: [[ YES = \Y\E\S ]]
+++ config.base[430]: export 'FNTSFA=        '
+++ config.base[430]: FNTSFA='        '
+++ config.base[433]: export nst_anl=.true.
+++ config.base[433]: nst_anl=.true.
+++ config.base[436]: export MAKE_NSSTBUFR=NO
+++ config.base[436]: MAKE_NSSTBUFR=NO
+++ config.base[439]: export MAKE_ACFTBUFR=NO
+++ config.base[439]: MAKE_ACFTBUFR=NO
+++ config.base[442]: export 'INCREMENTS_TO_ZERO='\''liq_wat_inc'\'','\''icmr_inc'\'','\''rwmr_inc'\'','\''snmr_inc'\'','\''grle_inc'\'''
+++ config.base[442]: INCREMENTS_TO_ZERO=''\''liq_wat_inc'\'','\''icmr_inc'\'','\''rwmr_inc'\'','\''snmr_inc'\'','\''grle_inc'\'''
+++ config.base[445]: export 'INCVARS_ZERO_STRAT='\''sphum_inc'\'','\''liq_wat_inc'\'','\''icmr_inc'\'','\''rwmr_inc'\'','\''snmr_inc'\'','\''grle_inc'\'''
+++ config.base[445]: INCVARS_ZERO_STRAT=''\''sphum_inc'\'','\''liq_wat_inc'\'','\''icmr_inc'\'','\''rwmr_inc'\'','\''snmr_inc'\'','\''grle_inc'\'''
+++ config.base[446]: export INCVARS_EFOLD=5
+++ config.base[446]: INCVARS_EFOLD=5
+++ config.base[451]: export netcdf_diag=.true.
+++ config.base[451]: netcdf_diag=.true.
+++ config.base[452]: export binary_diag=.false.
+++ config.base[452]: binary_diag=.false.
+++ config.base[455]: export DO_METP=YES
+++ config.base[455]: DO_METP=YES
+++ config.base[456]: export DO_FIT2OBS=YES
+++ config.base[456]: DO_FIT2OBS=YES
+++ config.base[457]: export DO_VRFY_OCEANDA=NO
+++ config.base[457]: DO_VRFY_OCEANDA=NO
+++ config.base[460]: export FHMAX_FITS=132
+++ config.base[460]: FHMAX_FITS=132
+++ config.base[461]: [[ 132 -gt 120 ]]
+++ config.base[461]: export FHMAX_FITS=120
+++ config.base[461]: FHMAX_FITS=120
+++ config.base[464]: export HPSSARCH=NO
+++ config.base[464]: HPSSARCH=NO
+++ config.base[465]: export LOCALARCH=NO
+++ config.base[465]: LOCALARCH=NO
+++ config.base[466]: [[ NO = \Y\E\S ]]
+++ config.base[470]: export ARCH_CYC=00
+++ config.base[470]: ARCH_CYC=00
+++ config.base[471]: export ARCH_WARMICFREQ=4
+++ config.base[471]: ARCH_WARMICFREQ=4
+++ config.base[472]: export ARCH_FCSTICFREQ=1
+++ config.base[472]: ARCH_FCSTICFREQ=1
+++ config.base[475]: [[ NO = \Y\E\S ]]
+++ config.base[483]: export REPLAY_ICS=NO
+++ config.base[483]: REPLAY_ICS=NO
+++ config.base[484]: export OFFSET_START_HOUR=0
+++ config.base[484]: OFFSET_START_HOUR=0
+++ config.base[487]: export NUM_SND_COLLECTIVES=9
+++ config.base[487]: NUM_SND_COLLECTIVES=9
+++ config.base[491]: [[ WCOSS2 =~ PW ]]
+++ config.base[500]: [[ WCOSS2 == \O\R\I\O\N ]]
+++ config.base[500]: [[ WCOSS2 == \H\E\R\C\U\L\E\S ]]
+++ config.base[505]: echo 'END: config.base'
END: config.base
++ jjob_header.sh[98]: status=0
++ jjob_header.sh[99]: ((  status != 0  ))
++ jjob_header.sh[96]: for config in "${configs[@]:-''}"
++ jjob_header.sh[97]: source /lfs/h2/emc/global/noscrub/globalworkflow.ci/GFS_CI_ROOT/PR/2959/RUNTESTS/EXPDIR/C96C48_hybatmDA_c55c8630/config.anal
+++ config.anal[6]: echo 'BEGIN: config.anal'
BEGIN: config.anal
+++ config.anal[9]: . /lfs/h2/emc/global/noscrub/globalworkflow.ci/GFS_CI_ROOT/PR/2959/RUNTESTS/EXPDIR/C96C48_hybatmDA_c55c8630/config.resources anal
++++ config.resources[10]: ((  1 != 1  ))
++++ config.resources[34]: step=anal
++++ config.resources[36]: echo 'BEGIN: config.resources'
BEGIN: config.resources
++++ config.resources[38]: case ${machine} in
++++ config.resources[40]: max_tasks_per_node=128
++++ config.resources[43]: mem_node_max=500GB
++++ config.resources[144]: export max_tasks_per_node
++++ config.resources[146]: case ${step} in
++++ config.resources[675]: walltime_gdas=01:20:00
++++ config.resources[676]: walltime_gfs=01:00:00
++++ config.resources[677]: case ${CASE} in
++++ config.resources[689]: ntasks_gdas=84
++++ config.resources[690]: ntasks_gfs=84
++++ config.resources[691]: threads_per_task=5
++++ config.resources[698]: tasks_per_node=25
++++ config.resources[699]: export threads_per_task_cycle=5
++++ config.resources[699]: threads_per_task_cycle=5
++++ config.resources[700]: export tasks_per_node_cycle=25
++++ config.resources[700]: tasks_per_node_cycle=25
++++ config.resources[701]: export is_exclusive=True
++++ config.resources[701]: is_exclusive=True
++++ config.resources[1426]: [[ -f /lfs/h2/emc/global/noscrub/globalworkflow.ci/GFS_CI_ROOT/PR/2959/RUNTESTS/EXPDIR/C96C48_hybatmDA_c55c8630/config.resources.WCOSS2 ]]
++++ config.resources[1427]: source /lfs/h2/emc/global/noscrub/globalworkflow.ci/GFS_CI_ROOT/PR/2959/RUNTESTS/EXPDIR/C96C48_hybatmDA_c55c8630/config.resources.WCOSS2
+++++ config.resources.WCOSS2[5]: case ${step} in
+++++ config.resources.WCOSS2[12]: [[ C96 == \C\7\6\8 ]]
++++ config.resources[1431]: for resource_var in threads_per_task ntasks tasks_per_node NTASKS memory walltime
++++ config.resources[1432]: run_resource_var=threads_per_task_gdas
++++ config.resources[1433]: [[ -n '' ]]
++++ config.resources[1435]: [[ -n 0 ]]
++++ config.resources[1436]: export threads_per_task
++++ config.resources[1431]: for resource_var in threads_per_task ntasks tasks_per_node NTASKS memory walltime
++++ config.resources[1432]: run_resource_var=ntasks_gdas
++++ config.resources[1433]: [[ -n 0 ]]
++++ config.resources[1434]: declare -x ntasks=84
++++ config.resources[1431]: for resource_var in threads_per_task ntasks tasks_per_node NTASKS memory walltime
++++ config.resources[1432]: run_resource_var=tasks_per_node_gdas
++++ config.resources[1433]: [[ -n '' ]]
++++ config.resources[1435]: [[ -n 0 ]]
++++ config.resources[1436]: export tasks_per_node
++++ config.resources[1431]: for resource_var in threads_per_task ntasks tasks_per_node NTASKS memory walltime
++++ config.resources[1432]: run_resource_var=NTASKS_gdas
++++ config.resources[1433]: [[ -n '' ]]
++++ config.resources[1435]: [[ -n '' ]]
++++ config.resources[1431]: for resource_var in threads_per_task ntasks tasks_per_node NTASKS memory walltime
++++ config.resources[1432]: run_resource_var=memory_gdas
++++ config.resources[1433]: [[ -n '' ]]
++++ config.resources[1435]: [[ -n '' ]]
++++ config.resources[1431]: for resource_var in threads_per_task ntasks tasks_per_node NTASKS memory walltime
++++ config.resources[1432]: run_resource_var=walltime_gdas
++++ config.resources[1433]: [[ -n 0 ]]
++++ config.resources[1434]: declare -x walltime=01:20:00
++++ config.resources[1440]: echo 'END: config.resources'
END: config.resources
+++ config.anal[11]: [[ YES = \Y\E\S ]]
+++ config.anal[12]: . /lfs/h2/emc/global/noscrub/globalworkflow.ci/GFS_CI_ROOT/PR/2959/RUNTESTS/EXPDIR/C96C48_hybatmDA_c55c8630/config.nsst
++++ config.nsst[6]: echo 'BEGIN: config.nsst'
BEGIN: config.nsst
++++ config.nsst[11]: export NST_MODEL=2
++++ config.nsst[11]: NST_MODEL=2
++++ config.nsst[14]: [[ NO == \Y\E\S ]]
++++ config.nsst[14]: [[ NO == \Y\E\S ]]
++++ config.nsst[19]: export NST_SPINUP=0
++++ config.nsst[19]: NST_SPINUP=0
++++ config.nsst[20]: cdate=2021122100
++++ config.nsst[21]: ((  cdate < 2017072000  ))
++++ config.nsst[26]: export NST_RESV=0
++++ config.nsst[26]: NST_RESV=0
++++ config.nsst[29]: export ZSEA1=0
++++ config.nsst[29]: ZSEA1=0
++++ config.nsst[30]: export ZSEA2=0
++++ config.nsst[30]: ZSEA2=0
++++ config.nsst[32]: export NST_GSI=3
++++ config.nsst[32]: NST_GSI=3
++++ config.nsst[36]: export NSTINFO=0
++++ config.nsst[36]: NSTINFO=0
++++ config.nsst[37]: ((  NST_GSI > 0  ))
++++ config.nsst[37]: export NSTINFO=4
++++ config.nsst[37]: NSTINFO=4
++++ config.nsst[39]: echo 'END: config.nsst'
END: config.nsst
+++ config.anal[15]: [[ gdas == \g\f\s ]]
+++ config.anal[23]: [[ 128 = \1\2\8 ]]
+++ config.anal[24]: export 'GRIDOPTS=nlayers(63)=1,nlayers(64)=1,'
+++ config.anal[24]: GRIDOPTS='nlayers(63)=1,nlayers(64)=1,'
+++ config.anal[25]: export SETUP=gpstop=55,nsig_ext=45,
+++ config.anal[25]: SETUP=gpstop=55,nsig_ext=45,
+++ config.anal[29]: export lobsdiag_forenkf=.false.
+++ config.anal[29]: lobsdiag_forenkf=.false.
+++ config.anal[33]: export GSNDBF=/dev/null
+++ config.anal[33]: GSNDBF=/dev/null
+++ config.anal[34]: export AMSREBF=/dev/null
+++ config.anal[34]: AMSREBF=/dev/null
+++ config.anal[35]: export SSMITBF=/dev/null
+++ config.anal[35]: SSMITBF=/dev/null
+++ config.anal[36]: export AMSR2BF=/dev/null
+++ config.anal[36]: AMSR2BF=/dev/null
+++ config.anal[41]: export CONVINFO=/lfs/h2/emc/global/noscrub/globalworkflow.ci/GFS_CI_ROOT/PR/2959/global-workflow/fix/gsi/global_convinfo.txt
+++ config.anal[41]: CONVINFO=/lfs/h2/emc/global/noscrub/globalworkflow.ci/GFS_CI_ROOT/PR/2959/global-workflow/fix/gsi/global_convinfo.txt
+++ config.anal[42]: export OZINFO=/lfs/h2/emc/global/noscrub/globalworkflow.ci/GFS_CI_ROOT/PR/2959/global-workflow/fix/gsi/global_ozinfo.txt
+++ config.anal[42]: OZINFO=/lfs/h2/emc/global/noscrub/globalworkflow.ci/GFS_CI_ROOT/PR/2959/global-workflow/fix/gsi/global_ozinfo.txt
+++ config.anal[43]: export SATINFO=/lfs/h2/emc/global/noscrub/globalworkflow.ci/GFS_CI_ROOT/PR/2959/global-workflow/fix/gsi/global_satinfo.txt
+++ config.anal[43]: SATINFO=/lfs/h2/emc/global/noscrub/globalworkflow.ci/GFS_CI_ROOT/PR/2959/global-workflow/fix/gsi/global_satinfo.txt
+++ config.anal[44]: export OBERROR=/lfs/h2/emc/global/noscrub/globalworkflow.ci/GFS_CI_ROOT/PR/2959/global-workflow/fix/gsi/prepobs_errtable.global
+++ config.anal[44]: OBERROR=/lfs/h2/emc/global/noscrub/globalworkflow.ci/GFS_CI_ROOT/PR/2959/global-workflow/fix/gsi/prepobs_errtable.global
+++ config.anal[46]: [[ NO = \Y\E\S ]]
+++ config.anal[55]: [[ emc == \e\m\c ]]
+++ config.anal[57]: [[ 2021122100 -ge 2019021900 ]]
+++ config.anal[57]: [[ 2021122100 -lt 2019110706 ]]
+++ config.anal[63]: [[ 2021122100 -ge 2019110706 ]]
+++ config.anal[63]: [[ 2021122100 -lt 2020040718 ]]
+++ config.anal[69]: [[ 2021122100 -ge 2020040718 ]]
+++ config.anal[69]: [[ 2021122100 -lt 2020052612 ]]
+++ config.anal[75]: [[ 2021122100 -ge 2020052612 ]]
+++ config.anal[75]: [[ 2021122100 -lt 2020082412 ]]
+++ config.anal[81]: [[ 2021122100 -ge 2020082412 ]]
+++ config.anal[81]: [[ 2021122100 -lt 2020091612 ]]
+++ config.anal[86]: [[ 2021122100 -ge 2020091612 ]]
+++ config.anal[86]: [[ 2021122100 -lt 2021031712 ]]
+++ config.anal[91]: [[ 2021122100 -ge 2021031712 ]]
+++ config.anal[91]: [[ 2021122100 -lt 2021091612 ]]
+++ config.anal[105]: [[ 2021122100 -ge 2020011600 ]]
+++ config.anal[105]: [[ 2021122100 -lt 2020011806 ]]
+++ config.anal[111]: [[ 2021122100 -ge 2019021900 ]]
+++ config.anal[111]: [[ 2021122100 -lt 2019110706 ]]
+++ config.anal[116]: [[ 2021122100 -ge 2019110706 ]]
+++ config.anal[116]: [[ 2021122100 -lt 2020022012 ]]
+++ config.anal[121]: [[ 2021122100 -ge 2020022012 ]]
+++ config.anal[121]: [[ 2021122100 -lt 2021052118 ]]
+++ config.anal[126]: [[ 2021122100 -ge 2021052118 ]]
+++ config.anal[126]: [[ 2021122100 -lt 2021092206 ]]
+++ config.anal[131]: [[ 2021122100 -ge 2021092206 ]]
+++ config.anal[131]: [[ 2021122100 -lt 2021102612 ]]
+++ config.anal[148]: export AIRS_CADS=.false.
+++ config.anal[148]: AIRS_CADS=.false.
+++ config.anal[149]: export CRIS_CADS=.false.
+++ config.anal[149]: CRIS_CADS=.false.
+++ config.anal[150]: export IASI_CADS=.false.
+++ config.anal[150]: IASI_CADS=.false.
+++ config.anal[152]: echo 'END: config.anal'
END: config.anal
++ jjob_header.sh[98]: status=0
++ jjob_header.sh[99]: ((  status != 0  ))
++ jjob_header.sh[96]: for config in "${configs[@]:-''}"
++ jjob_header.sh[97]: source /lfs/h2/emc/global/noscrub/globalworkflow.ci/GFS_CI_ROOT/PR/2959/RUNTESTS/EXPDIR/C96C48_hybatmDA_c55c8630/config.analdiag
+++ config.analdiag[6]: echo 'BEGIN: config.analdiag'
BEGIN: config.analdiag
+++ config.analdiag[9]: . /lfs/h2/emc/global/noscrub/globalworkflow.ci/GFS_CI_ROOT/PR/2959/RUNTESTS/EXPDIR/C96C48_hybatmDA_c55c8630/config.resources analdiag
++++ config.resources[10]: ((  1 != 1  ))
++++ config.resources[34]: step=analdiag
++++ config.resources[36]: echo 'BEGIN: config.resources'
BEGIN: config.resources
++++ config.resources[38]: case ${machine} in
++++ config.resources[40]: max_tasks_per_node=128
++++ config.resources[43]: mem_node_max=500GB
++++ config.resources[144]: export max_tasks_per_node
++++ config.resources[146]: case ${step} in
++++ config.resources[720]: walltime=00:15:00
++++ config.resources[721]: ntasks=96
++++ config.resources[722]: threads_per_task=1
++++ config.resources[723]: tasks_per_node=128
++++ config.resources[724]: memory=48GB
++++ config.resources[1426]: [[ -f /lfs/h2/emc/global/noscrub/globalworkflow.ci/GFS_CI_ROOT/PR/2959/RUNTESTS/EXPDIR/C96C48_hybatmDA_c55c8630/config.resources.WCOSS2 ]]
++++ config.resources[1427]: source /lfs/h2/emc/global/noscrub/globalworkflow.ci/GFS_CI_ROOT/PR/2959/RUNTESTS/EXPDIR/C96C48_hybatmDA_c55c8630/config.resources.WCOSS2
+++++ config.resources.WCOSS2[5]: case ${step} in
++++ config.resources[1431]: for resource_var in threads_per_task ntasks tasks_per_node NTASKS memory walltime
++++ config.resources[1432]: run_resource_var=threads_per_task_gdas
++++ config.resources[1433]: [[ -n '' ]]
++++ config.resources[1435]: [[ -n 0 ]]
++++ config.resources[1436]: export threads_per_task
++++ config.resources[1431]: for resource_var in threads_per_task ntasks tasks_per_node NTASKS memory walltime
++++ config.resources[1432]: run_resource_var=ntasks_gdas
++++ config.resources[1433]: [[ -n 0 ]]
++++ config.resources[1434]: declare -x ntasks=84
++++ config.resources[1431]: for resource_var in threads_per_task ntasks tasks_per_node NTASKS memory walltime
++++ config.resources[1432]: run_resource_var=tasks_per_node_gdas
++++ config.resources[1433]: [[ -n '' ]]
++++ config.resources[1435]: [[ -n 0 ]]
++++ config.resources[1436]: export tasks_per_node
++++ config.resources[1431]: for resource_var in threads_per_task ntasks tasks_per_node NTASKS memory walltime
++++ config.resources[1432]: run_resource_var=NTASKS_gdas
++++ config.resources[1433]: [[ -n '' ]]
++++ config.resources[1435]: [[ -n '' ]]
++++ config.resources[1431]: for resource_var in threads_per_task ntasks tasks_per_node NTASKS memory walltime
++++ config.resources[1432]: run_resource_var=memory_gdas
++++ config.resources[1433]: [[ -n '' ]]
++++ config.resources[1435]: [[ -n 0 ]]
++++ config.resources[1436]: export memory
++++ config.resources[1431]: for resource_var in threads_per_task ntasks tasks_per_node NTASKS memory walltime
++++ config.resources[1432]: run_resource_var=walltime_gdas
++++ config.resources[1433]: [[ -n 0 ]]
++++ config.resources[1434]: declare -x walltime=01:20:00
++++ config.resources[1440]: echo 'END: config.resources'
END: config.resources
+++ config.analdiag[11]: echo 'END: config.analdiag'
END: config.analdiag
++ jjob_header.sh[98]: status=0
++ jjob_header.sh[99]: ((  status != 0  ))
++ jjob_header.sh[109]: source /lfs/h2/emc/global/noscrub/globalworkflow.ci/GFS_CI_ROOT/PR/2959/global-workflow/env/WCOSS2.env anal
+++ WCOSS2.env[3]: [[ 1 -ne 1 ]]
+++ WCOSS2.env[10]: step=anal
+++ WCOSS2.env[13]: export 'launcher=mpiexec -l'
+++ WCOSS2.env[13]: launcher='mpiexec -l'
+++ WCOSS2.env[14]: export 'mpmd_opt=--cpu-bind verbose,core cfp'
+++ WCOSS2.env[14]: mpmd_opt='--cpu-bind verbose,core cfp'
+++ WCOSS2.env[18]: [[ -n 84 ]]
+++ WCOSS2.env[18]: [[ -n 128 ]]
+++ WCOSS2.env[18]: [[ -n 128 ]]
+++ WCOSS2.env[19]: max_threads_per_task=1
+++ WCOSS2.env[20]: NTHREADSmax=1
+++ WCOSS2.env[21]: NTHREADS1=1
+++ WCOSS2.env[22]: [[ 1 -gt 1 ]]
+++ WCOSS2.env[23]: [[ 1 -gt 1 ]]
+++ WCOSS2.env[24]: APRUN_default='mpiexec -l -n 84'
+++ WCOSS2.env[30]: [[ anal = \p\r\e\p ]]
+++ WCOSS2.env[30]: [[ anal = \p\r\e\p\b\u\f\r ]]
+++ WCOSS2.env[37]: [[ anal = \p\r\e\p\s\n\o\w\o\b\s ]]
+++ WCOSS2.env[41]: [[ anal = \p\r\e\p\_\e\m\i\s\s\i\o\n\s ]]
+++ WCOSS2.env[45]: [[ anal = \w\a\v\e\i\n\i\t ]]
+++ WCOSS2.env[45]: [[ anal = \w\a\v\e\p\r\e\p ]]
+++ WCOSS2.env[45]: [[ anal = \w\a\v\e\p\o\s\t\s\b\s ]]
+++ WCOSS2.env[45]: [[ anal = \w\a\v\e\p\o\s\t\b\n\d\p\n\t ]]
+++ WCOSS2.env[45]: [[ anal = \w\a\v\e\p\o\s\t\b\n\d\p\n\t\b\l\l ]]
+++ WCOSS2.env[45]: [[ anal = \w\a\v\e\p\o\s\t\p\n\t ]]
+++ WCOSS2.env[51]: [[ anal = \a\t\m\a\n\l\v\a\r ]]
+++ WCOSS2.env[56]: [[ anal = \a\t\m\e\n\s\a\n\l\o\b\s ]]
+++ WCOSS2.env[61]: [[ anal = \a\t\m\e\n\s\a\n\l\s\o\l ]]
+++ WCOSS2.env[66]: [[ anal = \a\t\m\e\n\s\a\n\l\l\e\t\k\f ]]
+++ WCOSS2.env[71]: [[ anal = \a\t\m\e\n\s\a\n\l\f\v\3\i\n\c ]]
+++ WCOSS2.env[76]: [[ anal = \a\e\r\o\a\n\l\v\a\r ]]
+++ WCOSS2.env[83]: [[ anal = \a\e\r\o\a\n\l\g\e\n\b ]]
+++ WCOSS2.env[88]: [[ anal = \p\r\e\p\o\b\s\a\e\r\o ]]
+++ WCOSS2.env[93]: [[ anal = \s\n\o\w\a\n\l ]]
+++ WCOSS2.env[100]: [[ anal = \e\s\n\o\w\r\e\c\e\n ]]
+++ WCOSS2.env[107]: [[ anal = \m\a\r\i\n\e\b\m\a\t ]]
+++ WCOSS2.env[112]: [[ anal = \o\c\n\a\n\a\l\r\u\n ]]
+++ WCOSS2.env[118]: [[ anal = \o\c\n\a\n\a\l\c\h\k\p\t ]]
+++ WCOSS2.env[124]: [[ anal = \o\c\n\a\n\a\l\e\c\e\n ]]
+++ WCOSS2.env[129]: [[ anal = \m\a\r\i\n\e\a\n\a\l\l\e\t\k\f ]]
+++ WCOSS2.env[134]: [[ anal = \a\t\m\a\n\l\f\v\3\i\n\c ]]
+++ WCOSS2.env[139]: [[ anal = \a\n\a\l ]]
+++ WCOSS2.env[141]: export OMP_PLACES=cores
+++ WCOSS2.env[141]: OMP_PLACES=cores
+++ WCOSS2.env[142]: export OMP_STACKSIZE=1G
+++ WCOSS2.env[142]: OMP_STACKSIZE=1G
+++ WCOSS2.env[143]: export FI_OFI_RXM_SAR_LIMIT=3145728
+++ WCOSS2.env[143]: FI_OFI_RXM_SAR_LIMIT=3145728
+++ WCOSS2.env[145]: [[ anal = \a\n\a\l\c\a\l\c ]]
+++ WCOSS2.env[149]: export NTHREADS_GSI=1
+++ WCOSS2.env[149]: NTHREADS_GSI=1
+++ WCOSS2.env[150]: export 'APRUN_GSI=mpiexec -l -n 84 -ppn 128 --cpu-bind depth --depth 1'
+++ WCOSS2.env[150]: APRUN_GSI='mpiexec -l -n 84 -ppn 128 --cpu-bind depth --depth 1'
+++ WCOSS2.env[152]: export NTHREADS_CALCINC=1
+++ WCOSS2.env[152]: NTHREADS_CALCINC=1
+++ WCOSS2.env[153]: [[ 1 -gt 1 ]]
+++ WCOSS2.env[154]: export 'APRUN_CALCINC=mpiexec -l $ncmd'
+++ WCOSS2.env[154]: APRUN_CALCINC='mpiexec -l $ncmd'
+++ WCOSS2.env[156]: export NTHREADS_CYCLE=5
+++ WCOSS2.env[156]: NTHREADS_CYCLE=5
+++ WCOSS2.env[157]: [[ 5 -gt 128 ]]
+++ WCOSS2.env[158]: ntasks_cycle=6
+++ WCOSS2.env[159]: export 'APRUN_CYCLE=mpiexec -l -n 6 -ppn 25 --cpu-bind depth --depth 5'
+++ WCOSS2.env[159]: APRUN_CYCLE='mpiexec -l -n 6 -ppn 25 --cpu-bind depth --depth 5'
+++ WCOSS2.env[161]: export NTHREADS_GAUSFCANL=1
+++ WCOSS2.env[161]: NTHREADS_GAUSFCANL=1
+++ WCOSS2.env[162]: ntasks_gausfcanl=1
+++ WCOSS2.env[163]: export 'APRUN_GAUSFCANL=mpiexec -l -n 1'
+++ WCOSS2.env[163]: APRUN_GAUSFCANL='mpiexec -l -n 1'
+++ WCOSS2.env[165]: export NTHREADS_CHGRES=14
+++ WCOSS2.env[165]: NTHREADS_CHGRES=14
+++ WCOSS2.env[166]: [[ 14 -gt 128 ]]
+++ WCOSS2.env[167]: export APRUN_CHGRES=
+++ WCOSS2.env[167]: APRUN_CHGRES=
+++ WCOSS2.env[169]: export CFP_MP=NO
+++ WCOSS2.env[169]: CFP_MP=NO
+++ WCOSS2.env[170]: export USE_CFP=YES
+++ WCOSS2.env[170]: USE_CFP=YES
+++ WCOSS2.env[171]: export 'APRUNCFP=mpiexec -l -np $ncmd --cpu-bind verbose,core cfp'
+++ WCOSS2.env[171]: APRUNCFP='mpiexec -l -np $ncmd --cpu-bind verbose,core cfp'
++ jjob_header.sh[110]: status=0
++ jjob_header.sh[111]: ((  status != 0  ))
+ JGDAS_ATMOS_ANALYSIS_DIAG[10]: export DO_CALC_ANALYSIS=YES
+ JGDAS_ATMOS_ANALYSIS_DIAG[10]: DO_CALC_ANALYSIS=YES
++ JGDAS_ATMOS_ANALYSIS_DIAG[19]: /apps/ops/prod/nco/core/prod_util.v2.0.9/exec/ndate -6 2021122100
+ JGDAS_ATMOS_ANALYSIS_DIAG[19]: GDATE=2021122018
+ JGDAS_ATMOS_ANALYSIS_DIAG[21]: export gPDY=20211220
+ JGDAS_ATMOS_ANALYSIS_DIAG[21]: gPDY=20211220
+ JGDAS_ATMOS_ANALYSIS_DIAG[22]: export gcyc=18
+ JGDAS_ATMOS_ANALYSIS_DIAG[22]: gcyc=18
+ JGDAS_ATMOS_ANALYSIS_DIAG[23]: export GDUMP=gdas
+ JGDAS_ATMOS_ANALYSIS_DIAG[23]: GDUMP=gdas
+ JGDAS_ATMOS_ANALYSIS_DIAG[24]: export GDUMP_ENS=enkfgdas
+ JGDAS_ATMOS_ANALYSIS_DIAG[24]: GDUMP_ENS=enkfgdas
+ JGDAS_ATMOS_ANALYSIS_DIAG[26]: export OPREFIX=gdas.t00z.
+ JGDAS_ATMOS_ANALYSIS_DIAG[26]: OPREFIX=gdas.t00z.
+ JGDAS_ATMOS_ANALYSIS_DIAG[27]: export GPREFIX=gdas.t18z.
+ JGDAS_ATMOS_ANALYSIS_DIAG[27]: GPREFIX=gdas.t18z.
+ JGDAS_ATMOS_ANALYSIS_DIAG[28]: export APREFIX=gdas.t00z.
+ JGDAS_ATMOS_ANALYSIS_DIAG[28]: APREFIX=gdas.t00z.
+ JGDAS_ATMOS_ANALYSIS_DIAG[30]: YMD=20211221
+ JGDAS_ATMOS_ANALYSIS_DIAG[30]: HH=00
+ JGDAS_ATMOS_ANALYSIS_DIAG[30]: declare_from_tmpl -rx COM_ATMOS_ANALYSIS
+ bash_utils.sh[35]: [[ NO == \N\O ]]
+ bash_utils.sh[35]: set +x
declare_from_tmpl :: COM_ATMOS_ANALYSIS=/lfs/h2/emc/global/noscrub/globalworkflow.ci/GFS_CI_ROOT/PR/2959/RUNTESTS/COMROOT/C96C48_hybatmDA_c55c8630/gdas.20211221/00//analysis/atmos
+ JGDAS_ATMOS_ANALYSIS_DIAG[31]: mkdir -m 775 -p /lfs/h2/emc/global/noscrub/globalworkflow.ci/GFS_CI_ROOT/PR/2959/RUNTESTS/COMROOT/C96C48_hybatmDA_c55c8630/gdas.20211221/00//analysis/atmos
+ JGDAS_ATMOS_ANALYSIS_DIAG[35]: /lfs/h2/emc/global/noscrub/globalworkflow.ci/GFS_CI_ROOT/PR/2959/global-workflow/scripts/exglobal_diag.sh
Begin exglobal_diag.sh at Fri Sep 27 06:36:46 UTC 2024
++ exglobal_diag.sh[25]: pwd
+ exglobal_diag.sh[25]: pwd=/lfs/h2/emc/stmp/terry.mcguinness/RUNDIRS/C96C48_hybatmDA_c55c8630/gdas.2021122100/analdiag.246715
+ exglobal_diag.sh[28]: CDATE=2021122100
+ exglobal_diag.sh[29]: GDUMP=gdas
+ exglobal_diag.sh[32]: export 'CHGRP_CMD=chgrp rstprod'
+ exglobal_diag.sh[32]: CHGRP_CMD='chgrp rstprod'
+ exglobal_diag.sh[33]: export NCLEN=/lfs/h2/emc/global/noscrub/globalworkflow.ci/GFS_CI_ROOT/PR/2959/global-workflow/ush/getncdimlen
+ exglobal_diag.sh[33]: NCLEN=/lfs/h2/emc/global/noscrub/globalworkflow.ci/GFS_CI_ROOT/PR/2959/global-workflow/ush/getncdimlen
+ exglobal_diag.sh[34]: export CATEXEC=/apps/ops/prod/libs/intel/19.1.3.304/cray-mpich/8.1.4/ncdiag/1.0.0/bin/ncdiag_cat_serial.x
+ exglobal_diag.sh[34]: CATEXEC=/apps/ops/prod/libs/intel/19.1.3.304/cray-mpich/8.1.4/ncdiag/1.0.0/bin/ncdiag_cat_serial.x
+ exglobal_diag.sh[35]: COMPRESS=gzip
+ exglobal_diag.sh[36]: UNCOMPRESS=gunzip
+ exglobal_diag.sh[37]: APRUNCFP='mpiexec -l -np $ncmd --cpu-bind verbose,core cfp'
+ exglobal_diag.sh[40]: netcdf_diag=.true.
+ exglobal_diag.sh[41]: binary_diag=.false.
+ exglobal_diag.sh[44]: RUN=gdas
+ exglobal_diag.sh[45]: SENDECF=NO
+ exglobal_diag.sh[46]: SENDDBN=NO
+ exglobal_diag.sh[51]: export APREFIX=gdas.t00z.
+ exglobal_diag.sh[51]: APREFIX=gdas.t00z.
/lfs/h2/emc/global/noscrub/globalworkflow.ci/GFS_CI_ROOT/PR/2959/global-workflow/scripts/exglobal_diag.sh: line 52: COMOUT_ATMOS_ANALYSIS: unbound variable
++ exglobal_diag.sh[1]: postamble exglobal_diag.sh 1727419006 1
++ preamble.sh[70]: set +x
End exglobal_diag.sh at 06:36:46 with error code 1 (time elapsed: 00:00:00)
+ JGDAS_ATMOS_ANALYSIS_DIAG[1]: postamble JGDAS_ATMOS_ANALYSIS_DIAG 1727419003 1
+ preamble.sh[70]: set +x
End JGDAS_ATMOS_ANALYSIS_DIAG at 06:36:46 with error code 1 (time elapsed: 00:00:03)
+ analdiag.sh[1]: postamble analdiag.sh 1727419001 1
+ preamble.sh[70]: set +x
End analdiag.sh at 06:36:46 with error code 1 (time elapsed: 00:00:05)
PBS: Running epilogue on parent mom node: nid001426...
##### Job 156456027.cbqs01 - PBS Job Script:
(Note: Duplicate #PBS entries are a function how PBS interprets and caches the original job script.)

#! /bin/sh
#PBS -N C96C48_hybatmDA_c55c8630_gdasanaldiag_00
#PBS -A GFS-DEV
#PBS -q dev
#PBS -l walltime=00:15:00
#PBS -l select=1:mpiprocs=128:ompthreads=1:ncpus=128:mem=48GB
#PBS -j oe -o /lfs/h2/emc/global/noscrub/globalworkflow.ci/GFS_CI_ROOT/PR/2959/RUNTESTS/COMROOT/C96C48_hybatmDA_c55c8630/logs/2021122100/gdasanaldiag.log
#PBS -l place=vscatter:shared
export RUN_ENVIR='emc'
export HOMEgfs='/lfs/h2/emc/global/noscrub/globalworkflow.ci/GFS_CI_ROOT/PR/2959/global-workflow'
export EXPDIR='/lfs/h2/emc/global/noscrub/globalworkflow.ci/GFS_CI_ROOT/PR/2959/RUNTESTS/EXPDIR/C96C48_hybatmDA_c55c8630'
export NET='gfs'
export RUN='gdas'
export CDATE='2021122100'
export PDY='20211221'
export cyc='00'
export COMROOT='/lfs/h2/emc/global/noscrub/globalworkflow.ci/GFS_CI_ROOT/PR/2959/RUNTESTS/COMROOT'
export DATAROOT='/lfs/h2/emc/stmp/terry.mcguinness/RUNDIRS/C96C48_hybatmDA_c55c8630/gdas.2021122100'
set -x
/lfs/h2/emc/global/noscrub/globalworkflow.ci/GFS_CI_ROOT/PR/2959/global-workflow/jobs/rocoto/analdiag.sh
##### End of job script
------------------------------------------------------------------

