Begin ocnanalprep.sh at Thu May  2 21:54:57 UTC 2024
+ ocnanalprep.sh[8]: . /scratch1/NCEPDEV/global/CI/2565/gfs/ush/load_ufsda_modules.sh
++ load_ufsda_modules.sh[4]: [[ NO == \N\O ]]
++ load_ufsda_modules.sh[5]: echo 'Loading modules quietly...'
Loading modules quietly...
++ load_ufsda_modules.sh[6]: set +x
Running "module reset". Resetting modules to system default. The following $MODULEPATH directories have been removed: None

Currently Loaded Modules:
  1) contrib                          48) sp/2.5.0
  2) intel/2022.1.2                   49) gsl-lite/0.37.0
  3) stack-intel/2021.5.0             50) libjpeg/2.1.0
  4) impi/2022.1.2                    51) krb5/1.20.1
  5) stack-intel-oneapi-mpi/2021.5.1  52) libtirpc/1.3.3
  6) cmake/3.23.1                     53) hdf/4.2.15
  7) gettext/0.19.8.1                 54) jedi-cmake/1.4.0
  8) pcre2/10.42                      55) libpng/1.6.37
  9) nghttp2/1.57.0                   56) libxt/1.1.5
 10) curl/8.4.0                       57) libxmu/1.1.4
 11) zlib/1.2.13                      58) libxpm/4.11.0
 12) git/2.18.0                       59) libxaw/1.0.13
 13) pkg-config/0.27.1                60) udunits/2.2.28
 14) hdf5/1.14.0                      61) ncview/2.1.9
 15) parallel-netcdf/1.12.2           62) netcdf-cxx4/4.3.1
 16) snappy/1.1.10                    63) json/3.10.5
 17) zstd/1.5.2                       64) rocoto/1.3.6
 18) c-blosc/1.21.5                   65) bacio/2.4.1
 19) netcdf-c/4.9.2                   66) w3emc/2.10.0
 20) nccmp/1.9.0.1                    67) prod_util/2.1.1
 21) netcdf-fortran/4.6.1             68) py-markupsafe/2.1.3
 22) antlr/2.7.7                      69) py-jinja2/3.0.3
 23) gsl/2.7.1                        70) py-cftime/1.0.3.4
 24) nco/5.0.6                        71) py-netcdf4/1.5.8
 25) parallelio/2.5.10                72) py-pybind11/2.11.0
 26) wget/1.14                        73) py-pycodestyle/2.11.0
 27) libxcrypt/4.4.35                 74) libyaml/0.2.5
 28) sqlite/3.43.2                    75) py-pyyaml/6.0
 29) util-linux-uuid/2.38.1           76) py-scipy/1.11.3
 30) python/3.10.13                   77) py-packaging/23.1
 31) boost/1.83.0                     78) py-bottleneck/1.3.7
 32) py-setuptools/63.4.3             79) py-numexpr/2.8.4
 33) py-numpy/1.22.3                  80) py-et-xmlfile/1.0.1
 34) bufr/12.0.1                      81) py-openpyxl/3.1.2
 35) git-lfs/2.10.0                   82) py-six/1.16.0
 36) ecbuild/3.7.2                    83) py-python-dateutil/2.8.2
 37) openjpeg/2.3.1                   84) py-pytz/2023.3
 38) eccodes/2.32.0                   85) py-pyxlsb/1.0.10
 39) eigen/3.4.0                      86) py-xlrd/2.0.1
 40) openblas/0.3.24                  87) py-xlsxwriter/3.1.7
 41) eckit/1.24.5                     88) py-xlwt/1.3.0
 42) fftw/3.3.10                      89) py-pandas/1.5.3
 43) fckit/0.11.0                     90) py-xarray/2023.7.0
 44) fiat/1.2.0                       91) py-f90nml/1.4.3
 45) ectrans/1.2.0                    92) py-pip/23.1.2
 46) qhull/2020.2                     93) GDAS/hera.intel
 47) atlas/0.35.1

 

Package         Version
--------------- --------
Bottleneck      1.3.7
cftime          1.0.3.4
et-xmlfile      1.0.1
f90nml          1.4.3
Jinja2          3.0.3
MarkupSafe      2.1.3
netCDF4         1.5.8
numexpr         2.8.4
numpy           1.22.3
openpyxl        3.1.2
packaging       23.1
pandas          1.5.3
pip             23.1.2
pybind11        2.11.0
pycodestyle     2.11.0
python-dateutil 2.8.2
pytz            2023.3
pyxlsb          1.0.10
PyYAML          6.0
scipy           1.11.3
setuptools      63.4.3
six             1.16.0
xarray          2023.7.0
xlrd            2.0.1
XlsxWriter      3.1.7
xlwt            1.3.0
+ ocnanalprep.sh[9]: status=0
+ ocnanalprep.sh[10]: [[ 0 -ne 0 ]]
+ ocnanalprep.sh[12]: export job=ocnanalprep
+ ocnanalprep.sh[12]: job=ocnanalprep
+ ocnanalprep.sh[13]: export jobid=ocnanalprep.2650953
+ ocnanalprep.sh[13]: jobid=ocnanalprep.2650953
+ ocnanalprep.sh[17]: /scratch1/NCEPDEV/global/CI/2565/gfs/jobs/JGDAS_GLOBAL_OCEAN_ANALYSIS_PREP
Begin JGDAS_GLOBAL_OCEAN_ANALYSIS_PREP at Thu May  2 21:55:30 UTC 2024
+ JGDAS_GLOBAL_OCEAN_ANALYSIS_PREP[3]: export DATA=/scratch1/NCEPDEV/stmp2/Terry.McGuinness/RUNDIRS/C48mx500_3DVarAOWCDA_264f2fa2/gdasocnanal_18
+ JGDAS_GLOBAL_OCEAN_ANALYSIS_PREP[3]: DATA=/scratch1/NCEPDEV/stmp2/Terry.McGuinness/RUNDIRS/C48mx500_3DVarAOWCDA_264f2fa2/gdasocnanal_18
+ JGDAS_GLOBAL_OCEAN_ANALYSIS_PREP[4]: source /scratch1/NCEPDEV/global/CI/2565/gfs/ush/jjob_header.sh -e ocnanalprep -c 'base ocnanal ocnanalprep'
++ jjob_header.sh[44]: OPTIND=1
++ jjob_header.sh[45]: getopts c:e: option
++ jjob_header.sh[46]: case "${option}" in
++ jjob_header.sh[48]: env_job=ocnanalprep
++ jjob_header.sh[45]: getopts c:e: option
++ jjob_header.sh[46]: case "${option}" in
++ jjob_header.sh[47]: read -ra configs
++ jjob_header.sh[45]: getopts c:e: option
++ jjob_header.sh[59]: shift 4
++ jjob_header.sh[61]: [[ -z ocnanalprep ]]
++ jjob_header.sh[69]: export DATA=/scratch1/NCEPDEV/stmp2/Terry.McGuinness/RUNDIRS/C48mx500_3DVarAOWCDA_264f2fa2/gdasocnanal_18
++ jjob_header.sh[69]: DATA=/scratch1/NCEPDEV/stmp2/Terry.McGuinness/RUNDIRS/C48mx500_3DVarAOWCDA_264f2fa2/gdasocnanal_18
++ jjob_header.sh[70]: [[ YES == \Y\E\S ]]
++ jjob_header.sh[71]: rm -rf /scratch1/NCEPDEV/stmp2/Terry.McGuinness/RUNDIRS/C48mx500_3DVarAOWCDA_264f2fa2/gdasocnanal_18
++ jjob_header.sh[73]: mkdir -p /scratch1/NCEPDEV/stmp2/Terry.McGuinness/RUNDIRS/C48mx500_3DVarAOWCDA_264f2fa2/gdasocnanal_18
++ jjob_header.sh[74]: cd /scratch1/NCEPDEV/stmp2/Terry.McGuinness/RUNDIRS/C48mx500_3DVarAOWCDA_264f2fa2/gdasocnanal_18
++ jjob_header.sh[80]: export cycle=t18z
++ jjob_header.sh[80]: cycle=t18z
++ jjob_header.sh[81]: setpdy.sh
sed: can't read /scratch1/NCEPDEV/global/CI/2565/RUNTESTS/COMROOT/date/t18z: No such file or directory
 completed cleanly
 completed cleanly
Source PDY script to export PDYm7, ..., PDY, ..., PDYp7 variables.
++ jjob_header.sh[82]: source ./PDY
+++ PDY[1]: export PDYm7=20210317
+++ PDY[1]: PDYm7=20210317
+++ PDY[2]: export PDYm6=20210318
+++ PDY[2]: PDYm6=20210318
+++ PDY[3]: export PDYm5=20210319
+++ PDY[3]: PDYm5=20210319
+++ PDY[4]: export PDYm4=20210320
+++ PDY[4]: PDYm4=20210320
+++ PDY[5]: export PDYm3=20210321
+++ PDY[5]: PDYm3=20210321
+++ PDY[6]: export PDYm2=20210322
+++ PDY[6]: PDYm2=20210322
+++ PDY[7]: export PDYm1=20210323
+++ PDY[7]: PDYm1=20210323
+++ PDY[8]: export PDY=20210324
+++ PDY[8]: PDY=20210324
+++ PDY[9]: export PDYp1=20210325
+++ PDY[9]: PDYp1=20210325
+++ PDY[10]: export PDYp2=20210326
+++ PDY[10]: PDYp2=20210326
+++ PDY[11]: export PDYp3=20210327
+++ PDY[11]: PDYp3=20210327
+++ PDY[12]: export PDYp4=20210328
+++ PDY[12]: PDYp4=20210328
+++ PDY[13]: export PDYp5=20210329
+++ PDY[13]: PDYp5=20210329
+++ PDY[14]: export PDYp6=20210330
+++ PDY[14]: PDYp6=20210330
+++ PDY[15]: export PDYp7=20210331
+++ PDY[15]: PDYp7=20210331
++ jjob_header.sh[88]: export pid=2651659
++ jjob_header.sh[88]: pid=2651659
++ jjob_header.sh[89]: export pgmout=OUTPUT.2651659
++ jjob_header.sh[89]: pgmout=OUTPUT.2651659
++ jjob_header.sh[90]: export pgmerr=errfile
++ jjob_header.sh[90]: pgmerr=errfile
++ jjob_header.sh[96]: export EXPDIR=/scratch1/NCEPDEV/global/CI/2565/RUNTESTS/EXPDIR/C48mx500_3DVarAOWCDA_264f2fa2
++ jjob_header.sh[96]: EXPDIR=/scratch1/NCEPDEV/global/CI/2565/RUNTESTS/EXPDIR/C48mx500_3DVarAOWCDA_264f2fa2
++ jjob_header.sh[97]: for config in "${configs[@]:-''}"
++ jjob_header.sh[98]: source /scratch1/NCEPDEV/global/CI/2565/RUNTESTS/EXPDIR/C48mx500_3DVarAOWCDA_264f2fa2/config.base
+++ config.base[6]: echo 'BEGIN: config.base'
BEGIN: config.base
+++ config.base[9]: export machine=HERA
+++ config.base[9]: machine=HERA
+++ config.base[12]: export RUN_ENVIR=emc
+++ config.base[12]: RUN_ENVIR=emc
+++ config.base[15]: export ACCOUNT=nems
+++ config.base[15]: ACCOUNT=nems
+++ config.base[16]: export QUEUE=batch
+++ config.base[16]: QUEUE=batch
+++ config.base[17]: export QUEUE_SERVICE=batch
+++ config.base[17]: QUEUE_SERVICE=batch
+++ config.base[18]: export PARTITION_BATCH=hera
+++ config.base[18]: PARTITION_BATCH=hera
+++ config.base[19]: export PARTITION_SERVICE=service
+++ config.base[19]: PARTITION_SERVICE=service
+++ config.base[22]: export HPSS_PROJECT=emc-global
+++ config.base[22]: HPSS_PROJECT=emc-global
+++ config.base[25]: export HOMEgfs=/scratch1/NCEPDEV/global/CI/2565/gfs
+++ config.base[25]: HOMEgfs=/scratch1/NCEPDEV/global/CI/2565/gfs
+++ config.base[26]: export EXECgfs=/scratch1/NCEPDEV/global/CI/2565/gfs/exec
+++ config.base[26]: EXECgfs=/scratch1/NCEPDEV/global/CI/2565/gfs/exec
+++ config.base[27]: export FIXgfs=/scratch1/NCEPDEV/global/CI/2565/gfs/fix
+++ config.base[27]: FIXgfs=/scratch1/NCEPDEV/global/CI/2565/gfs/fix
+++ config.base[28]: export PARMgfs=/scratch1/NCEPDEV/global/CI/2565/gfs/parm
+++ config.base[28]: PARMgfs=/scratch1/NCEPDEV/global/CI/2565/gfs/parm
+++ config.base[29]: export SCRgfs=/scratch1/NCEPDEV/global/CI/2565/gfs/scripts
+++ config.base[29]: SCRgfs=/scratch1/NCEPDEV/global/CI/2565/gfs/scripts
+++ config.base[30]: export USHgfs=/scratch1/NCEPDEV/global/CI/2565/gfs/ush
+++ config.base[30]: USHgfs=/scratch1/NCEPDEV/global/CI/2565/gfs/ush
+++ config.base[32]: export FIXam=/scratch1/NCEPDEV/global/CI/2565/gfs/fix/am
+++ config.base[32]: FIXam=/scratch1/NCEPDEV/global/CI/2565/gfs/fix/am
+++ config.base[33]: export FIXaer=/scratch1/NCEPDEV/global/CI/2565/gfs/fix/aer
+++ config.base[33]: FIXaer=/scratch1/NCEPDEV/global/CI/2565/gfs/fix/aer
+++ config.base[34]: export FIXcpl=/scratch1/NCEPDEV/global/CI/2565/gfs/fix/cpl
+++ config.base[34]: FIXcpl=/scratch1/NCEPDEV/global/CI/2565/gfs/fix/cpl
+++ config.base[35]: export FIXlut=/scratch1/NCEPDEV/global/CI/2565/gfs/fix/lut
+++ config.base[35]: FIXlut=/scratch1/NCEPDEV/global/CI/2565/gfs/fix/lut
+++ config.base[36]: export FIXorog=/scratch1/NCEPDEV/global/CI/2565/gfs/fix/orog
+++ config.base[36]: FIXorog=/scratch1/NCEPDEV/global/CI/2565/gfs/fix/orog
+++ config.base[37]: export FIXcice=/scratch1/NCEPDEV/global/CI/2565/gfs/fix/cice
+++ config.base[37]: FIXcice=/scratch1/NCEPDEV/global/CI/2565/gfs/fix/cice
+++ config.base[38]: export FIXmom=/scratch1/NCEPDEV/global/CI/2565/gfs/fix/mom6
+++ config.base[38]: FIXmom=/scratch1/NCEPDEV/global/CI/2565/gfs/fix/mom6
+++ config.base[39]: export FIXreg2grb2=/scratch1/NCEPDEV/global/CI/2565/gfs/fix/reg2grb2
+++ config.base[39]: FIXreg2grb2=/scratch1/NCEPDEV/global/CI/2565/gfs/fix/reg2grb2
+++ config.base[40]: export FIXugwd=/scratch1/NCEPDEV/global/CI/2565/gfs/fix/ugwd
+++ config.base[40]: FIXugwd=/scratch1/NCEPDEV/global/CI/2565/gfs/fix/ugwd
+++ config.base[41]: export FIXgdas=/scratch1/NCEPDEV/global/CI/2565/gfs/fix/gdas
+++ config.base[41]: FIXgdas=/scratch1/NCEPDEV/global/CI/2565/gfs/fix/gdas
+++ config.base[46]: export PACKAGEROOT=/scratch1/NCEPDEV/global/glopara/nwpara
+++ config.base[46]: PACKAGEROOT=/scratch1/NCEPDEV/global/glopara/nwpara
+++ config.base[47]: export COMROOT=/scratch1/NCEPDEV/global/CI/2565/RUNTESTS/COMROOT
+++ config.base[47]: COMROOT=/scratch1/NCEPDEV/global/CI/2565/RUNTESTS/COMROOT
+++ config.base[48]: export COMINsyn=/scratch1/NCEPDEV/global/glopara/com/gfs/prod/syndat
+++ config.base[48]: COMINsyn=/scratch1/NCEPDEV/global/glopara/com/gfs/prod/syndat
+++ config.base[49]: export DMPDIR=/scratch1/NCEPDEV/global/glopara/dump
+++ config.base[49]: DMPDIR=/scratch1/NCEPDEV/global/glopara/dump
+++ config.base[50]: export BASE_CPLIC=/scratch1/NCEPDEV/global/glopara/data/ICSDIR/prototype_ICs
+++ config.base[50]: BASE_CPLIC=/scratch1/NCEPDEV/global/glopara/data/ICSDIR/prototype_ICs
+++ config.base[54]: export COMINecmwf=/scratch1/NCEPDEV/global/glopara/data/external_gempak/ecmwf
+++ config.base[54]: COMINecmwf=/scratch1/NCEPDEV/global/glopara/data/external_gempak/ecmwf
+++ config.base[55]: export COMINnam=/scratch1/NCEPDEV/global/glopara/data/external_gempak/nam
+++ config.base[55]: COMINnam=/scratch1/NCEPDEV/global/glopara/data/external_gempak/nam
+++ config.base[56]: export COMINukmet=/scratch1/NCEPDEV/global/glopara/data/external_gempak/ukmet
+++ config.base[56]: COMINukmet=/scratch1/NCEPDEV/global/glopara/data/external_gempak/ukmet
+++ config.base[59]: export HOMEDIR=/scratch1/NCEPDEV/global/Terry.McGuinness
+++ config.base[59]: HOMEDIR=/scratch1/NCEPDEV/global/Terry.McGuinness
+++ config.base[60]: export STMP=/scratch1/NCEPDEV/stmp2/Terry.McGuinness
+++ config.base[60]: STMP=/scratch1/NCEPDEV/stmp2/Terry.McGuinness
+++ config.base[61]: export PTMP=/scratch1/NCEPDEV/stmp4/Terry.McGuinness
+++ config.base[61]: PTMP=/scratch1/NCEPDEV/stmp4/Terry.McGuinness
+++ config.base[62]: export NOSCRUB=/scratch1/NCEPDEV/global/Terry.McGuinness
+++ config.base[62]: NOSCRUB=/scratch1/NCEPDEV/global/Terry.McGuinness
+++ config.base[65]: export BASE_GIT=/scratch1/NCEPDEV/global/glopara/git
+++ config.base[65]: BASE_GIT=/scratch1/NCEPDEV/global/glopara/git
+++ config.base[68]: export DO_GOES=NO
+++ config.base[68]: DO_GOES=NO
+++ config.base[69]: export DO_BUFRSND=NO
+++ config.base[69]: DO_BUFRSND=NO
+++ config.base[70]: export DO_GEMPAK=NO
+++ config.base[70]: DO_GEMPAK=NO
+++ config.base[71]: export DO_AWIPS=NO
+++ config.base[71]: DO_AWIPS=NO
+++ config.base[72]: export DO_NPOESS=NO
+++ config.base[72]: DO_NPOESS=NO
+++ config.base[73]: export DO_TRACKER=YES
+++ config.base[73]: DO_TRACKER=YES
+++ config.base[74]: export DO_GENESIS=YES
+++ config.base[74]: DO_GENESIS=YES
+++ config.base[75]: export DO_GENESIS_FSU=NO
+++ config.base[75]: DO_GENESIS_FSU=NO
+++ config.base[76]: export DO_VERFOZN=YES
+++ config.base[76]: DO_VERFOZN=YES
+++ config.base[77]: export DO_VERFRAD=YES
+++ config.base[77]: DO_VERFRAD=YES
+++ config.base[78]: export DO_VMINMON=YES
+++ config.base[78]: DO_VMINMON=YES
+++ config.base[79]: export DO_MOS=NO
+++ config.base[79]: DO_MOS=NO
+++ config.base[85]: export REALTIME=YES
+++ config.base[85]: REALTIME=YES
+++ config.base[88]: export MODE=cycled
+++ config.base[88]: MODE=cycled
+++ config.base[97]: export FIXgsi=/scratch1/NCEPDEV/global/CI/2565/gfs/fix/gsi
+++ config.base[97]: FIXgsi=/scratch1/NCEPDEV/global/CI/2565/gfs/fix/gsi
+++ config.base[98]: export HOMEpost=/scratch1/NCEPDEV/global/CI/2565/gfs
+++ config.base[98]: HOMEpost=/scratch1/NCEPDEV/global/CI/2565/gfs
+++ config.base[99]: export HOMEobsproc=/scratch1/NCEPDEV/global/glopara/git/obsproc/v1.1.2
+++ config.base[99]: HOMEobsproc=/scratch1/NCEPDEV/global/glopara/git/obsproc/v1.1.2
+++ config.base[102]: export 'NCP=/bin/cp -p'
+++ config.base[102]: NCP='/bin/cp -p'
+++ config.base[103]: export NMV=/bin/mv
+++ config.base[103]: NMV=/bin/mv
+++ config.base[104]: export 'NLN=/bin/ln -sf'
+++ config.base[104]: NLN='/bin/ln -sf'
+++ config.base[105]: export VERBOSE=YES
+++ config.base[105]: VERBOSE=YES
+++ config.base[106]: export KEEPDATA=NO
+++ config.base[106]: KEEPDATA=NO
+++ config.base[107]: export DEBUG_POSTSCRIPT=NO
+++ config.base[107]: DEBUG_POSTSCRIPT=NO
+++ config.base[108]: export CHGRP_RSTPROD=YES
+++ config.base[108]: CHGRP_RSTPROD=YES
+++ config.base[109]: export 'CHGRP_CMD=chgrp rstprod'
+++ config.base[109]: CHGRP_CMD='chgrp rstprod'
+++ config.base[110]: export NCDUMP=/scratch1/NCEPDEV/nems/role.epic/spack-stack/spack-stack-1.6.0/envs/unified-env-rocky8/install/intel/2021.5.0/netcdf-c-4.9.2-ejp7j3k/bin/ncdump/bin/ncdump
+++ config.base[110]: NCDUMP=/scratch1/NCEPDEV/nems/role.epic/spack-stack/spack-stack-1.6.0/envs/unified-env-rocky8/install/intel/2021.5.0/netcdf-c-4.9.2-ejp7j3k/bin/ncdump/bin/ncdump
+++ config.base[111]: export NCLEN=/scratch1/NCEPDEV/global/CI/2565/gfs/ush/getncdimlen
+++ config.base[111]: NCLEN=/scratch1/NCEPDEV/global/CI/2565/gfs/ush/getncdimlen
+++ config.base[114]: export BASE_ENV=/scratch1/NCEPDEV/global/CI/2565/gfs/env
+++ config.base[114]: BASE_ENV=/scratch1/NCEPDEV/global/CI/2565/gfs/env
+++ config.base[115]: export BASE_JOB=/scratch1/NCEPDEV/global/CI/2565/gfs/jobs/rocoto
+++ config.base[115]: BASE_JOB=/scratch1/NCEPDEV/global/CI/2565/gfs/jobs/rocoto
+++ config.base[118]: export SDATE=2021032412
+++ config.base[118]: SDATE=2021032412
+++ config.base[119]: export EDATE=2021032418
+++ config.base[119]: EDATE=2021032418
+++ config.base[120]: export EXP_WARM_START=.true.
+++ config.base[120]: EXP_WARM_START=.true.
+++ config.base[121]: export assim_freq=6
+++ config.base[121]: assim_freq=6
+++ config.base[122]: export PSLOT=C48mx500_3DVarAOWCDA_264f2fa2
+++ config.base[122]: PSLOT=C48mx500_3DVarAOWCDA_264f2fa2
+++ config.base[123]: export EXPDIR=/scratch1/NCEPDEV/global/CI/2565/RUNTESTS/EXPDIR/C48mx500_3DVarAOWCDA_264f2fa2
+++ config.base[123]: EXPDIR=/scratch1/NCEPDEV/global/CI/2565/RUNTESTS/EXPDIR/C48mx500_3DVarAOWCDA_264f2fa2
+++ config.base[124]: export ROTDIR=/scratch1/NCEPDEV/global/CI/2565/RUNTESTS/COMROOT/C48mx500_3DVarAOWCDA_264f2fa2
+++ config.base[124]: ROTDIR=/scratch1/NCEPDEV/global/CI/2565/RUNTESTS/COMROOT/C48mx500_3DVarAOWCDA_264f2fa2
+++ config.base[125]: export ROTDIR_DUMP=YES
+++ config.base[125]: ROTDIR_DUMP=YES
+++ config.base[126]: export DUMP_SUFFIX=
+++ config.base[126]: DUMP_SUFFIX=
+++ config.base[127]: [[ 2021032418 -ge 2019092100 ]]
+++ config.base[127]: [[ 2021032418 -le 2019110700 ]]
+++ config.base[130]: export DATAROOT=/scratch1/NCEPDEV/stmp2/Terry.McGuinness/RUNDIRS/C48mx500_3DVarAOWCDA_264f2fa2
+++ config.base[130]: DATAROOT=/scratch1/NCEPDEV/stmp2/Terry.McGuinness/RUNDIRS/C48mx500_3DVarAOWCDA_264f2fa2
+++ config.base[131]: export RUNDIR=/scratch1/NCEPDEV/stmp2/Terry.McGuinness/RUNDIRS/C48mx500_3DVarAOWCDA_264f2fa2
+++ config.base[131]: RUNDIR=/scratch1/NCEPDEV/stmp2/Terry.McGuinness/RUNDIRS/C48mx500_3DVarAOWCDA_264f2fa2
+++ config.base[132]: export ARCDIR=/scratch1/NCEPDEV/global/Terry.McGuinness/archive/C48mx500_3DVarAOWCDA_264f2fa2
+++ config.base[132]: ARCDIR=/scratch1/NCEPDEV/global/Terry.McGuinness/archive/C48mx500_3DVarAOWCDA_264f2fa2
+++ config.base[133]: export ATARDIR=/NCEPDEV/emc-global/1year/Terry.McGuinness/HERA/scratch/C48mx500_3DVarAOWCDA_264f2fa2
+++ config.base[133]: ATARDIR=/NCEPDEV/emc-global/1year/Terry.McGuinness/HERA/scratch/C48mx500_3DVarAOWCDA_264f2fa2
+++ config.base[136]: export envir=prod
+++ config.base[136]: envir=prod
+++ config.base[137]: export NET=gfs
+++ config.base[137]: NET=gfs
+++ config.base[138]: export RUN=gdas
+++ config.base[138]: RUN=gdas
+++ config.base[144]: source /scratch1/NCEPDEV/global/CI/2565/RUNTESTS/EXPDIR/C48mx500_3DVarAOWCDA_264f2fa2/config.com
++++ config.com[4]: echo 'BEGIN: config.com'
BEGIN: config.com
++++ config.com[37]: [[ emc == \n\c\o ]]
++++ config.com[41]: COM_OBS_TMPL='${ROTDIR}/${RUN}.${YMD}/${HH}/obs'
++++ config.com[42]: COM_RTOFS_TMPL='${DMPDIR}'
++++ config.com[44]: declare -rx COM_OBS_TMPL COM_RTOFS_TMPL
++++ config.com[45]: declare -rx 'COM_OBSDMP_TMPL=${DMPDIR}/${DUMP}${DUMP_SUFFIX}.${YMD}/${HH}/atmos'
++++ config.com[47]: COM_BASE='${ROTDIR}/${RUN}.${YMD}/${HH}/${MEMDIR}'
++++ config.com[49]: declare -rx 'COM_TOP_TMPL=${ROTDIR}/${RUN}.${YMD}/${HH}'
++++ config.com[51]: declare -rx 'COM_CONF_TMPL=${ROTDIR}/${RUN}.${YMD}/${HH}/${MEMDIR}/conf'
++++ config.com[52]: declare -rx 'COM_ATMOS_INPUT_TMPL=${ROTDIR}/${RUN}.${YMD}/${HH}/${MEMDIR}/model_data/atmos/input'
++++ config.com[53]: declare -rx 'COM_ATMOS_RESTART_TMPL=${ROTDIR}/${RUN}.${YMD}/${HH}/${MEMDIR}/model_data/atmos/restart'
++++ config.com[54]: declare -rx 'COM_ATMOS_ANALYSIS_TMPL=${ROTDIR}/${RUN}.${YMD}/${HH}/${MEMDIR}/analysis/atmos'
++++ config.com[55]: declare -rx 'COM_SNOW_ANALYSIS_TMPL=${ROTDIR}/${RUN}.${YMD}/${HH}/${MEMDIR}/analysis/snow'
++++ config.com[56]: declare -rx 'COM_ATMOS_HISTORY_TMPL=${ROTDIR}/${RUN}.${YMD}/${HH}/${MEMDIR}/model_data/atmos/history'
++++ config.com[57]: declare -rx 'COM_ATMOS_MASTER_TMPL=${ROTDIR}/${RUN}.${YMD}/${HH}/${MEMDIR}/model_data/atmos/master'
++++ config.com[58]: declare -rx 'COM_ATMOS_GRIB_TMPL=${ROTDIR}/${RUN}.${YMD}/${HH}/${MEMDIR}/products/atmos/grib2'
++++ config.com[59]: declare -rx 'COM_ATMOS_GRIB_GRID_TMPL=${ROTDIR}/${RUN}.${YMD}/${HH}/${MEMDIR}/products/atmos/grib2/${GRID}'
++++ config.com[60]: declare -rx 'COM_ATMOS_BUFR_TMPL=${ROTDIR}/${RUN}.${YMD}/${HH}/${MEMDIR}/products/atmos/bufr'
++++ config.com[61]: declare -rx 'COM_ATMOS_GEMPAK_TMPL=${ROTDIR}/${RUN}.${YMD}/${HH}/${MEMDIR}/products/atmos/gempak/${GRID}'
++++ config.com[62]: declare -rx 'COM_ATMOS_GENESIS_TMPL=${ROTDIR}/${RUN}.${YMD}/${HH}/${MEMDIR}/products/atmos/cyclone/genesis_vital'
++++ config.com[63]: declare -rx 'COM_ATMOS_TRACK_TMPL=${ROTDIR}/${RUN}.${YMD}/${HH}/${MEMDIR}/products/atmos/cyclone/tracks'
++++ config.com[64]: declare -rx 'COM_ATMOS_GOES_TMPL=${ROTDIR}/${RUN}.${YMD}/${HH}/${MEMDIR}/products/atmos/goes_sim'
++++ config.com[65]: declare -rx 'COM_ATMOS_IMAGERY_TMPL=${ROTDIR}/${RUN}.${YMD}/${HH}/${MEMDIR}/products/atmos/imagery'
++++ config.com[66]: declare -rx 'COM_ATMOS_OZNMON_TMPL=${ROTDIR}/${RUN}.${YMD}/${HH}/${MEMDIR}/products/atmos/oznmon'
++++ config.com[67]: declare -rx 'COM_ATMOS_RADMON_TMPL=${ROTDIR}/${RUN}.${YMD}/${HH}/${MEMDIR}/products/atmos/radmon'
++++ config.com[68]: declare -rx 'COM_ATMOS_MINMON_TMPL=${ROTDIR}/${RUN}.${YMD}/${HH}/${MEMDIR}/products/atmos/minmon'
++++ config.com[69]: declare -rx 'COM_ATMOS_WMO_TMPL=${ROTDIR}/${RUN}.${YMD}/${HH}/${MEMDIR}/products/atmos/wmo'
++++ config.com[71]: declare -rx 'COM_WAVE_RESTART_TMPL=${ROTDIR}/${RUN}.${YMD}/${HH}/${MEMDIR}/model_data/wave/restart'
++++ config.com[72]: declare -rx 'COM_WAVE_PREP_TMPL=${ROTDIR}/${RUN}.${YMD}/${HH}/${MEMDIR}/model_data/wave/prep'
++++ config.com[73]: declare -rx 'COM_WAVE_HISTORY_TMPL=${ROTDIR}/${RUN}.${YMD}/${HH}/${MEMDIR}/model_data/wave/history'
++++ config.com[74]: declare -rx 'COM_WAVE_GRID_TMPL=${ROTDIR}/${RUN}.${YMD}/${HH}/${MEMDIR}/products/wave/gridded'
++++ config.com[75]: declare -rx 'COM_WAVE_STATION_TMPL=${ROTDIR}/${RUN}.${YMD}/${HH}/${MEMDIR}/products/wave/station'
++++ config.com[76]: declare -rx 'COM_WAVE_GEMPAK_TMPL=${ROTDIR}/${RUN}.${YMD}/${HH}/${MEMDIR}/products/wave/gempak'
++++ config.com[77]: declare -rx 'COM_WAVE_WMO_TMPL=${ROTDIR}/${RUN}.${YMD}/${HH}/${MEMDIR}/products/wave/wmo'
++++ config.com[79]: declare -rx 'COM_OCEAN_HISTORY_TMPL=${ROTDIR}/${RUN}.${YMD}/${HH}/${MEMDIR}/model_data/ocean/history'
++++ config.com[80]: declare -rx 'COM_OCEAN_RESTART_TMPL=${ROTDIR}/${RUN}.${YMD}/${HH}/${MEMDIR}/model_data/ocean/restart'
++++ config.com[81]: declare -rx 'COM_OCEAN_INPUT_TMPL=${ROTDIR}/${RUN}.${YMD}/${HH}/${MEMDIR}/model_data/ocean/input'
++++ config.com[82]: declare -rx 'COM_OCEAN_ANALYSIS_TMPL=${ROTDIR}/${RUN}.${YMD}/${HH}/${MEMDIR}/analysis/ocean'
++++ config.com[83]: declare -rx 'COM_OCEAN_NETCDF_TMPL=${ROTDIR}/${RUN}.${YMD}/${HH}/${MEMDIR}/products/ocean/netcdf'
++++ config.com[84]: declare -rx 'COM_OCEAN_GRIB_TMPL=${ROTDIR}/${RUN}.${YMD}/${HH}/${MEMDIR}/products/ocean/grib2'
++++ config.com[85]: declare -rx 'COM_OCEAN_GRIB_GRID_TMPL=${ROTDIR}/${RUN}.${YMD}/${HH}/${MEMDIR}/products/ocean/grib2/${GRID}'
++++ config.com[87]: declare -rx 'COM_ICE_INPUT_TMPL=${ROTDIR}/${RUN}.${YMD}/${HH}/${MEMDIR}/model_data/ice/input'
++++ config.com[88]: declare -rx 'COM_ICE_HISTORY_TMPL=${ROTDIR}/${RUN}.${YMD}/${HH}/${MEMDIR}/model_data/ice/history'
++++ config.com[89]: declare -rx 'COM_ICE_RESTART_TMPL=${ROTDIR}/${RUN}.${YMD}/${HH}/${MEMDIR}/model_data/ice/restart'
++++ config.com[90]: declare -rx 'COM_ICE_NETCDF_TMPL=${ROTDIR}/${RUN}.${YMD}/${HH}/${MEMDIR}/products/ice/netcdf'
++++ config.com[91]: declare -rx 'COM_ICE_GRIB_TMPL=${ROTDIR}/${RUN}.${YMD}/${HH}/${MEMDIR}/products/ice/grib2'
++++ config.com[92]: declare -rx 'COM_ICE_GRIB_GRID_TMPL=${ROTDIR}/${RUN}.${YMD}/${HH}/${MEMDIR}/products/ice/grib2/${GRID}'
++++ config.com[94]: declare -rx 'COM_CHEM_HISTORY_TMPL=${ROTDIR}/${RUN}.${YMD}/${HH}/${MEMDIR}/model_data/chem/history'
++++ config.com[95]: declare -rx 'COM_CHEM_ANALYSIS_TMPL=${ROTDIR}/${RUN}.${YMD}/${HH}/${MEMDIR}/analysis/chem'
++++ config.com[97]: declare -rx 'COM_MED_RESTART_TMPL=${ROTDIR}/${RUN}.${YMD}/${HH}/${MEMDIR}/model_data/med/restart'
+++ config.base[147]: export 'ERRSCRIPT=eval [[ $err = 0 ]]'
+++ config.base[147]: ERRSCRIPT='eval [[ $err = 0 ]]'
+++ config.base[148]: export LOGSCRIPT=
+++ config.base[148]: LOGSCRIPT=
+++ config.base[151]: export 'REDOUT=1>'
+++ config.base[151]: REDOUT='1>'
+++ config.base[152]: export 'REDERR=2>'
+++ config.base[152]: REDERR='2>'
+++ config.base[154]: export SENDECF=NO
+++ config.base[154]: SENDECF=NO
+++ config.base[155]: export SENDSDM=NO
+++ config.base[155]: SENDSDM=NO
+++ config.base[156]: export SENDDBN_NTC=NO
+++ config.base[156]: SENDDBN_NTC=NO
+++ config.base[157]: export SENDDBN=NO
+++ config.base[157]: SENDDBN=NO
+++ config.base[158]: export DBNROOT=/fakedbn
+++ config.base[158]: DBNROOT=/fakedbn
+++ config.base[161]: export APP=S2S
+++ config.base[161]: APP=S2S
+++ config.base[163]: shopt -s extglob
+++ config.base[165]: case "${RUN}" in
+++ config.base[175]: shopt -u extglob
+++ config.base[178]: export DO_ATM=YES
+++ config.base[178]: DO_ATM=YES
+++ config.base[179]: export DO_COUPLED=NO
+++ config.base[179]: DO_COUPLED=NO
+++ config.base[180]: export DO_WAVE=NO
+++ config.base[180]: DO_WAVE=NO
+++ config.base[181]: export DO_OCN=NO
+++ config.base[181]: DO_OCN=NO
+++ config.base[182]: export DO_ICE=NO
+++ config.base[182]: DO_ICE=NO
+++ config.base[183]: export DO_AERO=NO
+++ config.base[183]: DO_AERO=NO
+++ config.base[184]: export WAVE_CDUMP=
+++ config.base[184]: WAVE_CDUMP=
+++ config.base[185]: export DOBNDPNT_WAVE=NO
+++ config.base[185]: DOBNDPNT_WAVE=NO
+++ config.base[186]: export FRAC_GRID=.true.
+++ config.base[186]: FRAC_GRID=.true.
+++ config.base[189]: export OPS_RES=C768
+++ config.base[189]: OPS_RES=C768
+++ config.base[192]: export LEVS=128
+++ config.base[192]: LEVS=128
+++ config.base[193]: export CASE=C48
+++ config.base[193]: CASE=C48
+++ config.base[194]: export CASE_ENS=@CASEENS@
+++ config.base[194]: CASE_ENS=@CASEENS@
+++ config.base[195]: export OCNRES=500
+++ config.base[195]: OCNRES=500
+++ config.base[196]: export ICERES=500
+++ config.base[196]: ICERES=500
+++ config.base[199]: case "${CASE}" in
+++ config.base[201]: export waveGRD=uglo_100km
+++ config.base[201]: waveGRD=uglo_100km
+++ config.base[218]: case "${APP}" in
+++ config.base[235]: export DO_COUPLED=YES
+++ config.base[235]: DO_COUPLED=YES
+++ config.base[236]: export DO_OCN=YES
+++ config.base[236]: DO_OCN=YES
+++ config.base[237]: export DO_ICE=YES
+++ config.base[237]: DO_ICE=YES
+++ config.base[239]: [[ S2S =~ A$ ]]
+++ config.base[243]: [[ S2S =~ ^S2SW ]]
+++ config.base[255]: [[ gdas =~ gdas ]]
+++ config.base[256]: export FHCYC=1
+++ config.base[256]: FHCYC=1
+++ config.base[257]: export FTSFS=10
+++ config.base[257]: FTSFS=10
+++ config.base[263]: export FHMIN=0
+++ config.base[263]: FHMIN=0
+++ config.base[264]: export FHMAX=9
+++ config.base[264]: FHMAX=9
+++ config.base[265]: export FHOUT=3
+++ config.base[265]: FHOUT=3
+++ config.base[266]: export FHOUT_OCNICE=3
+++ config.base[266]: FHOUT_OCNICE=3
+++ config.base[269]: export EUPD_CYC=gdas
+++ config.base[269]: EUPD_CYC=gdas
+++ config.base[272]: export gfs_cyc=0
+++ config.base[272]: gfs_cyc=0
+++ config.base[275]: export FHMIN_GFS=0
+++ config.base[275]: FHMIN_GFS=0
+++ config.base[276]: export FHMAX_GFS=120
+++ config.base[276]: FHMAX_GFS=120
+++ config.base[277]: export FHOUT_GFS=3
+++ config.base[277]: FHOUT_GFS=3
+++ config.base[278]: export FHMAX_HF_GFS=0
+++ config.base[278]: FHMAX_HF_GFS=0
+++ config.base[279]: export FHOUT_HF_GFS=1
+++ config.base[279]: FHOUT_HF_GFS=1
+++ config.base[280]: export FHOUT_OCNICE_GFS=6
+++ config.base[280]: FHOUT_OCNICE_GFS=6
+++ config.base[281]: ((  gfs_cyc != 0  ))
+++ config.base[284]: export STEP_GFS=0
+++ config.base[284]: STEP_GFS=0
+++ config.base[287]: export ILPOST=1
+++ config.base[287]: ILPOST=1
+++ config.base[288]: ((  FHMAX_HF_GFS < 120  ))
+++ config.base[289]: export ILPOST=3
+++ config.base[289]: ILPOST=3
+++ config.base[293]: export restart_interval_gfs=12
+++ config.base[293]: restart_interval_gfs=12
+++ config.base[298]: export QUILTING=.true.
+++ config.base[298]: QUILTING=.true.
+++ config.base[299]: export OUTPUT_GRID=gaussian_grid
+++ config.base[299]: OUTPUT_GRID=gaussian_grid
+++ config.base[300]: export WRITE_DOPOST=.true.
+++ config.base[300]: WRITE_DOPOST=.true.
+++ config.base[301]: export WRITE_NSFLIP=.true.
+++ config.base[301]: WRITE_NSFLIP=.true.
+++ config.base[304]: export DOIAU=YES
+++ config.base[304]: DOIAU=YES
+++ config.base[305]: export IAUFHRS=3,6,9
+++ config.base[305]: IAUFHRS=3,6,9
+++ config.base[306]: export IAU_FHROT=3
+++ config.base[306]: IAU_FHROT=3
+++ config.base[307]: export IAU_DELTHRS=6
+++ config.base[307]: IAU_DELTHRS=6
+++ config.base[308]: export IAU_OFFSET=6
+++ config.base[308]: IAU_OFFSET=6
+++ config.base[309]: export DOIAU_ENKF=YES
+++ config.base[309]: DOIAU_ENKF=YES
+++ config.base[310]: export IAUFHRS_ENKF=3,6,9
+++ config.base[310]: IAUFHRS_ENKF=3,6,9
+++ config.base[311]: export IAU_DELTHRS_ENKF=6
+++ config.base[311]: IAU_DELTHRS_ENKF=6
+++ config.base[314]: export lobsdiag_forenkf=.true.
+++ config.base[314]: lobsdiag_forenkf=.true.
+++ config.base[322]: export imp_physics=8
+++ config.base[322]: imp_physics=8
+++ config.base[326]: export DO_JEDIATMVAR=NO
+++ config.base[326]: DO_JEDIATMVAR=NO
+++ config.base[327]: export DO_JEDIATMENS=NO
+++ config.base[327]: DO_JEDIATMENS=NO
+++ config.base[328]: export DO_JEDIOCNVAR=YES
+++ config.base[328]: DO_JEDIOCNVAR=YES
+++ config.base[329]: export DO_JEDISNOWDA=NO
+++ config.base[329]: DO_JEDISNOWDA=NO
+++ config.base[330]: export DO_MERGENSST=NO
+++ config.base[330]: DO_MERGENSST=NO
+++ config.base[333]: export DOHYBVAR=NO
+++ config.base[333]: DOHYBVAR=NO
+++ config.base[334]: export NMEM_ENS=0
+++ config.base[334]: NMEM_ENS=0
+++ config.base[335]: export SMOOTH_ENKF=NO
+++ config.base[335]: SMOOTH_ENKF=NO
+++ config.base[336]: export l4densvar=.true.
+++ config.base[336]: l4densvar=.true.
+++ config.base[337]: export lwrite4danl=.true.
+++ config.base[337]: lwrite4danl=.true.
+++ config.base[340]: export NMEM_ENS_GFS=30
+++ config.base[340]: NMEM_ENS_GFS=30
+++ config.base[341]: export NMEM_ENS_GFS_OFFSET=20
+++ config.base[341]: NMEM_ENS_GFS_OFFSET=20
+++ config.base[342]: export DO_CALC_INCREMENT_ENKF_GFS=NO
+++ config.base[342]: DO_CALC_INCREMENT_ENKF_GFS=NO
+++ config.base[345]: [[ NO = \Y\E\S ]]
+++ config.base[359]: [[ NO == \N\O ]]
+++ config.base[359]: [[ YES == \Y\E\S ]]
+++ config.base[360]: export IAUFHRS=6
+++ config.base[360]: IAUFHRS=6
+++ config.base[361]: export IAU_FHROT=3
+++ config.base[361]: IAU_FHROT=3
+++ config.base[362]: export IAU_FILTER_INCREMENTS=.true.
+++ config.base[362]: IAU_FILTER_INCREMENTS=.true.
+++ config.base[363]: export IAUFHRS_ENKF=6
+++ config.base[363]: IAUFHRS_ENKF=6
+++ config.base[367]: [[ cycled = \c\y\c\l\e\d ]]
+++ config.base[367]: [[ 2021032412 = \2\0\2\1\0\3\2\4\1\8 ]]
+++ config.base[367]: [[ YES = \N\O ]]
+++ config.base[367]: [[ cycled = \f\o\r\e\c\a\s\t\-\o\n\l\y ]]
+++ config.base[373]: [[ YES = \N\O ]]
+++ config.base[375]: export GSI_SOILANAL=NO
+++ config.base[375]: GSI_SOILANAL=NO
+++ config.base[378]: export DONST=YES
+++ config.base[378]: DONST=YES
+++ config.base[379]: [[ YES = \Y\E\S ]]
+++ config.base[379]: export 'FNTSFA=        '
+++ config.base[379]: FNTSFA='        '
+++ config.base[382]: export nst_anl=.true.
+++ config.base[382]: nst_anl=.true.
+++ config.base[385]: export MAKE_NSSTBUFR=NO
+++ config.base[385]: MAKE_NSSTBUFR=NO
+++ config.base[388]: export MAKE_ACFTBUFR=NO
+++ config.base[388]: MAKE_ACFTBUFR=NO
+++ config.base[391]: export 'INCREMENTS_TO_ZERO='\''liq_wat_inc'\'','\''icmr_inc'\'','\''rwmr_inc'\'','\''snmr_inc'\'','\''grle_inc'\'''
+++ config.base[391]: INCREMENTS_TO_ZERO=''\''liq_wat_inc'\'','\''icmr_inc'\'','\''rwmr_inc'\'','\''snmr_inc'\'','\''grle_inc'\'''
+++ config.base[394]: export 'INCVARS_ZERO_STRAT='\''sphum_inc'\'','\''liq_wat_inc'\'','\''icmr_inc'\'','\''rwmr_inc'\'','\''snmr_inc'\'','\''grle_inc'\'''
+++ config.base[394]: INCVARS_ZERO_STRAT=''\''sphum_inc'\'','\''liq_wat_inc'\'','\''icmr_inc'\'','\''rwmr_inc'\'','\''snmr_inc'\'','\''grle_inc'\'''
+++ config.base[395]: export INCVARS_EFOLD=5
+++ config.base[395]: INCVARS_EFOLD=5
+++ config.base[400]: export netcdf_diag=.true.
+++ config.base[400]: netcdf_diag=.true.
+++ config.base[401]: export binary_diag=.false.
+++ config.base[401]: binary_diag=.false.
+++ config.base[404]: export DO_METP=NO
+++ config.base[404]: DO_METP=NO
+++ config.base[405]: export DO_FIT2OBS=YES
+++ config.base[405]: DO_FIT2OBS=YES
+++ config.base[406]: export DO_VRFY_OCEANDA=NO
+++ config.base[406]: DO_VRFY_OCEANDA=NO
+++ config.base[409]: export HPSSARCH=YES
+++ config.base[409]: HPSSARCH=YES
+++ config.base[410]: export LOCALARCH=NO
+++ config.base[410]: LOCALARCH=NO
+++ config.base[411]: [[ YES = \Y\E\S ]]
+++ config.base[411]: [[ NO = \Y\E\S ]]
+++ config.base[415]: export ARCH_CYC=00
+++ config.base[415]: ARCH_CYC=00
+++ config.base[416]: export ARCH_WARMICFREQ=4
+++ config.base[416]: ARCH_WARMICFREQ=4
+++ config.base[417]: export ARCH_FCSTICFREQ=1
+++ config.base[417]: ARCH_FCSTICFREQ=1
+++ config.base[420]: export FITSARC=YES
+++ config.base[420]: FITSARC=YES
+++ config.base[421]: export FHMAX_FITS=132
+++ config.base[421]: FHMAX_FITS=132
+++ config.base[422]: [[ 132 -gt 120 ]]
+++ config.base[422]: export FHMAX_FITS=120
+++ config.base[422]: FHMAX_FITS=120
+++ config.base[425]: [[ NO = \Y\E\S ]]
+++ config.base[431]: echo 'END: config.base'
END: config.base
++ jjob_header.sh[99]: status=0
++ jjob_header.sh[100]: ((  status != 0  ))
++ jjob_header.sh[97]: for config in "${configs[@]:-''}"
++ jjob_header.sh[98]: source /scratch1/NCEPDEV/global/CI/2565/RUNTESTS/EXPDIR/C48mx500_3DVarAOWCDA_264f2fa2/config.ocnanal
+++ config.ocnanal[6]: echo 'BEGIN: config.ocnanal'
BEGIN: config.ocnanal
+++ config.ocnanal[8]: export OBS_YAML_DIR=/scratch1/NCEPDEV/global/CI/2565/gfs/sorc/gdas.cd/parm/soca/obs/config
+++ config.ocnanal[8]: OBS_YAML_DIR=/scratch1/NCEPDEV/global/CI/2565/gfs/sorc/gdas.cd/parm/soca/obs/config
+++ config.ocnanal[9]: export OBS_LIST=/scratch1/NCEPDEV/global/CI/2565/gfs/parm/gdas/soca/obs/obs_list.yaml
+++ config.ocnanal[9]: OBS_LIST=/scratch1/NCEPDEV/global/CI/2565/gfs/parm/gdas/soca/obs/obs_list.yaml
+++ config.ocnanal[10]: export OBS_YAML=/scratch1/NCEPDEV/global/CI/2565/gfs/parm/gdas/soca/obs/obs_list.yaml
+++ config.ocnanal[10]: OBS_YAML=/scratch1/NCEPDEV/global/CI/2565/gfs/parm/gdas/soca/obs/obs_list.yaml
+++ config.ocnanal[11]: export FV3JEDI_STAGE_YAML=/scratch1/NCEPDEV/global/CI/2565/gfs/sorc/gdas.cd/test/soca/testinput/dumy.yaml
+++ config.ocnanal[11]: FV3JEDI_STAGE_YAML=/scratch1/NCEPDEV/global/CI/2565/gfs/sorc/gdas.cd/test/soca/testinput/dumy.yaml
+++ config.ocnanal[12]: export SOCA_INPUT_FIX_DIR=/scratch2/NCEPDEV/ocean/Guillaume.Vernieres/data/static/72x35x25/soca
+++ config.ocnanal[12]: SOCA_INPUT_FIX_DIR=/scratch2/NCEPDEV/ocean/Guillaume.Vernieres/data/static/72x35x25/soca
+++ config.ocnanal[13]: export SOCA_VARS=tocn,socn,ssh
+++ config.ocnanal[13]: SOCA_VARS=tocn,socn,ssh
+++ config.ocnanal[14]: export SABER_BLOCKS_YAML=
+++ config.ocnanal[14]: SABER_BLOCKS_YAML=
+++ config.ocnanal[15]: export SOCA_NINNER=100
+++ config.ocnanal[15]: SOCA_NINNER=100
+++ config.ocnanal[16]: export CASE_ANL=C48
+++ config.ocnanal[16]: CASE_ANL=C48
+++ config.ocnanal[17]: export DOMAIN_STACK_SIZE=116640000
+++ config.ocnanal[17]: DOMAIN_STACK_SIZE=116640000
+++ config.ocnanal[18]: export JEDI_BIN=/scratch1/NCEPDEV/global/CI/2565/gfs/sorc/gdas.cd/build/bin
+++ config.ocnanal[18]: JEDI_BIN=/scratch1/NCEPDEV/global/CI/2565/gfs/sorc/gdas.cd/build/bin
+++ config.ocnanal[20]: export COMIN_OBS=@COMIN_OBS@
+++ config.ocnanal[20]: COMIN_OBS=@COMIN_OBS@
+++ config.ocnanal[23]: export NICAS_RESOL=1
+++ config.ocnanal[23]: NICAS_RESOL=1
+++ config.ocnanal[24]: export NICAS_GRID_SIZE=15000
+++ config.ocnanal[24]: NICAS_GRID_SIZE=15000
+++ config.ocnanal[26]: echo 'END: config.ocnanal'
END: config.ocnanal
++ jjob_header.sh[99]: status=0
++ jjob_header.sh[100]: ((  status != 0  ))
++ jjob_header.sh[97]: for config in "${configs[@]:-''}"
++ jjob_header.sh[98]: source /scratch1/NCEPDEV/global/CI/2565/RUNTESTS/EXPDIR/C48mx500_3DVarAOWCDA_264f2fa2/config.ocnanalprep
+++ config.ocnanalprep[6]: echo 'BEGIN: config.ocnanalprep'
BEGIN: config.ocnanalprep
+++ config.ocnanalprep[9]: . /scratch1/NCEPDEV/global/CI/2565/RUNTESTS/EXPDIR/C48mx500_3DVarAOWCDA_264f2fa2/config.resources ocnanalprep
++++ config.resources[7]: ((  1 != 1  ))
++++ config.resources[31]: step=ocnanalprep
++++ config.resources[33]: echo 'BEGIN: config.resources'
BEGIN: config.resources
++++ config.resources[35]: case ${machine} in
++++ config.resources[37]: npe_node_max=40
++++ config.resources[71]: export npe_node_max
++++ config.resources[73]: case ${step} in
++++ config.resources[356]: export wtime_ocnanalprep=00:10:00
++++ config.resources[356]: wtime_ocnanalprep=00:10:00
++++ config.resources[357]: export npe_ocnanalprep=1
++++ config.resources[357]: npe_ocnanalprep=1
++++ config.resources[358]: export nth_ocnanalprep=1
++++ config.resources[358]: nth_ocnanalprep=1
++++ config.resources[359]: export npe_node_ocnanalprep=40
++++ config.resources[359]: npe_node_ocnanalprep=40
++++ config.resources[360]: export memory_ocnanalprep=24GB
++++ config.resources[360]: memory_ocnanalprep=24GB
++++ config.resources[1228]: echo 'END: config.resources'
END: config.resources
+++ config.ocnanalprep[10]: echo 'END: config.ocnanalprep'
END: config.ocnanalprep
++ jjob_header.sh[99]: status=0
++ jjob_header.sh[100]: ((  status != 0  ))
++ jjob_header.sh[110]: source /scratch1/NCEPDEV/global/CI/2565/gfs/env/HERA.env ocnanalprep
+++ HERA.env[3]: [[ 1 -ne 1 ]]
+++ HERA.env[15]: step=ocnanalprep
+++ HERA.env[17]: export 'launcher=srun -l --export=ALL'
+++ HERA.env[17]: launcher='srun -l --export=ALL'
+++ HERA.env[18]: export 'mpmd_opt=--multi-prog --output=mpmd.%j.%t.out'
+++ HERA.env[18]: mpmd_opt='--multi-prog --output=mpmd.%j.%t.out'
+++ HERA.env[29]: export OMP_STACKSIZE=2048000
+++ HERA.env[29]: OMP_STACKSIZE=2048000
+++ HERA.env[30]: export NTHSTACK=1024000000
+++ HERA.env[30]: NTHSTACK=1024000000
+++ HERA.env[34]: [[ -n 59221516 ]]
+++ HERA.env[35]: ulimit -s unlimited
+++ HERA.env[36]: ulimit -a
core file size          (blocks, -c) unlimited
data seg size           (kbytes, -d) unlimited
scheduling priority             (-e) 0
file size               (blocks, -f) unlimited
pending signals                 (-i) 379964
max locked memory       (kbytes, -l) unlimited
max memory size         (kbytes, -m) 25165824
open files                      (-n) 131072
pipe size            (512 bytes, -p) 8
POSIX message queues     (bytes, -q) 819200
real-time priority              (-r) 0
stack size              (kbytes, -s) unlimited
cpu time               (seconds, -t) unlimited
max user processes              (-u) 379964
virtual memory          (kbytes, -v) unlimited
file locks                      (-x) unlimited
+++ HERA.env[39]: [[ ocnanalprep = \p\r\e\p ]]
+++ HERA.env[39]: [[ ocnanalprep = \p\r\e\p\b\u\f\r ]]
+++ HERA.env[48]: [[ ocnanalprep = \p\r\e\p\s\n\o\w\o\b\s ]]
+++ HERA.env[52]: [[ ocnanalprep = \w\a\v\e\i\n\i\t ]]
+++ HERA.env[52]: [[ ocnanalprep = \w\a\v\e\p\r\e\p ]]
+++ HERA.env[52]: [[ ocnanalprep = \w\a\v\e\p\o\s\t\s\b\s ]]
+++ HERA.env[52]: [[ ocnanalprep = \w\a\v\e\p\o\s\t\b\n\d\p\n\t ]]
+++ HERA.env[52]: [[ ocnanalprep = \w\a\v\e\p\o\s\t\b\n\d\p\n\t\b\l\l ]]
+++ HERA.env[52]: [[ ocnanalprep = \w\a\v\e\p\o\s\t\p\n\t ]]
+++ HERA.env[59]: [[ ocnanalprep = \a\t\m\a\n\l\v\a\r ]]
+++ HERA.env[67]: [[ ocnanalprep = \a\t\m\e\n\s\a\n\l\r\u\n ]]
+++ HERA.env[75]: [[ ocnanalprep = \a\e\r\o\a\n\l\r\u\n ]]
+++ HERA.env[85]: [[ ocnanalprep = \a\t\m\a\n\l\f\v\3\i\n\c ]]
+++ HERA.env[93]: [[ ocnanalprep = \s\n\o\w\a\n\l ]]
+++ HERA.env[103]: [[ ocnanalprep = \o\c\n\a\n\a\l\b\m\a\t ]]
+++ HERA.env[109]: [[ ocnanalprep = \o\c\n\a\n\a\l\r\u\n ]]
+++ HERA.env[115]: [[ ocnanalprep = \o\c\n\a\n\a\l\c\h\k\p\t ]]
+++ HERA.env[121]: [[ ocnanalprep = \o\c\n\a\n\a\l\e\c\e\n ]]
+++ HERA.env[129]: [[ ocnanalprep = \a\n\a\l ]]
+++ HERA.env[129]: [[ ocnanalprep = \a\n\a\l\c\a\l\c ]]
+++ HERA.env[157]: [[ ocnanalprep = \s\f\c\a\n\l ]]
+++ HERA.env[166]: [[ ocnanalprep = \e\o\b\s ]]
+++ HERA.env[181]: [[ ocnanalprep = \e\u\p\d ]]
+++ HERA.env[193]: [[ ocnanalprep = \f\c\s\t ]]
+++ HERA.env[193]: [[ ocnanalprep = \e\f\c\s ]]
+++ HERA.env[209]: [[ ocnanalprep = \u\p\p ]]
+++ HERA.env[217]: [[ ocnanalprep = \a\t\m\o\s\_\p\r\o\d\u\c\t\s ]]
+++ HERA.env[221]: [[ ocnanalprep = \o\c\e\a\n\i\c\e\_\p\r\o\d\u\c\t\s ]]
+++ HERA.env[228]: [[ ocnanalprep = \e\c\e\n ]]
+++ HERA.env[244]: [[ ocnanalprep = \e\s\f\c ]]
+++ HERA.env[256]: [[ ocnanalprep = \e\p\o\s ]]
+++ HERA.env[264]: [[ ocnanalprep = \p\o\s\t\s\n\d ]]
+++ HERA.env[278]: [[ ocnanalprep = \a\w\i\p\s ]]
+++ HERA.env[286]: [[ ocnanalprep = \g\e\m\p\a\k ]]
+++ HERA.env[302]: [[ ocnanalprep = \f\i\t\2\o\b\s ]]
++ jjob_header.sh[111]: status=0
++ jjob_header.sh[112]: ((  status != 0  ))
+ JGDAS_GLOBAL_OCEAN_ANALYSIS_PREP[10]: export CDUMP=gdas
+ JGDAS_GLOBAL_OCEAN_ANALYSIS_PREP[10]: CDUMP=gdas
++ JGDAS_GLOBAL_OCEAN_ANALYSIS_PREP[13]: date --utc +%Y%m%d%H -d '20210324 18 - 6 hours'
+ JGDAS_GLOBAL_OCEAN_ANALYSIS_PREP[13]: GDATE=2021032412
+ JGDAS_GLOBAL_OCEAN_ANALYSIS_PREP[14]: export GDATE
+ JGDAS_GLOBAL_OCEAN_ANALYSIS_PREP[15]: export gPDY=20210324
+ JGDAS_GLOBAL_OCEAN_ANALYSIS_PREP[15]: gPDY=20210324
+ JGDAS_GLOBAL_OCEAN_ANALYSIS_PREP[16]: export gcyc=12
+ JGDAS_GLOBAL_OCEAN_ANALYSIS_PREP[16]: gcyc=12
+ JGDAS_GLOBAL_OCEAN_ANALYSIS_PREP[17]: export GDUMP=gdas
+ JGDAS_GLOBAL_OCEAN_ANALYSIS_PREP[17]: GDUMP=gdas
+ JGDAS_GLOBAL_OCEAN_ANALYSIS_PREP[19]: export OPREFIX=gdas.t18z.
+ JGDAS_GLOBAL_OCEAN_ANALYSIS_PREP[19]: OPREFIX=gdas.t18z.
+ JGDAS_GLOBAL_OCEAN_ANALYSIS_PREP[20]: export GPREFIX=gdas.t12z.
+ JGDAS_GLOBAL_OCEAN_ANALYSIS_PREP[20]: GPREFIX=gdas.t12z.
+ JGDAS_GLOBAL_OCEAN_ANALYSIS_PREP[21]: export APREFIX=gdas.t18z.
+ JGDAS_GLOBAL_OCEAN_ANALYSIS_PREP[21]: APREFIX=gdas.t18z.
+ JGDAS_GLOBAL_OCEAN_ANALYSIS_PREP[24]: YMD=20210324
+ JGDAS_GLOBAL_OCEAN_ANALYSIS_PREP[24]: HH=18
+ JGDAS_GLOBAL_OCEAN_ANALYSIS_PREP[24]: declare_from_tmpl -rx COM_OBS
+ bash_utils.sh[35]: [[ NO == \N\O ]]
+ bash_utils.sh[35]: set +x
declare_from_tmpl :: COM_OBS=/scratch1/NCEPDEV/global/CI/2565/RUNTESTS/COMROOT/C48mx500_3DVarAOWCDA_264f2fa2/gdas.20210324/18/obs
+ JGDAS_GLOBAL_OCEAN_ANALYSIS_PREP[26]: RUN=gdas
+ JGDAS_GLOBAL_OCEAN_ANALYSIS_PREP[26]: YMD=20210324
+ JGDAS_GLOBAL_OCEAN_ANALYSIS_PREP[26]: HH=12
+ JGDAS_GLOBAL_OCEAN_ANALYSIS_PREP[26]: declare_from_tmpl -rx COM_OCEAN_HISTORY_PREV:COM_OCEAN_HISTORY_TMPL COM_ICE_HISTORY_PREV:COM_ICE_HISTORY_TMPL COM_ICE_RESTART_PREV:COM_ICE_RESTART_TMPL
+ bash_utils.sh[35]: [[ NO == \N\O ]]
+ bash_utils.sh[35]: set +x
declare_from_tmpl :: COM_OCEAN_HISTORY_PREV=/scratch1/NCEPDEV/global/CI/2565/RUNTESTS/COMROOT/C48mx500_3DVarAOWCDA_264f2fa2/gdas.20210324/12//model_data/ocean/history
declare_from_tmpl :: COM_ICE_HISTORY_PREV=/scratch1/NCEPDEV/global/CI/2565/RUNTESTS/COMROOT/C48mx500_3DVarAOWCDA_264f2fa2/gdas.20210324/12//model_data/ice/history
declare_from_tmpl :: COM_ICE_RESTART_PREV=/scratch1/NCEPDEV/global/CI/2565/RUNTESTS/COMROOT/C48mx500_3DVarAOWCDA_264f2fa2/gdas.20210324/12//model_data/ice/restart
+ JGDAS_GLOBAL_OCEAN_ANALYSIS_PREP[36]: ufsdaPATH=/scratch1/NCEPDEV/global/CI/2565/gfs/sorc/gdas.cd/ush/
++ JGDAS_GLOBAL_OCEAN_ANALYSIS_PREP[38]: detect_py_ver
++ bash_utils.sh[113]: regex='[0-9]+\.[0-9]+'
+++ bash_utils.sh[115]: python --version
++ bash_utils.sh[115]: [[ Python 3.10.13 =~ [0-9]+\.[0-9]+ ]]
++ bash_utils.sh[116]: echo 3.10
+ JGDAS_GLOBAL_OCEAN_ANALYSIS_PREP[38]: pyiodaPATH=/scratch1/NCEPDEV/global/CI/2565/gfs/sorc/gdas.cd/build/lib/python3.10/
+ JGDAS_GLOBAL_OCEAN_ANALYSIS_PREP[39]: PYTHONPATH=/scratch1/NCEPDEV/da/python/gdasapp/wxflow/20240307/src:/scratch1/NCEPDEV/nems/role.epic/spack-stack/spack-stack-1.6.0/envs/unified-env-rocky8/install/intel/2021.5.0/py-pip-23.1.2-z73urru/lib/python3.10/site-packages:/scratch1/NCEPDEV/nems/role.epic/spack-stack/spack-stack-1.6.0/envs/unified-env-rocky8/install/intel/2021.5.0/py-f90nml-1.4.3-dz2bima/lib/python3.10/site-packages:/scratch1/NCEPDEV/nems/role.epic/spack-stack/spack-stack-1.6.0/envs/unified-env-rocky8/install/intel/2021.5.0/py-xarray-2023.7.0-tbnsqaw/lib/python3.10/site-packages:/scratch1/NCEPDEV/nems/role.epic/spack-stack/spack-stack-1.6.0/envs/unified-env-rocky8/install/intel/2021.5.0/py-pandas-1.5.3-7hathmq/lib/python3.10/site-packages:/scratch1/NCEPDEV/nems/role.epic/spack-stack/spack-stack-1.6.0/envs/unified-env-rocky8/install/intel/2021.5.0/py-xlwt-1.3.0-f7bd3ip/lib/python3.10/site-packages:/scratch1/NCEPDEV/nems/role.epic/spack-stack/spack-stack-1.6.0/envs/unified-env-rocky8/install/intel/2021.5.0/py-xlsxwriter-3.1.7-pmb7bam/lib/python3.10/site-packages:/scratch1/NCEPDEV/nems/role.epic/spack-stack/spack-stack-1.6.0/envs/unified-env-rocky8/install/intel/2021.5.0/py-xlrd-2.0.1-56miqff/lib/python3.10/site-packages:/scratch1/NCEPDEV/nems/role.epic/spack-stack/spack-stack-1.6.0/envs/unified-env-rocky8/install/intel/2021.5.0/py-pyxlsb-1.0.10-jlrsqbq/lib/python3.10/site-packages:/scratch1/NCEPDEV/nems/role.epic/spack-stack/spack-stack-1.6.0/envs/unified-env-rocky8/install/intel/2021.5.0/py-pytz-2023.3-5nykyqa/lib/python3.10/site-packages:/scratch1/NCEPDEV/nems/role.epic/spack-stack/spack-stack-1.6.0/envs/unified-env-rocky8/install/intel/2021.5.0/py-python-dateutil-2.8.2-lfyvko2/lib/python3.10/site-packages:/scratch1/NCEPDEV/nems/role.epic/spack-stack/spack-stack-1.6.0/envs/unified-env-rocky8/install/intel/2021.5.0/py-six-1.16.0-6knf6az/lib/python3.10/site-packages:/scratch1/NCEPDEV/nems/role.epic/spack-stack/spack-stack-1.6.0/envs/unified-env-rocky8/install/intel/2021.5.0/py-openpyxl-3.1.2-rv2hu6u/lib/python3.10/site-packages:/scratch1/NCEPDEV/nems/role.epic/spack-stack/spack-stack-1.6.0/envs/unified-env-rocky8/install/intel/2021.5.0/py-et-xmlfile-1.0.1-7goajc5/lib/python3.10/site-packages:/scratch1/NCEPDEV/nems/role.epic/spack-stack/spack-stack-1.6.0/envs/unified-env-rocky8/install/intel/2021.5.0/py-numexpr-2.8.4-ega4hge/lib/python3.10/site-packages:/scratch1/NCEPDEV/nems/role.epic/spack-stack/spack-stack-1.6.0/envs/unified-env-rocky8/install/intel/2021.5.0/py-bottleneck-1.3.7-snzpnsr/lib/python3.10/site-packages:/scratch1/NCEPDEV/nems/role.epic/spack-stack/spack-stack-1.6.0/envs/unified-env-rocky8/install/intel/2021.5.0/py-packaging-23.1-ke4uivr/lib/python3.10/site-packages:/scratch1/NCEPDEV/nems/role.epic/spack-stack/spack-stack-1.6.0/envs/unified-env-rocky8/install/intel/2021.5.0/py-scipy-1.11.3-36msxks/lib/python3.10/site-packages:/scratch1/NCEPDEV/nems/role.epic/spack-stack/spack-stack-1.6.0/envs/unified-env-rocky8/install/intel/2021.5.0/py-pyyaml-6.0-nlgnppd/lib/python3.10/site-packages:/scratch1/NCEPDEV/nems/role.epic/spack-stack/spack-stack-1.6.0/envs/unified-env-rocky8/install/intel/2021.5.0/py-pycodestyle-2.11.0-opcwzxa/lib/python3.10/site-packages:/scratch1/NCEPDEV/nems/role.epic/spack-stack/spack-stack-1.6.0/envs/unified-env-rocky8/install/intel/2021.5.0/py-pybind11-2.11.0-l6cenvi/lib/python3.10/site-packages:/scratch1/NCEPDEV/nems/role.epic/spack-stack/spack-stack-1.6.0/envs/unified-env-rocky8/install/intel/2021.5.0/py-netcdf4-1.5.8-qs672u4/lib/python3.10/site-packages:/scratch1/NCEPDEV/nems/role.epic/spack-stack/spack-stack-1.6.0/envs/unified-env-rocky8/install/intel/2021.5.0/py-cftime-1.0.3.4-rnt66hg/lib/python3.10/site-packages:/scratch1/NCEPDEV/nems/role.epic/spack-stack/spack-stack-1.6.0/envs/unified-env-rocky8/install/intel/2021.5.0/py-jinja2-3.0.3-2g4rjkz/lib/python3.10/site-packages:/scratch1/NCEPDEV/nems/role.epic/spack-stack/spack-stack-1.6.0/envs/unified-env-rocky8/install/intel/2021.5.0/py-markupsafe-2.1.3-q2gnvtr/lib/python3.10/site-packages:/scratch1/NCEPDEV/nems/role.epic/spack-stack/spack-stack-1.6.0/envs/unified-env-rocky8/install/intel/2021.5.0/bufr-12.0.1-nz7jhfd/lib64/python3.10/site-packages:/scratch1/NCEPDEV/nems/role.epic/spack-stack/spack-stack-1.6.0/envs/unified-env-rocky8/install/intel/2021.5.0/bufr-12.0.1-nz7jhfd/lib/python3.10/site-packages:/scratch1/NCEPDEV/nems/role.epic/spack-stack/spack-stack-1.6.0/envs/unified-env-rocky8/install/intel/2021.5.0/py-numpy-1.22.3-snzl53m/lib/python3.10/site-packages:/scratch1/NCEPDEV/nems/role.epic/spack-stack/spack-stack-1.6.0/envs/unified-env-rocky8/install/intel/2021.5.0/py-setuptools-63.4.3-wvdr656/lib/python3.10/site-packages:/scratch1/NCEPDEV/global/CI/2565/gfs/sorc/gdas.cd/ush/:/scratch1/NCEPDEV/global/CI/2565/gfs/sorc/gdas.cd/build/lib/python3.10/
+ JGDAS_GLOBAL_OCEAN_ANALYSIS_PREP[40]: export PYTHONPATH
+ JGDAS_GLOBAL_OCEAN_ANALYSIS_PREP[45]: EXSCRIPT=/scratch1/NCEPDEV/global/CI/2565/gfs/sorc/gdas.cd/scripts/exgdas_global_marine_analysis_prep.py
+ JGDAS_GLOBAL_OCEAN_ANALYSIS_PREP[46]: /scratch1/NCEPDEV/global/CI/2565/gfs/sorc/gdas.cd/scripts/exgdas_global_marine_analysis_prep.py
2024-05-02 21:55:48,537 - INFO     - root        : ---------------- Setup runtime environement
2024-05-02 21:55:48,537 - INFO     - root        : ---------------- Setup runtime environement
2024-05-02 21:55:48,538 - INFO     - file_utils  : Created /scratch1/NCEPDEV/stmp2/Terry.McGuinness/RUNDIRS/C48mx500_3DVarAOWCDA_264f2fa2/gdasocnanal_18
2024-05-02 21:55:48,538 - INFO     - file_utils  : Created /scratch1/NCEPDEV/stmp2/Terry.McGuinness/RUNDIRS/C48mx500_3DVarAOWCDA_264f2fa2/gdasocnanal_18
2024-05-02 21:55:48,538 - INFO     - file_utils  : Created /scratch1/NCEPDEV/stmp2/Terry.McGuinness/RUNDIRS/C48mx500_3DVarAOWCDA_264f2fa2/gdasocnanal_18/diags
2024-05-02 21:55:48,538 - INFO     - file_utils  : Created /scratch1/NCEPDEV/stmp2/Terry.McGuinness/RUNDIRS/C48mx500_3DVarAOWCDA_264f2fa2/gdasocnanal_18/diags
2024-05-02 21:55:48,539 - INFO     - file_utils  : Created /scratch1/NCEPDEV/stmp2/Terry.McGuinness/RUNDIRS/C48mx500_3DVarAOWCDA_264f2fa2/gdasocnanal_18/obs
2024-05-02 21:55:48,539 - INFO     - file_utils  : Created /scratch1/NCEPDEV/stmp2/Terry.McGuinness/RUNDIRS/C48mx500_3DVarAOWCDA_264f2fa2/gdasocnanal_18/obs
2024-05-02 21:55:48,539 - INFO     - file_utils  : Created /scratch1/NCEPDEV/stmp2/Terry.McGuinness/RUNDIRS/C48mx500_3DVarAOWCDA_264f2fa2/gdasocnanal_18/bkg
2024-05-02 21:55:48,539 - INFO     - file_utils  : Created /scratch1/NCEPDEV/stmp2/Terry.McGuinness/RUNDIRS/C48mx500_3DVarAOWCDA_264f2fa2/gdasocnanal_18/bkg
2024-05-02 21:55:48,540 - INFO     - file_utils  : Created /scratch1/NCEPDEV/stmp2/Terry.McGuinness/RUNDIRS/C48mx500_3DVarAOWCDA_264f2fa2/gdasocnanal_18/Data
2024-05-02 21:55:48,540 - INFO     - file_utils  : Created /scratch1/NCEPDEV/stmp2/Terry.McGuinness/RUNDIRS/C48mx500_3DVarAOWCDA_264f2fa2/gdasocnanal_18/Data
2024-05-02 21:55:48,540 - INFO     - file_utils  : Created /scratch1/NCEPDEV/stmp2/Terry.McGuinness/RUNDIRS/C48mx500_3DVarAOWCDA_264f2fa2/gdasocnanal_18/static_ens
2024-05-02 21:55:48,540 - INFO     - file_utils  : Created /scratch1/NCEPDEV/stmp2/Terry.McGuinness/RUNDIRS/C48mx500_3DVarAOWCDA_264f2fa2/gdasocnanal_18/static_ens
2024-05-02 21:55:48,541 - INFO     - root        : ---------------- Stage observations
2024-05-02 21:55:48,541 - INFO     - root        : ---------------- Stage observations
2024-05-02 21:55:48,580 - INFO     - root        : ******* gdas.t18z.adt_rads_all.2021032418.nc4
2024-05-02 21:55:48,580 - INFO     - root        : ******* gdas.t18z.adt_rads_all.2021032418.nc4
2024-05-02 21:55:48,580 - INFO     - root        : ******* /scratch1/NCEPDEV/global/CI/2565/RUNTESTS/COMROOT/C48mx500_3DVarAOWCDA_264f2fa2/gdas.20210324/18/obs/gdas.t18z.adt_rads_all.2021032418.nc4
2024-05-02 21:55:48,580 - INFO     - root        : ******* /scratch1/NCEPDEV/global/CI/2565/RUNTESTS/COMROOT/C48mx500_3DVarAOWCDA_264f2fa2/gdas.20210324/18/obs/gdas.t18z.adt_rads_all.2021032418.nc4
2024-05-02 21:55:48,581 - INFO     - root        : ******* fetching gdas.t18z.adt_rads_all.2021032418.nc4
2024-05-02 21:55:48,581 - INFO     - root        : ******* fetching gdas.t18z.adt_rads_all.2021032418.nc4
2024-05-02 21:55:48,582 - INFO     - root        : ******* gdas.t18z.icec_amsr2_north.2021032418.nc4
2024-05-02 21:55:48,582 - INFO     - root        : ******* gdas.t18z.icec_amsr2_north.2021032418.nc4
2024-05-02 21:55:48,582 - INFO     - root        : ******* /scratch1/NCEPDEV/global/CI/2565/RUNTESTS/COMROOT/C48mx500_3DVarAOWCDA_264f2fa2/gdas.20210324/18/obs/gdas.t18z.icec_amsr2_north.2021032418.nc4
2024-05-02 21:55:48,582 - INFO     - root        : ******* /scratch1/NCEPDEV/global/CI/2565/RUNTESTS/COMROOT/C48mx500_3DVarAOWCDA_264f2fa2/gdas.20210324/18/obs/gdas.t18z.icec_amsr2_north.2021032418.nc4
2024-05-02 21:55:48,582 - INFO     - root        : ******* fetching gdas.t18z.icec_amsr2_north.2021032418.nc4
2024-05-02 21:55:48,582 - INFO     - root        : ******* fetching gdas.t18z.icec_amsr2_north.2021032418.nc4
2024-05-02 21:55:48,583 - INFO     - root        : ******* gdas.t18z.icec_amsr2_south.2021032418.nc4
2024-05-02 21:55:48,583 - INFO     - root        : ******* gdas.t18z.icec_amsr2_south.2021032418.nc4
2024-05-02 21:55:48,583 - INFO     - root        : ******* /scratch1/NCEPDEV/global/CI/2565/RUNTESTS/COMROOT/C48mx500_3DVarAOWCDA_264f2fa2/gdas.20210324/18/obs/gdas.t18z.icec_amsr2_south.2021032418.nc4
2024-05-02 21:55:48,583 - INFO     - root        : ******* /scratch1/NCEPDEV/global/CI/2565/RUNTESTS/COMROOT/C48mx500_3DVarAOWCDA_264f2fa2/gdas.20210324/18/obs/gdas.t18z.icec_amsr2_south.2021032418.nc4
2024-05-02 21:55:48,583 - INFO     - root        : ******* fetching gdas.t18z.icec_amsr2_south.2021032418.nc4
2024-05-02 21:55:48,583 - INFO     - root        : ******* fetching gdas.t18z.icec_amsr2_south.2021032418.nc4
2024-05-02 21:55:48,617 - INFO     - file_utils  : Copied /scratch1/NCEPDEV/global/CI/2565/RUNTESTS/COMROOT/C48mx500_3DVarAOWCDA_264f2fa2/gdas.20210324/18/obs/gdas.t18z.adt_rads_all.2021032418.nc4 to /scratch1/NCEPDEV/stmp2/Terry.McGuinness/RUNDIRS/C48mx500_3DVarAOWCDA_264f2fa2/gdasocnanal_18/obs/gdas.t18z.adt_rads_all.2021032418.nc4
2024-05-02 21:55:48,617 - INFO     - file_utils  : Copied /scratch1/NCEPDEV/global/CI/2565/RUNTESTS/COMROOT/C48mx500_3DVarAOWCDA_264f2fa2/gdas.20210324/18/obs/gdas.t18z.adt_rads_all.2021032418.nc4 to /scratch1/NCEPDEV/stmp2/Terry.McGuinness/RUNDIRS/C48mx500_3DVarAOWCDA_264f2fa2/gdasocnanal_18/obs/gdas.t18z.adt_rads_all.2021032418.nc4
2024-05-02 21:55:48,700 - INFO     - file_utils  : Copied /scratch1/NCEPDEV/global/CI/2565/RUNTESTS/COMROOT/C48mx500_3DVarAOWCDA_264f2fa2/gdas.20210324/18/obs/gdas.t18z.icec_amsr2_north.2021032418.nc4 to /scratch1/NCEPDEV/stmp2/Terry.McGuinness/RUNDIRS/C48mx500_3DVarAOWCDA_264f2fa2/gdasocnanal_18/obs/gdas.t18z.icec_amsr2_north.2021032418.nc4
2024-05-02 21:55:48,700 - INFO     - file_utils  : Copied /scratch1/NCEPDEV/global/CI/2565/RUNTESTS/COMROOT/C48mx500_3DVarAOWCDA_264f2fa2/gdas.20210324/18/obs/gdas.t18z.icec_amsr2_north.2021032418.nc4 to /scratch1/NCEPDEV/stmp2/Terry.McGuinness/RUNDIRS/C48mx500_3DVarAOWCDA_264f2fa2/gdasocnanal_18/obs/gdas.t18z.icec_amsr2_north.2021032418.nc4
2024-05-02 21:55:48,777 - INFO     - file_utils  : Copied /scratch1/NCEPDEV/global/CI/2565/RUNTESTS/COMROOT/C48mx500_3DVarAOWCDA_264f2fa2/gdas.20210324/18/obs/gdas.t18z.icec_amsr2_south.2021032418.nc4 to /scratch1/NCEPDEV/stmp2/Terry.McGuinness/RUNDIRS/C48mx500_3DVarAOWCDA_264f2fa2/gdasocnanal_18/obs/gdas.t18z.icec_amsr2_south.2021032418.nc4
2024-05-02 21:55:48,777 - INFO     - file_utils  : Copied /scratch1/NCEPDEV/global/CI/2565/RUNTESTS/COMROOT/C48mx500_3DVarAOWCDA_264f2fa2/gdas.20210324/18/obs/gdas.t18z.icec_amsr2_south.2021032418.nc4 to /scratch1/NCEPDEV/stmp2/Terry.McGuinness/RUNDIRS/C48mx500_3DVarAOWCDA_264f2fa2/gdasocnanal_18/obs/gdas.t18z.icec_amsr2_south.2021032418.nc4
2024-05-02 21:55:48,777 - INFO     - root        : ---------------- Stage static files
2024-05-02 21:55:48,777 - INFO     - root        : ---------------- Stage static files
2024-05-02 21:55:48,777 - INFO     - file_utils  : Created /scratch1/NCEPDEV/stmp2/Terry.McGuinness/RUNDIRS/C48mx500_3DVarAOWCDA_264f2fa2/gdasocnanal_18/INPUT
2024-05-02 21:55:48,777 - INFO     - file_utils  : Created /scratch1/NCEPDEV/stmp2/Terry.McGuinness/RUNDIRS/C48mx500_3DVarAOWCDA_264f2fa2/gdasocnanal_18/INPUT
2024-05-02 21:55:48,801 - INFO     - file_utils  : Copied /scratch2/NCEPDEV/ocean/Guillaume.Vernieres/data/static/72x35x25/soca/rossrad.dat to /scratch1/NCEPDEV/stmp2/Terry.McGuinness/RUNDIRS/C48mx500_3DVarAOWCDA_264f2fa2/gdasocnanal_18/rossrad.dat
2024-05-02 21:55:48,801 - INFO     - file_utils  : Copied /scratch2/NCEPDEV/ocean/Guillaume.Vernieres/data/static/72x35x25/soca/rossrad.dat to /scratch1/NCEPDEV/stmp2/Terry.McGuinness/RUNDIRS/C48mx500_3DVarAOWCDA_264f2fa2/gdasocnanal_18/rossrad.dat
2024-05-02 21:55:48,805 - INFO     - file_utils  : Copied /scratch2/NCEPDEV/ocean/Guillaume.Vernieres/data/static/72x35x25/soca/field_table to /scratch1/NCEPDEV/stmp2/Terry.McGuinness/RUNDIRS/C48mx500_3DVarAOWCDA_264f2fa2/gdasocnanal_18/field_table
2024-05-02 21:55:48,805 - INFO     - file_utils  : Copied /scratch2/NCEPDEV/ocean/Guillaume.Vernieres/data/static/72x35x25/soca/field_table to /scratch1/NCEPDEV/stmp2/Terry.McGuinness/RUNDIRS/C48mx500_3DVarAOWCDA_264f2fa2/gdasocnanal_18/field_table
2024-05-02 21:55:48,810 - INFO     - file_utils  : Copied /scratch2/NCEPDEV/ocean/Guillaume.Vernieres/data/static/72x35x25/soca/diag_table to /scratch1/NCEPDEV/stmp2/Terry.McGuinness/RUNDIRS/C48mx500_3DVarAOWCDA_264f2fa2/gdasocnanal_18/diag_table
2024-05-02 21:55:48,810 - INFO     - file_utils  : Copied /scratch2/NCEPDEV/ocean/Guillaume.Vernieres/data/static/72x35x25/soca/diag_table to /scratch1/NCEPDEV/stmp2/Terry.McGuinness/RUNDIRS/C48mx500_3DVarAOWCDA_264f2fa2/gdasocnanal_18/diag_table
2024-05-02 21:55:48,814 - INFO     - file_utils  : Copied /scratch2/NCEPDEV/ocean/Guillaume.Vernieres/data/static/72x35x25/soca/MOM_input to /scratch1/NCEPDEV/stmp2/Terry.McGuinness/RUNDIRS/C48mx500_3DVarAOWCDA_264f2fa2/gdasocnanal_18/MOM_input
2024-05-02 21:55:48,814 - INFO     - file_utils  : Copied /scratch2/NCEPDEV/ocean/Guillaume.Vernieres/data/static/72x35x25/soca/MOM_input to /scratch1/NCEPDEV/stmp2/Terry.McGuinness/RUNDIRS/C48mx500_3DVarAOWCDA_264f2fa2/gdasocnanal_18/MOM_input
2024-05-02 21:55:48,819 - INFO     - file_utils  : Copied /scratch2/NCEPDEV/ocean/Guillaume.Vernieres/data/static/72x35x25/soca/fields_metadata.yaml to /scratch1/NCEPDEV/stmp2/Terry.McGuinness/RUNDIRS/C48mx500_3DVarAOWCDA_264f2fa2/gdasocnanal_18/fields_metadata.yaml
2024-05-02 21:55:48,819 - INFO     - file_utils  : Copied /scratch2/NCEPDEV/ocean/Guillaume.Vernieres/data/static/72x35x25/soca/fields_metadata.yaml to /scratch1/NCEPDEV/stmp2/Terry.McGuinness/RUNDIRS/C48mx500_3DVarAOWCDA_264f2fa2/gdasocnanal_18/fields_metadata.yaml
2024-05-02 21:55:48,823 - INFO     - file_utils  : Copied /scratch2/NCEPDEV/ocean/Guillaume.Vernieres/data/static/72x35x25/soca/obsop_name_map.yaml to /scratch1/NCEPDEV/stmp2/Terry.McGuinness/RUNDIRS/C48mx500_3DVarAOWCDA_264f2fa2/gdasocnanal_18/obsop_name_map.yaml
2024-05-02 21:55:48,823 - INFO     - file_utils  : Copied /scratch2/NCEPDEV/ocean/Guillaume.Vernieres/data/static/72x35x25/soca/obsop_name_map.yaml to /scratch1/NCEPDEV/stmp2/Terry.McGuinness/RUNDIRS/C48mx500_3DVarAOWCDA_264f2fa2/gdasocnanal_18/obsop_name_map.yaml
2024-05-02 21:55:48,828 - INFO     - file_utils  : Copied /scratch2/NCEPDEV/ocean/Guillaume.Vernieres/data/static/72x35x25/soca/INPUT/ocean_topog.nc to /scratch1/NCEPDEV/stmp2/Terry.McGuinness/RUNDIRS/C48mx500_3DVarAOWCDA_264f2fa2/gdasocnanal_18/INPUT/ocean_topog.nc
2024-05-02 21:55:48,828 - INFO     - file_utils  : Copied /scratch2/NCEPDEV/ocean/Guillaume.Vernieres/data/static/72x35x25/soca/INPUT/ocean_topog.nc to /scratch1/NCEPDEV/stmp2/Terry.McGuinness/RUNDIRS/C48mx500_3DVarAOWCDA_264f2fa2/gdasocnanal_18/INPUT/ocean_topog.nc
2024-05-02 21:55:48,834 - INFO     - file_utils  : Copied /scratch2/NCEPDEV/ocean/Guillaume.Vernieres/data/static/72x35x25/soca/INPUT/ocean_hgrid.nc to /scratch1/NCEPDEV/stmp2/Terry.McGuinness/RUNDIRS/C48mx500_3DVarAOWCDA_264f2fa2/gdasocnanal_18/INPUT/ocean_hgrid.nc
2024-05-02 21:55:48,834 - INFO     - file_utils  : Copied /scratch2/NCEPDEV/ocean/Guillaume.Vernieres/data/static/72x35x25/soca/INPUT/ocean_hgrid.nc to /scratch1/NCEPDEV/stmp2/Terry.McGuinness/RUNDIRS/C48mx500_3DVarAOWCDA_264f2fa2/gdasocnanal_18/INPUT/ocean_hgrid.nc
2024-05-02 21:55:48,838 - INFO     - file_utils  : Copied /scratch2/NCEPDEV/ocean/Guillaume.Vernieres/data/static/72x35x25/soca/INPUT/grid_spec.nc to /scratch1/NCEPDEV/stmp2/Terry.McGuinness/RUNDIRS/C48mx500_3DVarAOWCDA_264f2fa2/gdasocnanal_18/INPUT/grid_spec.nc
2024-05-02 21:55:48,838 - INFO     - file_utils  : Copied /scratch2/NCEPDEV/ocean/Guillaume.Vernieres/data/static/72x35x25/soca/INPUT/grid_spec.nc to /scratch1/NCEPDEV/stmp2/Terry.McGuinness/RUNDIRS/C48mx500_3DVarAOWCDA_264f2fa2/gdasocnanal_18/INPUT/grid_spec.nc
2024-05-02 21:55:48,844 - INFO     - file_utils  : Copied /scratch2/NCEPDEV/ocean/Guillaume.Vernieres/data/static/72x35x25/soca/INPUT/layer_coord25.nc to /scratch1/NCEPDEV/stmp2/Terry.McGuinness/RUNDIRS/C48mx500_3DVarAOWCDA_264f2fa2/gdasocnanal_18/INPUT/layer_coord25.nc
2024-05-02 21:55:48,844 - INFO     - file_utils  : Copied /scratch2/NCEPDEV/ocean/Guillaume.Vernieres/data/static/72x35x25/soca/INPUT/layer_coord25.nc to /scratch1/NCEPDEV/stmp2/Terry.McGuinness/RUNDIRS/C48mx500_3DVarAOWCDA_264f2fa2/gdasocnanal_18/INPUT/layer_coord25.nc
2024-05-02 21:55:48,849 - INFO     - file_utils  : Copied /scratch2/NCEPDEV/ocean/Guillaume.Vernieres/data/static/72x35x25/soca/INPUT/ocean_mosaic.nc to /scratch1/NCEPDEV/stmp2/Terry.McGuinness/RUNDIRS/C48mx500_3DVarAOWCDA_264f2fa2/gdasocnanal_18/INPUT/ocean_mosaic.nc
2024-05-02 21:55:48,849 - INFO     - file_utils  : Copied /scratch2/NCEPDEV/ocean/Guillaume.Vernieres/data/static/72x35x25/soca/INPUT/ocean_mosaic.nc to /scratch1/NCEPDEV/stmp2/Terry.McGuinness/RUNDIRS/C48mx500_3DVarAOWCDA_264f2fa2/gdasocnanal_18/INPUT/ocean_mosaic.nc
2024-05-02 21:55:48,854 - INFO     - file_utils  : Copied /scratch2/NCEPDEV/ocean/Guillaume.Vernieres/data/static/72x35x25/soca/INPUT/hycom1_25.nc to /scratch1/NCEPDEV/stmp2/Terry.McGuinness/RUNDIRS/C48mx500_3DVarAOWCDA_264f2fa2/gdasocnanal_18/INPUT/hycom1_25.nc
2024-05-02 21:55:48,854 - INFO     - file_utils  : Copied /scratch2/NCEPDEV/ocean/Guillaume.Vernieres/data/static/72x35x25/soca/INPUT/hycom1_25.nc to /scratch1/NCEPDEV/stmp2/Terry.McGuinness/RUNDIRS/C48mx500_3DVarAOWCDA_264f2fa2/gdasocnanal_18/INPUT/hycom1_25.nc
2024-05-02 21:55:48,855 - INFO     - root        : ---------------- Generate JEDI yaml files
2024-05-02 21:55:48,855 - INFO     - root        : ---------------- Generate JEDI yaml files
2024-05-02 21:55:48,855 - INFO     - root        : ---------------- generate gridgen.yaml
2024-05-02 21:55:48,855 - INFO     - root        : ---------------- generate gridgen.yaml
2024-05-02 21:55:48,860 - INFO     - file_utils  : Copied /scratch1/NCEPDEV/global/CI/2565/gfs/sorc/gdas.cd/parm/soca/gridgen/gridgen.yaml to /scratch1/NCEPDEV/stmp2/Terry.McGuinness/RUNDIRS/C48mx500_3DVarAOWCDA_264f2fa2/gdasocnanal_18/gridgen.yaml
2024-05-02 21:55:48,860 - INFO     - file_utils  : Copied /scratch1/NCEPDEV/global/CI/2565/gfs/sorc/gdas.cd/parm/soca/gridgen/gridgen.yaml to /scratch1/NCEPDEV/stmp2/Terry.McGuinness/RUNDIRS/C48mx500_3DVarAOWCDA_264f2fa2/gdasocnanal_18/gridgen.yaml
2024-05-02 21:55:48,860 - INFO     - root        : ---------------- generate soca_diagb.yaml
2024-05-02 21:55:48,860 - INFO     - root        : ---------------- generate soca_diagb.yaml
2024-05-02 21:55:48,876 - INFO     - root        : ---------------- generate soca_ensb.yaml
2024-05-02 21:55:48,876 - INFO     - root        : ---------------- generate soca_ensb.yaml
2024-05-02 21:55:48,908 - INFO     - root        : ---------------- generate soca_ensweights.yaml
2024-05-02 21:55:48,908 - INFO     - root        : ---------------- generate soca_ensweights.yaml
2024-05-02 21:55:48,920 - INFO     - root        : ---------------- generate soca_setlocscales.yaml
2024-05-02 21:55:48,920 - INFO     - root        : ---------------- generate soca_setlocscales.yaml
2024-05-02 21:55:48,923 - INFO     - file_utils  : Copied /scratch1/NCEPDEV/global/CI/2565/gfs/sorc/gdas.cd/parm/soca/berror/soca_setlocscales.yaml to /scratch1/NCEPDEV/stmp2/Terry.McGuinness/RUNDIRS/C48mx500_3DVarAOWCDA_264f2fa2/gdasocnanal_18/soca_setlocscales.yaml
2024-05-02 21:55:48,923 - INFO     - file_utils  : Copied /scratch1/NCEPDEV/global/CI/2565/gfs/sorc/gdas.cd/parm/soca/berror/soca_setlocscales.yaml to /scratch1/NCEPDEV/stmp2/Terry.McGuinness/RUNDIRS/C48mx500_3DVarAOWCDA_264f2fa2/gdasocnanal_18/soca_setlocscales.yaml
2024-05-02 21:55:48,924 - INFO     - root        : ---------------- generate soca_setcorscales.yaml
2024-05-02 21:55:48,924 - INFO     - root        : ---------------- generate soca_setcorscales.yaml
2024-05-02 21:55:48,927 - INFO     - file_utils  : Copied /scratch1/NCEPDEV/global/CI/2565/gfs/sorc/gdas.cd/parm/soca/berror/soca_setcorscales.yaml to /scratch1/NCEPDEV/stmp2/Terry.McGuinness/RUNDIRS/C48mx500_3DVarAOWCDA_264f2fa2/gdasocnanal_18/soca_setcorscales.yaml
2024-05-02 21:55:48,927 - INFO     - file_utils  : Copied /scratch1/NCEPDEV/global/CI/2565/gfs/sorc/gdas.cd/parm/soca/berror/soca_setcorscales.yaml to /scratch1/NCEPDEV/stmp2/Terry.McGuinness/RUNDIRS/C48mx500_3DVarAOWCDA_264f2fa2/gdasocnanal_18/soca_setcorscales.yaml
2024-05-02 21:55:48,927 - INFO     - root        : ---------------- generate soca_parameters_diffusion_hz.yaml
2024-05-02 21:55:48,927 - INFO     - root        : ---------------- generate soca_parameters_diffusion_hz.yaml
2024-05-02 21:55:48,940 - INFO     - root        : ---------------- generate soca_vtscales.yaml
2024-05-02 21:55:48,940 - INFO     - root        : ---------------- generate soca_vtscales.yaml
2024-05-02 21:55:48,947 - INFO     - root        : ---------------- generate soca_parameters_diffusion_vt.yaml
2024-05-02 21:55:48,947 - INFO     - root        : ---------------- generate soca_parameters_diffusion_vt.yaml
2024-05-02 21:55:48,959 - INFO     - root        : ---------------- generate var.yaml
2024-05-02 21:55:48,959 - INFO     - root        : ---------------- generate var.yaml
2024-05-02 21:55:49,016 - INFO     - root        : *** history file date: 2021-03-24 15:00:00 expected date: 2021-03-24 15:00:00
2024-05-02 21:55:49,016 - INFO     - root        : *** history file date: 2021-03-24 15:00:00 expected date: 2021-03-24 15:00:00
2024-05-02 21:55:49,022 - INFO     - root        : *** history file date: 2021-03-24 15:00:00 expected date: 2021-03-24 15:00:00
2024-05-02 21:55:49,022 - INFO     - root        : *** history file date: 2021-03-24 15:00:00 expected date: 2021-03-24 15:00:00
2024-05-02 21:55:49,366 - INFO     - root        : *** history file date: 2021-03-24 18:00:00 expected date: 2021-03-24 18:00:00
2024-05-02 21:55:49,366 - INFO     - root        : *** history file date: 2021-03-24 18:00:00 expected date: 2021-03-24 18:00:00
2024-05-02 21:55:49,631 - INFO     - root        : *** history file date: 2021-03-24 21:00:00 expected date: 2021-03-24 21:00:00
2024-05-02 21:55:49,631 - INFO     - root        : *** history file date: 2021-03-24 21:00:00 expected date: 2021-03-24 21:00:00
2024-05-02 21:55:49,905 - INFO     - file_utils  : Copied /scratch1/NCEPDEV/global/CI/2565/RUNTESTS/COMROOT/C48mx500_3DVarAOWCDA_264f2fa2/gdas.20210324/12//model_data/ocean/history/gdas.ocean.t12z.inst.f003.nc to /scratch1/NCEPDEV/stmp2/Terry.McGuinness/RUNDIRS/C48mx500_3DVarAOWCDA_264f2fa2/gdasocnanal_18/bkg/gdas.ocean.t12z.inst.f003.nc
2024-05-02 21:55:49,905 - INFO     - file_utils  : Copied /scratch1/NCEPDEV/global/CI/2565/RUNTESTS/COMROOT/C48mx500_3DVarAOWCDA_264f2fa2/gdas.20210324/12//model_data/ocean/history/gdas.ocean.t12z.inst.f003.nc to /scratch1/NCEPDEV/stmp2/Terry.McGuinness/RUNDIRS/C48mx500_3DVarAOWCDA_264f2fa2/gdasocnanal_18/bkg/gdas.ocean.t12z.inst.f003.nc
2024-05-02 21:55:49,923 - INFO     - file_utils  : Copied /scratch1/NCEPDEV/global/CI/2565/RUNTESTS/COMROOT/C48mx500_3DVarAOWCDA_264f2fa2/gdas.20210324/12//model_data/ocean/history/gdas.ocean.t12z.inst.f006.nc to /scratch1/NCEPDEV/stmp2/Terry.McGuinness/RUNDIRS/C48mx500_3DVarAOWCDA_264f2fa2/gdasocnanal_18/bkg/gdas.ocean.t12z.inst.f006.nc
2024-05-02 21:55:49,923 - INFO     - file_utils  : Copied /scratch1/NCEPDEV/global/CI/2565/RUNTESTS/COMROOT/C48mx500_3DVarAOWCDA_264f2fa2/gdas.20210324/12//model_data/ocean/history/gdas.ocean.t12z.inst.f006.nc to /scratch1/NCEPDEV/stmp2/Terry.McGuinness/RUNDIRS/C48mx500_3DVarAOWCDA_264f2fa2/gdasocnanal_18/bkg/gdas.ocean.t12z.inst.f006.nc
2024-05-02 21:55:49,933 - INFO     - file_utils  : Copied /scratch1/NCEPDEV/global/CI/2565/RUNTESTS/COMROOT/C48mx500_3DVarAOWCDA_264f2fa2/gdas.20210324/12//model_data/ocean/history/gdas.ocean.t12z.inst.f009.nc to /scratch1/NCEPDEV/stmp2/Terry.McGuinness/RUNDIRS/C48mx500_3DVarAOWCDA_264f2fa2/gdasocnanal_18/bkg/gdas.ocean.t12z.inst.f009.nc
2024-05-02 21:55:49,933 - INFO     - file_utils  : Copied /scratch1/NCEPDEV/global/CI/2565/RUNTESTS/COMROOT/C48mx500_3DVarAOWCDA_264f2fa2/gdas.20210324/12//model_data/ocean/history/gdas.ocean.t12z.inst.f009.nc to /scratch1/NCEPDEV/stmp2/Terry.McGuinness/RUNDIRS/C48mx500_3DVarAOWCDA_264f2fa2/gdasocnanal_18/bkg/gdas.ocean.t12z.inst.f009.nc
2024-05-02 21:55:49,934 - INFO     - root        : {'geometry': {'mom6_input_nml': 'mom_input.nml', 'fields metadata': './fields_metadata.yaml'}, 'background': {'read_from_file': 1, 'basename': './INPUT/', 'ocn_filename': 'MOM.res.nc', 'ice_filename': 'cice.res.nc', 'date': '2021-03-24T15:00:00Z', 'state variables': ['cicen', 'hicen', 'hsnon', 'socn', 'tocn', 'uocn', 'vocn', 'ssh']}, 'background error': {'covariance model': 'SABER', 'saber central block': {'saber block name': 'EXPLICIT_DIFFUSION', 'geometry': {'mom6_input_nml': 'mom_input.nml', 'fields metadata': './fields_metadata.yaml'}, 'calibration': {'normalization': {'method': 'randomization', 'iterations': 1000}, 'groups': [{'name': 'vt_ocean', 'vertical': {'as gaussian': True, 'from file': {'filename': 'vt_scales.nc', 'variable name': 'vt'}}, 'write': {'filename': 'vt_ocean.nc'}}]}}}}
2024-05-02 21:55:49,934 - INFO     - root        : {'geometry': {'mom6_input_nml': 'mom_input.nml', 'fields metadata': './fields_metadata.yaml'}, 'background': {'read_from_file': 1, 'basename': './INPUT/', 'ocn_filename': 'MOM.res.nc', 'ice_filename': 'cice.res.nc', 'date': '2021-03-24T15:00:00Z', 'state variables': ['cicen', 'hicen', 'hsnon', 'socn', 'tocn', 'uocn', 'vocn', 'ssh']}, 'background error': {'covariance model': 'SABER', 'saber central block': {'saber block name': 'EXPLICIT_DIFFUSION', 'geometry': {'mom6_input_nml': 'mom_input.nml', 'fields metadata': './fields_metadata.yaml'}, 'calibration': {'normalization': {'method': 'randomization', 'iterations': 1000}, 'groups': [{'name': 'vt_ocean', 'vertical': {'as gaussian': True, 'from file': {'filename': 'vt_scales.nc', 'variable name': 'vt'}}, 'write': {'filename': 'vt_ocean.nc'}}]}}}}
2024-05-02 21:55:50,038 - INFO     - root        : ---------------- generate soca to cice yamls
2024-05-02 21:55:50,038 - INFO     - root        : ---------------- generate soca to cice yamls
Traceback (most recent call last):
  File "/scratch1/NCEPDEV/da/python/gdasapp/wxflow/20240307/src/wxflow/fsutils.py", line 83, in cp
    shutil.copy2(source, target)
  File "/scratch1/NCEPDEV/nems/role.epic/spack-stack/spack-stack-1.6.0/envs/unified-env-rocky8/install/intel/2021.5.0/python-3.10.13-2p2rady/lib/python3.10/shutil.py", line 434, in copy2
    copyfile(src, dst, follow_symlinks=follow_symlinks)
  File "/scratch1/NCEPDEV/nems/role.epic/spack-stack/spack-stack-1.6.0/envs/unified-env-rocky8/install/intel/2021.5.0/python-3.10.13-2p2rady/lib/python3.10/shutil.py", line 254, in copyfile
    with open(src, 'rb') as fsrc:
FileNotFoundError: [Errno 2] No such file or directory: '/scratch1/NCEPDEV/global/CI/2565/RUNTESTS/COMROOT/C48mx500_3DVarAOWCDA_264f2fa2/gdas.20210324/12//model_data/ice/restart/20210324.180000.cice_model.res.nc'

During handling of the above exception, another exception occurred:

Traceback (most recent call last):
  File "/scratch1/NCEPDEV/global/CI/2565/gfs/sorc/gdas.cd/scripts/exgdas_global_marine_analysis_prep.py", line 302, in <module>
    FileHandler({'copy': [[ice_rst, ice_rst_ana]]}).sync()
  File "/scratch1/NCEPDEV/da/python/gdasapp/wxflow/20240307/src/wxflow/file_utils.py", line 43, in sync
    sync_factory[action](files)
  File "/scratch1/NCEPDEV/da/python/gdasapp/wxflow/20240307/src/wxflow/file_utils.py", line 63, in _copy_files
    cp(src, dest)
  File "/scratch1/NCEPDEV/da/python/gdasapp/wxflow/20240307/src/wxflow/fsutils.py", line 85, in cp
    raise OSError(f"unable to copy {source} to {target}")
OSError: unable to copy /scratch1/NCEPDEV/global/CI/2565/RUNTESTS/COMROOT/C48mx500_3DVarAOWCDA_264f2fa2/gdas.20210324/12//model_data/ice/restart/20210324.180000.cice_model.res.nc to /scratch1/NCEPDEV/stmp2/Terry.McGuinness/RUNDIRS/C48mx500_3DVarAOWCDA_264f2fa2/gdasocnanal_18/Data/20210324.180000.cice_model.res.nc
+ JGDAS_GLOBAL_OCEAN_ANALYSIS_PREP[47]: status=1
+ JGDAS_GLOBAL_OCEAN_ANALYSIS_PREP[48]: [[ 1 -ne 0 ]]
+ JGDAS_GLOBAL_OCEAN_ANALYSIS_PREP[48]: exit 1
+ JGDAS_GLOBAL_OCEAN_ANALYSIS_PREP[1]: postamble JGDAS_GLOBAL_OCEAN_ANALYSIS_PREP 1714686930 1
+ preamble.sh[70]: set +x
End JGDAS_GLOBAL_OCEAN_ANALYSIS_PREP at 21:55:50 with error code 1 (time elapsed: 00:00:20)
+ ocnanalprep.sh[18]: status=1
+ ocnanalprep.sh[19]: exit 1
+ ocnanalprep.sh[1]: postamble ocnanalprep.sh 1714686897 1
+ preamble.sh[70]: set +x
End ocnanalprep.sh at 21:55:50 with error code 1 (time elapsed: 00:00:53)
_______________________________________________________________
Start Epilog on node h2c23 for job 59221516 :: Thu May  2 21:55:51 UTC 2024
Job 59221516 finished for user Terry.McGuinness in partition hera with exit code 1:0
_______________________________________________________________
End Epilogue Thu May  2 21:55:51 UTC 2024
