+ OPTIND=1
+ _opts='-f '
+ getopts :j:dv option
+ case "${option}" in
+ BUILD_JOBS=8
+ getopts :j:dv option
+ shift 2
+ BUILD_JOBS=8
+ WORKFLOW_BUILD=ON
+ ./gdas.cd/build.sh -f -f
Building GDASApp on hera

Currently Loaded Modules:
  1) intel/2022.1.2                   47) sp/2.5.0
  2) stack-intel/2021.5.0             48) gsl-lite/0.37.0
  3) impi/2022.1.2                    49) libjpeg/2.1.0
  4) stack-intel-oneapi-mpi/2021.5.1  50) krb5/1.20.1
  5) cmake/3.23.1                     51) libtirpc/1.3.3
  6) gettext/0.19.8.1                 52) hdf/4.2.15
  7) pcre2/10.42                      53) jedi-cmake/1.4.0
  8) nghttp2/1.57.0                   54) libpng/1.6.37
  9) curl/8.4.0                       55) libxt/1.1.5
 10) zlib/1.2.13                      56) libxmu/1.1.4
 11) git/2.18.0                       57) libxpm/4.11.0
 12) pkg-config/0.27.1                58) libxaw/1.0.13
 13) hdf5/1.14.0                      59) udunits/2.2.28
 14) parallel-netcdf/1.12.2           60) ncview/2.1.9
 15) snappy/1.1.10                    61) netcdf-cxx4/4.3.1
 16) zstd/1.5.2                       62) json/3.10.5
 17) c-blosc/1.21.5                   63) rocoto/1.3.6
 18) netcdf-c/4.9.2                   64) bacio/2.4.1
 19) nccmp/1.9.0.1                    65) w3emc/2.10.0
 20) netcdf-fortran/4.6.1             66) prod_util/2.1.1
 21) antlr/2.7.7                      67) py-markupsafe/2.1.3
 22) gsl/2.7.1                        68) py-jinja2/3.0.3
 23) nco/5.0.6                        69) py-cftime/1.0.3.4
 24) parallelio/2.5.10                70) py-netcdf4/1.5.8
 25) wget/1.14                        71) py-pybind11/2.11.0
 26) libxcrypt/4.4.35                 72) py-pycodestyle/2.11.0
 27) sqlite/3.43.2                    73) libyaml/0.2.5
 28) util-linux-uuid/2.38.1           74) py-pyyaml/6.0
 29) python/3.10.13                   75) py-scipy/1.11.3
 30) boost/1.83.0                     76) py-packaging/23.1
 31) py-setuptools/63.4.3             77) py-bottleneck/1.3.7
 32) py-numpy/1.22.3                  78) py-numexpr/2.8.4
 33) bufr/12.0.1                      79) py-et-xmlfile/1.0.1
 34) git-lfs/2.10.0                   80) py-openpyxl/3.1.2
 35) ecbuild/3.7.2                    81) py-six/1.16.0
 36) openjpeg/2.3.1                   82) py-python-dateutil/2.8.2
 37) eccodes/2.32.0                   83) py-pytz/2023.3
 38) eigen/3.4.0                      84) py-pyxlsb/1.0.10
 39) openblas/0.3.24                  85) py-xlrd/2.0.1
 40) eckit/1.24.5                     86) py-xlsxwriter/3.1.7
 41) fftw/3.3.10                      87) py-xlwt/1.3.0
 42) fckit/0.11.0                     88) py-pandas/1.5.3
 43) fiat/1.2.0                       89) py-xarray/2023.7.0
 44) ectrans/1.2.0                    90) py-f90nml/1.4.3
 45) qhull/2020.2                     91) py-pip/23.1.2
 46) atlas/0.35.1                     92) GDAS/hera.intel

 

Configuring ...
+ cmake -DMPIEXEC_EXECUTABLE=/apps/slurm/default/bin/srun -DMPIEXEC_NUMPROC_FLAG=-n -DBUILD_GSIBEC=ON -DCLONE_JCSDADATA=NO -DWORKFLOW_TESTS=ON /scratch1/NCEPDEV/global/CI/276/gfs/sorc/gdas.cd/bundle
-- The C compiler identification is Intel 2021.5.0.20211109
-- The CXX compiler identification is Intel 2021.5.0.20211109
-- The Fortran compiler identification is Intel 2021.5.0.20211109
-- Detecting C compiler ABI info
-- Detecting C compiler ABI info - done
-- Check for working C compiler: /apps/oneapi/mpi/2021.5.1/bin/mpiicc - skipped
-- Detecting C compile features
-- Detecting C compile features - done
-- Detecting CXX compiler ABI info
-- Detecting CXX compiler ABI info - done
-- Check for working CXX compiler: /apps/oneapi/mpi/2021.5.1/bin/mpiicpc - skipped
-- Detecting CXX compile features
-- Detecting CXX compile features - done
-- Detecting Fortran compiler ABI info
-- Detecting Fortran compiler ABI info - done
-- Check for working Fortran compiler: /apps/oneapi/mpi/2021.5.1/bin/mpiifort - skipped
-- ecbuild   3.7.2	/scratch1/NCEPDEV/nems/role.epic/spack-stack/spack-stack-1.6.0/envs/unified-env-rocky8/install/intel/2021.5.0/ecbuild-3.7.2-7yxdhug/share/ecbuild/cmake
-- cmake     3.23.1	/scratch1/NCEPDEV/nems/role.epic/spack-stack/spack-stack-1.6.0/envs/unified-env-rocky8/install/intel/2021.5.0/cmake-3.23.1-qjplcak/bin/cmake
-- ---------------------------------------------------------
-- Found Git: /usr/bin/git (found version "2.39.3") 
-- Looking for sys/types.h
-- Looking for sys/types.h - found
-- Looking for stdint.h
-- Looking for stdint.h - found
-- Looking for stddef.h
-- Looking for stddef.h - found
-- Check size of void*
-- Check size of void* - done
-- Check size of off_t
-- Check size of off_t - done
-- ---------------------------------------------------------
-- ---------------------------------------------------------
-- [GDAS-bundle] (1.0.0)
-- Feature TESTS enabled
-- Found Python3: /scratch1/NCEPDEV/nems/role.epic/spack-stack/spack-stack-1.6.0/envs/unified-env-rocky8/install/intel/2021.5.0/python-3.10.13-2p2rady/bin/python3.10 (found version "3.10.13") found components: Interpreter 
-- Feature TESTS enabled
-- ---------------------------------------------------------
-- Adding bundle project jedicmake
-- ---------------------------------------------------------
-- Skipping bundle project eckit
-- ---------------------------------------------------------
-- Skipping bundle project fckit
-- ---------------------------------------------------------
-- Skipping bundle project atlas
-- ---------------------------------------------------------
-- Adding bundle project crtm
-- ---------------------------------------------------------
-- [crtm] (2.4.1)
-- Feature TESTS enabled
-- Found OpenMP_Fortran: -qopenmp (found version "5.0") 
-- Found OpenMP: TRUE (found version "5.0") found components: Fortran 
-- Found NetCDF: /scratch1/NCEPDEV/nems/role.epic/spack-stack/spack-stack-1.6.0/envs/unified-env-rocky8/install/intel/2021.5.0/netcdf-fortran-4.6.1-ifhqcwv/include (found version "4.9.2") found components: Fortran 
-- FindNetCDF defines targets:
--   - NetCDF::NetCDF_Fortran [/scratch1/NCEPDEV/nems/role.epic/spack-stack/spack-stack-1.6.0/envs/unified-env-rocky8/install/intel/2021.5.0/netcdf-fortran-4.6.1-ifhqcwv/lib/libnetcdff.so]
-- ---------------------------------------------------------
-- [CRTM_Tests] (1.0.1)
-- Feature TESTS enabled
-- use LOCAL_PATH_JEDI_TESTFILES: /scratch1/NCEPDEV/global/CI/276/gfs/sorc/gdas.cd/bundle/fix
Using existing local fix directory instead of downloading.
-- Hostname: hfe09
-- Host FQDN: hfe09-ib
-- Git Branch (set CDASH_OVERRIDE_GIT_BRANCH to force): GIT_BRANCH_UNSPECIFIED
-- System ID: Rocky_8.8
-- Compilers: Intel_2021.5.0.20211109
-- Build: GIT_BRANCH_UNSPECIFIED;Rocky_8.8;Intel_2021.5.0.20211109;RelWithDebInfo
-- Site: hfe09-ib
-- ---------------------------------------------------------
-- Adding bundle project gsibec
-- Found ecbuild: /scratch1/NCEPDEV/nems/role.epic/spack-stack/spack-stack-1.6.0/envs/unified-env-rocky8/install/intel/2021.5.0/ecbuild-3.7.2-7yxdhug/share/ecbuild/cmake (found suitable version "3.7.2", minimum required is "3.3.2") 
-- ---------------------------------------------------------
-- [gsibec] (1.1.3)
-- Feature TESTS enabled
-- Found MKL: /apps/oneapi/mkl/2022.0.2/lib/intel64/libmkl_intel_lp64.so;/apps/oneapi/mkl/2022.0.2/lib/intel64/libmkl_sequential.so;/apps/oneapi/mkl/2022.0.2/lib/intel64/libmkl_core.so  
-- Found MPI_Fortran: /apps/oneapi/mpi/2021.5.1/bin/mpiifort (found version "3.1") 
-- Found MPI: TRUE (found version "3.1") found components: Fortran 
-- Found MPI_C: /apps/oneapi/mpi/2021.5.1/bin/mpiicc (found version "3.1") 
-- Found MPI_CXX: /apps/oneapi/mpi/2021.5.1/bin/mpiicpc (found version "3.1") 
-- Found MPI: TRUE (found version "3.1")  
-- Found NetCDF: /scratch1/NCEPDEV/nems/role.epic/spack-stack/spack-stack-1.6.0/envs/unified-env-rocky8/install/intel/2021.5.0/netcdf-c-4.9.2-ejp7j3k/include;/scratch1/NCEPDEV/nems/role.epic/spack-stack/spack-stack-1.6.0/envs/unified-env-rocky8/install/intel/2021.5.0/netcdf-fortran-4.6.1-ifhqcwv/include (found version "4.9.2") found components: Fortran 
-- FindNetCDF defines targets:
--   - NetCDF_VERSION [4.9.2]
--   - NetCDF_PARALLEL [TRUE]
--   - NetCDF_C_CONFIG_EXECUTABLE [/scratch1/NCEPDEV/nems/role.epic/spack-stack/spack-stack-1.6.0/envs/unified-env-rocky8/install/intel/2021.5.0/netcdf-c-4.9.2-ejp7j3k/bin/nc-config]
--   - NetCDF::NetCDF_C [SHARED] [Root: /scratch1/NCEPDEV/nems/role.epic/spack-stack/spack-stack-1.6.0/envs/unified-env-rocky8/install/intel/2021.5.0/netcdf-c-4.9.2-ejp7j3k] Lib: /scratch1/NCEPDEV/nems/role.epic/spack-stack/spack-stack-1.6.0/envs/unified-env-rocky8/install/intel/2021.5.0/netcdf-c-4.9.2-ejp7j3k/lib/libnetcdf.so 
--   - NetCDF_Fortran_CONFIG_EXECUTABLE [/scratch1/NCEPDEV/nems/role.epic/spack-stack/spack-stack-1.6.0/envs/unified-env-rocky8/install/intel/2021.5.0/netcdf-fortran-4.6.1-ifhqcwv/bin/nf-config]
--   - NetCDF::NetCDF_Fortran [SHARED] [Root: /scratch1/NCEPDEV/nems/role.epic/spack-stack/spack-stack-1.6.0/envs/unified-env-rocky8/install/intel/2021.5.0/netcdf-fortran-4.6.1-ifhqcwv] Lib: /scratch1/NCEPDEV/nems/role.epic/spack-stack/spack-stack-1.6.0/envs/unified-env-rocky8/install/intel/2021.5.0/netcdf-fortran-4.6.1-ifhqcwv/lib/libnetcdff.so 
-- Found sp: /scratch1/NCEPDEV/nems/role.epic/spack-stack/spack-stack-1.6.0/envs/unified-env-rocky8/install/intel/2021.5.0/sp-2.5.0-2pqzhuv/lib64/libsp_4.a (found version "2.5.0")
-- ---------------------------------------------------------
-- Adding bundle project gsw
-- ---------------------------------------------------------
-- [gsw] (3.0.7)
-- Feature TESTS enabled
-- ---------------------------------------------------------
-- Adding bundle project oops
-- ---------------------------------------------------------
-- [oops] (1.9.0)
-- Feature TESTS enabled
-- Found OpenMP_CXX: -qopenmp (found version "5.0") 
-- Found OpenMP: TRUE (found version "5.0") found components: CXX Fortran 
.0/envs/unified-env-rocky8/install/intel/2021.5.0/cmake-3.23.1-qjplcak/bin/cmake -E touch fv3-jedi-lm/src/CMakeFiles/fv3jedilm.dir/dynamics/atmos_cubed_sphere/model/fv_tracer2d_nlm.F90.o.provides.build
cmake -E touch: failed to update "fv3-jedi-lm/src/CMakeFiles/fv3jedilm.dir/dynamics/atmos_cubed_sphere/model/fv_tracer2d_nlm.F90.o.provides.buildBuilding Fortran object fv3-jedi-lm/src/CMakeFiles/fv3jedilm.dir/dynamics/atmos_cubed_sphere/model/sw_core_nlm.F90.o
".
cd /scratch1/NCEPDEV/global/CI/276/gfs/sorc/gdas.cd/build/fv3-jedi-lm/src && /apps/oneapi/mpi/2021.5.1/bin/mpiifort -DGFS_PHYS -DINTERNAL_FILE_NML -DOLDMPP -DSPMD -DUSE_LOG_DIAG_FIELD_INFO -Dfv3jedilm_EXPORTS -Duse_LARGEFILE -Duse_libMPI -Duse_netCDF -I/scratch1/NCEPDEV/global/CI/276/gfs/sorc/gdas.cd/bundle/fv3-jedi-lm/src -I/scratch1/NCEPDEV/global/CI/276/gfs/sorc/gdas.cd/build/fv3-jedi-lm/src -I/scratch1/NCEPDEV/global/CI/276/gfs/sorc/gdas.cd/build/fv3-jedi-lm/module -I/scratch1/NCEPDEV/global/CI/276/gfs/sorc/gdas.cd/build/fms/module -I/scratch1/NCEPDEV/global/CI/276/gfs/sorc/gdas.cd/bundle/fms/include -I/scratch1/NCEPDEV/nems/role.epic/spack-stack/spack-stack-1.6.0/envs/unified-env-rocky8/install/intel/2021.5.0/netcdf-fortran-4.6.1-ifhqcwv/include -I/scratch1/NCEPDEV/nems/role.epic/spack-stack/spack-stack-1.6.0/envs/unified-env-rocky8/install/intel/2021.5.0/netcdf-c-4.9.2-ejp7j3k/include -qopenmp -r8 -O2 -g -DNDEBUG -heap-arrays 32 -module ../module -fPIC -qopenmp -c /scratch1/NCEPDEV/global/CI/276/gfs/sorc/gdas.cd/bundle/fv3-jedi-lm/src/dynamics/atmos_cubed_sphere/model/sw_core_nlm.F90 -o CMakeFiles/fv3jedilm.dir/dynamics/atmos_cubed_sphere/model/sw_core_nlm.F90.o
make[2]: *** [fv3-jedi-lm/src/CMakeFiles/fv3jedilm.dir/depend.make:205: fv3-jedi-lm/src/CMakeFiles/fv3jedilm.dir/dynamics/atmos_cubed_sphere/model/fv_tracer2d_nlm.F90.o.provides.build] Error 1
make[2]: *** Waiting for unfinished jobs....
/bin/sh: line 0: cd: /scratch1/NCEPDEV/global/CI/276/gfs/sorc/gdas.cd/build/fv3-jedi-lm/src: No such file or directory
make[2]: *** [fv3-jedi-lm/src/CMakeFiles/fv3jedilm.dir/build.make:349: fv3-jedi-lm/src/CMakeFiles/fv3jedilm.dir/dynamics/atmos_cubed_sphere/model/sw_core_nlm.F90.o] Error 1
Building CXX object ufo/src/ufo/CMakeFiles/ufo.dir/filters/ModelObThreshold.cc.o
cd /scratch1/NCEPDEV/global/CI/276/gfs/sorc/gdas.cd/build/ufo/src/ufo && /apps/oneapi/mpi/2021.5.1/bin/mpiicpc -DGSW_FOUND -DH5_BUILT_AS_DYNAMIC_LIB -DNDEBUG -D_FILE_OFFSET_BITS=64 -D_GNU_SOURCE -D_LARGEFILE64_SOURCE -D_LARGEFILE_SOURCE -D_POSIX_C_SOURCE=200809L -Dioda_SHARED=1 -Dioda_fortran_SHARED=1 -Dufo_EXPORTS -I/scratch1/NCEPDEV/global/CI/276/gfs/sorc/gdas.cd/bundle/ufo/src -I/scratch1/NCEPDEV/global/CI/276/gfs/sorc/gdas.cd/build/ioda/include -I/scratch1/NCEPDEV/global/CI/276/gfs/sorc/gdas.cd/build/module/ioda/Intel/2021.5.0.20211109 -I/scratch1/NCEPDEV/global/CI/276/gfs/sorc/gdas.cd/bundle/ioda/src/engines/ioda/include -I/scratch1/NCEPDEV/global/CI/276/gfs/sorc/gdas.cd/bundle/ioda/src/engines/ioda/fortran -I/scratch1/NCEPDEV/global/CI/276/gfs/sorc/gdas.cd/build/ioda/src/engines/ioda/fortran -I/scratch1/NCEPDEV/global/CI/276/gfs/sorc/gdas.cd/build/ioda/src/engines/ioda/config -I/scratch1/NCEPDEV/global/CI/276/gfs/sorc/gdas.cd/build/oops/include -I/scratch1/NCEPDEV/global/CI/276/gfs/sorc/gdas.cd/bundle/oops/src -I/scratch1/NCEPDEV/global/CI/276/gfs/sorc/gdas.cd/build/module/oops/Intel/2021.5.0.20211109 -I/scratch1/NCEPDEV/global/CI/276/gfs/sorc/gdas.cd/build/module/crtm/Intel/2021.5.0.20211109 -I/scratch1/NCEPDEV/global/CI/276/gfs/sorc/gdas.cd/build/gsw/module -I/scratch1/NCEPDEV/nems/role.epic/spack-stack/spack-stack-1.6.0/envs/unified-env-rocky8/install/intel/2021.5.0/netcdf-c-4.9.2-ejp7j3k/include -I/scratch1/NCEPDEV/nems/role.epic/spack-stack/spack-stack-1.6.0/envs/unified-env-rocky8/install/intel/2021.5.0/netcdf-fortran-4.6.1-ifhqcwv/include -I/scratch1/NCEPDEV/nems/role.epic/spack-stack/spack-stack-1.6.0/envs/unified-env-rocky8/install/intel/2021.5.0/gsl-lite-0.37.0-om3xef3/include -I/scratch1/NCEPDEV/nems/role.epic/spack-stack/spack-stack-1.6.0/envs/unified-env-rocky8/install/intel/2021.5.0/eckit-1.24.5-uo33x5d/include -I/scratch1/NCEPDEV/nems/role.epic/spack-stack/spack-stack-1.6.0/envs/unified-env-rocky8/install/intel/2021.5.0/eckit-1.24.5-uo33x5d/include/eckit -I/scratch1/NCEPDEV/nems/role.epic/spack-stack/spack-stack-1.6.0/envs/unified-env-rocky8/install/intel/2021.5.0/fckit-0.11.0-m6ep4lz/include -I/scratch1/NCEPDEV/nems/role.epic/spack-stack/spack-stack-1.6.0/envs/unified-env-rocky8/install/intel/2021.5.0/fckit-0.11.0-m6ep4lz/module/fckit -I/scratch1/NCEPDEV/nems/role.epic/spack-stack/spack-stack-1.6.0/envs/unified-env-rocky8/install/intel/2021.5.0/fckit-0.11.0-m6ep4lz/include/fckit -I/scratch1/NCEPDEV/nems/role.epic/spack-stack/spack-stack-1.6.0/envs/unified-env-rocky8/install/intel/2021.5.0/udunits-2.2.28-k3qzmyx/include -I/scratch1/NCEPDEV/nems/role.epic/spack-stack/spack-stack-1.6.0/envs/unified-env-rocky8/install/intel/2021.5.0/ecmwf-atlas-0.35.1-qaspewf/include -I/scratch1/NCEPDEV/nems/role.epic/spack-stack/spack-stack-1.6.0/envs/unified-env-rocky8/install/intel/2021.5.0/ecmwf-atlas-0.35.1-qaspewf/module/atlas -isystem /scratch1/NCEPDEV/nems/role.epic/spack-stack/spack-stack-1.6.0/envs/unified-env-rocky8/install/intel/2021.5.0/boost-1.83.0-a2avo2q/include -isystem /scratch1/NCEPDEV/nems/role.epic/spack-stack/spack-stack-1.6.0/envs/unified-env-rocky8/install/intel/2021.5.0/eigen-3.4.0-zl73cui/include/eigen3 -isystem /scratch1/NCEPDEV/nems/role.epic/spack-stack/spack-stack-1.6.0/envs/unified-env-rocky8/install/intel/2021.5.0/hdf5-1.14.0-lixiejp/include -O2 -g -DNDEBUG -fPIC -qopenmp -std=c++17 -MD -MT ufo/src/ufo/CMakeFiles/ufo.dir/filters/ModelObThreshold.cc.o -MF CMakeFiles/ufo.dir/filters/ModelObThreshold.cc.o.d -o CMakeFiles/ufo.dir/filters/ModelObThreshold.cc.o -c /scratch1/NCEPDEV/global/CI/276/gfs/sorc/gdas.cd/bundle/ufo/src/ufo/filters/ModelObThreshold.cc
Building CXX object ufo/src/ufo/CMakeFiles/ufo.dir/filters/MWCLWCheck.cc.o
cd /scratch1/NCEPDEV/global/CI/276/gfs/sorc/gdas.cd/build/ufo/src/ufo && /apps/oneapi/mpi/2021.5.1/bin/mpiicpc -DGSW_FOUND -DH5_BUILT_AS_DYNAMIC_LIB -DNDEBUG -D_FILE_OFFSET_BITS=64 -D_GNU_SOURCE -D_LARGEFILE64_SOURCE -D_LARGEFILE_SOURCE -D_POSIX_C_SOURCE=200809L -Dioda_SHARED=1 -Dioda_fortran_SHARED=1 -Dufo_EXPORTS -I/scratch1/NCEPDEV/global/CI/276/gfs/sorc/gdas.cd/bundle/ufo/src -I/scratch1/NCEPDEV/global/CI/276/gfs/sorc/gdas.cd/build/ioda/include -I/scratch1/NCEPDEV/global/CI/276/gfs/sorc/gdas.cd/build/module/ioda/Intel/2021.5.0.20211109 -I/scratch1/NCEPDEV/global/CI/276/gfs/sorc/gdas.cd/bundle/ioda/src/engines/ioda/include -I/scratch1/NCEPDEV/global/CI/276/gfs/sorc/gdas.cd/bundle/ioda/src/engines/ioda/fortran -I/scratch1/NCEPDEV/global/CI/276/gfs/sorc/gdas.cd/build/ioda/src/engines/ioda/fortran -I/scratch1/NCEPDEV/global/CI/276/gfs/sorc/gdas.cd/build/ioda/src/engines/ioda/config -I/scratch1/NCEPDEV/global/CI/276/gfs/sorc/gdas.cd/build/oops/include -I/scratch1/NCEPDEV/global/CI/276/gfs/sorc/gdas.cd/bundle/oops/src -I/scratch1/NCEPDEV/global/CI/276/gfs/sorc/gdas.cd/build/module/oops/Intel/2021.5.0.20211109 -I/scratch1/NCEPDEV/global/CI/276/gfs/sorc/gdas.cd/build/module/crtm/Intel/2021.5.0.20211109 -I/scratch1/NCEPDEV/global/CI/276/gfs/sorc/gdas.cd/build/gsw/module -I/scratch1/NCEPDEV/nems/role.epic/spack-stack/spack-stack-1.6.0/envs/unified-env-rocky8/install/intel/2021.5.0/netcdf-c-4.9.2-ejp7j3k/include -I/scratch1/NCEPDEV/nems/role.epic/spack-stack/spack-stack-1.6.0/envs/unified-env-rocky8/install/intel/2021.5.0/netcdf-fortran-4.6.1-ifhqcwv/include -I/scratch1/NCEPDEV/nems/role.epic/spack-stack/spack-stack-1.6.0/envs/unified-env-rocky8/install/intel/2021.5.0/gsl-lite-0.37.0-om3xef3/include -I/scratch1/NCEPDEV/nems/role.epic/spack-stack/spack-stack-1.6.0/envs/unified-env-rocky8/install/intel/2021.5.0/eckit-1.24.5-uo33x5d/include -I/scratch1/NCEPDEV/nems/role.epic/spack-stack/spack-stack-1.6.0/envs/unified-env-rocky8/install/intel/2021.5.0/eckit-1.24.5-uo33x5d/include/eckit -I/scratch1/NCEPDEV/nems/role.epic/spack-stack/spack-stack-1.6.0/envs/unified-env-rocky8/install/intel/2021.5.0/fckit-0.11.0-m6ep4lz/include -I/scratch1/NCEPDEV/nems/role.epic/spack-stack/spack-stack-1.6.0/envs/unified-env-rocky8/install/intel/2021.5.0/fckit-0.11.0-m6ep4lz/module/fckit -I/scratch1/NCEPDEV/nems/role.epic/spack-stack/spack-stack-1.6.0/envs/unified-env-rocky8/install/intel/2021.5.0/fckit-0.11.0-m6ep4lz/include/fckit -I/scratch1/NCEPDEV/nems/role.epic/spack-stack/spack-stack-1.6.0/envs/unified-env-rocky8/install/intel/2021.5.0/udunits-2.2.28-k3qzmyx/include -I/scratch1/NCEPDEV/nems/role.epic/spack-stack/spack-stack-1.6.0/envs/unified-env-rocky8/install/intel/2021.5.0/ecmwf-atlas-0.35.1-qaspewf/include -I/scratch1/NCEPDEV/nems/role.epic/spack-stack/spack-stack-1.6.0/envs/unified-env-rocky8/install/intel/2021.5.0/ecmwf-atlas-0.35.1-qaspewf/module/atlas -isystem /scratch1/NCEPDEV/nems/role.epic/spack-stack/spack-stack-1.6.0/envs/unified-env-rocky8/install/intel/2021.5.0/boost-1.83.0-a2avo2q/include -isystem /scratch1/NCEPDEV/nems/role.epic/spack-stack/spack-stack-1.6.0/envs/unified-env-rocky8/install/intel/2021.5.0/eigen-3.4.0-zl73cui/include/eigen3 -isystem /scratch1/NCEPDEV/nems/role.epic/spack-stack/spack-stack-1.6.0/envs/unified-env-rocky8/install/intel/2021.5.0/hdf5-1.14.0-lixiejp/include -O2 -g -DNDEBUG -fPIC -qopenmp -std=c++17 -MD -MT ufo/src/ufo/CMakeFiles/ufo.dir/filters/MWCLWCheck.cc.o -MF CMakeFiles/ufo.dir/filters/MWCLWCheck.cc.o.d -o CMakeFiles/ufo.dir/filters/MWCLWCheck.cc.o -c /scratch1/NCEPDEV/global/CI/276/gfs/sorc/gdas.cd/bundle/ufo/src/ufo/filters/MWCLWCheck.cc
Building CXX object ufo/src/ufo/CMakeFiles/ufo.dir/filters/ObsDiagnosticsWriter.cc.o
cd /scratch1/NCEPDEV/global/CI/276/gfs/sorc/gdas.cd/build/ufo/src/ufo && /apps/oneapi/mpi/2021.5.1/bin/mpiicpc -DGSW_FOUND -DH5_BUILT_AS_DYNAMIC_LIB -DNDEBUG -D_FILE_OFFSET_BITS=64 -D_GNU_SOURCE -D_LARGEFILE64_SOURCE -D_LARGEFILE_SOURCE -D_POSIX_C_SOURCE=200809L -Dioda_SHARED=1 -Dioda_fortran_SHARED=1 -Dufo_EXPORTS -I/scratch1/NCEPDEV/global/CI/276/gfs/sorc/gdas.cd/bundle/ufo/src -I/scratch1/NCEPDEV/global/CI/276/gfs/sorc/gdas.cd/build/ioda/include -I/scratch1/NCEPDEV/global/CI/276/gfs/sorc/gdas.cd/build/module/ioda/Intel/2021.5.0.20211109 -I/scratch1/NCEPDEV/global/CI/276/gfs/sorc/gdas.cd/bundle/ioda/src/engines/ioda/include -I/scratch1/NCEPDEV/global/CI/276/gfs/sorc/gdas.cd/bundle/ioda/src/engines/ioda/fortran -I/scratch1/NCEPDEV/global/CI/276/gfs/sorc/gdas.cd/build/ioda/src/engines/ioda/fortran -I/scratch1/NCEPDEV/global/CI/276/gfs/sorc/gdas.cd/build/ioda/src/engines/ioda/config -I/scratch1/NCEPDEV/global/CI/276/gfs/sorc/gdas.cd/build/oops/include -I/scratch1/NCEPDEV/global/CI/276/gfs/sorc/gdas.cd/bundle/oops/src -I/scratch1/NCEPDEV/global/CI/276/gfs/sorc/gdas.cd/build/module/oops/Intel/2021.5.0.20211109 -I/scratch1/NCEPDEV/global/CI/276/gfs/sorc/gdas.cd/build/module/crtm/Intel/2021.5.0.20211109 -I/scratch1/NCEPDEV/global/CI/276/gfs/sorc/gdas.cd/build/gsw/module -I/scratch1/NCEPDEV/nems/role.epic/spack-stack/spack-stack-1.6.0/envs/unified-env-rocky8/install/intel/2021.5.0/netcdf-c-4.9.2-ejp7j3k/include -I/scratch1/NCEPDEV/nems/role.epic/spack-stack/spack-stack-1.6.0/envs/unified-env-rocky8/install/intel/2021.5.0/netcdf-fortran-4.6.1-ifhqcwv/include -I/scratch1/NCEPDEV/nems/role.epic/spack-stack/spack-stack-1.6.0/envs/unified-env-rocky8/install/intel/2021.5.0/gsl-lite-0.37.0-om3xef3/include -I/scratch1/NCEPDEV/nems/role.epic/spack-stack/spack-stack-1.6.0/envs/unified-env-rocky8/install/intel/2021.5.0/eckit-1.24.5-uo33x5d/include -I/scratch1/NCEPDEV/nems/role.epic/spack-stack/spack-stack-1.6.0/envs/unified-env-rocky8/install/intel/2021.5.0/eckit-1.24.5-uo33x5d/include/eckit -I/scratch1/NCEPDEV/nems/role.epic/spack-stack/spack-stack-1.6.0/envs/unified-env-rocky8/install/intel/2021.5.0/fckit-0.11.0-m6ep4lz/include -I/scratch1/NCEPDEV/nems/role.epic/spack-stack/spack-stack-1.6.0/envs/unified-env-rocky8/install/intel/2021.5.0/fckit-0.11.0-m6ep4lz/module/fckit -I/scratch1/NCEPDEV/nems/role.epic/spack-stack/spack-stack-1.6.0/envs/unified-env-rocky8/install/intel/2021.5.0/fckit-0.11.0-m6ep4lz/include/fckit -I/scratch1/NCEPDEV/nems/role.epic/spack-stack/spack-stack-1.6.0/envs/unified-env-rocky8/install/intel/2021.5.0/udunits-2.2.28-k3qzmyx/include -I/scratch1/NCEPDEV/nems/role.epic/spack-stack/spack-stack-1.6.0/envs/unified-env-rocky8/install/intel/2021.5.0/ecmwf-atlas-0.35.1-qaspewf/include -I/scratch1/NCEPDEV/nems/role.epic/spack-stack/spack-stack-1.6.0/envs/unified-env-rocky8/install/intel/2021.5.0/ecmwf-atlas-0.35.1-qaspewf/module/atlas -isystem /scratch1/NCEPDEV/nems/role.epic/spack-stack/spack-stack-1.6.0/envs/unified-env-rocky8/install/intel/2021.5.0/boost-1.83.0-a2avo2q/include -isystem /scratch1/NCEPDEV/nems/role.epic/spack-stack/spack-stack-1.6.0/envs/unified-env-rocky8/install/intel/2021.5.0/eigen-3.4.0-zl73cui/include/eigen3 -isystem /scratch1/NCEPDEV/nems/role.epic/spack-stack/spack-stack-1.6.0/envs/unified-env-rocky8/install/intel/2021.5.0/hdf5-1.14.0-lixiejp/include -O2 -g -DNDEBUG -fPIC -qopenmp -std=c++17 -MD -MT ufo/src/ufo/CMakeFiles/ufo.dir/filters/ObsDiagnosticsWriter.cc.o -MF CMakeFiles/ufo.dir/filters/ObsDiagnosticsWriter.cc.o.d -o CMakeFiles/ufo.dir/filters/ObsDiagnosticsWriter.cc.o -c /scratch1/NCEPDEV/global/CI/276/gfs/sorc/gdas.cd/bundle/ufo/src/ufo/filters/ObsDiagnosticsWriter.cc
In file included from /scratch1/NCEPDEV/global/CI/276/gfs/sorc/gdas.cd/bundle/ufo/src/ufo/filters/ObsProcessorBase.h(17),
                 from /scratch1/NCEPDEV/global/CI/276/gfs/sorc/gdas.cd/bundle/ufo/src/ufo/filters/FilterBase.h(17),
                 from /scratch1/NCEPDEV/global/CI/276/gfs/sorc/gdas.cd/bundle/ufo/src/ufo/filters/MWCLWCheck.h(21),
                 from /scratch1/NCEPDEV/global/CI/276/gfs/sorc/gdas.cd/bundle/ufo/src/ufo/filters/MWCLWCheck.cc(8):
/scratch1/NCEPDEV/global/CI/276/gfs/sorc/gdas.cd/bundle/ufo/src/ufo/ObsTraits.h(13): catastrophic error: cannot open source file "ioda/ObsDataVector.h"
  #include "ioda/ObsDataVector.h"
                                 ^

In file included from /scratch1/NCEPDEV/global/CI/276/gfs/sorc/gdas.cd/bundle/ufo/src/ufo/filters/ObsProcessorBase.h(17),
                 from /scratch1/NCEPDEV/global/CI/276/gfs/sorc/gdas.cd/bundle/ufo/src/ufo/filters/FilterBase.h(17),
                 from /scratch1/NCEPDEV/global/CI/276/gfs/sorc/gdas.cd/bundle/ufo/src/ufo/filters/ModelObThreshold.h(20),
                 from /scratch1/NCEPDEV/global/CI/276/gfs/sorc/gdas.cd/bundle/ufo/src/ufo/filters/ModelObThreshold.cc(8):
/scratch1/NCEPDEV/global/CI/276/gfs/sorc/gdas.cd/bundle/ufo/src/ufo/ObsTraits.h(13): catastrophic error: cannot open source file "ioda/ObsDataVector.h"
  #include "ioda/ObsDataVector.h"
                                 ^

compilation aborted for /scratch1/NCEPDEV/global/CI/276/gfs/sorc/gdas.cd/bundle/ufo/src/ufo/filters/MWCLWCheck.cc (code 4)
make[2]: *** [ufo/src/ufo/CMakeFiles/ufo.dir/build.make:783: ufo/src/ufo/CMakeFiles/ufo.dir/filters/MWCLWCheck.cc.o] Error 4
/scratch1/NCEPDEV/nems/role.epic/spack-stack/spack-stack-1.6.0/envs/unified-env-rocky8/install/intel/2021.5.0/cmake-3.23.1-qjplcak/bin/cmake -E cmake_copy_f90_mod module/saber/Intel/2021.5.0.20211109/type_nicas_blk.mod saber/src/saber/CMakeFiles/saber.dir/type_nicas_blk.mod.stamp Intel
make[2]: *** Waiting for unfinished jobs....
compilation aborted for /scratch1/NCEPDEV/global/CI/276/gfs/sorc/gdas.cd/bundle/ufo/src/ufo/filters/ModelObThreshold.cc (code 4)
make[2]: *** [ufo/src/ufo/CMakeFiles/ufo.dir/build.make:769: ufo/src/ufo/CMakeFiles/ufo.dir/filters/ModelObThreshold.cc.o] Error 4
/scratch1/NCEPDEV/nems/role.epic/spack-stack/spack-stack-1.6.0/envs/unified-env-rocky8/install/intel/2021.5.0/cmake-3.23.1-qjplcak/bin/cmake -E touch saber/src/saber/CMakeFiles/saber.dir/bump/lib/type_nicas_blk.F90.o.provides.build
Building Fortran object saber/src/saber/CMakeFiles/saber.dir/bump/lib/type_var.F90.o
cd /scratch1/NCEPDEV/global/CI/276/gfs/sorc/gdas.cd/build/saber/src/saber && /apps/oneapi/mpi/2021.5.1/bin/mpiifort -DENABLE_SABER_INSTRUMENTATION=0 -DGSW_FOUND -DNDEBUG -Dsaber_EXPORTS -I/scratch1/NCEPDEV/global/CI/276/gfs/sorc/gdas.cd/bundle/saber/src/saber/.. -I/scratch1/NCEPDEV/global/CI/276/gfs/sorc/gdas.cd/build/oops/include -I/scratch1/NCEPDEV/global/CI/276/gfs/sorc/gdas.cd/bundle/oops/src -I/scratch1/NCEPDEV/global/CI/276/gfs/sorc/gdas.cd/build/module/oops/Intel/2021.5.0.20211109 -I/scratch1/NCEPDEV/global/CI/276/gfs/sorc/gdas.cd/bundle/gsibec/src/gsibec/.. -I/scratch1/NCEPDEV/global/CI/276/gfs/sorc/gdas.cd/build/module/gsibec/Intel/2021.5.0.20211109 -I/scratch1/NCEPDEV/global/CI/276/gfs/sorc/gdas.cd/bundle/vader/src -I/scratch1/NCEPDEV/global/CI/276/gfs/sorc/gdas.cd/build/gsw/module -I/scratch1/NCEPDEV/nems/role.epic/spack-stack/spack-stack-1.6.0/envs/unified-env-rocky8/install/intel/2021.5.0/netcdf-fortran-4.6.1-ifhqcwv/include -I/scratch1/NCEPDEV/nems/role.epic/spack-stack/spack-stack-1.6.0/envs/unified-env-rocky8/install/intel/2021.5.0/netcdf-c-4.9.2-ejp7j3k/include -I/scratch1/NCEPDEV/nems/role.epic/spack-stack/spack-stack-1.6.0/envs/unified-env-rocky8/install/intel/2021.5.0/eckit-1.24.5-uo33x5d/include -I/scratch1/NCEPDEV/nems/role.epic/spack-stack/spack-stack-1.6.0/envs/unified-env-rocky8/install/intel/2021.5.0/eckit-1.24.5-uo33x5d/include/eckit -I/scratch1/NCEPDEV/nems/role.epic/spack-stack/spack-stack-1.6.0/envs/unified-env-rocky8/install/intel/2021.5.0/fckit-0.11.0-m6ep4lz/include -I/scratch1/NCEPDEV/nems/role.epic/spack-stack/spack-stack-1.6.0/envs/unified-env-rocky8/install/intel/2021.5.0/fckit-0.11.0-m6ep4lz/module/fckit -I/scratch1/NCEPDEV/nems/role.epic/spack-stack/spack-stack-1.6.0/envs/unified-env-rocky8/install/intel/2021.5.0/fckit-0.11.0-m6ep4lz/include/fckit -I/scratch1/NCEPDEV/nems/role.epic/spack-stack/spack-stack-1.6.0/envs/unified-env-rocky8/install/intel/2021.5.0/ecmwf-atlas-0.35.1-qaspewf/include -I/scratch1/NCEPDEV/nems/role.epic/spack-stack/spack-stack-1.6.0/envs/unified-env-rocky8/install/intel/2021.5.0/ecmwf-atlas-0.35.1-qaspewf/module/atlas -I/scratch1/NCEPDEV/nems/role.epic/spack-stack/spack-stack-1.6.0/envs/unified-env-rocky8/install/intel/2021.5.0/eigen-3.4.0-zl73cui/include/eigen3 -I/apps/oneapi/mkl/2022.0.2/include/fftw -I/scratch1/NCEPDEV/nems/role.epic/spack-stack/spack-stack-1.6.0/envs/unified-env-rocky8/install/intel/2021.5.0/boost-1.83.0-a2avo2q/include -O2 -g -DNDEBUG -heap-arrays 32 -module ../../../module/saber/Intel/2021.5.0.20211109 -fPIC -qopenmp -c /scratch1/NCEPDEV/global/CI/276/gfs/sorc/gdas.cd/build/saber/src/saber/bump/lib/type_var.F90 -o CMakeFiles/saber.dir/bump/lib/type_var.F90.o
/scratch1/NCEPDEV/global/CI/276/gfs/sorc/gdas.cd/build/saber/src/saber/bump/lib//scratch1/NCEPDEV/global/CI/276/gfs/sorc/gdas.cd/bundle/saber/src/saber/bump/lib/instrumentation.fypp(10): warning #5117: Bad # preprocessor line
# 2 "/scratch1/NCEPDEV/global/CI/276/gfs/sorc/gdas.cd/build/saber/src/saber/bump/lib//scratch1/NCEPDEV/global/CI/276/gfs/sorc/gdas.cd/bundle/saber/src/saber/bump/lib/type_var.fypp" 2 
--------------------------------------------------------------------------------------------------------------------------------------------------------------------------------------^
icpc: error #10186: getcwd() failed
make[2]: *** [ufo/src/ufo/CMakeFiles/ufo.dir/build.make:755: ufo/src/ufo/CMakeFiles/ufo.dir/filters/ModelBestFitPressure.cc.o] Error 1
In file included from /scratch1/NCEPDEV/global/CI/276/gfs/sorc/gdas.cd/bundle/ufo/src/ufo/filters/ObsDiagnosticsWriter.h(20),
                 from /scratch1/NCEPDEV/global/CI/276/gfs/sorc/gdas.cd/bundle/ufo/src/ufo/filters/ObsDiagnosticsWriter.cc(8):
/scratch1/NCEPDEV/global/CI/276/gfs/sorc/gdas.cd/bundle/ufo/src/ufo/ObsTraits.h(13): catastrophic error: cannot open source file "ioda/ObsDataVector.h"
  #include "ioda/ObsDataVector.h"
                                 ^

compilation aborted for /scratch1/NCEPDEV/global/CI/276/gfs/sorc/gdas.cd/bundle/ufo/src/ufo/filters/ObsDiagnosticsWriter.cc (code 4)
make[2]: *** [ufo/src/ufo/CMakeFiles/ufo.dir/build.make:797: ufo/src/ufo/CMakeFiles/ufo.dir/filters/ObsDiagnosticsWriter.cc.o] Error 4
make[2]: Leaving directory '/scratch1/NCEPDEV/global/CI/276/gfs/sorc/gdas.cd/build'
make[1]: *** [CMakeFiles/Makefile2:18442: ufo/src/ufo/CMakeFiles/ufo.dir/all] Error 2
make[1]: *** Waiting for unfinished jobs....
/scratch1/NCEPDEV/nems/role.epic/spack-stack/spack-stack-1.6.0/envs/unified-env-rocky8/install/intel/2021.5.0/cmake-3.23.1-qjplcak/bin/cmake -E cmake_copy_f90_mod module/saber/Intel/2021.5.0.20211109/type_var.mod saber/src/saber/CMakeFiles/saber.dir/type_var.mod.stamp Intel
/scratch1/NCEPDEV/nems/role.epic/spack-stack/spack-stack-1.6.0/envs/unified-env-rocky8/install/intel/2021.5.0/cmake-3.23.1-qjplcak/bin/cmake -E touch saber/src/saber/CMakeFiles/saber.dir/bump/lib/type_var.F90.o.provides.build
/scratch1/NCEPDEV/nems/role.epic/spack-stack/spack-stack-1.6.0/envs/unified-env-rocky8/install/intel/2021.5.0/cmake-3.23.1-qjplcak/bin/cmake -E cmake_copy_f90_mod module/saber/Intel/2021.5.0.20211109/type_samp.mod saber/src/saber/CMakeFiles/saber.dir/type_samp.mod.stamp Intel
Error copying Fortran module "module/saber/Intel/2021.5.0.20211109/type_samp.mod".  Tried "module/saber/Intel/2021.5.0.20211109/TYPE_SAMP.mod" and "module/saber/Intel/2021.5.0.20211109/type_samp.mod".
make[2]: *** [saber/src/saber/CMakeFiles/saber.dir/depend.make:865: saber/src/saber/CMakeFiles/saber.dir/type_samp.mod.stamp] Error 1
make[2]: Leaving directory '/scratch1/NCEPDEV/global/CI/276/gfs/sorc/gdas.cd/build'
make[1]: *** [CMakeFiles/Makefile2:10049: saber/src/saber/CMakeFiles/saber.dir/all] Error 2
make[2]: Leaving directory '/scratch1/NCEPDEV/global/CI/276/gfs/sorc/gdas.cd/build'
make[1]: *** [CMakeFiles/Makefile2:20994: fv3-jedi-lm/src/CMakeFiles/fv3jedilm.dir/all] Error 2
make[1]: Leaving directory '/scratch1/NCEPDEV/global/CI/276/gfs/sorc/gdas.cd/build'
make: *** [Makefile:166: all] Error 2
