Begin arch.sh at Sat Oct 12 01:04:32 UTC 2024
+ arch.sh[7]: . /scratch1/NCEPDEV/global/CI/2928/gfs/ush/load_fv3gfs_modules.sh
++ load_fv3gfs_modules.sh[4]: [[ NO == \N\O ]]
++ load_fv3gfs_modules.sh[5]: echo 'Loading modules quietly...'
Loading modules quietly...
++ load_fv3gfs_modules.sh[6]: set +x
Running "module reset". Resetting modules to system default. The following $MODULEPATH directories have been removed: None
Lmod Warning: MODULEPATH is undefined.



Lmod has detected the following error: The following module(s) are unknown:
"contrib"

Please check the spelling or version number. Also try "module spider ..."
It is also possible your cache file is out-of-date; it may help to try:
  $ module --ignore_cache load "contrib"

Also make sure that all modulefiles written in TCL start with the string
#%Module



End arch.sh at 01:04:32 with error code 1 (time elapsed: 00:00:00)
_______________________________________________________________
Start Epilog on node hfe10 for job 870875 :: Sat Oct 12 01:04:33 UTC 2024
Job 870875 finished for user Terry.McGuinness in partition service with exit code 1:0
_______________________________________________________________
End Epilogue Sat Oct 12 01:04:33 UTC 2024
