Begin prepatmiodaobs.sh at Fri Oct 11 22:20:05 UTC 2024
+ prepatmiodaobs.sh[7]: . /scratch1/NCEPDEV/global/CI/2978/gfs/ush/load_ufsda_modules.sh
++ load_ufsda_modules.sh[4]: [[ NO == \N\O ]]
++ load_ufsda_modules.sh[5]: echo 'Loading modules quietly...'
Loading modules quietly...
++ load_ufsda_modules.sh[6]: set +x
Running "module reset". Resetting modules to system default. The following $MODULEPATH directories have been removed: None

Currently Loaded Modules:
  1) contrib                          49) atlas/0.35.1
  2) intel/2022.1.2                   50) sp/2.5.0
  3) stack-intel/2021.5.0             51) gsl-lite/0.37.0
  4) impi/2022.1.2                    52) libjpeg/2.1.0
  5) stack-intel-oneapi-mpi/2021.5.1  53) krb5/1.20.1
  6) cmake/3.23.1                     54) libtirpc/1.3.3
  7) gettext/0.19.8.1                 55) hdf/4.2.15
  8) pcre2/10.42                      56) jedi-cmake/1.4.0
  9) nghttp2/1.57.0                   57) libpng/1.6.37
 10) curl/8.4.0                       58) libxt/1.1.5
 11) zlib/1.2.13                      59) libxmu/1.1.4
 12) git/2.18.0                       60) libxpm/4.11.0
 13) pkg-config/0.27.1                61) libxaw/1.0.13
 14) hdf5/1.14.0                      62) udunits/2.2.28
 15) parallel-netcdf/1.12.2           63) ncview/2.1.9
 16) snappy/1.1.10                    64) netcdf-cxx4/4.3.1
 17) zstd/1.5.2                       65) json/3.10.5
 18) c-blosc/1.21.5                   66) rocoto/1.3.6
 19) netcdf-c/4.9.2                   67) bacio/2.4.1
 20) nccmp/1.9.0.1                    68) w3emc/2.10.0
 21) netcdf-fortran/4.6.1             69) prod_util/2.1.1
 22) antlr/2.7.7                      70) py-markupsafe/2.1.3
 23) gsl/2.7.1                        71) py-jinja2/3.0.3
 24) nco/5.0.6                        72) py-cftime/1.0.3.4
 25) parallelio/2.5.10                73) py-netcdf4/1.5.8
 26) wget/1.14                        74) py-pybind11/2.11.0
 27) libxcrypt/4.4.35                 75) py-pycodestyle/2.11.0
 28) sqlite/3.43.2                    76) libyaml/0.2.5
 29) util-linux-uuid/2.38.1           77) py-pyyaml/6.0
 30) python/3.10.13                   78) py-scipy/1.11.3
 31) boost/1.83.0                     79) py-packaging/23.1
 32) py-setuptools/63.4.3             80) py-bottleneck/1.3.7
 33) py-numpy/1.22.3                  81) py-numexpr/2.8.4
 34) bufr/12.0.1                      82) py-et-xmlfile/1.0.1
 35) git-lfs/2.10.0                   83) py-openpyxl/3.1.2
 36) ecbuild/3.7.2                    84) py-six/1.16.0
 37) openjpeg/2.3.1                   85) py-python-dateutil/2.8.2
 38) eccodes/2.32.0                   86) py-pytz/2023.3
 39) eigen/3.4.0                      87) py-pyxlsb/1.0.10
 40) openblas/0.3.24                  88) py-xlrd/2.0.1
 41) eckit/1.24.5                     89) py-xlsxwriter/3.1.7
 42) fftw/3.3.10                      90) py-xlwt/1.3.0
 43) fckit/0.11.0                     91) py-pandas/1.5.3
 44) fiat/1.2.0                       92) py-xarray/2023.7.0
 45) fms/2023.04                      93) py-f90nml/1.4.3
 46) esmf/8.6.0                       94) py-pip/23.1.2
 47) ectrans/1.2.0                    95) py-click/8.1.7
 48) qhull/2020.2                     96) GDAS/hera.intel

 

Package         Version
--------------- --------
Bottleneck      1.3.7
cftime          1.0.3.4
click           8.1.7
et-xmlfile      1.0.1
f90nml          1.4.3
Jinja2          3.0.3
MarkupSafe      2.1.3
netCDF4         1.5.8
numexpr         2.8.4
numpy           1.22.3
openpyxl        3.1.2
packaging       23.1
pandas          1.5.3
pip             23.1.2
pybind11        2.11.0
pycodestyle     2.11.0
python-dateutil 2.8.2
pytz            2023.3
pyxlsb          1.0.10
PyYAML          6.0
scipy           1.11.3
setuptools      63.4.3
six             1.16.0
xarray          2023.7.0
xlrd            2.0.1
XlsxWriter      3.1.7
xlwt            1.3.0
+ prepatmiodaobs.sh[8]: status=0
+ prepatmiodaobs.sh[9]: [[ 0 -ne 0 ]]
+ prepatmiodaobs.sh[11]: export job=prepatmobs
+ prepatmiodaobs.sh[11]: job=prepatmobs
+ prepatmiodaobs.sh[12]: export jobid=prepatmobs.1272281
+ prepatmiodaobs.sh[12]: jobid=prepatmobs.1272281
++ prepatmiodaobs.sh[17]: detect_py_ver
++ bash_utils.sh[113]: regex='[0-9]+\.[0-9]+'
+++ bash_utils.sh[115]: python --version
++ bash_utils.sh[115]: [[ Python 3.10.13 =~ [0-9]+\.[0-9]+ ]]
++ bash_utils.sh[116]: echo 3.10
+ prepatmiodaobs.sh[17]: pyiodaPATH=/scratch1/NCEPDEV/global/CI/2978/gfs/sorc/gdas.cd/build/lib/python3.10/
+ prepatmiodaobs.sh[18]: PYTHONPATH=/scratch1/NCEPDEV/global/CI/2978/gfs/sorc/gdas.cd/build/lib/python3.10/:/scratch1/NCEPDEV/nems/role.epic/spack-stack/spack-stack-1.6.0/envs/unified-env-rocky8/install/intel/2021.5.0/py-click-8.1.7-dpofzq4/lib/python3.10/site-packages:/scratch1/NCEPDEV/nems/role.epic/spack-stack/spack-stack-1.6.0/envs/unified-env-rocky8/install/intel/2021.5.0/py-pip-23.1.2-z73urru/lib/python3.10/site-packages:/scratch1/NCEPDEV/nems/role.epic/spack-stack/spack-stack-1.6.0/envs/unified-env-rocky8/install/intel/2021.5.0/py-f90nml-1.4.3-dz2bima/lib/python3.10/site-packages:/scratch1/NCEPDEV/nems/role.epic/spack-stack/spack-stack-1.6.0/envs/unified-env-rocky8/install/intel/2021.5.0/py-xarray-2023.7.0-tbnsqaw/lib/python3.10/site-packages:/scratch1/NCEPDEV/nems/role.epic/spack-stack/spack-stack-1.6.0/envs/unified-env-rocky8/install/intel/2021.5.0/py-pandas-1.5.3-7hathmq/lib/python3.10/site-packages:/scratch1/NCEPDEV/nems/role.epic/spack-stack/spack-stack-1.6.0/envs/unified-env-rocky8/install/intel/2021.5.0/py-xlwt-1.3.0-f7bd3ip/lib/python3.10/site-packages:/scratch1/NCEPDEV/nems/role.epic/spack-stack/spack-stack-1.6.0/envs/unified-env-rocky8/install/intel/2021.5.0/py-xlsxwriter-3.1.7-pmb7bam/lib/python3.10/site-packages:/scratch1/NCEPDEV/nems/role.epic/spack-stack/spack-stack-1.6.0/envs/unified-env-rocky8/install/intel/2021.5.0/py-xlrd-2.0.1-56miqff/lib/python3.10/site-packages:/scratch1/NCEPDEV/nems/role.epic/spack-stack/spack-stack-1.6.0/envs/unified-env-rocky8/install/intel/2021.5.0/py-pyxlsb-1.0.10-jlrsqbq/lib/python3.10/site-packages:/scratch1/NCEPDEV/nems/role.epic/spack-stack/spack-stack-1.6.0/envs/unified-env-rocky8/install/intel/2021.5.0/py-pytz-2023.3-5nykyqa/lib/python3.10/site-packages:/scratch1/NCEPDEV/nems/role.epic/spack-stack/spack-stack-1.6.0/envs/unified-env-rocky8/install/intel/2021.5.0/py-python-dateutil-2.8.2-lfyvko2/lib/python3.10/site-packages:/scratch1/NCEPDEV/nems/role.epic/spack-stack/spack-stack-1.6.0/envs/unified-env-rocky8/install/intel/2021.5.0/py-six-1.16.0-6knf6az/lib/python3.10/site-packages:/scratch1/NCEPDEV/nems/role.epic/spack-stack/spack-stack-1.6.0/envs/unified-env-rocky8/install/intel/2021.5.0/py-openpyxl-3.1.2-rv2hu6u/lib/python3.10/site-packages:/scratch1/NCEPDEV/nems/role.epic/spack-stack/spack-stack-1.6.0/envs/unified-env-rocky8/install/intel/2021.5.0/py-et-xmlfile-1.0.1-7goajc5/lib/python3.10/site-packages:/scratch1/NCEPDEV/nems/role.epic/spack-stack/spack-stack-1.6.0/envs/unified-env-rocky8/install/intel/2021.5.0/py-numexpr-2.8.4-ega4hge/lib/python3.10/site-packages:/scratch1/NCEPDEV/nems/role.epic/spack-stack/spack-stack-1.6.0/envs/unified-env-rocky8/install/intel/2021.5.0/py-bottleneck-1.3.7-snzpnsr/lib/python3.10/site-packages:/scratch1/NCEPDEV/nems/role.epic/spack-stack/spack-stack-1.6.0/envs/unified-env-rocky8/install/intel/2021.5.0/py-packaging-23.1-ke4uivr/lib/python3.10/site-packages:/scratch1/NCEPDEV/nems/role.epic/spack-stack/spack-stack-1.6.0/envs/unified-env-rocky8/install/intel/2021.5.0/py-scipy-1.11.3-36msxks/lib/python3.10/site-packages:/scratch1/NCEPDEV/nems/role.epic/spack-stack/spack-stack-1.6.0/envs/unified-env-rocky8/install/intel/2021.5.0/py-pyyaml-6.0-nlgnppd/lib/python3.10/site-packages:/scratch1/NCEPDEV/nems/role.epic/spack-stack/spack-stack-1.6.0/envs/unified-env-rocky8/install/intel/2021.5.0/py-pycodestyle-2.11.0-opcwzxa/lib/python3.10/site-packages:/scratch1/NCEPDEV/nems/role.epic/spack-stack/spack-stack-1.6.0/envs/unified-env-rocky8/install/intel/2021.5.0/py-pybind11-2.11.0-l6cenvi/lib/python3.10/site-packages:/scratch1/NCEPDEV/nems/role.epic/spack-stack/spack-stack-1.6.0/envs/unified-env-rocky8/install/intel/2021.5.0/py-netcdf4-1.5.8-qs672u4/lib/python3.10/site-packages:/scratch1/NCEPDEV/nems/role.epic/spack-stack/spack-stack-1.6.0/envs/unified-env-rocky8/install/intel/2021.5.0/py-cftime-1.0.3.4-rnt66hg/lib/python3.10/site-packages:/scratch1/NCEPDEV/nems/role.epic/spack-stack/spack-stack-1.6.0/envs/unified-env-rocky8/install/intel/2021.5.0/py-jinja2-3.0.3-2g4rjkz/lib/python3.10/site-packages:/scratch1/NCEPDEV/nems/role.epic/spack-stack/spack-stack-1.6.0/envs/unified-env-rocky8/install/intel/2021.5.0/py-markupsafe-2.1.3-q2gnvtr/lib/python3.10/site-packages:/scratch1/NCEPDEV/nems/role.epic/spack-stack/spack-stack-1.6.0/envs/unified-env-rocky8/install/intel/2021.5.0/bufr-12.0.1-nz7jhfd/lib64/python3.10/site-packages:/scratch1/NCEPDEV/nems/role.epic/spack-stack/spack-stack-1.6.0/envs/unified-env-rocky8/install/intel/2021.5.0/bufr-12.0.1-nz7jhfd/lib/python3.10/site-packages:/scratch1/NCEPDEV/nems/role.epic/spack-stack/spack-stack-1.6.0/envs/unified-env-rocky8/install/intel/2021.5.0/py-numpy-1.22.3-snzl53m/lib/python3.10/site-packages:/scratch1/NCEPDEV/nems/role.epic/spack-stack/spack-stack-1.6.0/envs/unified-env-rocky8/install/intel/2021.5.0/py-setuptools-63.4.3-wvdr656/lib/python3.10/site-packages:/scratch1/NCEPDEV/global/CI/2978/gfs/ush:/scratch1/NCEPDEV/global/CI/2978/gfs/ush/python
+ prepatmiodaobs.sh[19]: export PYTHONPATH
+ prepatmiodaobs.sh[23]: /scratch1/NCEPDEV/global/CI/2978/gfs/jobs/JGLOBAL_ATM_PREP_IODA_OBS
Begin JGLOBAL_ATM_PREP_IODA_OBS at Fri Oct 11 22:20:31 UTC 2024
+ JGLOBAL_ATM_PREP_IODA_OBS[4]: source /scratch1/NCEPDEV/global/CI/2978/gfs/ush/jjob_header.sh -e prepatmiodaobs -c 'base prepatmiodaobs'
++ jjob_header.sh[43]: OPTIND=1
++ jjob_header.sh[44]: getopts c:e: option
++ jjob_header.sh[45]: case "${option}" in
++ jjob_header.sh[47]: env_job=prepatmiodaobs
++ jjob_header.sh[44]: getopts c:e: option
++ jjob_header.sh[45]: case "${option}" in
++ jjob_header.sh[46]: read -ra configs
++ jjob_header.sh[44]: getopts c:e: option
++ jjob_header.sh[58]: shift 4
++ jjob_header.sh[60]: [[ -z prepatmiodaobs ]]
++ jjob_header.sh[68]: export DATA=/scratch1/NCEPDEV/stmp2/Terry.McGuinness/RUNDIRS/C96C48_ufs_hybatmDA_9536c8b4/gfs.2024022400/prepatmobs.1272281
++ jjob_header.sh[68]: DATA=/scratch1/NCEPDEV/stmp2/Terry.McGuinness/RUNDIRS/C96C48_ufs_hybatmDA_9536c8b4/gfs.2024022400/prepatmobs.1272281
++ jjob_header.sh[69]: [[ YES == \Y\E\S ]]
++ jjob_header.sh[70]: rm -rf /scratch1/NCEPDEV/stmp2/Terry.McGuinness/RUNDIRS/C96C48_ufs_hybatmDA_9536c8b4/gfs.2024022400/prepatmobs.1272281
++ jjob_header.sh[72]: mkdir -p /scratch1/NCEPDEV/stmp2/Terry.McGuinness/RUNDIRS/C96C48_ufs_hybatmDA_9536c8b4/gfs.2024022400/prepatmobs.1272281
++ jjob_header.sh[73]: cd /scratch1/NCEPDEV/stmp2/Terry.McGuinness/RUNDIRS/C96C48_ufs_hybatmDA_9536c8b4/gfs.2024022400/prepatmobs.1272281
++ jjob_header.sh[79]: export cycle=t00z
++ jjob_header.sh[79]: cycle=t00z
++ jjob_header.sh[80]: setpdy.sh
sed: can't read /scratch1/NCEPDEV/global/CI/2978/RUNTESTS/COMROOT/date/t00z: No such file or directory
 completed cleanly
 completed cleanly
Source PDY script to export PDYm7, ..., PDY, ..., PDYp7 variables.
++ jjob_header.sh[81]: source ./PDY
+++ PDY[1]: export PDYm7=20240217
+++ PDY[1]: PDYm7=20240217
+++ PDY[2]: export PDYm6=20240218
+++ PDY[2]: PDYm6=20240218
+++ PDY[3]: export PDYm5=20240219
+++ PDY[3]: PDYm5=20240219
+++ PDY[4]: export PDYm4=20240220
+++ PDY[4]: PDYm4=20240220
+++ PDY[5]: export PDYm3=20240221
+++ PDY[5]: PDYm3=20240221
+++ PDY[6]: export PDYm2=20240222
+++ PDY[6]: PDYm2=20240222
+++ PDY[7]: export PDYm1=20240223
+++ PDY[7]: PDYm1=20240223
+++ PDY[8]: export PDY=20240224
+++ PDY[8]: PDY=20240224
+++ PDY[9]: export PDYp1=20240225
+++ PDY[9]: PDYp1=20240225
+++ PDY[10]: export PDYp2=20240226
+++ PDY[10]: PDYp2=20240226
+++ PDY[11]: export PDYp3=20240227
+++ PDY[11]: PDYp3=20240227
+++ PDY[12]: export PDYp4=20240228
+++ PDY[12]: PDYp4=20240228
+++ PDY[13]: export PDYp5=20240229
+++ PDY[13]: PDYp5=20240229
+++ PDY[14]: export PDYp6=20240301
+++ PDY[14]: PDYp6=20240301
+++ PDY[15]: export PDYp7=20240302
+++ PDY[15]: PDYp7=20240302
++ jjob_header.sh[87]: export pid=1273000
++ jjob_header.sh[87]: pid=1273000
++ jjob_header.sh[88]: export pgmout=OUTPUT.1273000
++ jjob_header.sh[88]: pgmout=OUTPUT.1273000
++ jjob_header.sh[89]: export pgmerr=errfile
++ jjob_header.sh[89]: pgmerr=errfile
++ jjob_header.sh[95]: export EXPDIR=/scratch1/NCEPDEV/global/CI/2978/RUNTESTS/EXPDIR/C96C48_ufs_hybatmDA_9536c8b4
++ jjob_header.sh[95]: EXPDIR=/scratch1/NCEPDEV/global/CI/2978/RUNTESTS/EXPDIR/C96C48_ufs_hybatmDA_9536c8b4
++ jjob_header.sh[96]: for config in "${configs[@]:-''}"
++ jjob_header.sh[97]: source /scratch1/NCEPDEV/global/CI/2978/RUNTESTS/EXPDIR/C96C48_ufs_hybatmDA_9536c8b4/config.base
+++ config.base[6]: echo 'BEGIN: config.base'
BEGIN: config.base
+++ config.base[9]: export machine=HERA
+++ config.base[9]: machine=HERA
+++ config.base[12]: export RUN_ENVIR=emc
+++ config.base[12]: RUN_ENVIR=emc
+++ config.base[15]: export ACCOUNT=nems
+++ config.base[15]: ACCOUNT=nems
+++ config.base[16]: export QUEUE=batch
+++ config.base[16]: QUEUE=batch
+++ config.base[17]: export QUEUE_SERVICE=batch
+++ config.base[17]: QUEUE_SERVICE=batch
+++ config.base[18]: export PARTITION_BATCH=hera
+++ config.base[18]: PARTITION_BATCH=hera
+++ config.base[19]: export PARTITION_SERVICE=service
+++ config.base[19]: PARTITION_SERVICE=service
+++ config.base[20]: export RESERVATION=
+++ config.base[20]: RESERVATION=
+++ config.base[21]: export CLUSTERS=
+++ config.base[21]: CLUSTERS=
+++ config.base[24]: export HPSS_PROJECT=emc-global
+++ config.base[24]: HPSS_PROJECT=emc-global
+++ config.base[27]: export HOMEgfs=/scratch1/NCEPDEV/global/CI/2978/gfs
+++ config.base[27]: HOMEgfs=/scratch1/NCEPDEV/global/CI/2978/gfs
+++ config.base[28]: export EXECgfs=/scratch1/NCEPDEV/global/CI/2978/gfs/exec
+++ config.base[28]: EXECgfs=/scratch1/NCEPDEV/global/CI/2978/gfs/exec
+++ config.base[29]: export FIXgfs=/scratch1/NCEPDEV/global/CI/2978/gfs/fix
+++ config.base[29]: FIXgfs=/scratch1/NCEPDEV/global/CI/2978/gfs/fix
+++ config.base[30]: export PARMgfs=/scratch1/NCEPDEV/global/CI/2978/gfs/parm
+++ config.base[30]: PARMgfs=/scratch1/NCEPDEV/global/CI/2978/gfs/parm
+++ config.base[31]: export SCRgfs=/scratch1/NCEPDEV/global/CI/2978/gfs/scripts
+++ config.base[31]: SCRgfs=/scratch1/NCEPDEV/global/CI/2978/gfs/scripts
+++ config.base[32]: export USHgfs=/scratch1/NCEPDEV/global/CI/2978/gfs/ush
+++ config.base[32]: USHgfs=/scratch1/NCEPDEV/global/CI/2978/gfs/ush
+++ config.base[34]: export FIXam=/scratch1/NCEPDEV/global/CI/2978/gfs/fix/am
+++ config.base[34]: FIXam=/scratch1/NCEPDEV/global/CI/2978/gfs/fix/am
+++ config.base[35]: export FIXaer=/scratch1/NCEPDEV/global/CI/2978/gfs/fix/aer
+++ config.base[35]: FIXaer=/scratch1/NCEPDEV/global/CI/2978/gfs/fix/aer
+++ config.base[36]: export FIXcpl=/scratch1/NCEPDEV/global/CI/2978/gfs/fix/cpl
+++ config.base[36]: FIXcpl=/scratch1/NCEPDEV/global/CI/2978/gfs/fix/cpl
+++ config.base[37]: export FIXlut=/scratch1/NCEPDEV/global/CI/2978/gfs/fix/lut
+++ config.base[37]: FIXlut=/scratch1/NCEPDEV/global/CI/2978/gfs/fix/lut
+++ config.base[38]: export FIXcice=/scratch1/NCEPDEV/global/CI/2978/gfs/fix/cice
+++ config.base[38]: FIXcice=/scratch1/NCEPDEV/global/CI/2978/gfs/fix/cice
+++ config.base[39]: export FIXmom=/scratch1/NCEPDEV/global/CI/2978/gfs/fix/mom6
+++ config.base[39]: FIXmom=/scratch1/NCEPDEV/global/CI/2978/gfs/fix/mom6
+++ config.base[40]: export FIXreg2grb2=/scratch1/NCEPDEV/global/CI/2978/gfs/fix/reg2grb2
+++ config.base[40]: FIXreg2grb2=/scratch1/NCEPDEV/global/CI/2978/gfs/fix/reg2grb2
+++ config.base[41]: export FIXgdas=/scratch1/NCEPDEV/global/CI/2978/gfs/fix/gdas
+++ config.base[41]: FIXgdas=/scratch1/NCEPDEV/global/CI/2978/gfs/fix/gdas
+++ config.base[46]: export PACKAGEROOT=/scratch1/NCEPDEV/global/glopara/nwpara
+++ config.base[46]: PACKAGEROOT=/scratch1/NCEPDEV/global/glopara/nwpara
+++ config.base[47]: export COMROOT=/scratch1/NCEPDEV/global/CI/2978/RUNTESTS/COMROOT
+++ config.base[47]: COMROOT=/scratch1/NCEPDEV/global/CI/2978/RUNTESTS/COMROOT
+++ config.base[48]: export COMINsyn=/scratch1/NCEPDEV/global/glopara/com/gfs/prod/syndat
+++ config.base[48]: COMINsyn=/scratch1/NCEPDEV/global/glopara/com/gfs/prod/syndat
+++ config.base[49]: export DMPDIR=/scratch1/NCEPDEV/global/glopara/dump
+++ config.base[49]: DMPDIR=/scratch1/NCEPDEV/global/glopara/dump
+++ config.base[53]: export COMINecmwf=/scratch1/NCEPDEV/global/glopara/data/external_gempak/ecmwf
+++ config.base[53]: COMINecmwf=/scratch1/NCEPDEV/global/glopara/data/external_gempak/ecmwf
+++ config.base[54]: export COMINnam=/scratch1/NCEPDEV/global/glopara/data/external_gempak/nam
+++ config.base[54]: COMINnam=/scratch1/NCEPDEV/global/glopara/data/external_gempak/nam
+++ config.base[55]: export COMINukmet=/scratch1/NCEPDEV/global/glopara/data/external_gempak/ukmet
+++ config.base[55]: COMINukmet=/scratch1/NCEPDEV/global/glopara/data/external_gempak/ukmet
+++ config.base[58]: export HOMEDIR=/scratch1/NCEPDEV/global/Terry.McGuinness
+++ config.base[58]: HOMEDIR=/scratch1/NCEPDEV/global/Terry.McGuinness
+++ config.base[59]: export STMP=/scratch1/NCEPDEV/stmp2/Terry.McGuinness
+++ config.base[59]: STMP=/scratch1/NCEPDEV/stmp2/Terry.McGuinness
+++ config.base[60]: export PTMP=/scratch1/NCEPDEV/stmp4/Terry.McGuinness
+++ config.base[60]: PTMP=/scratch1/NCEPDEV/stmp4/Terry.McGuinness
+++ config.base[61]: export NOSCRUB=/scratch1/NCEPDEV/global/Terry.McGuinness
+++ config.base[61]: NOSCRUB=/scratch1/NCEPDEV/global/Terry.McGuinness
+++ config.base[64]: export BASE_GIT=/scratch1/NCEPDEV/global/glopara/git
+++ config.base[64]: BASE_GIT=/scratch1/NCEPDEV/global/glopara/git
+++ config.base[67]: export BASE_DATA=/scratch1/NCEPDEV/global/glopara/data
+++ config.base[67]: BASE_DATA=/scratch1/NCEPDEV/global/glopara/data
+++ config.base[70]: export DO_GOES=NO
+++ config.base[70]: DO_GOES=NO
+++ config.base[71]: export DO_BUFRSND=NO
+++ config.base[71]: DO_BUFRSND=NO
+++ config.base[72]: export DO_GEMPAK=NO
+++ config.base[72]: DO_GEMPAK=NO
+++ config.base[73]: export DO_AWIPS=NO
+++ config.base[73]: DO_AWIPS=NO
+++ config.base[74]: export DO_NPOESS=NO
+++ config.base[74]: DO_NPOESS=NO
+++ config.base[75]: export DO_TRACKER=YES
+++ config.base[75]: DO_TRACKER=YES
+++ config.base[76]: export DO_GENESIS=YES
+++ config.base[76]: DO_GENESIS=YES
+++ config.base[77]: export DO_GENESIS_FSU=NO
+++ config.base[77]: DO_GENESIS_FSU=NO
+++ config.base[78]: export DO_VERFOZN=YES
+++ config.base[78]: DO_VERFOZN=YES
+++ config.base[79]: export DO_VERFRAD=YES
+++ config.base[79]: DO_VERFRAD=YES
+++ config.base[80]: export DO_VMINMON=YES
+++ config.base[80]: DO_VMINMON=YES
+++ config.base[81]: export DO_MOS=NO
+++ config.base[81]: DO_MOS=NO
+++ config.base[87]: export REALTIME=YES
+++ config.base[87]: REALTIME=YES
+++ config.base[90]: export MODE=cycled
+++ config.base[90]: MODE=cycled
+++ config.base[99]: export FIXgsi=/scratch1/NCEPDEV/global/CI/2978/gfs/fix/gsi
+++ config.base[99]: FIXgsi=/scratch1/NCEPDEV/global/CI/2978/gfs/fix/gsi
+++ config.base[100]: export HOMEpost=/scratch1/NCEPDEV/global/CI/2978/gfs
+++ config.base[100]: HOMEpost=/scratch1/NCEPDEV/global/CI/2978/gfs
+++ config.base[101]: export HOMEobsproc=/scratch1/NCEPDEV/global/glopara/git/obsproc/v
+++ config.base[101]: HOMEobsproc=/scratch1/NCEPDEV/global/glopara/git/obsproc/v
+++ config.base[104]: export 'NCP=/bin/cp -p'
+++ config.base[104]: NCP='/bin/cp -p'
+++ config.base[105]: export NMV=/bin/mv
+++ config.base[105]: NMV=/bin/mv
+++ config.base[106]: export 'NLN=/bin/ln -sf'
+++ config.base[106]: NLN='/bin/ln -sf'
+++ config.base[107]: export VERBOSE=YES
+++ config.base[107]: VERBOSE=YES
+++ config.base[108]: export KEEPDATA=NO
+++ config.base[108]: KEEPDATA=NO
+++ config.base[109]: export DEBUG_POSTSCRIPT=NO
+++ config.base[109]: DEBUG_POSTSCRIPT=NO
+++ config.base[110]: export CHGRP_RSTPROD=YES
+++ config.base[110]: CHGRP_RSTPROD=YES
+++ config.base[111]: export 'CHGRP_CMD=chgrp rstprod'
+++ config.base[111]: CHGRP_CMD='chgrp rstprod'
+++ config.base[112]: export NCDUMP=/scratch1/NCEPDEV/nems/role.epic/spack-stack/spack-stack-1.6.0/envs/unified-env-rocky8/install/intel/2021.5.0/netcdf-c-4.9.2-ejp7j3k/bin/ncdump/bin/ncdump
+++ config.base[112]: NCDUMP=/scratch1/NCEPDEV/nems/role.epic/spack-stack/spack-stack-1.6.0/envs/unified-env-rocky8/install/intel/2021.5.0/netcdf-c-4.9.2-ejp7j3k/bin/ncdump/bin/ncdump
+++ config.base[113]: export NCLEN=/scratch1/NCEPDEV/global/CI/2978/gfs/ush/getncdimlen
+++ config.base[113]: NCLEN=/scratch1/NCEPDEV/global/CI/2978/gfs/ush/getncdimlen
+++ config.base[116]: export BASE_ENV=/scratch1/NCEPDEV/global/CI/2978/gfs/env
+++ config.base[116]: BASE_ENV=/scratch1/NCEPDEV/global/CI/2978/gfs/env
+++ config.base[117]: export BASE_JOB=/scratch1/NCEPDEV/global/CI/2978/gfs/jobs/rocoto
+++ config.base[117]: BASE_JOB=/scratch1/NCEPDEV/global/CI/2978/gfs/jobs/rocoto
+++ config.base[120]: export SDATE=2024022318
+++ config.base[120]: SDATE=2024022318
+++ config.base[121]: export EDATE=2024022406
+++ config.base[121]: EDATE=2024022406
+++ config.base[122]: export EXP_WARM_START=.true.
+++ config.base[122]: EXP_WARM_START=.true.
+++ config.base[123]: export assim_freq=6
+++ config.base[123]: assim_freq=6
+++ config.base[124]: export PSLOT=C96C48_ufs_hybatmDA_9536c8b4
+++ config.base[124]: PSLOT=C96C48_ufs_hybatmDA_9536c8b4
+++ config.base[125]: export EXPDIR=/scratch1/NCEPDEV/global/CI/2978/RUNTESTS/EXPDIR/C96C48_ufs_hybatmDA_9536c8b4
+++ config.base[125]: EXPDIR=/scratch1/NCEPDEV/global/CI/2978/RUNTESTS/EXPDIR/C96C48_ufs_hybatmDA_9536c8b4
+++ config.base[126]: export ROTDIR=/scratch1/NCEPDEV/global/CI/2978/RUNTESTS/COMROOT/C96C48_ufs_hybatmDA_9536c8b4
+++ config.base[126]: ROTDIR=/scratch1/NCEPDEV/global/CI/2978/RUNTESTS/COMROOT/C96C48_ufs_hybatmDA_9536c8b4
+++ config.base[127]: export ROTDIR_DUMP=YES
+++ config.base[127]: ROTDIR_DUMP=YES
+++ config.base[128]: export DUMP_SUFFIX=
+++ config.base[128]: DUMP_SUFFIX=
+++ config.base[129]: [[ 2024022400 -ge 2019092100 ]]
+++ config.base[129]: [[ 2024022400 -le 2019110700 ]]
+++ config.base[132]: export ARCDIR=/scratch1/NCEPDEV/global/Terry.McGuinness/archive/C96C48_ufs_hybatmDA_9536c8b4
+++ config.base[132]: ARCDIR=/scratch1/NCEPDEV/global/Terry.McGuinness/archive/C96C48_ufs_hybatmDA_9536c8b4
+++ config.base[133]: export ATARDIR=/NCEPDEV/emc-global/1year/Terry.McGuinness/HERA/scratch/C96C48_ufs_hybatmDA_9536c8b4
+++ config.base[133]: ATARDIR=/NCEPDEV/emc-global/1year/Terry.McGuinness/HERA/scratch/C96C48_ufs_hybatmDA_9536c8b4
+++ config.base[136]: export envir=prod
+++ config.base[136]: envir=prod
+++ config.base[137]: export NET=gfs
+++ config.base[137]: NET=gfs
+++ config.base[138]: export RUN=gfs
+++ config.base[138]: RUN=gfs
+++ config.base[141]: source /scratch1/NCEPDEV/global/CI/2978/RUNTESTS/EXPDIR/C96C48_ufs_hybatmDA_9536c8b4/config.com
++++ config.com[4]: echo 'BEGIN: config.com'
BEGIN: config.com
++++ config.com[37]: [[ emc == \n\c\o ]]
++++ config.com[41]: COM_OBS_TMPL='${ROTDIR}/${RUN}.${YMD}/${HH}/obs'
++++ config.com[42]: COM_RTOFS_TMPL='${DMPDIR}'
++++ config.com[44]: declare -rx COM_OBS_TMPL COM_RTOFS_TMPL
++++ config.com[45]: declare -rx 'COM_OBSDMP_TMPL=${DMPDIR}/${DUMP}${DUMP_SUFFIX}.${YMD}/${HH}/atmos'
++++ config.com[47]: COM_BASE='${ROTDIR}/${RUN}.${YMD}/${HH}/${MEMDIR}'
++++ config.com[49]: declare -rx 'COM_TOP_TMPL=${ROTDIR}/${RUN}.${YMD}/${HH}'
++++ config.com[51]: declare -rx 'COM_CONF_TMPL=${ROTDIR}/${RUN}.${YMD}/${HH}/${MEMDIR}/conf'
++++ config.com[52]: declare -rx 'COM_OBS_JEDI=${ROTDIR}/${RUN}.${YMD}/${HH}/${MEMDIR}/obs_jedi'
++++ config.com[54]: declare -rx 'COM_ATMOS_INPUT_TMPL=${ROTDIR}/${RUN}.${YMD}/${HH}/${MEMDIR}/model/atmos/input'
++++ config.com[55]: declare -rx 'COM_ATMOS_RESTART_TMPL=${ROTDIR}/${RUN}.${YMD}/${HH}/${MEMDIR}/model/atmos/restart'
++++ config.com[56]: declare -rx 'COM_ATMOS_ANALYSIS_TMPL=${ROTDIR}/${RUN}.${YMD}/${HH}/${MEMDIR}/analysis/atmos'
++++ config.com[57]: declare -rx 'COM_SNOW_ANALYSIS_TMPL=${ROTDIR}/${RUN}.${YMD}/${HH}/${MEMDIR}/analysis/snow'
++++ config.com[58]: declare -rx 'COM_ATMOS_HISTORY_TMPL=${ROTDIR}/${RUN}.${YMD}/${HH}/${MEMDIR}/model/atmos/history'
++++ config.com[59]: declare -rx 'COM_ATMOS_MASTER_TMPL=${ROTDIR}/${RUN}.${YMD}/${HH}/${MEMDIR}/model/atmos/master'
++++ config.com[60]: declare -rx 'COM_ATMOS_GRIB_TMPL=${ROTDIR}/${RUN}.${YMD}/${HH}/${MEMDIR}/products/atmos/grib2'
++++ config.com[61]: declare -rx 'COM_ATMOS_GRIB_GRID_TMPL=${ROTDIR}/${RUN}.${YMD}/${HH}/${MEMDIR}/products/atmos/grib2/${GRID}'
++++ config.com[62]: declare -rx 'COM_ATMOS_BUFR_TMPL=${ROTDIR}/${RUN}.${YMD}/${HH}/${MEMDIR}/products/atmos/bufr'
++++ config.com[63]: declare -rx 'COM_ATMOS_GEMPAK_TMPL=${ROTDIR}/${RUN}.${YMD}/${HH}/${MEMDIR}/products/atmos/gempak/${GRID}'
++++ config.com[64]: declare -rx 'COM_ATMOS_GENESIS_TMPL=${ROTDIR}/${RUN}.${YMD}/${HH}/${MEMDIR}/products/atmos/cyclone/genesis_vital'
++++ config.com[65]: declare -rx 'COM_ATMOS_TRACK_TMPL=${ROTDIR}/${RUN}.${YMD}/${HH}/${MEMDIR}/products/atmos/cyclone/tracks'
++++ config.com[66]: declare -rx 'COM_ATMOS_GOES_TMPL=${ROTDIR}/${RUN}.${YMD}/${HH}/${MEMDIR}/products/atmos/goes_sim'
++++ config.com[67]: declare -rx 'COM_ATMOS_IMAGERY_TMPL=${ROTDIR}/${RUN}.${YMD}/${HH}/${MEMDIR}/products/atmos/imagery'
++++ config.com[68]: declare -rx 'COM_ATMOS_OZNMON_TMPL=${ROTDIR}/${RUN}.${YMD}/${HH}/${MEMDIR}/products/atmos/oznmon'
++++ config.com[69]: declare -rx 'COM_ATMOS_RADMON_TMPL=${ROTDIR}/${RUN}.${YMD}/${HH}/${MEMDIR}/products/atmos/radmon'
++++ config.com[70]: declare -rx 'COM_ATMOS_MINMON_TMPL=${ROTDIR}/${RUN}.${YMD}/${HH}/${MEMDIR}/products/atmos/minmon'
++++ config.com[71]: declare -rx 'COM_ATMOS_WMO_TMPL=${ROTDIR}/${RUN}.${YMD}/${HH}/${MEMDIR}/products/atmos/wmo'
++++ config.com[73]: declare -rx 'COM_WAVE_RESTART_TMPL=${ROTDIR}/${RUN}.${YMD}/${HH}/${MEMDIR}/model/wave/restart'
++++ config.com[74]: declare -rx 'COM_WAVE_PREP_TMPL=${ROTDIR}/${RUN}.${YMD}/${HH}/${MEMDIR}/model/wave/prep'
++++ config.com[75]: declare -rx 'COM_WAVE_HISTORY_TMPL=${ROTDIR}/${RUN}.${YMD}/${HH}/${MEMDIR}/model/wave/history'
++++ config.com[76]: declare -rx 'COM_WAVE_GRID_TMPL=${ROTDIR}/${RUN}.${YMD}/${HH}/${MEMDIR}/products/wave/gridded'
++++ config.com[77]: declare -rx 'COM_WAVE_STATION_TMPL=${ROTDIR}/${RUN}.${YMD}/${HH}/${MEMDIR}/products/wave/station'
++++ config.com[78]: declare -rx 'COM_WAVE_GEMPAK_TMPL=${ROTDIR}/${RUN}.${YMD}/${HH}/${MEMDIR}/products/wave/gempak'
++++ config.com[79]: declare -rx 'COM_WAVE_WMO_TMPL=${ROTDIR}/${RUN}.${YMD}/${HH}/${MEMDIR}/products/wave/wmo'
++++ config.com[81]: declare -rx 'COM_OCEAN_HISTORY_TMPL=${ROTDIR}/${RUN}.${YMD}/${HH}/${MEMDIR}/model/ocean/history'
++++ config.com[82]: declare -rx 'COM_OCEAN_RESTART_TMPL=${ROTDIR}/${RUN}.${YMD}/${HH}/${MEMDIR}/model/ocean/restart'
++++ config.com[83]: declare -rx 'COM_OCEAN_INPUT_TMPL=${ROTDIR}/${RUN}.${YMD}/${HH}/${MEMDIR}/model/ocean/input'
++++ config.com[84]: declare -rx 'COM_OCEAN_ANALYSIS_TMPL=${ROTDIR}/${RUN}.${YMD}/${HH}/${MEMDIR}/analysis/ocean'
++++ config.com[85]: declare -rx 'COM_OCEAN_BMATRIX_TMPL=${ROTDIR}/${RUN}.${YMD}/${HH}/${MEMDIR}/bmatrix/ocean'
++++ config.com[86]: declare -rx 'COM_OCEAN_NETCDF_TMPL=${ROTDIR}/${RUN}.${YMD}/${HH}/${MEMDIR}/products/ocean/netcdf'
++++ config.com[87]: declare -rx 'COM_OCEAN_GRIB_TMPL=${ROTDIR}/${RUN}.${YMD}/${HH}/${MEMDIR}/products/ocean/grib2'
++++ config.com[88]: declare -rx 'COM_OCEAN_GRIB_GRID_TMPL=${ROTDIR}/${RUN}.${YMD}/${HH}/${MEMDIR}/products/ocean/grib2/${GRID}'
++++ config.com[90]: declare -rx 'COM_ICE_ANALYSIS_TMPL=${ROTDIR}/${RUN}.${YMD}/${HH}/${MEMDIR}/analysis/ice'
++++ config.com[91]: declare -rx 'COM_ICE_BMATRIX_TMPL=${ROTDIR}/${RUN}.${YMD}/${HH}/${MEMDIR}/bmatrix/ice'
++++ config.com[92]: declare -rx 'COM_ICE_INPUT_TMPL=${ROTDIR}/${RUN}.${YMD}/${HH}/${MEMDIR}/model/ice/input'
++++ config.com[93]: declare -rx 'COM_ICE_HISTORY_TMPL=${ROTDIR}/${RUN}.${YMD}/${HH}/${MEMDIR}/model/ice/history'
++++ config.com[94]: declare -rx 'COM_ICE_RESTART_TMPL=${ROTDIR}/${RUN}.${YMD}/${HH}/${MEMDIR}/model/ice/restart'
++++ config.com[95]: declare -rx 'COM_ICE_NETCDF_TMPL=${ROTDIR}/${RUN}.${YMD}/${HH}/${MEMDIR}/products/ice/netcdf'
++++ config.com[96]: declare -rx 'COM_ICE_GRIB_TMPL=${ROTDIR}/${RUN}.${YMD}/${HH}/${MEMDIR}/products/ice/grib2'
++++ config.com[97]: declare -rx 'COM_ICE_GRIB_GRID_TMPL=${ROTDIR}/${RUN}.${YMD}/${HH}/${MEMDIR}/products/ice/grib2/${GRID}'
++++ config.com[99]: declare -rx 'COM_CHEM_HISTORY_TMPL=${ROTDIR}/${RUN}.${YMD}/${HH}/${MEMDIR}/model/chem/history'
++++ config.com[100]: declare -rx 'COM_CHEM_ANALYSIS_TMPL=${ROTDIR}/${RUN}.${YMD}/${HH}/${MEMDIR}/analysis/chem'
++++ config.com[101]: declare -rx 'COM_CHEM_BMAT_TMPL=${ROTDIR}/${RUN}.${YMD}/${HH}/${MEMDIR}/analysis/chem/bmatrix'
++++ config.com[103]: declare -rx 'COM_MED_RESTART_TMPL=${ROTDIR}/${RUN}.${YMD}/${HH}/${MEMDIR}/model/med/restart'
+++ config.base[144]: export 'ERRSCRIPT=eval [[ $err = 0 ]]'
+++ config.base[144]: ERRSCRIPT='eval [[ $err = 0 ]]'
+++ config.base[145]: export LOGSCRIPT=
+++ config.base[145]: LOGSCRIPT=
+++ config.base[148]: export 'REDOUT=1>'
+++ config.base[148]: REDOUT='1>'
+++ config.base[149]: export 'REDERR=2>'
+++ config.base[149]: REDERR='2>'
+++ config.base[151]: export SENDECF=NO
+++ config.base[151]: SENDECF=NO
+++ config.base[152]: export SENDSDM=NO
+++ config.base[152]: SENDSDM=NO
+++ config.base[153]: export SENDDBN_NTC=NO
+++ config.base[153]: SENDDBN_NTC=NO
+++ config.base[154]: export SENDDBN=NO
+++ config.base[154]: SENDDBN=NO
+++ config.base[155]: export DBNROOT=/fakedbn
+++ config.base[155]: DBNROOT=/fakedbn
+++ config.base[158]: export APP=ATM
+++ config.base[158]: APP=ATM
+++ config.base[160]: shopt -s extglob
+++ config.base[162]: case "${RUN}" in
+++ config.base[169]: shopt -u extglob
+++ config.base[172]: export DO_ATM=YES
+++ config.base[172]: DO_ATM=YES
+++ config.base[173]: export DO_COUPLED=NO
+++ config.base[173]: DO_COUPLED=NO
+++ config.base[174]: export DO_WAVE=NO
+++ config.base[174]: DO_WAVE=NO
+++ config.base[175]: export DO_OCN=NO
+++ config.base[175]: DO_OCN=NO
+++ config.base[176]: export DO_ICE=NO
+++ config.base[176]: DO_ICE=NO
+++ config.base[177]: export DO_AERO=NO
+++ config.base[177]: DO_AERO=NO
+++ config.base[178]: export DO_PREP_OBS_AERO=NO
+++ config.base[178]: DO_PREP_OBS_AERO=NO
+++ config.base[179]: export AERO_FCST_RUN=
+++ config.base[179]: AERO_FCST_RUN=
+++ config.base[180]: export AERO_ANL_RUN=
+++ config.base[180]: AERO_ANL_RUN=
+++ config.base[181]: export WAVE_RUN=
+++ config.base[181]: WAVE_RUN=
+++ config.base[182]: export DOBNDPNT_WAVE=NO
+++ config.base[182]: DOBNDPNT_WAVE=NO
+++ config.base[183]: export DOIBP_WAV=NO
+++ config.base[183]: DOIBP_WAV=NO
+++ config.base[184]: export FRAC_GRID=.true.
+++ config.base[184]: FRAC_GRID=.true.
+++ config.base[185]: export DO_NEST=NO
+++ config.base[185]: DO_NEST=NO
+++ config.base[186]: [[ NO == \Y\E\S ]]
+++ config.base[192]: export ntiles=6
+++ config.base[192]: ntiles=6
+++ config.base[193]: export FIXugwd=/scratch1/NCEPDEV/global/CI/2978/gfs/fix/ugwd
+++ config.base[193]: FIXugwd=/scratch1/NCEPDEV/global/CI/2978/gfs/fix/ugwd
+++ config.base[194]: export FIXorog=/scratch1/NCEPDEV/global/CI/2978/gfs/fix/orog
+++ config.base[194]: FIXorog=/scratch1/NCEPDEV/global/CI/2978/gfs/fix/orog
+++ config.base[198]: export OPS_RES=C768
+++ config.base[198]: OPS_RES=C768
+++ config.base[201]: export LEVS=128
+++ config.base[201]: LEVS=128
+++ config.base[202]: export CASE=C96
+++ config.base[202]: CASE=C96
+++ config.base[203]: export CASE_ENS=C48
+++ config.base[203]: CASE_ENS=C48
+++ config.base[204]: export OCNRES=500
+++ config.base[204]: OCNRES=500
+++ config.base[205]: export ICERES=500
+++ config.base[205]: ICERES=500
+++ config.base[208]: case "${CASE}" in
+++ config.base[213]: export waveGRD=uglo_100km
+++ config.base[213]: waveGRD=uglo_100km
+++ config.base[227]: case "${APP}" in
+++ config.base[268]: [[ gfs =~ gdas ]]
+++ config.base[271]: [[ gfs =~ gfs ]]
+++ config.base[272]: export FHCYC=24
+++ config.base[272]: FHCYC=24
+++ config.base[276]: export FHMIN=0
+++ config.base[276]: FHMIN=0
+++ config.base[277]: export FHMAX=9
+++ config.base[277]: FHMAX=9
+++ config.base[278]: export FHOUT=3
+++ config.base[278]: FHOUT=3
+++ config.base[279]: export FHOUT_OCN=3
+++ config.base[279]: FHOUT_OCN=3
+++ config.base[280]: export FHOUT_ICE=3
+++ config.base[280]: FHOUT_ICE=3
+++ config.base[283]: export EUPD_CYC=gdas
+++ config.base[283]: EUPD_CYC=gdas
+++ config.base[286]: export gfs_cyc=1
+++ config.base[286]: gfs_cyc=1
+++ config.base[289]: export FHMIN_GFS=0
+++ config.base[289]: FHMIN_GFS=0
+++ config.base[290]: export FHMAX_GFS=120
+++ config.base[290]: FHMAX_GFS=120
+++ config.base[292]: breakpnts=
+++ config.base[293]: export FCST_SEGMENTS=0,120
+++ config.base[293]: FCST_SEGMENTS=0,120
+++ config.base[294]: export FHOUT_GFS=3
+++ config.base[294]: FHOUT_GFS=3
+++ config.base[295]: export FHMAX_HF_GFS=0
+++ config.base[295]: FHMAX_HF_GFS=0
+++ config.base[296]: export FHOUT_HF_GFS=1
+++ config.base[296]: FHOUT_HF_GFS=1
+++ config.base[297]: export FHOUT_OCN_GFS=6
+++ config.base[297]: FHOUT_OCN_GFS=6
+++ config.base[298]: export FHOUT_ICE_GFS=6
+++ config.base[298]: FHOUT_ICE_GFS=6
+++ config.base[299]: export FHMIN_WAV=0
+++ config.base[299]: FHMIN_WAV=0
+++ config.base[300]: export FHOUT_WAV=3
+++ config.base[300]: FHOUT_WAV=3
+++ config.base[301]: export FHMAX_HF_WAV=120
+++ config.base[301]: FHMAX_HF_WAV=120
+++ config.base[302]: export FHOUT_HF_WAV=1
+++ config.base[302]: FHOUT_HF_WAV=1
+++ config.base[303]: export FHMAX_WAV=9
+++ config.base[303]: FHMAX_WAV=9
+++ config.base[304]: export FHMAX_WAV_GFS=120
+++ config.base[304]: FHMAX_WAV_GFS=120
+++ config.base[305]: ((  gfs_cyc != 0  ))
+++ config.base[306]: export STEP_GFS=24
+++ config.base[306]: STEP_GFS=24
+++ config.base[311]: export ILPOST=1
+++ config.base[311]: ILPOST=1
+++ config.base[312]: ((  FHMAX_HF_GFS < 120  ))
+++ config.base[313]: export ILPOST=3
+++ config.base[313]: ILPOST=3
+++ config.base[317]: export FHMAX_GOES=180
+++ config.base[317]: FHMAX_GOES=180
+++ config.base[318]: export FHOUT_GOES=3
+++ config.base[318]: FHOUT_GOES=3
+++ config.base[319]: ((  FHMAX_GOES > FHMAX_GFS  ))
+++ config.base[320]: export FHMAX_GOES=120
+++ config.base[320]: FHMAX_GOES=120
+++ config.base[324]: export restart_interval_gfs=12
+++ config.base[324]: restart_interval_gfs=12
+++ config.base[329]: export QUILTING=.true.
+++ config.base[329]: QUILTING=.true.
+++ config.base[330]: export OUTPUT_GRID=gaussian_grid
+++ config.base[330]: OUTPUT_GRID=gaussian_grid
+++ config.base[331]: export WRITE_DOPOST=.true.
+++ config.base[331]: WRITE_DOPOST=.true.
+++ config.base[332]: export WRITE_NSFLIP=.true.
+++ config.base[332]: WRITE_NSFLIP=.true.
+++ config.base[335]: export DOIAU=NO
+++ config.base[335]: DOIAU=NO
+++ config.base[336]: export IAUFHRS=3,6,9
+++ config.base[336]: IAUFHRS=3,6,9
+++ config.base[337]: export IAU_FHROT=3
+++ config.base[337]: IAU_FHROT=3
+++ config.base[338]: export IAU_DELTHRS=6
+++ config.base[338]: IAU_DELTHRS=6
+++ config.base[339]: export IAU_OFFSET=6
+++ config.base[339]: IAU_OFFSET=6
+++ config.base[340]: export DOIAU_ENKF=NO
+++ config.base[340]: DOIAU_ENKF=NO
+++ config.base[341]: export IAUFHRS_ENKF=3,6,9
+++ config.base[341]: IAUFHRS_ENKF=3,6,9
+++ config.base[342]: export IAU_DELTHRS_ENKF=6
+++ config.base[342]: IAU_DELTHRS_ENKF=6
+++ config.base[345]: export lobsdiag_forenkf=.true.
+++ config.base[345]: lobsdiag_forenkf=.true.
+++ config.base[353]: export imp_physics=8
+++ config.base[353]: imp_physics=8
+++ config.base[357]: export DO_JEDIATMVAR=YES
+++ config.base[357]: DO_JEDIATMVAR=YES
+++ config.base[358]: export DO_JEDIATMENS=YES
+++ config.base[358]: DO_JEDIATMENS=YES
+++ config.base[359]: export DO_JEDIOCNVAR=NO
+++ config.base[359]: DO_JEDIOCNVAR=NO
+++ config.base[360]: export DO_JEDISNOWDA=NO
+++ config.base[360]: DO_JEDISNOWDA=NO
+++ config.base[361]: export DO_MERGENSST=NO
+++ config.base[361]: DO_MERGENSST=NO
+++ config.base[364]: export DOHYBVAR=YES
+++ config.base[364]: DOHYBVAR=YES
+++ config.base[365]: export NMEM_ENS=2
+++ config.base[365]: NMEM_ENS=2
+++ config.base[366]: export SMOOTH_ENKF=NO
+++ config.base[366]: SMOOTH_ENKF=NO
+++ config.base[367]: export l4densvar=.true.
+++ config.base[367]: l4densvar=.true.
+++ config.base[368]: export lwrite4danl=.true.
+++ config.base[368]: lwrite4danl=.true.
+++ config.base[369]: export DO_CALC_INCREMENT=NO
+++ config.base[369]: DO_CALC_INCREMENT=NO
+++ config.base[372]: export NMEM_ENS_GFS=30
+++ config.base[372]: NMEM_ENS_GFS=30
+++ config.base[373]: export NMEM_ENS_GFS_OFFSET=20
+++ config.base[373]: NMEM_ENS_GFS_OFFSET=20
+++ config.base[374]: export DO_CALC_INCREMENT_ENKF_GFS=NO
+++ config.base[374]: DO_CALC_INCREMENT_ENKF_GFS=NO
+++ config.base[377]: [[ YES = \Y\E\S ]]
+++ config.base[378]: export FHMIN_ENKF=3
+++ config.base[378]: FHMIN_ENKF=3
+++ config.base[379]: export FHMAX_ENKF=9
+++ config.base[379]: FHMAX_ENKF=9
+++ config.base[380]: export FHMAX_ENKF_GFS=12
+++ config.base[380]: FHMAX_ENKF_GFS=12
+++ config.base[381]: export FHOUT_ENKF_GFS=3
+++ config.base[381]: FHOUT_ENKF_GFS=3
+++ config.base[382]: [[ .true. = \.\t\r\u\e\. ]]
+++ config.base[383]: export FHOUT=1
+++ config.base[383]: FHOUT=1
+++ config.base[384]: export FHOUT_ENKF=1
+++ config.base[384]: FHOUT_ENKF=1
+++ config.base[391]: [[ YES == \N\O ]]
+++ config.base[399]: export ENKF_SPREAD=YES
+++ config.base[399]: ENKF_SPREAD=YES
+++ config.base[402]: [[ cycled = \c\y\c\l\e\d ]]
+++ config.base[402]: [[ 2024022318 = \2\0\2\4\0\2\2\4\0\0 ]]
+++ config.base[402]: [[ NO = \N\O ]]
+++ config.base[403]: export IAU_OFFSET=0
+++ config.base[403]: IAU_OFFSET=0
+++ config.base[404]: export IAU_FHROT=0
+++ config.base[404]: IAU_FHROT=0
+++ config.base[405]: export IAUFHRS=6,
+++ config.base[405]: IAUFHRS=6,
+++ config.base[408]: [[ NO = \N\O ]]
+++ config.base[408]: export IAUFHRS_ENKF=6,
+++ config.base[408]: IAUFHRS_ENKF=6,
+++ config.base[412]: [[ NO == \Y\E\S ]]
+++ config.base[415]: export restart_interval_enkfgdas=6
+++ config.base[415]: restart_interval_enkfgdas=6
+++ config.base[418]: export restart_interval_enkfgfs=6
+++ config.base[418]: restart_interval_enkfgfs=6
+++ config.base[420]: [[ NO == \Y\E\S ]]
+++ config.base[423]: export restart_interval_gdas=6
+++ config.base[423]: restart_interval_gdas=6
+++ config.base[426]: export GSI_SOILANAL=NO
+++ config.base[426]: GSI_SOILANAL=NO
+++ config.base[429]: export DONST=YES
+++ config.base[429]: DONST=YES
+++ config.base[430]: [[ YES = \Y\E\S ]]
+++ config.base[430]: export 'FNTSFA=        '
+++ config.base[430]: FNTSFA='        '
+++ config.base[433]: export nst_anl=.true.
+++ config.base[433]: nst_anl=.true.
+++ config.base[436]: export MAKE_NSSTBUFR=NO
+++ config.base[436]: MAKE_NSSTBUFR=NO
+++ config.base[439]: export MAKE_ACFTBUFR=NO
+++ config.base[439]: MAKE_ACFTBUFR=NO
+++ config.base[442]: export 'INCREMENTS_TO_ZERO='\''liq_wat_inc'\'','\''icmr_inc'\'','\''rwmr_inc'\'','\''snmr_inc'\'','\''grle_inc'\'''
+++ config.base[442]: INCREMENTS_TO_ZERO=''\''liq_wat_inc'\'','\''icmr_inc'\'','\''rwmr_inc'\'','\''snmr_inc'\'','\''grle_inc'\'''
+++ config.base[445]: export 'INCVARS_ZERO_STRAT='\''sphum_inc'\'','\''liq_wat_inc'\'','\''icmr_inc'\'','\''rwmr_inc'\'','\''snmr_inc'\'','\''grle_inc'\'''
+++ config.base[445]: INCVARS_ZERO_STRAT=''\''sphum_inc'\'','\''liq_wat_inc'\'','\''icmr_inc'\'','\''rwmr_inc'\'','\''snmr_inc'\'','\''grle_inc'\'''
+++ config.base[446]: export INCVARS_EFOLD=5
+++ config.base[446]: INCVARS_EFOLD=5
+++ config.base[451]: export netcdf_diag=.true.
+++ config.base[451]: netcdf_diag=.true.
+++ config.base[452]: export binary_diag=.false.
+++ config.base[452]: binary_diag=.false.
+++ config.base[455]: export DO_METP=YES
+++ config.base[455]: DO_METP=YES
+++ config.base[456]: export DO_FIT2OBS=YES
+++ config.base[456]: DO_FIT2OBS=YES
+++ config.base[457]: export DO_VRFY_OCEANDA=NO
+++ config.base[457]: DO_VRFY_OCEANDA=NO
+++ config.base[460]: export FHMAX_FITS=132
+++ config.base[460]: FHMAX_FITS=132
+++ config.base[461]: [[ 132 -gt 120 ]]
+++ config.base[461]: export FHMAX_FITS=120
+++ config.base[461]: FHMAX_FITS=120
+++ config.base[464]: export HPSSARCH=YES
+++ config.base[464]: HPSSARCH=YES
+++ config.base[465]: export LOCALARCH=NO
+++ config.base[465]: LOCALARCH=NO
+++ config.base[466]: [[ YES = \Y\E\S ]]
+++ config.base[466]: [[ NO = \Y\E\S ]]
+++ config.base[470]: export ARCH_CYC=00
+++ config.base[470]: ARCH_CYC=00
+++ config.base[471]: export ARCH_WARMICFREQ=4
+++ config.base[471]: ARCH_WARMICFREQ=4
+++ config.base[472]: export ARCH_FCSTICFREQ=1
+++ config.base[472]: ARCH_FCSTICFREQ=1
+++ config.base[475]: [[ YES = \Y\E\S ]]
+++ config.base[476]: export DO_FIT2OBS=NO
+++ config.base[476]: DO_FIT2OBS=NO
+++ config.base[477]: export DO_VERFOZN=NO
+++ config.base[477]: DO_VERFOZN=NO
+++ config.base[478]: export DO_VERFRAD=NO
+++ config.base[478]: DO_VERFRAD=NO
+++ config.base[479]: export DO_VMINMON=NO
+++ config.base[479]: DO_VMINMON=NO
+++ config.base[483]: export REPLAY_ICS=NO
+++ config.base[483]: REPLAY_ICS=NO
+++ config.base[484]: export OFFSET_START_HOUR=0
+++ config.base[484]: OFFSET_START_HOUR=0
+++ config.base[487]: export NUM_SND_COLLECTIVES=9
+++ config.base[487]: NUM_SND_COLLECTIVES=9
+++ config.base[491]: [[ HERA =~ PW ]]
+++ config.base[500]: [[ HERA == \O\R\I\O\N ]]
+++ config.base[500]: [[ HERA == \H\E\R\C\U\L\E\S ]]
+++ config.base[505]: echo 'END: config.base'
END: config.base
++ jjob_header.sh[98]: status=0
++ jjob_header.sh[99]: ((  status != 0  ))
++ jjob_header.sh[96]: for config in "${configs[@]:-''}"
++ jjob_header.sh[97]: source /scratch1/NCEPDEV/global/CI/2978/RUNTESTS/EXPDIR/C96C48_ufs_hybatmDA_9536c8b4/config.prepatmiodaobs
+++ config.prepatmiodaobs[6]: echo 'BEGIN: config.prepatmiodaobs'
BEGIN: config.prepatmiodaobs
+++ config.prepatmiodaobs[9]: . /scratch1/NCEPDEV/global/CI/2978/RUNTESTS/EXPDIR/C96C48_ufs_hybatmDA_9536c8b4/config.resources prepatmiodaobs
++++ config.resources[10]: ((  1 != 1  ))
++++ config.resources[34]: step=prepatmiodaobs
++++ config.resources[36]: echo 'BEGIN: config.resources'
BEGIN: config.resources
++++ config.resources[38]: case ${machine} in
++++ config.resources[46]: max_tasks_per_node=40
++++ config.resources[48]: mem_node_max=96GB
++++ config.resources[144]: export max_tasks_per_node
++++ config.resources[146]: case ${step} in
++++ config.resources[163]: walltime=00:30:00
++++ config.resources[164]: ntasks=1
++++ config.resources[165]: threads_per_task=1
++++ config.resources[166]: tasks_per_node=40
++++ config.resources[1424]: [[ -f /scratch1/NCEPDEV/global/CI/2978/RUNTESTS/EXPDIR/C96C48_ufs_hybatmDA_9536c8b4/config.resources.HERA ]]
++++ config.resources[1425]: source /scratch1/NCEPDEV/global/CI/2978/RUNTESTS/EXPDIR/C96C48_ufs_hybatmDA_9536c8b4/config.resources.HERA
+++++ config.resources.HERA[5]: case ${step} in
++++ config.resources[1429]: for resource_var in threads_per_task ntasks tasks_per_node NTASKS memory walltime
++++ config.resources[1430]: run_resource_var=threads_per_task_gfs
++++ config.resources[1431]: [[ -n '' ]]
++++ config.resources[1433]: [[ -n 0 ]]
++++ config.resources[1434]: export threads_per_task
++++ config.resources[1429]: for resource_var in threads_per_task ntasks tasks_per_node NTASKS memory walltime
++++ config.resources[1430]: run_resource_var=ntasks_gfs
++++ config.resources[1431]: [[ -n '' ]]
++++ config.resources[1433]: [[ -n 0 ]]
++++ config.resources[1434]: export ntasks
++++ config.resources[1429]: for resource_var in threads_per_task ntasks tasks_per_node NTASKS memory walltime
++++ config.resources[1430]: run_resource_var=tasks_per_node_gfs
++++ config.resources[1431]: [[ -n '' ]]
++++ config.resources[1433]: [[ -n 0 ]]
++++ config.resources[1434]: export tasks_per_node
++++ config.resources[1429]: for resource_var in threads_per_task ntasks tasks_per_node NTASKS memory walltime
++++ config.resources[1430]: run_resource_var=NTASKS_gfs
++++ config.resources[1431]: [[ -n '' ]]
++++ config.resources[1433]: [[ -n '' ]]
++++ config.resources[1429]: for resource_var in threads_per_task ntasks tasks_per_node NTASKS memory walltime
++++ config.resources[1430]: run_resource_var=memory_gfs
++++ config.resources[1431]: [[ -n '' ]]
++++ config.resources[1433]: [[ -n '' ]]
++++ config.resources[1429]: for resource_var in threads_per_task ntasks tasks_per_node NTASKS memory walltime
++++ config.resources[1430]: run_resource_var=walltime_gfs
++++ config.resources[1431]: [[ -n '' ]]
++++ config.resources[1433]: [[ -n 0 ]]
++++ config.resources[1434]: export walltime
++++ config.resources[1438]: echo 'END: config.resources'
END: config.resources
+++ config.prepatmiodaobs[11]: echo 'END: config.prepatmiodaobs'
END: config.prepatmiodaobs
++ jjob_header.sh[98]: status=0
++ jjob_header.sh[99]: ((  status != 0  ))
++ jjob_header.sh[109]: source /scratch1/NCEPDEV/global/CI/2978/gfs/env/HERA.env prepatmiodaobs
+++ HERA.env[3]: [[ 1 -ne 1 ]]
+++ HERA.env[10]: step=prepatmiodaobs
+++ HERA.env[12]: export 'launcher=srun -l --export=ALL'
+++ HERA.env[12]: launcher='srun -l --export=ALL'
+++ HERA.env[13]: export 'mpmd_opt=--multi-prog --output=mpmd.%j.%t.out'
+++ HERA.env[13]: mpmd_opt='--multi-prog --output=mpmd.%j.%t.out'
+++ HERA.env[24]: export OMP_STACKSIZE=2048000
+++ HERA.env[24]: OMP_STACKSIZE=2048000
+++ HERA.env[25]: export NTHSTACK=1024000000
+++ HERA.env[25]: NTHSTACK=1024000000
+++ HERA.env[29]: [[ -n 862550 ]]
+++ HERA.env[30]: ulimit -s unlimited
+++ HERA.env[31]: ulimit -a
core file size          (blocks, -c) unlimited
data seg size           (kbytes, -d) unlimited
scheduling priority             (-e) 0
file size               (blocks, -f) unlimited
pending signals                 (-i) 379983
max locked memory       (kbytes, -l) unlimited
max memory size         (kbytes, -m) 94208000
open files                      (-n) 131072
pipe size            (512 bytes, -p) 8
POSIX message queues     (bytes, -q) 819200
real-time priority              (-r) 0
stack size              (kbytes, -s) unlimited
cpu time               (seconds, -t) unlimited
max user processes              (-u) 379983
virtual memory          (kbytes, -v) unlimited
file locks                      (-x) unlimited
+++ HERA.env[36]: [[ -n 1 ]]
+++ HERA.env[36]: [[ -n 40 ]]
+++ HERA.env[36]: [[ -n 40 ]]
+++ HERA.env[37]: max_threads_per_task=1
+++ HERA.env[38]: NTHREADSmax=1
+++ HERA.env[39]: NTHREADS1=1
+++ HERA.env[40]: [[ 1 -gt 1 ]]
+++ HERA.env[41]: [[ 1 -gt 1 ]]
+++ HERA.env[42]: APRUN_default='srun -l --export=ALL -n 1'
+++ HERA.env[48]: [[ prepatmiodaobs = \p\r\e\p ]]
+++ HERA.env[48]: [[ prepatmiodaobs = \p\r\e\p\b\u\f\r ]]
+++ HERA.env[55]: [[ prepatmiodaobs = \p\r\e\p\s\n\o\w\o\b\s ]]
+++ HERA.env[59]: [[ prepatmiodaobs = \p\r\e\p\_\e\m\i\s\s\i\o\n\s ]]
+++ HERA.env[63]: [[ prepatmiodaobs = \w\a\v\e\i\n\i\t ]]
+++ HERA.env[63]: [[ prepatmiodaobs = \w\a\v\e\p\r\e\p ]]
+++ HERA.env[63]: [[ prepatmiodaobs = \w\a\v\e\p\o\s\t\s\b\s ]]
+++ HERA.env[63]: [[ prepatmiodaobs = \w\a\v\e\p\o\s\t\b\n\d\p\n\t ]]
+++ HERA.env[63]: [[ prepatmiodaobs = \w\a\v\e\p\o\s\t\b\n\d\p\n\t\b\l\l ]]
+++ HERA.env[63]: [[ prepatmiodaobs = \w\a\v\e\p\o\s\t\p\n\t ]]
+++ HERA.env[70]: [[ prepatmiodaobs = \a\t\m\a\n\l\v\a\r ]]
+++ HERA.env[75]: [[ prepatmiodaobs = \a\t\m\e\n\s\a\n\l\o\b\s ]]
+++ HERA.env[80]: [[ prepatmiodaobs = \a\t\m\e\n\s\a\n\l\s\o\l ]]
+++ HERA.env[85]: [[ prepatmiodaobs = \a\t\m\e\n\s\a\n\l\l\e\t\k\f ]]
+++ HERA.env[90]: [[ prepatmiodaobs = \a\t\m\e\n\s\a\n\l\f\v\3\i\n\c ]]
+++ HERA.env[95]: [[ prepatmiodaobs = \a\e\r\o\a\n\l\v\a\r ]]
+++ HERA.env[102]: [[ prepatmiodaobs = \a\e\r\o\a\n\l\g\e\n\b ]]
+++ HERA.env[107]: [[ prepatmiodaobs = \a\t\m\a\n\l\f\v\3\i\n\c ]]
+++ HERA.env[112]: [[ prepatmiodaobs = \p\r\e\p\o\b\s\a\e\r\o ]]
+++ HERA.env[117]: [[ prepatmiodaobs = \s\n\o\w\a\n\l ]]
+++ HERA.env[124]: [[ prepatmiodaobs = \e\s\n\o\w\r\e\c\e\n ]]
+++ HERA.env[131]: [[ prepatmiodaobs = \m\a\r\i\n\e\b\m\a\t ]]
+++ HERA.env[136]: [[ prepatmiodaobs = \m\a\r\i\n\e\b\m\a\t ]]
+++ HERA.env[141]: [[ prepatmiodaobs = \m\a\r\i\n\e\a\n\l\v\a\r ]]
+++ HERA.env[146]: [[ prepatmiodaobs = \m\a\r\i\n\e\a\n\l\c\h\k\p\t ]]
+++ HERA.env[151]: [[ prepatmiodaobs = \o\c\n\a\n\a\l\e\c\e\n ]]
+++ HERA.env[156]: [[ prepatmiodaobs = \m\a\r\i\n\e\a\n\a\l\l\e\t\k\f ]]
+++ HERA.env[161]: [[ prepatmiodaobs = \a\n\a\l ]]
+++ HERA.env[161]: [[ prepatmiodaobs = \a\n\a\l\c\a\l\c ]]
+++ HERA.env[186]: [[ prepatmiodaobs = \s\f\c\a\n\l ]]
+++ HERA.env[191]: [[ prepatmiodaobs = \e\o\b\s ]]
+++ HERA.env[203]: [[ prepatmiodaobs = \e\u\p\d ]]
+++ HERA.env[212]: [[ prepatmiodaobs = \f\c\s\t ]]
+++ HERA.env[212]: [[ prepatmiodaobs = \e\f\c\s ]]
+++ HERA.env[220]: [[ prepatmiodaobs = \u\p\p ]]
+++ HERA.env[225]: [[ prepatmiodaobs = \a\t\m\o\s\_\p\r\o\d\u\c\t\s ]]
+++ HERA.env[229]: [[ prepatmiodaobs = \o\c\e\a\n\i\c\e\_\p\r\o\d\u\c\t\s ]]
+++ HERA.env[234]: [[ prepatmiodaobs = \e\c\e\n ]]
+++ HERA.env[247]: [[ prepatmiodaobs = \e\s\f\c ]]
+++ HERA.env[256]: [[ prepatmiodaobs = \e\p\o\s ]]
+++ HERA.env[261]: [[ prepatmiodaobs = \p\o\s\t\s\n\d ]]
+++ HERA.env[272]: [[ prepatmiodaobs = \a\w\i\p\s ]]
+++ HERA.env[277]: [[ prepatmiodaobs = \g\e\m\p\a\k ]]
+++ HERA.env[284]: [[ prepatmiodaobs = \f\i\t\2\o\b\s ]]
++ jjob_header.sh[110]: status=0
++ jjob_header.sh[111]: ((  status != 0  ))
+ JGLOBAL_ATM_PREP_IODA_OBS[15]: YMD=20240224
+ JGLOBAL_ATM_PREP_IODA_OBS[15]: HH=00
+ JGLOBAL_ATM_PREP_IODA_OBS[15]: declare_from_tmpl -rx COM_OBS
+ bash_utils.sh[35]: [[ NO == \N\O ]]
+ bash_utils.sh[35]: set +x
declare_from_tmpl :: COM_OBS=/scratch1/NCEPDEV/global/CI/2978/RUNTESTS/COMROOT/C96C48_ufs_hybatmDA_9536c8b4/gfs.20240224/00/obs
+ JGLOBAL_ATM_PREP_IODA_OBS[20]: EXSCRIPT=/scratch1/NCEPDEV/global/CI/2978/gfs/ush/run_bufr2ioda.py
+ JGLOBAL_ATM_PREP_IODA_OBS[21]: /scratch1/NCEPDEV/global/CI/2978/gfs/ush/run_bufr2ioda.py 2024022400 gfs /scratch1/NCEPDEV/global/glopara/dump /scratch1/NCEPDEV/global/CI/2978/gfs/parm/gdas/ioda/bufr2ioda /scratch1/NCEPDEV/global/CI/2978/RUNTESTS/COMROOT/C96C48_ufs_hybatmDA_9536c8b4/gfs.20240224/00/obs/
[38;21m2024-10-11 22:20:49,441 - INFO     - run_bufr2ioda.py: BEGIN: __main__.bufr2ioda[0m
[38;21m2024-10-11 22:20:49,441 - INFO     - run_bufr2ioda.py: Process 2024-02-24 00:00:00 gfs from /scratch1/NCEPDEV/global/glopara/dump to /scratch1/NCEPDEV/global/CI/2978/RUNTESTS/COMROOT/C96C48_ufs_hybatmDA_9536c8b4/gfs.20240224/00/obs using /scratch1/NCEPDEV/global/CI/2978/gfs/parm/gdas/ioda/bufr2ioda[0m
[38;21m2024-10-11 22:20:49,448 - INFO     - run_bufr2ioda.py: Convert sfcshp_prepbufr...[0m
[38;21m2024-10-11 22:20:49,448 - INFO     - gen_bufr2ioda_json.py: Using /scratch1/NCEPDEV/global/CI/2978/gfs/parm/gdas/ioda/bufr2ioda/bufr2ioda_sfcshp_prepbufr.json as input {'RUN': 'gfs', 'current_cycle': datetime.datetime(2024, 2, 24, 0, 0), 'DMPDIR': PosixPath('/scratch1/NCEPDEV/global/glopara/dump'), 'COM_OBS': PosixPath('/scratch1/NCEPDEV/global/CI/2978/RUNTESTS/COMROOT/C96C48_ufs_hybatmDA_9536c8b4/gfs.20240224/00/obs'), 'PDY': '20240224', 'cyc': '00'}[0m
[38;21m2024-10-11 22:20:49,462 - INFO     - gen_bufr2ioda_json.py: Wrote to /scratch1/NCEPDEV/stmp2/Terry.McGuinness/RUNDIRS/C96C48_ufs_hybatmDA_9536c8b4/gfs.2024022400/prepatmobs.1272281/sfcshp_prepbufr_2024022400.json[0m
[38;21m2024-10-11 22:20:49,462 - INFO     - run_bufr2ioda.py: Convert adpupa...[0m
[38;21m2024-10-11 22:20:49,462 - INFO     - gen_bufr2ioda_json.py: Using /scratch1/NCEPDEV/global/CI/2978/gfs/parm/gdas/ioda/bufr2ioda/bufr2ioda_adpupa.json as input {'RUN': 'gfs', 'current_cycle': datetime.datetime(2024, 2, 24, 0, 0), 'DMPDIR': PosixPath('/scratch1/NCEPDEV/global/glopara/dump'), 'COM_OBS': PosixPath('/scratch1/NCEPDEV/global/CI/2978/RUNTESTS/COMROOT/C96C48_ufs_hybatmDA_9536c8b4/gfs.20240224/00/obs'), 'PDY': '20240224', 'cyc': '00'}[0m
[38;21m2024-10-11 22:20:49,468 - INFO     - gen_bufr2ioda_json.py: Wrote to /scratch1/NCEPDEV/stmp2/Terry.McGuinness/RUNDIRS/C96C48_ufs_hybatmDA_9536c8b4/gfs.2024022400/prepatmobs.1272281/adpupa_2024022400.json[0m
[38;21m2024-10-11 22:20:49,468 - INFO     - run_bufr2ioda.py: Convert ozone_ompsnp...[0m
[38;21m2024-10-11 22:20:49,468 - INFO     - gen_bufr2ioda_json.py: Using /scratch1/NCEPDEV/global/CI/2978/gfs/parm/gdas/ioda/bufr2ioda/bufr2ioda_ozone_ompsnp.json as input {'RUN': 'gfs', 'current_cycle': datetime.datetime(2024, 2, 24, 0, 0), 'DMPDIR': PosixPath('/scratch1/NCEPDEV/global/glopara/dump'), 'COM_OBS': PosixPath('/scratch1/NCEPDEV/global/CI/2978/RUNTESTS/COMROOT/C96C48_ufs_hybatmDA_9536c8b4/gfs.20240224/00/obs'), 'PDY': '20240224', 'cyc': '00'}[0m
[38;21m2024-10-11 22:20:49,478 - INFO     - gen_bufr2ioda_json.py: Wrote to /scratch1/NCEPDEV/stmp2/Terry.McGuinness/RUNDIRS/C96C48_ufs_hybatmDA_9536c8b4/gfs.2024022400/prepatmobs.1272281/ozone_ompsnp_2024022400.json[0m
[38;21m2024-10-11 22:20:49,478 - INFO     - run_bufr2ioda.py: Convert satwnd_amv_seviri...[0m
[38;21m2024-10-11 22:20:49,479 - INFO     - gen_bufr2ioda_json.py: Using /scratch1/NCEPDEV/global/CI/2978/gfs/parm/gdas/ioda/bufr2ioda/bufr2ioda_satwnd_amv_seviri.json as input {'RUN': 'gfs', 'current_cycle': datetime.datetime(2024, 2, 24, 0, 0), 'DMPDIR': PosixPath('/scratch1/NCEPDEV/global/glopara/dump'), 'COM_OBS': PosixPath('/scratch1/NCEPDEV/global/CI/2978/RUNTESTS/COMROOT/C96C48_ufs_hybatmDA_9536c8b4/gfs.20240224/00/obs'), 'PDY': '20240224', 'cyc': '00'}[0m
[38;21m2024-10-11 22:20:49,489 - INFO     - gen_bufr2ioda_json.py: Wrote to /scratch1/NCEPDEV/stmp2/Terry.McGuinness/RUNDIRS/C96C48_ufs_hybatmDA_9536c8b4/gfs.2024022400/prepatmobs.1272281/satwnd_amv_seviri_2024022400.json[0m
[38;21m2024-10-11 22:20:49,489 - INFO     - run_bufr2ioda.py: Convert snocvr_bufr...[0m
[38;21m2024-10-11 22:20:49,490 - INFO     - gen_bufr2ioda_json.py: Using /scratch1/NCEPDEV/global/CI/2978/gfs/parm/gdas/ioda/bufr2ioda/bufr2ioda_snocvr_bufr.json as input {'RUN': 'gfs', 'current_cycle': datetime.datetime(2024, 2, 24, 0, 0), 'DMPDIR': PosixPath('/scratch1/NCEPDEV/global/glopara/dump'), 'COM_OBS': PosixPath('/scratch1/NCEPDEV/global/CI/2978/RUNTESTS/COMROOT/C96C48_ufs_hybatmDA_9536c8b4/gfs.20240224/00/obs'), 'PDY': '20240224', 'cyc': '00'}[0m
[38;21m2024-10-11 22:20:49,497 - INFO     - gen_bufr2ioda_json.py: Wrote to /scratch1/NCEPDEV/stmp2/Terry.McGuinness/RUNDIRS/C96C48_ufs_hybatmDA_9536c8b4/gfs.2024022400/prepatmobs.1272281/snocvr_bufr_2024022400.json[0m
[38;21m2024-10-11 22:20:49,497 - INFO     - run_bufr2ioda.py: Convert satwnd_amv_leogeo...[0m
[38;21m2024-10-11 22:20:49,497 - INFO     - gen_bufr2ioda_json.py: Using /scratch1/NCEPDEV/global/CI/2978/gfs/parm/gdas/ioda/bufr2ioda/bufr2ioda_satwnd_amv_leogeo.json as input {'RUN': 'gfs', 'current_cycle': datetime.datetime(2024, 2, 24, 0, 0), 'DMPDIR': PosixPath('/scratch1/NCEPDEV/global/glopara/dump'), 'COM_OBS': PosixPath('/scratch1/NCEPDEV/global/CI/2978/RUNTESTS/COMROOT/C96C48_ufs_hybatmDA_9536c8b4/gfs.20240224/00/obs'), 'PDY': '20240224', 'cyc': '00'}[0m
[38;21m2024-10-11 22:20:49,504 - INFO     - gen_bufr2ioda_json.py: Wrote to /scratch1/NCEPDEV/stmp2/Terry.McGuinness/RUNDIRS/C96C48_ufs_hybatmDA_9536c8b4/gfs.2024022400/prepatmobs.1272281/satwnd_amv_leogeo_2024022400.json[0m
[38;21m2024-10-11 22:20:49,504 - INFO     - run_bufr2ioda.py: Convert ozone_ompstc...[0m
[38;21m2024-10-11 22:20:49,504 - INFO     - gen_bufr2ioda_json.py: Using /scratch1/NCEPDEV/global/CI/2978/gfs/parm/gdas/ioda/bufr2ioda/bufr2ioda_ozone_ompstc.json as input {'RUN': 'gfs', 'current_cycle': datetime.datetime(2024, 2, 24, 0, 0), 'DMPDIR': PosixPath('/scratch1/NCEPDEV/global/glopara/dump'), 'COM_OBS': PosixPath('/scratch1/NCEPDEV/global/CI/2978/RUNTESTS/COMROOT/C96C48_ufs_hybatmDA_9536c8b4/gfs.20240224/00/obs'), 'PDY': '20240224', 'cyc': '00'}[0m
[38;21m2024-10-11 22:20:49,513 - INFO     - gen_bufr2ioda_json.py: Wrote to /scratch1/NCEPDEV/stmp2/Terry.McGuinness/RUNDIRS/C96C48_ufs_hybatmDA_9536c8b4/gfs.2024022400/prepatmobs.1272281/ozone_ompstc_2024022400.json[0m
[38;21m2024-10-11 22:20:49,513 - INFO     - run_bufr2ioda.py: Convert acft_profiles_prepbufr...[0m
[38;21m2024-10-11 22:20:49,513 - INFO     - gen_bufr2ioda_json.py: Using /scratch1/NCEPDEV/global/CI/2978/gfs/parm/gdas/ioda/bufr2ioda/bufr2ioda_acft_profiles_prepbufr.json as input {'RUN': 'gfs', 'current_cycle': datetime.datetime(2024, 2, 24, 0, 0), 'DMPDIR': PosixPath('/scratch1/NCEPDEV/global/glopara/dump'), 'COM_OBS': PosixPath('/scratch1/NCEPDEV/global/CI/2978/RUNTESTS/COMROOT/C96C48_ufs_hybatmDA_9536c8b4/gfs.20240224/00/obs'), 'PDY': '20240224', 'cyc': '00'}[0m
[38;21m2024-10-11 22:20:49,520 - INFO     - gen_bufr2ioda_json.py: Wrote to /scratch1/NCEPDEV/stmp2/Terry.McGuinness/RUNDIRS/C96C48_ufs_hybatmDA_9536c8b4/gfs.2024022400/prepatmobs.1272281/acft_profiles_prepbufr_2024022400.json[0m
[38;21m2024-10-11 22:20:49,520 - INFO     - run_bufr2ioda.py: Convert sevcsr...[0m
[38;21m2024-10-11 22:20:49,520 - INFO     - gen_bufr2ioda_json.py: Using /scratch1/NCEPDEV/global/CI/2978/gfs/parm/gdas/ioda/bufr2ioda/bufr2ioda_sevcsr.json as input {'RUN': 'gfs', 'current_cycle': datetime.datetime(2024, 2, 24, 0, 0), 'DMPDIR': PosixPath('/scratch1/NCEPDEV/global/glopara/dump'), 'COM_OBS': PosixPath('/scratch1/NCEPDEV/global/CI/2978/RUNTESTS/COMROOT/C96C48_ufs_hybatmDA_9536c8b4/gfs.20240224/00/obs'), 'PDY': '20240224', 'cyc': '00'}[0m
[38;21m2024-10-11 22:20:49,528 - INFO     - gen_bufr2ioda_json.py: Wrote to /scratch1/NCEPDEV/stmp2/Terry.McGuinness/RUNDIRS/C96C48_ufs_hybatmDA_9536c8b4/gfs.2024022400/prepatmobs.1272281/sevcsr_2024022400.json[0m
[38;21m2024-10-11 22:20:49,528 - INFO     - run_bufr2ioda.py: Convert adpupa_prepbufr...[0m
[38;21m2024-10-11 22:20:49,529 - INFO     - gen_bufr2ioda_json.py: Using /scratch1/NCEPDEV/global/CI/2978/gfs/parm/gdas/ioda/bufr2ioda/bufr2ioda_adpupa_prepbufr.json as input {'RUN': 'gfs', 'current_cycle': datetime.datetime(2024, 2, 24, 0, 0), 'DMPDIR': PosixPath('/scratch1/NCEPDEV/global/glopara/dump'), 'COM_OBS': PosixPath('/scratch1/NCEPDEV/global/CI/2978/RUNTESTS/COMROOT/C96C48_ufs_hybatmDA_9536c8b4/gfs.20240224/00/obs'), 'PDY': '20240224', 'cyc': '00'}[0m
[38;21m2024-10-11 22:20:49,534 - INFO     - gen_bufr2ioda_json.py: Wrote to /scratch1/NCEPDEV/stmp2/Terry.McGuinness/RUNDIRS/C96C48_ufs_hybatmDA_9536c8b4/gfs.2024022400/prepatmobs.1272281/adpupa_prepbufr_2024022400.json[0m
[38;21m2024-10-11 22:20:49,534 - INFO     - run_bufr2ioda.py: Convert gnssro...[0m
[38;21m2024-10-11 22:20:49,534 - INFO     - gen_bufr2ioda_json.py: Using /scratch1/NCEPDEV/global/CI/2978/gfs/parm/gdas/ioda/bufr2ioda/bufr2ioda_gnssro.json as input {'RUN': 'gfs', 'current_cycle': datetime.datetime(2024, 2, 24, 0, 0), 'DMPDIR': PosixPath('/scratch1/NCEPDEV/global/glopara/dump'), 'COM_OBS': PosixPath('/scratch1/NCEPDEV/global/CI/2978/RUNTESTS/COMROOT/C96C48_ufs_hybatmDA_9536c8b4/gfs.20240224/00/obs'), 'PDY': '20240224', 'cyc': '00'}[0m
[38;21m2024-10-11 22:20:49,552 - INFO     - gen_bufr2ioda_json.py: Wrote to /scratch1/NCEPDEV/stmp2/Terry.McGuinness/RUNDIRS/C96C48_ufs_hybatmDA_9536c8b4/gfs.2024022400/prepatmobs.1272281/gnssro_2024022400.json[0m
[38;21m2024-10-11 22:20:49,552 - INFO     - run_bufr2ioda.py: Convert satwind_scat...[0m
[38;21m2024-10-11 22:20:49,552 - INFO     - gen_bufr2ioda_json.py: Using /scratch1/NCEPDEV/global/CI/2978/gfs/parm/gdas/ioda/bufr2ioda/bufr2ioda_satwind_scat.json as input {'RUN': 'gfs', 'current_cycle': datetime.datetime(2024, 2, 24, 0, 0), 'DMPDIR': PosixPath('/scratch1/NCEPDEV/global/glopara/dump'), 'COM_OBS': PosixPath('/scratch1/NCEPDEV/global/CI/2978/RUNTESTS/COMROOT/C96C48_ufs_hybatmDA_9536c8b4/gfs.20240224/00/obs'), 'PDY': '20240224', 'cyc': '00'}[0m
[38;21m2024-10-11 22:20:49,560 - INFO     - gen_bufr2ioda_json.py: Wrote to /scratch1/NCEPDEV/stmp2/Terry.McGuinness/RUNDIRS/C96C48_ufs_hybatmDA_9536c8b4/gfs.2024022400/prepatmobs.1272281/satwind_scat_2024022400.json[0m
[38;21m2024-10-11 22:20:49,560 - INFO     - run_bufr2ioda.py: Convert satwnd_amv_ahi...[0m
[38;21m2024-10-11 22:20:49,560 - INFO     - gen_bufr2ioda_json.py: Using /scratch1/NCEPDEV/global/CI/2978/gfs/parm/gdas/ioda/bufr2ioda/bufr2ioda_satwnd_amv_ahi.json as input {'RUN': 'gfs', 'current_cycle': datetime.datetime(2024, 2, 24, 0, 0), 'DMPDIR': PosixPath('/scratch1/NCEPDEV/global/glopara/dump'), 'COM_OBS': PosixPath('/scratch1/NCEPDEV/global/CI/2978/RUNTESTS/COMROOT/C96C48_ufs_hybatmDA_9536c8b4/gfs.20240224/00/obs'), 'PDY': '20240224', 'cyc': '00'}[0m
[38;21m2024-10-11 22:20:49,568 - INFO     - gen_bufr2ioda_json.py: Wrote to /scratch1/NCEPDEV/stmp2/Terry.McGuinness/RUNDIRS/C96C48_ufs_hybatmDA_9536c8b4/gfs.2024022400/prepatmobs.1272281/satwnd_amv_ahi_2024022400.json[0m
[38;21m2024-10-11 22:20:49,568 - INFO     - run_bufr2ioda.py: Convert satwnd_amv_avhrr...[0m
[38;21m2024-10-11 22:20:49,568 - INFO     - gen_bufr2ioda_json.py: Using /scratch1/NCEPDEV/global/CI/2978/gfs/parm/gdas/ioda/bufr2ioda/bufr2ioda_satwnd_amv_avhrr.json as input {'RUN': 'gfs', 'current_cycle': datetime.datetime(2024, 2, 24, 0, 0), 'DMPDIR': PosixPath('/scratch1/NCEPDEV/global/glopara/dump'), 'COM_OBS': PosixPath('/scratch1/NCEPDEV/global/CI/2978/RUNTESTS/COMROOT/C96C48_ufs_hybatmDA_9536c8b4/gfs.20240224/00/obs'), 'PDY': '20240224', 'cyc': '00'}[0m
[38;21m2024-10-11 22:20:49,577 - INFO     - gen_bufr2ioda_json.py: Wrote to /scratch1/NCEPDEV/stmp2/Terry.McGuinness/RUNDIRS/C96C48_ufs_hybatmDA_9536c8b4/gfs.2024022400/prepatmobs.1272281/satwnd_amv_avhrr_2024022400.json[0m
[38;21m2024-10-11 22:20:49,577 - INFO     - run_bufr2ioda.py: Convert adpsfc_prepbufr...[0m
[38;21m2024-10-11 22:20:49,577 - INFO     - gen_bufr2ioda_json.py: Using /scratch1/NCEPDEV/global/CI/2978/gfs/parm/gdas/ioda/bufr2ioda/bufr2ioda_adpsfc_prepbufr.json as input {'RUN': 'gfs', 'current_cycle': datetime.datetime(2024, 2, 24, 0, 0), 'DMPDIR': PosixPath('/scratch1/NCEPDEV/global/glopara/dump'), 'COM_OBS': PosixPath('/scratch1/NCEPDEV/global/CI/2978/RUNTESTS/COMROOT/C96C48_ufs_hybatmDA_9536c8b4/gfs.20240224/00/obs'), 'PDY': '20240224', 'cyc': '00'}[0m
[38;21m2024-10-11 22:20:49,583 - INFO     - gen_bufr2ioda_json.py: Wrote to /scratch1/NCEPDEV/stmp2/Terry.McGuinness/RUNDIRS/C96C48_ufs_hybatmDA_9536c8b4/gfs.2024022400/prepatmobs.1272281/adpsfc_prepbufr_2024022400.json[0m
[38;21m2024-10-11 22:20:49,583 - INFO     - run_bufr2ioda.py: Convert satwnd_amv_modis...[0m
[38;21m2024-10-11 22:20:49,583 - INFO     - gen_bufr2ioda_json.py: Using /scratch1/NCEPDEV/global/CI/2978/gfs/parm/gdas/ioda/bufr2ioda/bufr2ioda_satwnd_amv_modis.json as input {'RUN': 'gfs', 'current_cycle': datetime.datetime(2024, 2, 24, 0, 0), 'DMPDIR': PosixPath('/scratch1/NCEPDEV/global/glopara/dump'), 'COM_OBS': PosixPath('/scratch1/NCEPDEV/global/CI/2978/RUNTESTS/COMROOT/C96C48_ufs_hybatmDA_9536c8b4/gfs.20240224/00/obs'), 'PDY': '20240224', 'cyc': '00'}[0m
[38;21m2024-10-11 22:20:49,591 - INFO     - gen_bufr2ioda_json.py: Wrote to /scratch1/NCEPDEV/stmp2/Terry.McGuinness/RUNDIRS/C96C48_ufs_hybatmDA_9536c8b4/gfs.2024022400/prepatmobs.1272281/satwnd_amv_modis_2024022400.json[0m
[38;21m2024-10-11 22:20:49,591 - INFO     - run_bufr2ioda.py: Convert satwnd_amv_goes...[0m
[38;21m2024-10-11 22:20:49,591 - INFO     - gen_bufr2ioda_json.py: Using /scratch1/NCEPDEV/global/CI/2978/gfs/parm/gdas/ioda/bufr2ioda/bufr2ioda_satwnd_amv_goes.json as input {'RUN': 'gfs', 'current_cycle': datetime.datetime(2024, 2, 24, 0, 0), 'DMPDIR': PosixPath('/scratch1/NCEPDEV/global/glopara/dump'), 'COM_OBS': PosixPath('/scratch1/NCEPDEV/global/CI/2978/RUNTESTS/COMROOT/C96C48_ufs_hybatmDA_9536c8b4/gfs.20240224/00/obs'), 'PDY': '20240224', 'cyc': '00'}[0m
[38;21m2024-10-11 22:20:49,600 - INFO     - gen_bufr2ioda_json.py: Wrote to /scratch1/NCEPDEV/stmp2/Terry.McGuinness/RUNDIRS/C96C48_ufs_hybatmDA_9536c8b4/gfs.2024022400/prepatmobs.1272281/satwnd_amv_goes_2024022400.json[0m
[38;21m2024-10-11 22:20:49,600 - INFO     - run_bufr2ioda.py: Convert ozone_omi...[0m
[38;21m2024-10-11 22:20:49,601 - INFO     - gen_bufr2ioda_json.py: Using /scratch1/NCEPDEV/global/CI/2978/gfs/parm/gdas/ioda/bufr2ioda/bufr2ioda_ozone_omi.json as input {'RUN': 'gfs', 'current_cycle': datetime.datetime(2024, 2, 24, 0, 0), 'DMPDIR': PosixPath('/scratch1/NCEPDEV/global/glopara/dump'), 'COM_OBS': PosixPath('/scratch1/NCEPDEV/global/CI/2978/RUNTESTS/COMROOT/C96C48_ufs_hybatmDA_9536c8b4/gfs.20240224/00/obs'), 'PDY': '20240224', 'cyc': '00'}[0m
[38;21m2024-10-11 22:20:49,610 - INFO     - gen_bufr2ioda_json.py: Wrote to /scratch1/NCEPDEV/stmp2/Terry.McGuinness/RUNDIRS/C96C48_ufs_hybatmDA_9536c8b4/gfs.2024022400/prepatmobs.1272281/ozone_omi_2024022400.json[0m
[38;21m2024-10-11 22:20:49,610 - INFO     - run_bufr2ioda.py: Convert satwnd_amv_viirs...[0m
[38;21m2024-10-11 22:20:49,610 - INFO     - gen_bufr2ioda_json.py: Using /scratch1/NCEPDEV/global/CI/2978/gfs/parm/gdas/ioda/bufr2ioda/bufr2ioda_satwnd_amv_viirs.json as input {'RUN': 'gfs', 'current_cycle': datetime.datetime(2024, 2, 24, 0, 0), 'DMPDIR': PosixPath('/scratch1/NCEPDEV/global/glopara/dump'), 'COM_OBS': PosixPath('/scratch1/NCEPDEV/global/CI/2978/RUNTESTS/COMROOT/C96C48_ufs_hybatmDA_9536c8b4/gfs.20240224/00/obs'), 'PDY': '20240224', 'cyc': '00'}[0m
[38;21m2024-10-11 22:20:49,618 - INFO     - gen_bufr2ioda_json.py: Wrote to /scratch1/NCEPDEV/stmp2/Terry.McGuinness/RUNDIRS/C96C48_ufs_hybatmDA_9536c8b4/gfs.2024022400/prepatmobs.1272281/satwnd_amv_viirs_2024022400.json[0m
[38;21m2024-10-11 22:20:49,618 - INFO     - run_bufr2ioda.py: Convert conventional_prepbufr_ps...[0m
[38;21m2024-10-11 22:20:49,618 - INFO     - gen_bufr2ioda_json.py: Using /scratch1/NCEPDEV/global/CI/2978/gfs/parm/gdas/ioda/bufr2ioda/bufr2ioda_conventional_prepbufr_ps.json as input {'RUN': 'gfs', 'current_cycle': datetime.datetime(2024, 2, 24, 0, 0), 'DMPDIR': PosixPath('/scratch1/NCEPDEV/global/glopara/dump'), 'COM_OBS': PosixPath('/scratch1/NCEPDEV/global/CI/2978/RUNTESTS/COMROOT/C96C48_ufs_hybatmDA_9536c8b4/gfs.20240224/00/obs'), 'PDY': '20240224', 'cyc': '00'}[0m
[38;21m2024-10-11 22:20:49,625 - INFO     - gen_bufr2ioda_json.py: Wrote to /scratch1/NCEPDEV/stmp2/Terry.McGuinness/RUNDIRS/C96C48_ufs_hybatmDA_9536c8b4/gfs.2024022400/prepatmobs.1272281/conventional_prepbufr_ps_2024022400.json[0m
[38;21m2024-10-11 22:20:49,626 - INFO     - run_bufr2ioda.py: Convert mtiasi...[0m
[38;21m2024-10-11 22:20:49,626 - INFO     - gen_bufr2ioda_yaml.py: Using /scratch1/NCEPDEV/global/CI/2978/gfs/parm/gdas/ioda/bufr2ioda/bufr2ioda_mtiasi.yaml as input[0m
[38;21m2024-10-11 22:20:49,674 - INFO     - gen_bufr2ioda_yaml.py: Wrote to /scratch1/NCEPDEV/stmp2/Terry.McGuinness/RUNDIRS/C96C48_ufs_hybatmDA_9536c8b4/gfs.2024022400/prepatmobs.1272281/mtiasi_2024022400.yaml[0m
[38;21m2024-10-11 22:20:49,674 - INFO     - run_bufr2ioda.py: Convert atms...[0m
[38;21m2024-10-11 22:20:49,675 - INFO     - gen_bufr2ioda_yaml.py: Using /scratch1/NCEPDEV/global/CI/2978/gfs/parm/gdas/ioda/bufr2ioda/bufr2ioda_atms.yaml as input[0m
[38;21m2024-10-11 22:20:49,711 - INFO     - gen_bufr2ioda_yaml.py: Wrote to /scratch1/NCEPDEV/stmp2/Terry.McGuinness/RUNDIRS/C96C48_ufs_hybatmDA_9536c8b4/gfs.2024022400/prepatmobs.1272281/atms_2024022400.yaml[0m
[38;21m2024-10-11 22:20:49,819 - INFO     - run_bufr2ioda.py: Executing /scratch1/NCEPDEV/global/CI/2978/gfs/sorc/gdas.cd/ush/ioda/bufr2ioda/bufr2ioda_sfcshp_prepbufr.py -c /scratch1/NCEPDEV/stmp2/Terry.McGuinness/RUNDIRS/C96C48_ufs_hybatmDA_9536c8b4/gfs.2024022400/prepatmobs.1272281/sfcshp_prepbufr_2024022400.json[0m
[38;21m2024-10-11 22:20:49,819 - INFO     - run_bufr2ioda.py: Executing /scratch1/NCEPDEV/global/CI/2978/gfs/sorc/gdas.cd/ush/ioda/bufr2ioda/bufr2ioda_adpupa.py -c /scratch1/NCEPDEV/stmp2/Terry.McGuinness/RUNDIRS/C96C48_ufs_hybatmDA_9536c8b4/gfs.2024022400/prepatmobs.1272281/adpupa_2024022400.json[0m
[38;21m2024-10-11 22:20:49,819 - INFO     - run_bufr2ioda.py: Executing /scratch1/NCEPDEV/global/CI/2978/gfs/sorc/gdas.cd/ush/ioda/bufr2ioda/bufr2ioda_ozone_ompsnp.py -c /scratch1/NCEPDEV/stmp2/Terry.McGuinness/RUNDIRS/C96C48_ufs_hybatmDA_9536c8b4/gfs.2024022400/prepatmobs.1272281/ozone_ompsnp_2024022400.json[0m
[38;21m2024-10-11 22:20:49,819 - INFO     - run_bufr2ioda.py: Executing /scratch1/NCEPDEV/global/CI/2978/gfs/sorc/gdas.cd/ush/ioda/bufr2ioda/bufr2ioda_satwnd_amv_seviri.py -c /scratch1/NCEPDEV/stmp2/Terry.McGuinness/RUNDIRS/C96C48_ufs_hybatmDA_9536c8b4/gfs.2024022400/prepatmobs.1272281/satwnd_amv_seviri_2024022400.json[0m
[38;21m2024-10-11 22:20:49,819 - INFO     - run_bufr2ioda.py: Executing /scratch1/NCEPDEV/global/CI/2978/gfs/sorc/gdas.cd/ush/ioda/bufr2ioda/bufr2ioda_snocvr_bufr.py -c /scratch1/NCEPDEV/stmp2/Terry.McGuinness/RUNDIRS/C96C48_ufs_hybatmDA_9536c8b4/gfs.2024022400/prepatmobs.1272281/snocvr_bufr_2024022400.json[0m
[38;21m2024-10-11 22:20:49,820 - INFO     - run_bufr2ioda.py: Executing /scratch1/NCEPDEV/global/CI/2978/gfs/sorc/gdas.cd/ush/ioda/bufr2ioda/bufr2ioda_satwnd_amv_leogeo.py -c /scratch1/NCEPDEV/stmp2/Terry.McGuinness/RUNDIRS/C96C48_ufs_hybatmDA_9536c8b4/gfs.2024022400/prepatmobs.1272281/satwnd_amv_leogeo_2024022400.json[0m
[38;21m2024-10-11 22:20:49,820 - INFO     - run_bufr2ioda.py: Executing /scratch1/NCEPDEV/global/CI/2978/gfs/sorc/gdas.cd/ush/ioda/bufr2ioda/bufr2ioda_ozone_ompstc.py -c /scratch1/NCEPDEV/stmp2/Terry.McGuinness/RUNDIRS/C96C48_ufs_hybatmDA_9536c8b4/gfs.2024022400/prepatmobs.1272281/ozone_ompstc_2024022400.json[0m
[38;21m2024-10-11 22:20:49,820 - INFO     - run_bufr2ioda.py: Executing /scratch1/NCEPDEV/global/CI/2978/gfs/sorc/gdas.cd/ush/ioda/bufr2ioda/bufr2ioda_acft_profiles_prepbufr.py -c /scratch1/NCEPDEV/stmp2/Terry.McGuinness/RUNDIRS/C96C48_ufs_hybatmDA_9536c8b4/gfs.2024022400/prepatmobs.1272281/acft_profiles_prepbufr_2024022400.json[0m
[38;21m2024-10-11 22:20:49,820 - INFO     - run_bufr2ioda.py: Executing /scratch1/NCEPDEV/global/CI/2978/gfs/sorc/gdas.cd/ush/ioda/bufr2ioda/bufr2ioda_sevcsr.py -c /scratch1/NCEPDEV/stmp2/Terry.McGuinness/RUNDIRS/C96C48_ufs_hybatmDA_9536c8b4/gfs.2024022400/prepatmobs.1272281/sevcsr_2024022400.json[0m
[38;21m2024-10-11 22:20:49,821 - INFO     - run_bufr2ioda.py: Executing /scratch1/NCEPDEV/global/CI/2978/gfs/sorc/gdas.cd/ush/ioda/bufr2ioda/bufr2ioda_adpupa_prepbufr.py -c /scratch1/NCEPDEV/stmp2/Terry.McGuinness/RUNDIRS/C96C48_ufs_hybatmDA_9536c8b4/gfs.2024022400/prepatmobs.1272281/adpupa_prepbufr_2024022400.json[0m
[38;21m2024-10-11 22:20:49,821 - INFO     - run_bufr2ioda.py: Executing /scratch1/NCEPDEV/global/CI/2978/gfs/sorc/gdas.cd/ush/ioda/bufr2ioda/bufr2ioda_gnssro.py -c /scratch1/NCEPDEV/stmp2/Terry.McGuinness/RUNDIRS/C96C48_ufs_hybatmDA_9536c8b4/gfs.2024022400/prepatmobs.1272281/gnssro_2024022400.json[0m
[38;21m2024-10-11 22:20:49,821 - INFO     - run_bufr2ioda.py: Executing /scratch1/NCEPDEV/global/CI/2978/gfs/sorc/gdas.cd/ush/ioda/bufr2ioda/bufr2ioda_satwind_scat.py -c /scratch1/NCEPDEV/stmp2/Terry.McGuinness/RUNDIRS/C96C48_ufs_hybatmDA_9536c8b4/gfs.2024022400/prepatmobs.1272281/satwind_scat_2024022400.json[0m
[38;21m2024-10-11 22:20:49,821 - INFO     - run_bufr2ioda.py: Executing /scratch1/NCEPDEV/global/CI/2978/gfs/sorc/gdas.cd/ush/ioda/bufr2ioda/bufr2ioda_satwnd_amv_ahi.py -c /scratch1/NCEPDEV/stmp2/Terry.McGuinness/RUNDIRS/C96C48_ufs_hybatmDA_9536c8b4/gfs.2024022400/prepatmobs.1272281/satwnd_amv_ahi_2024022400.json[0m
[38;21m2024-10-11 22:20:49,821 - INFO     - run_bufr2ioda.py: Executing /scratch1/NCEPDEV/global/CI/2978/gfs/sorc/gdas.cd/ush/ioda/bufr2ioda/bufr2ioda_satwnd_amv_avhrr.py -c /scratch1/NCEPDEV/stmp2/Terry.McGuinness/RUNDIRS/C96C48_ufs_hybatmDA_9536c8b4/gfs.2024022400/prepatmobs.1272281/satwnd_amv_avhrr_2024022400.json[0m
[38;21m2024-10-11 22:20:49,822 - INFO     - run_bufr2ioda.py: Executing /scratch1/NCEPDEV/global/CI/2978/gfs/sorc/gdas.cd/ush/ioda/bufr2ioda/bufr2ioda_adpsfc_prepbufr.py -c /scratch1/NCEPDEV/stmp2/Terry.McGuinness/RUNDIRS/C96C48_ufs_hybatmDA_9536c8b4/gfs.2024022400/prepatmobs.1272281/adpsfc_prepbufr_2024022400.json[0m
[38;21m2024-10-11 22:20:49,822 - INFO     - run_bufr2ioda.py: Executing /scratch1/NCEPDEV/global/CI/2978/gfs/sorc/gdas.cd/ush/ioda/bufr2ioda/bufr2ioda_satwnd_amv_modis.py -c /scratch1/NCEPDEV/stmp2/Terry.McGuinness/RUNDIRS/C96C48_ufs_hybatmDA_9536c8b4/gfs.2024022400/prepatmobs.1272281/satwnd_amv_modis_2024022400.json[0m
[38;21m2024-10-11 22:20:49,822 - INFO     - run_bufr2ioda.py: Executing /scratch1/NCEPDEV/global/CI/2978/gfs/sorc/gdas.cd/ush/ioda/bufr2ioda/bufr2ioda_ozone_omi.py -c /scratch1/NCEPDEV/stmp2/Terry.McGuinness/RUNDIRS/C96C48_ufs_hybatmDA_9536c8b4/gfs.2024022400/prepatmobs.1272281/ozone_omi_2024022400.json[0m
[38;21m2024-10-11 22:20:49,822 - INFO     - run_bufr2ioda.py: Executing /scratch1/NCEPDEV/global/CI/2978/gfs/sorc/gdas.cd/ush/ioda/bufr2ioda/bufr2ioda_satwnd_amv_goes.py -c /scratch1/NCEPDEV/stmp2/Terry.McGuinness/RUNDIRS/C96C48_ufs_hybatmDA_9536c8b4/gfs.2024022400/prepatmobs.1272281/satwnd_amv_goes_2024022400.json[0m
[38;21m2024-10-11 22:20:49,823 - INFO     - run_bufr2ioda.py: Executing /scratch1/NCEPDEV/global/CI/2978/gfs/sorc/gdas.cd/ush/ioda/bufr2ioda/bufr2ioda_satwnd_amv_viirs.py -c /scratch1/NCEPDEV/stmp2/Terry.McGuinness/RUNDIRS/C96C48_ufs_hybatmDA_9536c8b4/gfs.2024022400/prepatmobs.1272281/satwnd_amv_viirs_2024022400.json[0m
[38;21m2024-10-11 22:20:49,823 - INFO     - run_bufr2ioda.py: Executing /scratch1/NCEPDEV/global/CI/2978/gfs/sorc/gdas.cd/ush/ioda/bufr2ioda/bufr2ioda_conventional_prepbufr_ps.py -c /scratch1/NCEPDEV/stmp2/Terry.McGuinness/RUNDIRS/C96C48_ufs_hybatmDA_9536c8b4/gfs.2024022400/prepatmobs.1272281/conventional_prepbufr_ps_2024022400.json[0m
[38;21m2024-10-11 22:20:49,823 - INFO     - run_bufr2ioda.py: Executing /scratch1/NCEPDEV/global/CI/2978/gfs/sorc/gdas.cd/build/bin/bufr2ioda.x /scratch1/NCEPDEV/stmp2/Terry.McGuinness/RUNDIRS/C96C48_ufs_hybatmDA_9536c8b4/gfs.2024022400/prepatmobs.1272281/mtiasi_2024022400.yaml[0m
[38;21m2024-10-11 22:20:49,823 - INFO     - run_bufr2ioda.py: Executing /scratch1/NCEPDEV/global/CI/2978/gfs/sorc/gdas.cd/build/bin/bufr2ioda.x /scratch1/NCEPDEV/stmp2/Terry.McGuinness/RUNDIRS/C96C48_ufs_hybatmDA_9536c8b4/gfs.2024022400/prepatmobs.1272281/atms_2024022400.yaml[0m
Traceback (most recent call last):
Traceback (most recent call last):
  File "/scratch1/NCEPDEV/global/CI/2978/gfs/sorc/gdas.cd/ush/ioda/bufr2ioda/bufr2ioda_satwnd_amv_leogeo.py", line 5, in <module>
  File "/scratch1/NCEPDEV/global/CI/2978/gfs/sorc/gdas.cd/ush/ioda/bufr2ioda/bufr2ioda_satwind_scat.py", line 5, in <module>
Traceback (most recent call last):
  File "/scratch1/NCEPDEV/global/CI/2978/gfs/sorc/gdas.cd/ush/ioda/bufr2ioda/bufr2ioda_ozone_ompstc.py", line 5, in <module>
Traceback (most recent call last):
Traceback (most recent call last):
Traceback (most recent call last):
Traceback (most recent call last):
  File "/scratch1/NCEPDEV/global/CI/2978/gfs/sorc/gdas.cd/ush/ioda/bufr2ioda/bufr2ioda_satwnd_amv_seviri.py", line 5, in <module>
Traceback (most recent call last):
Traceback (most recent call last):
  File "/scratch1/NCEPDEV/global/CI/2978/gfs/sorc/gdas.cd/ush/ioda/bufr2ioda/bufr2ioda_ozone_omi.py", line 5, in <module>
  File "/scratch1/NCEPDEV/global/CI/2978/gfs/sorc/gdas.cd/ush/ioda/bufr2ioda/bufr2ioda_satwnd_amv_avhrr.py", line 5, in <module>
  File "/scratch1/NCEPDEV/global/CI/2978/gfs/sorc/gdas.cd/ush/ioda/bufr2ioda/bufr2ioda_satwnd_amv_viirs.py", line 5, in <module>
  File "/scratch1/NCEPDEV/global/CI/2978/gfs/sorc/gdas.cd/ush/ioda/bufr2ioda/bufr2ioda_satwnd_amv_ahi.py", line 5, in <module>
  File "/scratch1/NCEPDEV/global/CI/2978/gfs/sorc/gdas.cd/ush/ioda/bufr2ioda/bufr2ioda_ozone_ompsnp.py", line 5, in <module>
    from pyiodaconv import bufr
    from pyiodaconv import bufr
ModuleNotFoundError: No module named 'pyiodaconv'
    from pyiodaconv import bufr
ModuleNotFoundError: No module named 'pyiodaconv'
ModuleNotFoundError: No module named 'pyiodaconv'
    from pyiodaconv import bufr
    from pyiodaconv import bufr
ModuleNotFoundError: No module named 'pyiodaconv'
ModuleNotFoundError: No module named 'pyiodaconv'
    from pyiodaconv import bufr
    from pyiodaconv import bufr
ModuleNotFoundError: No module named 'pyiodaconv'
Traceback (most recent call last):
    from pyiodaconv import bufr
    from pyiodaconv import bufr
Traceback (most recent call last):
ModuleNotFoundError: No module named 'pyiodaconv'
  File "/scratch1/NCEPDEV/global/CI/2978/gfs/sorc/gdas.cd/ush/ioda/bufr2ioda/bufr2ioda_satwnd_amv_goes.py", line 5, in <module>
ModuleNotFoundError: No module named 'pyiodaconv'
ModuleNotFoundError: No module named 'pyiodaconv'
  File "/scratch1/NCEPDEV/global/CI/2978/gfs/sorc/gdas.cd/ush/ioda/bufr2ioda/bufr2ioda_satwnd_amv_modis.py", line 5, in <module>
    from pyiodaconv import bufr
    from pyiodaconv import bufr
ModuleNotFoundError: No module named 'pyiodaconv'
ModuleNotFoundError: No module named 'pyiodaconv'
Traceback (most recent call last):
  File "/scratch1/NCEPDEV/global/CI/2978/gfs/sorc/gdas.cd/ush/ioda/bufr2ioda/bufr2ioda_gnssro.py", line 17, in <module>
Traceback (most recent call last):
  File "/scratch1/NCEPDEV/global/CI/2978/gfs/sorc/gdas.cd/ush/ioda/bufr2ioda/bufr2ioda_adpupa.py", line 17, in <module>
Traceback (most recent call last):
  File "/scratch1/NCEPDEV/global/CI/2978/gfs/sorc/gdas.cd/ush/ioda/bufr2ioda/bufr2ioda_snocvr_bufr.py", line 16, in <module>
    from pyiodaconv import bufr
ModuleNotFoundError: No module named 'pyiodaconv'
    from pyiodaconv import bufr
ModuleNotFoundError: No module named 'pyiodaconv'
    from pyiodaconv import bufr
ModuleNotFoundError: No module named 'pyiodaconv'
Traceback (most recent call last):
  File "/scratch1/NCEPDEV/global/CI/2978/gfs/sorc/gdas.cd/ush/ioda/bufr2ioda/bufr2ioda_adpupa_prepbufr.py", line 19, in <module>
    from pyioda import ioda_obs_space as ioda_ospace
ModuleNotFoundError: No module named 'pyioda'
Traceback (most recent call last):
  File "/scratch1/NCEPDEV/global/CI/2978/gfs/sorc/gdas.cd/ush/ioda/bufr2ioda/bufr2ioda_adpsfc_prepbufr.py", line 17, in <module>
Traceback (most recent call last):
  File "/scratch1/NCEPDEV/global/CI/2978/gfs/sorc/gdas.cd/ush/ioda/bufr2ioda/bufr2ioda_sfcshp_prepbufr.py", line 16, in <module>
    from pyiodaconv import bufr
ModuleNotFoundError: No module named 'pyiodaconv'
    from pyiodaconv import bufr
ModuleNotFoundError: No module named 'pyiodaconv'
Traceback (most recent call last):
  File "/scratch1/NCEPDEV/global/CI/2978/gfs/sorc/gdas.cd/ush/ioda/bufr2ioda/bufr2ioda_acft_profiles_prepbufr.py", line 18, in <module>
    from pyiodaconv import bufr
ModuleNotFoundError: No module named 'pyiodaconv'
Traceback (most recent call last):
  File "/scratch1/NCEPDEV/global/CI/2978/gfs/sorc/gdas.cd/ush/ioda/bufr2ioda/bufr2ioda_conventional_prepbufr_ps.py", line 18, in <module>
    from pyiodaconv import bufr
ModuleNotFoundError: No module named 'pyiodaconv'
Traceback (most recent call last):
  File "/scratch1/NCEPDEV/global/CI/2978/gfs/sorc/gdas.cd/ush/ioda/bufr2ioda/bufr2ioda_sevcsr.py", line 15, in <module>
    from pyioda import ioda_obs_space as ioda_ospace
ModuleNotFoundError: No module named 'pyioda'
multiprocessing.pool.RemoteTraceback: 
"""
Traceback (most recent call last):
  File "/scratch1/NCEPDEV/global/CI/2978/gfs/ush/python/wxflow/executable.py", line 203, in __call__
    proc = subprocess.Popen(cmd, stdin=istream, stderr=estream, stdout=ostream, env=env, close_fds=False)
  File "/scratch1/NCEPDEV/nems/role.epic/spack-stack/spack-stack-1.6.0/envs/unified-env-rocky8/install/intel/2021.5.0/python-3.10.13-2p2rady/lib/python3.10/subprocess.py", line 971, in __init__
    self._execute_child(args, executable, preexec_fn, close_fds,
  File "/scratch1/NCEPDEV/nems/role.epic/spack-stack/spack-stack-1.6.0/envs/unified-env-rocky8/install/intel/2021.5.0/python-3.10.13-2p2rady/lib/python3.10/subprocess.py", line 1751, in _execute_child
    self._posix_spawn(args, executable, env, restore_signals,
  File "/scratch1/NCEPDEV/nems/role.epic/spack-stack/spack-stack-1.6.0/envs/unified-env-rocky8/install/intel/2021.5.0/python-3.10.13-2p2rady/lib/python3.10/subprocess.py", line 1696, in _posix_spawn
    self.pid = os.posix_spawn(executable, args, env, **kwargs)
FileNotFoundError: [Errno 2] No such file or directory: '/scratch1/NCEPDEV/global/CI/2978/gfs/sorc/gdas.cd/build/bin/bufr2ioda.x'

During handling of the above exception, another exception occurred:

Traceback (most recent call last):
  File "/scratch1/NCEPDEV/nems/role.epic/spack-stack/spack-stack-1.6.0/envs/unified-env-rocky8/install/intel/2021.5.0/python-3.10.13-2p2rady/lib/python3.10/multiprocessing/pool.py", line 125, in worker
    result = (True, func(*args, **kwds))
  File "/scratch1/NCEPDEV/nems/role.epic/spack-stack/spack-stack-1.6.0/envs/unified-env-rocky8/install/intel/2021.5.0/python-3.10.13-2p2rady/lib/python3.10/multiprocessing/pool.py", line 51, in starmapstar
    return list(itertools.starmap(args[0], args[1]))
  File "/scratch1/NCEPDEV/global/CI/2978/gfs/ush/run_bufr2ioda.py", line 28, in mp_bufr_converter
    cmd()
  File "/scratch1/NCEPDEV/global/CI/2978/gfs/ush/python/wxflow/executable.py", line 235, in __call__
    raise ProcessError(f"{self.exe[0]}: {e.strerror}", f"Command: {cmd_line_string}")
wxflow.executable.ProcessError: /scratch1/NCEPDEV/global/CI/2978/gfs/sorc/gdas.cd/build/bin/bufr2ioda.x: No such file or directory
Command: '/scratch1/NCEPDEV/global/CI/2978/gfs/sorc/gdas.cd/build/bin/bufr2ioda.x' '/scratch1/NCEPDEV/stmp2/Terry.McGuinness/RUNDIRS/C96C48_ufs_hybatmDA_9536c8b4/gfs.2024022400/prepatmobs.1272281/mtiasi_2024022400.yaml'
"""

The above exception was the direct cause of the following exception:

Traceback (most recent call last):
  File "/scratch1/NCEPDEV/global/CI/2978/gfs/ush/run_bufr2ioda.py", line 119, in <module>
    bufr2ioda(args.current_cycle, args.RUN, args.DMPDIR, args.config_template_dir, args.COM_OBS)
  File "/scratch1/NCEPDEV/global/CI/2978/gfs/ush/python/wxflow/logger.py", line 266, in wrapper
    retval = func(*args, **kwargs)
  File "/scratch1/NCEPDEV/global/CI/2978/gfs/ush/run_bufr2ioda.py", line 108, in bufr2ioda
    pool.starmap(mp_bufr_converter, zip(exename, config_files))
  File "/scratch1/NCEPDEV/nems/role.epic/spack-stack/spack-stack-1.6.0/envs/unified-env-rocky8/install/intel/2021.5.0/python-3.10.13-2p2rady/lib/python3.10/multiprocessing/pool.py", line 375, in starmap
    return self._map_async(func, iterable, starmapstar, chunksize).get()
  File "/scratch1/NCEPDEV/nems/role.epic/spack-stack/spack-stack-1.6.0/envs/unified-env-rocky8/install/intel/2021.5.0/python-3.10.13-2p2rady/lib/python3.10/multiprocessing/pool.py", line 774, in get
    raise self._value
wxflow.executable.ProcessError: /scratch1/NCEPDEV/global/CI/2978/gfs/sorc/gdas.cd/build/bin/bufr2ioda.x: No such file or directory
Command: '/scratch1/NCEPDEV/global/CI/2978/gfs/sorc/gdas.cd/build/bin/bufr2ioda.x' '/scratch1/NCEPDEV/stmp2/Terry.McGuinness/RUNDIRS/C96C48_ufs_hybatmDA_9536c8b4/gfs.2024022400/prepatmobs.1272281/mtiasi_2024022400.yaml'
+ JGLOBAL_ATM_PREP_IODA_OBS[1]: postamble JGLOBAL_ATM_PREP_IODA_OBS 1728685231 1
+ preamble.sh[70]: set +x
End JGLOBAL_ATM_PREP_IODA_OBS at 22:20:51 with error code 1 (time elapsed: 00:00:20)
+ prepatmiodaobs.sh[1]: postamble prepatmiodaobs.sh 1728685205 1
+ preamble.sh[70]: set +x
End prepatmiodaobs.sh at 22:20:51 with error code 1 (time elapsed: 00:00:46)
_______________________________________________________________
Start Epilog on node h11c34 for job 862550 :: Fri Oct 11 22:20:51 UTC 2024
Job 862550 finished for user Terry.McGuinness in partition hera with exit code 1:0
_______________________________________________________________
End Epilogue Fri Oct 11 22:20:51 UTC 2024
