Begin ocnanalbmat.sh at Tue Jun 11 20:31:40 UTC 2024
+ ocnanalbmat.sh[7]: . /scratch1/NCEPDEV/global/CI/2663/gfs/ush/load_ufsda_modules.sh
++ load_ufsda_modules.sh[4]: [[ NO == \N\O ]]
++ load_ufsda_modules.sh[5]: echo 'Loading modules quietly...'
Loading modules quietly...
++ load_ufsda_modules.sh[6]: set +x
Running "module reset". Resetting modules to system default. The following $MODULEPATH directories have been removed: None

Currently Loaded Modules:
  1) contrib                          48) sp/2.5.0
  2) intel/2022.1.2                   49) gsl-lite/0.37.0
  3) stack-intel/2021.5.0             50) libjpeg/2.1.0
  4) impi/2022.1.2                    51) krb5/1.20.1
  5) stack-intel-oneapi-mpi/2021.5.1  52) libtirpc/1.3.3
  6) cmake/3.23.1                     53) hdf/4.2.15
  7) gettext/0.19.8.1                 54) jedi-cmake/1.4.0
  8) pcre2/10.42                      55) libpng/1.6.37
  9) nghttp2/1.57.0                   56) libxt/1.1.5
 10) curl/8.4.0                       57) libxmu/1.1.4
 11) zlib/1.2.13                      58) libxpm/4.11.0
 12) git/2.18.0                       59) libxaw/1.0.13
 13) pkg-config/0.27.1                60) udunits/2.2.28
 14) hdf5/1.14.0                      61) ncview/2.1.9
 15) parallel-netcdf/1.12.2           62) netcdf-cxx4/4.3.1
 16) snappy/1.1.10                    63) json/3.10.5
 17) zstd/1.5.2                       64) rocoto/1.3.6
 18) c-blosc/1.21.5                   65) bacio/2.4.1
 19) netcdf-c/4.9.2                   66) w3emc/2.10.0
 20) nccmp/1.9.0.1                    67) prod_util/2.1.1
 21) netcdf-fortran/4.6.1             68) py-markupsafe/2.1.3
 22) antlr/2.7.7                      69) py-jinja2/3.0.3
 23) gsl/2.7.1                        70) py-cftime/1.0.3.4
 24) nco/5.0.6                        71) py-netcdf4/1.5.8
 25) parallelio/2.5.10                72) py-pybind11/2.11.0
 26) wget/1.14                        73) py-pycodestyle/2.11.0
 27) libxcrypt/4.4.35                 74) libyaml/0.2.5
 28) sqlite/3.43.2                    75) py-pyyaml/6.0
 29) util-linux-uuid/2.38.1           76) py-scipy/1.11.3
 30) python/3.10.13                   77) py-packaging/23.1
 31) boost/1.83.0                     78) py-bottleneck/1.3.7
 32) py-setuptools/63.4.3             79) py-numexpr/2.8.4
 33) py-numpy/1.22.3                  80) py-et-xmlfile/1.0.1
 34) bufr/12.0.1                      81) py-openpyxl/3.1.2
 35) git-lfs/2.10.0                   82) py-six/1.16.0
 36) ecbuild/3.7.2                    83) py-python-dateutil/2.8.2
 37) openjpeg/2.3.1                   84) py-pytz/2023.3
 38) eccodes/2.32.0                   85) py-pyxlsb/1.0.10
 39) eigen/3.4.0                      86) py-xlrd/2.0.1
 40) openblas/0.3.24                  87) py-xlsxwriter/3.1.7
 41) eckit/1.24.5                     88) py-xlwt/1.3.0
 42) fftw/3.3.10                      89) py-pandas/1.5.3
 43) fckit/0.11.0                     90) py-xarray/2023.7.0
 44) fiat/1.2.0                       91) py-f90nml/1.4.3
 45) ectrans/1.2.0                    92) py-pip/23.1.2
 46) qhull/2020.2                     93) GDAS/hera.intel
 47) atlas/0.35.1

 

Package         Version
--------------- --------
Bottleneck      1.3.7
cftime          1.0.3.4
et-xmlfile      1.0.1
f90nml          1.4.3
Jinja2          3.0.3
MarkupSafe      2.1.3
netCDF4         1.5.8
numexpr         2.8.4
numpy           1.22.3
openpyxl        3.1.2
packaging       23.1
pandas          1.5.3
pip             23.1.2
pybind11        2.11.0
pycodestyle     2.11.0
python-dateutil 2.8.2
pytz            2023.3
pyxlsb          1.0.10
PyYAML          6.0
scipy           1.11.3
setuptools      63.4.3
six             1.16.0
xarray          2023.7.0
xlrd            2.0.1
XlsxWriter      3.1.7
xlwt            1.3.0
+ ocnanalbmat.sh[8]: status=0
+ ocnanalbmat.sh[9]: [[ 0 -ne 0 ]]
+ ocnanalbmat.sh[11]: export job=ocnanalbmat
+ ocnanalbmat.sh[11]: job=ocnanalbmat
+ ocnanalbmat.sh[12]: export jobid=ocnanalbmat.962137
+ ocnanalbmat.sh[12]: jobid=ocnanalbmat.962137
+ ocnanalbmat.sh[16]: /scratch1/NCEPDEV/global/CI/2663/gfs/jobs/JGDAS_GLOBAL_OCEAN_ANALYSIS_BMAT
Begin JGDAS_GLOBAL_OCEAN_ANALYSIS_BMAT at Tue Jun 11 20:32:06 UTC 2024
+ JGDAS_GLOBAL_OCEAN_ANALYSIS_BMAT[3]: export WIPE_DATA=NO
+ JGDAS_GLOBAL_OCEAN_ANALYSIS_BMAT[3]: WIPE_DATA=NO
+ JGDAS_GLOBAL_OCEAN_ANALYSIS_BMAT[5]: export DATA=/scratch1/NCEPDEV/stmp2/Terry.McGuinness/RUNDIRS/C48mx500_3DVarAOWCDA_8e3156c4/gdasocnanal_18
+ JGDAS_GLOBAL_OCEAN_ANALYSIS_BMAT[5]: DATA=/scratch1/NCEPDEV/stmp2/Terry.McGuinness/RUNDIRS/C48mx500_3DVarAOWCDA_8e3156c4/gdasocnanal_18
+ JGDAS_GLOBAL_OCEAN_ANALYSIS_BMAT[6]: source /scratch1/NCEPDEV/global/CI/2663/gfs/ush/jjob_header.sh -e ocnanalbmat -c 'base ocnanal ocnanalbmat'
++ jjob_header.sh[44]: OPTIND=1
++ jjob_header.sh[45]: getopts c:e: option
++ jjob_header.sh[46]: case "${option}" in
++ jjob_header.sh[48]: env_job=ocnanalbmat
++ jjob_header.sh[45]: getopts c:e: option
++ jjob_header.sh[46]: case "${option}" in
++ jjob_header.sh[47]: read -ra configs
++ jjob_header.sh[45]: getopts c:e: option
++ jjob_header.sh[59]: shift 4
++ jjob_header.sh[61]: [[ -z ocnanalbmat ]]
++ jjob_header.sh[69]: export DATA=/scratch1/NCEPDEV/stmp2/Terry.McGuinness/RUNDIRS/C48mx500_3DVarAOWCDA_8e3156c4/gdasocnanal_18
++ jjob_header.sh[69]: DATA=/scratch1/NCEPDEV/stmp2/Terry.McGuinness/RUNDIRS/C48mx500_3DVarAOWCDA_8e3156c4/gdasocnanal_18
++ jjob_header.sh[70]: [[ NO == \Y\E\S ]]
++ jjob_header.sh[73]: mkdir -p /scratch1/NCEPDEV/stmp2/Terry.McGuinness/RUNDIRS/C48mx500_3DVarAOWCDA_8e3156c4/gdasocnanal_18
++ jjob_header.sh[74]: cd /scratch1/NCEPDEV/stmp2/Terry.McGuinness/RUNDIRS/C48mx500_3DVarAOWCDA_8e3156c4/gdasocnanal_18
++ jjob_header.sh[80]: export cycle=t18z
++ jjob_header.sh[80]: cycle=t18z
++ jjob_header.sh[81]: setpdy.sh
sed: can't read /scratch1/NCEPDEV/global/CI/2663/RUNTESTS/COMROOT/date/t18z: No such file or directory
 completed cleanly
 completed cleanly
Source PDY script to export PDYm7, ..., PDY, ..., PDYp7 variables.
++ jjob_header.sh[82]: source ./PDY
+++ PDY[1]: export PDYm7=20210317
+++ PDY[1]: PDYm7=20210317
+++ PDY[2]: export PDYm6=20210318
+++ PDY[2]: PDYm6=20210318
+++ PDY[3]: export PDYm5=20210319
+++ PDY[3]: PDYm5=20210319
+++ PDY[4]: export PDYm4=20210320
+++ PDY[4]: PDYm4=20210320
+++ PDY[5]: export PDYm3=20210321
+++ PDY[5]: PDYm3=20210321
+++ PDY[6]: export PDYm2=20210322
+++ PDY[6]: PDYm2=20210322
+++ PDY[7]: export PDYm1=20210323
+++ PDY[7]: PDYm1=20210323
+++ PDY[8]: export PDY=20210324
+++ PDY[8]: PDY=20210324
+++ PDY[9]: export PDYp1=20210325
+++ PDY[9]: PDYp1=20210325
+++ PDY[10]: export PDYp2=20210326
+++ PDY[10]: PDYp2=20210326
+++ PDY[11]: export PDYp3=20210327
+++ PDY[11]: PDYp3=20210327
+++ PDY[12]: export PDYp4=20210328
+++ PDY[12]: PDYp4=20210328
+++ PDY[13]: export PDYp5=20210329
+++ PDY[13]: PDYp5=20210329
+++ PDY[14]: export PDYp6=20210330
+++ PDY[14]: PDYp6=20210330
+++ PDY[15]: export PDYp7=20210331
+++ PDY[15]: PDYp7=20210331
++ jjob_header.sh[88]: export pid=962840
++ jjob_header.sh[88]: pid=962840
++ jjob_header.sh[89]: export pgmout=OUTPUT.962840
++ jjob_header.sh[89]: pgmout=OUTPUT.962840
++ jjob_header.sh[90]: export pgmerr=errfile
++ jjob_header.sh[90]: pgmerr=errfile
++ jjob_header.sh[96]: export EXPDIR=/scratch1/NCEPDEV/global/CI/2663/RUNTESTS/EXPDIR/C48mx500_3DVarAOWCDA_8e3156c4
++ jjob_header.sh[96]: EXPDIR=/scratch1/NCEPDEV/global/CI/2663/RUNTESTS/EXPDIR/C48mx500_3DVarAOWCDA_8e3156c4
++ jjob_header.sh[97]: for config in "${configs[@]:-''}"
++ jjob_header.sh[98]: source /scratch1/NCEPDEV/global/CI/2663/RUNTESTS/EXPDIR/C48mx500_3DVarAOWCDA_8e3156c4/config.base
+++ config.base[6]: echo 'BEGIN: config.base'
BEGIN: config.base
+++ config.base[9]: export machine=HERA
+++ config.base[9]: machine=HERA
+++ config.base[12]: export RUN_ENVIR=emc
+++ config.base[12]: RUN_ENVIR=emc
+++ config.base[15]: export ACCOUNT=nems
+++ config.base[15]: ACCOUNT=nems
+++ config.base[16]: export ACCOUNT_SERVICE=fv3-cpu
+++ config.base[16]: ACCOUNT_SERVICE=fv3-cpu
+++ config.base[17]: export QUEUE=batch
+++ config.base[17]: QUEUE=batch
+++ config.base[18]: export QUEUE_SERVICE=batch
+++ config.base[18]: QUEUE_SERVICE=batch
+++ config.base[19]: export PARTITION_BATCH=hera
+++ config.base[19]: PARTITION_BATCH=hera
+++ config.base[20]: export PARTITION_SERVICE=service
+++ config.base[20]: PARTITION_SERVICE=service
+++ config.base[21]: export RESERVATION=
+++ config.base[21]: RESERVATION=
+++ config.base[24]: export HPSS_PROJECT=emc-global
+++ config.base[24]: HPSS_PROJECT=emc-global
+++ config.base[27]: export HOMEgfs=/scratch1/NCEPDEV/global/CI/2663/gfs
+++ config.base[27]: HOMEgfs=/scratch1/NCEPDEV/global/CI/2663/gfs
+++ config.base[28]: export EXECgfs=/scratch1/NCEPDEV/global/CI/2663/gfs/exec
+++ config.base[28]: EXECgfs=/scratch1/NCEPDEV/global/CI/2663/gfs/exec
+++ config.base[29]: export FIXgfs=/scratch1/NCEPDEV/global/CI/2663/gfs/fix
+++ config.base[29]: FIXgfs=/scratch1/NCEPDEV/global/CI/2663/gfs/fix
+++ config.base[30]: export PARMgfs=/scratch1/NCEPDEV/global/CI/2663/gfs/parm
+++ config.base[30]: PARMgfs=/scratch1/NCEPDEV/global/CI/2663/gfs/parm
+++ config.base[31]: export SCRgfs=/scratch1/NCEPDEV/global/CI/2663/gfs/scripts
+++ config.base[31]: SCRgfs=/scratch1/NCEPDEV/global/CI/2663/gfs/scripts
+++ config.base[32]: export USHgfs=/scratch1/NCEPDEV/global/CI/2663/gfs/ush
+++ config.base[32]: USHgfs=/scratch1/NCEPDEV/global/CI/2663/gfs/ush
+++ config.base[34]: export FIXam=/scratch1/NCEPDEV/global/CI/2663/gfs/fix/am
+++ config.base[34]: FIXam=/scratch1/NCEPDEV/global/CI/2663/gfs/fix/am
+++ config.base[35]: export FIXaer=/scratch1/NCEPDEV/global/CI/2663/gfs/fix/aer
+++ config.base[35]: FIXaer=/scratch1/NCEPDEV/global/CI/2663/gfs/fix/aer
+++ config.base[36]: export FIXcpl=/scratch1/NCEPDEV/global/CI/2663/gfs/fix/cpl
+++ config.base[36]: FIXcpl=/scratch1/NCEPDEV/global/CI/2663/gfs/fix/cpl
+++ config.base[37]: export FIXlut=/scratch1/NCEPDEV/global/CI/2663/gfs/fix/lut
+++ config.base[37]: FIXlut=/scratch1/NCEPDEV/global/CI/2663/gfs/fix/lut
+++ config.base[38]: export FIXorog=/scratch1/NCEPDEV/global/CI/2663/gfs/fix/orog
+++ config.base[38]: FIXorog=/scratch1/NCEPDEV/global/CI/2663/gfs/fix/orog
+++ config.base[39]: export FIXcice=/scratch1/NCEPDEV/global/CI/2663/gfs/fix/cice
+++ config.base[39]: FIXcice=/scratch1/NCEPDEV/global/CI/2663/gfs/fix/cice
+++ config.base[40]: export FIXmom=/scratch1/NCEPDEV/global/CI/2663/gfs/fix/mom6
+++ config.base[40]: FIXmom=/scratch1/NCEPDEV/global/CI/2663/gfs/fix/mom6
+++ config.base[41]: export FIXreg2grb2=/scratch1/NCEPDEV/global/CI/2663/gfs/fix/reg2grb2
+++ config.base[41]: FIXreg2grb2=/scratch1/NCEPDEV/global/CI/2663/gfs/fix/reg2grb2
+++ config.base[42]: export FIXugwd=/scratch1/NCEPDEV/global/CI/2663/gfs/fix/ugwd
+++ config.base[42]: FIXugwd=/scratch1/NCEPDEV/global/CI/2663/gfs/fix/ugwd
+++ config.base[43]: export FIXgdas=/scratch1/NCEPDEV/global/CI/2663/gfs/fix/gdas
+++ config.base[43]: FIXgdas=/scratch1/NCEPDEV/global/CI/2663/gfs/fix/gdas
+++ config.base[48]: export PACKAGEROOT=/scratch1/NCEPDEV/global/glopara/nwpara
+++ config.base[48]: PACKAGEROOT=/scratch1/NCEPDEV/global/glopara/nwpara
+++ config.base[49]: export COMROOT=/scratch1/NCEPDEV/global/CI/2663/RUNTESTS/COMROOT
+++ config.base[49]: COMROOT=/scratch1/NCEPDEV/global/CI/2663/RUNTESTS/COMROOT
+++ config.base[50]: export COMINsyn=/scratch1/NCEPDEV/global/glopara/com/gfs/prod/syndat
+++ config.base[50]: COMINsyn=/scratch1/NCEPDEV/global/glopara/com/gfs/prod/syndat
+++ config.base[51]: export DMPDIR=/scratch1/NCEPDEV/global/glopara/dump
+++ config.base[51]: DMPDIR=/scratch1/NCEPDEV/global/glopara/dump
+++ config.base[52]: export BASE_CPLIC=/scratch1/NCEPDEV/global/glopara/data/ICSDIR/prototype_ICs
+++ config.base[52]: BASE_CPLIC=/scratch1/NCEPDEV/global/glopara/data/ICSDIR/prototype_ICs
+++ config.base[56]: export COMINecmwf=/scratch1/NCEPDEV/global/glopara/data/external_gempak/ecmwf
+++ config.base[56]: COMINecmwf=/scratch1/NCEPDEV/global/glopara/data/external_gempak/ecmwf
+++ config.base[57]: export COMINnam=/scratch1/NCEPDEV/global/glopara/data/external_gempak/nam
+++ config.base[57]: COMINnam=/scratch1/NCEPDEV/global/glopara/data/external_gempak/nam
+++ config.base[58]: export COMINukmet=/scratch1/NCEPDEV/global/glopara/data/external_gempak/ukmet
+++ config.base[58]: COMINukmet=/scratch1/NCEPDEV/global/glopara/data/external_gempak/ukmet
+++ config.base[61]: export HOMEDIR=/scratch1/NCEPDEV/global/Terry.McGuinness
+++ config.base[61]: HOMEDIR=/scratch1/NCEPDEV/global/Terry.McGuinness
+++ config.base[62]: export STMP=/scratch1/NCEPDEV/stmp2/Terry.McGuinness
+++ config.base[62]: STMP=/scratch1/NCEPDEV/stmp2/Terry.McGuinness
+++ config.base[63]: export PTMP=/scratch1/NCEPDEV/stmp4/Terry.McGuinness
+++ config.base[63]: PTMP=/scratch1/NCEPDEV/stmp4/Terry.McGuinness
+++ config.base[64]: export NOSCRUB=/scratch1/NCEPDEV/global/Terry.McGuinness
+++ config.base[64]: NOSCRUB=/scratch1/NCEPDEV/global/Terry.McGuinness
+++ config.base[67]: export BASE_GIT=/scratch1/NCEPDEV/global/glopara/git
+++ config.base[67]: BASE_GIT=/scratch1/NCEPDEV/global/glopara/git
+++ config.base[70]: export DO_GOES=NO
+++ config.base[70]: DO_GOES=NO
+++ config.base[71]: export DO_BUFRSND=NO
+++ config.base[71]: DO_BUFRSND=NO
+++ config.base[72]: export DO_GEMPAK=NO
+++ config.base[72]: DO_GEMPAK=NO
+++ config.base[73]: export DO_AWIPS=NO
+++ config.base[73]: DO_AWIPS=NO
+++ config.base[74]: export DO_NPOESS=NO
+++ config.base[74]: DO_NPOESS=NO
+++ config.base[75]: export DO_TRACKER=YES
+++ config.base[75]: DO_TRACKER=YES
+++ config.base[76]: export DO_GENESIS=YES
+++ config.base[76]: DO_GENESIS=YES
+++ config.base[77]: export DO_GENESIS_FSU=NO
+++ config.base[77]: DO_GENESIS_FSU=NO
+++ config.base[78]: export DO_VERFOZN=YES
+++ config.base[78]: DO_VERFOZN=YES
+++ config.base[79]: export DO_VERFRAD=YES
+++ config.base[79]: DO_VERFRAD=YES
+++ config.base[80]: export DO_VMINMON=YES
+++ config.base[80]: DO_VMINMON=YES
+++ config.base[81]: export DO_MOS=NO
+++ config.base[81]: DO_MOS=NO
+++ config.base[87]: export REALTIME=YES
+++ config.base[87]: REALTIME=YES
+++ config.base[90]: export MODE=cycled
+++ config.base[90]: MODE=cycled
+++ config.base[99]: export FIXgsi=/scratch1/NCEPDEV/global/CI/2663/gfs/fix/gsi
+++ config.base[99]: FIXgsi=/scratch1/NCEPDEV/global/CI/2663/gfs/fix/gsi
+++ config.base[100]: export HOMEpost=/scratch1/NCEPDEV/global/CI/2663/gfs
+++ config.base[100]: HOMEpost=/scratch1/NCEPDEV/global/CI/2663/gfs
+++ config.base[101]: export HOMEobsproc=/scratch1/NCEPDEV/global/glopara/git/obsproc/v1.1.2
+++ config.base[101]: HOMEobsproc=/scratch1/NCEPDEV/global/glopara/git/obsproc/v1.1.2
+++ config.base[104]: export 'NCP=/bin/cp -p'
+++ config.base[104]: NCP='/bin/cp -p'
+++ config.base[105]: export NMV=/bin/mv
+++ config.base[105]: NMV=/bin/mv
+++ config.base[106]: export 'NLN=/bin/ln -sf'
+++ config.base[106]: NLN='/bin/ln -sf'
+++ config.base[107]: export VERBOSE=YES
+++ config.base[107]: VERBOSE=YES
+++ config.base[108]: export KEEPDATA=NO
+++ config.base[108]: KEEPDATA=NO
+++ config.base[109]: export DEBUG_POSTSCRIPT=NO
+++ config.base[109]: DEBUG_POSTSCRIPT=NO
+++ config.base[110]: export CHGRP_RSTPROD=YES
+++ config.base[110]: CHGRP_RSTPROD=YES
+++ config.base[111]: export 'CHGRP_CMD=chgrp rstprod'
+++ config.base[111]: CHGRP_CMD='chgrp rstprod'
+++ config.base[112]: export NCDUMP=/scratch1/NCEPDEV/nems/role.epic/spack-stack/spack-stack-1.6.0/envs/unified-env-rocky8/install/intel/2021.5.0/netcdf-c-4.9.2-ejp7j3k/bin/ncdump/bin/ncdump
+++ config.base[112]: NCDUMP=/scratch1/NCEPDEV/nems/role.epic/spack-stack/spack-stack-1.6.0/envs/unified-env-rocky8/install/intel/2021.5.0/netcdf-c-4.9.2-ejp7j3k/bin/ncdump/bin/ncdump
+++ config.base[113]: export NCLEN=/scratch1/NCEPDEV/global/CI/2663/gfs/ush/getncdimlen
+++ config.base[113]: NCLEN=/scratch1/NCEPDEV/global/CI/2663/gfs/ush/getncdimlen
+++ config.base[116]: export BASE_ENV=/scratch1/NCEPDEV/global/CI/2663/gfs/env
+++ config.base[116]: BASE_ENV=/scratch1/NCEPDEV/global/CI/2663/gfs/env
+++ config.base[117]: export BASE_JOB=/scratch1/NCEPDEV/global/CI/2663/gfs/jobs/rocoto
+++ config.base[117]: BASE_JOB=/scratch1/NCEPDEV/global/CI/2663/gfs/jobs/rocoto
+++ config.base[120]: export SDATE=2021032412
+++ config.base[120]: SDATE=2021032412
+++ config.base[121]: export EDATE=2021032418
+++ config.base[121]: EDATE=2021032418
+++ config.base[122]: export EXP_WARM_START=.true.
+++ config.base[122]: EXP_WARM_START=.true.
+++ config.base[123]: export assim_freq=6
+++ config.base[123]: assim_freq=6
+++ config.base[124]: export PSLOT=C48mx500_3DVarAOWCDA_8e3156c4
+++ config.base[124]: PSLOT=C48mx500_3DVarAOWCDA_8e3156c4
+++ config.base[125]: export EXPDIR=/scratch1/NCEPDEV/global/CI/2663/RUNTESTS/EXPDIR/C48mx500_3DVarAOWCDA_8e3156c4
+++ config.base[125]: EXPDIR=/scratch1/NCEPDEV/global/CI/2663/RUNTESTS/EXPDIR/C48mx500_3DVarAOWCDA_8e3156c4
+++ config.base[126]: export ROTDIR=/scratch1/NCEPDEV/global/CI/2663/RUNTESTS/COMROOT/C48mx500_3DVarAOWCDA_8e3156c4
+++ config.base[126]: ROTDIR=/scratch1/NCEPDEV/global/CI/2663/RUNTESTS/COMROOT/C48mx500_3DVarAOWCDA_8e3156c4
+++ config.base[127]: export ROTDIR_DUMP=YES
+++ config.base[127]: ROTDIR_DUMP=YES
+++ config.base[128]: export DUMP_SUFFIX=
+++ config.base[128]: DUMP_SUFFIX=
+++ config.base[129]: [[ 2021032418 -ge 2019092100 ]]
+++ config.base[129]: [[ 2021032418 -le 2019110700 ]]
+++ config.base[132]: export DATAROOT=/scratch1/NCEPDEV/stmp2/Terry.McGuinness/RUNDIRS/C48mx500_3DVarAOWCDA_8e3156c4
+++ config.base[132]: DATAROOT=/scratch1/NCEPDEV/stmp2/Terry.McGuinness/RUNDIRS/C48mx500_3DVarAOWCDA_8e3156c4
+++ config.base[133]: export RUNDIR=/scratch1/NCEPDEV/stmp2/Terry.McGuinness/RUNDIRS/C48mx500_3DVarAOWCDA_8e3156c4
+++ config.base[133]: RUNDIR=/scratch1/NCEPDEV/stmp2/Terry.McGuinness/RUNDIRS/C48mx500_3DVarAOWCDA_8e3156c4
+++ config.base[134]: export ARCDIR=/scratch1/NCEPDEV/global/Terry.McGuinness/archive/C48mx500_3DVarAOWCDA_8e3156c4
+++ config.base[134]: ARCDIR=/scratch1/NCEPDEV/global/Terry.McGuinness/archive/C48mx500_3DVarAOWCDA_8e3156c4
+++ config.base[135]: export ATARDIR=/NCEPDEV/emc-global/1year/Terry.McGuinness/HERA/scratch/C48mx500_3DVarAOWCDA_8e3156c4
+++ config.base[135]: ATARDIR=/NCEPDEV/emc-global/1year/Terry.McGuinness/HERA/scratch/C48mx500_3DVarAOWCDA_8e3156c4
+++ config.base[138]: export envir=prod
+++ config.base[138]: envir=prod
+++ config.base[139]: export NET=gfs
+++ config.base[139]: NET=gfs
+++ config.base[140]: export RUN=gdas
+++ config.base[140]: RUN=gdas
+++ config.base[146]: source /scratch1/NCEPDEV/global/CI/2663/RUNTESTS/EXPDIR/C48mx500_3DVarAOWCDA_8e3156c4/config.com
++++ config.com[4]: echo 'BEGIN: config.com'
BEGIN: config.com
++++ config.com[37]: [[ emc == \n\c\o ]]
++++ config.com[41]: COM_OBS_TMPL='${ROTDIR}/${RUN}.${YMD}/${HH}/obs'
++++ config.com[42]: COM_RTOFS_TMPL='${DMPDIR}'
++++ config.com[44]: declare -rx COM_OBS_TMPL COM_RTOFS_TMPL
++++ config.com[45]: declare -rx 'COM_OBSDMP_TMPL=${DMPDIR}/${DUMP}${DUMP_SUFFIX}.${YMD}/${HH}/atmos'
++++ config.com[47]: COM_BASE='${ROTDIR}/${RUN}.${YMD}/${HH}/${MEMDIR}'
++++ config.com[49]: declare -rx 'COM_TOP_TMPL=${ROTDIR}/${RUN}.${YMD}/${HH}'
++++ config.com[51]: declare -rx 'COM_CONF_TMPL=${ROTDIR}/${RUN}.${YMD}/${HH}/${MEMDIR}/conf'
++++ config.com[52]: declare -rx 'COM_ATMOS_INPUT_TMPL=${ROTDIR}/${RUN}.${YMD}/${HH}/${MEMDIR}/model_data/atmos/input'
++++ config.com[53]: declare -rx 'COM_ATMOS_RESTART_TMPL=${ROTDIR}/${RUN}.${YMD}/${HH}/${MEMDIR}/model_data/atmos/restart'
++++ config.com[54]: declare -rx 'COM_ATMOS_ANALYSIS_TMPL=${ROTDIR}/${RUN}.${YMD}/${HH}/${MEMDIR}/analysis/atmos'
++++ config.com[55]: declare -rx 'COM_SNOW_ANALYSIS_TMPL=${ROTDIR}/${RUN}.${YMD}/${HH}/${MEMDIR}/analysis/snow'
++++ config.com[56]: declare -rx 'COM_ATMOS_HISTORY_TMPL=${ROTDIR}/${RUN}.${YMD}/${HH}/${MEMDIR}/model_data/atmos/history'
++++ config.com[57]: declare -rx 'COM_ATMOS_MASTER_TMPL=${ROTDIR}/${RUN}.${YMD}/${HH}/${MEMDIR}/model_data/atmos/master'
++++ config.com[58]: declare -rx 'COM_ATMOS_GRIB_TMPL=${ROTDIR}/${RUN}.${YMD}/${HH}/${MEMDIR}/products/atmos/grib2'
++++ config.com[59]: declare -rx 'COM_ATMOS_GRIB_GRID_TMPL=${ROTDIR}/${RUN}.${YMD}/${HH}/${MEMDIR}/products/atmos/grib2/${GRID}'
++++ config.com[60]: declare -rx 'COM_ATMOS_BUFR_TMPL=${ROTDIR}/${RUN}.${YMD}/${HH}/${MEMDIR}/products/atmos/bufr'
++++ config.com[61]: declare -rx 'COM_ATMOS_GEMPAK_TMPL=${ROTDIR}/${RUN}.${YMD}/${HH}/${MEMDIR}/products/atmos/gempak/${GRID}'
++++ config.com[62]: declare -rx 'COM_ATMOS_GENESIS_TMPL=${ROTDIR}/${RUN}.${YMD}/${HH}/${MEMDIR}/products/atmos/cyclone/genesis_vital'
++++ config.com[63]: declare -rx 'COM_ATMOS_TRACK_TMPL=${ROTDIR}/${RUN}.${YMD}/${HH}/${MEMDIR}/products/atmos/cyclone/tracks'
++++ config.com[64]: declare -rx 'COM_ATMOS_GOES_TMPL=${ROTDIR}/${RUN}.${YMD}/${HH}/${MEMDIR}/products/atmos/goes_sim'
++++ config.com[65]: declare -rx 'COM_ATMOS_IMAGERY_TMPL=${ROTDIR}/${RUN}.${YMD}/${HH}/${MEMDIR}/products/atmos/imagery'
++++ config.com[66]: declare -rx 'COM_ATMOS_OZNMON_TMPL=${ROTDIR}/${RUN}.${YMD}/${HH}/${MEMDIR}/products/atmos/oznmon'
++++ config.com[67]: declare -rx 'COM_ATMOS_RADMON_TMPL=${ROTDIR}/${RUN}.${YMD}/${HH}/${MEMDIR}/products/atmos/radmon'
++++ config.com[68]: declare -rx 'COM_ATMOS_MINMON_TMPL=${ROTDIR}/${RUN}.${YMD}/${HH}/${MEMDIR}/products/atmos/minmon'
++++ config.com[69]: declare -rx 'COM_ATMOS_WMO_TMPL=${ROTDIR}/${RUN}.${YMD}/${HH}/${MEMDIR}/products/atmos/wmo'
++++ config.com[71]: declare -rx 'COM_WAVE_RESTART_TMPL=${ROTDIR}/${RUN}.${YMD}/${HH}/${MEMDIR}/model_data/wave/restart'
++++ config.com[72]: declare -rx 'COM_WAVE_PREP_TMPL=${ROTDIR}/${RUN}.${YMD}/${HH}/${MEMDIR}/model_data/wave/prep'
++++ config.com[73]: declare -rx 'COM_WAVE_HISTORY_TMPL=${ROTDIR}/${RUN}.${YMD}/${HH}/${MEMDIR}/model_data/wave/history'
++++ config.com[74]: declare -rx 'COM_WAVE_GRID_TMPL=${ROTDIR}/${RUN}.${YMD}/${HH}/${MEMDIR}/products/wave/gridded'
++++ config.com[75]: declare -rx 'COM_WAVE_STATION_TMPL=${ROTDIR}/${RUN}.${YMD}/${HH}/${MEMDIR}/products/wave/station'
++++ config.com[76]: declare -rx 'COM_WAVE_GEMPAK_TMPL=${ROTDIR}/${RUN}.${YMD}/${HH}/${MEMDIR}/products/wave/gempak'
++++ config.com[77]: declare -rx 'COM_WAVE_WMO_TMPL=${ROTDIR}/${RUN}.${YMD}/${HH}/${MEMDIR}/products/wave/wmo'
++++ config.com[79]: declare -rx 'COM_OCEAN_HISTORY_TMPL=${ROTDIR}/${RUN}.${YMD}/${HH}/${MEMDIR}/model_data/ocean/history'
++++ config.com[80]: declare -rx 'COM_OCEAN_RESTART_TMPL=${ROTDIR}/${RUN}.${YMD}/${HH}/${MEMDIR}/model_data/ocean/restart'
++++ config.com[81]: declare -rx 'COM_OCEAN_INPUT_TMPL=${ROTDIR}/${RUN}.${YMD}/${HH}/${MEMDIR}/model_data/ocean/input'
++++ config.com[82]: declare -rx 'COM_OCEAN_ANALYSIS_TMPL=${ROTDIR}/${RUN}.${YMD}/${HH}/${MEMDIR}/analysis/ocean'
++++ config.com[83]: declare -rx 'COM_OCEAN_NETCDF_TMPL=${ROTDIR}/${RUN}.${YMD}/${HH}/${MEMDIR}/products/ocean/netcdf'
++++ config.com[84]: declare -rx 'COM_OCEAN_GRIB_TMPL=${ROTDIR}/${RUN}.${YMD}/${HH}/${MEMDIR}/products/ocean/grib2'
++++ config.com[85]: declare -rx 'COM_OCEAN_GRIB_GRID_TMPL=${ROTDIR}/${RUN}.${YMD}/${HH}/${MEMDIR}/products/ocean/grib2/${GRID}'
++++ config.com[87]: declare -rx 'COM_ICE_ANALYSIS_TMPL=${ROTDIR}/${RUN}.${YMD}/${HH}/${MEMDIR}/analysis/ice'
++++ config.com[88]: declare -rx 'COM_ICE_INPUT_TMPL=${ROTDIR}/${RUN}.${YMD}/${HH}/${MEMDIR}/model_data/ice/input'
++++ config.com[89]: declare -rx 'COM_ICE_HISTORY_TMPL=${ROTDIR}/${RUN}.${YMD}/${HH}/${MEMDIR}/model_data/ice/history'
++++ config.com[90]: declare -rx 'COM_ICE_RESTART_TMPL=${ROTDIR}/${RUN}.${YMD}/${HH}/${MEMDIR}/model_data/ice/restart'
++++ config.com[91]: declare -rx 'COM_ICE_NETCDF_TMPL=${ROTDIR}/${RUN}.${YMD}/${HH}/${MEMDIR}/products/ice/netcdf'
++++ config.com[92]: declare -rx 'COM_ICE_GRIB_TMPL=${ROTDIR}/${RUN}.${YMD}/${HH}/${MEMDIR}/products/ice/grib2'
++++ config.com[93]: declare -rx 'COM_ICE_GRIB_GRID_TMPL=${ROTDIR}/${RUN}.${YMD}/${HH}/${MEMDIR}/products/ice/grib2/${GRID}'
++++ config.com[95]: declare -rx 'COM_CHEM_HISTORY_TMPL=${ROTDIR}/${RUN}.${YMD}/${HH}/${MEMDIR}/model_data/chem/history'
++++ config.com[96]: declare -rx 'COM_CHEM_ANALYSIS_TMPL=${ROTDIR}/${RUN}.${YMD}/${HH}/${MEMDIR}/analysis/chem'
++++ config.com[98]: declare -rx 'COM_MED_RESTART_TMPL=${ROTDIR}/${RUN}.${YMD}/${HH}/${MEMDIR}/model_data/med/restart'
+++ config.base[149]: export 'ERRSCRIPT=eval [[ $err = 0 ]]'
+++ config.base[149]: ERRSCRIPT='eval [[ $err = 0 ]]'
+++ config.base[150]: export LOGSCRIPT=
+++ config.base[150]: LOGSCRIPT=
+++ config.base[153]: export 'REDOUT=1>'
+++ config.base[153]: REDOUT='1>'
+++ config.base[154]: export 'REDERR=2>'
+++ config.base[154]: REDERR='2>'
+++ config.base[156]: export SENDECF=NO
+++ config.base[156]: SENDECF=NO
+++ config.base[157]: export SENDSDM=NO
+++ config.base[157]: SENDSDM=NO
+++ config.base[158]: export SENDDBN_NTC=NO
+++ config.base[158]: SENDDBN_NTC=NO
+++ config.base[159]: export SENDDBN=NO
+++ config.base[159]: SENDDBN=NO
+++ config.base[160]: export DBNROOT=/fakedbn
+++ config.base[160]: DBNROOT=/fakedbn
+++ config.base[163]: export APP=S2S
+++ config.base[163]: APP=S2S
+++ config.base[165]: shopt -s extglob
+++ config.base[167]: case "${RUN}" in
+++ config.base[174]: shopt -u extglob
+++ config.base[177]: export DO_ATM=YES
+++ config.base[177]: DO_ATM=YES
+++ config.base[178]: export DO_COUPLED=NO
+++ config.base[178]: DO_COUPLED=NO
+++ config.base[179]: export DO_WAVE=NO
+++ config.base[179]: DO_WAVE=NO
+++ config.base[180]: export DO_OCN=NO
+++ config.base[180]: DO_OCN=NO
+++ config.base[181]: export DO_ICE=NO
+++ config.base[181]: DO_ICE=NO
+++ config.base[182]: export DO_AERO=NO
+++ config.base[182]: DO_AERO=NO
+++ config.base[183]: export AERO_FCST_CDUMP=
+++ config.base[183]: AERO_FCST_CDUMP=
+++ config.base[184]: export AERO_ANL_CDUMP=
+++ config.base[184]: AERO_ANL_CDUMP=
+++ config.base[185]: export WAVE_CDUMP=
+++ config.base[185]: WAVE_CDUMP=
+++ config.base[186]: export DOBNDPNT_WAVE=NO
+++ config.base[186]: DOBNDPNT_WAVE=NO
+++ config.base[187]: export DOIBP_WAV=NO
+++ config.base[187]: DOIBP_WAV=NO
+++ config.base[188]: export FRAC_GRID=.true.
+++ config.base[188]: FRAC_GRID=.true.
+++ config.base[189]: export DO_NEST=NO
+++ config.base[189]: DO_NEST=NO
+++ config.base[190]: [[ NO == \Y\E\S ]]
+++ config.base[194]: export ntiles=6
+++ config.base[194]: ntiles=6
+++ config.base[198]: export OPS_RES=C768
+++ config.base[198]: OPS_RES=C768
+++ config.base[201]: export LEVS=128
+++ config.base[201]: LEVS=128
+++ config.base[202]: export CASE=C48
+++ config.base[202]: CASE=C48
+++ config.base[203]: export CASE_ENS=@CASEENS@
+++ config.base[203]: CASE_ENS=@CASEENS@
+++ config.base[204]: export OCNRES=500
+++ config.base[204]: OCNRES=500
+++ config.base[205]: export ICERES=500
+++ config.base[205]: ICERES=500
+++ config.base[208]: case "${CASE}" in
+++ config.base[210]: export waveGRD=uglo_100km
+++ config.base[210]: waveGRD=uglo_100km
+++ config.base[227]: case "${APP}" in
+++ config.base[246]: export DO_COUPLED=YES
+++ config.base[246]: DO_COUPLED=YES
+++ config.base[247]: export DO_OCN=YES
+++ config.base[247]: DO_OCN=YES
+++ config.base[248]: export DO_ICE=YES
+++ config.base[248]: DO_ICE=YES
+++ config.base[250]: [[ S2S =~ A$ ]]
+++ config.base[256]: [[ S2S =~ ^S2SW ]]
+++ config.base[268]: [[ gdas =~ gdas ]]
+++ config.base[269]: export FHCYC=1
+++ config.base[269]: FHCYC=1
+++ config.base[270]: export FTSFS=10
+++ config.base[270]: FTSFS=10
+++ config.base[276]: export FHMIN=0
+++ config.base[276]: FHMIN=0
+++ config.base[277]: export FHMAX=9
+++ config.base[277]: FHMAX=9
+++ config.base[278]: export FHOUT=3
+++ config.base[278]: FHOUT=3
+++ config.base[279]: export FHOUT_OCNICE=3
+++ config.base[279]: FHOUT_OCNICE=3
+++ config.base[282]: export EUPD_CYC=gdas
+++ config.base[282]: EUPD_CYC=gdas
+++ config.base[285]: export gfs_cyc=0
+++ config.base[285]: gfs_cyc=0
+++ config.base[288]: export FHMIN_GFS=0
+++ config.base[288]: FHMIN_GFS=0
+++ config.base[289]: export FHMAX_GFS=120
+++ config.base[289]: FHMAX_GFS=120
+++ config.base[290]: export FHOUT_GFS=3
+++ config.base[290]: FHOUT_GFS=3
+++ config.base[291]: export FHMAX_HF_GFS=0
+++ config.base[291]: FHMAX_HF_GFS=0
+++ config.base[292]: export FHOUT_HF_GFS=1
+++ config.base[292]: FHOUT_HF_GFS=1
+++ config.base[293]: export FHOUT_OCNICE_GFS=6
+++ config.base[293]: FHOUT_OCNICE_GFS=6
+++ config.base[294]: export FHMIN_WAV=0
+++ config.base[294]: FHMIN_WAV=0
+++ config.base[295]: export FHOUT_WAV=3
+++ config.base[295]: FHOUT_WAV=3
+++ config.base[296]: export FHMAX_HF_WAV=120
+++ config.base[296]: FHMAX_HF_WAV=120
+++ config.base[297]: export FHOUT_HF_WAV=1
+++ config.base[297]: FHOUT_HF_WAV=1
+++ config.base[298]: export FHMAX_WAV=9
+++ config.base[298]: FHMAX_WAV=9
+++ config.base[299]: export FHMAX_WAV_GFS=120
+++ config.base[299]: FHMAX_WAV_GFS=120
+++ config.base[300]: ((  gfs_cyc != 0  ))
+++ config.base[303]: export STEP_GFS=0
+++ config.base[303]: STEP_GFS=0
+++ config.base[306]: export ILPOST=1
+++ config.base[306]: ILPOST=1
+++ config.base[307]: ((  FHMAX_HF_GFS < 120  ))
+++ config.base[308]: export ILPOST=3
+++ config.base[308]: ILPOST=3
+++ config.base[312]: export restart_interval_gfs=12
+++ config.base[312]: restart_interval_gfs=12
+++ config.base[317]: export QUILTING=.true.
+++ config.base[317]: QUILTING=.true.
+++ config.base[318]: export OUTPUT_GRID=gaussian_grid
+++ config.base[318]: OUTPUT_GRID=gaussian_grid
+++ config.base[319]: export WRITE_DOPOST=.true.
+++ config.base[319]: WRITE_DOPOST=.true.
+++ config.base[320]: export WRITE_NSFLIP=.true.
+++ config.base[320]: WRITE_NSFLIP=.true.
+++ config.base[323]: export DOIAU=YES
+++ config.base[323]: DOIAU=YES
+++ config.base[324]: export IAUFHRS=3,6,9
+++ config.base[324]: IAUFHRS=3,6,9
+++ config.base[325]: export IAU_FHROT=3
+++ config.base[325]: IAU_FHROT=3
+++ config.base[326]: export IAU_DELTHRS=6
+++ config.base[326]: IAU_DELTHRS=6
+++ config.base[327]: export IAU_OFFSET=6
+++ config.base[327]: IAU_OFFSET=6
+++ config.base[328]: export DOIAU_ENKF=YES
+++ config.base[328]: DOIAU_ENKF=YES
+++ config.base[329]: export IAUFHRS_ENKF=3,6,9
+++ config.base[329]: IAUFHRS_ENKF=3,6,9
+++ config.base[330]: export IAU_DELTHRS_ENKF=6
+++ config.base[330]: IAU_DELTHRS_ENKF=6
+++ config.base[333]: export lobsdiag_forenkf=.true.
+++ config.base[333]: lobsdiag_forenkf=.true.
+++ config.base[341]: export imp_physics=8
+++ config.base[341]: imp_physics=8
+++ config.base[345]: export DO_JEDIATMVAR=NO
+++ config.base[345]: DO_JEDIATMVAR=NO
+++ config.base[346]: export DO_JEDIATMENS=NO
+++ config.base[346]: DO_JEDIATMENS=NO
+++ config.base[347]: export DO_JEDIOCNVAR=YES
+++ config.base[347]: DO_JEDIOCNVAR=YES
+++ config.base[348]: export DO_JEDISNOWDA=NO
+++ config.base[348]: DO_JEDISNOWDA=NO
+++ config.base[349]: export DO_MERGENSST=NO
+++ config.base[349]: DO_MERGENSST=NO
+++ config.base[352]: export DOHYBVAR=NO
+++ config.base[352]: DOHYBVAR=NO
+++ config.base[353]: export NMEM_ENS=0
+++ config.base[353]: NMEM_ENS=0
+++ config.base[354]: export SMOOTH_ENKF=NO
+++ config.base[354]: SMOOTH_ENKF=NO
+++ config.base[355]: export l4densvar=.true.
+++ config.base[355]: l4densvar=.true.
+++ config.base[356]: export lwrite4danl=.true.
+++ config.base[356]: lwrite4danl=.true.
+++ config.base[357]: export DO_CALC_INCREMENT=NO
+++ config.base[357]: DO_CALC_INCREMENT=NO
+++ config.base[360]: export NMEM_ENS_GFS=30
+++ config.base[360]: NMEM_ENS_GFS=30
+++ config.base[361]: export NMEM_ENS_GFS_OFFSET=20
+++ config.base[361]: NMEM_ENS_GFS_OFFSET=20
+++ config.base[362]: export DO_CALC_INCREMENT_ENKF_GFS=NO
+++ config.base[362]: DO_CALC_INCREMENT_ENKF_GFS=NO
+++ config.base[365]: [[ NO = \Y\E\S ]]
+++ config.base[379]: [[ NO == \N\O ]]
+++ config.base[379]: [[ YES == \Y\E\S ]]
+++ config.base[380]: export IAUFHRS=6
+++ config.base[380]: IAUFHRS=6
+++ config.base[381]: export IAU_FHROT=3
+++ config.base[381]: IAU_FHROT=3
+++ config.base[382]: export IAU_FILTER_INCREMENTS=.true.
+++ config.base[382]: IAU_FILTER_INCREMENTS=.true.
+++ config.base[383]: export IAUFHRS_ENKF=6
+++ config.base[383]: IAUFHRS_ENKF=6
+++ config.base[387]: export ENKF_SPREAD=YES
+++ config.base[387]: ENKF_SPREAD=YES
+++ config.base[390]: [[ cycled = \c\y\c\l\e\d ]]
+++ config.base[390]: [[ 2021032412 = \2\0\2\1\0\3\2\4\1\8 ]]
+++ config.base[390]: [[ YES = \N\O ]]
+++ config.base[390]: [[ cycled = \f\o\r\e\c\a\s\t\-\o\n\l\y ]]
+++ config.base[396]: [[ YES = \N\O ]]
+++ config.base[400]: [[ YES == \Y\E\S ]]
+++ config.base[401]: export restart_interval_enkfgdas=3
+++ config.base[401]: restart_interval_enkfgdas=3
+++ config.base[406]: export restart_interval_enkfgfs=3
+++ config.base[406]: restart_interval_enkfgfs=3
+++ config.base[408]: [[ YES == \Y\E\S ]]
+++ config.base[409]: export restart_interval_gdas=3
+++ config.base[409]: restart_interval_gdas=3
+++ config.base[414]: export GSI_SOILANAL=NO
+++ config.base[414]: GSI_SOILANAL=NO
+++ config.base[417]: export DONST=YES
+++ config.base[417]: DONST=YES
+++ config.base[418]: [[ YES = \Y\E\S ]]
+++ config.base[418]: export 'FNTSFA=        '
+++ config.base[418]: FNTSFA='        '
+++ config.base[421]: export nst_anl=.true.
+++ config.base[421]: nst_anl=.true.
+++ config.base[424]: export MAKE_NSSTBUFR=NO
+++ config.base[424]: MAKE_NSSTBUFR=NO
+++ config.base[427]: export MAKE_ACFTBUFR=NO
+++ config.base[427]: MAKE_ACFTBUFR=NO
+++ config.base[430]: export 'INCREMENTS_TO_ZERO='\''liq_wat_inc'\'','\''icmr_inc'\'','\''rwmr_inc'\'','\''snmr_inc'\'','\''grle_inc'\'''
+++ config.base[430]: INCREMENTS_TO_ZERO=''\''liq_wat_inc'\'','\''icmr_inc'\'','\''rwmr_inc'\'','\''snmr_inc'\'','\''grle_inc'\'''
+++ config.base[433]: export 'INCVARS_ZERO_STRAT='\''sphum_inc'\'','\''liq_wat_inc'\'','\''icmr_inc'\'','\''rwmr_inc'\'','\''snmr_inc'\'','\''grle_inc'\'''
+++ config.base[433]: INCVARS_ZERO_STRAT=''\''sphum_inc'\'','\''liq_wat_inc'\'','\''icmr_inc'\'','\''rwmr_inc'\'','\''snmr_inc'\'','\''grle_inc'\'''
+++ config.base[434]: export INCVARS_EFOLD=5
+++ config.base[434]: INCVARS_EFOLD=5
+++ config.base[439]: export netcdf_diag=.true.
+++ config.base[439]: netcdf_diag=.true.
+++ config.base[440]: export binary_diag=.false.
+++ config.base[440]: binary_diag=.false.
+++ config.base[443]: export DO_METP=NO
+++ config.base[443]: DO_METP=NO
+++ config.base[444]: export DO_FIT2OBS=YES
+++ config.base[444]: DO_FIT2OBS=YES
+++ config.base[445]: export DO_VRFY_OCEANDA=NO
+++ config.base[445]: DO_VRFY_OCEANDA=NO
+++ config.base[448]: export FHMAX_FITS=132
+++ config.base[448]: FHMAX_FITS=132
+++ config.base[449]: [[ 132 -gt 120 ]]
+++ config.base[449]: export FHMAX_FITS=120
+++ config.base[449]: FHMAX_FITS=120
+++ config.base[452]: export HPSSARCH=YES
+++ config.base[452]: HPSSARCH=YES
+++ config.base[453]: export LOCALARCH=NO
+++ config.base[453]: LOCALARCH=NO
+++ config.base[454]: [[ YES = \Y\E\S ]]
+++ config.base[454]: [[ NO = \Y\E\S ]]
+++ config.base[458]: export ARCH_CYC=00
+++ config.base[458]: ARCH_CYC=00
+++ config.base[459]: export ARCH_WARMICFREQ=4
+++ config.base[459]: ARCH_WARMICFREQ=4
+++ config.base[460]: export ARCH_FCSTICFREQ=1
+++ config.base[460]: ARCH_FCSTICFREQ=1
+++ config.base[463]: [[ NO = \Y\E\S ]]
+++ config.base[470]: export NUM_SND_COLLECTIVES=9
+++ config.base[470]: NUM_SND_COLLECTIVES=9
+++ config.base[472]: echo 'END: config.base'
END: config.base
++ jjob_header.sh[99]: status=0
++ jjob_header.sh[100]: ((  status != 0  ))
++ jjob_header.sh[97]: for config in "${configs[@]:-''}"
++ jjob_header.sh[98]: source /scratch1/NCEPDEV/global/CI/2663/RUNTESTS/EXPDIR/C48mx500_3DVarAOWCDA_8e3156c4/config.ocnanal
+++ config.ocnanal[6]: echo 'BEGIN: config.ocnanal'
BEGIN: config.ocnanal
+++ config.ocnanal[8]: export OBS_YAML_DIR=/scratch1/NCEPDEV/global/CI/2663/gfs/sorc/gdas.cd/parm/soca/obs/config
+++ config.ocnanal[8]: OBS_YAML_DIR=/scratch1/NCEPDEV/global/CI/2663/gfs/sorc/gdas.cd/parm/soca/obs/config
+++ config.ocnanal[9]: export OBS_LIST=/scratch1/NCEPDEV/global/CI/2663/gfs/parm/gdas/soca/obs/obs_list.yaml
+++ config.ocnanal[9]: OBS_LIST=/scratch1/NCEPDEV/global/CI/2663/gfs/parm/gdas/soca/obs/obs_list.yaml
+++ config.ocnanal[10]: export OBS_YAML=/scratch1/NCEPDEV/global/CI/2663/gfs/parm/gdas/soca/obs/obs_list.yaml
+++ config.ocnanal[10]: OBS_YAML=/scratch1/NCEPDEV/global/CI/2663/gfs/parm/gdas/soca/obs/obs_list.yaml
+++ config.ocnanal[11]: export FV3JEDI_STAGE_YAML=/scratch1/NCEPDEV/global/CI/2663/gfs/sorc/gdas.cd/test/soca/testinput/dumy.yaml
+++ config.ocnanal[11]: FV3JEDI_STAGE_YAML=/scratch1/NCEPDEV/global/CI/2663/gfs/sorc/gdas.cd/test/soca/testinput/dumy.yaml
+++ config.ocnanal[12]: export SOCA_INPUT_FIX_DIR=/scratch2/NCEPDEV/ocean/Guillaume.Vernieres/data/static/72x35x25/soca
+++ config.ocnanal[12]: SOCA_INPUT_FIX_DIR=/scratch2/NCEPDEV/ocean/Guillaume.Vernieres/data/static/72x35x25/soca
+++ config.ocnanal[13]: export SOCA_VARS=tocn,socn,ssh
+++ config.ocnanal[13]: SOCA_VARS=tocn,socn,ssh
+++ config.ocnanal[14]: export SABER_BLOCKS_YAML=
+++ config.ocnanal[14]: SABER_BLOCKS_YAML=
+++ config.ocnanal[15]: export SOCA_NINNER=100
+++ config.ocnanal[15]: SOCA_NINNER=100
+++ config.ocnanal[16]: export CASE_ANL=C48
+++ config.ocnanal[16]: CASE_ANL=C48
+++ config.ocnanal[17]: export DOMAIN_STACK_SIZE=116640000
+++ config.ocnanal[17]: DOMAIN_STACK_SIZE=116640000
+++ config.ocnanal[18]: export JEDI_BIN=/scratch1/NCEPDEV/global/CI/2663/gfs/sorc/gdas.cd/build/bin
+++ config.ocnanal[18]: JEDI_BIN=/scratch1/NCEPDEV/global/CI/2663/gfs/sorc/gdas.cd/build/bin
+++ config.ocnanal[20]: export COMIN_OBS=@COMIN_OBS@
+++ config.ocnanal[20]: COMIN_OBS=@COMIN_OBS@
+++ config.ocnanal[23]: export NICAS_RESOL=1
+++ config.ocnanal[23]: NICAS_RESOL=1
+++ config.ocnanal[24]: export NICAS_GRID_SIZE=15000
+++ config.ocnanal[24]: NICAS_GRID_SIZE=15000
+++ config.ocnanal[26]: echo 'END: config.ocnanal'
END: config.ocnanal
++ jjob_header.sh[99]: status=0
++ jjob_header.sh[100]: ((  status != 0  ))
++ jjob_header.sh[97]: for config in "${configs[@]:-''}"
++ jjob_header.sh[98]: source /scratch1/NCEPDEV/global/CI/2663/RUNTESTS/EXPDIR/C48mx500_3DVarAOWCDA_8e3156c4/config.ocnanalbmat
+++ config.ocnanalbmat[6]: echo 'BEGIN: config.ocnanalbmat'
BEGIN: config.ocnanalbmat
+++ config.ocnanalbmat[9]: . /scratch1/NCEPDEV/global/CI/2663/RUNTESTS/EXPDIR/C48mx500_3DVarAOWCDA_8e3156c4/config.resources ocnanalbmat
++++ config.resources[7]: ((  1 != 1  ))
++++ config.resources[31]: step=ocnanalbmat
++++ config.resources[33]: echo 'BEGIN: config.resources'
BEGIN: config.resources
++++ config.resources[35]: case ${machine} in
++++ config.resources[37]: npe_node_max=40
++++ config.resources[72]: export npe_node_max
++++ config.resources[74]: case ${step} in
++++ config.resources[387]: npes=16
++++ config.resources[388]: case ${OCNRES} in
++++ config.resources[391]: npes=16
++++ config.resources[397]: export wtime_ocnanalbmat=00:30:00
++++ config.resources[397]: wtime_ocnanalbmat=00:30:00
++++ config.resources[398]: export npe_ocnanalbmat=16
++++ config.resources[398]: npe_ocnanalbmat=16
++++ config.resources[399]: export nth_ocnanalbmat=1
++++ config.resources[399]: nth_ocnanalbmat=1
++++ config.resources[400]: export is_exclusive=True
++++ config.resources[400]: is_exclusive=True
++++ config.resources[401]: export npe_node_ocnanalbmat=40
++++ config.resources[401]: npe_node_ocnanalbmat=40
++++ config.resources[1302]: echo 'END: config.resources'
END: config.resources
+++ config.ocnanalbmat[11]: echo 'END: config.ocnanalbmat'
END: config.ocnanalbmat
++ jjob_header.sh[99]: status=0
++ jjob_header.sh[100]: ((  status != 0  ))
++ jjob_header.sh[110]: source /scratch1/NCEPDEV/global/CI/2663/gfs/env/HERA.env ocnanalbmat
+++ HERA.env[3]: [[ 1 -ne 1 ]]
+++ HERA.env[15]: step=ocnanalbmat
+++ HERA.env[17]: export 'launcher=srun -l --export=ALL'
+++ HERA.env[17]: launcher='srun -l --export=ALL'
+++ HERA.env[18]: export 'mpmd_opt=--multi-prog --output=mpmd.%j.%t.out'
+++ HERA.env[18]: mpmd_opt='--multi-prog --output=mpmd.%j.%t.out'
+++ HERA.env[29]: export OMP_STACKSIZE=2048000
+++ HERA.env[29]: OMP_STACKSIZE=2048000
+++ HERA.env[30]: export NTHSTACK=1024000000
+++ HERA.env[30]: NTHSTACK=1024000000
+++ HERA.env[34]: [[ -n 61617026 ]]
+++ HERA.env[35]: ulimit -s unlimited
+++ HERA.env[36]: ulimit -a
core file size          (blocks, -c) unlimited
data seg size           (kbytes, -d) unlimited
scheduling priority             (-e) 0
file size               (blocks, -f) unlimited
pending signals                 (-i) 379964
max locked memory       (kbytes, -l) unlimited
max memory size         (kbytes, -m) 94208000
open files                      (-n) 131072
pipe size            (512 bytes, -p) 8
POSIX message queues     (bytes, -q) 819200
real-time priority              (-r) 0
stack size              (kbytes, -s) unlimited
cpu time               (seconds, -t) unlimited
max user processes              (-u) 379964
virtual memory          (kbytes, -v) unlimited
file locks                      (-x) unlimited
+++ HERA.env[39]: [[ ocnanalbmat = \p\r\e\p ]]
+++ HERA.env[39]: [[ ocnanalbmat = \p\r\e\p\b\u\f\r ]]
+++ HERA.env[48]: [[ ocnanalbmat = \p\r\e\p\s\n\o\w\o\b\s ]]
+++ HERA.env[52]: [[ ocnanalbmat = \p\r\e\p\_\e\m\i\s\s\i\o\n\s ]]
+++ HERA.env[56]: [[ ocnanalbmat = \w\a\v\e\i\n\i\t ]]
+++ HERA.env[56]: [[ ocnanalbmat = \w\a\v\e\p\r\e\p ]]
+++ HERA.env[56]: [[ ocnanalbmat = \w\a\v\e\p\o\s\t\s\b\s ]]
+++ HERA.env[56]: [[ ocnanalbmat = \w\a\v\e\p\o\s\t\b\n\d\p\n\t ]]
+++ HERA.env[56]: [[ ocnanalbmat = \w\a\v\e\p\o\s\t\b\n\d\p\n\t\b\l\l ]]
+++ HERA.env[56]: [[ ocnanalbmat = \w\a\v\e\p\o\s\t\p\n\t ]]
+++ HERA.env[63]: [[ ocnanalbmat = \a\t\m\a\n\l\v\a\r ]]
+++ HERA.env[71]: [[ ocnanalbmat = \a\t\m\e\n\s\a\n\l\l\e\t\k\f ]]
+++ HERA.env[79]: [[ ocnanalbmat = \a\t\m\e\n\s\a\n\l\f\v\3\i\n\c ]]
+++ HERA.env[87]: [[ ocnanalbmat = \a\e\r\o\a\n\l\r\u\n ]]
+++ HERA.env[97]: [[ ocnanalbmat = \a\t\m\a\n\l\f\v\3\i\n\c ]]
+++ HERA.env[105]: [[ ocnanalbmat = \s\n\o\w\a\n\l ]]
+++ HERA.env[115]: [[ ocnanalbmat = \o\c\n\a\n\a\l\b\m\a\t ]]
+++ HERA.env[117]: export 'APRUNCFP=srun -l --export=ALL -n $ncmd --multi-prog'
+++ HERA.env[117]: APRUNCFP='srun -l --export=ALL -n $ncmd --multi-prog'
+++ HERA.env[119]: export 'APRUN_OCNANAL=srun -l --export=ALL -n 16'
+++ HERA.env[119]: APRUN_OCNANAL='srun -l --export=ALL -n 16'
++ jjob_header.sh[111]: status=0
++ jjob_header.sh[112]: ((  status != 0  ))
+ JGDAS_GLOBAL_OCEAN_ANALYSIS_BMAT[18]: YMD=20210324
+ JGDAS_GLOBAL_OCEAN_ANALYSIS_BMAT[18]: HH=18
+ JGDAS_GLOBAL_OCEAN_ANALYSIS_BMAT[18]: declare_from_tmpl -rx COM_OCEAN_ANALYSIS
+ bash_utils.sh[35]: [[ NO == \N\O ]]
+ bash_utils.sh[35]: set +x
declare_from_tmpl :: COM_OCEAN_ANALYSIS=/scratch1/NCEPDEV/global/CI/2663/RUNTESTS/COMROOT/C48mx500_3DVarAOWCDA_8e3156c4/gdas.20210324/18//analysis/ocean
+ JGDAS_GLOBAL_OCEAN_ANALYSIS_BMAT[20]: mkdir -p /scratch1/NCEPDEV/global/CI/2663/RUNTESTS/COMROOT/C48mx500_3DVarAOWCDA_8e3156c4/gdas.20210324/18//analysis/ocean
+ JGDAS_GLOBAL_OCEAN_ANALYSIS_BMAT[22]: export COMOUT=/scratch1/NCEPDEV/global/CI/2663/RUNTESTS/COMROOT/C48mx500_3DVarAOWCDA_8e3156c4/gdas.20210324/18//analysis/ocean
+ JGDAS_GLOBAL_OCEAN_ANALYSIS_BMAT[22]: COMOUT=/scratch1/NCEPDEV/global/CI/2663/RUNTESTS/COMROOT/C48mx500_3DVarAOWCDA_8e3156c4/gdas.20210324/18//analysis/ocean
+ JGDAS_GLOBAL_OCEAN_ANALYSIS_BMAT[27]: EXSCRIPT=/scratch1/NCEPDEV/global/CI/2663/gfs/sorc/gdas.cd/scripts/exgdas_global_marine_analysis_bmat.sh
+ JGDAS_GLOBAL_OCEAN_ANALYSIS_BMAT[28]: /scratch1/NCEPDEV/global/CI/2663/gfs/sorc/gdas.cd/scripts/exgdas_global_marine_analysis_bmat.sh
Tue Jun 11 20:32:22 UTC 2024 EXECUTING /scratch1/NCEPDEV/global/CI/2663/gfs/sorc/gdas.cd/scripts/exgdas_global_marine_analysis_bmat.sh
++ exgdas_global_marine_analysis_bmat.sh[34]: pwd
+ exgdas_global_marine_analysis_bmat.sh[34]: pwd=/scratch1/NCEPDEV/stmp2/Terry.McGuinness/RUNDIRS/C48mx500_3DVarAOWCDA_8e3156c4/gdasocnanal_18
+ exgdas_global_marine_analysis_bmat.sh[37]: export 'NLN=/bin/ln -sf'
+ exgdas_global_marine_analysis_bmat.sh[37]: NLN='/bin/ln -sf'
+ exgdas_global_marine_analysis_bmat.sh[47]: [[ -e soca_gridspec.nc ]]
+ exgdas_global_marine_analysis_bmat.sh[52]: srun -l --export=ALL -n 16 /scratch1/NCEPDEV/global/CI/2663/gfs/sorc/gdas.cd/build/bin/gdas_soca_gridgen.x gridgen.yaml
 0: slurmstepd: error: execve(): /scratch1/NCEPDEV/global/CI/2663/gfs/sorc/gdas.cd/build/bin/gdas_soca_gridgen.x: No such file or directory
 6: slurmstepd: error: execve(): /scratch1/NCEPDEV/global/CI/2663/gfs/sorc/gdas.cd/build/bin/gdas_soca_gridgen.x: No such file or directory
 8: slurmstepd: error: execve(): /scratch1/NCEPDEV/global/CI/2663/gfs/sorc/gdas.cd/build/bin/gdas_soca_gridgen.x: No such file or directory
10: slurmstepd: error: execve(): /scratch1/NCEPDEV/global/CI/2663/gfs/sorc/gdas.cd/build/bin/gdas_soca_gridgen.x: No such file or directory
14: slurmstepd: error: execve(): /scratch1/NCEPDEV/global/CI/2663/gfs/sorc/gdas.cd/build/bin/gdas_soca_gridgen.x: No such file or directory
 2: slurmstepd: error: execve(): /scratch1/NCEPDEV/global/CI/2663/gfs/sorc/gdas.cd/build/bin/gdas_soca_gridgen.x: No such file or directory
 4: slurmstepd: error: execve(): /scratch1/NCEPDEV/global/CI/2663/gfs/sorc/gdas.cd/build/bin/gdas_soca_gridgen.x: No such file or directory
12: slurmstepd: error: execve(): /scratch1/NCEPDEV/global/CI/2663/gfs/sorc/gdas.cd/build/bin/gdas_soca_gridgen.x: No such file or directory
 1: slurmstepd: error: execve(): /scratch1/NCEPDEV/global/CI/2663/gfs/sorc/gdas.cd/build/bin/gdas_soca_gridgen.x: No such file or directory
 5: slurmstepd: error: execve(): /scratch1/NCEPDEV/global/CI/2663/gfs/sorc/gdas.cd/build/bin/gdas_soca_gridgen.x: No such file or directory
 9: slurmstepd: error: execve(): /scratch1/NCEPDEV/global/CI/2663/gfs/sorc/gdas.cd/build/bin/gdas_soca_gridgen.x: No such file or directory
 3: slurmstepd: error: execve(): /scratch1/NCEPDEV/global/CI/2663/gfs/sorc/gdas.cd/build/bin/gdas_soca_gridgen.x: No such file or directory
 7: slurmstepd: error: execve(): /scratch1/NCEPDEV/global/CI/2663/gfs/sorc/gdas.cd/build/bin/gdas_soca_gridgen.x: No such file or directory
11: slurmstepd: error: execve(): /scratch1/NCEPDEV/global/CI/2663/gfs/sorc/gdas.cd/build/bin/gdas_soca_gridgen.x: No such file or directory
13: slurmstepd: error: execve(): /scratch1/NCEPDEV/global/CI/2663/gfs/sorc/gdas.cd/build/bin/gdas_soca_gridgen.x: No such file or directory
15: slurmstepd: error: execve(): /scratch1/NCEPDEV/global/CI/2663/gfs/sorc/gdas.cd/build/bin/gdas_soca_gridgen.x: No such file or directory
srun: error: h24c27: tasks 0-15: Exited with exit code 2
srun: Terminating StepId=61617026.0
+ exgdas_global_marine_analysis_bmat.sh[53]: export err=2
+ exgdas_global_marine_analysis_bmat.sh[53]: err=2
+ exgdas_global_marine_analysis_bmat.sh[53]: err_chk

-------------------------------------------------------------
-- FATAL ERROR: Job ocnanalbmat.962137 failed RETURN CODE 2
-- ABNORMAL EXIT at Tue Jun 11 20:32:24 UTC 2024 on h24c27
-------------------------------------------------------------


Currently Loaded Modules:
  1) contrib                          48) sp/2.5.0
  2) intel/2022.1.2                   49) gsl-lite/0.37.0
  3) stack-intel/2021.5.0             50) libjpeg/2.1.0
  4) impi/2022.1.2                    51) krb5/1.20.1
  5) stack-intel-oneapi-mpi/2021.5.1  52) libtirpc/1.3.3
  6) cmake/3.23.1                     53) hdf/4.2.15
  7) gettext/0.19.8.1                 54) jedi-cmake/1.4.0
  8) pcre2/10.42                      55) libpng/1.6.37
  9) nghttp2/1.57.0                   56) libxt/1.1.5
 10) curl/8.4.0                       57) libxmu/1.1.4
 11) zlib/1.2.13                      58) libxpm/4.11.0
 12) git/2.18.0                       59) libxaw/1.0.13
 13) pkg-config/0.27.1                60) udunits/2.2.28
 14) hdf5/1.14.0                      61) ncview/2.1.9
 15) parallel-netcdf/1.12.2           62) netcdf-cxx4/4.3.1
 16) snappy/1.1.10                    63) json/3.10.5
 17) zstd/1.5.2                       64) rocoto/1.3.6
 18) c-blosc/1.21.5                   65) bacio/2.4.1
 19) netcdf-c/4.9.2                   66) w3emc/2.10.0
 20) nccmp/1.9.0.1                    67) prod_util/2.1.1
 21) netcdf-fortran/4.6.1             68) py-markupsafe/2.1.3
 22) antlr/2.7.7                      69) py-jinja2/3.0.3
 23) gsl/2.7.1                        70) py-cftime/1.0.3.4
 24) nco/5.0.6                        71) py-netcdf4/1.5.8
 25) parallelio/2.5.10                72) py-pybind11/2.11.0
 26) wget/1.14                        73) py-pycodestyle/2.11.0
 27) libxcrypt/4.4.35                 74) libyaml/0.2.5
 28) sqlite/3.43.2                    75) py-pyyaml/6.0
 29) util-linux-uuid/2.38.1           76) py-scipy/1.11.3
 30) python/3.10.13                   77) py-packaging/23.1
 31) boost/1.83.0                     78) py-bottleneck/1.3.7
 32) py-setuptools/63.4.3             79) py-numexpr/2.8.4
 33) py-numpy/1.22.3                  80) py-et-xmlfile/1.0.1
 34) bufr/12.0.1                      81) py-openpyxl/3.1.2
 35) git-lfs/2.10.0                   82) py-six/1.16.0
 36) ecbuild/3.7.2                    83) py-python-dateutil/2.8.2
 37) openjpeg/2.3.1                   84) py-pytz/2023.3
 38) eccodes/2.32.0                   85) py-pyxlsb/1.0.10
 39) eigen/3.4.0                      86) py-xlrd/2.0.1
 40) openblas/0.3.24                  87) py-xlsxwriter/3.1.7
 41) eckit/1.24.5                     88) py-xlwt/1.3.0
 42) fftw/3.3.10                      89) py-pandas/1.5.3
 43) fckit/0.11.0                     90) py-xarray/2023.7.0
 44) fiat/1.2.0                       91) py-f90nml/1.4.3
 45) ectrans/1.2.0                    92) py-pip/23.1.2
 46) qhull/2020.2                     93) GDAS/hera.intel
 47) atlas/0.35.1

 


Job ocnanalbmat.962137 failed RETURN CODE 2
/scratch1/NCEPDEV/stmp2/Terry.McGuinness/RUNDIRS/C48mx500_3DVarAOWCDA_8e3156c4/gdasocnanal_18
total 1240
-rw-r--r-x 1 Terry.McGuinness stmp     199 Jul 21  2022 field_table
-rw-r--r-x 1 Terry.McGuinness stmp      20 Jul 21  2022 diag_table
-rw-r--r-- 1 Terry.McGuinness stmp 1117445 Jul 23  2022 rossrad.dat
-rw-r--r-x 1 Terry.McGuinness stmp   34295 Nov  2  2022 MOM_input
-rw-r--r-- 1 Terry.McGuinness stmp     873 Mar 17  2023 obsop_name_map.yaml
-rw-r--r-- 1 Terry.McGuinness stmp    5251 Mar 25 16:11 fields_metadata.yaml
-rw-r--r-- 1 Terry.McGuinness stmp     405 Jun  7 17:11 soca_setlocscales.yaml
-rw-r--r-- 1 Terry.McGuinness stmp     341 Jun  7 17:11 soca_setcorscales.yaml
-rw-r--r-- 1 Terry.McGuinness stmp     607 Jun  7 17:11 mom_input.nml.tmpl
-rw-r--r-- 1 Terry.McGuinness stmp     134 Jun  7 17:11 gridgen.yaml
drwxr-sr-x 2 Terry.McGuinness stmp    4096 Jun 11 20:20 static_ens
drwxr-sr-x 2 Terry.McGuinness stmp    4096 Jun 11 20:20 obs
drwxr-sr-x 2 Terry.McGuinness stmp    4096 Jun 11 20:20 diags
-rw-r--r-- 1 Terry.McGuinness stmp     289 Jun 11 20:20 soca_vtscales.yaml
-rw-r--r-- 1 Terry.McGuinness stmp     829 Jun 11 20:20 soca_parameters_diffusion_vt.yaml
-rw-r--r-- 1 Terry.McGuinness stmp     975 Jun 11 20:20 soca_parameters_diffusion_hz.yaml
-rw-r--r-- 1 Terry.McGuinness stmp     648 Jun 11 20:20 soca_ensweights.yaml
-rw-r--r-- 1 Terry.McGuinness stmp    2065 Jun 11 20:20 soca_ensb.yaml
-rw-r--r-- 1 Terry.McGuinness stmp     675 Jun 11 20:20 soca_diagb.yaml
-rw-r--r-- 1 Terry.McGuinness stmp     324 Jun 11 20:20 bkg_list.yaml
-rw-r--r-- 1 Terry.McGuinness stmp    3066 Jun 11 20:20 var.yaml
-rw-r--r-- 1 Terry.McGuinness stmp     577 Jun 11 20:20 socaincr2mom6.yaml
-rw-r--r-- 1 Terry.McGuinness stmp    1242 Jun 11 20:20 soca_2cice_arctic.yaml
-rw-r--r-- 1 Terry.McGuinness stmp    1326 Jun 11 20:20 soca_2cice_antarctic.yaml
-rw-r--r-- 1 Terry.McGuinness stmp     520 Jun 11 20:20 mom_input.nml
drwxr-sr-x 2 Terry.McGuinness stmp    4096 Jun 11 20:20 bkg
drwxr-sr-x 2 Terry.McGuinness stmp    4096 Jun 11 20:20 INPUT
drwxr-sr-x 2 Terry.McGuinness stmp    4096 Jun 11 20:20 Data
-rw-r--r-- 1 Terry.McGuinness stmp       0 Jun 11 20:32 ncepdate
-rwxr--r-- 1 Terry.McGuinness stmp     328 Jun 11 20:32 PDY
cat: OUTPUT.962840: No such file or directory
slurmstepd: error: *** JOB 61617026 ON h24c27 CANCELLED AT 2024-06-11T20:32:24 ***
_______________________________________________________________
Start Epilog on node h24c27 for job 61617026 :: Tue Jun 11 20:32:27 UTC 2024
Job 61617026 finished for user Terry.McGuinness in partition hera with exit code 0:0
_______________________________________________________________
End Epilogue Tue Jun 11 20:32:27 UTC 2024
