Begin atmos_products.sh at Fri Apr  5 19:34:06 UTC 2024
+ atmos_products.sh[11]: . /work2/noaa/stmp/CI/ORION/267/gfs/ush/load_fv3gfs_modules.sh
++ load_fv3gfs_modules.sh[4]: [[ NO == \N\O ]]
++ load_fv3gfs_modules.sh[5]: echo 'Loading modules quietly...'
Loading modules quietly...
++ load_fv3gfs_modules.sh[6]: set +x

Currently Loaded Modules:
  1) intel/2022.1.2                   40) grib-util/1.3.0
  2) stack-intel/2022.0.2             41) g2tmpl/1.10.2
  3) impi/2022.1.2                    42) gsi-ncdiag/1.1.2
  4) stack-intel-oneapi-mpi/2021.5.1  43) crtm-fix/2.4.0.1_emc
  5) gettext/0.19.8.1                 44) git-lfs/2.12.0
  6) libxcrypt/4.4.35                 45) crtm/2.4.0.1
  7) zlib/1.2.13                      46) openblas/0.3.24
  8) sqlite/3.43.2                    47) py-setuptools/63.4.3
  9) util-linux-uuid/2.38.1           48) py-numpy/1.23.4
 10) python/3.11.6                    49) bufr/11.7.0
 11) gempak/7.5.1                     50) gmake/3.82
 12) ncl/6.6.2                        51) wgrib2/2.0.8
 13) libjpeg/2.1.0                    52) py-cftime/1.0.3.4
 14) jasper/2.0.32                    53) py-netcdf4/1.5.8
 15) libpng/1.6.37                    54) libyaml/0.2.5
 16) openjpeg/2.3.1                   55) py-pyyaml/6.0
 17) eccodes/2.32.0                   56) py-markupsafe/2.1.3
 18) fftw/3.3.10                      57) py-jinja2/3.1.2
 19) nghttp2/1.57.0                   58) py-bottleneck/1.3.7
 20) curl/8.4.0                       59) py-numexpr/2.8.4
 21) proj/9.2.1                       60) py-et-xmlfile/1.0.1
 22) udunits/2.2.28                   61) py-openpyxl/3.1.2
 23) cdo/2.0.5                        62) py-pytz/2023.3
 24) snappy/1.1.10                    63) py-pyxlsb/1.0.10
 25) zstd/1.5.2                       64) py-xlrd/2.0.1
 26) c-blosc/1.21.5                   65) py-xlsxwriter/3.1.7
 27) pkg-config/0.27.1                66) py-xlwt/1.3.0
 28) hdf5/1.14.0                      67) py-pandas/1.5.3
 29) netcdf-c/4.9.2                   68) py-six/1.16.0
 30) netcdf-fortran/4.6.1             69) py-python-dateutil/2.8.2
 31) antlr/2.7.7                      70) g2c/1.6.4
 32) gsl/2.7.1                        71) netcdf-cxx4/4.3.1
 33) nco/5.0.6                        72) met/9.1.3
 34) bacio/2.4.1                      73) metplus/3.1.1
 35) w3emc/2.10.0                     74) py-packaging/23.1
 36) prod_util/2.1.1                  75) py-xarray/2023.7.0
 37) g2/3.4.5                         76) prepobs/1.0.1
 38) sp/2.5.0                         77) fit2obs/1.0.0
 39) ip/4.3.0                         78) module_base.orion

 

+ atmos_products.sh[12]: status=0
+ atmos_products.sh[13]: ((  status != 0  ))
+ atmos_products.sh[15]: export job=atmos_products
+ atmos_products.sh[15]: job=atmos_products
+ atmos_products.sh[16]: export jobid=atmos_products.129403
+ atmos_products.sh[16]: jobid=atmos_products.129403
+ atmos[20]: IFS=_
+ atmos[20]: read -ra fhrs
+ atmos_products.sh[24]: for fhr in '"${fhrs[@]}"'
+ atmos_products.sh[27]: fhr=10#027
+ atmos_products.sh[28]: fhr=10#027
+ atmos_products.sh[29]: export FORECAST_HOUR=27
+ atmos_products.sh[29]: FORECAST_HOUR=27
+ atmos_products.sh[30]: /work2/noaa/stmp/CI/ORION/267/gfs/jobs/JGLOBAL_ATMOS_PRODUCTS
Begin JGLOBAL_ATMOS_PRODUCTS at Fri Apr  5 19:34:10 UTC 2024
+ JGLOBAL_ATMOS_PRODUCTS[4]: source /work2/noaa/stmp/CI/ORION/267/gfs/ush/jjob_header.sh -e atmos_products -c 'base atmos_products'
++ jjob_header.sh[44]: OPTIND=1
++ jjob_header.sh[45]: getopts c:e: option
++ jjob_header.sh[46]: case "${option}" in
++ jjob_header.sh[48]: env_job=atmos_products
++ jjob_header.sh[45]: getopts c:e: option
++ jjob_header.sh[46]: case "${option}" in
++ jjob_header.sh[47]: read -ra configs
++ jjob_header.sh[45]: getopts c:e: option
++ jjob_header.sh[59]: shift 4
++ jjob_header.sh[61]: [[ -z atmos_products ]]
++ jjob_header.sh[69]: export DATA=/work/noaa/stmp/mterry/RUNDIRS/C96C48_hybatmDA_03967bb2/atmos_products.129403
++ jjob_header.sh[69]: DATA=/work/noaa/stmp/mterry/RUNDIRS/C96C48_hybatmDA_03967bb2/atmos_products.129403
++ jjob_header.sh[70]: [[ YES == \Y\E\S ]]
++ jjob_header.sh[71]: rm -rf /work/noaa/stmp/mterry/RUNDIRS/C96C48_hybatmDA_03967bb2/atmos_products.129403
++ jjob_header.sh[73]: mkdir -p /work/noaa/stmp/mterry/RUNDIRS/C96C48_hybatmDA_03967bb2/atmos_products.129403
++ jjob_header.sh[74]: cd /work/noaa/stmp/mterry/RUNDIRS/C96C48_hybatmDA_03967bb2/atmos_products.129403
++ jjob_header.sh[80]: export cycle=t00z
++ jjob_header.sh[80]: cycle=t00z
++ jjob_header.sh[81]: setpdy.sh
sed: can't read /work2/noaa/stmp/CI/ORION/267/RUNTESTS/COMROOT/date/t00z: No such file or directory
 completed cleanly
 completed cleanly
Source PDY script to export PDYm7, ..., PDY, ..., PDYp7 variables.
++ jjob_header.sh[82]: source ./PDY
+++ PDY[1]: export PDYm7=20211214
+++ PDY[1]: PDYm7=20211214
+++ PDY[2]: export PDYm6=20211215
+++ PDY[2]: PDYm6=20211215
+++ PDY[3]: export PDYm5=20211216
+++ PDY[3]: PDYm5=20211216
+++ PDY[4]: export PDYm4=20211217
+++ PDY[4]: PDYm4=20211217
+++ PDY[5]: export PDYm3=20211218
+++ PDY[5]: PDYm3=20211218
+++ PDY[6]: export PDYm2=20211219
+++ PDY[6]: PDYm2=20211219
+++ PDY[7]: export PDYm1=20211220
+++ PDY[7]: PDYm1=20211220
+++ PDY[8]: export PDY=20211221
+++ PDY[8]: PDY=20211221
+++ PDY[9]: export PDYp1=20211222
+++ PDY[9]: PDYp1=20211222
+++ PDY[10]: export PDYp2=20211223
+++ PDY[10]: PDYp2=20211223
+++ PDY[11]: export PDYp3=20211224
+++ PDY[11]: PDYp3=20211224
+++ PDY[12]: export PDYp4=20211225
+++ PDY[12]: PDYp4=20211225
+++ PDY[13]: export PDYp5=20211226
+++ PDY[13]: PDYp5=20211226
+++ PDY[14]: export PDYp6=20211227
+++ PDY[14]: PDYp6=20211227
+++ PDY[15]: export PDYp7=20211228
+++ PDY[15]: PDYp7=20211228
++ jjob_header.sh[88]: export pid=129801
++ jjob_header.sh[88]: pid=129801
++ jjob_header.sh[89]: export pgmout=OUTPUT.129801
++ jjob_header.sh[89]: pgmout=OUTPUT.129801
++ jjob_header.sh[90]: export pgmerr=errfile
++ jjob_header.sh[90]: pgmerr=errfile
++ jjob_header.sh[96]: export EXPDIR=/work2/noaa/stmp/CI/ORION/267/RUNTESTS/EXPDIR/C96C48_hybatmDA_03967bb2
++ jjob_header.sh[96]: EXPDIR=/work2/noaa/stmp/CI/ORION/267/RUNTESTS/EXPDIR/C96C48_hybatmDA_03967bb2
++ jjob_header.sh[97]: for config in '"${configs[@]:-'\'''\''}"'
++ jjob_header.sh[98]: source /work2/noaa/stmp/CI/ORION/267/RUNTESTS/EXPDIR/C96C48_hybatmDA_03967bb2/config.base
+++ config.base[6]: echo 'BEGIN: config.base'
BEGIN: config.base
+++ config.base[9]: export machine=ORION
+++ config.base[9]: machine=ORION
+++ config.base[12]: export RUN_ENVIR=emc
+++ config.base[12]: RUN_ENVIR=emc
+++ config.base[15]: export ACCOUNT=nems
+++ config.base[15]: ACCOUNT=nems
+++ config.base[16]: export QUEUE=batch
+++ config.base[16]: QUEUE=batch
+++ config.base[17]: export QUEUE_SERVICE=batch
+++ config.base[17]: QUEUE_SERVICE=batch
+++ config.base[18]: export PARTITION_BATCH=orion
+++ config.base[18]: PARTITION_BATCH=orion
+++ config.base[19]: export PARTITION_SERVICE=service
+++ config.base[19]: PARTITION_SERVICE=service
+++ config.base[22]: export HPSS_PROJECT=emc-global
+++ config.base[22]: HPSS_PROJECT=emc-global
+++ config.base[25]: export HOMEgfs=/work2/noaa/stmp/CI/ORION/267/gfs
+++ config.base[25]: HOMEgfs=/work2/noaa/stmp/CI/ORION/267/gfs
+++ config.base[26]: export EXECgfs=/work2/noaa/stmp/CI/ORION/267/gfs/exec
+++ config.base[26]: EXECgfs=/work2/noaa/stmp/CI/ORION/267/gfs/exec
+++ config.base[27]: export FIXgfs=/work2/noaa/stmp/CI/ORION/267/gfs/fix
+++ config.base[27]: FIXgfs=/work2/noaa/stmp/CI/ORION/267/gfs/fix
+++ config.base[28]: export PARMgfs=/work2/noaa/stmp/CI/ORION/267/gfs/parm
+++ config.base[28]: PARMgfs=/work2/noaa/stmp/CI/ORION/267/gfs/parm
+++ config.base[29]: export SCRgfs=/work2/noaa/stmp/CI/ORION/267/gfs/scripts
+++ config.base[29]: SCRgfs=/work2/noaa/stmp/CI/ORION/267/gfs/scripts
+++ config.base[30]: export USHgfs=/work2/noaa/stmp/CI/ORION/267/gfs/ush
+++ config.base[30]: USHgfs=/work2/noaa/stmp/CI/ORION/267/gfs/ush
+++ config.base[32]: export FIXam=/work2/noaa/stmp/CI/ORION/267/gfs/fix/am
+++ config.base[32]: FIXam=/work2/noaa/stmp/CI/ORION/267/gfs/fix/am
+++ config.base[33]: export FIXaer=/work2/noaa/stmp/CI/ORION/267/gfs/fix/aer
+++ config.base[33]: FIXaer=/work2/noaa/stmp/CI/ORION/267/gfs/fix/aer
+++ config.base[34]: export FIXcpl=/work2/noaa/stmp/CI/ORION/267/gfs/fix/cpl
+++ config.base[34]: FIXcpl=/work2/noaa/stmp/CI/ORION/267/gfs/fix/cpl
+++ config.base[35]: export FIXlut=/work2/noaa/stmp/CI/ORION/267/gfs/fix/lut
+++ config.base[35]: FIXlut=/work2/noaa/stmp/CI/ORION/267/gfs/fix/lut
+++ config.base[36]: export FIXorog=/work2/noaa/stmp/CI/ORION/267/gfs/fix/orog
+++ config.base[36]: FIXorog=/work2/noaa/stmp/CI/ORION/267/gfs/fix/orog
+++ config.base[37]: export FIXcice=/work2/noaa/stmp/CI/ORION/267/gfs/fix/cice
+++ config.base[37]: FIXcice=/work2/noaa/stmp/CI/ORION/267/gfs/fix/cice
+++ config.base[38]: export FIXmom=/work2/noaa/stmp/CI/ORION/267/gfs/fix/mom6
+++ config.base[38]: FIXmom=/work2/noaa/stmp/CI/ORION/267/gfs/fix/mom6
+++ config.base[39]: export FIXreg2grb2=/work2/noaa/stmp/CI/ORION/267/gfs/fix/reg2grb2
+++ config.base[39]: FIXreg2grb2=/work2/noaa/stmp/CI/ORION/267/gfs/fix/reg2grb2
+++ config.base[40]: export FIXugwd=/work2/noaa/stmp/CI/ORION/267/gfs/fix/ugwd
+++ config.base[40]: FIXugwd=/work2/noaa/stmp/CI/ORION/267/gfs/fix/ugwd
+++ config.base[41]: export FIXgdas=/work2/noaa/stmp/CI/ORION/267/gfs/fix/gdas
+++ config.base[41]: FIXgdas=/work2/noaa/stmp/CI/ORION/267/gfs/fix/gdas
+++ config.base[46]: export PACKAGEROOT=/work/noaa/global/glopara/nwpara
+++ config.base[46]: PACKAGEROOT=/work/noaa/global/glopara/nwpara
+++ config.base[47]: export COMROOT=/work2/noaa/stmp/CI/ORION/267/RUNTESTS/COMROOT
+++ config.base[47]: COMROOT=/work2/noaa/stmp/CI/ORION/267/RUNTESTS/COMROOT
+++ config.base[48]: export COMINsyn=/work/noaa/global/glopara/com/gfs/prod/syndat
+++ config.base[48]: COMINsyn=/work/noaa/global/glopara/com/gfs/prod/syndat
+++ config.base[49]: export DMPDIR=/work/noaa/rstprod/dump
+++ config.base[49]: DMPDIR=/work/noaa/rstprod/dump
+++ config.base[50]: export BASE_CPLIC=/work/noaa/global/glopara/data/ICSDIR/prototype_ICs
+++ config.base[50]: BASE_CPLIC=/work/noaa/global/glopara/data/ICSDIR/prototype_ICs
+++ config.base[54]: export COMINecmwf=/work/noaa/global/glopara/data/external_gempak/ecmwf
+++ config.base[54]: COMINecmwf=/work/noaa/global/glopara/data/external_gempak/ecmwf
+++ config.base[55]: export COMINnam=/work/noaa/global/glopara/data/external_gempak/nam
+++ config.base[55]: COMINnam=/work/noaa/global/glopara/data/external_gempak/nam
+++ config.base[56]: export COMINukmet=/work/noaa/global/glopara/data/external_gempak/ukmet
+++ config.base[56]: COMINukmet=/work/noaa/global/glopara/data/external_gempak/ukmet
+++ config.base[59]: export HOMEDIR=/work/noaa/global/mterry
+++ config.base[59]: HOMEDIR=/work/noaa/global/mterry
+++ config.base[60]: export STMP=/work/noaa/stmp/mterry
+++ config.base[60]: STMP=/work/noaa/stmp/mterry
+++ config.base[61]: export PTMP=/work/noaa/stmp/mterry
+++ config.base[61]: PTMP=/work/noaa/stmp/mterry
+++ config.base[62]: export NOSCRUB=/work/noaa/global/mterry
+++ config.base[62]: NOSCRUB=/work/noaa/global/mterry
+++ config.base[65]: export BASE_GIT=/work/noaa/global/glopara/git
+++ config.base[65]: BASE_GIT=/work/noaa/global/glopara/git
+++ config.base[68]: export DO_GOES=NO
+++ config.base[68]: DO_GOES=NO
+++ config.base[69]: export DO_BUFRSND=NO
+++ config.base[69]: DO_BUFRSND=NO
+++ config.base[70]: export DO_GEMPAK=NO
+++ config.base[70]: DO_GEMPAK=NO
+++ config.base[71]: export DO_AWIPS=NO
+++ config.base[71]: DO_AWIPS=NO
+++ config.base[72]: export DO_NPOESS=NO
+++ config.base[72]: DO_NPOESS=NO
+++ config.base[73]: export DO_TRACKER=YES
+++ config.base[73]: DO_TRACKER=YES
+++ config.base[74]: export DO_GENESIS=YES
+++ config.base[74]: DO_GENESIS=YES
+++ config.base[75]: export DO_GENESIS_FSU=NO
+++ config.base[75]: DO_GENESIS_FSU=NO
+++ config.base[76]: export DO_VERFOZN=YES
+++ config.base[76]: DO_VERFOZN=YES
+++ config.base[77]: export DO_VERFRAD=YES
+++ config.base[77]: DO_VERFRAD=YES
+++ config.base[78]: export DO_VMINMON=YES
+++ config.base[78]: DO_VMINMON=YES
+++ config.base[79]: export DO_MOS=NO
+++ config.base[79]: DO_MOS=NO
+++ config.base[85]: export REALTIME=YES
+++ config.base[85]: REALTIME=YES
+++ config.base[88]: export MODE=cycled
+++ config.base[88]: MODE=cycled
+++ config.base[97]: export FIXgsi=/work2/noaa/stmp/CI/ORION/267/gfs/fix/gsi
+++ config.base[97]: FIXgsi=/work2/noaa/stmp/CI/ORION/267/gfs/fix/gsi
+++ config.base[98]: export HOMEpost=/work2/noaa/stmp/CI/ORION/267/gfs
+++ config.base[98]: HOMEpost=/work2/noaa/stmp/CI/ORION/267/gfs
+++ config.base[99]: export HOMEobsproc=/work/noaa/global/glopara/git/obsproc/v1.1.2
+++ config.base[99]: HOMEobsproc=/work/noaa/global/glopara/git/obsproc/v1.1.2
+++ config.base[102]: export 'NCP=/bin/cp -p'
+++ config.base[102]: NCP='/bin/cp -p'
+++ config.base[103]: export NMV=/bin/mv
+++ config.base[103]: NMV=/bin/mv
+++ config.base[104]: export 'NLN=/bin/ln -sf'
+++ config.base[104]: NLN='/bin/ln -sf'
+++ config.base[105]: export VERBOSE=YES
+++ config.base[105]: VERBOSE=YES
+++ config.base[106]: export KEEPDATA=NO
+++ config.base[106]: KEEPDATA=NO
+++ config.base[107]: export DEBUG_POSTSCRIPT=NO
+++ config.base[107]: DEBUG_POSTSCRIPT=NO
+++ config.base[108]: export CHGRP_RSTPROD=YES
+++ config.base[108]: CHGRP_RSTPROD=YES
+++ config.base[109]: export 'CHGRP_CMD=chgrp rstprod'
+++ config.base[109]: CHGRP_CMD='chgrp rstprod'
+++ config.base[110]: export NCDUMP=/work/noaa/epic/role-epic/spack-stack/orion/spack-stack-1.6.0/envs/unified-env/install/intel/2022.0.2/netcdf-c-4.9.2-4g3gg4n/bin/ncdump
+++ config.base[110]: NCDUMP=/work/noaa/epic/role-epic/spack-stack/orion/spack-stack-1.6.0/envs/unified-env/install/intel/2022.0.2/netcdf-c-4.9.2-4g3gg4n/bin/ncdump
+++ config.base[111]: export NCLEN=/work2/noaa/stmp/CI/ORION/267/gfs/ush/getncdimlen
+++ config.base[111]: NCLEN=/work2/noaa/stmp/CI/ORION/267/gfs/ush/getncdimlen
+++ config.base[114]: export BASE_ENV=/work2/noaa/stmp/CI/ORION/267/gfs/env
+++ config.base[114]: BASE_ENV=/work2/noaa/stmp/CI/ORION/267/gfs/env
+++ config.base[115]: export BASE_JOB=/work2/noaa/stmp/CI/ORION/267/gfs/jobs/rocoto
+++ config.base[115]: BASE_JOB=/work2/noaa/stmp/CI/ORION/267/gfs/jobs/rocoto
+++ config.base[118]: export SDATE=2021122018
+++ config.base[118]: SDATE=2021122018
+++ config.base[119]: export EDATE=2021122106
+++ config.base[119]: EDATE=2021122106
+++ config.base[120]: export EXP_WARM_START=.false.
+++ config.base[120]: EXP_WARM_START=.false.
+++ config.base[121]: export assim_freq=6
+++ config.base[121]: assim_freq=6
+++ config.base[122]: export PSLOT=C96C48_hybatmDA_03967bb2
+++ config.base[122]: PSLOT=C96C48_hybatmDA_03967bb2
+++ config.base[123]: export EXPDIR=/work2/noaa/stmp/CI/ORION/267/RUNTESTS/EXPDIR/C96C48_hybatmDA_03967bb2
+++ config.base[123]: EXPDIR=/work2/noaa/stmp/CI/ORION/267/RUNTESTS/EXPDIR/C96C48_hybatmDA_03967bb2
+++ config.base[124]: export ROTDIR=/work2/noaa/stmp/CI/ORION/267/RUNTESTS/COMROOT/C96C48_hybatmDA_03967bb2
+++ config.base[124]: ROTDIR=/work2/noaa/stmp/CI/ORION/267/RUNTESTS/COMROOT/C96C48_hybatmDA_03967bb2
+++ config.base[125]: export ROTDIR_DUMP=YES
+++ config.base[125]: ROTDIR_DUMP=YES
+++ config.base[126]: export DUMP_SUFFIX=
+++ config.base[126]: DUMP_SUFFIX=
+++ config.base[127]: [[ 2021122100 -ge 2019092100 ]]
+++ config.base[127]: [[ 2021122100 -le 2019110700 ]]
+++ config.base[130]: export DATAROOT=/work/noaa/stmp/mterry/RUNDIRS/C96C48_hybatmDA_03967bb2
+++ config.base[130]: DATAROOT=/work/noaa/stmp/mterry/RUNDIRS/C96C48_hybatmDA_03967bb2
+++ config.base[131]: export RUNDIR=/work/noaa/stmp/mterry/RUNDIRS/C96C48_hybatmDA_03967bb2
+++ config.base[131]: RUNDIR=/work/noaa/stmp/mterry/RUNDIRS/C96C48_hybatmDA_03967bb2
+++ config.base[132]: export ARCDIR=/work/noaa/global/mterry/archive/C96C48_hybatmDA_03967bb2
+++ config.base[132]: ARCDIR=/work/noaa/global/mterry/archive/C96C48_hybatmDA_03967bb2
+++ config.base[133]: export ATARDIR=/work/noaa/global/mterry/archive_rotdir/C96C48_hybatmDA_03967bb2
+++ config.base[133]: ATARDIR=/work/noaa/global/mterry/archive_rotdir/C96C48_hybatmDA_03967bb2
+++ config.base[136]: export envir=prod
+++ config.base[136]: envir=prod
+++ config.base[137]: export NET=gfs
+++ config.base[137]: NET=gfs
+++ config.base[138]: export RUN=gfs
+++ config.base[138]: RUN=gfs
+++ config.base[144]: source /work2/noaa/stmp/CI/ORION/267/RUNTESTS/EXPDIR/C96C48_hybatmDA_03967bb2/config.com
++++ config.com[4]: echo 'BEGIN: config.com'
BEGIN: config.com
++++ config.com[37]: [[ emc == \n\c\o ]]
++++ config.com[41]: COM_OBS_TMPL='${ROTDIR}/${RUN}.${YMD}/${HH}/obs'
++++ config.com[42]: COM_RTOFS_TMPL='${DMPDIR}'
++++ config.com[44]: declare -rx COM_OBS_TMPL COM_RTOFS_TMPL
++++ config.com[45]: declare -rx 'COM_OBSDMP_TMPL=${DMPDIR}/${DUMP}${DUMP_SUFFIX}.${YMD}/${HH}/atmos'
++++ config.com[47]: COM_BASE='${ROTDIR}/${RUN}.${YMD}/${HH}/${MEMDIR}'
++++ config.com[49]: declare -rx 'COM_TOP_TMPL=${ROTDIR}/${RUN}.${YMD}/${HH}'
++++ config.com[51]: declare -rx 'COM_CONF_TMPL=${ROTDIR}/${RUN}.${YMD}/${HH}/${MEMDIR}/conf'
++++ config.com[52]: declare -rx 'COM_ATMOS_INPUT_TMPL=${ROTDIR}/${RUN}.${YMD}/${HH}/${MEMDIR}/model_data/atmos/input'
++++ config.com[53]: declare -rx 'COM_ATMOS_RESTART_TMPL=${ROTDIR}/${RUN}.${YMD}/${HH}/${MEMDIR}/model_data/atmos/restart'
++++ config.com[54]: declare -rx 'COM_ATMOS_ANALYSIS_TMPL=${ROTDIR}/${RUN}.${YMD}/${HH}/${MEMDIR}/analysis/atmos'
++++ config.com[55]: declare -rx 'COM_SNOW_ANALYSIS_TMPL=${ROTDIR}/${RUN}.${YMD}/${HH}/${MEMDIR}/analysis/snow'
++++ config.com[56]: declare -rx 'COM_ATMOS_HISTORY_TMPL=${ROTDIR}/${RUN}.${YMD}/${HH}/${MEMDIR}/model_data/atmos/history'
++++ config.com[57]: declare -rx 'COM_ATMOS_MASTER_TMPL=${ROTDIR}/${RUN}.${YMD}/${HH}/${MEMDIR}/model_data/atmos/master'
++++ config.com[58]: declare -rx 'COM_ATMOS_GRIB_TMPL=${ROTDIR}/${RUN}.${YMD}/${HH}/${MEMDIR}/products/atmos/grib2'
++++ config.com[59]: declare -rx 'COM_ATMOS_GRIB_GRID_TMPL=${ROTDIR}/${RUN}.${YMD}/${HH}/${MEMDIR}/products/atmos/grib2/${GRID}'
++++ config.com[60]: declare -rx 'COM_ATMOS_BUFR_TMPL=${ROTDIR}/${RUN}.${YMD}/${HH}/${MEMDIR}/products/atmos/bufr'
++++ config.com[61]: declare -rx 'COM_ATMOS_GEMPAK_TMPL=${ROTDIR}/${RUN}.${YMD}/${HH}/${MEMDIR}/products/atmos/gempak/${GRID}'
++++ config.com[62]: declare -rx 'COM_ATMOS_GENESIS_TMPL=${ROTDIR}/${RUN}.${YMD}/${HH}/${MEMDIR}/products/atmos/cyclone/genesis_vital'
++++ config.com[63]: declare -rx 'COM_ATMOS_TRACK_TMPL=${ROTDIR}/${RUN}.${YMD}/${HH}/${MEMDIR}/products/atmos/cyclone/tracks'
++++ config.com[64]: declare -rx 'COM_ATMOS_GOES_TMPL=${ROTDIR}/${RUN}.${YMD}/${HH}/${MEMDIR}/products/atmos/goes_sim'
++++ config.com[65]: declare -rx 'COM_ATMOS_IMAGERY_TMPL=${ROTDIR}/${RUN}.${YMD}/${HH}/${MEMDIR}/products/atmos/imagery'
++++ config.com[66]: declare -rx 'COM_ATMOS_OZNMON_TMPL=${ROTDIR}/${RUN}.${YMD}/${HH}/${MEMDIR}/products/atmos/oznmon'
++++ config.com[67]: declare -rx 'COM_ATMOS_RADMON_TMPL=${ROTDIR}/${RUN}.${YMD}/${HH}/${MEMDIR}/products/atmos/radmon'
++++ config.com[68]: declare -rx 'COM_ATMOS_MINMON_TMPL=${ROTDIR}/${RUN}.${YMD}/${HH}/${MEMDIR}/products/atmos/minmon'
++++ config.com[69]: declare -rx 'COM_ATMOS_WMO_TMPL=${ROTDIR}/${RUN}.${YMD}/${HH}/${MEMDIR}/products/atmos/wmo'
++++ config.com[71]: declare -rx 'COM_WAVE_RESTART_TMPL=${ROTDIR}/${RUN}.${YMD}/${HH}/${MEMDIR}/model_data/wave/restart'
++++ config.com[72]: declare -rx 'COM_WAVE_PREP_TMPL=${ROTDIR}/${RUN}.${YMD}/${HH}/${MEMDIR}/model_data/wave/prep'
++++ config.com[73]: declare -rx 'COM_WAVE_HISTORY_TMPL=${ROTDIR}/${RUN}.${YMD}/${HH}/${MEMDIR}/model_data/wave/history'
++++ config.com[74]: declare -rx 'COM_WAVE_GRID_TMPL=${ROTDIR}/${RUN}.${YMD}/${HH}/${MEMDIR}/products/wave/gridded'
++++ config.com[75]: declare -rx 'COM_WAVE_STATION_TMPL=${ROTDIR}/${RUN}.${YMD}/${HH}/${MEMDIR}/products/wave/station'
++++ config.com[76]: declare -rx 'COM_WAVE_GEMPAK_TMPL=${ROTDIR}/${RUN}.${YMD}/${HH}/${MEMDIR}/products/wave/gempak'
++++ config.com[77]: declare -rx 'COM_WAVE_WMO_TMPL=${ROTDIR}/${RUN}.${YMD}/${HH}/${MEMDIR}/products/wave/wmo'
++++ config.com[79]: declare -rx 'COM_OCEAN_HISTORY_TMPL=${ROTDIR}/${RUN}.${YMD}/${HH}/${MEMDIR}/model_data/ocean/history'
++++ config.com[80]: declare -rx 'COM_OCEAN_RESTART_TMPL=${ROTDIR}/${RUN}.${YMD}/${HH}/${MEMDIR}/model_data/ocean/restart'
++++ config.com[81]: declare -rx 'COM_OCEAN_INPUT_TMPL=${ROTDIR}/${RUN}.${YMD}/${HH}/${MEMDIR}/model_data/ocean/input'
++++ config.com[82]: declare -rx 'COM_OCEAN_ANALYSIS_TMPL=${ROTDIR}/${RUN}.${YMD}/${HH}/${MEMDIR}/analysis/ocean'
++++ config.com[83]: declare -rx 'COM_OCEAN_NETCDF_TMPL=${ROTDIR}/${RUN}.${YMD}/${HH}/${MEMDIR}/products/ocean/netcdf'
++++ config.com[84]: declare -rx 'COM_OCEAN_GRIB_TMPL=${ROTDIR}/${RUN}.${YMD}/${HH}/${MEMDIR}/products/ocean/grib2'
++++ config.com[85]: declare -rx 'COM_OCEAN_GRIB_GRID_TMPL=${ROTDIR}/${RUN}.${YMD}/${HH}/${MEMDIR}/products/ocean/grib2/${GRID}'
++++ config.com[87]: declare -rx 'COM_ICE_INPUT_TMPL=${ROTDIR}/${RUN}.${YMD}/${HH}/${MEMDIR}/model_data/ice/input'
++++ config.com[88]: declare -rx 'COM_ICE_HISTORY_TMPL=${ROTDIR}/${RUN}.${YMD}/${HH}/${MEMDIR}/model_data/ice/history'
++++ config.com[89]: declare -rx 'COM_ICE_RESTART_TMPL=${ROTDIR}/${RUN}.${YMD}/${HH}/${MEMDIR}/model_data/ice/restart'
++++ config.com[90]: declare -rx 'COM_ICE_NETCDF_TMPL=${ROTDIR}/${RUN}.${YMD}/${HH}/${MEMDIR}/products/ice/netcdf'
++++ config.com[91]: declare -rx 'COM_ICE_GRIB_TMPL=${ROTDIR}/${RUN}.${YMD}/${HH}/${MEMDIR}/products/ice/grib2'
++++ config.com[92]: declare -rx 'COM_ICE_GRIB_GRID_TMPL=${ROTDIR}/${RUN}.${YMD}/${HH}/${MEMDIR}/products/ice/grib2/${GRID}'
++++ config.com[94]: declare -rx 'COM_CHEM_HISTORY_TMPL=${ROTDIR}/${RUN}.${YMD}/${HH}/${MEMDIR}/model_data/chem/history'
++++ config.com[95]: declare -rx 'COM_CHEM_ANALYSIS_TMPL=${ROTDIR}/${RUN}.${YMD}/${HH}/${MEMDIR}/analysis/chem'
++++ config.com[97]: declare -rx 'COM_MED_RESTART_TMPL=${ROTDIR}/${RUN}.${YMD}/${HH}/${MEMDIR}/model_data/med/restart'
+++ config.base[147]: export 'ERRSCRIPT=eval [[ $err = 0 ]]'
+++ config.base[147]: ERRSCRIPT='eval [[ $err = 0 ]]'
+++ config.base[148]: export LOGSCRIPT=
+++ config.base[148]: LOGSCRIPT=
+++ config.base[151]: export 'REDOUT=1>'
+++ config.base[151]: REDOUT='1>'
+++ config.base[152]: export 'REDERR=2>'
+++ config.base[152]: REDERR='2>'
+++ config.base[154]: export SENDECF=NO
+++ config.base[154]: SENDECF=NO
+++ config.base[155]: export SENDSDM=NO
+++ config.base[155]: SENDSDM=NO
+++ config.base[156]: export SENDDBN_NTC=NO
+++ config.base[156]: SENDDBN_NTC=NO
+++ config.base[157]: export SENDDBN=NO
+++ config.base[157]: SENDDBN=NO
+++ config.base[158]: export DBNROOT=/work/noaa/epic/role-epic/spack-stack/orion/spack-stack-1.6.0/envs/unified-env/install/intel/2022.0.2/prod-util-2.1.1-hevcp3q/fakedbn
+++ config.base[158]: DBNROOT=/work/noaa/epic/role-epic/spack-stack/orion/spack-stack-1.6.0/envs/unified-env/install/intel/2022.0.2/prod-util-2.1.1-hevcp3q/fakedbn
+++ config.base[161]: export APP=ATM
+++ config.base[161]: APP=ATM
+++ config.base[163]: shopt -s extglob
+++ config.base[165]: case "${RUN}" in
+++ config.base[167]: APP=ATM
+++ config.base[175]: shopt -u extglob
+++ config.base[178]: export DO_ATM=YES
+++ config.base[178]: DO_ATM=YES
+++ config.base[179]: export DO_COUPLED=NO
+++ config.base[179]: DO_COUPLED=NO
+++ config.base[180]: export DO_WAVE=NO
+++ config.base[180]: DO_WAVE=NO
+++ config.base[181]: export DO_OCN=NO
+++ config.base[181]: DO_OCN=NO
+++ config.base[182]: export DO_ICE=NO
+++ config.base[182]: DO_ICE=NO
+++ config.base[183]: export DO_AERO=NO
+++ config.base[183]: DO_AERO=NO
+++ config.base[184]: export WAVE_CDUMP=
+++ config.base[184]: WAVE_CDUMP=
+++ config.base[185]: export DOBNDPNT_WAVE=NO
+++ config.base[185]: DOBNDPNT_WAVE=NO
+++ config.base[186]: export FRAC_GRID=.true.
+++ config.base[186]: FRAC_GRID=.true.
+++ config.base[189]: export OPS_RES=C768
+++ config.base[189]: OPS_RES=C768
+++ config.base[192]: export LEVS=128
+++ config.base[192]: LEVS=128
+++ config.base[193]: export CASE=C96
+++ config.base[193]: CASE=C96
+++ config.base[194]: export CASE_ENS=C48
+++ config.base[194]: CASE_ENS=C48
+++ config.base[195]: export OCNRES=500
+++ config.base[195]: OCNRES=500
+++ config.base[196]: export ICERES=500
+++ config.base[196]: ICERES=500
+++ config.base[199]: case "${CASE}" in
+++ config.base[204]: export waveGRD=uglo_100km
+++ config.base[204]: waveGRD=uglo_100km
+++ config.base[218]: case "${APP}" in
+++ config.base[255]: [[ gfs =~ gdas ]]
+++ config.base[258]: [[ gfs =~ gfs ]]
+++ config.base[259]: export FHCYC=24
+++ config.base[259]: FHCYC=24
+++ config.base[263]: export FHMIN=0
+++ config.base[263]: FHMIN=0
+++ config.base[264]: export FHMAX=9
+++ config.base[264]: FHMAX=9
+++ config.base[265]: export FHOUT=3
+++ config.base[265]: FHOUT=3
+++ config.base[266]: export FHOUT_OCNICE=3
+++ config.base[266]: FHOUT_OCNICE=3
+++ config.base[269]: export EUPD_CYC=gdas
+++ config.base[269]: EUPD_CYC=gdas
+++ config.base[272]: export gfs_cyc=1
+++ config.base[272]: gfs_cyc=1
+++ config.base[275]: export FHMIN_GFS=0
slurmstepd: error: *** JOB 17341625 ON Orion-03-29 CANCELLED AT 2024-04-05T14:34:19 ***
