PBS: Running prologue on parent mom node: cdxfer02...
Job 132135557.cbqs01 nodelist: cdxfer02
+ /lfs/h2/emc/global/noscrub/globalworkflow.ci/GFS_CI_ROOT/PR/2491/global-workflow/jobs/rocoto/earc.sh
Begin earc.sh at Fri May 17 11:10:34 UTC 2024
+ earc.sh[7]: . /lfs/h2/emc/global/noscrub/globalworkflow.ci/GFS_CI_ROOT/PR/2491/global-workflow/ush/load_fv3gfs_modules.sh
++ load_fv3gfs_modules.sh[4]: [[ NO == \N\O ]]
++ load_fv3gfs_modules.sh[5]: echo 'Loading modules quietly...'
Loading modules quietly...
++ load_fv3gfs_modules.sh[6]: set +x
Resetting modules to system default. Reseting $MODULEPATH back to system default. All extra directories will be removed from $MODULEPATH.

Currently Loaded Modules:
  1) craype-x86-rome     (H)  13) perl/5.32.0        25) met/9.1.3
  2) libfabric/1.11.0.0. (H)  14) libjpeg/9c         26) metplus/3.1.1
  3) craype-network-ofi  (H)  15) udunits/2.2.28     27) prepobs/1.0.1
  4) envvar/1.0               16) gsl/2.7            28) fit2obs/1.0.0
  5) PrgEnv-intel/8.1.0       17) cdo/1.9.8          29) mos_shared/2.7.2
  6) craype/2.7.13            18) hdf5/1.10.6        30) module_base.wcoss2
  7) intel/19.1.3.304         19) netcdf/4.7.4       31) grib_util/1.2.3
  8) cray-mpich/8.1.9         20) nco/4.7.9          32) g2tmpl/1.10.2
  9) cray-pals/1.0.17         21) prod_util/2.0.9    33) crtm/2.4.0.1
 10) cfp/2.0.4                22) bufr_dump/1.0.0    34) wgrib2/2.0.8
 11) python/3.8.6             23) util_shared/1.4.0
 12) gempak/7.14.1            24) ncdiag/1.0.0

  Where:
   H:  Hidden Module

 

+ earc.sh[8]: status=0
+ earc.sh[9]: [[ 0 -ne 0 ]]
+ earc.sh[13]: PYTHONPATH=/apps/ops/prod/nco/core/prod_util.v2.0.9/ush:/apps/prod/python-modules/3.8.6/intel/19.1.3.304/lib/python3.8/site-packages:/lfs/h2/emc/global/noscrub/globalworkflow.ci/GFS_CI_ROOT/PR/2491/global-workflow/ush/python
+ earc.sh[14]: export PYTHONPATH
+ earc.sh[16]: export job=earc
+ earc.sh[16]: job=earc
+ earc.sh[17]: export jobid=earc.37539
+ earc.sh[17]: jobid=earc.37539
+ earc.sh[21]: /lfs/h2/emc/global/noscrub/globalworkflow.ci/GFS_CI_ROOT/PR/2491/global-workflow/jobs/JGDAS_ENKF_ARCHIVE
Begin JGDAS_ENKF_ARCHIVE at Fri May 17 11:10:35 UTC 2024
+ JGDAS_ENKF_ARCHIVE[4]: source /lfs/h2/emc/global/noscrub/globalworkflow.ci/GFS_CI_ROOT/PR/2491/global-workflow/ush/jjob_header.sh -e earc -c 'base earc'
++ jjob_header.sh[44]: OPTIND=1
++ jjob_header.sh[45]: getopts c:e: option
++ jjob_header.sh[46]: case "${option}" in
++ jjob_header.sh[48]: env_job=earc
++ jjob_header.sh[45]: getopts c:e: option
++ jjob_header.sh[46]: case "${option}" in
++ jjob_header.sh[47]: read -ra configs
++ jjob_header.sh[45]: getopts c:e: option
++ jjob_header.sh[59]: shift 4
++ jjob_header.sh[61]: [[ -z earc ]]
++ jjob_header.sh[69]: export DATA=/lfs/h2/emc/stmp/terry.mcguinness/RUNDIRS/C96C48_hybatmDA_3be3bd57/earc.37539
++ jjob_header.sh[69]: DATA=/lfs/h2/emc/stmp/terry.mcguinness/RUNDIRS/C96C48_hybatmDA_3be3bd57/earc.37539
++ jjob_header.sh[70]: [[ YES == \Y\E\S ]]
++ jjob_header.sh[71]: rm -rf /lfs/h2/emc/stmp/terry.mcguinness/RUNDIRS/C96C48_hybatmDA_3be3bd57/earc.37539
++ jjob_header.sh[73]: mkdir -p /lfs/h2/emc/stmp/terry.mcguinness/RUNDIRS/C96C48_hybatmDA_3be3bd57/earc.37539
++ jjob_header.sh[74]: cd /lfs/h2/emc/stmp/terry.mcguinness/RUNDIRS/C96C48_hybatmDA_3be3bd57/earc.37539
++ jjob_header.sh[80]: export cycle=t18z
++ jjob_header.sh[80]: cycle=t18z
++ jjob_header.sh[81]: setpdy.sh
 completed cleanly
 completed cleanly
Source PDY script to export PDYm7, ..., PDY, ..., PDYp7 variables.
++ jjob_header.sh[82]: source ./PDY
+++ PDY[1]: export PDYm7=20211213
+++ PDY[1]: PDYm7=20211213
+++ PDY[2]: export PDYm6=20211214
+++ PDY[2]: PDYm6=20211214
+++ PDY[3]: export PDYm5=20211215
+++ PDY[3]: PDYm5=20211215
+++ PDY[4]: export PDYm4=20211216
+++ PDY[4]: PDYm4=20211216
+++ PDY[5]: export PDYm3=20211217
+++ PDY[5]: PDYm3=20211217
+++ PDY[6]: export PDYm2=20211218
+++ PDY[6]: PDYm2=20211218
+++ PDY[7]: export PDYm1=20211219
+++ PDY[7]: PDYm1=20211219
+++ PDY[8]: export PDY=20211220
+++ PDY[8]: PDY=20211220
+++ PDY[9]: export PDYp1=20211221
+++ PDY[9]: PDYp1=20211221
+++ PDY[10]: export PDYp2=20211222
+++ PDY[10]: PDYp2=20211222
+++ PDY[11]: export PDYp3=20211223
+++ PDY[11]: PDYp3=20211223
+++ PDY[12]: export PDYp4=20211224
+++ PDY[12]: PDYp4=20211224
+++ PDY[13]: export PDYp5=20211225
+++ PDY[13]: PDYp5=20211225
+++ PDY[14]: export PDYp6=20211226
+++ PDY[14]: PDYp6=20211226
+++ PDY[15]: export PDYp7=20211227
+++ PDY[15]: PDYp7=20211227
++ jjob_header.sh[88]: export pid=43543
++ jjob_header.sh[88]: pid=43543
++ jjob_header.sh[89]: export pgmout=OUTPUT.43543
++ jjob_header.sh[89]: pgmout=OUTPUT.43543
++ jjob_header.sh[90]: export pgmerr=errfile
++ jjob_header.sh[90]: pgmerr=errfile
++ jjob_header.sh[96]: export EXPDIR=/lfs/h2/emc/global/noscrub/globalworkflow.ci/GFS_CI_ROOT/PR/2491/RUNTESTS/EXPDIR/C96C48_hybatmDA_3be3bd57
++ jjob_header.sh[96]: EXPDIR=/lfs/h2/emc/global/noscrub/globalworkflow.ci/GFS_CI_ROOT/PR/2491/RUNTESTS/EXPDIR/C96C48_hybatmDA_3be3bd57
++ jjob_header.sh[97]: for config in "${configs[@]:-''}"
++ jjob_header.sh[98]: source /lfs/h2/emc/global/noscrub/globalworkflow.ci/GFS_CI_ROOT/PR/2491/RUNTESTS/EXPDIR/C96C48_hybatmDA_3be3bd57/config.base
+++ config.base[6]: echo 'BEGIN: config.base'
BEGIN: config.base
+++ config.base[9]: export machine=WCOSS2
+++ config.base[9]: machine=WCOSS2
+++ config.base[12]: export RUN_ENVIR=emc
+++ config.base[12]: RUN_ENVIR=emc
+++ config.base[15]: export ACCOUNT=GFS-DEV
+++ config.base[15]: ACCOUNT=GFS-DEV
+++ config.base[16]: export QUEUE=dev
+++ config.base[16]: QUEUE=dev
+++ config.base[17]: export QUEUE_SERVICE=dev_transfer
+++ config.base[17]: QUEUE_SERVICE=dev_transfer
+++ config.base[18]: export PARTITION_BATCH=
+++ config.base[18]: PARTITION_BATCH=
+++ config.base[19]: export PARTITION_SERVICE=
+++ config.base[19]: PARTITION_SERVICE=
+++ config.base[22]: export HPSS_PROJECT=emc-global
+++ config.base[22]: HPSS_PROJECT=emc-global
+++ config.base[25]: export HOMEgfs=/lfs/h2/emc/global/noscrub/globalworkflow.ci/GFS_CI_ROOT/PR/2491/global-workflow
+++ config.base[25]: HOMEgfs=/lfs/h2/emc/global/noscrub/globalworkflow.ci/GFS_CI_ROOT/PR/2491/global-workflow
+++ config.base[26]: export EXECgfs=/lfs/h2/emc/global/noscrub/globalworkflow.ci/GFS_CI_ROOT/PR/2491/global-workflow/exec
+++ config.base[26]: EXECgfs=/lfs/h2/emc/global/noscrub/globalworkflow.ci/GFS_CI_ROOT/PR/2491/global-workflow/exec
+++ config.base[27]: export FIXgfs=/lfs/h2/emc/global/noscrub/globalworkflow.ci/GFS_CI_ROOT/PR/2491/global-workflow/fix
+++ config.base[27]: FIXgfs=/lfs/h2/emc/global/noscrub/globalworkflow.ci/GFS_CI_ROOT/PR/2491/global-workflow/fix
+++ config.base[28]: export PARMgfs=/lfs/h2/emc/global/noscrub/globalworkflow.ci/GFS_CI_ROOT/PR/2491/global-workflow/parm
+++ config.base[28]: PARMgfs=/lfs/h2/emc/global/noscrub/globalworkflow.ci/GFS_CI_ROOT/PR/2491/global-workflow/parm
+++ config.base[29]: export SCRgfs=/lfs/h2/emc/global/noscrub/globalworkflow.ci/GFS_CI_ROOT/PR/2491/global-workflow/scripts
+++ config.base[29]: SCRgfs=/lfs/h2/emc/global/noscrub/globalworkflow.ci/GFS_CI_ROOT/PR/2491/global-workflow/scripts
+++ config.base[30]: export USHgfs=/lfs/h2/emc/global/noscrub/globalworkflow.ci/GFS_CI_ROOT/PR/2491/global-workflow/ush
+++ config.base[30]: USHgfs=/lfs/h2/emc/global/noscrub/globalworkflow.ci/GFS_CI_ROOT/PR/2491/global-workflow/ush
+++ config.base[32]: export FIXam=/lfs/h2/emc/global/noscrub/globalworkflow.ci/GFS_CI_ROOT/PR/2491/global-workflow/fix/am
+++ config.base[32]: FIXam=/lfs/h2/emc/global/noscrub/globalworkflow.ci/GFS_CI_ROOT/PR/2491/global-workflow/fix/am
+++ config.base[33]: export FIXaer=/lfs/h2/emc/global/noscrub/globalworkflow.ci/GFS_CI_ROOT/PR/2491/global-workflow/fix/aer
+++ config.base[33]: FIXaer=/lfs/h2/emc/global/noscrub/globalworkflow.ci/GFS_CI_ROOT/PR/2491/global-workflow/fix/aer
+++ config.base[34]: export FIXcpl=/lfs/h2/emc/global/noscrub/globalworkflow.ci/GFS_CI_ROOT/PR/2491/global-workflow/fix/cpl
+++ config.base[34]: FIXcpl=/lfs/h2/emc/global/noscrub/globalworkflow.ci/GFS_CI_ROOT/PR/2491/global-workflow/fix/cpl
+++ config.base[35]: export FIXlut=/lfs/h2/emc/global/noscrub/globalworkflow.ci/GFS_CI_ROOT/PR/2491/global-workflow/fix/lut
+++ config.base[35]: FIXlut=/lfs/h2/emc/global/noscrub/globalworkflow.ci/GFS_CI_ROOT/PR/2491/global-workflow/fix/lut
+++ config.base[36]: export FIXorog=/lfs/h2/emc/global/noscrub/globalworkflow.ci/GFS_CI_ROOT/PR/2491/global-workflow/fix/orog
+++ config.base[36]: FIXorog=/lfs/h2/emc/global/noscrub/globalworkflow.ci/GFS_CI_ROOT/PR/2491/global-workflow/fix/orog
+++ config.base[37]: export FIXcice=/lfs/h2/emc/global/noscrub/globalworkflow.ci/GFS_CI_ROOT/PR/2491/global-workflow/fix/cice
+++ config.base[37]: FIXcice=/lfs/h2/emc/global/noscrub/globalworkflow.ci/GFS_CI_ROOT/PR/2491/global-workflow/fix/cice
+++ config.base[38]: export FIXmom=/lfs/h2/emc/global/noscrub/globalworkflow.ci/GFS_CI_ROOT/PR/2491/global-workflow/fix/mom6
+++ config.base[38]: FIXmom=/lfs/h2/emc/global/noscrub/globalworkflow.ci/GFS_CI_ROOT/PR/2491/global-workflow/fix/mom6
+++ config.base[39]: export FIXreg2grb2=/lfs/h2/emc/global/noscrub/globalworkflow.ci/GFS_CI_ROOT/PR/2491/global-workflow/fix/reg2grb2
+++ config.base[39]: FIXreg2grb2=/lfs/h2/emc/global/noscrub/globalworkflow.ci/GFS_CI_ROOT/PR/2491/global-workflow/fix/reg2grb2
+++ config.base[40]: export FIXugwd=/lfs/h2/emc/global/noscrub/globalworkflow.ci/GFS_CI_ROOT/PR/2491/global-workflow/fix/ugwd
+++ config.base[40]: FIXugwd=/lfs/h2/emc/global/noscrub/globalworkflow.ci/GFS_CI_ROOT/PR/2491/global-workflow/fix/ugwd
+++ config.base[41]: export FIXgdas=/lfs/h2/emc/global/noscrub/globalworkflow.ci/GFS_CI_ROOT/PR/2491/global-workflow/fix/gdas
+++ config.base[41]: FIXgdas=/lfs/h2/emc/global/noscrub/globalworkflow.ci/GFS_CI_ROOT/PR/2491/global-workflow/fix/gdas
+++ config.base[46]: export PACKAGEROOT=/lfs/h1/ops/prod/packages
+++ config.base[46]: PACKAGEROOT=/lfs/h1/ops/prod/packages
+++ config.base[47]: export COMROOT=/lfs/h2/emc/global/noscrub/globalworkflow.ci/GFS_CI_ROOT/PR/2491/RUNTESTS/COMROOT
+++ config.base[47]: COMROOT=/lfs/h2/emc/global/noscrub/globalworkflow.ci/GFS_CI_ROOT/PR/2491/RUNTESTS/COMROOT
+++ config.base[48]: export COMINsyn=/lfs/h1/ops/prod/com/gfs/v16.3/syndat
+++ config.base[48]: COMINsyn=/lfs/h1/ops/prod/com/gfs/v16.3/syndat
+++ config.base[49]: export DMPDIR=/lfs/h2/emc/dump/noscrub/dump
+++ config.base[49]: DMPDIR=/lfs/h2/emc/dump/noscrub/dump
+++ config.base[50]: export BASE_CPLIC=/lfs/h2/emc/global/noscrub/emc.global/data/ICSDIR/prototype_ICs
+++ config.base[50]: BASE_CPLIC=/lfs/h2/emc/global/noscrub/emc.global/data/ICSDIR/prototype_ICs
+++ config.base[54]: export COMINecmwf=/lfs/h2/emc/global/noscrub/emc.global/data/external_gempak/ecmwf
+++ config.base[54]: COMINecmwf=/lfs/h2/emc/global/noscrub/emc.global/data/external_gempak/ecmwf
+++ config.base[55]: export COMINnam=/lfs/h2/emc/global/noscrub/emc.global/data/external_gempak/nam
+++ config.base[55]: COMINnam=/lfs/h2/emc/global/noscrub/emc.global/data/external_gempak/nam
+++ config.base[56]: export COMINukmet=/lfs/h2/emc/global/noscrub/emc.global/data/external_gempak/ukmet
+++ config.base[56]: COMINukmet=/lfs/h2/emc/global/noscrub/emc.global/data/external_gempak/ukmet
+++ config.base[59]: export HOMEDIR=/lfs/h2/emc/global/noscrub/terry.mcguinness
+++ config.base[59]: HOMEDIR=/lfs/h2/emc/global/noscrub/terry.mcguinness
+++ config.base[60]: export STMP=/lfs/h2/emc/stmp/terry.mcguinness
+++ config.base[60]: STMP=/lfs/h2/emc/stmp/terry.mcguinness
+++ config.base[61]: export PTMP=/lfs/h2/emc/ptmp/terry.mcguinness
+++ config.base[61]: PTMP=/lfs/h2/emc/ptmp/terry.mcguinness
+++ config.base[62]: export NOSCRUB=/lfs/h2/emc/global/noscrub/terry.mcguinness
+++ config.base[62]: NOSCRUB=/lfs/h2/emc/global/noscrub/terry.mcguinness
+++ config.base[65]: export BASE_GIT=/lfs/h2/emc/global/save/emc.global/git
+++ config.base[65]: BASE_GIT=/lfs/h2/emc/global/save/emc.global/git
+++ config.base[68]: export DO_GOES=NO
+++ config.base[68]: DO_GOES=NO
+++ config.base[69]: export DO_BUFRSND=NO
+++ config.base[69]: DO_BUFRSND=NO
+++ config.base[70]: export DO_GEMPAK=NO
+++ config.base[70]: DO_GEMPAK=NO
+++ config.base[71]: export DO_AWIPS=NO
+++ config.base[71]: DO_AWIPS=NO
+++ config.base[72]: export DO_NPOESS=NO
+++ config.base[72]: DO_NPOESS=NO
+++ config.base[73]: export DO_TRACKER=YES
+++ config.base[73]: DO_TRACKER=YES
+++ config.base[74]: export DO_GENESIS=YES
+++ config.base[74]: DO_GENESIS=YES
+++ config.base[75]: export DO_GENESIS_FSU=NO
+++ config.base[75]: DO_GENESIS_FSU=NO
+++ config.base[76]: export DO_VERFOZN=YES
+++ config.base[76]: DO_VERFOZN=YES
+++ config.base[77]: export DO_VERFRAD=YES
+++ config.base[77]: DO_VERFRAD=YES
+++ config.base[78]: export DO_VMINMON=YES
+++ config.base[78]: DO_VMINMON=YES
+++ config.base[79]: export DO_MOS=NO
+++ config.base[79]: DO_MOS=NO
+++ config.base[85]: export REALTIME=YES
+++ config.base[85]: REALTIME=YES
+++ config.base[88]: export MODE=cycled
+++ config.base[88]: MODE=cycled
+++ config.base[97]: export FIXgsi=/lfs/h2/emc/global/noscrub/globalworkflow.ci/GFS_CI_ROOT/PR/2491/global-workflow/fix/gsi
+++ config.base[97]: FIXgsi=/lfs/h2/emc/global/noscrub/globalworkflow.ci/GFS_CI_ROOT/PR/2491/global-workflow/fix/gsi
+++ config.base[98]: export HOMEpost=/lfs/h2/emc/global/noscrub/globalworkflow.ci/GFS_CI_ROOT/PR/2491/global-workflow
+++ config.base[98]: HOMEpost=/lfs/h2/emc/global/noscrub/globalworkflow.ci/GFS_CI_ROOT/PR/2491/global-workflow
+++ config.base[99]: export HOMEobsproc=/lfs/h2/emc/global/save/emc.global/git/obsproc/v1.1.2
+++ config.base[99]: HOMEobsproc=/lfs/h2/emc/global/save/emc.global/git/obsproc/v1.1.2
+++ config.base[102]: export 'NCP=/bin/cp -p'
+++ config.base[102]: NCP='/bin/cp -p'
+++ config.base[103]: export NMV=/bin/mv
+++ config.base[103]: NMV=/bin/mv
+++ config.base[104]: export 'NLN=/bin/ln -sf'
+++ config.base[104]: NLN='/bin/ln -sf'
+++ config.base[105]: export VERBOSE=YES
+++ config.base[105]: VERBOSE=YES
+++ config.base[106]: export KEEPDATA=NO
+++ config.base[106]: KEEPDATA=NO
+++ config.base[107]: export DEBUG_POSTSCRIPT=NO
+++ config.base[107]: DEBUG_POSTSCRIPT=NO
+++ config.base[108]: export CHGRP_RSTPROD=YES
+++ config.base[108]: CHGRP_RSTPROD=YES
+++ config.base[109]: export 'CHGRP_CMD=chgrp rstprod'
+++ config.base[109]: CHGRP_CMD='chgrp rstprod'
+++ config.base[110]: export NCDUMP=/apps/prod/hpc-stack/intel-19.1.3.304/cray-mpich-8.1.4/netcdf/4.7.4/bin/ncdump
+++ config.base[110]: NCDUMP=/apps/prod/hpc-stack/intel-19.1.3.304/cray-mpich-8.1.4/netcdf/4.7.4/bin/ncdump
+++ config.base[111]: export NCLEN=/lfs/h2/emc/global/noscrub/globalworkflow.ci/GFS_CI_ROOT/PR/2491/global-workflow/ush/getncdimlen
+++ config.base[111]: NCLEN=/lfs/h2/emc/global/noscrub/globalworkflow.ci/GFS_CI_ROOT/PR/2491/global-workflow/ush/getncdimlen
+++ config.base[114]: export BASE_ENV=/lfs/h2/emc/global/noscrub/globalworkflow.ci/GFS_CI_ROOT/PR/2491/global-workflow/env
+++ config.base[114]: BASE_ENV=/lfs/h2/emc/global/noscrub/globalworkflow.ci/GFS_CI_ROOT/PR/2491/global-workflow/env
+++ config.base[115]: export BASE_JOB=/lfs/h2/emc/global/noscrub/globalworkflow.ci/GFS_CI_ROOT/PR/2491/global-workflow/jobs/rocoto
+++ config.base[115]: BASE_JOB=/lfs/h2/emc/global/noscrub/globalworkflow.ci/GFS_CI_ROOT/PR/2491/global-workflow/jobs/rocoto
+++ config.base[118]: export SDATE=2021122018
+++ config.base[118]: SDATE=2021122018
+++ config.base[119]: export EDATE=2021122106
+++ config.base[119]: EDATE=2021122106
+++ config.base[120]: export EXP_WARM_START=.false.
+++ config.base[120]: EXP_WARM_START=.false.
+++ config.base[121]: export assim_freq=6
+++ config.base[121]: assim_freq=6
+++ config.base[122]: export PSLOT=C96C48_hybatmDA_3be3bd57
+++ config.base[122]: PSLOT=C96C48_hybatmDA_3be3bd57
+++ config.base[123]: export EXPDIR=/lfs/h2/emc/global/noscrub/globalworkflow.ci/GFS_CI_ROOT/PR/2491/RUNTESTS/EXPDIR/C96C48_hybatmDA_3be3bd57
+++ config.base[123]: EXPDIR=/lfs/h2/emc/global/noscrub/globalworkflow.ci/GFS_CI_ROOT/PR/2491/RUNTESTS/EXPDIR/C96C48_hybatmDA_3be3bd57
+++ config.base[124]: export ROTDIR=/lfs/h2/emc/global/noscrub/globalworkflow.ci/GFS_CI_ROOT/PR/2491/RUNTESTS/COMROOT/C96C48_hybatmDA_3be3bd57
+++ config.base[124]: ROTDIR=/lfs/h2/emc/global/noscrub/globalworkflow.ci/GFS_CI_ROOT/PR/2491/RUNTESTS/COMROOT/C96C48_hybatmDA_3be3bd57
+++ config.base[125]: export ROTDIR_DUMP=YES
+++ config.base[125]: ROTDIR_DUMP=YES
+++ config.base[126]: export DUMP_SUFFIX=
+++ config.base[126]: DUMP_SUFFIX=
+++ config.base[127]: [[ 2021122018 -ge 2019092100 ]]
+++ config.base[127]: [[ 2021122018 -le 2019110700 ]]
+++ config.base[130]: export DATAROOT=/lfs/h2/emc/stmp/terry.mcguinness/RUNDIRS/C96C48_hybatmDA_3be3bd57
+++ config.base[130]: DATAROOT=/lfs/h2/emc/stmp/terry.mcguinness/RUNDIRS/C96C48_hybatmDA_3be3bd57
+++ config.base[131]: export RUNDIR=/lfs/h2/emc/stmp/terry.mcguinness/RUNDIRS/C96C48_hybatmDA_3be3bd57
+++ config.base[131]: RUNDIR=/lfs/h2/emc/stmp/terry.mcguinness/RUNDIRS/C96C48_hybatmDA_3be3bd57
+++ config.base[132]: export ARCDIR=/lfs/h2/emc/global/noscrub/terry.mcguinness/archive/C96C48_hybatmDA_3be3bd57
+++ config.base[132]: ARCDIR=/lfs/h2/emc/global/noscrub/terry.mcguinness/archive/C96C48_hybatmDA_3be3bd57
+++ config.base[133]: export ATARDIR=/NCEPDEV/emc-global/1year/terry.mcguinness/WCOSS2/scratch/C96C48_hybatmDA_3be3bd57
+++ config.base[133]: ATARDIR=/NCEPDEV/emc-global/1year/terry.mcguinness/WCOSS2/scratch/C96C48_hybatmDA_3be3bd57
+++ config.base[136]: export envir=prod
+++ config.base[136]: envir=prod
+++ config.base[137]: export NET=gfs
+++ config.base[137]: NET=gfs
+++ config.base[138]: export RUN=enkfgdas
+++ config.base[138]: RUN=enkfgdas
+++ config.base[144]: source /lfs/h2/emc/global/noscrub/globalworkflow.ci/GFS_CI_ROOT/PR/2491/RUNTESTS/EXPDIR/C96C48_hybatmDA_3be3bd57/config.com
++++ config.com[4]: echo 'BEGIN: config.com'
BEGIN: config.com
++++ config.com[37]: [[ emc == \n\c\o ]]
++++ config.com[41]: COM_OBS_TMPL='${ROTDIR}/${RUN}.${YMD}/${HH}/obs'
++++ config.com[42]: COM_RTOFS_TMPL='${DMPDIR}'
++++ config.com[44]: declare -rx COM_OBS_TMPL COM_RTOFS_TMPL
++++ config.com[45]: declare -rx 'COM_OBSDMP_TMPL=${DMPDIR}/${DUMP}${DUMP_SUFFIX}.${YMD}/${HH}/atmos'
++++ config.com[47]: COM_BASE='${ROTDIR}/${RUN}.${YMD}/${HH}/${MEMDIR}'
++++ config.com[49]: declare -rx 'COM_TOP_TMPL=${ROTDIR}/${RUN}.${YMD}/${HH}'
++++ config.com[51]: declare -rx 'COM_CONF_TMPL=${ROTDIR}/${RUN}.${YMD}/${HH}/${MEMDIR}/conf'
++++ config.com[52]: declare -rx 'COM_ATMOS_INPUT_TMPL=${ROTDIR}/${RUN}.${YMD}/${HH}/${MEMDIR}/model_data/atmos/input'
++++ config.com[53]: declare -rx 'COM_ATMOS_RESTART_TMPL=${ROTDIR}/${RUN}.${YMD}/${HH}/${MEMDIR}/model_data/atmos/restart'
++++ config.com[54]: declare -rx 'COM_ATMOS_ANALYSIS_TMPL=${ROTDIR}/${RUN}.${YMD}/${HH}/${MEMDIR}/analysis/atmos'
++++ config.com[55]: declare -rx 'COM_SNOW_ANALYSIS_TMPL=${ROTDIR}/${RUN}.${YMD}/${HH}/${MEMDIR}/analysis/snow'
++++ config.com[56]: declare -rx 'COM_ATMOS_HISTORY_TMPL=${ROTDIR}/${RUN}.${YMD}/${HH}/${MEMDIR}/model_data/atmos/history'
++++ config.com[57]: declare -rx 'COM_ATMOS_MASTER_TMPL=${ROTDIR}/${RUN}.${YMD}/${HH}/${MEMDIR}/model_data/atmos/master'
++++ config.com[58]: declare -rx 'COM_ATMOS_GRIB_TMPL=${ROTDIR}/${RUN}.${YMD}/${HH}/${MEMDIR}/products/atmos/grib2'
++++ config.com[59]: declare -rx 'COM_ATMOS_GRIB_GRID_TMPL=${ROTDIR}/${RUN}.${YMD}/${HH}/${MEMDIR}/products/atmos/grib2/${GRID}'
++++ config.com[60]: declare -rx 'COM_ATMOS_BUFR_TMPL=${ROTDIR}/${RUN}.${YMD}/${HH}/${MEMDIR}/products/atmos/bufr'
++++ config.com[61]: declare -rx 'COM_ATMOS_GEMPAK_TMPL=${ROTDIR}/${RUN}.${YMD}/${HH}/${MEMDIR}/products/atmos/gempak/${GRID}'
++++ config.com[62]: declare -rx 'COM_ATMOS_GENESIS_TMPL=${ROTDIR}/${RUN}.${YMD}/${HH}/${MEMDIR}/products/atmos/cyclone/genesis_vital'
++++ config.com[63]: declare -rx 'COM_ATMOS_TRACK_TMPL=${ROTDIR}/${RUN}.${YMD}/${HH}/${MEMDIR}/products/atmos/cyclone/tracks'
++++ config.com[64]: declare -rx 'COM_ATMOS_GOES_TMPL=${ROTDIR}/${RUN}.${YMD}/${HH}/${MEMDIR}/products/atmos/goes_sim'
++++ config.com[65]: declare -rx 'COM_ATMOS_IMAGERY_TMPL=${ROTDIR}/${RUN}.${YMD}/${HH}/${MEMDIR}/products/atmos/imagery'
++++ config.com[66]: declare -rx 'COM_ATMOS_OZNMON_TMPL=${ROTDIR}/${RUN}.${YMD}/${HH}/${MEMDIR}/products/atmos/oznmon'
++++ config.com[67]: declare -rx 'COM_ATMOS_RADMON_TMPL=${ROTDIR}/${RUN}.${YMD}/${HH}/${MEMDIR}/products/atmos/radmon'
++++ config.com[68]: declare -rx 'COM_ATMOS_MINMON_TMPL=${ROTDIR}/${RUN}.${YMD}/${HH}/${MEMDIR}/products/atmos/minmon'
++++ config.com[69]: declare -rx 'COM_ATMOS_WMO_TMPL=${ROTDIR}/${RUN}.${YMD}/${HH}/${MEMDIR}/products/atmos/wmo'
++++ config.com[71]: declare -rx 'COM_WAVE_RESTART_TMPL=${ROTDIR}/${RUN}.${YMD}/${HH}/${MEMDIR}/model_data/wave/restart'
++++ config.com[72]: declare -rx 'COM_WAVE_PREP_TMPL=${ROTDIR}/${RUN}.${YMD}/${HH}/${MEMDIR}/model_data/wave/prep'
++++ config.com[73]: declare -rx 'COM_WAVE_HISTORY_TMPL=${ROTDIR}/${RUN}.${YMD}/${HH}/${MEMDIR}/model_data/wave/history'
++++ config.com[74]: declare -rx 'COM_WAVE_GRID_TMPL=${ROTDIR}/${RUN}.${YMD}/${HH}/${MEMDIR}/products/wave/gridded'
++++ config.com[75]: declare -rx 'COM_WAVE_STATION_TMPL=${ROTDIR}/${RUN}.${YMD}/${HH}/${MEMDIR}/products/wave/station'
++++ config.com[76]: declare -rx 'COM_WAVE_GEMPAK_TMPL=${ROTDIR}/${RUN}.${YMD}/${HH}/${MEMDIR}/products/wave/gempak'
++++ config.com[77]: declare -rx 'COM_WAVE_WMO_TMPL=${ROTDIR}/${RUN}.${YMD}/${HH}/${MEMDIR}/products/wave/wmo'
++++ config.com[79]: declare -rx 'COM_OCEAN_HISTORY_TMPL=${ROTDIR}/${RUN}.${YMD}/${HH}/${MEMDIR}/model_data/ocean/history'
++++ config.com[80]: declare -rx 'COM_OCEAN_RESTART_TMPL=${ROTDIR}/${RUN}.${YMD}/${HH}/${MEMDIR}/model_data/ocean/restart'
++++ config.com[81]: declare -rx 'COM_OCEAN_INPUT_TMPL=${ROTDIR}/${RUN}.${YMD}/${HH}/${MEMDIR}/model_data/ocean/input'
++++ config.com[82]: declare -rx 'COM_OCEAN_ANALYSIS_TMPL=${ROTDIR}/${RUN}.${YMD}/${HH}/${MEMDIR}/analysis/ocean'
++++ config.com[83]: declare -rx 'COM_OCEAN_NETCDF_TMPL=${ROTDIR}/${RUN}.${YMD}/${HH}/${MEMDIR}/products/ocean/netcdf'
++++ config.com[84]: declare -rx 'COM_OCEAN_GRIB_TMPL=${ROTDIR}/${RUN}.${YMD}/${HH}/${MEMDIR}/products/ocean/grib2'
++++ config.com[85]: declare -rx 'COM_OCEAN_GRIB_GRID_TMPL=${ROTDIR}/${RUN}.${YMD}/${HH}/${MEMDIR}/products/ocean/grib2/${GRID}'
++++ config.com[87]: declare -rx 'COM_ICE_INPUT_TMPL=${ROTDIR}/${RUN}.${YMD}/${HH}/${MEMDIR}/model_data/ice/input'
++++ config.com[88]: declare -rx 'COM_ICE_HISTORY_TMPL=${ROTDIR}/${RUN}.${YMD}/${HH}/${MEMDIR}/model_data/ice/history'
++++ config.com[89]: declare -rx 'COM_ICE_RESTART_TMPL=${ROTDIR}/${RUN}.${YMD}/${HH}/${MEMDIR}/model_data/ice/restart'
++++ config.com[90]: declare -rx 'COM_ICE_NETCDF_TMPL=${ROTDIR}/${RUN}.${YMD}/${HH}/${MEMDIR}/products/ice/netcdf'
++++ config.com[91]: declare -rx 'COM_ICE_GRIB_TMPL=${ROTDIR}/${RUN}.${YMD}/${HH}/${MEMDIR}/products/ice/grib2'
++++ config.com[92]: declare -rx 'COM_ICE_GRIB_GRID_TMPL=${ROTDIR}/${RUN}.${YMD}/${HH}/${MEMDIR}/products/ice/grib2/${GRID}'
++++ config.com[94]: declare -rx 'COM_CHEM_HISTORY_TMPL=${ROTDIR}/${RUN}.${YMD}/${HH}/${MEMDIR}/model_data/chem/history'
++++ config.com[95]: declare -rx 'COM_CHEM_ANALYSIS_TMPL=${ROTDIR}/${RUN}.${YMD}/${HH}/${MEMDIR}/analysis/chem'
++++ config.com[97]: declare -rx 'COM_MED_RESTART_TMPL=${ROTDIR}/${RUN}.${YMD}/${HH}/${MEMDIR}/model_data/med/restart'
+++ config.base[147]: export 'ERRSCRIPT=eval [[ $err = 0 ]]'
+++ config.base[147]: ERRSCRIPT='eval [[ $err = 0 ]]'
+++ config.base[148]: export LOGSCRIPT=
+++ config.base[148]: LOGSCRIPT=
+++ config.base[151]: export 'REDOUT=1>'
+++ config.base[151]: REDOUT='1>'
+++ config.base[152]: export 'REDERR=2>'
+++ config.base[152]: REDERR='2>'
+++ config.base[154]: export SENDECF=NO
+++ config.base[154]: SENDECF=NO
+++ config.base[155]: export SENDSDM=NO
+++ config.base[155]: SENDSDM=NO
+++ config.base[156]: export SENDDBN_NTC=NO
+++ config.base[156]: SENDDBN_NTC=NO
+++ config.base[157]: export SENDDBN=NO
+++ config.base[157]: SENDDBN=NO
+++ config.base[158]: export DBNROOT=/apps/ops/prod/nco/core/prod_util.v2.0.9/fakedbn
+++ config.base[158]: DBNROOT=/apps/ops/prod/nco/core/prod_util.v2.0.9/fakedbn
+++ config.base[161]: export APP=ATM
+++ config.base[161]: APP=ATM
+++ config.base[163]: shopt -s extglob
+++ config.base[165]: case "${RUN}" in
+++ config.base[167]: APP=ATM
+++ config.base[172]: shopt -u extglob
+++ config.base[175]: export DO_ATM=YES
+++ config.base[175]: DO_ATM=YES
+++ config.base[176]: export DO_COUPLED=NO
+++ config.base[176]: DO_COUPLED=NO
+++ config.base[177]: export DO_WAVE=NO
+++ config.base[177]: DO_WAVE=NO
+++ config.base[178]: export DO_OCN=NO
+++ config.base[178]: DO_OCN=NO
+++ config.base[179]: export DO_ICE=NO
+++ config.base[179]: DO_ICE=NO
+++ config.base[180]: export DO_AERO=NO
+++ config.base[180]: DO_AERO=NO
+++ config.base[181]: export AERO_FCST_CDUMP=
+++ config.base[181]: AERO_FCST_CDUMP=
+++ config.base[182]: export AERO_ANL_CDUMP=
+++ config.base[182]: AERO_ANL_CDUMP=
+++ config.base[183]: export WAVE_CDUMP=
+++ config.base[183]: WAVE_CDUMP=
+++ config.base[184]: export DOBNDPNT_WAVE=NO
+++ config.base[184]: DOBNDPNT_WAVE=NO
+++ config.base[185]: export DOIBP_WAV=NO
+++ config.base[185]: DOIBP_WAV=NO
+++ config.base[186]: export FRAC_GRID=.true.
+++ config.base[186]: FRAC_GRID=.true.
+++ config.base[187]: export DO_NEST=NO
+++ config.base[187]: DO_NEST=NO
+++ config.base[188]: [[ NO == \Y\E\S ]]
+++ config.base[192]: export ntiles=6
+++ config.base[192]: ntiles=6
+++ config.base[196]: export OPS_RES=C768
+++ config.base[196]: OPS_RES=C768
+++ config.base[199]: export LEVS=128
+++ config.base[199]: LEVS=128
+++ config.base[200]: export CASE=C96
+++ config.base[200]: CASE=C96
+++ config.base[201]: export CASE_ENS=C48
+++ config.base[201]: CASE_ENS=C48
+++ config.base[202]: export OCNRES=500
+++ config.base[202]: OCNRES=500
+++ config.base[203]: export ICERES=500
+++ config.base[203]: ICERES=500
+++ config.base[206]: case "${CASE}" in
+++ config.base[211]: export waveGRD=uglo_100km
+++ config.base[211]: waveGRD=uglo_100km
+++ config.base[225]: case "${APP}" in
+++ config.base[266]: [[ enkfgdas =~ gdas ]]
+++ config.base[267]: export FHCYC=1
+++ config.base[267]: FHCYC=1
+++ config.base[268]: export FTSFS=10
+++ config.base[268]: FTSFS=10
+++ config.base[274]: export FHMIN=0
+++ config.base[274]: FHMIN=0
+++ config.base[275]: export FHMAX=9
+++ config.base[275]: FHMAX=9
+++ config.base[276]: export FHOUT=3
+++ config.base[276]: FHOUT=3
+++ config.base[277]: export FHOUT_OCNICE=3
+++ config.base[277]: FHOUT_OCNICE=3
+++ config.base[280]: export EUPD_CYC=gdas
+++ config.base[280]: EUPD_CYC=gdas
+++ config.base[283]: export gfs_cyc=1
+++ config.base[283]: gfs_cyc=1
+++ config.base[286]: export FHMIN_GFS=0
+++ config.base[286]: FHMIN_GFS=0
+++ config.base[287]: export FHMAX_GFS=120
+++ config.base[287]: FHMAX_GFS=120
+++ config.base[288]: export FHOUT_GFS=3
+++ config.base[288]: FHOUT_GFS=3
+++ config.base[289]: export FHMAX_HF_GFS=0
+++ config.base[289]: FHMAX_HF_GFS=0
+++ config.base[290]: export FHOUT_HF_GFS=1
+++ config.base[290]: FHOUT_HF_GFS=1
+++ config.base[291]: export FHOUT_OCNICE_GFS=6
+++ config.base[291]: FHOUT_OCNICE_GFS=6
+++ config.base[292]: export FHMIN_WAV=0
+++ config.base[292]: FHMIN_WAV=0
+++ config.base[293]: export FHOUT_WAV=3
+++ config.base[293]: FHOUT_WAV=3
+++ config.base[294]: export FHMAX_HF_WAV=120
+++ config.base[294]: FHMAX_HF_WAV=120
+++ config.base[295]: export FHOUT_HF_WAV=1
+++ config.base[295]: FHOUT_HF_WAV=1
+++ config.base[296]: export FHMAX_WAV=9
+++ config.base[296]: FHMAX_WAV=9
+++ config.base[297]: export FHMAX_WAV_GFS=120
+++ config.base[297]: FHMAX_WAV_GFS=120
+++ config.base[298]: ((  gfs_cyc != 0  ))
+++ config.base[299]: export STEP_GFS=24
+++ config.base[299]: STEP_GFS=24
+++ config.base[304]: export ILPOST=1
+++ config.base[304]: ILPOST=1
+++ config.base[305]: ((  FHMAX_HF_GFS < 120  ))
+++ config.base[306]: export ILPOST=3
+++ config.base[306]: ILPOST=3
+++ config.base[310]: export restart_interval_gfs=12
+++ config.base[310]: restart_interval_gfs=12
+++ config.base[315]: export QUILTING=.true.
+++ config.base[315]: QUILTING=.true.
+++ config.base[316]: export OUTPUT_GRID=gaussian_grid
+++ config.base[316]: OUTPUT_GRID=gaussian_grid
+++ config.base[317]: export WRITE_DOPOST=.true.
+++ config.base[317]: WRITE_DOPOST=.true.
+++ config.base[318]: export WRITE_NSFLIP=.true.
+++ config.base[318]: WRITE_NSFLIP=.true.
+++ config.base[321]: export DOIAU=YES
+++ config.base[321]: DOIAU=YES
+++ config.base[322]: export IAUFHRS=3,6,9
+++ config.base[322]: IAUFHRS=3,6,9
+++ config.base[323]: export IAU_FHROT=3
+++ config.base[323]: IAU_FHROT=3
+++ config.base[324]: export IAU_DELTHRS=6
+++ config.base[324]: IAU_DELTHRS=6
+++ config.base[325]: export IAU_OFFSET=6
+++ config.base[325]: IAU_OFFSET=6
+++ config.base[326]: export DOIAU_ENKF=YES
+++ config.base[326]: DOIAU_ENKF=YES
+++ config.base[327]: export IAUFHRS_ENKF=3,6,9
+++ config.base[327]: IAUFHRS_ENKF=3,6,9
+++ config.base[328]: export IAU_DELTHRS_ENKF=6
+++ config.base[328]: IAU_DELTHRS_ENKF=6
+++ config.base[331]: export lobsdiag_forenkf=.true.
+++ config.base[331]: lobsdiag_forenkf=.true.
+++ config.base[339]: export imp_physics=8
+++ config.base[339]: imp_physics=8
+++ config.base[343]: export DO_JEDIATMVAR=NO
+++ config.base[343]: DO_JEDIATMVAR=NO
+++ config.base[344]: export DO_JEDIATMENS=NO
+++ config.base[344]: DO_JEDIATMENS=NO
+++ config.base[345]: export DO_JEDIOCNVAR=NO
+++ config.base[345]: DO_JEDIOCNVAR=NO
+++ config.base[346]: export DO_JEDISNOWDA=NO
+++ config.base[346]: DO_JEDISNOWDA=NO
+++ config.base[347]: export DO_MERGENSST=NO
+++ config.base[347]: DO_MERGENSST=NO
+++ config.base[350]: export DOHYBVAR=YES
+++ config.base[350]: DOHYBVAR=YES
+++ config.base[351]: export NMEM_ENS=2
+++ config.base[351]: NMEM_ENS=2
+++ config.base[352]: export SMOOTH_ENKF=NO
+++ config.base[352]: SMOOTH_ENKF=NO
+++ config.base[353]: export l4densvar=.true.
+++ config.base[353]: l4densvar=.true.
+++ config.base[354]: export lwrite4danl=.true.
+++ config.base[354]: lwrite4danl=.true.
+++ config.base[355]: export DO_CALC_INCREMENT=NO
+++ config.base[355]: DO_CALC_INCREMENT=NO
+++ config.base[358]: export NMEM_ENS_GFS=30
+++ config.base[358]: NMEM_ENS_GFS=30
+++ config.base[359]: export NMEM_ENS_GFS_OFFSET=20
+++ config.base[359]: NMEM_ENS_GFS_OFFSET=20
+++ config.base[360]: export DO_CALC_INCREMENT_ENKF_GFS=NO
+++ config.base[360]: DO_CALC_INCREMENT_ENKF_GFS=NO
+++ config.base[363]: [[ YES = \Y\E\S ]]
+++ config.base[364]: export FHMIN_ENKF=3
+++ config.base[364]: FHMIN_ENKF=3
+++ config.base[365]: export FHMAX_ENKF=9
+++ config.base[365]: FHMAX_ENKF=9
+++ config.base[366]: export FHMAX_ENKF_GFS=12
+++ config.base[366]: FHMAX_ENKF_GFS=12
+++ config.base[367]: export FHOUT_ENKF_GFS=3
+++ config.base[367]: FHOUT_ENKF_GFS=3
+++ config.base[368]: [[ .true. = \.\t\r\u\e\. ]]
+++ config.base[369]: export FHOUT=1
+++ config.base[369]: FHOUT=1
+++ config.base[370]: export FHOUT_ENKF=1
+++ config.base[370]: FHOUT_ENKF=1
+++ config.base[377]: [[ YES == \N\O ]]
+++ config.base[385]: export ENKF_SPREAD=YES
+++ config.base[385]: ENKF_SPREAD=YES
+++ config.base[388]: [[ cycled = \c\y\c\l\e\d ]]
+++ config.base[388]: [[ 2021122018 = \2\0\2\1\1\2\2\0\1\8 ]]
+++ config.base[388]: [[ .false. = \.\f\a\l\s\e\. ]]
+++ config.base[389]: export IAU_OFFSET=0
+++ config.base[389]: IAU_OFFSET=0
+++ config.base[390]: export IAU_FHROT=0
+++ config.base[390]: IAU_FHROT=0
+++ config.base[391]: export IAUFHRS=6
+++ config.base[391]: IAUFHRS=6
+++ config.base[394]: [[ YES = \N\O ]]
+++ config.base[398]: [[ YES == \Y\E\S ]]
+++ config.base[399]: export restart_interval_enkfgdas=3
+++ config.base[399]: restart_interval_enkfgdas=3
+++ config.base[404]: export restart_interval_enkfgfs=3
+++ config.base[404]: restart_interval_enkfgfs=3
+++ config.base[406]: [[ YES == \Y\E\S ]]
+++ config.base[407]: export restart_interval_gdas=3
+++ config.base[407]: restart_interval_gdas=3
+++ config.base[412]: export GSI_SOILANAL=NO
+++ config.base[412]: GSI_SOILANAL=NO
+++ config.base[415]: export DONST=YES
+++ config.base[415]: DONST=YES
+++ config.base[416]: [[ YES = \Y\E\S ]]
+++ config.base[416]: export 'FNTSFA=        '
+++ config.base[416]: FNTSFA='        '
+++ config.base[419]: export nst_anl=.true.
+++ config.base[419]: nst_anl=.true.
+++ config.base[422]: export MAKE_NSSTBUFR=NO
+++ config.base[422]: MAKE_NSSTBUFR=NO
+++ config.base[425]: export MAKE_ACFTBUFR=NO
+++ config.base[425]: MAKE_ACFTBUFR=NO
+++ config.base[428]: export 'INCREMENTS_TO_ZERO='\''liq_wat_inc'\'','\''icmr_inc'\'','\''rwmr_inc'\'','\''snmr_inc'\'','\''grle_inc'\'''
+++ config.base[428]: INCREMENTS_TO_ZERO=''\''liq_wat_inc'\'','\''icmr_inc'\'','\''rwmr_inc'\'','\''snmr_inc'\'','\''grle_inc'\'''
+++ config.base[431]: export 'INCVARS_ZERO_STRAT='\''sphum_inc'\'','\''liq_wat_inc'\'','\''icmr_inc'\'','\''rwmr_inc'\'','\''snmr_inc'\'','\''grle_inc'\'''
+++ config.base[431]: INCVARS_ZERO_STRAT=''\''sphum_inc'\'','\''liq_wat_inc'\'','\''icmr_inc'\'','\''rwmr_inc'\'','\''snmr_inc'\'','\''grle_inc'\'''
+++ config.base[432]: export INCVARS_EFOLD=5
+++ config.base[432]: INCVARS_EFOLD=5
+++ config.base[437]: export netcdf_diag=.true.
+++ config.base[437]: netcdf_diag=.true.
+++ config.base[438]: export binary_diag=.false.
+++ config.base[438]: binary_diag=.false.
+++ config.base[441]: export DO_METP=NO
+++ config.base[441]: DO_METP=NO
+++ config.base[442]: export DO_FIT2OBS=YES
+++ config.base[442]: DO_FIT2OBS=YES
+++ config.base[443]: export DO_VRFY_OCEANDA=NO
+++ config.base[443]: DO_VRFY_OCEANDA=NO
+++ config.base[446]: export HPSSARCH=NO
+++ config.base[446]: HPSSARCH=NO
+++ config.base[447]: export LOCALARCH=NO
+++ config.base[447]: LOCALARCH=NO
+++ config.base[448]: [[ NO = \Y\E\S ]]
+++ config.base[452]: export ARCH_CYC=00
+++ config.base[452]: ARCH_CYC=00
+++ config.base[453]: export ARCH_WARMICFREQ=4
+++ config.base[453]: ARCH_WARMICFREQ=4
+++ config.base[454]: export ARCH_FCSTICFREQ=1
+++ config.base[454]: ARCH_FCSTICFREQ=1
+++ config.base[457]: export FITSARC=YES
+++ config.base[457]: FITSARC=YES
+++ config.base[458]: export FHMAX_FITS=132
+++ config.base[458]: FHMAX_FITS=132
+++ config.base[459]: [[ 132 -gt 120 ]]
+++ config.base[459]: export FHMAX_FITS=120
+++ config.base[459]: FHMAX_FITS=120
+++ config.base[462]: [[ NO = \Y\E\S ]]
+++ config.base[469]: export NUM_SND_COLLECTIVES=9
+++ config.base[469]: NUM_SND_COLLECTIVES=9
+++ config.base[471]: echo 'END: config.base'
END: config.base
++ jjob_header.sh[99]: status=0
++ jjob_header.sh[100]: ((  status != 0  ))
++ jjob_header.sh[97]: for config in "${configs[@]:-''}"
++ jjob_header.sh[98]: source /lfs/h2/emc/global/noscrub/globalworkflow.ci/GFS_CI_ROOT/PR/2491/RUNTESTS/EXPDIR/C96C48_hybatmDA_3be3bd57/config.earc
+++ config.earc[6]: echo 'BEGIN: config.earc'
BEGIN: config.earc
+++ config.earc[9]: . /lfs/h2/emc/global/noscrub/globalworkflow.ci/GFS_CI_ROOT/PR/2491/RUNTESTS/EXPDIR/C96C48_hybatmDA_3be3bd57/config.resources earc
++++ config.resources[7]: ((  1 != 1  ))
++++ config.resources[31]: step=earc
++++ config.resources[33]: echo 'BEGIN: config.resources'
BEGIN: config.resources
++++ config.resources[35]: case ${machine} in
++++ config.resources[36]: npe_node_max=128
++++ config.resources[71]: export npe_node_max
++++ config.resources[73]: case ${step} in
++++ config.resources[922]: declare -x wtime_earc=06:00:00
++++ config.resources[923]: declare -x npe_earc=1
++++ config.resources[924]: declare -x npe_node_earc=1
++++ config.resources[925]: declare -x nth_earc=1
++++ config.resources[926]: declare -x memory_earc=4096M
++++ config.resources[927]: [[ WCOSS2 == \W\C\O\S\S\2 ]]
++++ config.resources[928]: declare -x memory_earc=50GB
++++ config.resources[1285]: echo 'END: config.resources'
END: config.resources
+++ config.earc[12]: case "${CASE_ENS}" in
+++ config.earc[14]: export NMEM_EARCGRP=80
+++ config.earc[14]: NMEM_EARCGRP=80
+++ config.earc[32]: export RMOLDSTD_ENKF=144
+++ config.earc[32]: RMOLDSTD_ENKF=144
+++ config.earc[33]: export RMOLDEND_ENKF=24
+++ config.earc[33]: RMOLDEND_ENKF=24
+++ config.earc[35]: echo 'END: config.earc'
END: config.earc
++ jjob_header.sh[99]: status=0
++ jjob_header.sh[100]: ((  status != 0  ))
++ jjob_header.sh[110]: source /lfs/h2/emc/global/noscrub/globalworkflow.ci/GFS_CI_ROOT/PR/2491/global-workflow/env/WCOSS2.env earc
+++ WCOSS2.env[3]: [[ 1 -ne 1 ]]
+++ WCOSS2.env[15]: step=earc
+++ WCOSS2.env[18]: export 'launcher=mpiexec -l'
+++ WCOSS2.env[18]: launcher='mpiexec -l'
+++ WCOSS2.env[19]: export 'mpmd_opt=--cpu-bind verbose,core cfp'
+++ WCOSS2.env[19]: mpmd_opt='--cpu-bind verbose,core cfp'
+++ WCOSS2.env[21]: [[ earc = \p\r\e\p ]]
+++ WCOSS2.env[21]: [[ earc = \p\r\e\p\b\u\f\r ]]
+++ WCOSS2.env[30]: [[ earc = \p\r\e\p\s\n\o\w\o\b\s ]]
+++ WCOSS2.env[34]: [[ earc = \p\r\e\p\_\e\m\i\s\s\i\o\n\s ]]
+++ WCOSS2.env[38]: [[ earc = \w\a\v\e\i\n\i\t ]]
+++ WCOSS2.env[38]: [[ earc = \w\a\v\e\p\r\e\p ]]
+++ WCOSS2.env[38]: [[ earc = \w\a\v\e\p\o\s\t\s\b\s ]]
+++ WCOSS2.env[38]: [[ earc = \w\a\v\e\p\o\s\t\b\n\d\p\n\t ]]
+++ WCOSS2.env[38]: [[ earc = \w\a\v\e\p\o\s\t\b\n\d\p\n\t\b\l\l ]]
+++ WCOSS2.env[38]: [[ earc = \w\a\v\e\p\o\s\t\p\n\t ]]
+++ WCOSS2.env[45]: [[ earc = \a\t\m\a\n\l\v\a\r ]]
+++ WCOSS2.env[53]: [[ earc = \a\t\m\e\n\s\a\n\l\r\u\n ]]
+++ WCOSS2.env[61]: [[ earc = \a\e\r\o\a\n\l\r\u\n ]]
+++ WCOSS2.env[71]: [[ earc = \s\n\o\w\a\n\l ]]
+++ WCOSS2.env[81]: [[ earc = \a\t\m\a\n\l\f\v\3\i\n\c ]]
+++ WCOSS2.env[89]: [[ earc = \a\n\a\l ]]
+++ WCOSS2.env[89]: [[ earc = \a\n\a\l\c\a\l\c ]]
+++ WCOSS2.env[126]: [[ earc = \s\f\c\a\n\l ]]
+++ WCOSS2.env[135]: [[ earc = \e\o\b\s ]]
+++ WCOSS2.env[151]: [[ earc = \e\u\p\d ]]
+++ WCOSS2.env[168]: [[ earc = \f\c\s\t ]]
+++ WCOSS2.env[168]: [[ earc = \e\f\c\s ]]
+++ WCOSS2.env[195]: [[ earc = \u\p\p ]]
+++ WCOSS2.env[203]: [[ earc = \a\t\m\o\s\_\p\r\o\d\u\c\t\s ]]
+++ WCOSS2.env[207]: [[ earc = \o\c\e\a\n\i\c\e\_\p\r\o\d\u\c\t\s ]]
+++ WCOSS2.env[214]: [[ earc = \e\c\e\n ]]
+++ WCOSS2.env[234]: [[ earc = \e\s\f\c ]]
+++ WCOSS2.env[246]: [[ earc = \e\p\o\s ]]
+++ WCOSS2.env[254]: [[ earc = \p\o\s\t\s\n\d ]]
+++ WCOSS2.env[269]: [[ earc = \a\w\i\p\s ]]
+++ WCOSS2.env[277]: [[ earc = \g\e\m\p\a\k ]]
+++ WCOSS2.env[290]: [[ earc = \f\i\t\2\o\b\s ]]
+++ WCOSS2.env[298]: [[ earc = \w\a\v\e\a\w\i\p\s\b\u\l\l\s ]]
+++ WCOSS2.env[302]: [[ ear = \m\o\s ]]
++ jjob_header.sh[111]: status=0
++ jjob_header.sh[112]: ((  status != 0  ))
+ JGDAS_ENKF_ARCHIVE[10]: export CDUMP=gdas
+ JGDAS_ENKF_ARCHIVE[10]: CDUMP=gdas
+ JGDAS_ENKF_ARCHIVE[12]: YMD=20211220
+ JGDAS_ENKF_ARCHIVE[12]: HH=18
+ JGDAS_ENKF_ARCHIVE[12]: declare_from_tmpl -rx COM_TOP
+ bash_utils.sh[35]: [[ NO == \N\O ]]
+ bash_utils.sh[35]: set +x
declare_from_tmpl :: COM_TOP=/lfs/h2/emc/global/noscrub/globalworkflow.ci/GFS_CI_ROOT/PR/2491/RUNTESTS/COMROOT/C96C48_hybatmDA_3be3bd57/enkfgdas.20211220/18
+ JGDAS_ENKF_ARCHIVE[13]: MEMDIR=ensstat
+ JGDAS_ENKF_ARCHIVE[13]: YMD=20211220
+ JGDAS_ENKF_ARCHIVE[13]: HH=18
+ JGDAS_ENKF_ARCHIVE[13]: declare_from_tmpl -rx COM_ATMOS_ANALYSIS_ENSSTAT:COM_ATMOS_ANALYSIS_TMPL COM_ATMOS_HISTORY_ENSSTAT:COM_ATMOS_HISTORY_TMPL
+ bash_utils.sh[35]: [[ NO == \N\O ]]
+ bash_utils.sh[35]: set +x
declare_from_tmpl :: COM_ATMOS_ANALYSIS_ENSSTAT=/lfs/h2/emc/global/noscrub/globalworkflow.ci/GFS_CI_ROOT/PR/2491/RUNTESTS/COMROOT/C96C48_hybatmDA_3be3bd57/enkfgdas.20211220/18/ensstat/analysis/atmos
declare_from_tmpl :: COM_ATMOS_HISTORY_ENSSTAT=/lfs/h2/emc/global/noscrub/globalworkflow.ci/GFS_CI_ROOT/PR/2491/RUNTESTS/COMROOT/C96C48_hybatmDA_3be3bd57/enkfgdas.20211220/18/ensstat/model_data/atmos/history
+ JGDAS_ENKF_ARCHIVE[21]: /lfs/h2/emc/global/noscrub/globalworkflow.ci/GFS_CI_ROOT/PR/2491/global-workflow/scripts/exgdas_enkf_earc.py
Traceback (most recent call last):
  File "/lfs/h2/emc/global/noscrub/globalworkflow.ci/GFS_CI_ROOT/PR/2491/global-workflow/scripts/exgdas_enkf_earc.py", line 5, in <module>
    from pygfs.task.archive import Archive
  File "/lfs/h2/emc/global/noscrub/globalworkflow.ci/GFS_CI_ROOT/PR/2491/global-workflow/ush/python/pygfs/task/archive.py", line 17, in <module>
    class Archive(Task):
  File "/lfs/h2/emc/global/noscrub/globalworkflow.ci/GFS_CI_ROOT/PR/2491/global-workflow/ush/python/pygfs/task/archive.py", line 177, in Archive
    def _create_fileset(atardir_set: Dict[str, Any]) -> List:
  File "/lfs/h2/emc/global/noscrub/globalworkflow.ci/GFS_CI_ROOT/PR/2491/global-workflow/ush/python/wxflow/logger.py", line 252, in decorate
    log_name = name if name else func.__module__
AttributeError: 'staticmethod' object has no attribute '__module__'
+ JGDAS_ENKF_ARCHIVE[1]: postamble JGDAS_ENKF_ARCHIVE 1715944235 1
+ preamble.sh[70]: set +x
End JGDAS_ENKF_ARCHIVE at 11:10:41 with error code 1 (time elapsed: 00:00:06)
+ earc.sh[1]: postamble earc.sh 1715944234 1
+ preamble.sh[70]: set +x
End earc.sh at 11:10:41 with error code 1 (time elapsed: 00:00:07)
PBS: Running epilogue on parent mom node: cdxfer02...
##### Job 132135557.cbqs01 - PBS Job Script:
(Note: Duplicate #PBS entries are a function how PBS interprets and caches the original job script.)

#! /bin/sh
#PBS -N C96C48_hybatmDA_3be3bd57_enkfgdasearc01_18
#PBS -A GFS-DEV
#PBS -q dev_transfer
#PBS -l walltime=06:00:00
#PBS -l select=1:mpiprocs=1:ompthreads=1:ncpus=1:mem=50GB
#PBS -j oe -o /lfs/h2/emc/global/noscrub/globalworkflow.ci/GFS_CI_ROOT/PR/2491/RUNTESTS/COMROOT/C96C48_hybatmDA_3be3bd57/logs/2021122018/enkfgdasearc01.log
#PBS -l place=vscatter:shared
export RUN_ENVIR='emc'
export HOMEgfs='/lfs/h2/emc/global/noscrub/globalworkflow.ci/GFS_CI_ROOT/PR/2491/global-workflow'
export EXPDIR='/lfs/h2/emc/global/noscrub/globalworkflow.ci/GFS_CI_ROOT/PR/2491/RUNTESTS/EXPDIR/C96C48_hybatmDA_3be3bd57'
export NET='gfs'
export CDUMP='enkfgdas'
export RUN='enkfgdas'
export CDATE='2021122018'
export PDY='20211220'
export cyc='18'
export COMROOT='/lfs/h2/emc/global/noscrub/globalworkflow.ci/GFS_CI_ROOT/PR/2491/RUNTESTS/COMROOT'
export DATAROOT='/lfs/h2/emc/stmp/terry.mcguinness/RUNDIRS/C96C48_hybatmDA_3be3bd57'
export ENSGRP='01'
set -x
/lfs/h2/emc/global/noscrub/globalworkflow.ci/GFS_CI_ROOT/PR/2491/global-workflow/jobs/rocoto/earc.sh
##### End of job script
------------------------------------------------------------------

