Begin analcalc.sh at Fri Aug  2 11:13:33 UTC 2024
+ analcalc.sh[7]: . /scratch1/NCEPDEV/global/CI/2795/gfs/ush/load_fv3gfs_modules.sh
++ load_fv3gfs_modules.sh[4]: [[ NO == \N\O ]]
++ load_fv3gfs_modules.sh[5]: echo 'Loading modules quietly...'
Loading modules quietly...
++ load_fv3gfs_modules.sh[6]: set +x
Running "module reset". Resetting modules to system default. The following $MODULEPATH directories have been removed: None

Currently Loaded Modules:
  1) contrib                          43) ip/4.3.0
  2) intel/2022.1.2                   44) grib-util/1.3.0
  3) stack-intel/2021.5.0             45) g2tmpl/1.10.2
  4) impi/2022.1.2                    46) gsi-ncdiag/1.1.2
  5) stack-intel-oneapi-mpi/2021.5.1  47) crtm-fix/2.4.0.1_emc
  6) gettext/0.19.8.1                 48) git-lfs/2.10.0
  7) libxcrypt/4.4.35                 49) crtm/2.4.0.1
  8) zlib/1.2.13                      50) openblas/0.3.24
  9) sqlite/3.43.2                    51) py-setuptools/63.4.3
 10) util-linux-uuid/2.38.1           52) py-numpy/1.23.4
 11) python/3.11.6                    53) bufr/11.7.0
 12) hpss/hpss                        54) gmake/3.82
 13) gempak/7.17.0                    55) wgrib2/2.0.8
 14) ncl/6.6.2                        56) py-f90nml/1.4.3
 15) libjpeg/2.1.0                    57) py-cftime/1.0.3.4
 16) jasper/2.0.32                    58) py-netcdf4/1.5.8
 17) libpng/1.6.37                    59) libyaml/0.2.5
 18) openjpeg/2.3.1                   60) py-pyyaml/6.0
 19) eccodes/2.32.0                   61) py-markupsafe/2.1.3
 20) fftw/3.3.10                      62) py-jinja2/3.1.2
 21) nghttp2/1.57.0                   63) py-bottleneck/1.3.7
 22) curl/8.4.0                       64) py-numexpr/2.8.4
 23) proj/8.1.0                       65) py-et-xmlfile/1.0.1
 24) udunits/2.2.28                   66) py-openpyxl/3.1.2
 25) cdo/2.2.0                        67) py-pytz/2023.3
 26) R/3.6.1                          68) py-pyxlsb/1.0.10
 27) perl/5.38.0                      69) py-xlrd/2.0.1
 28) pkg-config/0.27.1                70) py-xlsxwriter/3.1.7
 29) hdf5/1.14.0                      71) py-xlwt/1.3.0
 30) snappy/1.1.10                    72) py-pandas/1.5.3
 31) zstd/1.5.2                       73) py-six/1.16.0
 32) c-blosc/1.21.5                   74) py-python-dateutil/2.8.2
 33) netcdf-c/4.9.2                   75) g2c/1.6.4
 34) netcdf-fortran/4.6.1             76) netcdf-cxx4/4.3.1
 35) antlr/2.7.7                      77) met/9.1.3
 36) gsl/2.7.1                        78) metplus/3.1.1
 37) nco/5.0.6                        79) py-packaging/23.1
 38) bacio/2.4.1                      80) py-xarray/2023.7.0
 39) w3emc/2.10.0                     81) prepobs/1.0.2
 40) prod_util/2.1.1                  82) fit2obs/1.1.2
 41) g2/3.4.5                         83) module_base.hera
 42) sp/2.5.0

 

+ analcalc.sh[8]: status=0
+ analcalc.sh[9]: [[ 0 -ne 0 ]]
+ analcalc.sh[11]: export job=analcalc
+ analcalc.sh[11]: job=analcalc
+ analcalc.sh[12]: export jobid=analcalc.1563271
+ analcalc.sh[12]: jobid=analcalc.1563271
+ analcalc.sh[16]: /scratch1/NCEPDEV/global/CI/2795/gfs/jobs/JGLOBAL_ATMOS_ANALYSIS_CALC
Begin JGLOBAL_ATMOS_ANALYSIS_CALC at Fri Aug  2 11:13:36 UTC 2024
+ JGLOBAL_ATMOS_ANALYSIS_CALC[4]: source /scratch1/NCEPDEV/global/CI/2795/gfs/ush/jjob_header.sh -e analcalc -c 'base anal analcalc'
++ jjob_header.sh[44]: OPTIND=1
++ jjob_header.sh[45]: getopts c:e: option
++ jjob_header.sh[46]: case "${option}" in
++ jjob_header.sh[48]: env_job=analcalc
++ jjob_header.sh[45]: getopts c:e: option
++ jjob_header.sh[46]: case "${option}" in
++ jjob_header.sh[47]: read -ra configs
++ jjob_header.sh[45]: getopts c:e: option
++ jjob_header.sh[59]: shift 4
++ jjob_header.sh[61]: [[ -z analcalc ]]
++ jjob_header.sh[69]: export DATA=/scratch1/NCEPDEV/stmp2/Terry.McGuinness/RUNDIRS/C96C48_hybatmDA_9a2692e6/analcalc.1563271
++ jjob_header.sh[69]: DATA=/scratch1/NCEPDEV/stmp2/Terry.McGuinness/RUNDIRS/C96C48_hybatmDA_9a2692e6/analcalc.1563271
++ jjob_header.sh[70]: [[ YES == \Y\E\S ]]
++ jjob_header.sh[71]: rm -rf /scratch1/NCEPDEV/stmp2/Terry.McGuinness/RUNDIRS/C96C48_hybatmDA_9a2692e6/analcalc.1563271
++ jjob_header.sh[73]: mkdir -p /scratch1/NCEPDEV/stmp2/Terry.McGuinness/RUNDIRS/C96C48_hybatmDA_9a2692e6/analcalc.1563271
++ jjob_header.sh[74]: cd /scratch1/NCEPDEV/stmp2/Terry.McGuinness/RUNDIRS/C96C48_hybatmDA_9a2692e6/analcalc.1563271
++ jjob_header.sh[80]: export cycle=t00z
++ jjob_header.sh[80]: cycle=t00z
++ jjob_header.sh[81]: setpdy.sh
sed: can't read /scratch1/NCEPDEV/global/CI/2795/RUNTESTS/COMROOT/date/t00z: No such file or directory
 completed cleanly
 completed cleanly
Source PDY script to export PDYm7, ..., PDY, ..., PDYp7 variables.
++ jjob_header.sh[82]: source ./PDY
+++ PDY[1]: export PDYm7=20211214
+++ PDY[1]: PDYm7=20211214
+++ PDY[2]: export PDYm6=20211215
+++ PDY[2]: PDYm6=20211215
+++ PDY[3]: export PDYm5=20211216
+++ PDY[3]: PDYm5=20211216
+++ PDY[4]: export PDYm4=20211217
+++ PDY[4]: PDYm4=20211217
+++ PDY[5]: export PDYm3=20211218
+++ PDY[5]: PDYm3=20211218
+++ PDY[6]: export PDYm2=20211219
+++ PDY[6]: PDYm2=20211219
+++ PDY[7]: export PDYm1=20211220
+++ PDY[7]: PDYm1=20211220
+++ PDY[8]: export PDY=20211221
+++ PDY[8]: PDY=20211221
+++ PDY[9]: export PDYp1=20211222
+++ PDY[9]: PDYp1=20211222
+++ PDY[10]: export PDYp2=20211223
+++ PDY[10]: PDYp2=20211223
+++ PDY[11]: export PDYp3=20211224
+++ PDY[11]: PDYp3=20211224
+++ PDY[12]: export PDYp4=20211225
+++ PDY[12]: PDYp4=20211225
+++ PDY[13]: export PDYp5=20211226
+++ PDY[13]: PDYp5=20211226
+++ PDY[14]: export PDYp6=20211227
+++ PDY[14]: PDYp6=20211227
+++ PDY[15]: export PDYp7=20211228
+++ PDY[15]: PDYp7=20211228
++ jjob_header.sh[88]: export pid=1563566
++ jjob_header.sh[88]: pid=1563566
++ jjob_header.sh[89]: export pgmout=OUTPUT.1563566
++ jjob_header.sh[89]: pgmout=OUTPUT.1563566
++ jjob_header.sh[90]: export pgmerr=errfile
++ jjob_header.sh[90]: pgmerr=errfile
++ jjob_header.sh[96]: export EXPDIR=/scratch1/NCEPDEV/global/CI/2795/RUNTESTS/EXPDIR/C96C48_hybatmDA_9a2692e6
++ jjob_header.sh[96]: EXPDIR=/scratch1/NCEPDEV/global/CI/2795/RUNTESTS/EXPDIR/C96C48_hybatmDA_9a2692e6
++ jjob_header.sh[97]: for config in "${configs[@]:-''}"
++ jjob_header.sh[98]: source /scratch1/NCEPDEV/global/CI/2795/RUNTESTS/EXPDIR/C96C48_hybatmDA_9a2692e6/config.base
+++ config.base[6]: echo 'BEGIN: config.base'
BEGIN: config.base
+++ config.base[9]: export machine=HERA
+++ config.base[9]: machine=HERA
+++ config.base[12]: export RUN_ENVIR=emc
+++ config.base[12]: RUN_ENVIR=emc
+++ config.base[15]: export ACCOUNT=nems
+++ config.base[15]: ACCOUNT=nems
+++ config.base[16]: export QUEUE=batch
+++ config.base[16]: QUEUE=batch
+++ config.base[17]: export QUEUE_SERVICE=batch
+++ config.base[17]: QUEUE_SERVICE=batch
+++ config.base[18]: export PARTITION_BATCH=hera
+++ config.base[18]: PARTITION_BATCH=hera
+++ config.base[19]: export PARTITION_SERVICE=service
+++ config.base[19]: PARTITION_SERVICE=service
+++ config.base[20]: export RESERVATION=
+++ config.base[20]: RESERVATION=
+++ config.base[21]: export CLUSTERS=
+++ config.base[21]: CLUSTERS=
+++ config.base[24]: export HPSS_PROJECT=emc-global
+++ config.base[24]: HPSS_PROJECT=emc-global
+++ config.base[27]: export HOMEgfs=/scratch1/NCEPDEV/global/CI/2795/gfs
+++ config.base[27]: HOMEgfs=/scratch1/NCEPDEV/global/CI/2795/gfs
+++ config.base[28]: export EXECgfs=/scratch1/NCEPDEV/global/CI/2795/gfs/exec
+++ config.base[28]: EXECgfs=/scratch1/NCEPDEV/global/CI/2795/gfs/exec
+++ config.base[29]: export FIXgfs=/scratch1/NCEPDEV/global/CI/2795/gfs/fix
+++ config.base[29]: FIXgfs=/scratch1/NCEPDEV/global/CI/2795/gfs/fix
+++ config.base[30]: export PARMgfs=/scratch1/NCEPDEV/global/CI/2795/gfs/parm
+++ config.base[30]: PARMgfs=/scratch1/NCEPDEV/global/CI/2795/gfs/parm
+++ config.base[31]: export SCRgfs=/scratch1/NCEPDEV/global/CI/2795/gfs/scripts
+++ config.base[31]: SCRgfs=/scratch1/NCEPDEV/global/CI/2795/gfs/scripts
+++ config.base[32]: export USHgfs=/scratch1/NCEPDEV/global/CI/2795/gfs/ush
+++ config.base[32]: USHgfs=/scratch1/NCEPDEV/global/CI/2795/gfs/ush
+++ config.base[34]: export FIXam=/scratch1/NCEPDEV/global/CI/2795/gfs/fix/am
+++ config.base[34]: FIXam=/scratch1/NCEPDEV/global/CI/2795/gfs/fix/am
+++ config.base[35]: export FIXaer=/scratch1/NCEPDEV/global/CI/2795/gfs/fix/aer
+++ config.base[35]: FIXaer=/scratch1/NCEPDEV/global/CI/2795/gfs/fix/aer
+++ config.base[36]: export FIXcpl=/scratch1/NCEPDEV/global/CI/2795/gfs/fix/cpl
+++ config.base[36]: FIXcpl=/scratch1/NCEPDEV/global/CI/2795/gfs/fix/cpl
+++ config.base[37]: export FIXlut=/scratch1/NCEPDEV/global/CI/2795/gfs/fix/lut
+++ config.base[37]: FIXlut=/scratch1/NCEPDEV/global/CI/2795/gfs/fix/lut
+++ config.base[38]: export FIXcice=/scratch1/NCEPDEV/global/CI/2795/gfs/fix/cice
+++ config.base[38]: FIXcice=/scratch1/NCEPDEV/global/CI/2795/gfs/fix/cice
+++ config.base[39]: export FIXmom=/scratch1/NCEPDEV/global/CI/2795/gfs/fix/mom6
+++ config.base[39]: FIXmom=/scratch1/NCEPDEV/global/CI/2795/gfs/fix/mom6
+++ config.base[40]: export FIXreg2grb2=/scratch1/NCEPDEV/global/CI/2795/gfs/fix/reg2grb2
+++ config.base[40]: FIXreg2grb2=/scratch1/NCEPDEV/global/CI/2795/gfs/fix/reg2grb2
+++ config.base[41]: export FIXgdas=/scratch1/NCEPDEV/global/CI/2795/gfs/fix/gdas
+++ config.base[41]: FIXgdas=/scratch1/NCEPDEV/global/CI/2795/gfs/fix/gdas
+++ config.base[46]: export PACKAGEROOT=/scratch1/NCEPDEV/global/glopara/nwpara
+++ config.base[46]: PACKAGEROOT=/scratch1/NCEPDEV/global/glopara/nwpara
+++ config.base[47]: export COMROOT=/scratch1/NCEPDEV/global/CI/2795/RUNTESTS/COMROOT
+++ config.base[47]: COMROOT=/scratch1/NCEPDEV/global/CI/2795/RUNTESTS/COMROOT
+++ config.base[48]: export COMINsyn=/scratch1/NCEPDEV/global/glopara/com/gfs/prod/syndat
+++ config.base[48]: COMINsyn=/scratch1/NCEPDEV/global/glopara/com/gfs/prod/syndat
+++ config.base[49]: export DMPDIR=/scratch1/NCEPDEV/global/glopara/dump
+++ config.base[49]: DMPDIR=/scratch1/NCEPDEV/global/glopara/dump
+++ config.base[50]: export BASE_CPLIC=/scratch1/NCEPDEV/global/glopara/data/ICSDIR/prototype_ICs
+++ config.base[50]: BASE_CPLIC=/scratch1/NCEPDEV/global/glopara/data/ICSDIR/prototype_ICs
+++ config.base[54]: export COMINecmwf=/scratch1/NCEPDEV/global/glopara/data/external_gempak/ecmwf
+++ config.base[54]: COMINecmwf=/scratch1/NCEPDEV/global/glopara/data/external_gempak/ecmwf
+++ config.base[55]: export COMINnam=/scratch1/NCEPDEV/global/glopara/data/external_gempak/nam
+++ config.base[55]: COMINnam=/scratch1/NCEPDEV/global/glopara/data/external_gempak/nam
+++ config.base[56]: export COMINukmet=/scratch1/NCEPDEV/global/glopara/data/external_gempak/ukmet
+++ config.base[56]: COMINukmet=/scratch1/NCEPDEV/global/glopara/data/external_gempak/ukmet
+++ config.base[59]: export HOMEDIR=/scratch1/NCEPDEV/global/Terry.McGuinness
+++ config.base[59]: HOMEDIR=/scratch1/NCEPDEV/global/Terry.McGuinness
+++ config.base[60]: export STMP=/scratch1/NCEPDEV/stmp2/Terry.McGuinness
+++ config.base[60]: STMP=/scratch1/NCEPDEV/stmp2/Terry.McGuinness
+++ config.base[61]: export PTMP=/scratch1/NCEPDEV/stmp4/Terry.McGuinness
+++ config.base[61]: PTMP=/scratch1/NCEPDEV/stmp4/Terry.McGuinness
+++ config.base[62]: export NOSCRUB=/scratch1/NCEPDEV/global/Terry.McGuinness
+++ config.base[62]: NOSCRUB=/scratch1/NCEPDEV/global/Terry.McGuinness
+++ config.base[65]: export BASE_GIT=/scratch1/NCEPDEV/global/glopara/git
+++ config.base[65]: BASE_GIT=/scratch1/NCEPDEV/global/glopara/git
+++ config.base[68]: export DO_GOES=NO
+++ config.base[68]: DO_GOES=NO
+++ config.base[69]: export DO_BUFRSND=NO
+++ config.base[69]: DO_BUFRSND=NO
+++ config.base[70]: export DO_GEMPAK=NO
+++ config.base[70]: DO_GEMPAK=NO
+++ config.base[71]: export DO_AWIPS=NO
+++ config.base[71]: DO_AWIPS=NO
+++ config.base[72]: export DO_NPOESS=NO
+++ config.base[72]: DO_NPOESS=NO
+++ config.base[73]: export DO_TRACKER=YES
+++ config.base[73]: DO_TRACKER=YES
+++ config.base[74]: export DO_GENESIS=YES
+++ config.base[74]: DO_GENESIS=YES
+++ config.base[75]: export DO_GENESIS_FSU=NO
+++ config.base[75]: DO_GENESIS_FSU=NO
+++ config.base[76]: export DO_VERFOZN=YES
+++ config.base[76]: DO_VERFOZN=YES
+++ config.base[77]: export DO_VERFRAD=YES
+++ config.base[77]: DO_VERFRAD=YES
+++ config.base[78]: export DO_VMINMON=YES
+++ config.base[78]: DO_VMINMON=YES
+++ config.base[79]: export DO_MOS=NO
+++ config.base[79]: DO_MOS=NO
+++ config.base[85]: export REALTIME=YES
+++ config.base[85]: REALTIME=YES
+++ config.base[88]: export MODE=cycled
+++ config.base[88]: MODE=cycled
+++ config.base[97]: export FIXgsi=/scratch1/NCEPDEV/global/CI/2795/gfs/fix/gsi
+++ config.base[97]: FIXgsi=/scratch1/NCEPDEV/global/CI/2795/gfs/fix/gsi
+++ config.base[98]: export HOMEpost=/scratch1/NCEPDEV/global/CI/2795/gfs
+++ config.base[98]: HOMEpost=/scratch1/NCEPDEV/global/CI/2795/gfs
+++ config.base[99]: export HOMEobsproc=/scratch1/NCEPDEV/global/glopara/git/obsproc/v1.1.2
+++ config.base[99]: HOMEobsproc=/scratch1/NCEPDEV/global/glopara/git/obsproc/v1.1.2
+++ config.base[102]: export 'NCP=/bin/cp -p'
+++ config.base[102]: NCP='/bin/cp -p'
+++ config.base[103]: export NMV=/bin/mv
+++ config.base[103]: NMV=/bin/mv
+++ config.base[104]: export 'NLN=/bin/ln -sf'
+++ config.base[104]: NLN='/bin/ln -sf'
+++ config.base[105]: export VERBOSE=YES
+++ config.base[105]: VERBOSE=YES
+++ config.base[106]: export KEEPDATA=NO
+++ config.base[106]: KEEPDATA=NO
+++ config.base[107]: export DEBUG_POSTSCRIPT=NO
+++ config.base[107]: DEBUG_POSTSCRIPT=NO
+++ config.base[108]: export CHGRP_RSTPROD=YES
+++ config.base[108]: CHGRP_RSTPROD=YES
+++ config.base[109]: export 'CHGRP_CMD=chgrp rstprod'
+++ config.base[109]: CHGRP_CMD='chgrp rstprod'
+++ config.base[110]: export NCDUMP=/scratch1/NCEPDEV/nems/role.epic/spack-stack/spack-stack-1.6.0/envs/gsi-addon-dev-rocky8/install/intel/2021.5.0/netcdf-c-4.9.2-ejp7j3k/bin/ncdump
+++ config.base[110]: NCDUMP=/scratch1/NCEPDEV/nems/role.epic/spack-stack/spack-stack-1.6.0/envs/gsi-addon-dev-rocky8/install/intel/2021.5.0/netcdf-c-4.9.2-ejp7j3k/bin/ncdump
+++ config.base[111]: export NCLEN=/scratch1/NCEPDEV/global/CI/2795/gfs/ush/getncdimlen
+++ config.base[111]: NCLEN=/scratch1/NCEPDEV/global/CI/2795/gfs/ush/getncdimlen
+++ config.base[114]: export BASE_ENV=/scratch1/NCEPDEV/global/CI/2795/gfs/env
+++ config.base[114]: BASE_ENV=/scratch1/NCEPDEV/global/CI/2795/gfs/env
+++ config.base[115]: export BASE_JOB=/scratch1/NCEPDEV/global/CI/2795/gfs/jobs/rocoto
+++ config.base[115]: BASE_JOB=/scratch1/NCEPDEV/global/CI/2795/gfs/jobs/rocoto
+++ config.base[118]: export SDATE=2021122018
+++ config.base[118]: SDATE=2021122018
+++ config.base[119]: export EDATE=2021122106
+++ config.base[119]: EDATE=2021122106
+++ config.base[120]: export EXP_WARM_START=.false.
+++ config.base[120]: EXP_WARM_START=.false.
+++ config.base[121]: export assim_freq=6
+++ config.base[121]: assim_freq=6
+++ config.base[122]: export PSLOT=C96C48_hybatmDA_9a2692e6
+++ config.base[122]: PSLOT=C96C48_hybatmDA_9a2692e6
+++ config.base[123]: export EXPDIR=/scratch1/NCEPDEV/global/CI/2795/RUNTESTS/EXPDIR/C96C48_hybatmDA_9a2692e6
+++ config.base[123]: EXPDIR=/scratch1/NCEPDEV/global/CI/2795/RUNTESTS/EXPDIR/C96C48_hybatmDA_9a2692e6
+++ config.base[124]: export ROTDIR=/scratch1/NCEPDEV/global/CI/2795/RUNTESTS/COMROOT/C96C48_hybatmDA_9a2692e6
+++ config.base[124]: ROTDIR=/scratch1/NCEPDEV/global/CI/2795/RUNTESTS/COMROOT/C96C48_hybatmDA_9a2692e6
+++ config.base[125]: export ROTDIR_DUMP=YES
+++ config.base[125]: ROTDIR_DUMP=YES
+++ config.base[126]: export DUMP_SUFFIX=
+++ config.base[126]: DUMP_SUFFIX=
+++ config.base[127]: [[ 2021122100 -ge 2019092100 ]]
+++ config.base[127]: [[ 2021122100 -le 2019110700 ]]
+++ config.base[130]: export DATAROOT=/scratch1/NCEPDEV/stmp2/Terry.McGuinness/RUNDIRS/C96C48_hybatmDA_9a2692e6
+++ config.base[130]: DATAROOT=/scratch1/NCEPDEV/stmp2/Terry.McGuinness/RUNDIRS/C96C48_hybatmDA_9a2692e6
+++ config.base[131]: export ARCDIR=/scratch1/NCEPDEV/global/Terry.McGuinness/archive/C96C48_hybatmDA_9a2692e6
+++ config.base[131]: ARCDIR=/scratch1/NCEPDEV/global/Terry.McGuinness/archive/C96C48_hybatmDA_9a2692e6
+++ config.base[132]: export ATARDIR=/NCEPDEV/emc-global/1year/Terry.McGuinness/HERA/scratch/C96C48_hybatmDA_9a2692e6
+++ config.base[132]: ATARDIR=/NCEPDEV/emc-global/1year/Terry.McGuinness/HERA/scratch/C96C48_hybatmDA_9a2692e6
+++ config.base[135]: export envir=prod
+++ config.base[135]: envir=prod
+++ config.base[136]: export NET=gfs
+++ config.base[136]: NET=gfs
+++ config.base[137]: export RUN=gfs
+++ config.base[137]: RUN=gfs
+++ config.base[140]: source /scratch1/NCEPDEV/global/CI/2795/RUNTESTS/EXPDIR/C96C48_hybatmDA_9a2692e6/config.com
++++ config.com[4]: echo 'BEGIN: config.com'
BEGIN: config.com
++++ config.com[37]: [[ emc == \n\c\o ]]
++++ config.com[41]: COM_OBS_TMPL='${ROTDIR}/${RUN}.${YMD}/${HH}/obs'
++++ config.com[42]: COM_RTOFS_TMPL='${DMPDIR}'
++++ config.com[44]: declare -rx COM_OBS_TMPL COM_RTOFS_TMPL
++++ config.com[45]: declare -rx 'COM_OBSDMP_TMPL=${DMPDIR}/${DUMP}${DUMP_SUFFIX}.${YMD}/${HH}/atmos'
++++ config.com[47]: COM_BASE='${ROTDIR}/${RUN}.${YMD}/${HH}/${MEMDIR}'
++++ config.com[49]: declare -rx 'COM_TOP_TMPL=${ROTDIR}/${RUN}.${YMD}/${HH}'
++++ config.com[51]: declare -rx 'COM_CONF_TMPL=${ROTDIR}/${RUN}.${YMD}/${HH}/${MEMDIR}/conf'
++++ config.com[52]: declare -rx 'COM_OBS_JEDI=${ROTDIR}/${RUN}.${YMD}/${HH}/${MEMDIR}/obs_jedi'
++++ config.com[54]: declare -rx 'COM_ATMOS_INPUT_TMPL=${ROTDIR}/${RUN}.${YMD}/${HH}/${MEMDIR}/model_data/atmos/input'
++++ config.com[55]: declare -rx 'COM_ATMOS_RESTART_TMPL=${ROTDIR}/${RUN}.${YMD}/${HH}/${MEMDIR}/model_data/atmos/restart'
++++ config.com[56]: declare -rx 'COM_ATMOS_ANALYSIS_TMPL=${ROTDIR}/${RUN}.${YMD}/${HH}/${MEMDIR}/analysis/atmos'
++++ config.com[57]: declare -rx 'COM_SNOW_ANALYSIS_TMPL=${ROTDIR}/${RUN}.${YMD}/${HH}/${MEMDIR}/analysis/snow'
++++ config.com[58]: declare -rx 'COM_ATMOS_HISTORY_TMPL=${ROTDIR}/${RUN}.${YMD}/${HH}/${MEMDIR}/model_data/atmos/history'
++++ config.com[59]: declare -rx 'COM_ATMOS_MASTER_TMPL=${ROTDIR}/${RUN}.${YMD}/${HH}/${MEMDIR}/model_data/atmos/master'
++++ config.com[60]: declare -rx 'COM_ATMOS_GRIB_TMPL=${ROTDIR}/${RUN}.${YMD}/${HH}/${MEMDIR}/products/atmos/grib2'
++++ config.com[61]: declare -rx 'COM_ATMOS_GRIB_GRID_TMPL=${ROTDIR}/${RUN}.${YMD}/${HH}/${MEMDIR}/products/atmos/grib2/${GRID}'
++++ config.com[62]: declare -rx 'COM_ATMOS_BUFR_TMPL=${ROTDIR}/${RUN}.${YMD}/${HH}/${MEMDIR}/products/atmos/bufr'
++++ config.com[63]: declare -rx 'COM_ATMOS_GEMPAK_TMPL=${ROTDIR}/${RUN}.${YMD}/${HH}/${MEMDIR}/products/atmos/gempak/${GRID}'
++++ config.com[64]: declare -rx 'COM_ATMOS_GENESIS_TMPL=${ROTDIR}/${RUN}.${YMD}/${HH}/${MEMDIR}/products/atmos/cyclone/genesis_vital'
++++ config.com[65]: declare -rx 'COM_ATMOS_TRACK_TMPL=${ROTDIR}/${RUN}.${YMD}/${HH}/${MEMDIR}/products/atmos/cyclone/tracks'
++++ config.com[66]: declare -rx 'COM_ATMOS_GOES_TMPL=${ROTDIR}/${RUN}.${YMD}/${HH}/${MEMDIR}/products/atmos/goes_sim'
++++ config.com[67]: declare -rx 'COM_ATMOS_IMAGERY_TMPL=${ROTDIR}/${RUN}.${YMD}/${HH}/${MEMDIR}/products/atmos/imagery'
++++ config.com[68]: declare -rx 'COM_ATMOS_OZNMON_TMPL=${ROTDIR}/${RUN}.${YMD}/${HH}/${MEMDIR}/products/atmos/oznmon'
++++ config.com[69]: declare -rx 'COM_ATMOS_RADMON_TMPL=${ROTDIR}/${RUN}.${YMD}/${HH}/${MEMDIR}/products/atmos/radmon'
++++ config.com[70]: declare -rx 'COM_ATMOS_MINMON_TMPL=${ROTDIR}/${RUN}.${YMD}/${HH}/${MEMDIR}/products/atmos/minmon'
++++ config.com[71]: declare -rx 'COM_ATMOS_WMO_TMPL=${ROTDIR}/${RUN}.${YMD}/${HH}/${MEMDIR}/products/atmos/wmo'
++++ config.com[73]: declare -rx 'COM_WAVE_RESTART_TMPL=${ROTDIR}/${RUN}.${YMD}/${HH}/${MEMDIR}/model_data/wave/restart'
++++ config.com[74]: declare -rx 'COM_WAVE_PREP_TMPL=${ROTDIR}/${RUN}.${YMD}/${HH}/${MEMDIR}/model_data/wave/prep'
++++ config.com[75]: declare -rx 'COM_WAVE_HISTORY_TMPL=${ROTDIR}/${RUN}.${YMD}/${HH}/${MEMDIR}/model_data/wave/history'
++++ config.com[76]: declare -rx 'COM_WAVE_GRID_TMPL=${ROTDIR}/${RUN}.${YMD}/${HH}/${MEMDIR}/products/wave/gridded'
++++ config.com[77]: declare -rx 'COM_WAVE_STATION_TMPL=${ROTDIR}/${RUN}.${YMD}/${HH}/${MEMDIR}/products/wave/station'
++++ config.com[78]: declare -rx 'COM_WAVE_GEMPAK_TMPL=${ROTDIR}/${RUN}.${YMD}/${HH}/${MEMDIR}/products/wave/gempak'
++++ config.com[79]: declare -rx 'COM_WAVE_WMO_TMPL=${ROTDIR}/${RUN}.${YMD}/${HH}/${MEMDIR}/products/wave/wmo'
++++ config.com[81]: declare -rx 'COM_OCEAN_HISTORY_TMPL=${ROTDIR}/${RUN}.${YMD}/${HH}/${MEMDIR}/model_data/ocean/history'
++++ config.com[82]: declare -rx 'COM_OCEAN_RESTART_TMPL=${ROTDIR}/${RUN}.${YMD}/${HH}/${MEMDIR}/model_data/ocean/restart'
++++ config.com[83]: declare -rx 'COM_OCEAN_INPUT_TMPL=${ROTDIR}/${RUN}.${YMD}/${HH}/${MEMDIR}/model_data/ocean/input'
++++ config.com[84]: declare -rx 'COM_OCEAN_ANALYSIS_TMPL=${ROTDIR}/${RUN}.${YMD}/${HH}/${MEMDIR}/analysis/ocean'
++++ config.com[85]: declare -rx 'COM_OCEAN_BMATRIX_TMPL=${ROTDIR}/${RUN}.${YMD}/${HH}/${MEMDIR}/bmatrix/ocean'
++++ config.com[86]: declare -rx 'COM_OCEAN_NETCDF_TMPL=${ROTDIR}/${RUN}.${YMD}/${HH}/${MEMDIR}/products/ocean/netcdf'
++++ config.com[87]: declare -rx 'COM_OCEAN_GRIB_TMPL=${ROTDIR}/${RUN}.${YMD}/${HH}/${MEMDIR}/products/ocean/grib2'
++++ config.com[88]: declare -rx 'COM_OCEAN_GRIB_GRID_TMPL=${ROTDIR}/${RUN}.${YMD}/${HH}/${MEMDIR}/products/ocean/grib2/${GRID}'
++++ config.com[90]: declare -rx 'COM_ICE_ANALYSIS_TMPL=${ROTDIR}/${RUN}.${YMD}/${HH}/${MEMDIR}/analysis/ice'
++++ config.com[91]: declare -rx 'COM_ICE_BMATRIX_TMPL=${ROTDIR}/${RUN}.${YMD}/${HH}/${MEMDIR}/bmatrix/ice'
++++ config.com[92]: declare -rx 'COM_ICE_INPUT_TMPL=${ROTDIR}/${RUN}.${YMD}/${HH}/${MEMDIR}/model_data/ice/input'
++++ config.com[93]: declare -rx 'COM_ICE_HISTORY_TMPL=${ROTDIR}/${RUN}.${YMD}/${HH}/${MEMDIR}/model_data/ice/history'
++++ config.com[94]: declare -rx 'COM_ICE_RESTART_TMPL=${ROTDIR}/${RUN}.${YMD}/${HH}/${MEMDIR}/model_data/ice/restart'
++++ config.com[95]: declare -rx 'COM_ICE_NETCDF_TMPL=${ROTDIR}/${RUN}.${YMD}/${HH}/${MEMDIR}/products/ice/netcdf'
++++ config.com[96]: declare -rx 'COM_ICE_GRIB_TMPL=${ROTDIR}/${RUN}.${YMD}/${HH}/${MEMDIR}/products/ice/grib2'
++++ config.com[97]: declare -rx 'COM_ICE_GRIB_GRID_TMPL=${ROTDIR}/${RUN}.${YMD}/${HH}/${MEMDIR}/products/ice/grib2/${GRID}'
++++ config.com[99]: declare -rx 'COM_CHEM_HISTORY_TMPL=${ROTDIR}/${RUN}.${YMD}/${HH}/${MEMDIR}/model_data/chem/history'
++++ config.com[100]: declare -rx 'COM_CHEM_ANALYSIS_TMPL=${ROTDIR}/${RUN}.${YMD}/${HH}/${MEMDIR}/analysis/chem'
++++ config.com[102]: declare -rx 'COM_MED_RESTART_TMPL=${ROTDIR}/${RUN}.${YMD}/${HH}/${MEMDIR}/model_data/med/restart'
+++ config.base[143]: export 'ERRSCRIPT=eval [[ $err = 0 ]]'
+++ config.base[143]: ERRSCRIPT='eval [[ $err = 0 ]]'
+++ config.base[144]: export LOGSCRIPT=
+++ config.base[144]: LOGSCRIPT=
+++ config.base[147]: export 'REDOUT=1>'
+++ config.base[147]: REDOUT='1>'
+++ config.base[148]: export 'REDERR=2>'
+++ config.base[148]: REDERR='2>'
+++ config.base[150]: export SENDECF=NO
+++ config.base[150]: SENDECF=NO
+++ config.base[151]: export SENDSDM=NO
+++ config.base[151]: SENDSDM=NO
+++ config.base[152]: export SENDDBN_NTC=NO
+++ config.base[152]: SENDDBN_NTC=NO
+++ config.base[153]: export SENDDBN=NO
+++ config.base[153]: SENDDBN=NO
+++ config.base[154]: export DBNROOT=/scratch1/NCEPDEV/nems/role.epic/spack-stack/spack-stack-1.6.0/envs/gsi-addon-dev-rocky8/install/intel/2021.5.0/prod-util-2.1.1-4vpcrpl/fakedbn
+++ config.base[154]: DBNROOT=/scratch1/NCEPDEV/nems/role.epic/spack-stack/spack-stack-1.6.0/envs/gsi-addon-dev-rocky8/install/intel/2021.5.0/prod-util-2.1.1-4vpcrpl/fakedbn
+++ config.base[157]: export APP=ATM
+++ config.base[157]: APP=ATM
+++ config.base[159]: shopt -s extglob
+++ config.base[161]: case "${RUN}" in
+++ config.base[168]: shopt -u extglob
+++ config.base[171]: export DO_ATM=YES
+++ config.base[171]: DO_ATM=YES
+++ config.base[172]: export DO_COUPLED=NO
+++ config.base[172]: DO_COUPLED=NO
+++ config.base[173]: export DO_WAVE=NO
+++ config.base[173]: DO_WAVE=NO
+++ config.base[174]: export DO_OCN=NO
+++ config.base[174]: DO_OCN=NO
+++ config.base[175]: export DO_ICE=NO
+++ config.base[175]: DO_ICE=NO
+++ config.base[176]: export DO_AERO=NO
+++ config.base[176]: DO_AERO=NO
+++ config.base[177]: export DO_PREP_OBS_AERO=NO
+++ config.base[177]: DO_PREP_OBS_AERO=NO
+++ config.base[178]: export AERO_FCST_RUN=
+++ config.base[178]: AERO_FCST_RUN=
+++ config.base[179]: export AERO_ANL_RUN=
+++ config.base[179]: AERO_ANL_RUN=
+++ config.base[180]: export WAVE_RUN=
+++ config.base[180]: WAVE_RUN=
+++ config.base[181]: export DOBNDPNT_WAVE=NO
+++ config.base[181]: DOBNDPNT_WAVE=NO
+++ config.base[182]: export DOIBP_WAV=NO
+++ config.base[182]: DOIBP_WAV=NO
+++ config.base[183]: export FRAC_GRID=.true.
+++ config.base[183]: FRAC_GRID=.true.
+++ config.base[184]: export DO_NEST=NO
+++ config.base[184]: DO_NEST=NO
+++ config.base[185]: [[ NO == \Y\E\S ]]
+++ config.base[191]: export ntiles=6
+++ config.base[191]: ntiles=6
+++ config.base[192]: export FIXugwd=/scratch1/NCEPDEV/global/CI/2795/gfs/fix/ugwd
+++ config.base[192]: FIXugwd=/scratch1/NCEPDEV/global/CI/2795/gfs/fix/ugwd
+++ config.base[193]: export FIXorog=/scratch1/NCEPDEV/global/CI/2795/gfs/fix/orog
+++ config.base[193]: FIXorog=/scratch1/NCEPDEV/global/CI/2795/gfs/fix/orog
+++ config.base[197]: export OPS_RES=C768
+++ config.base[197]: OPS_RES=C768
+++ config.base[200]: export LEVS=128
+++ config.base[200]: LEVS=128
+++ config.base[201]: export CASE=C96
+++ config.base[201]: CASE=C96
+++ config.base[202]: export CASE_ENS=C48
+++ config.base[202]: CASE_ENS=C48
+++ config.base[203]: export OCNRES=500
+++ config.base[203]: OCNRES=500
+++ config.base[204]: export ICERES=500
+++ config.base[204]: ICERES=500
+++ config.base[207]: case "${CASE}" in
+++ config.base[212]: export waveGRD=uglo_100km
+++ config.base[212]: waveGRD=uglo_100km
+++ config.base[226]: case "${APP}" in
+++ config.base[267]: [[ gfs =~ gdas ]]
+++ config.base[270]: [[ gfs =~ gfs ]]
+++ config.base[271]: export FHCYC=24
+++ config.base[271]: FHCYC=24
+++ config.base[275]: export FHMIN=0
+++ config.base[275]: FHMIN=0
+++ config.base[276]: export FHMAX=9
+++ config.base[276]: FHMAX=9
+++ config.base[277]: export FHOUT=3
+++ config.base[277]: FHOUT=3
+++ config.base[278]: export FHOUT_OCN=3
+++ config.base[278]: FHOUT_OCN=3
+++ config.base[279]: export FHOUT_ICE=3
+++ config.base[279]: FHOUT_ICE=3
+++ config.base[282]: export EUPD_CYC=gdas
+++ config.base[282]: EUPD_CYC=gdas
+++ config.base[285]: export gfs_cyc=1
+++ config.base[285]: gfs_cyc=1
+++ config.base[288]: export FHMIN_GFS=0
+++ config.base[288]: FHMIN_GFS=0
+++ config.base[289]: export FHMAX_GFS=120
+++ config.base[289]: FHMAX_GFS=120
+++ config.base[291]: breakpnts=
+++ config.base[292]: export FCST_SEGMENTS=0,120
+++ config.base[292]: FCST_SEGMENTS=0,120
+++ config.base[293]: export FHOUT_GFS=3
+++ config.base[293]: FHOUT_GFS=3
+++ config.base[294]: export FHMAX_HF_GFS=0
+++ config.base[294]: FHMAX_HF_GFS=0
+++ config.base[295]: export FHOUT_HF_GFS=1
+++ config.base[295]: FHOUT_HF_GFS=1
+++ config.base[296]: export FHOUT_OCN_GFS=6
+++ config.base[296]: FHOUT_OCN_GFS=6
+++ config.base[297]: export FHOUT_ICE_GFS=6
+++ config.base[297]: FHOUT_ICE_GFS=6
+++ config.base[298]: export FHMIN_WAV=0
+++ config.base[298]: FHMIN_WAV=0
+++ config.base[299]: export FHOUT_WAV=3
+++ config.base[299]: FHOUT_WAV=3
+++ config.base[300]: export FHMAX_HF_WAV=120
+++ config.base[300]: FHMAX_HF_WAV=120
+++ config.base[301]: export FHOUT_HF_WAV=1
+++ config.base[301]: FHOUT_HF_WAV=1
+++ config.base[302]: export FHMAX_WAV=9
+++ config.base[302]: FHMAX_WAV=9
+++ config.base[303]: export FHMAX_WAV_GFS=120
+++ config.base[303]: FHMAX_WAV_GFS=120
+++ config.base[304]: ((  gfs_cyc != 0  ))
+++ config.base[305]: export STEP_GFS=24
+++ config.base[305]: STEP_GFS=24
+++ config.base[310]: export ILPOST=1
+++ config.base[310]: ILPOST=1
+++ config.base[311]: ((  FHMAX_HF_GFS < 120  ))
+++ config.base[312]: export ILPOST=3
+++ config.base[312]: ILPOST=3
+++ config.base[316]: export FHMAX_GOES=180
+++ config.base[316]: FHMAX_GOES=180
+++ config.base[317]: export FHOUT_GOES=3
+++ config.base[317]: FHOUT_GOES=3
+++ config.base[318]: ((  FHMAX_GOES > FHMAX_GFS  ))
+++ config.base[319]: export FHMAX_GOES=120
+++ config.base[319]: FHMAX_GOES=120
+++ config.base[323]: export restart_interval_gfs=12
+++ config.base[323]: restart_interval_gfs=12
+++ config.base[328]: export QUILTING=.true.
+++ config.base[328]: QUILTING=.true.
+++ config.base[329]: export OUTPUT_GRID=gaussian_grid
+++ config.base[329]: OUTPUT_GRID=gaussian_grid
+++ config.base[330]: export WRITE_DOPOST=.true.
+++ config.base[330]: WRITE_DOPOST=.true.
+++ config.base[331]: export WRITE_NSFLIP=.true.
+++ config.base[331]: WRITE_NSFLIP=.true.
+++ config.base[334]: export DOIAU=YES
+++ config.base[334]: DOIAU=YES
+++ config.base[335]: export IAUFHRS=3,6,9
+++ config.base[335]: IAUFHRS=3,6,9
+++ config.base[336]: export IAU_FHROT=3
+++ config.base[336]: IAU_FHROT=3
+++ config.base[337]: export IAU_DELTHRS=6
+++ config.base[337]: IAU_DELTHRS=6
+++ config.base[338]: export IAU_OFFSET=6
+++ config.base[338]: IAU_OFFSET=6
+++ config.base[339]: export DOIAU_ENKF=YES
+++ config.base[339]: DOIAU_ENKF=YES
+++ config.base[340]: export IAUFHRS_ENKF=3,6,9
+++ config.base[340]: IAUFHRS_ENKF=3,6,9
+++ config.base[341]: export IAU_DELTHRS_ENKF=6
+++ config.base[341]: IAU_DELTHRS_ENKF=6
+++ config.base[344]: export lobsdiag_forenkf=.true.
+++ config.base[344]: lobsdiag_forenkf=.true.
+++ config.base[352]: export imp_physics=8
+++ config.base[352]: imp_physics=8
+++ config.base[356]: export DO_JEDIATMVAR=NO
+++ config.base[356]: DO_JEDIATMVAR=NO
+++ config.base[357]: export DO_JEDIATMENS=NO
+++ config.base[357]: DO_JEDIATMENS=NO
+++ config.base[358]: export DO_JEDIOCNVAR=NO
+++ config.base[358]: DO_JEDIOCNVAR=NO
+++ config.base[359]: export DO_JEDISNOWDA=NO
+++ config.base[359]: DO_JEDISNOWDA=NO
+++ config.base[360]: export DO_MERGENSST=NO
+++ config.base[360]: DO_MERGENSST=NO
+++ config.base[363]: export DOHYBVAR=YES
+++ config.base[363]: DOHYBVAR=YES
+++ config.base[364]: export NMEM_ENS=2
+++ config.base[364]: NMEM_ENS=2
+++ config.base[365]: export SMOOTH_ENKF=NO
+++ config.base[365]: SMOOTH_ENKF=NO
+++ config.base[366]: export l4densvar=.true.
+++ config.base[366]: l4densvar=.true.
+++ config.base[367]: export lwrite4danl=.true.
+++ config.base[367]: lwrite4danl=.true.
+++ config.base[368]: export DO_CALC_INCREMENT=NO
+++ config.base[368]: DO_CALC_INCREMENT=NO
+++ config.base[371]: export NMEM_ENS_GFS=30
+++ config.base[371]: NMEM_ENS_GFS=30
+++ config.base[372]: export NMEM_ENS_GFS_OFFSET=20
+++ config.base[372]: NMEM_ENS_GFS_OFFSET=20
+++ config.base[373]: export DO_CALC_INCREMENT_ENKF_GFS=NO
+++ config.base[373]: DO_CALC_INCREMENT_ENKF_GFS=NO
+++ config.base[376]: [[ YES = \Y\E\S ]]
+++ config.base[377]: export FHMIN_ENKF=3
+++ config.base[377]: FHMIN_ENKF=3
+++ config.base[378]: export FHMAX_ENKF=9
+++ config.base[378]: FHMAX_ENKF=9
+++ config.base[379]: export FHMAX_ENKF_GFS=12
+++ config.base[379]: FHMAX_ENKF_GFS=12
+++ config.base[380]: export FHOUT_ENKF_GFS=3
+++ config.base[380]: FHOUT_ENKF_GFS=3
+++ config.base[381]: [[ .true. = \.\t\r\u\e\. ]]
+++ config.base[382]: export FHOUT=1
+++ config.base[382]: FHOUT=1
+++ config.base[383]: export FHOUT_ENKF=1
+++ config.base[383]: FHOUT_ENKF=1
+++ config.base[390]: [[ YES == \N\O ]]
+++ config.base[398]: export ENKF_SPREAD=YES
+++ config.base[398]: ENKF_SPREAD=YES
+++ config.base[401]: [[ cycled = \c\y\c\l\e\d ]]
+++ config.base[401]: [[ 2021122018 = \2\0\2\1\1\2\2\1\0\0 ]]
+++ config.base[401]: [[ YES = \N\O ]]
+++ config.base[401]: [[ cycled = \f\o\r\e\c\a\s\t\-\o\n\l\y ]]
+++ config.base[407]: [[ YES = \N\O ]]
+++ config.base[411]: [[ YES == \Y\E\S ]]
+++ config.base[412]: export restart_interval_enkfgdas=3
+++ config.base[412]: restart_interval_enkfgdas=3
+++ config.base[417]: export restart_interval_enkfgfs=3
+++ config.base[417]: restart_interval_enkfgfs=3
+++ config.base[419]: [[ YES == \Y\E\S ]]
+++ config.base[420]: export restart_interval_gdas=3
+++ config.base[420]: restart_interval_gdas=3
+++ config.base[425]: export GSI_SOILANAL=NO
+++ config.base[425]: GSI_SOILANAL=NO
+++ config.base[428]: export DONST=YES
+++ config.base[428]: DONST=YES
+++ config.base[429]: [[ YES = \Y\E\S ]]
+++ config.base[429]: export 'FNTSFA=        '
+++ config.base[429]: FNTSFA='        '
+++ config.base[432]: export nst_anl=.true.
+++ config.base[432]: nst_anl=.true.
+++ config.base[435]: export MAKE_NSSTBUFR=NO
+++ config.base[435]: MAKE_NSSTBUFR=NO
+++ config.base[438]: export MAKE_ACFTBUFR=NO
+++ config.base[438]: MAKE_ACFTBUFR=NO
+++ config.base[441]: export 'INCREMENTS_TO_ZERO='\''liq_wat_inc'\'','\''icmr_inc'\'','\''rwmr_inc'\'','\''snmr_inc'\'','\''grle_inc'\'''
+++ config.base[441]: INCREMENTS_TO_ZERO=''\''liq_wat_inc'\'','\''icmr_inc'\'','\''rwmr_inc'\'','\''snmr_inc'\'','\''grle_inc'\'''
+++ config.base[444]: export 'INCVARS_ZERO_STRAT='\''sphum_inc'\'','\''liq_wat_inc'\'','\''icmr_inc'\'','\''rwmr_inc'\'','\''snmr_inc'\'','\''grle_inc'\'''
+++ config.base[444]: INCVARS_ZERO_STRAT=''\''sphum_inc'\'','\''liq_wat_inc'\'','\''icmr_inc'\'','\''rwmr_inc'\'','\''snmr_inc'\'','\''grle_inc'\'''
+++ config.base[445]: export INCVARS_EFOLD=5
+++ config.base[445]: INCVARS_EFOLD=5
+++ config.base[450]: export netcdf_diag=.true.
+++ config.base[450]: netcdf_diag=.true.
+++ config.base[451]: export binary_diag=.false.
+++ config.base[451]: binary_diag=.false.
+++ config.base[454]: export DO_METP=YES
+++ config.base[454]: DO_METP=YES
+++ config.base[455]: export DO_FIT2OBS=YES
+++ config.base[455]: DO_FIT2OBS=YES
+++ config.base[456]: export DO_VRFY_OCEANDA=NO
+++ config.base[456]: DO_VRFY_OCEANDA=NO
+++ config.base[459]: export FHMAX_FITS=132
+++ config.base[459]: FHMAX_FITS=132
+++ config.base[460]: [[ 132 -gt 120 ]]
+++ config.base[460]: export FHMAX_FITS=120
+++ config.base[460]: FHMAX_FITS=120
+++ config.base[463]: export HPSSARCH=YES
+++ config.base[463]: HPSSARCH=YES
+++ config.base[464]: export LOCALARCH=NO
+++ config.base[464]: LOCALARCH=NO
+++ config.base[465]: [[ YES = \Y\E\S ]]
+++ config.base[465]: [[ NO = \Y\E\S ]]
+++ config.base[469]: export ARCH_CYC=00
+++ config.base[469]: ARCH_CYC=00
+++ config.base[470]: export ARCH_WARMICFREQ=4
+++ config.base[470]: ARCH_WARMICFREQ=4
+++ config.base[471]: export ARCH_FCSTICFREQ=1
+++ config.base[471]: ARCH_FCSTICFREQ=1
+++ config.base[474]: [[ NO = \Y\E\S ]]
+++ config.base[481]: export REPLAY_ICS=NO
+++ config.base[481]: REPLAY_ICS=NO
+++ config.base[482]: export OFFSET_START_HOUR=0
+++ config.base[482]: OFFSET_START_HOUR=0
+++ config.base[485]: export NUM_SND_COLLECTIVES=9
+++ config.base[485]: NUM_SND_COLLECTIVES=9
+++ config.base[487]: echo 'END: config.base'
END: config.base
++ jjob_header.sh[99]: status=0
++ jjob_header.sh[100]: ((  status != 0  ))
++ jjob_header.sh[97]: for config in "${configs[@]:-''}"
++ jjob_header.sh[98]: source /scratch1/NCEPDEV/global/CI/2795/RUNTESTS/EXPDIR/C96C48_hybatmDA_9a2692e6/config.anal
+++ config.anal[6]: echo 'BEGIN: config.anal'
BEGIN: config.anal
+++ config.anal[9]: . /scratch1/NCEPDEV/global/CI/2795/RUNTESTS/EXPDIR/C96C48_hybatmDA_9a2692e6/config.resources anal
++++ config.resources[10]: ((  1 != 1  ))
++++ config.resources[34]: step=anal
++++ config.resources[36]: echo 'BEGIN: config.resources'
BEGIN: config.resources
++++ config.resources[38]: case ${machine} in
++++ config.resources[45]: max_tasks_per_node=40
++++ config.resources[47]: mem_node_max=96GB
++++ config.resources[126]: export max_tasks_per_node
++++ config.resources[128]: case ${step} in
++++ config.resources[576]: walltime_gdas=01:20:00
++++ config.resources[577]: walltime_gfs=01:00:00
++++ config.resources[578]: case ${CASE} in
++++ config.resources[590]: ntasks_gdas=84
++++ config.resources[591]: ntasks_gfs=84
++++ config.resources[592]: threads_per_task=5
++++ config.resources[599]: tasks_per_node=8
++++ config.resources[600]: export threads_per_task_cycle=5
++++ config.resources[600]: threads_per_task_cycle=5
++++ config.resources[601]: export tasks_per_node_cycle=8
++++ config.resources[601]: tasks_per_node_cycle=8
++++ config.resources[602]: export is_exclusive=True
++++ config.resources[602]: is_exclusive=True
++++ config.resources[1282]: [[ -f /scratch1/NCEPDEV/global/CI/2795/RUNTESTS/EXPDIR/C96C48_hybatmDA_9a2692e6/config.resources.HERA ]]
++++ config.resources[1283]: source /scratch1/NCEPDEV/global/CI/2795/RUNTESTS/EXPDIR/C96C48_hybatmDA_9a2692e6/config.resources.HERA
+++++ config.resources.HERA[5]: case ${step} in
+++++ config.resources.HERA[7]: [[ C96 == \C\3\8\4 ]]
++++ config.resources[1287]: for resource_var in threads_per_task ntasks tasks_per_node NTASKS memory walltime
++++ config.resources[1288]: run_resource_var=threads_per_task_gfs
++++ config.resources[1289]: [[ -n '' ]]
++++ config.resources[1291]: [[ -n 0 ]]
++++ config.resources[1292]: export threads_per_task
++++ config.resources[1287]: for resource_var in threads_per_task ntasks tasks_per_node NTASKS memory walltime
++++ config.resources[1288]: run_resource_var=ntasks_gfs
++++ config.resources[1289]: [[ -n 0 ]]
++++ config.resources[1290]: declare -x ntasks=84
++++ config.resources[1287]: for resource_var in threads_per_task ntasks tasks_per_node NTASKS memory walltime
++++ config.resources[1288]: run_resource_var=tasks_per_node_gfs
++++ config.resources[1289]: [[ -n '' ]]
++++ config.resources[1291]: [[ -n 0 ]]
++++ config.resources[1292]: export tasks_per_node
++++ config.resources[1287]: for resource_var in threads_per_task ntasks tasks_per_node NTASKS memory walltime
++++ config.resources[1288]: run_resource_var=NTASKS_gfs
++++ config.resources[1289]: [[ -n '' ]]
++++ config.resources[1291]: [[ -n '' ]]
++++ config.resources[1287]: for resource_var in threads_per_task ntasks tasks_per_node NTASKS memory walltime
++++ config.resources[1288]: run_resource_var=memory_gfs
++++ config.resources[1289]: [[ -n '' ]]
++++ config.resources[1291]: [[ -n '' ]]
++++ config.resources[1287]: for resource_var in threads_per_task ntasks tasks_per_node NTASKS memory walltime
++++ config.resources[1288]: run_resource_var=walltime_gfs
++++ config.resources[1289]: [[ -n 0 ]]
++++ config.resources[1290]: declare -x walltime=01:00:00
++++ config.resources[1296]: echo 'END: config.resources'
END: config.resources
+++ config.anal[11]: [[ YES = \Y\E\S ]]
+++ config.anal[12]: . /scratch1/NCEPDEV/global/CI/2795/RUNTESTS/EXPDIR/C96C48_hybatmDA_9a2692e6/config.nsst
++++ config.nsst[6]: echo 'BEGIN: config.nsst'
BEGIN: config.nsst
++++ config.nsst[11]: export NST_MODEL=2
++++ config.nsst[11]: NST_MODEL=2
++++ config.nsst[14]: [[ NO == \Y\E\S ]]
++++ config.nsst[14]: [[ NO == \Y\E\S ]]
++++ config.nsst[19]: export NST_SPINUP=0
++++ config.nsst[19]: NST_SPINUP=0
++++ config.nsst[20]: cdate=2021122100
++++ config.nsst[21]: ((  cdate < 2017072000  ))
++++ config.nsst[26]: export NST_RESV=0
++++ config.nsst[26]: NST_RESV=0
++++ config.nsst[29]: export ZSEA1=0
++++ config.nsst[29]: ZSEA1=0
++++ config.nsst[30]: export ZSEA2=0
++++ config.nsst[30]: ZSEA2=0
++++ config.nsst[32]: export NST_GSI=3
++++ config.nsst[32]: NST_GSI=3
++++ config.nsst[36]: export NSTINFO=0
++++ config.nsst[36]: NSTINFO=0
++++ config.nsst[37]: ((  NST_GSI > 0  ))
++++ config.nsst[37]: export NSTINFO=4
++++ config.nsst[37]: NSTINFO=4
++++ config.nsst[39]: echo 'END: config.nsst'
END: config.nsst
+++ config.anal[15]: [[ gfs == \g\f\s ]]
+++ config.anal[16]: export USE_RADSTAT=NO
+++ config.anal[16]: USE_RADSTAT=NO
+++ config.anal[17]: export GENDIAG=NO
+++ config.anal[17]: GENDIAG=NO
+++ config.anal[18]: export 'SETUP=diag_rad=.false.,diag_pcp=.false.,diag_conv=.false.,diag_ozone=.false.,write_diag(3)=.false.,niter(2)=100,'
+++ config.anal[18]: SETUP='diag_rad=.false.,diag_pcp=.false.,diag_conv=.false.,diag_ozone=.false.,write_diag(3)=.false.,niter(2)=100,'
+++ config.anal[19]: export DIAG_TARBALL=YES
+++ config.anal[19]: DIAG_TARBALL=YES
+++ config.anal[23]: [[ 128 = \1\2\8 ]]
+++ config.anal[24]: export 'GRIDOPTS=nlayers(63)=1,nlayers(64)=1,'
+++ config.anal[24]: GRIDOPTS='nlayers(63)=1,nlayers(64)=1,'
+++ config.anal[25]: export 'SETUP=gpstop=55,nsig_ext=45,diag_rad=.false.,diag_pcp=.false.,diag_conv=.false.,diag_ozone=.false.,write_diag(3)=.false.,niter(2)=100,'
+++ config.anal[25]: SETUP='gpstop=55,nsig_ext=45,diag_rad=.false.,diag_pcp=.false.,diag_conv=.false.,diag_ozone=.false.,write_diag(3)=.false.,niter(2)=100,'
+++ config.anal[29]: export lobsdiag_forenkf=.false.
+++ config.anal[29]: lobsdiag_forenkf=.false.
+++ config.anal[33]: export GSNDBF=/dev/null
+++ config.anal[33]: GSNDBF=/dev/null
+++ config.anal[34]: export AMSREBF=/dev/null
+++ config.anal[34]: AMSREBF=/dev/null
+++ config.anal[35]: export SSMITBF=/dev/null
+++ config.anal[35]: SSMITBF=/dev/null
+++ config.anal[36]: export AMSR2BF=/dev/null
+++ config.anal[36]: AMSR2BF=/dev/null
+++ config.anal[41]: export CONVINFO=/scratch1/NCEPDEV/global/CI/2795/gfs/fix/gsi/global_convinfo.txt
+++ config.anal[41]: CONVINFO=/scratch1/NCEPDEV/global/CI/2795/gfs/fix/gsi/global_convinfo.txt
+++ config.anal[42]: export OZINFO=/scratch1/NCEPDEV/global/CI/2795/gfs/fix/gsi/global_ozinfo.txt
+++ config.anal[42]: OZINFO=/scratch1/NCEPDEV/global/CI/2795/gfs/fix/gsi/global_ozinfo.txt
+++ config.anal[43]: export SATINFO=/scratch1/NCEPDEV/global/CI/2795/gfs/fix/gsi/global_satinfo.txt
+++ config.anal[43]: SATINFO=/scratch1/NCEPDEV/global/CI/2795/gfs/fix/gsi/global_satinfo.txt
+++ config.anal[44]: export OBERROR=/scratch1/NCEPDEV/global/CI/2795/gfs/fix/gsi/prepobs_errtable.global
+++ config.anal[44]: OBERROR=/scratch1/NCEPDEV/global/CI/2795/gfs/fix/gsi/prepobs_errtable.global
+++ config.anal[46]: [[ NO = \Y\E\S ]]
+++ config.anal[55]: [[ emc == \e\m\c ]]
+++ config.anal[57]: [[ 2021122100 -ge 2019021900 ]]
+++ config.anal[57]: [[ 2021122100 -lt 2019110706 ]]
+++ config.anal[63]: [[ 2021122100 -ge 2019110706 ]]
+++ config.anal[63]: [[ 2021122100 -lt 2020040718 ]]
+++ config.anal[69]: [[ 2021122100 -ge 2020040718 ]]
+++ config.anal[69]: [[ 2021122100 -lt 2020052612 ]]
+++ config.anal[75]: [[ 2021122100 -ge 2020052612 ]]
+++ config.anal[75]: [[ 2021122100 -lt 2020082412 ]]
+++ config.anal[81]: [[ 2021122100 -ge 2020082412 ]]
+++ config.anal[81]: [[ 2021122100 -lt 2020091612 ]]
+++ config.anal[86]: [[ 2021122100 -ge 2020091612 ]]
+++ config.anal[86]: [[ 2021122100 -lt 2021031712 ]]
+++ config.anal[91]: [[ 2021122100 -ge 2021031712 ]]
+++ config.anal[91]: [[ 2021122100 -lt 2021091612 ]]
+++ config.anal[105]: [[ 2021122100 -ge 2020011600 ]]
+++ config.anal[105]: [[ 2021122100 -lt 2020011806 ]]
+++ config.anal[111]: [[ 2021122100 -ge 2019021900 ]]
+++ config.anal[111]: [[ 2021122100 -lt 2019110706 ]]
+++ config.anal[116]: [[ 2021122100 -ge 2019110706 ]]
+++ config.anal[116]: [[ 2021122100 -lt 2020022012 ]]
+++ config.anal[121]: [[ 2021122100 -ge 2020022012 ]]
+++ config.anal[121]: [[ 2021122100 -lt 2021052118 ]]
+++ config.anal[126]: [[ 2021122100 -ge 2021052118 ]]
+++ config.anal[126]: [[ 2021122100 -lt 2021092206 ]]
+++ config.anal[131]: [[ 2021122100 -ge 2021092206 ]]
+++ config.anal[131]: [[ 2021122100 -lt 2021102612 ]]
+++ config.anal[148]: export AIRS_CADS=.false.
+++ config.anal[148]: AIRS_CADS=.false.
+++ config.anal[149]: export CRIS_CADS=.false.
+++ config.anal[149]: CRIS_CADS=.false.
+++ config.anal[150]: export IASI_CADS=.false.
+++ config.anal[150]: IASI_CADS=.false.
+++ config.anal[152]: echo 'END: config.anal'
END: config.anal
++ jjob_header.sh[99]: status=0
++ jjob_header.sh[100]: ((  status != 0  ))
++ jjob_header.sh[97]: for config in "${configs[@]:-''}"
++ jjob_header.sh[98]: source /scratch1/NCEPDEV/global/CI/2795/RUNTESTS/EXPDIR/C96C48_hybatmDA_9a2692e6/config.analcalc
+++ config.analcalc[6]: echo 'BEGIN: config.analcalc'
BEGIN: config.analcalc
+++ config.analcalc[9]: . /scratch1/NCEPDEV/global/CI/2795/RUNTESTS/EXPDIR/C96C48_hybatmDA_9a2692e6/config.resources analcalc
++++ config.resources[10]: ((  1 != 1  ))
++++ config.resources[34]: step=analcalc
++++ config.resources[36]: echo 'BEGIN: config.resources'
BEGIN: config.resources
++++ config.resources[38]: case ${machine} in
++++ config.resources[45]: max_tasks_per_node=40
++++ config.resources[47]: mem_node_max=96GB
++++ config.resources[126]: export max_tasks_per_node
++++ config.resources[128]: case ${step} in
++++ config.resources[606]: walltime=00:15:00
++++ config.resources[607]: ntasks=127
++++ config.resources[608]: export ntasks_calcanl=127
++++ config.resources[608]: ntasks_calcanl=127
++++ config.resources[609]: threads_per_task=1
++++ config.resources[610]: tasks_per_node=40
++++ config.resources[611]: export threads_per_task_echgres_gdas=4
++++ config.resources[611]: threads_per_task_echgres_gdas=4
++++ config.resources[612]: export threads_per_task_echgres_gfs=12
++++ config.resources[612]: threads_per_task_echgres_gfs=12
++++ config.resources[613]: export is_exclusive=True
++++ config.resources[613]: is_exclusive=True
++++ config.resources[614]: memory=48GB
++++ config.resources[615]: [[ C96 == \C\3\8\4 ]]
++++ config.resources[615]: [[ C96 == \C\7\6\8 ]]
++++ config.resources[1282]: [[ -f /scratch1/NCEPDEV/global/CI/2795/RUNTESTS/EXPDIR/C96C48_hybatmDA_9a2692e6/config.resources.HERA ]]
++++ config.resources[1283]: source /scratch1/NCEPDEV/global/CI/2795/RUNTESTS/EXPDIR/C96C48_hybatmDA_9a2692e6/config.resources.HERA
+++++ config.resources.HERA[5]: case ${step} in
++++ config.resources[1287]: for resource_var in threads_per_task ntasks tasks_per_node NTASKS memory walltime
++++ config.resources[1288]: run_resource_var=threads_per_task_gfs
++++ config.resources[1289]: [[ -n '' ]]
++++ config.resources[1291]: [[ -n 0 ]]
++++ config.resources[1292]: export threads_per_task
++++ config.resources[1287]: for resource_var in threads_per_task ntasks tasks_per_node NTASKS memory walltime
++++ config.resources[1288]: run_resource_var=ntasks_gfs
++++ config.resources[1289]: [[ -n 0 ]]
++++ config.resources[1290]: declare -x ntasks=84
++++ config.resources[1287]: for resource_var in threads_per_task ntasks tasks_per_node NTASKS memory walltime
++++ config.resources[1288]: run_resource_var=tasks_per_node_gfs
++++ config.resources[1289]: [[ -n '' ]]
++++ config.resources[1291]: [[ -n 0 ]]
++++ config.resources[1292]: export tasks_per_node
++++ config.resources[1287]: for resource_var in threads_per_task ntasks tasks_per_node NTASKS memory walltime
++++ config.resources[1288]: run_resource_var=NTASKS_gfs
++++ config.resources[1289]: [[ -n '' ]]
++++ config.resources[1291]: [[ -n '' ]]
++++ config.resources[1287]: for resource_var in threads_per_task ntasks tasks_per_node NTASKS memory walltime
++++ config.resources[1288]: run_resource_var=memory_gfs
++++ config.resources[1289]: [[ -n '' ]]
++++ config.resources[1291]: [[ -n 0 ]]
++++ config.resources[1292]: export memory
++++ config.resources[1287]: for resource_var in threads_per_task ntasks tasks_per_node NTASKS memory walltime
++++ config.resources[1288]: run_resource_var=walltime_gfs
++++ config.resources[1289]: [[ -n 0 ]]
++++ config.resources[1290]: declare -x walltime=01:00:00
++++ config.resources[1296]: echo 'END: config.resources'
END: config.resources
+++ config.analcalc[11]: echo 'END: config.analcalc'
END: config.analcalc
++ jjob_header.sh[99]: status=0
++ jjob_header.sh[100]: ((  status != 0  ))
++ jjob_header.sh[110]: source /scratch1/NCEPDEV/global/CI/2795/gfs/env/HERA.env analcalc
+++ HERA.env[3]: [[ 1 -ne 1 ]]
+++ HERA.env[10]: step=analcalc
+++ HERA.env[12]: export 'launcher=srun -l --export=ALL'
+++ HERA.env[12]: launcher='srun -l --export=ALL'
+++ HERA.env[13]: export 'mpmd_opt=--multi-prog --output=mpmd.%j.%t.out'
+++ HERA.env[13]: mpmd_opt='--multi-prog --output=mpmd.%j.%t.out'
+++ HERA.env[24]: export OMP_STACKSIZE=2048000
+++ HERA.env[24]: OMP_STACKSIZE=2048000
+++ HERA.env[25]: export NTHSTACK=1024000000
+++ HERA.env[25]: NTHSTACK=1024000000
+++ HERA.env[29]: [[ -n 64348129 ]]
+++ HERA.env[30]: ulimit -s unlimited
+++ HERA.env[31]: ulimit -a
core file size          (blocks, -c) unlimited
data seg size           (kbytes, -d) unlimited
scheduling priority             (-e) 0
file size               (blocks, -f) unlimited
pending signals                 (-i) 379964
max locked memory       (kbytes, -l) unlimited
max memory size         (kbytes, -m) 50331648
open files                      (-n) 131072
pipe size            (512 bytes, -p) 8
POSIX message queues     (bytes, -q) 819200
real-time priority              (-r) 0
stack size              (kbytes, -s) unlimited
cpu time               (seconds, -t) unlimited
max user processes              (-u) 379964
virtual memory          (kbytes, -v) unlimited
file locks                      (-x) unlimited
+++ HERA.env[36]: [[ -n 84 ]]
+++ HERA.env[36]: [[ -n 40 ]]
+++ HERA.env[36]: [[ -n 40 ]]
+++ HERA.env[37]: max_threads_per_task=1
+++ HERA.env[38]: NTHREADSmax=1
+++ HERA.env[39]: NTHREADS1=1
+++ HERA.env[40]: [[ 1 -gt 1 ]]
+++ HERA.env[41]: [[ 1 -gt 1 ]]
+++ HERA.env[42]: APRUN='srun -l --export=ALL -n 84'
+++ HERA.env[48]: [[ analcalc = \p\r\e\p ]]
+++ HERA.env[48]: [[ analcalc = \p\r\e\p\b\u\f\r ]]
+++ HERA.env[55]: [[ analcalc = \p\r\e\p\s\n\o\w\o\b\s ]]
+++ HERA.env[59]: [[ analcalc = \p\r\e\p\_\e\m\i\s\s\i\o\n\s ]]
+++ HERA.env[63]: [[ analcalc = \w\a\v\e\i\n\i\t ]]
+++ HERA.env[63]: [[ analcalc = \w\a\v\e\p\r\e\p ]]
+++ HERA.env[63]: [[ analcalc = \w\a\v\e\p\o\s\t\s\b\s ]]
+++ HERA.env[63]: [[ analcalc = \w\a\v\e\p\o\s\t\b\n\d\p\n\t ]]
+++ HERA.env[63]: [[ analcalc = \w\a\v\e\p\o\s\t\b\n\d\p\n\t\b\l\l ]]
+++ HERA.env[63]: [[ analcalc = \w\a\v\e\p\o\s\t\p\n\t ]]
+++ HERA.env[70]: [[ analcalc = \a\t\m\a\n\l\v\a\r ]]
+++ HERA.env[75]: [[ analcalc = \a\t\m\e\n\s\a\n\l\l\e\t\k\f ]]
+++ HERA.env[80]: [[ analcalc = \a\t\m\e\n\s\a\n\l\f\v\3\i\n\c ]]
+++ HERA.env[85]: [[ analcalc = \a\e\r\o\a\n\l\r\u\n ]]
+++ HERA.env[92]: [[ analcalc = \a\t\m\a\n\l\f\v\3\i\n\c ]]
+++ HERA.env[97]: [[ analcalc = \p\r\e\p\o\b\s\a\e\r\o ]]
+++ HERA.env[102]: [[ analcalc = \s\n\o\w\a\n\l ]]
+++ HERA.env[109]: [[ analcalc = \m\a\r\i\n\e\b\m\a\t ]]
+++ HERA.env[114]: [[ analcalc = \m\a\r\i\n\e\b\m\a\t ]]
+++ HERA.env[119]: [[ analcalc = \o\c\n\a\n\a\l\r\u\n ]]
+++ HERA.env[125]: [[ analcalc = \o\c\n\a\n\a\l\c\h\k\p\t ]]
+++ HERA.env[131]: [[ analcalc = \o\c\n\a\n\a\l\e\c\e\n ]]
+++ HERA.env[136]: [[ analcalc = \m\a\r\i\n\e\a\n\a\l\l\e\t\k\f ]]
+++ HERA.env[141]: [[ analcalc = \a\n\a\l ]]
+++ HERA.env[141]: [[ analcalc = \a\n\a\l\c\a\l\c ]]
+++ HERA.env[143]: export MKL_NUM_THREADS=4
+++ HERA.env[143]: MKL_NUM_THREADS=4
+++ HERA.env[144]: export MKL_CBWR=AUTO
+++ HERA.env[144]: MKL_CBWR=AUTO
+++ HERA.env[146]: export CFP_MP=YES
+++ HERA.env[146]: CFP_MP=YES
+++ HERA.env[147]: export USE_CFP=YES
+++ HERA.env[147]: USE_CFP=YES
+++ HERA.env[148]: export 'APRUNCFP=srun -l --export=ALL -n $ncmd --multi-prog --output=mpmd.%j.%t.out'
+++ HERA.env[148]: APRUNCFP='srun -l --export=ALL -n $ncmd --multi-prog --output=mpmd.%j.%t.out'
+++ HERA.env[150]: export NTHREADS_GSI=1
+++ HERA.env[150]: NTHREADS_GSI=1
+++ HERA.env[151]: export 'APRUN_GSI=srun -l --export=ALL -n 84 --cpus-per-task=1'
+++ HERA.env[151]: APRUN_GSI='srun -l --export=ALL -n 84 --cpus-per-task=1'
+++ HERA.env[153]: export NTHREADS_CALCINC=1
+++ HERA.env[153]: NTHREADS_CALCINC=1
+++ HERA.env[154]: [[ 1 -gt 1 ]]
+++ HERA.env[155]: export 'APRUN_CALCINC=srun -l --export=ALL $ncmd --cpus-per-task=1'
+++ HERA.env[155]: APRUN_CALCINC='srun -l --export=ALL $ncmd --cpus-per-task=1'
+++ HERA.env[157]: export NTHREADS_CYCLE=5
+++ HERA.env[157]: NTHREADS_CYCLE=5
+++ HERA.env[158]: [[ 5 -gt 40 ]]
+++ HERA.env[159]: ntasks_cycle=6
+++ HERA.env[160]: export 'APRUN_CYCLE=srun -l --export=ALL -n 6 --cpus-per-task=5'
+++ HERA.env[160]: APRUN_CYCLE='srun -l --export=ALL -n 6 --cpus-per-task=5'
+++ HERA.env[162]: export NTHREADS_GAUSFCANL=1
+++ HERA.env[162]: NTHREADS_GAUSFCANL=1
+++ HERA.env[163]: ntasks_gausfcanl=1
+++ HERA.env[164]: export 'APRUN_GAUSFCANL=srun -l --export=ALL -n 1 --cpus-per-task=1'
+++ HERA.env[164]: APRUN_GAUSFCANL='srun -l --export=ALL -n 1 --cpus-per-task=1'
++ jjob_header.sh[111]: status=0
++ jjob_header.sh[112]: ((  status != 0  ))
+ JGLOBAL_ATMOS_ANALYSIS_CALC[10]: export rCDUMP=gfs
+ JGLOBAL_ATMOS_ANALYSIS_CALC[10]: rCDUMP=gfs
+ JGLOBAL_ATMOS_ANALYSIS_CALC[11]: export DO_CALC_ANALYSIS=YES
+ JGLOBAL_ATMOS_ANALYSIS_CALC[11]: DO_CALC_ANALYSIS=YES
++ JGLOBAL_ATMOS_ANALYSIS_CALC[19]: /scratch1/NCEPDEV/nems/role.epic/spack-stack/spack-stack-1.6.0/envs/gsi-addon-dev-rocky8/install/intel/2021.5.0/prod-util-2.1.1-4vpcrpl/bin/ndate -6 2021122100
+ JGLOBAL_ATMOS_ANALYSIS_CALC[19]: GDATE=2021122018
+ JGLOBAL_ATMOS_ANALYSIS_CALC[21]: export gPDY=20211220
+ JGLOBAL_ATMOS_ANALYSIS_CALC[21]: gPDY=20211220
+ JGLOBAL_ATMOS_ANALYSIS_CALC[22]: export gcyc=18
+ JGLOBAL_ATMOS_ANALYSIS_CALC[22]: gcyc=18
+ JGLOBAL_ATMOS_ANALYSIS_CALC[23]: export GDUMP=gdas
+ JGLOBAL_ATMOS_ANALYSIS_CALC[23]: GDUMP=gdas
+ JGLOBAL_ATMOS_ANALYSIS_CALC[24]: export GDUMP_ENS=enkfgdas
+ JGLOBAL_ATMOS_ANALYSIS_CALC[24]: GDUMP_ENS=enkfgdas
+ JGLOBAL_ATMOS_ANALYSIS_CALC[26]: export OPREFIX=gfs.t00z.
+ JGLOBAL_ATMOS_ANALYSIS_CALC[26]: OPREFIX=gfs.t00z.
+ JGLOBAL_ATMOS_ANALYSIS_CALC[27]: export GPREFIX=gdas.t18z.
+ JGLOBAL_ATMOS_ANALYSIS_CALC[27]: GPREFIX=gdas.t18z.
+ JGLOBAL_ATMOS_ANALYSIS_CALC[28]: export APREFIX=gfs.t00z.
+ JGLOBAL_ATMOS_ANALYSIS_CALC[28]: APREFIX=gfs.t00z.
+ JGLOBAL_ATMOS_ANALYSIS_CALC[29]: export GPREFIX_ENS=enkfgdas.t18z.
+ JGLOBAL_ATMOS_ANALYSIS_CALC[29]: GPREFIX_ENS=enkfgdas.t18z.
+ JGLOBAL_ATMOS_ANALYSIS_CALC[31]: RUN=gfs
+ JGLOBAL_ATMOS_ANALYSIS_CALC[31]: YMD=20211221
+ JGLOBAL_ATMOS_ANALYSIS_CALC[31]: HH=00
+ JGLOBAL_ATMOS_ANALYSIS_CALC[31]: declare_from_tmpl -rx COM_OBS
+ bash_utils.sh[35]: [[ NO == \N\O ]]
+ bash_utils.sh[35]: set +x
declare_from_tmpl :: COM_OBS=/scratch1/NCEPDEV/global/CI/2795/RUNTESTS/COMROOT/C96C48_hybatmDA_9a2692e6/gfs.20211221/00/obs
+ JGLOBAL_ATMOS_ANALYSIS_CALC[33]: YMD=20211221
+ JGLOBAL_ATMOS_ANALYSIS_CALC[33]: HH=00
+ JGLOBAL_ATMOS_ANALYSIS_CALC[33]: declare_from_tmpl -rx COM_ATMOS_ANALYSIS COM_ATMOS_RESTART
+ bash_utils.sh[35]: [[ NO == \N\O ]]
+ bash_utils.sh[35]: set +x
declare_from_tmpl :: COM_ATMOS_ANALYSIS=/scratch1/NCEPDEV/global/CI/2795/RUNTESTS/COMROOT/C96C48_hybatmDA_9a2692e6/gfs.20211221/00//analysis/atmos
declare_from_tmpl :: COM_ATMOS_RESTART=/scratch1/NCEPDEV/global/CI/2795/RUNTESTS/COMROOT/C96C48_hybatmDA_9a2692e6/gfs.20211221/00//model_data/atmos/restart
+ JGLOBAL_ATMOS_ANALYSIS_CALC[35]: RUN=gdas
+ JGLOBAL_ATMOS_ANALYSIS_CALC[35]: YMD=20211220
+ JGLOBAL_ATMOS_ANALYSIS_CALC[35]: HH=18
+ JGLOBAL_ATMOS_ANALYSIS_CALC[35]: declare_from_tmpl -rx COM_OBS_PREV:COM_OBS_TMPL COM_ATMOS_HISTORY_PREV:COM_ATMOS_HISTORY_TMPL
+ bash_utils.sh[35]: [[ NO == \N\O ]]
+ bash_utils.sh[35]: set +x
declare_from_tmpl :: COM_OBS_PREV=/scratch1/NCEPDEV/global/CI/2795/RUNTESTS/COMROOT/C96C48_hybatmDA_9a2692e6/gdas.20211220/18/obs
declare_from_tmpl :: COM_ATMOS_HISTORY_PREV=/scratch1/NCEPDEV/global/CI/2795/RUNTESTS/COMROOT/C96C48_hybatmDA_9a2692e6/gdas.20211220/18//model_data/atmos/history
+ JGLOBAL_ATMOS_ANALYSIS_CALC[40]: export ATMGES=/scratch1/NCEPDEV/global/CI/2795/RUNTESTS/COMROOT/C96C48_hybatmDA_9a2692e6/gdas.20211220/18//model_data/atmos/history/gdas.t18z.atmf006.nc
+ JGLOBAL_ATMOS_ANALYSIS_CALC[40]: ATMGES=/scratch1/NCEPDEV/global/CI/2795/RUNTESTS/COMROOT/C96C48_hybatmDA_9a2692e6/gdas.20211220/18//model_data/atmos/history/gdas.t18z.atmf006.nc
+ JGLOBAL_ATMOS_ANALYSIS_CALC[41]: '[' '!' -f /scratch1/NCEPDEV/global/CI/2795/RUNTESTS/COMROOT/C96C48_hybatmDA_9a2692e6/gdas.20211220/18//model_data/atmos/history/gdas.t18z.atmf006.nc ']'
++ JGLOBAL_ATMOS_ANALYSIS_CALC[47]: /scratch1/NCEPDEV/global/CI/2795/gfs/ush/getncdimlen /scratch1/NCEPDEV/global/CI/2795/RUNTESTS/COMROOT/C96C48_hybatmDA_9a2692e6/gdas.20211220/18//model_data/atmos/history/gdas.t18z.atmf006.nc pfull
+ JGLOBAL_ATMOS_ANALYSIS_CALC[47]: export LEVS=127
+ JGLOBAL_ATMOS_ANALYSIS_CALC[47]: LEVS=127
+ JGLOBAL_ATMOS_ANALYSIS_CALC[48]: status=0
+ JGLOBAL_ATMOS_ANALYSIS_CALC[49]: [[ 0 -ne 0 ]]
+ JGLOBAL_ATMOS_ANALYSIS_CALC[53]: export DOGAUSFCANL=YES
+ JGLOBAL_ATMOS_ANALYSIS_CALC[53]: DOGAUSFCANL=YES
+ JGLOBAL_ATMOS_ANALYSIS_CALC[59]: /scratch1/NCEPDEV/global/CI/2795/gfs/scripts/exglobal_atmos_analysis_calc.sh
Begin exglobal_atmos_analysis_calc.sh at Fri Aug  2 11:13:55 UTC 2024
++ exglobal_atmos_analysis_calc.sh[25]: pwd
+ exglobal_atmos_analysis_calc.sh[25]: pwd=/scratch1/NCEPDEV/stmp2/Terry.McGuinness/RUNDIRS/C96C48_hybatmDA_9a2692e6/analcalc.1563271
+ exglobal_atmos_analysis_calc.sh[28]: rCDUMP=gfs
+ exglobal_atmos_analysis_calc.sh[29]: GDUMP=gdas
+ exglobal_atmos_analysis_calc.sh[32]: export 'CHGRP_CMD=chgrp rstprod'
+ exglobal_atmos_analysis_calc.sh[32]: CHGRP_CMD='chgrp rstprod'
+ exglobal_atmos_analysis_calc.sh[33]: export NCLEN=/scratch1/NCEPDEV/global/CI/2795/gfs/ush/getncdimlen
+ exglobal_atmos_analysis_calc.sh[33]: NCLEN=/scratch1/NCEPDEV/global/CI/2795/gfs/ush/getncdimlen
+ exglobal_atmos_analysis_calc.sh[34]: COMPRESS=gzip
+ exglobal_atmos_analysis_calc.sh[35]: UNCOMPRESS=gunzip
+ exglobal_atmos_analysis_calc.sh[36]: APRUNCFP='srun -l --export=ALL -n $ncmd --multi-prog --output=mpmd.%j.%t.out'
+ exglobal_atmos_analysis_calc.sh[39]: netcdf_diag=.true.
+ exglobal_atmos_analysis_calc.sh[40]: binary_diag=.false.
+ exglobal_atmos_analysis_calc.sh[43]: DOIAU=YES
+ exglobal_atmos_analysis_calc.sh[44]: export IAUFHRS=3,6,9
+ exglobal_atmos_analysis_calc.sh[44]: IAUFHRS=3,6,9
+ exglobal_atmos_analysis_calc.sh[47]: export NTHREADS_CALCINC=1
+ exglobal_atmos_analysis_calc.sh[47]: NTHREADS_CALCINC=1
+ exglobal_atmos_analysis_calc.sh[48]: export 'APRUN_CALCINC=srun -l --export=ALL $ncmd --cpus-per-task=1'
+ exglobal_atmos_analysis_calc.sh[48]: APRUN_CALCINC='srun -l --export=ALL $ncmd --cpus-per-task=1'
+ exglobal_atmos_analysis_calc.sh[49]: export APRUN_CALCANL=
+ exglobal_atmos_analysis_calc.sh[49]: APRUN_CALCANL=
+ exglobal_atmos_analysis_calc.sh[50]: export APRUN_CHGRES=
+ exglobal_atmos_analysis_calc.sh[50]: APRUN_CHGRES=
+ exglobal_atmos_analysis_calc.sh[52]: export CALCANLEXEC=/scratch1/NCEPDEV/global/CI/2795/gfs/exec/calc_analysis.x
+ exglobal_atmos_analysis_calc.sh[52]: CALCANLEXEC=/scratch1/NCEPDEV/global/CI/2795/gfs/exec/calc_analysis.x
+ exglobal_atmos_analysis_calc.sh[53]: export CHGRESNCEXEC=/scratch1/NCEPDEV/global/CI/2795/gfs/exec/enkf_chgres_recenter_nc.x
+ exglobal_atmos_analysis_calc.sh[53]: CHGRESNCEXEC=/scratch1/NCEPDEV/global/CI/2795/gfs/exec/enkf_chgres_recenter_nc.x
+ exglobal_atmos_analysis_calc.sh[54]: export CHGRESINCEXEC=/scratch1/NCEPDEV/global/CI/2795/gfs/exec/interp_inc.x
+ exglobal_atmos_analysis_calc.sh[54]: CHGRESINCEXEC=/scratch1/NCEPDEV/global/CI/2795/gfs/exec/interp_inc.x
+ exglobal_atmos_analysis_calc.sh[55]: export NTHREADS_CHGRES=1
+ exglobal_atmos_analysis_calc.sh[55]: NTHREADS_CHGRES=1
+ exglobal_atmos_analysis_calc.sh[56]: CALCINCPY=/scratch1/NCEPDEV/global/CI/2795/gfs/ush/calcinc_gfs.py
+ exglobal_atmos_analysis_calc.sh[57]: CALCANLPY=/scratch1/NCEPDEV/global/CI/2795/gfs/ush/calcanl_gfs.py
+ exglobal_atmos_analysis_calc.sh[59]: DOGAUSFCANL=YES
+ exglobal_atmos_analysis_calc.sh[60]: GAUSFCANLSH=/scratch1/NCEPDEV/global/CI/2795/gfs/ush/gaussian_sfcanl.sh
+ exglobal_atmos_analysis_calc.sh[61]: export GAUSFCANLEXE=/scratch1/NCEPDEV/global/CI/2795/gfs/exec/gaussian_sfcanl.x
+ exglobal_atmos_analysis_calc.sh[61]: GAUSFCANLEXE=/scratch1/NCEPDEV/global/CI/2795/gfs/exec/gaussian_sfcanl.x
+ exglobal_atmos_analysis_calc.sh[62]: NTHREADS_GAUSFCANL=1
+ exglobal_atmos_analysis_calc.sh[63]: APRUN_GAUSFCANL='srun -l --export=ALL -n 1 --cpus-per-task=1'
+ exglobal_atmos_analysis_calc.sh[66]: RUN=gfs
+ exglobal_atmos_analysis_calc.sh[67]: SENDECF=NO
+ exglobal_atmos_analysis_calc.sh[68]: SENDDBN=NO
+ exglobal_atmos_analysis_calc.sh[71]: GPREFIX=gdas.t18z.
+ exglobal_atmos_analysis_calc.sh[72]: ATMG03=/scratch1/NCEPDEV/global/CI/2795/RUNTESTS/COMROOT/C96C48_hybatmDA_9a2692e6/gdas.20211220/18//model_data/atmos/history/gdas.t18z.atmf003.nc
+ exglobal_atmos_analysis_calc.sh[73]: ATMG04=/scratch1/NCEPDEV/global/CI/2795/RUNTESTS/COMROOT/C96C48_hybatmDA_9a2692e6/gdas.20211220/18//model_data/atmos/history/gdas.t18z.atmf004.nc
+ exglobal_atmos_analysis_calc.sh[74]: ATMG05=/scratch1/NCEPDEV/global/CI/2795/RUNTESTS/COMROOT/C96C48_hybatmDA_9a2692e6/gdas.20211220/18//model_data/atmos/history/gdas.t18z.atmf005.nc
+ exglobal_atmos_analysis_calc.sh[75]: ATMGES=/scratch1/NCEPDEV/global/CI/2795/RUNTESTS/COMROOT/C96C48_hybatmDA_9a2692e6/gdas.20211220/18//model_data/atmos/history/gdas.t18z.atmf006.nc
+ exglobal_atmos_analysis_calc.sh[76]: ATMG07=/scratch1/NCEPDEV/global/CI/2795/RUNTESTS/COMROOT/C96C48_hybatmDA_9a2692e6/gdas.20211220/18//model_data/atmos/history/gdas.t18z.atmf007.nc
+ exglobal_atmos_analysis_calc.sh[77]: ATMG08=/scratch1/NCEPDEV/global/CI/2795/RUNTESTS/COMROOT/C96C48_hybatmDA_9a2692e6/gdas.20211220/18//model_data/atmos/history/gdas.t18z.atmf008.nc
+ exglobal_atmos_analysis_calc.sh[78]: ATMG09=/scratch1/NCEPDEV/global/CI/2795/RUNTESTS/COMROOT/C96C48_hybatmDA_9a2692e6/gdas.20211220/18//model_data/atmos/history/gdas.t18z.atmf009.nc
+ exglobal_atmos_analysis_calc.sh[81]: export APREFIX=gfs.t00z.
+ exglobal_atmos_analysis_calc.sh[81]: APREFIX=gfs.t00z.
+ exglobal_atmos_analysis_calc.sh[82]: SFCANL=/scratch1/NCEPDEV/global/CI/2795/RUNTESTS/COMROOT/C96C48_hybatmDA_9a2692e6/gfs.20211221/00//analysis/atmos/gfs.t00z.sfcanl.nc
+ exglobal_atmos_analysis_calc.sh[83]: DTFANL=/scratch1/NCEPDEV/global/CI/2795/RUNTESTS/COMROOT/C96C48_hybatmDA_9a2692e6/gfs.20211221/00//analysis/atmos/gfs.t00z.dtfanl.nc
+ exglobal_atmos_analysis_calc.sh[84]: ATMANL=/scratch1/NCEPDEV/global/CI/2795/RUNTESTS/COMROOT/C96C48_hybatmDA_9a2692e6/gfs.20211221/00//analysis/atmos/gfs.t00z.atmanl.nc
+ exglobal_atmos_analysis_calc.sh[87]: ATMINC=/scratch1/NCEPDEV/global/CI/2795/RUNTESTS/COMROOT/C96C48_hybatmDA_9a2692e6/gfs.20211221/00//analysis/atmos/gfs.t00z.atminc.nc
+ exglobal_atmos_analysis_calc.sh[90]: DOHYBVAR=YES
+ exglobal_atmos_analysis_calc.sh[91]: lrun_subdirs=.true.
+ exglobal_atmos_analysis_calc.sh[92]: '[' YES = YES ']'
+ exglobal_atmos_analysis_calc.sh[93]: l_hyb_ens=.true.
+ exglobal_atmos_analysis_calc.sh[94]: export l4densvar=.true.
+ exglobal_atmos_analysis_calc.sh[94]: l4densvar=.true.
+ exglobal_atmos_analysis_calc.sh[95]: export lwrite4danl=.true.
+ exglobal_atmos_analysis_calc.sh[95]: lwrite4danl=.true.
+ exglobal_atmos_analysis_calc.sh[103]: '[' YES = YES -a .true. = .true. -a .true. = .true. ']'
+ exglobal_atmos_analysis_calc.sh[104]: ATMA03=/scratch1/NCEPDEV/global/CI/2795/RUNTESTS/COMROOT/C96C48_hybatmDA_9a2692e6/gfs.20211221/00//analysis/atmos/gfs.t00z.atma003.nc
+ exglobal_atmos_analysis_calc.sh[105]: ATMI03=/scratch1/NCEPDEV/global/CI/2795/RUNTESTS/COMROOT/C96C48_hybatmDA_9a2692e6/gfs.20211221/00//analysis/atmos/gfs.t00z.atmi003.nc
+ exglobal_atmos_analysis_calc.sh[106]: ATMA04=/scratch1/NCEPDEV/global/CI/2795/RUNTESTS/COMROOT/C96C48_hybatmDA_9a2692e6/gfs.20211221/00//analysis/atmos/gfs.t00z.atma004.nc
+ exglobal_atmos_analysis_calc.sh[107]: ATMI04=/scratch1/NCEPDEV/global/CI/2795/RUNTESTS/COMROOT/C96C48_hybatmDA_9a2692e6/gfs.20211221/00//analysis/atmos/gfs.t00z.atmi004.nc
+ exglobal_atmos_analysis_calc.sh[108]: ATMA05=/scratch1/NCEPDEV/global/CI/2795/RUNTESTS/COMROOT/C96C48_hybatmDA_9a2692e6/gfs.20211221/00//analysis/atmos/gfs.t00z.atma005.nc
+ exglobal_atmos_analysis_calc.sh[109]: ATMI05=/scratch1/NCEPDEV/global/CI/2795/RUNTESTS/COMROOT/C96C48_hybatmDA_9a2692e6/gfs.20211221/00//analysis/atmos/gfs.t00z.atmi005.nc
+ exglobal_atmos_analysis_calc.sh[110]: ATMA07=/scratch1/NCEPDEV/global/CI/2795/RUNTESTS/COMROOT/C96C48_hybatmDA_9a2692e6/gfs.20211221/00//analysis/atmos/gfs.t00z.atma007.nc
+ exglobal_atmos_analysis_calc.sh[111]: ATMI07=/scratch1/NCEPDEV/global/CI/2795/RUNTESTS/COMROOT/C96C48_hybatmDA_9a2692e6/gfs.20211221/00//analysis/atmos/gfs.t00z.atmi007.nc
+ exglobal_atmos_analysis_calc.sh[112]: ATMA08=/scratch1/NCEPDEV/global/CI/2795/RUNTESTS/COMROOT/C96C48_hybatmDA_9a2692e6/gfs.20211221/00//analysis/atmos/gfs.t00z.atma008.nc
+ exglobal_atmos_analysis_calc.sh[113]: ATMI08=/scratch1/NCEPDEV/global/CI/2795/RUNTESTS/COMROOT/C96C48_hybatmDA_9a2692e6/gfs.20211221/00//analysis/atmos/gfs.t00z.atmi008.nc
+ exglobal_atmos_analysis_calc.sh[114]: ATMA09=/scratch1/NCEPDEV/global/CI/2795/RUNTESTS/COMROOT/C96C48_hybatmDA_9a2692e6/gfs.20211221/00//analysis/atmos/gfs.t00z.atma009.nc
+ exglobal_atmos_analysis_calc.sh[115]: ATMI09=/scratch1/NCEPDEV/global/CI/2795/RUNTESTS/COMROOT/C96C48_hybatmDA_9a2692e6/gfs.20211221/00//analysis/atmos/gfs.t00z.atmi009.nc
+ exglobal_atmos_analysis_calc.sh[121]: mkdata=NO
+ exglobal_atmos_analysis_calc.sh[122]: '[' '!' -d /scratch1/NCEPDEV/stmp2/Terry.McGuinness/RUNDIRS/C96C48_hybatmDA_9a2692e6/analcalc.1563271 ']'
+ exglobal_atmos_analysis_calc.sh[127]: cd /scratch1/NCEPDEV/stmp2/Terry.McGuinness/RUNDIRS/C96C48_hybatmDA_9a2692e6/analcalc.1563271
+ exglobal_atmos_analysis_calc.sh[131]: rm -rf 'dir.*'
+ exglobal_atmos_analysis_calc.sh[135]: '[' YES == YES ']'
+ exglobal_atmos_analysis_calc.sh[137]: /bin/ln -sf /scratch1/NCEPDEV/global/CI/2795/RUNTESTS/COMROOT/C96C48_hybatmDA_9a2692e6/gfs.20211221/00//analysis/atmos/gfs.t00z.atmanl.nc siganl
+ exglobal_atmos_analysis_calc.sh[138]: /bin/ln -sf /scratch1/NCEPDEV/global/CI/2795/RUNTESTS/COMROOT/C96C48_hybatmDA_9a2692e6/gfs.20211221/00//analysis/atmos/gfs.t00z.atminc.nc siginc.nc
+ exglobal_atmos_analysis_calc.sh[139]: '[' YES = YES -a .true. = .true. -a .true. = .true. ']'
+ exglobal_atmos_analysis_calc.sh[140]: /bin/ln -sf /scratch1/NCEPDEV/global/CI/2795/RUNTESTS/COMROOT/C96C48_hybatmDA_9a2692e6/gfs.20211221/00//analysis/atmos/gfs.t00z.atma003.nc siga03
+ exglobal_atmos_analysis_calc.sh[141]: /bin/ln -sf /scratch1/NCEPDEV/global/CI/2795/RUNTESTS/COMROOT/C96C48_hybatmDA_9a2692e6/gfs.20211221/00//analysis/atmos/gfs.t00z.atmi003.nc sigi03.nc
+ exglobal_atmos_analysis_calc.sh[142]: /bin/ln -sf /scratch1/NCEPDEV/global/CI/2795/RUNTESTS/COMROOT/C96C48_hybatmDA_9a2692e6/gfs.20211221/00//analysis/atmos/gfs.t00z.atma004.nc siga04
+ exglobal_atmos_analysis_calc.sh[143]: /bin/ln -sf /scratch1/NCEPDEV/global/CI/2795/RUNTESTS/COMROOT/C96C48_hybatmDA_9a2692e6/gfs.20211221/00//analysis/atmos/gfs.t00z.atmi004.nc sigi04.nc
+ exglobal_atmos_analysis_calc.sh[144]: /bin/ln -sf /scratch1/NCEPDEV/global/CI/2795/RUNTESTS/COMROOT/C96C48_hybatmDA_9a2692e6/gfs.20211221/00//analysis/atmos/gfs.t00z.atma005.nc siga05
+ exglobal_atmos_analysis_calc.sh[145]: /bin/ln -sf /scratch1/NCEPDEV/global/CI/2795/RUNTESTS/COMROOT/C96C48_hybatmDA_9a2692e6/gfs.20211221/00//analysis/atmos/gfs.t00z.atmi005.nc sigi05.nc
+ exglobal_atmos_analysis_calc.sh[146]: /bin/ln -sf /scratch1/NCEPDEV/global/CI/2795/RUNTESTS/COMROOT/C96C48_hybatmDA_9a2692e6/gfs.20211221/00//analysis/atmos/gfs.t00z.atma007.nc siga07
+ exglobal_atmos_analysis_calc.sh[147]: /bin/ln -sf /scratch1/NCEPDEV/global/CI/2795/RUNTESTS/COMROOT/C96C48_hybatmDA_9a2692e6/gfs.20211221/00//analysis/atmos/gfs.t00z.atmi007.nc sigi07.nc
+ exglobal_atmos_analysis_calc.sh[148]: /bin/ln -sf /scratch1/NCEPDEV/global/CI/2795/RUNTESTS/COMROOT/C96C48_hybatmDA_9a2692e6/gfs.20211221/00//analysis/atmos/gfs.t00z.atma008.nc siga08
+ exglobal_atmos_analysis_calc.sh[149]: /bin/ln -sf /scratch1/NCEPDEV/global/CI/2795/RUNTESTS/COMROOT/C96C48_hybatmDA_9a2692e6/gfs.20211221/00//analysis/atmos/gfs.t00z.atmi008.nc sigi08.nc
+ exglobal_atmos_analysis_calc.sh[150]: /bin/ln -sf /scratch1/NCEPDEV/global/CI/2795/RUNTESTS/COMROOT/C96C48_hybatmDA_9a2692e6/gfs.20211221/00//analysis/atmos/gfs.t00z.atma009.nc siga09
+ exglobal_atmos_analysis_calc.sh[151]: /bin/ln -sf /scratch1/NCEPDEV/global/CI/2795/RUNTESTS/COMROOT/C96C48_hybatmDA_9a2692e6/gfs.20211221/00//analysis/atmos/gfs.t00z.atmi009.nc sigi09.nc
+ exglobal_atmos_analysis_calc.sh[154]: /bin/ln -sf /scratch1/NCEPDEV/global/CI/2795/RUNTESTS/COMROOT/C96C48_hybatmDA_9a2692e6/gdas.20211220/18//model_data/atmos/history/gdas.t18z.atmf003.nc sigf03
+ exglobal_atmos_analysis_calc.sh[155]: /bin/ln -sf /scratch1/NCEPDEV/global/CI/2795/RUNTESTS/COMROOT/C96C48_hybatmDA_9a2692e6/gdas.20211220/18//model_data/atmos/history/gdas.t18z.atmf006.nc sigf06
+ exglobal_atmos_analysis_calc.sh[156]: /bin/ln -sf /scratch1/NCEPDEV/global/CI/2795/RUNTESTS/COMROOT/C96C48_hybatmDA_9a2692e6/gdas.20211220/18//model_data/atmos/history/gdas.t18z.atmf009.nc sigf09
+ exglobal_atmos_analysis_calc.sh[158]: [[ -f /scratch1/NCEPDEV/global/CI/2795/RUNTESTS/COMROOT/C96C48_hybatmDA_9a2692e6/gdas.20211220/18//model_data/atmos/history/gdas.t18z.atmf004.nc ]]
+ exglobal_atmos_analysis_calc.sh[158]: /bin/ln -sf /scratch1/NCEPDEV/global/CI/2795/RUNTESTS/COMROOT/C96C48_hybatmDA_9a2692e6/gdas.20211220/18//model_data/atmos/history/gdas.t18z.atmf004.nc sigf04
+ exglobal_atmos_analysis_calc.sh[159]: [[ -f /scratch1/NCEPDEV/global/CI/2795/RUNTESTS/COMROOT/C96C48_hybatmDA_9a2692e6/gdas.20211220/18//model_data/atmos/history/gdas.t18z.atmf005.nc ]]
+ exglobal_atmos_analysis_calc.sh[159]: /bin/ln -sf /scratch1/NCEPDEV/global/CI/2795/RUNTESTS/COMROOT/C96C48_hybatmDA_9a2692e6/gdas.20211220/18//model_data/atmos/history/gdas.t18z.atmf005.nc sigf05
+ exglobal_atmos_analysis_calc.sh[160]: [[ -f /scratch1/NCEPDEV/global/CI/2795/RUNTESTS/COMROOT/C96C48_hybatmDA_9a2692e6/gdas.20211220/18//model_data/atmos/history/gdas.t18z.atmf007.nc ]]
+ exglobal_atmos_analysis_calc.sh[160]: /bin/ln -sf /scratch1/NCEPDEV/global/CI/2795/RUNTESTS/COMROOT/C96C48_hybatmDA_9a2692e6/gdas.20211220/18//model_data/atmos/history/gdas.t18z.atmf007.nc sigf07
+ exglobal_atmos_analysis_calc.sh[161]: [[ -f /scratch1/NCEPDEV/global/CI/2795/RUNTESTS/COMROOT/C96C48_hybatmDA_9a2692e6/gdas.20211220/18//model_data/atmos/history/gdas.t18z.atmf008.nc ]]
+ exglobal_atmos_analysis_calc.sh[161]: /bin/ln -sf /scratch1/NCEPDEV/global/CI/2795/RUNTESTS/COMROOT/C96C48_hybatmDA_9a2692e6/gdas.20211220/18//model_data/atmos/history/gdas.t18z.atmf008.nc sigf08
+ exglobal_atmos_analysis_calc.sh[164]: '[' -f /scratch1/NCEPDEV/global/CI/2795/RUNTESTS/COMROOT/C96C48_hybatmDA_9a2692e6/gdas.20211220/18//model_data/atmos/history/gdas.t18z.atmf004.nc -a -f /scratch1/NCEPDEV/global/CI/2795/RUNTESTS/COMROOT/C96C48_hybatmDA_9a2692e6/gdas.20211220/18//model_data/atmos/history/gdas.t18z.atmf005.nc -a -f /scratch1/NCEPDEV/global/CI/2795/RUNTESTS/COMROOT/C96C48_hybatmDA_9a2692e6/gdas.20211220/18//model_data/atmos/history/gdas.t18z.atmf007.nc -a -f /scratch1/NCEPDEV/global/CI/2795/RUNTESTS/COMROOT/C96C48_hybatmDA_9a2692e6/gdas.20211220/18//model_data/atmos/history/gdas.t18z.atmf008.nc ']'
+ exglobal_atmos_analysis_calc.sh[165]: nhr_obsbin=1
+ exglobal_atmos_analysis_calc.sh[168]: /scratch1/NCEPDEV/global/CI/2795/gfs/ush/calcanl_gfs.py
Traceback (most recent call last):
  File "/scratch1/NCEPDEV/global/CI/2795/gfs/ush/calcanl_gfs.py", line 14, in <module>
    from wxflow.Configuration import cast_as_dtype
ModuleNotFoundError: No module named 'wxflow.Configuration'
+ exglobal_atmos_analysis_calc.sh[1]: postamble exglobal_atmos_analysis_calc.sh 1722597235 1
+ preamble.sh[70]: set +x
End exglobal_atmos_analysis_calc.sh at 11:13:59 with error code 1 (time elapsed: 00:00:04)
+ JGLOBAL_ATMOS_ANALYSIS_CALC[1]: postamble JGLOBAL_ATMOS_ANALYSIS_CALC 1722597216 1
+ preamble.sh[70]: set +x
End JGLOBAL_ATMOS_ANALYSIS_CALC at 11:13:59 with error code 1 (time elapsed: 00:00:23)
+ analcalc.sh[1]: postamble analcalc.sh 1722597213 1
+ preamble.sh[70]: set +x
End analcalc.sh at 11:13:59 with error code 1 (time elapsed: 00:00:26)
_______________________________________________________________
Start Epilog on node h5c55 for job 64348129 :: Fri Aug  2 11:13:59 UTC 2024
Job 64348129 finished for user Terry.McGuinness in partition hera with exit code 1:0
_______________________________________________________________
End Epilogue Fri Aug  2 11:13:59 UTC 2024
