Begin arch.sh at Tue May  7 21:06:15 UTC 2024
+ arch.sh[7]: . /scratch1/NCEPDEV/global/CI/2567/gfs/ush/load_fv3gfs_modules.sh
++ load_fv3gfs_modules.sh[4]: [[ NO == \N\O ]]
++ load_fv3gfs_modules.sh[5]: echo 'Loading modules quietly...'
Loading modules quietly...
++ load_fv3gfs_modules.sh[6]: set +x
Running "module reset". Resetting modules to system default. The following $MODULEPATH directories have been removed: None
Lmod has detected the following error: The following module(s) are unknown:
"R/3.5.0"

Please check the spelling or version number. Also try "module spider ..."
It is also possible your cache file is out-of-date; it may help to try:
  $ module --ignore_cache load "R/3.5.0"

Also make sure that all modulefiles written in TCL start with the string
#%Module

Executing this command requires loading "R/3.5.0" which failed while processing
the following module(s):

    Module fullname   Module Filename
    ---------------   ---------------
    module_base.hera  /scratch1/NCEPDEV/global/CI/2567/gfs/modulefiles/module_base.hera.lua


End arch.sh at 21:06:23 with error code 1 (time elapsed: 00:00:08)
_______________________________________________________________
Start Epilog on node hfe02 for job 59641230 :: Tue May  7 21:06:23 UTC 2024
Job 59641230 finished for user Terry.McGuinness in partition service with exit code 1:0
_______________________________________________________________
End Epilogue Tue May  7 21:06:23 UTC 2024
