PBS: Running prologue on parent mom node: nid001223...
Job 133729379.cbqs01 nodelist: nid001223
+ /lfs/h2/emc/global/noscrub/globalworkflow.ci/GFS_CI_ROOT/PR/2620/global-workflow/jobs/rocoto/prepatmiodaobs.sh
Begin prepatmiodaobs.sh at Thu May 30 15:40:57 UTC 2024
+ prepatmiodaobs.sh[7]: . /lfs/h2/emc/global/noscrub/globalworkflow.ci/GFS_CI_ROOT/PR/2620/global-workflow/ush/load_ufsda_modules.sh
++ load_ufsda_modules.sh[4]: [[ NO == \N\O ]]
++ load_ufsda_modules.sh[5]: echo 'Loading modules quietly...'
Loading modules quietly...
++ load_ufsda_modules.sh[6]: set +x
Resetting modules to system default. Reseting $MODULEPATH back to system default. All extra directories will be removed from $MODULEPATH.

Currently Loaded Modules:
  1) craype-x86-rome     (H)  11) cray-mpich/8.1.12  21) eckit/1.24.4
  2) libfabric/1.11.0.0. (H)  12) hdf5/1.10.6        22) fckit/0.11.0
  3) craype-network-ofi  (H)  13) netcdf/4.7.4       23) atlas/0.35.0
  4) envvar/1.0               14) udunits/2.2.28     24) nccmp/1.8.9.0
  5) PrgEnv-intel/8.2.0       15) eigen/3.4.0        25) nco/5.0.6
  6) cmake/3.20.2             16) boost/1.79.0       26) gsl/2.7
  7) craype/2.7.17            17) gsl-lite/v0.40.0   27) prod_util/2.0.14
  8) cray-pals/1.2.2          18) python/3.8.6       28) bufr/12.0.1
  9) git/2.29.0               19) ecbuild/3.7.0      29) GDAS/wcoss2.intel
 10) intel/19.1.3.304         20) qhull/2020.2       30) sp/2.4.0

  Where:
   H:  Hidden Module

 

Package             Version
------------------- ---------
appdirs             1.4.4
astropy             4.2
atomicwrites        1.4.0
attrs               20.3.0
boto3               1.24.22
botocore            1.27.38
Cartopy             0.18.0
certifi             2020.12.5
cffi                1.16.0
cftime              1.4.1
charset-normalizer  2.1.1
cryptography        42.0.5
cycler              0.10.0
Cython              0.29.22
Deprecated          1.2.14
dicttoxml           1.7.4
ESMPy               8.0.0
f90nml              1.4.3
flake8              3.9.1
geographiclib       1.50
geopy               2.1.0
gsw                 3.4.0
h5py                3.7.0
idna                3.4
importlib-resources 5.10.0
iniconfig           1.1.1
iso8601             0.1.14
Jinja2              3.1.2
jmespath            1.0.1
joblib              1.0.1
kiwisolver          1.3.1
MarkupSafe          2.1.1
matplotlib          3.3.4
mccabe              0.6.1
MetPy               1.3.1
more-itertools      8.7.0
mpi4py              3.1.0
netCDF4             1.5.6
numpy               1.20.1
packaging           20.9
pandas              1.2.3
Pillow              8.1.2
Pint                0.20.1
pip                 24.0
pipenv              2022.9.24
pluggy              0.13.1
pooch               1.6.0
py                  1.10.0
pybind11            2.9.2
pycodestyle         2.7.0
pycparser           2.22
pyerfa              1.7.2
pyflakes            2.3.1
PyGithub            2.3.0
pygrib              2.0.4
PyJWT               2.8.0
PyNaCl              1.5.0
pyparsing           2.4.7
pyproj              3.0.1
pyshp               2.1.3
pytest              6.2.2
python-dateutil     2.8.1
pytz                2021.1
PyYAML              5.4.1
requests            2.28.1
s3transfer          0.6.0
scikit-learn        0.24.1
scipy               1.6.1
setuptools          54.1.2
Shapely             1.7.1
six                 1.15.0
termcolor           1.1.0
threadpoolctl       2.1.0
toml                0.10.2
toolz               0.11.2
traitlets           5.5.0
typing_extensions   4.11.0
urllib3             1.26.11
virtualenv          16.1.0
virtualenv-clone    0.5.7
wheel               0.36.2
wrapt               1.16.0
wxflow              0.1.0
xarray              0.17.0
xmltodict           0.12.0
zipp                3.10.0
+ prepatmiodaobs.sh[8]: status=0
+ prepatmiodaobs.sh[9]: [[ 0 -ne 0 ]]
+ prepatmiodaobs.sh[11]: export job=prepatmobs
+ prepatmiodaobs.sh[11]: job=prepatmobs
+ prepatmiodaobs.sh[12]: export jobid=prepatmobs.159661
+ prepatmiodaobs.sh[12]: jobid=prepatmobs.159661
+ prepatmiodaobs.sh[16]: wxflowPATH=/lfs/h2/emc/global/noscrub/globalworkflow.ci/GFS_CI_ROOT/PR/2620/global-workflow/ush/python:/lfs/h2/emc/global/noscrub/globalworkflow.ci/GFS_CI_ROOT/PR/2620/global-workflow/ush/python/wxflow/src
++ prepatmiodaobs.sh[18]: detect_py_ver
++ bash_utils.sh[113]: regex='[0-9]+\.[0-9]+'
+++ bash_utils.sh[115]: python --version
++ bash_utils.sh[115]: [[ Python 3.8.6 =~ [0-9]+\.[0-9]+ ]]
++ bash_utils.sh[116]: echo 3.8
+ prepatmiodaobs.sh[18]: pyiodaPATH=/lfs/h2/emc/global/noscrub/globalworkflow.ci/GFS_CI_ROOT/PR/2620/global-workflow/sorc/gdas.cd/build/lib/python3.8/
+ prepatmiodaobs.sh[19]: PYTHONPATH=/lfs/h2/emc/global/noscrub/globalworkflow.ci/GFS_CI_ROOT/PR/2620/global-workflow/sorc/gdas.cd/build/lib/python3.8/:/lfs/h2/emc/global/noscrub/globalworkflow.ci/GFS_CI_ROOT/PR/2620/global-workflow/ush/python:/lfs/h2/emc/global/noscrub/globalworkflow.ci/GFS_CI_ROOT/PR/2620/global-workflow/ush/python/wxflow/src:/apps/ops/prod/nco/core/prod_util.v2.0.14/ush:/apps/prod/python-modules/3.8.6/intel/19.1.3.304/lib/python3.8/site-packages
+ prepatmiodaobs.sh[20]: export PYTHONPATH
+ prepatmiodaobs.sh[24]: /lfs/h2/emc/global/noscrub/globalworkflow.ci/GFS_CI_ROOT/PR/2620/global-workflow/jobs/JGLOBAL_ATM_PREP_IODA_OBS
Begin JGLOBAL_ATM_PREP_IODA_OBS at Thu May 30 15:41:21 UTC 2024
+ JGLOBAL_ATM_PREP_IODA_OBS[4]: source /lfs/h2/emc/global/noscrub/globalworkflow.ci/GFS_CI_ROOT/PR/2620/global-workflow/ush/jjob_header.sh -e prepatmiodaobs -c 'base prepatmiodaobs'
++ jjob_header.sh[44]: OPTIND=1
++ jjob_header.sh[45]: getopts c:e: option
++ jjob_header.sh[46]: case "${option}" in
++ jjob_header.sh[48]: env_job=prepatmiodaobs
++ jjob_header.sh[45]: getopts c:e: option
++ jjob_header.sh[46]: case "${option}" in
++ jjob_header.sh[47]: read -ra configs
++ jjob_header.sh[45]: getopts c:e: option
++ jjob_header.sh[59]: shift 4
++ jjob_header.sh[61]: [[ -z prepatmiodaobs ]]
++ jjob_header.sh[69]: export DATA=/lfs/h2/emc/stmp/terry.mcguinness/RUNDIRS/C96C48_ufs_hybatmDA_d6f6ae0c/prepatmobs.159661
++ jjob_header.sh[69]: DATA=/lfs/h2/emc/stmp/terry.mcguinness/RUNDIRS/C96C48_ufs_hybatmDA_d6f6ae0c/prepatmobs.159661
++ jjob_header.sh[70]: [[ YES == \Y\E\S ]]
++ jjob_header.sh[71]: rm -rf /lfs/h2/emc/stmp/terry.mcguinness/RUNDIRS/C96C48_ufs_hybatmDA_d6f6ae0c/prepatmobs.159661
++ jjob_header.sh[73]: mkdir -p /lfs/h2/emc/stmp/terry.mcguinness/RUNDIRS/C96C48_ufs_hybatmDA_d6f6ae0c/prepatmobs.159661
++ jjob_header.sh[74]: cd /lfs/h2/emc/stmp/terry.mcguinness/RUNDIRS/C96C48_ufs_hybatmDA_d6f6ae0c/prepatmobs.159661
++ jjob_header.sh[80]: export cycle=t00z
++ jjob_header.sh[80]: cycle=t00z
++ jjob_header.sh[81]: setpdy.sh
 completed cleanly
 completed cleanly
Source PDY script to export PDYm7, ..., PDY, ..., PDYp7 variables.
++ jjob_header.sh[82]: source ./PDY
+++ PDY[1]: export PDYm7=20240217
+++ PDY[1]: PDYm7=20240217
+++ PDY[2]: export PDYm6=20240218
+++ PDY[2]: PDYm6=20240218
+++ PDY[3]: export PDYm5=20240219
+++ PDY[3]: PDYm5=20240219
+++ PDY[4]: export PDYm4=20240220
+++ PDY[4]: PDYm4=20240220
+++ PDY[5]: export PDYm3=20240221
+++ PDY[5]: PDYm3=20240221
+++ PDY[6]: export PDYm2=20240222
+++ PDY[6]: PDYm2=20240222
+++ PDY[7]: export PDYm1=20240223
+++ PDY[7]: PDYm1=20240223
+++ PDY[8]: export PDY=20240224
+++ PDY[8]: PDY=20240224
+++ PDY[9]: export PDYp1=20240225
+++ PDY[9]: PDYp1=20240225
+++ PDY[10]: export PDYp2=20240226
+++ PDY[10]: PDYp2=20240226
+++ PDY[11]: export PDYp3=20240227
+++ PDY[11]: PDYp3=20240227
+++ PDY[12]: export PDYp4=20240228
+++ PDY[12]: PDYp4=20240228
+++ PDY[13]: export PDYp5=20240229
+++ PDY[13]: PDYp5=20240229
+++ PDY[14]: export PDYp6=20240301
+++ PDY[14]: PDYp6=20240301
+++ PDY[15]: export PDYp7=20240302
+++ PDY[15]: PDYp7=20240302
++ jjob_header.sh[88]: export pid=160125
++ jjob_header.sh[88]: pid=160125
++ jjob_header.sh[89]: export pgmout=OUTPUT.160125
++ jjob_header.sh[89]: pgmout=OUTPUT.160125
++ jjob_header.sh[90]: export pgmerr=errfile
++ jjob_header.sh[90]: pgmerr=errfile
++ jjob_header.sh[96]: export EXPDIR=/lfs/h2/emc/global/noscrub/globalworkflow.ci/GFS_CI_ROOT/PR/2620/RUNTESTS/EXPDIR/C96C48_ufs_hybatmDA_d6f6ae0c
++ jjob_header.sh[96]: EXPDIR=/lfs/h2/emc/global/noscrub/globalworkflow.ci/GFS_CI_ROOT/PR/2620/RUNTESTS/EXPDIR/C96C48_ufs_hybatmDA_d6f6ae0c
++ jjob_header.sh[97]: for config in "${configs[@]:-''}"
++ jjob_header.sh[98]: source /lfs/h2/emc/global/noscrub/globalworkflow.ci/GFS_CI_ROOT/PR/2620/RUNTESTS/EXPDIR/C96C48_ufs_hybatmDA_d6f6ae0c/config.base
+++ config.base[6]: echo 'BEGIN: config.base'
BEGIN: config.base
+++ config.base[9]: export machine=WCOSS2
+++ config.base[9]: machine=WCOSS2
+++ config.base[12]: export RUN_ENVIR=emc
+++ config.base[12]: RUN_ENVIR=emc
+++ config.base[15]: export ACCOUNT=GFS-DEV
+++ config.base[15]: ACCOUNT=GFS-DEV
+++ config.base[16]: export QUEUE=dev
+++ config.base[16]: QUEUE=dev
+++ config.base[17]: export QUEUE_SERVICE=dev_transfer
+++ config.base[17]: QUEUE_SERVICE=dev_transfer
+++ config.base[18]: export PARTITION_BATCH=
+++ config.base[18]: PARTITION_BATCH=
+++ config.base[19]: export PARTITION_SERVICE=
+++ config.base[19]: PARTITION_SERVICE=
+++ config.base[22]: export HPSS_PROJECT=emc-global
+++ config.base[22]: HPSS_PROJECT=emc-global
+++ config.base[25]: export HOMEgfs=/lfs/h2/emc/global/noscrub/globalworkflow.ci/GFS_CI_ROOT/PR/2620/global-workflow
+++ config.base[25]: HOMEgfs=/lfs/h2/emc/global/noscrub/globalworkflow.ci/GFS_CI_ROOT/PR/2620/global-workflow
+++ config.base[26]: export EXECgfs=/lfs/h2/emc/global/noscrub/globalworkflow.ci/GFS_CI_ROOT/PR/2620/global-workflow/exec
+++ config.base[26]: EXECgfs=/lfs/h2/emc/global/noscrub/globalworkflow.ci/GFS_CI_ROOT/PR/2620/global-workflow/exec
+++ config.base[27]: export FIXgfs=/lfs/h2/emc/global/noscrub/globalworkflow.ci/GFS_CI_ROOT/PR/2620/global-workflow/fix
+++ config.base[27]: FIXgfs=/lfs/h2/emc/global/noscrub/globalworkflow.ci/GFS_CI_ROOT/PR/2620/global-workflow/fix
+++ config.base[28]: export PARMgfs=/lfs/h2/emc/global/noscrub/globalworkflow.ci/GFS_CI_ROOT/PR/2620/global-workflow/parm
+++ config.base[28]: PARMgfs=/lfs/h2/emc/global/noscrub/globalworkflow.ci/GFS_CI_ROOT/PR/2620/global-workflow/parm
+++ config.base[29]: export SCRgfs=/lfs/h2/emc/global/noscrub/globalworkflow.ci/GFS_CI_ROOT/PR/2620/global-workflow/scripts
+++ config.base[29]: SCRgfs=/lfs/h2/emc/global/noscrub/globalworkflow.ci/GFS_CI_ROOT/PR/2620/global-workflow/scripts
+++ config.base[30]: export USHgfs=/lfs/h2/emc/global/noscrub/globalworkflow.ci/GFS_CI_ROOT/PR/2620/global-workflow/ush
+++ config.base[30]: USHgfs=/lfs/h2/emc/global/noscrub/globalworkflow.ci/GFS_CI_ROOT/PR/2620/global-workflow/ush
+++ config.base[32]: export FIXam=/lfs/h2/emc/global/noscrub/globalworkflow.ci/GFS_CI_ROOT/PR/2620/global-workflow/fix/am
+++ config.base[32]: FIXam=/lfs/h2/emc/global/noscrub/globalworkflow.ci/GFS_CI_ROOT/PR/2620/global-workflow/fix/am
+++ config.base[33]: export FIXaer=/lfs/h2/emc/global/noscrub/globalworkflow.ci/GFS_CI_ROOT/PR/2620/global-workflow/fix/aer
+++ config.base[33]: FIXaer=/lfs/h2/emc/global/noscrub/globalworkflow.ci/GFS_CI_ROOT/PR/2620/global-workflow/fix/aer
+++ config.base[34]: export FIXcpl=/lfs/h2/emc/global/noscrub/globalworkflow.ci/GFS_CI_ROOT/PR/2620/global-workflow/fix/cpl
+++ config.base[34]: FIXcpl=/lfs/h2/emc/global/noscrub/globalworkflow.ci/GFS_CI_ROOT/PR/2620/global-workflow/fix/cpl
+++ config.base[35]: export FIXlut=/lfs/h2/emc/global/noscrub/globalworkflow.ci/GFS_CI_ROOT/PR/2620/global-workflow/fix/lut
+++ config.base[35]: FIXlut=/lfs/h2/emc/global/noscrub/globalworkflow.ci/GFS_CI_ROOT/PR/2620/global-workflow/fix/lut
+++ config.base[36]: export FIXorog=/lfs/h2/emc/global/noscrub/globalworkflow.ci/GFS_CI_ROOT/PR/2620/global-workflow/fix/orog
+++ config.base[36]: FIXorog=/lfs/h2/emc/global/noscrub/globalworkflow.ci/GFS_CI_ROOT/PR/2620/global-workflow/fix/orog
+++ config.base[37]: export FIXcice=/lfs/h2/emc/global/noscrub/globalworkflow.ci/GFS_CI_ROOT/PR/2620/global-workflow/fix/cice
+++ config.base[37]: FIXcice=/lfs/h2/emc/global/noscrub/globalworkflow.ci/GFS_CI_ROOT/PR/2620/global-workflow/fix/cice
+++ config.base[38]: export FIXmom=/lfs/h2/emc/global/noscrub/globalworkflow.ci/GFS_CI_ROOT/PR/2620/global-workflow/fix/mom6
+++ config.base[38]: FIXmom=/lfs/h2/emc/global/noscrub/globalworkflow.ci/GFS_CI_ROOT/PR/2620/global-workflow/fix/mom6
+++ config.base[39]: export FIXreg2grb2=/lfs/h2/emc/global/noscrub/globalworkflow.ci/GFS_CI_ROOT/PR/2620/global-workflow/fix/reg2grb2
+++ config.base[39]: FIXreg2grb2=/lfs/h2/emc/global/noscrub/globalworkflow.ci/GFS_CI_ROOT/PR/2620/global-workflow/fix/reg2grb2
+++ config.base[40]: export FIXugwd=/lfs/h2/emc/global/noscrub/globalworkflow.ci/GFS_CI_ROOT/PR/2620/global-workflow/fix/ugwd
+++ config.base[40]: FIXugwd=/lfs/h2/emc/global/noscrub/globalworkflow.ci/GFS_CI_ROOT/PR/2620/global-workflow/fix/ugwd
+++ config.base[41]: export FIXgdas=/lfs/h2/emc/global/noscrub/globalworkflow.ci/GFS_CI_ROOT/PR/2620/global-workflow/fix/gdas
+++ config.base[41]: FIXgdas=/lfs/h2/emc/global/noscrub/globalworkflow.ci/GFS_CI_ROOT/PR/2620/global-workflow/fix/gdas
+++ config.base[46]: export PACKAGEROOT=/lfs/h1/ops/prod/packages
+++ config.base[46]: PACKAGEROOT=/lfs/h1/ops/prod/packages
+++ config.base[47]: export COMROOT=/lfs/h2/emc/global/noscrub/globalworkflow.ci/GFS_CI_ROOT/PR/2620/RUNTESTS/COMROOT
+++ config.base[47]: COMROOT=/lfs/h2/emc/global/noscrub/globalworkflow.ci/GFS_CI_ROOT/PR/2620/RUNTESTS/COMROOT
+++ config.base[48]: export COMINsyn=/lfs/h1/ops/prod/com/gfs/v16.3/syndat
+++ config.base[48]: COMINsyn=/lfs/h1/ops/prod/com/gfs/v16.3/syndat
+++ config.base[49]: export DMPDIR=/lfs/h2/emc/dump/noscrub/dump
+++ config.base[49]: DMPDIR=/lfs/h2/emc/dump/noscrub/dump
+++ config.base[50]: export BASE_CPLIC=/lfs/h2/emc/global/noscrub/emc.global/data/ICSDIR/prototype_ICs
+++ config.base[50]: BASE_CPLIC=/lfs/h2/emc/global/noscrub/emc.global/data/ICSDIR/prototype_ICs
+++ config.base[54]: export COMINecmwf=/lfs/h2/emc/global/noscrub/emc.global/data/external_gempak/ecmwf
+++ config.base[54]: COMINecmwf=/lfs/h2/emc/global/noscrub/emc.global/data/external_gempak/ecmwf
+++ config.base[55]: export COMINnam=/lfs/h2/emc/global/noscrub/emc.global/data/external_gempak/nam
+++ config.base[55]: COMINnam=/lfs/h2/emc/global/noscrub/emc.global/data/external_gempak/nam
+++ config.base[56]: export COMINukmet=/lfs/h2/emc/global/noscrub/emc.global/data/external_gempak/ukmet
+++ config.base[56]: COMINukmet=/lfs/h2/emc/global/noscrub/emc.global/data/external_gempak/ukmet
+++ config.base[59]: export HOMEDIR=/lfs/h2/emc/global/noscrub/terry.mcguinness
+++ config.base[59]: HOMEDIR=/lfs/h2/emc/global/noscrub/terry.mcguinness
+++ config.base[60]: export STMP=/lfs/h2/emc/stmp/terry.mcguinness
+++ config.base[60]: STMP=/lfs/h2/emc/stmp/terry.mcguinness
+++ config.base[61]: export PTMP=/lfs/h2/emc/ptmp/terry.mcguinness
+++ config.base[61]: PTMP=/lfs/h2/emc/ptmp/terry.mcguinness
+++ config.base[62]: export NOSCRUB=/lfs/h2/emc/global/noscrub/terry.mcguinness
+++ config.base[62]: NOSCRUB=/lfs/h2/emc/global/noscrub/terry.mcguinness
+++ config.base[65]: export BASE_GIT=/lfs/h2/emc/global/save/emc.global/git
+++ config.base[65]: BASE_GIT=/lfs/h2/emc/global/save/emc.global/git
+++ config.base[68]: export DO_GOES=NO
+++ config.base[68]: DO_GOES=NO
+++ config.base[69]: export DO_BUFRSND=NO
+++ config.base[69]: DO_BUFRSND=NO
+++ config.base[70]: export DO_GEMPAK=NO
+++ config.base[70]: DO_GEMPAK=NO
+++ config.base[71]: export DO_AWIPS=NO
+++ config.base[71]: DO_AWIPS=NO
+++ config.base[72]: export DO_NPOESS=NO
+++ config.base[72]: DO_NPOESS=NO
+++ config.base[73]: export DO_TRACKER=YES
+++ config.base[73]: DO_TRACKER=YES
+++ config.base[74]: export DO_GENESIS=YES
+++ config.base[74]: DO_GENESIS=YES
+++ config.base[75]: export DO_GENESIS_FSU=NO
+++ config.base[75]: DO_GENESIS_FSU=NO
+++ config.base[76]: export DO_VERFOZN=YES
+++ config.base[76]: DO_VERFOZN=YES
+++ config.base[77]: export DO_VERFRAD=YES
+++ config.base[77]: DO_VERFRAD=YES
+++ config.base[78]: export DO_VMINMON=YES
+++ config.base[78]: DO_VMINMON=YES
+++ config.base[79]: export DO_MOS=NO
+++ config.base[79]: DO_MOS=NO
+++ config.base[85]: export REALTIME=YES
+++ config.base[85]: REALTIME=YES
+++ config.base[88]: export MODE=cycled
+++ config.base[88]: MODE=cycled
+++ config.base[97]: export FIXgsi=/lfs/h2/emc/global/noscrub/globalworkflow.ci/GFS_CI_ROOT/PR/2620/global-workflow/fix/gsi
+++ config.base[97]: FIXgsi=/lfs/h2/emc/global/noscrub/globalworkflow.ci/GFS_CI_ROOT/PR/2620/global-workflow/fix/gsi
+++ config.base[98]: export HOMEpost=/lfs/h2/emc/global/noscrub/globalworkflow.ci/GFS_CI_ROOT/PR/2620/global-workflow
+++ config.base[98]: HOMEpost=/lfs/h2/emc/global/noscrub/globalworkflow.ci/GFS_CI_ROOT/PR/2620/global-workflow
+++ config.base[99]: export HOMEobsproc=/lfs/h2/emc/global/save/emc.global/git/obsproc/v1.1.2
+++ config.base[99]: HOMEobsproc=/lfs/h2/emc/global/save/emc.global/git/obsproc/v1.1.2
+++ config.base[102]: export 'NCP=/bin/cp -p'
+++ config.base[102]: NCP='/bin/cp -p'
+++ config.base[103]: export NMV=/bin/mv
+++ config.base[103]: NMV=/bin/mv
+++ config.base[104]: export 'NLN=/bin/ln -sf'
+++ config.base[104]: NLN='/bin/ln -sf'
+++ config.base[105]: export VERBOSE=YES
+++ config.base[105]: VERBOSE=YES
+++ config.base[106]: export KEEPDATA=NO
+++ config.base[106]: KEEPDATA=NO
+++ config.base[107]: export DEBUG_POSTSCRIPT=NO
+++ config.base[107]: DEBUG_POSTSCRIPT=NO
+++ config.base[108]: export CHGRP_RSTPROD=YES
+++ config.base[108]: CHGRP_RSTPROD=YES
+++ config.base[109]: export 'CHGRP_CMD=chgrp rstprod'
+++ config.base[109]: CHGRP_CMD='chgrp rstprod'
+++ config.base[110]: export NCDUMP=/apps/prod/hpc-stack/intel-19.1.3.304/cray-mpich-8.1.4/netcdf/4.7.4/bin/ncdump/bin/ncdump
+++ config.base[110]: NCDUMP=/apps/prod/hpc-stack/intel-19.1.3.304/cray-mpich-8.1.4/netcdf/4.7.4/bin/ncdump/bin/ncdump
+++ config.base[111]: export NCLEN=/lfs/h2/emc/global/noscrub/globalworkflow.ci/GFS_CI_ROOT/PR/2620/global-workflow/ush/getncdimlen
+++ config.base[111]: NCLEN=/lfs/h2/emc/global/noscrub/globalworkflow.ci/GFS_CI_ROOT/PR/2620/global-workflow/ush/getncdimlen
+++ config.base[114]: export BASE_ENV=/lfs/h2/emc/global/noscrub/globalworkflow.ci/GFS_CI_ROOT/PR/2620/global-workflow/env
+++ config.base[114]: BASE_ENV=/lfs/h2/emc/global/noscrub/globalworkflow.ci/GFS_CI_ROOT/PR/2620/global-workflow/env
+++ config.base[115]: export BASE_JOB=/lfs/h2/emc/global/noscrub/globalworkflow.ci/GFS_CI_ROOT/PR/2620/global-workflow/jobs/rocoto
+++ config.base[115]: BASE_JOB=/lfs/h2/emc/global/noscrub/globalworkflow.ci/GFS_CI_ROOT/PR/2620/global-workflow/jobs/rocoto
+++ config.base[118]: export SDATE=2024022318
+++ config.base[118]: SDATE=2024022318
+++ config.base[119]: export EDATE=2024022400
+++ config.base[119]: EDATE=2024022400
+++ config.base[120]: export EXP_WARM_START=.true.
+++ config.base[120]: EXP_WARM_START=.true.
+++ config.base[121]: export assim_freq=6
+++ config.base[121]: assim_freq=6
+++ config.base[122]: export PSLOT=C96C48_ufs_hybatmDA_d6f6ae0c
+++ config.base[122]: PSLOT=C96C48_ufs_hybatmDA_d6f6ae0c
+++ config.base[123]: export EXPDIR=/lfs/h2/emc/global/noscrub/globalworkflow.ci/GFS_CI_ROOT/PR/2620/RUNTESTS/EXPDIR/C96C48_ufs_hybatmDA_d6f6ae0c
+++ config.base[123]: EXPDIR=/lfs/h2/emc/global/noscrub/globalworkflow.ci/GFS_CI_ROOT/PR/2620/RUNTESTS/EXPDIR/C96C48_ufs_hybatmDA_d6f6ae0c
+++ config.base[124]: export ROTDIR=/lfs/h2/emc/global/noscrub/globalworkflow.ci/GFS_CI_ROOT/PR/2620/RUNTESTS/COMROOT/C96C48_ufs_hybatmDA_d6f6ae0c
+++ config.base[124]: ROTDIR=/lfs/h2/emc/global/noscrub/globalworkflow.ci/GFS_CI_ROOT/PR/2620/RUNTESTS/COMROOT/C96C48_ufs_hybatmDA_d6f6ae0c
+++ config.base[125]: export ROTDIR_DUMP=YES
+++ config.base[125]: ROTDIR_DUMP=YES
+++ config.base[126]: export DUMP_SUFFIX=
+++ config.base[126]: DUMP_SUFFIX=
+++ config.base[127]: [[ 2024022400 -ge 2019092100 ]]
+++ config.base[127]: [[ 2024022400 -le 2019110700 ]]
+++ config.base[130]: export DATAROOT=/lfs/h2/emc/stmp/terry.mcguinness/RUNDIRS/C96C48_ufs_hybatmDA_d6f6ae0c
+++ config.base[130]: DATAROOT=/lfs/h2/emc/stmp/terry.mcguinness/RUNDIRS/C96C48_ufs_hybatmDA_d6f6ae0c
+++ config.base[131]: export RUNDIR=/lfs/h2/emc/stmp/terry.mcguinness/RUNDIRS/C96C48_ufs_hybatmDA_d6f6ae0c
+++ config.base[131]: RUNDIR=/lfs/h2/emc/stmp/terry.mcguinness/RUNDIRS/C96C48_ufs_hybatmDA_d6f6ae0c
+++ config.base[132]: export ARCDIR=/lfs/h2/emc/global/noscrub/terry.mcguinness/archive/C96C48_ufs_hybatmDA_d6f6ae0c
+++ config.base[132]: ARCDIR=/lfs/h2/emc/global/noscrub/terry.mcguinness/archive/C96C48_ufs_hybatmDA_d6f6ae0c
+++ config.base[133]: export ATARDIR=/NCEPDEV/emc-global/1year/terry.mcguinness/WCOSS2/scratch/C96C48_ufs_hybatmDA_d6f6ae0c
+++ config.base[133]: ATARDIR=/NCEPDEV/emc-global/1year/terry.mcguinness/WCOSS2/scratch/C96C48_ufs_hybatmDA_d6f6ae0c
+++ config.base[136]: export envir=prod
+++ config.base[136]: envir=prod
+++ config.base[137]: export NET=gfs
+++ config.base[137]: NET=gfs
+++ config.base[138]: export RUN=gfs
+++ config.base[138]: RUN=gfs
+++ config.base[144]: source /lfs/h2/emc/global/noscrub/globalworkflow.ci/GFS_CI_ROOT/PR/2620/RUNTESTS/EXPDIR/C96C48_ufs_hybatmDA_d6f6ae0c/config.com
++++ config.com[4]: echo 'BEGIN: config.com'
BEGIN: config.com
++++ config.com[37]: [[ emc == \n\c\o ]]
++++ config.com[41]: COM_OBS_TMPL='${ROTDIR}/${RUN}.${YMD}/${HH}/obs'
++++ config.com[42]: COM_RTOFS_TMPL='${DMPDIR}'
++++ config.com[44]: declare -rx COM_OBS_TMPL COM_RTOFS_TMPL
++++ config.com[45]: declare -rx 'COM_OBSDMP_TMPL=${DMPDIR}/${DUMP}${DUMP_SUFFIX}.${YMD}/${HH}/atmos'
++++ config.com[47]: COM_BASE='${ROTDIR}/${RUN}.${YMD}/${HH}/${MEMDIR}'
++++ config.com[49]: declare -rx 'COM_TOP_TMPL=${ROTDIR}/${RUN}.${YMD}/${HH}'
++++ config.com[51]: declare -rx 'COM_CONF_TMPL=${ROTDIR}/${RUN}.${YMD}/${HH}/${MEMDIR}/conf'
++++ config.com[52]: declare -rx 'COM_ATMOS_INPUT_TMPL=${ROTDIR}/${RUN}.${YMD}/${HH}/${MEMDIR}/model_data/atmos/input'
++++ config.com[53]: declare -rx 'COM_ATMOS_RESTART_TMPL=${ROTDIR}/${RUN}.${YMD}/${HH}/${MEMDIR}/model_data/atmos/restart'
++++ config.com[54]: declare -rx 'COM_ATMOS_ANALYSIS_TMPL=${ROTDIR}/${RUN}.${YMD}/${HH}/${MEMDIR}/analysis/atmos'
++++ config.com[55]: declare -rx 'COM_SNOW_ANALYSIS_TMPL=${ROTDIR}/${RUN}.${YMD}/${HH}/${MEMDIR}/analysis/snow'
++++ config.com[56]: declare -rx 'COM_ATMOS_HISTORY_TMPL=${ROTDIR}/${RUN}.${YMD}/${HH}/${MEMDIR}/model_data/atmos/history'
++++ config.com[57]: declare -rx 'COM_ATMOS_MASTER_TMPL=${ROTDIR}/${RUN}.${YMD}/${HH}/${MEMDIR}/model_data/atmos/master'
++++ config.com[58]: declare -rx 'COM_ATMOS_GRIB_TMPL=${ROTDIR}/${RUN}.${YMD}/${HH}/${MEMDIR}/products/atmos/grib2'
++++ config.com[59]: declare -rx 'COM_ATMOS_GRIB_GRID_TMPL=${ROTDIR}/${RUN}.${YMD}/${HH}/${MEMDIR}/products/atmos/grib2/${GRID}'
++++ config.com[60]: declare -rx 'COM_ATMOS_BUFR_TMPL=${ROTDIR}/${RUN}.${YMD}/${HH}/${MEMDIR}/products/atmos/bufr'
++++ config.com[61]: declare -rx 'COM_ATMOS_GEMPAK_TMPL=${ROTDIR}/${RUN}.${YMD}/${HH}/${MEMDIR}/products/atmos/gempak/${GRID}'
++++ config.com[62]: declare -rx 'COM_ATMOS_GENESIS_TMPL=${ROTDIR}/${RUN}.${YMD}/${HH}/${MEMDIR}/products/atmos/cyclone/genesis_vital'
++++ config.com[63]: declare -rx 'COM_ATMOS_TRACK_TMPL=${ROTDIR}/${RUN}.${YMD}/${HH}/${MEMDIR}/products/atmos/cyclone/tracks'
++++ config.com[64]: declare -rx 'COM_ATMOS_GOES_TMPL=${ROTDIR}/${RUN}.${YMD}/${HH}/${MEMDIR}/products/atmos/goes_sim'
++++ config.com[65]: declare -rx 'COM_ATMOS_IMAGERY_TMPL=${ROTDIR}/${RUN}.${YMD}/${HH}/${MEMDIR}/products/atmos/imagery'
++++ config.com[66]: declare -rx 'COM_ATMOS_OZNMON_TMPL=${ROTDIR}/${RUN}.${YMD}/${HH}/${MEMDIR}/products/atmos/oznmon'
++++ config.com[67]: declare -rx 'COM_ATMOS_RADMON_TMPL=${ROTDIR}/${RUN}.${YMD}/${HH}/${MEMDIR}/products/atmos/radmon'
++++ config.com[68]: declare -rx 'COM_ATMOS_MINMON_TMPL=${ROTDIR}/${RUN}.${YMD}/${HH}/${MEMDIR}/products/atmos/minmon'
++++ config.com[69]: declare -rx 'COM_ATMOS_WMO_TMPL=${ROTDIR}/${RUN}.${YMD}/${HH}/${MEMDIR}/products/atmos/wmo'
++++ config.com[71]: declare -rx 'COM_WAVE_RESTART_TMPL=${ROTDIR}/${RUN}.${YMD}/${HH}/${MEMDIR}/model_data/wave/restart'
++++ config.com[72]: declare -rx 'COM_WAVE_PREP_TMPL=${ROTDIR}/${RUN}.${YMD}/${HH}/${MEMDIR}/model_data/wave/prep'
++++ config.com[73]: declare -rx 'COM_WAVE_HISTORY_TMPL=${ROTDIR}/${RUN}.${YMD}/${HH}/${MEMDIR}/model_data/wave/history'
++++ config.com[74]: declare -rx 'COM_WAVE_GRID_TMPL=${ROTDIR}/${RUN}.${YMD}/${HH}/${MEMDIR}/products/wave/gridded'
++++ config.com[75]: declare -rx 'COM_WAVE_STATION_TMPL=${ROTDIR}/${RUN}.${YMD}/${HH}/${MEMDIR}/products/wave/station'
++++ config.com[76]: declare -rx 'COM_WAVE_GEMPAK_TMPL=${ROTDIR}/${RUN}.${YMD}/${HH}/${MEMDIR}/products/wave/gempak'
++++ config.com[77]: declare -rx 'COM_WAVE_WMO_TMPL=${ROTDIR}/${RUN}.${YMD}/${HH}/${MEMDIR}/products/wave/wmo'
++++ config.com[79]: declare -rx 'COM_OCEAN_HISTORY_TMPL=${ROTDIR}/${RUN}.${YMD}/${HH}/${MEMDIR}/model_data/ocean/history'
++++ config.com[80]: declare -rx 'COM_OCEAN_RESTART_TMPL=${ROTDIR}/${RUN}.${YMD}/${HH}/${MEMDIR}/model_data/ocean/restart'
++++ config.com[81]: declare -rx 'COM_OCEAN_INPUT_TMPL=${ROTDIR}/${RUN}.${YMD}/${HH}/${MEMDIR}/model_data/ocean/input'
++++ config.com[82]: declare -rx 'COM_OCEAN_ANALYSIS_TMPL=${ROTDIR}/${RUN}.${YMD}/${HH}/${MEMDIR}/analysis/ocean'
++++ config.com[83]: declare -rx 'COM_OCEAN_NETCDF_TMPL=${ROTDIR}/${RUN}.${YMD}/${HH}/${MEMDIR}/products/ocean/netcdf'
++++ config.com[84]: declare -rx 'COM_OCEAN_GRIB_TMPL=${ROTDIR}/${RUN}.${YMD}/${HH}/${MEMDIR}/products/ocean/grib2'
++++ config.com[85]: declare -rx 'COM_OCEAN_GRIB_GRID_TMPL=${ROTDIR}/${RUN}.${YMD}/${HH}/${MEMDIR}/products/ocean/grib2/${GRID}'
++++ config.com[87]: declare -rx 'COM_ICE_ANALYSIS_TMPL=${ROTDIR}/${RUN}.${YMD}/${HH}/${MEMDIR}/analysis/ice'
++++ config.com[88]: declare -rx 'COM_ICE_INPUT_TMPL=${ROTDIR}/${RUN}.${YMD}/${HH}/${MEMDIR}/model_data/ice/input'
++++ config.com[89]: declare -rx 'COM_ICE_HISTORY_TMPL=${ROTDIR}/${RUN}.${YMD}/${HH}/${MEMDIR}/model_data/ice/history'
++++ config.com[90]: declare -rx 'COM_ICE_RESTART_TMPL=${ROTDIR}/${RUN}.${YMD}/${HH}/${MEMDIR}/model_data/ice/restart'
++++ config.com[91]: declare -rx 'COM_ICE_NETCDF_TMPL=${ROTDIR}/${RUN}.${YMD}/${HH}/${MEMDIR}/products/ice/netcdf'
++++ config.com[92]: declare -rx 'COM_ICE_GRIB_TMPL=${ROTDIR}/${RUN}.${YMD}/${HH}/${MEMDIR}/products/ice/grib2'
++++ config.com[93]: declare -rx 'COM_ICE_GRIB_GRID_TMPL=${ROTDIR}/${RUN}.${YMD}/${HH}/${MEMDIR}/products/ice/grib2/${GRID}'
++++ config.com[95]: declare -rx 'COM_CHEM_HISTORY_TMPL=${ROTDIR}/${RUN}.${YMD}/${HH}/${MEMDIR}/model_data/chem/history'
++++ config.com[96]: declare -rx 'COM_CHEM_ANALYSIS_TMPL=${ROTDIR}/${RUN}.${YMD}/${HH}/${MEMDIR}/analysis/chem'
++++ config.com[98]: declare -rx 'COM_MED_RESTART_TMPL=${ROTDIR}/${RUN}.${YMD}/${HH}/${MEMDIR}/model_data/med/restart'
+++ config.base[147]: export 'ERRSCRIPT=eval [[ $err = 0 ]]'
+++ config.base[147]: ERRSCRIPT='eval [[ $err = 0 ]]'
+++ config.base[148]: export LOGSCRIPT=
+++ config.base[148]: LOGSCRIPT=
+++ config.base[151]: export 'REDOUT=1>'
+++ config.base[151]: REDOUT='1>'
+++ config.base[152]: export 'REDERR=2>'
+++ config.base[152]: REDERR='2>'
+++ config.base[154]: export SENDECF=NO
+++ config.base[154]: SENDECF=NO
+++ config.base[155]: export SENDSDM=NO
+++ config.base[155]: SENDSDM=NO
+++ config.base[156]: export SENDDBN_NTC=NO
+++ config.base[156]: SENDDBN_NTC=NO
+++ config.base[157]: export SENDDBN=NO
+++ config.base[157]: SENDDBN=NO
+++ config.base[158]: export DBNROOT=/apps/ops/prod/nco/core/prod_util.v2.0.14/fakedbn
+++ config.base[158]: DBNROOT=/apps/ops/prod/nco/core/prod_util.v2.0.14/fakedbn
+++ config.base[161]: export APP=ATM
+++ config.base[161]: APP=ATM
+++ config.base[163]: shopt -s extglob
+++ config.base[165]: case "${RUN}" in
+++ config.base[172]: shopt -u extglob
+++ config.base[175]: export DO_ATM=YES
+++ config.base[175]: DO_ATM=YES
+++ config.base[176]: export DO_COUPLED=NO
+++ config.base[176]: DO_COUPLED=NO
+++ config.base[177]: export DO_WAVE=NO
+++ config.base[177]: DO_WAVE=NO
+++ config.base[178]: export DO_OCN=NO
+++ config.base[178]: DO_OCN=NO
+++ config.base[179]: export DO_ICE=NO
+++ config.base[179]: DO_ICE=NO
+++ config.base[180]: export DO_AERO=NO
+++ config.base[180]: DO_AERO=NO
+++ config.base[181]: export AERO_FCST_CDUMP=
+++ config.base[181]: AERO_FCST_CDUMP=
+++ config.base[182]: export AERO_ANL_CDUMP=
+++ config.base[182]: AERO_ANL_CDUMP=
+++ config.base[183]: export WAVE_CDUMP=
+++ config.base[183]: WAVE_CDUMP=
+++ config.base[184]: export DOBNDPNT_WAVE=NO
+++ config.base[184]: DOBNDPNT_WAVE=NO
+++ config.base[185]: export DOIBP_WAV=NO
+++ config.base[185]: DOIBP_WAV=NO
+++ config.base[186]: export FRAC_GRID=.true.
+++ config.base[186]: FRAC_GRID=.true.
+++ config.base[187]: export DO_NEST=NO
+++ config.base[187]: DO_NEST=NO
+++ config.base[188]: [[ NO == \Y\E\S ]]
+++ config.base[192]: export ntiles=6
+++ config.base[192]: ntiles=6
+++ config.base[196]: export OPS_RES=C768
+++ config.base[196]: OPS_RES=C768
+++ config.base[199]: export LEVS=128
+++ config.base[199]: LEVS=128
+++ config.base[200]: export CASE=C96
+++ config.base[200]: CASE=C96
+++ config.base[201]: export CASE_ENS=C48
+++ config.base[201]: CASE_ENS=C48
+++ config.base[202]: export OCNRES=500
+++ config.base[202]: OCNRES=500
+++ config.base[203]: export ICERES=500
+++ config.base[203]: ICERES=500
+++ config.base[206]: case "${CASE}" in
+++ config.base[211]: export waveGRD=uglo_100km
+++ config.base[211]: waveGRD=uglo_100km
+++ config.base[225]: case "${APP}" in
+++ config.base[266]: [[ gfs =~ gdas ]]
+++ config.base[269]: [[ gfs =~ gfs ]]
+++ config.base[270]: export FHCYC=24
+++ config.base[270]: FHCYC=24
+++ config.base[274]: export FHMIN=0
+++ config.base[274]: FHMIN=0
+++ config.base[275]: export FHMAX=9
+++ config.base[275]: FHMAX=9
+++ config.base[276]: export FHOUT=3
+++ config.base[276]: FHOUT=3
+++ config.base[277]: export FHOUT_OCNICE=3
+++ config.base[277]: FHOUT_OCNICE=3
+++ config.base[280]: export EUPD_CYC=gdas
+++ config.base[280]: EUPD_CYC=gdas
+++ config.base[283]: export gfs_cyc=1
+++ config.base[283]: gfs_cyc=1
+++ config.base[286]: export FHMIN_GFS=0
+++ config.base[286]: FHMIN_GFS=0
+++ config.base[287]: export FHMAX_GFS=120
+++ config.base[287]: FHMAX_GFS=120
+++ config.base[288]: export FHOUT_GFS=3
+++ config.base[288]: FHOUT_GFS=3
+++ config.base[289]: export FHMAX_HF_GFS=0
+++ config.base[289]: FHMAX_HF_GFS=0
+++ config.base[290]: export FHOUT_HF_GFS=1
+++ config.base[290]: FHOUT_HF_GFS=1
+++ config.base[291]: export FHOUT_OCNICE_GFS=6
+++ config.base[291]: FHOUT_OCNICE_GFS=6
+++ config.base[292]: export FHMIN_WAV=0
+++ config.base[292]: FHMIN_WAV=0
+++ config.base[293]: export FHOUT_WAV=3
+++ config.base[293]: FHOUT_WAV=3
+++ config.base[294]: export FHMAX_HF_WAV=120
+++ config.base[294]: FHMAX_HF_WAV=120
+++ config.base[295]: export FHOUT_HF_WAV=1
+++ config.base[295]: FHOUT_HF_WAV=1
+++ config.base[296]: export FHMAX_WAV=9
+++ config.base[296]: FHMAX_WAV=9
+++ config.base[297]: export FHMAX_WAV_GFS=120
+++ config.base[297]: FHMAX_WAV_GFS=120
+++ config.base[298]: ((  gfs_cyc != 0  ))
+++ config.base[299]: export STEP_GFS=24
+++ config.base[299]: STEP_GFS=24
+++ config.base[304]: export ILPOST=1
+++ config.base[304]: ILPOST=1
+++ config.base[305]: ((  FHMAX_HF_GFS < 120  ))
+++ config.base[306]: export ILPOST=3
+++ config.base[306]: ILPOST=3
+++ config.base[310]: export restart_interval_gfs=12
+++ config.base[310]: restart_interval_gfs=12
+++ config.base[315]: export QUILTING=.true.
+++ config.base[315]: QUILTING=.true.
+++ config.base[316]: export OUTPUT_GRID=gaussian_grid
+++ config.base[316]: OUTPUT_GRID=gaussian_grid
+++ config.base[317]: export WRITE_DOPOST=.true.
+++ config.base[317]: WRITE_DOPOST=.true.
+++ config.base[318]: export WRITE_NSFLIP=.true.
+++ config.base[318]: WRITE_NSFLIP=.true.
+++ config.base[321]: export DOIAU=NO
+++ config.base[321]: DOIAU=NO
+++ config.base[322]: export IAUFHRS=3,6,9
+++ config.base[322]: IAUFHRS=3,6,9
+++ config.base[323]: export IAU_FHROT=3
+++ config.base[323]: IAU_FHROT=3
+++ config.base[324]: export IAU_DELTHRS=6
+++ config.base[324]: IAU_DELTHRS=6
+++ config.base[325]: export IAU_OFFSET=6
+++ config.base[325]: IAU_OFFSET=6
+++ config.base[326]: export DOIAU_ENKF=NO
+++ config.base[326]: DOIAU_ENKF=NO
+++ config.base[327]: export IAUFHRS_ENKF=3,6,9
+++ config.base[327]: IAUFHRS_ENKF=3,6,9
+++ config.base[328]: export IAU_DELTHRS_ENKF=6
+++ config.base[328]: IAU_DELTHRS_ENKF=6
+++ config.base[331]: export lobsdiag_forenkf=.true.
+++ config.base[331]: lobsdiag_forenkf=.true.
+++ config.base[339]: export imp_physics=8
+++ config.base[339]: imp_physics=8
+++ config.base[343]: export DO_JEDIATMVAR=YES
+++ config.base[343]: DO_JEDIATMVAR=YES
+++ config.base[344]: export DO_JEDIATMENS=YES
+++ config.base[344]: DO_JEDIATMENS=YES
+++ config.base[345]: export DO_JEDIOCNVAR=NO
+++ config.base[345]: DO_JEDIOCNVAR=NO
+++ config.base[346]: export DO_JEDISNOWDA=NO
+++ config.base[346]: DO_JEDISNOWDA=NO
+++ config.base[347]: export DO_MERGENSST=NO
+++ config.base[347]: DO_MERGENSST=NO
+++ config.base[350]: export DOHYBVAR=YES
+++ config.base[350]: DOHYBVAR=YES
+++ config.base[351]: export NMEM_ENS=2
+++ config.base[351]: NMEM_ENS=2
+++ config.base[352]: export SMOOTH_ENKF=NO
+++ config.base[352]: SMOOTH_ENKF=NO
+++ config.base[353]: export l4densvar=.true.
+++ config.base[353]: l4densvar=.true.
+++ config.base[354]: export lwrite4danl=.true.
+++ config.base[354]: lwrite4danl=.true.
+++ config.base[355]: export DO_CALC_INCREMENT=NO
+++ config.base[355]: DO_CALC_INCREMENT=NO
+++ config.base[358]: export NMEM_ENS_GFS=30
+++ config.base[358]: NMEM_ENS_GFS=30
+++ config.base[359]: export NMEM_ENS_GFS_OFFSET=20
+++ config.base[359]: NMEM_ENS_GFS_OFFSET=20
+++ config.base[360]: export DO_CALC_INCREMENT_ENKF_GFS=NO
+++ config.base[360]: DO_CALC_INCREMENT_ENKF_GFS=NO
+++ config.base[363]: [[ YES = \Y\E\S ]]
+++ config.base[364]: export FHMIN_ENKF=3
+++ config.base[364]: FHMIN_ENKF=3
+++ config.base[365]: export FHMAX_ENKF=9
+++ config.base[365]: FHMAX_ENKF=9
+++ config.base[366]: export FHMAX_ENKF_GFS=12
+++ config.base[366]: FHMAX_ENKF_GFS=12
+++ config.base[367]: export FHOUT_ENKF_GFS=3
+++ config.base[367]: FHOUT_ENKF_GFS=3
+++ config.base[368]: [[ .true. = \.\t\r\u\e\. ]]
+++ config.base[369]: export FHOUT=1
+++ config.base[369]: FHOUT=1
+++ config.base[370]: export FHOUT_ENKF=1
+++ config.base[370]: FHOUT_ENKF=1
+++ config.base[377]: [[ YES == \N\O ]]
+++ config.base[385]: export ENKF_SPREAD=YES
+++ config.base[385]: ENKF_SPREAD=YES
+++ config.base[388]: [[ cycled = \c\y\c\l\e\d ]]
+++ config.base[388]: [[ 2024022318 = \2\0\2\4\0\2\2\4\0\0 ]]
+++ config.base[388]: [[ NO = \N\O ]]
+++ config.base[389]: export IAU_OFFSET=0
+++ config.base[389]: IAU_OFFSET=0
+++ config.base[390]: export IAU_FHROT=0
+++ config.base[390]: IAU_FHROT=0
+++ config.base[391]: export IAUFHRS=6
+++ config.base[391]: IAUFHRS=6
+++ config.base[394]: [[ NO = \N\O ]]
+++ config.base[394]: export IAUFHRS_ENKF=6
+++ config.base[394]: IAUFHRS_ENKF=6
+++ config.base[398]: [[ NO == \Y\E\S ]]
+++ config.base[401]: export restart_interval_enkfgdas=6
+++ config.base[401]: restart_interval_enkfgdas=6
+++ config.base[404]: export restart_interval_enkfgfs=6
+++ config.base[404]: restart_interval_enkfgfs=6
+++ config.base[406]: [[ NO == \Y\E\S ]]
+++ config.base[409]: export restart_interval_gdas=6
+++ config.base[409]: restart_interval_gdas=6
+++ config.base[412]: export GSI_SOILANAL=NO
+++ config.base[412]: GSI_SOILANAL=NO
+++ config.base[415]: export DONST=YES
+++ config.base[415]: DONST=YES
+++ config.base[416]: [[ YES = \Y\E\S ]]
+++ config.base[416]: export 'FNTSFA=        '
+++ config.base[416]: FNTSFA='        '
+++ config.base[419]: export nst_anl=.true.
+++ config.base[419]: nst_anl=.true.
+++ config.base[422]: export MAKE_NSSTBUFR=NO
+++ config.base[422]: MAKE_NSSTBUFR=NO
+++ config.base[425]: export MAKE_ACFTBUFR=NO
+++ config.base[425]: MAKE_ACFTBUFR=NO
+++ config.base[428]: export 'INCREMENTS_TO_ZERO='\''liq_wat_inc'\'','\''icmr_inc'\'','\''rwmr_inc'\'','\''snmr_inc'\'','\''grle_inc'\'''
+++ config.base[428]: INCREMENTS_TO_ZERO=''\''liq_wat_inc'\'','\''icmr_inc'\'','\''rwmr_inc'\'','\''snmr_inc'\'','\''grle_inc'\'''
+++ config.base[431]: export 'INCVARS_ZERO_STRAT='\''sphum_inc'\'','\''liq_wat_inc'\'','\''icmr_inc'\'','\''rwmr_inc'\'','\''snmr_inc'\'','\''grle_inc'\'''
+++ config.base[431]: INCVARS_ZERO_STRAT=''\''sphum_inc'\'','\''liq_wat_inc'\'','\''icmr_inc'\'','\''rwmr_inc'\'','\''snmr_inc'\'','\''grle_inc'\'''
+++ config.base[432]: export INCVARS_EFOLD=5
+++ config.base[432]: INCVARS_EFOLD=5
+++ config.base[437]: export netcdf_diag=.true.
+++ config.base[437]: netcdf_diag=.true.
+++ config.base[438]: export binary_diag=.false.
+++ config.base[438]: binary_diag=.false.
+++ config.base[441]: export DO_METP=NO
+++ config.base[441]: DO_METP=NO
+++ config.base[442]: export DO_FIT2OBS=YES
+++ config.base[442]: DO_FIT2OBS=YES
+++ config.base[443]: export DO_VRFY_OCEANDA=NO
+++ config.base[443]: DO_VRFY_OCEANDA=NO
+++ config.base[446]: export HPSSARCH=NO
+++ config.base[446]: HPSSARCH=NO
+++ config.base[447]: export LOCALARCH=NO
+++ config.base[447]: LOCALARCH=NO
+++ config.base[448]: [[ NO = \Y\E\S ]]
+++ config.base[452]: export ARCH_CYC=00
+++ config.base[452]: ARCH_CYC=00
+++ config.base[453]: export ARCH_WARMICFREQ=4
+++ config.base[453]: ARCH_WARMICFREQ=4
+++ config.base[454]: export ARCH_FCSTICFREQ=1
+++ config.base[454]: ARCH_FCSTICFREQ=1
+++ config.base[457]: export FITSARC=YES
+++ config.base[457]: FITSARC=YES
+++ config.base[458]: export FHMAX_FITS=132
+++ config.base[458]: FHMAX_FITS=132
+++ config.base[459]: [[ 132 -gt 120 ]]
+++ config.base[459]: export FHMAX_FITS=120
+++ config.base[459]: FHMAX_FITS=120
+++ config.base[462]: [[ YES = \Y\E\S ]]
+++ config.base[463]: export DO_VERFOZN=NO
+++ config.base[463]: DO_VERFOZN=NO
+++ config.base[464]: export DO_VERFRAD=NO
+++ config.base[464]: DO_VERFRAD=NO
+++ config.base[465]: export DO_VMINMON=NO
+++ config.base[465]: DO_VMINMON=NO
+++ config.base[469]: export NUM_SND_COLLECTIVES=9
+++ config.base[469]: NUM_SND_COLLECTIVES=9
+++ config.base[471]: echo 'END: config.base'
END: config.base
++ jjob_header.sh[99]: status=0
++ jjob_header.sh[100]: ((  status != 0  ))
++ jjob_header.sh[97]: for config in "${configs[@]:-''}"
++ jjob_header.sh[98]: source /lfs/h2/emc/global/noscrub/globalworkflow.ci/GFS_CI_ROOT/PR/2620/RUNTESTS/EXPDIR/C96C48_ufs_hybatmDA_d6f6ae0c/config.prepatmiodaobs
+++ config.prepatmiodaobs[6]: echo 'BEGIN: config.prepatmiodaobs'
BEGIN: config.prepatmiodaobs
+++ config.prepatmiodaobs[9]: . /lfs/h2/emc/global/noscrub/globalworkflow.ci/GFS_CI_ROOT/PR/2620/RUNTESTS/EXPDIR/C96C48_ufs_hybatmDA_d6f6ae0c/config.resources prepatmiodaobs
++++ config.resources[7]: ((  1 != 1  ))
++++ config.resources[31]: step=prepatmiodaobs
++++ config.resources[33]: echo 'BEGIN: config.resources'
BEGIN: config.resources
++++ config.resources[35]: case ${machine} in
++++ config.resources[36]: npe_node_max=128
++++ config.resources[72]: export npe_node_max
++++ config.resources[74]: case ${step} in
++++ config.resources[95]: export wtime_prepatmiodaobs=00:30:00
++++ config.resources[95]: wtime_prepatmiodaobs=00:30:00
++++ config.resources[96]: export npe_prepatmiodaobs=1
++++ config.resources[96]: npe_prepatmiodaobs=1
++++ config.resources[97]: export nth_prepatmiodaobs=1
++++ config.resources[97]: nth_prepatmiodaobs=1
++++ config.resources[98]: export npe_node_prepatmiodaobs=128
++++ config.resources[98]: npe_node_prepatmiodaobs=128
++++ config.resources[1300]: echo 'END: config.resources'
END: config.resources
+++ config.prepatmiodaobs[11]: echo 'END: config.prepatmiodaobs'
END: config.prepatmiodaobs
++ jjob_header.sh[99]: status=0
++ jjob_header.sh[100]: ((  status != 0  ))
++ jjob_header.sh[110]: source /lfs/h2/emc/global/noscrub/globalworkflow.ci/GFS_CI_ROOT/PR/2620/global-workflow/env/WCOSS2.env prepatmiodaobs
+++ WCOSS2.env[3]: [[ 1 -ne 1 ]]
+++ WCOSS2.env[15]: step=prepatmiodaobs
+++ WCOSS2.env[18]: export 'launcher=mpiexec -l'
+++ WCOSS2.env[18]: launcher='mpiexec -l'
+++ WCOSS2.env[19]: export 'mpmd_opt=--cpu-bind verbose,core cfp'
+++ WCOSS2.env[19]: mpmd_opt='--cpu-bind verbose,core cfp'
+++ WCOSS2.env[21]: [[ prepatmiodaobs = \p\r\e\p ]]
+++ WCOSS2.env[21]: [[ prepatmiodaobs = \p\r\e\p\b\u\f\r ]]
+++ WCOSS2.env[30]: [[ prepatmiodaobs = \p\r\e\p\s\n\o\w\o\b\s ]]
+++ WCOSS2.env[34]: [[ prepatmiodaobs = \p\r\e\p\_\e\m\i\s\s\i\o\n\s ]]
+++ WCOSS2.env[38]: [[ prepatmiodaobs = \w\a\v\e\i\n\i\t ]]
+++ WCOSS2.env[38]: [[ prepatmiodaobs = \w\a\v\e\p\r\e\p ]]
+++ WCOSS2.env[38]: [[ prepatmiodaobs = \w\a\v\e\p\o\s\t\s\b\s ]]
+++ WCOSS2.env[38]: [[ prepatmiodaobs = \w\a\v\e\p\o\s\t\b\n\d\p\n\t ]]
+++ WCOSS2.env[38]: [[ prepatmiodaobs = \w\a\v\e\p\o\s\t\b\n\d\p\n\t\b\l\l ]]
+++ WCOSS2.env[38]: [[ prepatmiodaobs = \w\a\v\e\p\o\s\t\p\n\t ]]
+++ WCOSS2.env[45]: [[ prepatmiodaobs = \a\t\m\a\n\l\v\a\r ]]
+++ WCOSS2.env[53]: [[ prepatmiodaobs = \a\t\m\e\n\s\a\n\l\l\e\t\k\f ]]
+++ WCOSS2.env[61]: [[ prepatmiodaobs = \a\t\m\e\n\s\a\n\l\f\v\3\i\n\c ]]
+++ WCOSS2.env[69]: [[ prepatmiodaobs = \a\e\r\o\a\n\l\r\u\n ]]
+++ WCOSS2.env[79]: [[ prepatmiodaobs = \s\n\o\w\a\n\l ]]
+++ WCOSS2.env[89]: [[ prepatmiodaobs = \a\t\m\a\n\l\f\v\3\i\n\c ]]
+++ WCOSS2.env[97]: [[ prepatmiodaobs = \a\n\a\l ]]
+++ WCOSS2.env[97]: [[ prepatmiodaobs = \a\n\a\l\c\a\l\c ]]
+++ WCOSS2.env[134]: [[ prepatmiodaobs = \s\f\c\a\n\l ]]
+++ WCOSS2.env[143]: [[ prepatmiodaobs = \e\o\b\s ]]
+++ WCOSS2.env[159]: [[ prepatmiodaobs = \e\u\p\d ]]
+++ WCOSS2.env[176]: [[ prepatmiodaobs = \f\c\s\t ]]
+++ WCOSS2.env[176]: [[ prepatmiodaobs = \e\f\c\s ]]
+++ WCOSS2.env[203]: [[ prepatmiodaobs = \u\p\p ]]
+++ WCOSS2.env[211]: [[ prepatmiodaobs = \a\t\m\o\s\_\p\r\o\d\u\c\t\s ]]
+++ WCOSS2.env[215]: [[ prepatmiodaobs = \o\c\e\a\n\i\c\e\_\p\r\o\d\u\c\t\s ]]
+++ WCOSS2.env[222]: [[ prepatmiodaobs = \e\c\e\n ]]
+++ WCOSS2.env[242]: [[ prepatmiodaobs = \e\s\f\c ]]
+++ WCOSS2.env[254]: [[ prepatmiodaobs = \e\p\o\s ]]
+++ WCOSS2.env[262]: [[ prepatmiodaobs = \p\o\s\t\s\n\d ]]
+++ WCOSS2.env[277]: [[ prepatmiodaobs = \a\w\i\p\s ]]
+++ WCOSS2.env[285]: [[ prepatmiodaobs = \g\e\m\p\a\k ]]
+++ WCOSS2.env[298]: [[ prepatmiodaobs = \f\i\t\2\o\b\s ]]
+++ WCOSS2.env[306]: [[ prepatmiodaobs = \w\a\v\e\a\w\i\p\s\b\u\l\l\s ]]
+++ WCOSS2.env[310]: [[ pre = \m\o\s ]]
++ jjob_header.sh[111]: status=0
++ jjob_header.sh[112]: ((  status != 0  ))
+ JGLOBAL_ATM_PREP_IODA_OBS[15]: YMD=20240224
+ JGLOBAL_ATM_PREP_IODA_OBS[15]: HH=00
+ JGLOBAL_ATM_PREP_IODA_OBS[15]: declare_from_tmpl -rx COM_OBS
+ bash_utils.sh[35]: [[ NO == \N\O ]]
+ bash_utils.sh[35]: set +x
declare_from_tmpl :: COM_OBS=/lfs/h2/emc/global/noscrub/globalworkflow.ci/GFS_CI_ROOT/PR/2620/RUNTESTS/COMROOT/C96C48_ufs_hybatmDA_d6f6ae0c/gfs.20240224/00/obs
+ JGLOBAL_ATM_PREP_IODA_OBS[20]: EXSCRIPT=/lfs/h2/emc/global/noscrub/globalworkflow.ci/GFS_CI_ROOT/PR/2620/global-workflow/ush/run_bufr2ioda.py
+ JGLOBAL_ATM_PREP_IODA_OBS[21]: /lfs/h2/emc/global/noscrub/globalworkflow.ci/GFS_CI_ROOT/PR/2620/global-workflow/ush/run_bufr2ioda.py 2024022400 gfs /lfs/h2/emc/dump/noscrub/dump /lfs/h2/emc/global/noscrub/globalworkflow.ci/GFS_CI_ROOT/PR/2620/global-workflow/parm/gdas/ioda/bufr2ioda /lfs/h2/emc/global/noscrub/globalworkflow.ci/GFS_CI_ROOT/PR/2620/RUNTESTS/COMROOT/C96C48_ufs_hybatmDA_d6f6ae0c/gfs.20240224/00/obs/
/lfs/h2/emc/global/noscrub/globalworkflow.ci/GFS_CI_ROOT/PR/2620/global-workflow/jobs/JGLOBAL_ATM_PREP_IODA_OBS: line 21: /lfs/h2/emc/global/noscrub/globalworkflow.ci/GFS_CI_ROOT/PR/2620/global-workflow/ush/run_bufr2ioda.py: No such file or directory
+ JGLOBAL_ATM_PREP_IODA_OBS[1]: postamble JGLOBAL_ATM_PREP_IODA_OBS 1717083681 127
+ preamble.sh[70]: set +x
End JGLOBAL_ATM_PREP_IODA_OBS at 15:41:23 with error code 127 (time elapsed: 00:00:02)
+ prepatmiodaobs.sh[1]: postamble prepatmiodaobs.sh 1717083657 127
+ preamble.sh[70]: set +x
End prepatmiodaobs.sh at 15:41:23 with error code 127 (time elapsed: 00:00:26)
PBS: Running epilogue on parent mom node: nid001223...
##### Job 133729379.cbqs01 - PBS Job Script:
(Note: Duplicate #PBS entries are a function how PBS interprets and caches the original job script.)

#! /bin/sh
#PBS -N C96C48_ufs_hybatmDA_d6f6ae0c_gfsprepatmiodaobs_00
#PBS -A GFS-DEV
#PBS -q dev
#PBS -l walltime=00:30:00
#PBS -l select=1:mpiprocs=128:ompthreads=1:ncpus=128
#PBS -j oe -o /lfs/h2/emc/global/noscrub/globalworkflow.ci/GFS_CI_ROOT/PR/2620/RUNTESTS/COMROOT/C96C48_ufs_hybatmDA_d6f6ae0c/logs/2024022400/gfsprepatmiodaobs.log
#PBS -l place=vscatter:shared
export RUN_ENVIR='emc'
export HOMEgfs='/lfs/h2/emc/global/noscrub/globalworkflow.ci/GFS_CI_ROOT/PR/2620/global-workflow'
export EXPDIR='/lfs/h2/emc/global/noscrub/globalworkflow.ci/GFS_CI_ROOT/PR/2620/RUNTESTS/EXPDIR/C96C48_ufs_hybatmDA_d6f6ae0c'
export NET='gfs'
export CDUMP='gfs'
export RUN='gfs'
export CDATE='2024022400'
export PDY='20240224'
export cyc='00'
export COMROOT='/lfs/h2/emc/global/noscrub/globalworkflow.ci/GFS_CI_ROOT/PR/2620/RUNTESTS/COMROOT'
export DATAROOT='/lfs/h2/emc/stmp/terry.mcguinness/RUNDIRS/C96C48_ufs_hybatmDA_d6f6ae0c'
set -x
/lfs/h2/emc/global/noscrub/globalworkflow.ci/GFS_CI_ROOT/PR/2620/global-workflow/jobs/rocoto/prepatmiodaobs.sh
##### End of job script
------------------------------------------------------------------

