PBS: Running prologue on parent mom node: nid002204...
Job 133975530.cbqs01 nodelist: nid002204
+ /lfs/h2/emc/global/noscrub/globalworkflow.ci/GFS_CI_ROOT/PR/2645/global-workflow/jobs/rocoto/analcalc.sh
Begin analcalc.sh at Sat Jun  1 21:03:20 UTC 2024
+ analcalc.sh[7]: . /lfs/h2/emc/global/noscrub/globalworkflow.ci/GFS_CI_ROOT/PR/2645/global-workflow/ush/load_fv3gfs_modules.sh
++ load_fv3gfs_modules.sh[4]: [[ NO == \N\O ]]
++ load_fv3gfs_modules.sh[5]: echo 'Loading modules quietly...'
Loading modules quietly...
++ load_fv3gfs_modules.sh[6]: set +x
Resetting modules to system default. Reseting $MODULEPATH back to system default. All extra directories will be removed from $MODULEPATH.

Currently Loaded Modules:
  1) craype-x86-rome     (H)  13) perl/5.32.0        25) met/9.1.3
  2) libfabric/1.11.0.0. (H)  14) libjpeg/9c         26) metplus/3.1.1
  3) craype-network-ofi  (H)  15) udunits/2.2.28     27) prepobs/1.0.1
  4) envvar/1.0               16) gsl/2.7            28) fit2obs/1.0.0
  5) PrgEnv-intel/8.1.0       17) cdo/1.9.8          29) mos_shared/2.7.2
  6) craype/2.7.13            18) hdf5/1.10.6        30) module_base.wcoss2
  7) intel/19.1.3.304         19) netcdf/4.7.4       31) grib_util/1.2.3
  8) cray-mpich/8.1.9         20) nco/4.7.9          32) g2tmpl/1.10.2
  9) cray-pals/1.0.17         21) prod_util/2.0.9    33) crtm/2.4.0.1
 10) cfp/2.0.4                22) bufr_dump/1.0.0    34) wgrib2/2.0.8
 11) python/3.8.6             23) util_shared/1.4.0
 12) gempak/7.14.1            24) ncdiag/1.0.0

  Where:
   H:  Hidden Module

 

+ analcalc.sh[8]: status=0
+ analcalc.sh[9]: [[ 0 -ne 0 ]]
+ analcalc.sh[11]: export job=analcalc
+ analcalc.sh[11]: job=analcalc
+ analcalc.sh[12]: export jobid=analcalc.63274
+ analcalc.sh[12]: jobid=analcalc.63274
+ analcalc.sh[16]: /lfs/h2/emc/global/noscrub/globalworkflow.ci/GFS_CI_ROOT/PR/2645/global-workflow/jobs/JGLOBAL_ATMOS_ANALYSIS_CALC
Begin JGLOBAL_ATMOS_ANALYSIS_CALC at Sat Jun  1 21:03:21 UTC 2024
+ JGLOBAL_ATMOS_ANALYSIS_CALC[4]: source /lfs/h2/emc/global/noscrub/globalworkflow.ci/GFS_CI_ROOT/PR/2645/global-workflow/ush/jjob_header.sh -e analcalc -c 'base anal analcalc'
++ jjob_header.sh[44]: OPTIND=1
++ jjob_header.sh[45]: getopts c:e: option
++ jjob_header.sh[46]: case "${option}" in
++ jjob_header.sh[48]: env_job=analcalc
++ jjob_header.sh[45]: getopts c:e: option
++ jjob_header.sh[46]: case "${option}" in
++ jjob_header.sh[47]: read -ra configs
++ jjob_header.sh[45]: getopts c:e: option
++ jjob_header.sh[59]: shift 4
++ jjob_header.sh[61]: [[ -z analcalc ]]
++ jjob_header.sh[69]: export DATA=/lfs/h2/emc/stmp/terry.mcguinness/RUNDIRS/C96C48_hybatmDA_786c0ac9/analcalc.63274
++ jjob_header.sh[69]: DATA=/lfs/h2/emc/stmp/terry.mcguinness/RUNDIRS/C96C48_hybatmDA_786c0ac9/analcalc.63274
++ jjob_header.sh[70]: [[ YES == \Y\E\S ]]
++ jjob_header.sh[71]: rm -rf /lfs/h2/emc/stmp/terry.mcguinness/RUNDIRS/C96C48_hybatmDA_786c0ac9/analcalc.63274
++ jjob_header.sh[73]: mkdir -p /lfs/h2/emc/stmp/terry.mcguinness/RUNDIRS/C96C48_hybatmDA_786c0ac9/analcalc.63274
++ jjob_header.sh[74]: cd /lfs/h2/emc/stmp/terry.mcguinness/RUNDIRS/C96C48_hybatmDA_786c0ac9/analcalc.63274
++ jjob_header.sh[80]: export cycle=t00z
++ jjob_header.sh[80]: cycle=t00z
++ jjob_header.sh[81]: setpdy.sh
 completed cleanly
 completed cleanly
Source PDY script to export PDYm7, ..., PDY, ..., PDYp7 variables.
++ jjob_header.sh[82]: source ./PDY
+++ PDY[1]: export PDYm7=20211214
+++ PDY[1]: PDYm7=20211214
+++ PDY[2]: export PDYm6=20211215
+++ PDY[2]: PDYm6=20211215
+++ PDY[3]: export PDYm5=20211216
+++ PDY[3]: PDYm5=20211216
+++ PDY[4]: export PDYm4=20211217
+++ PDY[4]: PDYm4=20211217
+++ PDY[5]: export PDYm3=20211218
+++ PDY[5]: PDYm3=20211218
+++ PDY[6]: export PDYm2=20211219
+++ PDY[6]: PDYm2=20211219
+++ PDY[7]: export PDYm1=20211220
+++ PDY[7]: PDYm1=20211220
+++ PDY[8]: export PDY=20211221
+++ PDY[8]: PDY=20211221
+++ PDY[9]: export PDYp1=20211222
+++ PDY[9]: PDYp1=20211222
+++ PDY[10]: export PDYp2=20211223
+++ PDY[10]: PDYp2=20211223
+++ PDY[11]: export PDYp3=20211224
+++ PDY[11]: PDYp3=20211224
+++ PDY[12]: export PDYp4=20211225
+++ PDY[12]: PDYp4=20211225
+++ PDY[13]: export PDYp5=20211226
+++ PDY[13]: PDYp5=20211226
+++ PDY[14]: export PDYp6=20211227
+++ PDY[14]: PDYp6=20211227
+++ PDY[15]: export PDYp7=20211228
+++ PDY[15]: PDYp7=20211228
++ jjob_header.sh[88]: export pid=63712
++ jjob_header.sh[88]: pid=63712
++ jjob_header.sh[89]: export pgmout=OUTPUT.63712
++ jjob_header.sh[89]: pgmout=OUTPUT.63712
++ jjob_header.sh[90]: export pgmerr=errfile
++ jjob_header.sh[90]: pgmerr=errfile
++ jjob_header.sh[96]: export EXPDIR=/lfs/h2/emc/global/noscrub/globalworkflow.ci/GFS_CI_ROOT/PR/2645/RUNTESTS/EXPDIR/C96C48_hybatmDA_786c0ac9
++ jjob_header.sh[96]: EXPDIR=/lfs/h2/emc/global/noscrub/globalworkflow.ci/GFS_CI_ROOT/PR/2645/RUNTESTS/EXPDIR/C96C48_hybatmDA_786c0ac9
++ jjob_header.sh[97]: for config in "${configs[@]:-''}"
++ jjob_header.sh[98]: source /lfs/h2/emc/global/noscrub/globalworkflow.ci/GFS_CI_ROOT/PR/2645/RUNTESTS/EXPDIR/C96C48_hybatmDA_786c0ac9/config.base
+++ config.base[6]: echo 'BEGIN: config.base'
BEGIN: config.base
+++ config.base[9]: export machine=WCOSS2
+++ config.base[9]: machine=WCOSS2
+++ config.base[12]: export RUN_ENVIR=emc
+++ config.base[12]: RUN_ENVIR=emc
+++ config.base[15]: export ACCOUNT=GFS-DEV
+++ config.base[15]: ACCOUNT=GFS-DEV
+++ config.base[16]: export ACCOUNT_SERVICE=GFS-DEV
+++ config.base[16]: ACCOUNT_SERVICE=GFS-DEV
+++ config.base[17]: export QUEUE=dev
+++ config.base[17]: QUEUE=dev
+++ config.base[18]: export QUEUE_SERVICE=dev_transfer
+++ config.base[18]: QUEUE_SERVICE=dev_transfer
+++ config.base[19]: export PARTITION_BATCH=
+++ config.base[19]: PARTITION_BATCH=
+++ config.base[20]: export PARTITION_SERVICE=
+++ config.base[20]: PARTITION_SERVICE=
+++ config.base[21]: export RESERVATION=
+++ config.base[21]: RESERVATION=
+++ config.base[24]: export HPSS_PROJECT=emc-global
+++ config.base[24]: HPSS_PROJECT=emc-global
+++ config.base[27]: export HOMEgfs=/lfs/h2/emc/global/noscrub/globalworkflow.ci/GFS_CI_ROOT/PR/2645/global-workflow
+++ config.base[27]: HOMEgfs=/lfs/h2/emc/global/noscrub/globalworkflow.ci/GFS_CI_ROOT/PR/2645/global-workflow
+++ config.base[28]: export EXECgfs=/lfs/h2/emc/global/noscrub/globalworkflow.ci/GFS_CI_ROOT/PR/2645/global-workflow/exec
+++ config.base[28]: EXECgfs=/lfs/h2/emc/global/noscrub/globalworkflow.ci/GFS_CI_ROOT/PR/2645/global-workflow/exec
+++ config.base[29]: export FIXgfs=/lfs/h2/emc/global/noscrub/globalworkflow.ci/GFS_CI_ROOT/PR/2645/global-workflow/fix
+++ config.base[29]: FIXgfs=/lfs/h2/emc/global/noscrub/globalworkflow.ci/GFS_CI_ROOT/PR/2645/global-workflow/fix
+++ config.base[30]: export PARMgfs=/lfs/h2/emc/global/noscrub/globalworkflow.ci/GFS_CI_ROOT/PR/2645/global-workflow/parm
+++ config.base[30]: PARMgfs=/lfs/h2/emc/global/noscrub/globalworkflow.ci/GFS_CI_ROOT/PR/2645/global-workflow/parm
+++ config.base[31]: export SCRgfs=/lfs/h2/emc/global/noscrub/globalworkflow.ci/GFS_CI_ROOT/PR/2645/global-workflow/scripts
+++ config.base[31]: SCRgfs=/lfs/h2/emc/global/noscrub/globalworkflow.ci/GFS_CI_ROOT/PR/2645/global-workflow/scripts
+++ config.base[32]: export USHgfs=/lfs/h2/emc/global/noscrub/globalworkflow.ci/GFS_CI_ROOT/PR/2645/global-workflow/ush
+++ config.base[32]: USHgfs=/lfs/h2/emc/global/noscrub/globalworkflow.ci/GFS_CI_ROOT/PR/2645/global-workflow/ush
+++ config.base[34]: export FIXam=/lfs/h2/emc/global/noscrub/globalworkflow.ci/GFS_CI_ROOT/PR/2645/global-workflow/fix/am
+++ config.base[34]: FIXam=/lfs/h2/emc/global/noscrub/globalworkflow.ci/GFS_CI_ROOT/PR/2645/global-workflow/fix/am
+++ config.base[35]: export FIXaer=/lfs/h2/emc/global/noscrub/globalworkflow.ci/GFS_CI_ROOT/PR/2645/global-workflow/fix/aer
+++ config.base[35]: FIXaer=/lfs/h2/emc/global/noscrub/globalworkflow.ci/GFS_CI_ROOT/PR/2645/global-workflow/fix/aer
+++ config.base[36]: export FIXcpl=/lfs/h2/emc/global/noscrub/globalworkflow.ci/GFS_CI_ROOT/PR/2645/global-workflow/fix/cpl
+++ config.base[36]: FIXcpl=/lfs/h2/emc/global/noscrub/globalworkflow.ci/GFS_CI_ROOT/PR/2645/global-workflow/fix/cpl
+++ config.base[37]: export FIXlut=/lfs/h2/emc/global/noscrub/globalworkflow.ci/GFS_CI_ROOT/PR/2645/global-workflow/fix/lut
+++ config.base[37]: FIXlut=/lfs/h2/emc/global/noscrub/globalworkflow.ci/GFS_CI_ROOT/PR/2645/global-workflow/fix/lut
+++ config.base[38]: export FIXorog=/lfs/h2/emc/global/noscrub/globalworkflow.ci/GFS_CI_ROOT/PR/2645/global-workflow/fix/orog
+++ config.base[38]: FIXorog=/lfs/h2/emc/global/noscrub/globalworkflow.ci/GFS_CI_ROOT/PR/2645/global-workflow/fix/orog
+++ config.base[39]: export FIXcice=/lfs/h2/emc/global/noscrub/globalworkflow.ci/GFS_CI_ROOT/PR/2645/global-workflow/fix/cice
+++ config.base[39]: FIXcice=/lfs/h2/emc/global/noscrub/globalworkflow.ci/GFS_CI_ROOT/PR/2645/global-workflow/fix/cice
+++ config.base[40]: export FIXmom=/lfs/h2/emc/global/noscrub/globalworkflow.ci/GFS_CI_ROOT/PR/2645/global-workflow/fix/mom6
+++ config.base[40]: FIXmom=/lfs/h2/emc/global/noscrub/globalworkflow.ci/GFS_CI_ROOT/PR/2645/global-workflow/fix/mom6
+++ config.base[41]: export FIXreg2grb2=/lfs/h2/emc/global/noscrub/globalworkflow.ci/GFS_CI_ROOT/PR/2645/global-workflow/fix/reg2grb2
+++ config.base[41]: FIXreg2grb2=/lfs/h2/emc/global/noscrub/globalworkflow.ci/GFS_CI_ROOT/PR/2645/global-workflow/fix/reg2grb2
+++ config.base[42]: export FIXugwd=/lfs/h2/emc/global/noscrub/globalworkflow.ci/GFS_CI_ROOT/PR/2645/global-workflow/fix/ugwd
+++ config.base[42]: FIXugwd=/lfs/h2/emc/global/noscrub/globalworkflow.ci/GFS_CI_ROOT/PR/2645/global-workflow/fix/ugwd
+++ config.base[43]: export FIXgdas=/lfs/h2/emc/global/noscrub/globalworkflow.ci/GFS_CI_ROOT/PR/2645/global-workflow/fix/gdas
+++ config.base[43]: FIXgdas=/lfs/h2/emc/global/noscrub/globalworkflow.ci/GFS_CI_ROOT/PR/2645/global-workflow/fix/gdas
+++ config.base[48]: export PACKAGEROOT=/lfs/h1/ops/prod/packages
+++ config.base[48]: PACKAGEROOT=/lfs/h1/ops/prod/packages
+++ config.base[49]: export COMROOT=/lfs/h2/emc/global/noscrub/globalworkflow.ci/GFS_CI_ROOT/PR/2645/RUNTESTS/COMROOT
+++ config.base[49]: COMROOT=/lfs/h2/emc/global/noscrub/globalworkflow.ci/GFS_CI_ROOT/PR/2645/RUNTESTS/COMROOT
+++ config.base[50]: export COMINsyn=/lfs/h1/ops/prod/com/gfs/v16.3/syndat
+++ config.base[50]: COMINsyn=/lfs/h1/ops/prod/com/gfs/v16.3/syndat
+++ config.base[51]: export DMPDIR=/lfs/h2/emc/dump/noscrub/dump
+++ config.base[51]: DMPDIR=/lfs/h2/emc/dump/noscrub/dump
+++ config.base[52]: export BASE_CPLIC=/lfs/h2/emc/global/noscrub/emc.global/data/ICSDIR/prototype_ICs
+++ config.base[52]: BASE_CPLIC=/lfs/h2/emc/global/noscrub/emc.global/data/ICSDIR/prototype_ICs
+++ config.base[56]: export COMINecmwf=/lfs/h2/emc/global/noscrub/emc.global/data/external_gempak/ecmwf
+++ config.base[56]: COMINecmwf=/lfs/h2/emc/global/noscrub/emc.global/data/external_gempak/ecmwf
+++ config.base[57]: export COMINnam=/lfs/h2/emc/global/noscrub/emc.global/data/external_gempak/nam
+++ config.base[57]: COMINnam=/lfs/h2/emc/global/noscrub/emc.global/data/external_gempak/nam
+++ config.base[58]: export COMINukmet=/lfs/h2/emc/global/noscrub/emc.global/data/external_gempak/ukmet
+++ config.base[58]: COMINukmet=/lfs/h2/emc/global/noscrub/emc.global/data/external_gempak/ukmet
+++ config.base[61]: export HOMEDIR=/lfs/h2/emc/global/noscrub/terry.mcguinness
+++ config.base[61]: HOMEDIR=/lfs/h2/emc/global/noscrub/terry.mcguinness
+++ config.base[62]: export STMP=/lfs/h2/emc/stmp/terry.mcguinness
+++ config.base[62]: STMP=/lfs/h2/emc/stmp/terry.mcguinness
+++ config.base[63]: export PTMP=/lfs/h2/emc/ptmp/terry.mcguinness
+++ config.base[63]: PTMP=/lfs/h2/emc/ptmp/terry.mcguinness
+++ config.base[64]: export NOSCRUB=/lfs/h2/emc/global/noscrub/terry.mcguinness
+++ config.base[64]: NOSCRUB=/lfs/h2/emc/global/noscrub/terry.mcguinness
+++ config.base[67]: export BASE_GIT=/lfs/h2/emc/global/save/emc.global/git
+++ config.base[67]: BASE_GIT=/lfs/h2/emc/global/save/emc.global/git
+++ config.base[70]: export DO_GOES=NO
+++ config.base[70]: DO_GOES=NO
+++ config.base[71]: export DO_BUFRSND=NO
+++ config.base[71]: DO_BUFRSND=NO
+++ config.base[72]: export DO_GEMPAK=NO
+++ config.base[72]: DO_GEMPAK=NO
+++ config.base[73]: export DO_AWIPS=NO
+++ config.base[73]: DO_AWIPS=NO
+++ config.base[74]: export DO_NPOESS=NO
+++ config.base[74]: DO_NPOESS=NO
+++ config.base[75]: export DO_TRACKER=YES
+++ config.base[75]: DO_TRACKER=YES
+++ config.base[76]: export DO_GENESIS=YES
+++ config.base[76]: DO_GENESIS=YES
+++ config.base[77]: export DO_GENESIS_FSU=NO
+++ config.base[77]: DO_GENESIS_FSU=NO
+++ config.base[78]: export DO_VERFOZN=YES
+++ config.base[78]: DO_VERFOZN=YES
+++ config.base[79]: export DO_VERFRAD=YES
+++ config.base[79]: DO_VERFRAD=YES
+++ config.base[80]: export DO_VMINMON=YES
+++ config.base[80]: DO_VMINMON=YES
+++ config.base[81]: export DO_MOS=NO
+++ config.base[81]: DO_MOS=NO
+++ config.base[87]: export REALTIME=YES
+++ config.base[87]: REALTIME=YES
+++ config.base[90]: export MODE=cycled
+++ config.base[90]: MODE=cycled
+++ config.base[99]: export FIXgsi=/lfs/h2/emc/global/noscrub/globalworkflow.ci/GFS_CI_ROOT/PR/2645/global-workflow/fix/gsi
+++ config.base[99]: FIXgsi=/lfs/h2/emc/global/noscrub/globalworkflow.ci/GFS_CI_ROOT/PR/2645/global-workflow/fix/gsi
+++ config.base[100]: export HOMEpost=/lfs/h2/emc/global/noscrub/globalworkflow.ci/GFS_CI_ROOT/PR/2645/global-workflow
+++ config.base[100]: HOMEpost=/lfs/h2/emc/global/noscrub/globalworkflow.ci/GFS_CI_ROOT/PR/2645/global-workflow
+++ config.base[101]: export HOMEobsproc=/lfs/h2/emc/global/save/emc.global/git/obsproc/v1.1.2
+++ config.base[101]: HOMEobsproc=/lfs/h2/emc/global/save/emc.global/git/obsproc/v1.1.2
+++ config.base[104]: export 'NCP=/bin/cp -p'
+++ config.base[104]: NCP='/bin/cp -p'
+++ config.base[105]: export NMV=/bin/mv
+++ config.base[105]: NMV=/bin/mv
+++ config.base[106]: export 'NLN=/bin/ln -sf'
+++ config.base[106]: NLN='/bin/ln -sf'
+++ config.base[107]: export VERBOSE=YES
+++ config.base[107]: VERBOSE=YES
+++ config.base[108]: export KEEPDATA=NO
+++ config.base[108]: KEEPDATA=NO
+++ config.base[109]: export DEBUG_POSTSCRIPT=NO
+++ config.base[109]: DEBUG_POSTSCRIPT=NO
+++ config.base[110]: export CHGRP_RSTPROD=YES
+++ config.base[110]: CHGRP_RSTPROD=YES
+++ config.base[111]: export 'CHGRP_CMD=chgrp rstprod'
+++ config.base[111]: CHGRP_CMD='chgrp rstprod'
+++ config.base[112]: export NCDUMP=/apps/prod/hpc-stack/intel-19.1.3.304/cray-mpich-8.1.4/netcdf/4.7.4/bin/ncdump
+++ config.base[112]: NCDUMP=/apps/prod/hpc-stack/intel-19.1.3.304/cray-mpich-8.1.4/netcdf/4.7.4/bin/ncdump
+++ config.base[113]: export NCLEN=/lfs/h2/emc/global/noscrub/globalworkflow.ci/GFS_CI_ROOT/PR/2645/global-workflow/ush/getncdimlen
+++ config.base[113]: NCLEN=/lfs/h2/emc/global/noscrub/globalworkflow.ci/GFS_CI_ROOT/PR/2645/global-workflow/ush/getncdimlen
+++ config.base[116]: export BASE_ENV=/lfs/h2/emc/global/noscrub/globalworkflow.ci/GFS_CI_ROOT/PR/2645/global-workflow/env
+++ config.base[116]: BASE_ENV=/lfs/h2/emc/global/noscrub/globalworkflow.ci/GFS_CI_ROOT/PR/2645/global-workflow/env
+++ config.base[117]: export BASE_JOB=/lfs/h2/emc/global/noscrub/globalworkflow.ci/GFS_CI_ROOT/PR/2645/global-workflow/jobs/rocoto
+++ config.base[117]: BASE_JOB=/lfs/h2/emc/global/noscrub/globalworkflow.ci/GFS_CI_ROOT/PR/2645/global-workflow/jobs/rocoto
+++ config.base[120]: export SDATE=2021122018
+++ config.base[120]: SDATE=2021122018
+++ config.base[121]: export EDATE=2021122106
+++ config.base[121]: EDATE=2021122106
+++ config.base[122]: export EXP_WARM_START=.false.
+++ config.base[122]: EXP_WARM_START=.false.
+++ config.base[123]: export assim_freq=6
+++ config.base[123]: assim_freq=6
+++ config.base[124]: export PSLOT=C96C48_hybatmDA_786c0ac9
+++ config.base[124]: PSLOT=C96C48_hybatmDA_786c0ac9
+++ config.base[125]: export EXPDIR=/lfs/h2/emc/global/noscrub/globalworkflow.ci/GFS_CI_ROOT/PR/2645/RUNTESTS/EXPDIR/C96C48_hybatmDA_786c0ac9
+++ config.base[125]: EXPDIR=/lfs/h2/emc/global/noscrub/globalworkflow.ci/GFS_CI_ROOT/PR/2645/RUNTESTS/EXPDIR/C96C48_hybatmDA_786c0ac9
+++ config.base[126]: export ROTDIR=/lfs/h2/emc/global/noscrub/globalworkflow.ci/GFS_CI_ROOT/PR/2645/RUNTESTS/COMROOT/C96C48_hybatmDA_786c0ac9
+++ config.base[126]: ROTDIR=/lfs/h2/emc/global/noscrub/globalworkflow.ci/GFS_CI_ROOT/PR/2645/RUNTESTS/COMROOT/C96C48_hybatmDA_786c0ac9
+++ config.base[127]: export ROTDIR_DUMP=YES
+++ config.base[127]: ROTDIR_DUMP=YES
+++ config.base[128]: export DUMP_SUFFIX=
+++ config.base[128]: DUMP_SUFFIX=
+++ config.base[129]: [[ 2021122100 -ge 2019092100 ]]
+++ config.base[129]: [[ 2021122100 -le 2019110700 ]]
+++ config.base[132]: export DATAROOT=/lfs/h2/emc/stmp/terry.mcguinness/RUNDIRS/C96C48_hybatmDA_786c0ac9
+++ config.base[132]: DATAROOT=/lfs/h2/emc/stmp/terry.mcguinness/RUNDIRS/C96C48_hybatmDA_786c0ac9
+++ config.base[133]: export RUNDIR=/lfs/h2/emc/stmp/terry.mcguinness/RUNDIRS/C96C48_hybatmDA_786c0ac9
+++ config.base[133]: RUNDIR=/lfs/h2/emc/stmp/terry.mcguinness/RUNDIRS/C96C48_hybatmDA_786c0ac9
+++ config.base[134]: export ARCDIR=/lfs/h2/emc/global/noscrub/terry.mcguinness/archive/C96C48_hybatmDA_786c0ac9
+++ config.base[134]: ARCDIR=/lfs/h2/emc/global/noscrub/terry.mcguinness/archive/C96C48_hybatmDA_786c0ac9
+++ config.base[135]: export ATARDIR=/NCEPDEV/emc-global/1year/terry.mcguinness/WCOSS2/scratch/C96C48_hybatmDA_786c0ac9
+++ config.base[135]: ATARDIR=/NCEPDEV/emc-global/1year/terry.mcguinness/WCOSS2/scratch/C96C48_hybatmDA_786c0ac9
+++ config.base[138]: export envir=prod
+++ config.base[138]: envir=prod
+++ config.base[139]: export NET=gfs
+++ config.base[139]: NET=gfs
+++ config.base[140]: export RUN=gfs
+++ config.base[140]: RUN=gfs
+++ config.base[146]: source /lfs/h2/emc/global/noscrub/globalworkflow.ci/GFS_CI_ROOT/PR/2645/RUNTESTS/EXPDIR/C96C48_hybatmDA_786c0ac9/config.com
++++ config.com[4]: echo 'BEGIN: config.com'
BEGIN: config.com
++++ config.com[37]: [[ emc == \n\c\o ]]
++++ config.com[41]: COM_OBS_TMPL='${ROTDIR}/${RUN}.${YMD}/${HH}/obs'
++++ config.com[42]: COM_RTOFS_TMPL='${DMPDIR}'
++++ config.com[44]: declare -rx COM_OBS_TMPL COM_RTOFS_TMPL
++++ config.com[45]: declare -rx 'COM_OBSDMP_TMPL=${DMPDIR}/${DUMP}${DUMP_SUFFIX}.${YMD}/${HH}/atmos'
++++ config.com[47]: COM_BASE='${ROTDIR}/${RUN}.${YMD}/${HH}/${MEMDIR}'
++++ config.com[49]: declare -rx 'COM_TOP_TMPL=${ROTDIR}/${RUN}.${YMD}/${HH}'
++++ config.com[51]: declare -rx 'COM_CONF_TMPL=${ROTDIR}/${RUN}.${YMD}/${HH}/${MEMDIR}/conf'
++++ config.com[52]: declare -rx 'COM_ATMOS_INPUT_TMPL=${ROTDIR}/${RUN}.${YMD}/${HH}/${MEMDIR}/model_data/atmos/input'
++++ config.com[53]: declare -rx 'COM_ATMOS_RESTART_TMPL=${ROTDIR}/${RUN}.${YMD}/${HH}/${MEMDIR}/model_data/atmos/restart'
++++ config.com[54]: declare -rx 'COM_ATMOS_ANALYSIS_TMPL=${ROTDIR}/${RUN}.${YMD}/${HH}/${MEMDIR}/analysis/atmos'
++++ config.com[55]: declare -rx 'COM_SNOW_ANALYSIS_TMPL=${ROTDIR}/${RUN}.${YMD}/${HH}/${MEMDIR}/analysis/snow'
++++ config.com[56]: declare -rx 'COM_ATMOS_HISTORY_TMPL=${ROTDIR}/${RUN}.${YMD}/${HH}/${MEMDIR}/model_data/atmos/history'
++++ config.com[57]: declare -rx 'COM_ATMOS_MASTER_TMPL=${ROTDIR}/${RUN}.${YMD}/${HH}/${MEMDIR}/model_data/atmos/master'
++++ config.com[58]: declare -rx 'COM_ATMOS_GRIB_TMPL=${ROTDIR}/${RUN}.${YMD}/${HH}/${MEMDIR}/products/atmos/grib2'
++++ config.com[59]: declare -rx 'COM_ATMOS_GRIB_GRID_TMPL=${ROTDIR}/${RUN}.${YMD}/${HH}/${MEMDIR}/products/atmos/grib2/${GRID}'
++++ config.com[60]: declare -rx 'COM_ATMOS_BUFR_TMPL=${ROTDIR}/${RUN}.${YMD}/${HH}/${MEMDIR}/products/atmos/bufr'
++++ config.com[61]: declare -rx 'COM_ATMOS_GEMPAK_TMPL=${ROTDIR}/${RUN}.${YMD}/${HH}/${MEMDIR}/products/atmos/gempak/${GRID}'
++++ config.com[62]: declare -rx 'COM_ATMOS_GENESIS_TMPL=${ROTDIR}/${RUN}.${YMD}/${HH}/${MEMDIR}/products/atmos/cyclone/genesis_vital'
++++ config.com[63]: declare -rx 'COM_ATMOS_TRACK_TMPL=${ROTDIR}/${RUN}.${YMD}/${HH}/${MEMDIR}/products/atmos/cyclone/tracks'
++++ config.com[64]: declare -rx 'COM_ATMOS_GOES_TMPL=${ROTDIR}/${RUN}.${YMD}/${HH}/${MEMDIR}/products/atmos/goes_sim'
++++ config.com[65]: declare -rx 'COM_ATMOS_IMAGERY_TMPL=${ROTDIR}/${RUN}.${YMD}/${HH}/${MEMDIR}/products/atmos/imagery'
++++ config.com[66]: declare -rx 'COM_ATMOS_OZNMON_TMPL=${ROTDIR}/${RUN}.${YMD}/${HH}/${MEMDIR}/products/atmos/oznmon'
++++ config.com[67]: declare -rx 'COM_ATMOS_RADMON_TMPL=${ROTDIR}/${RUN}.${YMD}/${HH}/${MEMDIR}/products/atmos/radmon'
++++ config.com[68]: declare -rx 'COM_ATMOS_MINMON_TMPL=${ROTDIR}/${RUN}.${YMD}/${HH}/${MEMDIR}/products/atmos/minmon'
++++ config.com[69]: declare -rx 'COM_ATMOS_WMO_TMPL=${ROTDIR}/${RUN}.${YMD}/${HH}/${MEMDIR}/products/atmos/wmo'
++++ config.com[71]: declare -rx 'COM_WAVE_RESTART_TMPL=${ROTDIR}/${RUN}.${YMD}/${HH}/${MEMDIR}/model_data/wave/restart'
++++ config.com[72]: declare -rx 'COM_WAVE_PREP_TMPL=${ROTDIR}/${RUN}.${YMD}/${HH}/${MEMDIR}/model_data/wave/prep'
++++ config.com[73]: declare -rx 'COM_WAVE_HISTORY_TMPL=${ROTDIR}/${RUN}.${YMD}/${HH}/${MEMDIR}/model_data/wave/history'
++++ config.com[74]: declare -rx 'COM_WAVE_GRID_TMPL=${ROTDIR}/${RUN}.${YMD}/${HH}/${MEMDIR}/products/wave/gridded'
++++ config.com[75]: declare -rx 'COM_WAVE_STATION_TMPL=${ROTDIR}/${RUN}.${YMD}/${HH}/${MEMDIR}/products/wave/station'
++++ config.com[76]: declare -rx 'COM_WAVE_GEMPAK_TMPL=${ROTDIR}/${RUN}.${YMD}/${HH}/${MEMDIR}/products/wave/gempak'
++++ config.com[77]: declare -rx 'COM_WAVE_WMO_TMPL=${ROTDIR}/${RUN}.${YMD}/${HH}/${MEMDIR}/products/wave/wmo'
++++ config.com[79]: declare -rx 'COM_OCEAN_HISTORY_TMPL=${ROTDIR}/${RUN}.${YMD}/${HH}/${MEMDIR}/model_data/ocean/history'
++++ config.com[80]: declare -rx 'COM_OCEAN_RESTART_TMPL=${ROTDIR}/${RUN}.${YMD}/${HH}/${MEMDIR}/model_data/ocean/restart'
++++ config.com[81]: declare -rx 'COM_OCEAN_INPUT_TMPL=${ROTDIR}/${RUN}.${YMD}/${HH}/${MEMDIR}/model_data/ocean/input'
++++ config.com[82]: declare -rx 'COM_OCEAN_ANALYSIS_TMPL=${ROTDIR}/${RUN}.${YMD}/${HH}/${MEMDIR}/analysis/ocean'
++++ config.com[83]: declare -rx 'COM_OCEAN_NETCDF_TMPL=${ROTDIR}/${RUN}.${YMD}/${HH}/${MEMDIR}/products/ocean/netcdf'
++++ config.com[84]: declare -rx 'COM_OCEAN_GRIB_TMPL=${ROTDIR}/${RUN}.${YMD}/${HH}/${MEMDIR}/products/ocean/grib2'
++++ config.com[85]: declare -rx 'COM_OCEAN_GRIB_GRID_TMPL=${ROTDIR}/${RUN}.${YMD}/${HH}/${MEMDIR}/products/ocean/grib2/${GRID}'
++++ config.com[87]: declare -rx 'COM_ICE_ANALYSIS_TMPL=${ROTDIR}/${RUN}.${YMD}/${HH}/${MEMDIR}/analysis/ice'
++++ config.com[88]: declare -rx 'COM_ICE_INPUT_TMPL=${ROTDIR}/${RUN}.${YMD}/${HH}/${MEMDIR}/model_data/ice/input'
++++ config.com[89]: declare -rx 'COM_ICE_HISTORY_TMPL=${ROTDIR}/${RUN}.${YMD}/${HH}/${MEMDIR}/model_data/ice/history'
++++ config.com[90]: declare -rx 'COM_ICE_RESTART_TMPL=${ROTDIR}/${RUN}.${YMD}/${HH}/${MEMDIR}/model_data/ice/restart'
++++ config.com[91]: declare -rx 'COM_ICE_NETCDF_TMPL=${ROTDIR}/${RUN}.${YMD}/${HH}/${MEMDIR}/products/ice/netcdf'
++++ config.com[92]: declare -rx 'COM_ICE_GRIB_TMPL=${ROTDIR}/${RUN}.${YMD}/${HH}/${MEMDIR}/products/ice/grib2'
++++ config.com[93]: declare -rx 'COM_ICE_GRIB_GRID_TMPL=${ROTDIR}/${RUN}.${YMD}/${HH}/${MEMDIR}/products/ice/grib2/${GRID}'
++++ config.com[95]: declare -rx 'COM_CHEM_HISTORY_TMPL=${ROTDIR}/${RUN}.${YMD}/${HH}/${MEMDIR}/model_data/chem/history'
++++ config.com[96]: declare -rx 'COM_CHEM_ANALYSIS_TMPL=${ROTDIR}/${RUN}.${YMD}/${HH}/${MEMDIR}/analysis/chem'
++++ config.com[98]: declare -rx 'COM_MED_RESTART_TMPL=${ROTDIR}/${RUN}.${YMD}/${HH}/${MEMDIR}/model_data/med/restart'
+++ config.base[149]: export 'ERRSCRIPT=eval [[ $err = 0 ]]'
+++ config.base[149]: ERRSCRIPT='eval [[ $err = 0 ]]'
+++ config.base[150]: export LOGSCRIPT=
+++ config.base[150]: LOGSCRIPT=
+++ config.base[153]: export 'REDOUT=1>'
+++ config.base[153]: REDOUT='1>'
+++ config.base[154]: export 'REDERR=2>'
+++ config.base[154]: REDERR='2>'
+++ config.base[156]: export SENDECF=NO
+++ config.base[156]: SENDECF=NO
+++ config.base[157]: export SENDSDM=NO
+++ config.base[157]: SENDSDM=NO
+++ config.base[158]: export SENDDBN_NTC=NO
+++ config.base[158]: SENDDBN_NTC=NO
+++ config.base[159]: export SENDDBN=NO
+++ config.base[159]: SENDDBN=NO
+++ config.base[160]: export DBNROOT=/apps/ops/prod/nco/core/prod_util.v2.0.9/fakedbn
+++ config.base[160]: DBNROOT=/apps/ops/prod/nco/core/prod_util.v2.0.9/fakedbn
+++ config.base[163]: export APP=ATM
+++ config.base[163]: APP=ATM
+++ config.base[165]: shopt -s extglob
+++ config.base[167]: case "${RUN}" in
+++ config.base[174]: shopt -u extglob
+++ config.base[177]: export DO_ATM=YES
+++ config.base[177]: DO_ATM=YES
+++ config.base[178]: export DO_COUPLED=NO
+++ config.base[178]: DO_COUPLED=NO
+++ config.base[179]: export DO_WAVE=NO
+++ config.base[179]: DO_WAVE=NO
+++ config.base[180]: export DO_OCN=NO
+++ config.base[180]: DO_OCN=NO
+++ config.base[181]: export DO_ICE=NO
+++ config.base[181]: DO_ICE=NO
+++ config.base[182]: export DO_AERO=NO
+++ config.base[182]: DO_AERO=NO
+++ config.base[183]: export AERO_FCST_CDUMP=
+++ config.base[183]: AERO_FCST_CDUMP=
+++ config.base[184]: export AERO_ANL_CDUMP=
+++ config.base[184]: AERO_ANL_CDUMP=
+++ config.base[185]: export WAVE_CDUMP=
+++ config.base[185]: WAVE_CDUMP=
+++ config.base[186]: export DOBNDPNT_WAVE=NO
+++ config.base[186]: DOBNDPNT_WAVE=NO
+++ config.base[187]: export DOIBP_WAV=NO
+++ config.base[187]: DOIBP_WAV=NO
+++ config.base[188]: export FRAC_GRID=.true.
+++ config.base[188]: FRAC_GRID=.true.
+++ config.base[189]: export DO_NEST=NO
+++ config.base[189]: DO_NEST=NO
+++ config.base[190]: [[ NO == \Y\E\S ]]
+++ config.base[194]: export ntiles=6
+++ config.base[194]: ntiles=6
+++ config.base[198]: export OPS_RES=C768
+++ config.base[198]: OPS_RES=C768
+++ config.base[201]: export LEVS=128
+++ config.base[201]: LEVS=128
+++ config.base[202]: export CASE=C96
+++ config.base[202]: CASE=C96
+++ config.base[203]: export CASE_ENS=C48
+++ config.base[203]: CASE_ENS=C48
+++ config.base[204]: export OCNRES=500
+++ config.base[204]: OCNRES=500
+++ config.base[205]: export ICERES=500
+++ config.base[205]: ICERES=500
+++ config.base[208]: case "${CASE}" in
+++ config.base[213]: export waveGRD=uglo_100km
+++ config.base[213]: waveGRD=uglo_100km
+++ config.base[227]: case "${APP}" in
+++ config.base[268]: [[ gfs =~ gdas ]]
+++ config.base[271]: [[ gfs =~ gfs ]]
+++ config.base[272]: export FHCYC=24
+++ config.base[272]: FHCYC=24
+++ config.base[276]: export FHMIN=0
+++ config.base[276]: FHMIN=0
+++ config.base[277]: export FHMAX=9
+++ config.base[277]: FHMAX=9
+++ config.base[278]: export FHOUT=3
+++ config.base[278]: FHOUT=3
+++ config.base[279]: export FHOUT_OCNICE=3
+++ config.base[279]: FHOUT_OCNICE=3
+++ config.base[282]: export EUPD_CYC=gdas
+++ config.base[282]: EUPD_CYC=gdas
+++ config.base[285]: export gfs_cyc=1
+++ config.base[285]: gfs_cyc=1
+++ config.base[288]: export FHMIN_GFS=0
+++ config.base[288]: FHMIN_GFS=0
+++ config.base[289]: export FHMAX_GFS=120
+++ config.base[289]: FHMAX_GFS=120
+++ config.base[290]: export FHOUT_GFS=3
+++ config.base[290]: FHOUT_GFS=3
+++ config.base[291]: export FHMAX_HF_GFS=0
+++ config.base[291]: FHMAX_HF_GFS=0
+++ config.base[292]: export FHOUT_HF_GFS=1
+++ config.base[292]: FHOUT_HF_GFS=1
+++ config.base[293]: export FHOUT_OCNICE_GFS=6
+++ config.base[293]: FHOUT_OCNICE_GFS=6
+++ config.base[294]: export FHMIN_WAV=0
+++ config.base[294]: FHMIN_WAV=0
+++ config.base[295]: export FHOUT_WAV=3
+++ config.base[295]: FHOUT_WAV=3
+++ config.base[296]: export FHMAX_HF_WAV=120
+++ config.base[296]: FHMAX_HF_WAV=120
+++ config.base[297]: export FHOUT_HF_WAV=1
+++ config.base[297]: FHOUT_HF_WAV=1
+++ config.base[298]: export FHMAX_WAV=9
+++ config.base[298]: FHMAX_WAV=9
+++ config.base[299]: export FHMAX_WAV_GFS=120
+++ config.base[299]: FHMAX_WAV_GFS=120
+++ config.base[300]: ((  gfs_cyc != 0  ))
+++ config.base[301]: export STEP_GFS=24
+++ config.base[301]: STEP_GFS=24
+++ config.base[306]: export ILPOST=1
+++ config.base[306]: ILPOST=1
+++ config.base[307]: ((  FHMAX_HF_GFS < 120  ))
+++ config.base[308]: export ILPOST=3
+++ config.base[308]: ILPOST=3
+++ config.base[312]: export restart_interval_gfs=12
+++ config.base[312]: restart_interval_gfs=12
+++ config.base[317]: export QUILTING=.true.
+++ config.base[317]: QUILTING=.true.
+++ config.base[318]: export OUTPUT_GRID=gaussian_grid
+++ config.base[318]: OUTPUT_GRID=gaussian_grid
+++ config.base[319]: export WRITE_DOPOST=.true.
+++ config.base[319]: WRITE_DOPOST=.true.
+++ config.base[320]: export WRITE_NSFLIP=.true.
+++ config.base[320]: WRITE_NSFLIP=.true.
+++ config.base[323]: export DOIAU=YES
+++ config.base[323]: DOIAU=YES
+++ config.base[324]: export IAUFHRS=3,6,9
+++ config.base[324]: IAUFHRS=3,6,9
+++ config.base[325]: export IAU_FHROT=3
+++ config.base[325]: IAU_FHROT=3
+++ config.base[326]: export IAU_DELTHRS=6
+++ config.base[326]: IAU_DELTHRS=6
+++ config.base[327]: export IAU_OFFSET=6
+++ config.base[327]: IAU_OFFSET=6
+++ config.base[328]: export DOIAU_ENKF=YES
+++ config.base[328]: DOIAU_ENKF=YES
+++ config.base[329]: export IAUFHRS_ENKF=3,6,9
+++ config.base[329]: IAUFHRS_ENKF=3,6,9
+++ config.base[330]: export IAU_DELTHRS_ENKF=6
+++ config.base[330]: IAU_DELTHRS_ENKF=6
+++ config.base[333]: export lobsdiag_forenkf=.true.
+++ config.base[333]: lobsdiag_forenkf=.true.
+++ config.base[341]: export imp_physics=8
+++ config.base[341]: imp_physics=8
+++ config.base[345]: export DO_JEDIATMVAR=NO
+++ config.base[345]: DO_JEDIATMVAR=NO
+++ config.base[346]: export DO_JEDIATMENS=NO
+++ config.base[346]: DO_JEDIATMENS=NO
+++ config.base[347]: export DO_JEDIOCNVAR=NO
+++ config.base[347]: DO_JEDIOCNVAR=NO
+++ config.base[348]: export DO_JEDISNOWDA=NO
+++ config.base[348]: DO_JEDISNOWDA=NO
+++ config.base[349]: export DO_MERGENSST=NO
+++ config.base[349]: DO_MERGENSST=NO
+++ config.base[352]: export DOHYBVAR=YES
+++ config.base[352]: DOHYBVAR=YES
+++ config.base[353]: export NMEM_ENS=2
+++ config.base[353]: NMEM_ENS=2
+++ config.base[354]: export SMOOTH_ENKF=NO
+++ config.base[354]: SMOOTH_ENKF=NO
+++ config.base[355]: export l4densvar=.true.
+++ config.base[355]: l4densvar=.true.
+++ config.base[356]: export lwrite4danl=.true.
+++ config.base[356]: lwrite4danl=.true.
+++ config.base[357]: export DO_CALC_INCREMENT=NO
+++ config.base[357]: DO_CALC_INCREMENT=NO
+++ config.base[360]: export NMEM_ENS_GFS=30
+++ config.base[360]: NMEM_ENS_GFS=30
+++ config.base[361]: export NMEM_ENS_GFS_OFFSET=20
+++ config.base[361]: NMEM_ENS_GFS_OFFSET=20
+++ config.base[362]: export DO_CALC_INCREMENT_ENKF_GFS=NO
+++ config.base[362]: DO_CALC_INCREMENT_ENKF_GFS=NO
+++ config.base[365]: [[ YES = \Y\E\S ]]
+++ config.base[366]: export FHMIN_ENKF=3
+++ config.base[366]: FHMIN_ENKF=3
+++ config.base[367]: export FHMAX_ENKF=9
+++ config.base[367]: FHMAX_ENKF=9
+++ config.base[368]: export FHMAX_ENKF_GFS=12
+++ config.base[368]: FHMAX_ENKF_GFS=12
+++ config.base[369]: export FHOUT_ENKF_GFS=3
+++ config.base[369]: FHOUT_ENKF_GFS=3
+++ config.base[370]: [[ .true. = \.\t\r\u\e\. ]]
+++ config.base[371]: export FHOUT=1
+++ config.base[371]: FHOUT=1
+++ config.base[372]: export FHOUT_ENKF=1
+++ config.base[372]: FHOUT_ENKF=1
+++ config.base[379]: [[ YES == \N\O ]]
+++ config.base[387]: export ENKF_SPREAD=YES
+++ config.base[387]: ENKF_SPREAD=YES
+++ config.base[390]: [[ cycled = \c\y\c\l\e\d ]]
+++ config.base[390]: [[ 2021122018 = \2\0\2\1\1\2\2\1\0\0 ]]
+++ config.base[390]: [[ YES = \N\O ]]
+++ config.base[390]: [[ cycled = \f\o\r\e\c\a\s\t\-\o\n\l\y ]]
+++ config.base[396]: [[ YES = \N\O ]]
+++ config.base[400]: [[ YES == \Y\E\S ]]
+++ config.base[401]: export restart_interval_enkfgdas=3
+++ config.base[401]: restart_interval_enkfgdas=3
+++ config.base[406]: export restart_interval_enkfgfs=3
+++ config.base[406]: restart_interval_enkfgfs=3
+++ config.base[408]: [[ YES == \Y\E\S ]]
+++ config.base[409]: export restart_interval_gdas=3
+++ config.base[409]: restart_interval_gdas=3
+++ config.base[414]: export GSI_SOILANAL=NO
+++ config.base[414]: GSI_SOILANAL=NO
+++ config.base[417]: export DONST=YES
+++ config.base[417]: DONST=YES
+++ config.base[418]: [[ YES = \Y\E\S ]]
+++ config.base[418]: export 'FNTSFA=        '
+++ config.base[418]: FNTSFA='        '
+++ config.base[421]: export nst_anl=.true.
+++ config.base[421]: nst_anl=.true.
+++ config.base[424]: export MAKE_NSSTBUFR=NO
+++ config.base[424]: MAKE_NSSTBUFR=NO
+++ config.base[427]: export MAKE_ACFTBUFR=NO
+++ config.base[427]: MAKE_ACFTBUFR=NO
+++ config.base[430]: export 'INCREMENTS_TO_ZERO='\''liq_wat_inc'\'','\''icmr_inc'\'','\''rwmr_inc'\'','\''snmr_inc'\'','\''grle_inc'\'''
+++ config.base[430]: INCREMENTS_TO_ZERO=''\''liq_wat_inc'\'','\''icmr_inc'\'','\''rwmr_inc'\'','\''snmr_inc'\'','\''grle_inc'\'''
+++ config.base[433]: export 'INCVARS_ZERO_STRAT='\''sphum_inc'\'','\''liq_wat_inc'\'','\''icmr_inc'\'','\''rwmr_inc'\'','\''snmr_inc'\'','\''grle_inc'\'''
+++ config.base[433]: INCVARS_ZERO_STRAT=''\''sphum_inc'\'','\''liq_wat_inc'\'','\''icmr_inc'\'','\''rwmr_inc'\'','\''snmr_inc'\'','\''grle_inc'\'''
+++ config.base[434]: export INCVARS_EFOLD=5
+++ config.base[434]: INCVARS_EFOLD=5
+++ config.base[439]: export netcdf_diag=.true.
+++ config.base[439]: netcdf_diag=.true.
+++ config.base[440]: export binary_diag=.false.
+++ config.base[440]: binary_diag=.false.
+++ config.base[443]: export DO_METP=NO
+++ config.base[443]: DO_METP=NO
+++ config.base[444]: export DO_FIT2OBS=YES
+++ config.base[444]: DO_FIT2OBS=YES
+++ config.base[445]: export DO_VRFY_OCEANDA=NO
+++ config.base[445]: DO_VRFY_OCEANDA=NO
+++ config.base[448]: export HPSSARCH=NO
+++ config.base[448]: HPSSARCH=NO
+++ config.base[449]: export LOCALARCH=NO
+++ config.base[449]: LOCALARCH=NO
+++ config.base[450]: [[ NO = \Y\E\S ]]
+++ config.base[454]: export ARCH_CYC=00
+++ config.base[454]: ARCH_CYC=00
+++ config.base[455]: export ARCH_WARMICFREQ=4
+++ config.base[455]: ARCH_WARMICFREQ=4
+++ config.base[456]: export ARCH_FCSTICFREQ=1
+++ config.base[456]: ARCH_FCSTICFREQ=1
+++ config.base[459]: export FITSARC=YES
+++ config.base[459]: FITSARC=YES
+++ config.base[460]: export FHMAX_FITS=132
+++ config.base[460]: FHMAX_FITS=132
+++ config.base[461]: [[ 132 -gt 120 ]]
+++ config.base[461]: export FHMAX_FITS=120
+++ config.base[461]: FHMAX_FITS=120
+++ config.base[464]: [[ NO = \Y\E\S ]]
+++ config.base[471]: export NUM_SND_COLLECTIVES=9
+++ config.base[471]: NUM_SND_COLLECTIVES=9
+++ config.base[473]: echo 'END: config.base'
END: config.base
++ jjob_header.sh[99]: status=0
++ jjob_header.sh[100]: ((  status != 0  ))
++ jjob_header.sh[97]: for config in "${configs[@]:-''}"
++ jjob_header.sh[98]: source /lfs/h2/emc/global/noscrub/globalworkflow.ci/GFS_CI_ROOT/PR/2645/RUNTESTS/EXPDIR/C96C48_hybatmDA_786c0ac9/config.anal
+++ config.anal[6]: echo 'BEGIN: config.anal'
BEGIN: config.anal
+++ config.anal[9]: . /lfs/h2/emc/global/noscrub/globalworkflow.ci/GFS_CI_ROOT/PR/2645/RUNTESTS/EXPDIR/C96C48_hybatmDA_786c0ac9/config.resources anal
++++ config.resources[7]: ((  1 != 1  ))
++++ config.resources[31]: step=anal
++++ config.resources[33]: echo 'BEGIN: config.resources'
BEGIN: config.resources
++++ config.resources[35]: case ${machine} in
++++ config.resources[36]: npe_node_max=128
++++ config.resources[72]: export npe_node_max
++++ config.resources[74]: case ${step} in
++++ config.resources[528]: export wtime_anal=01:20:00
++++ config.resources[528]: wtime_anal=01:20:00
++++ config.resources[529]: export wtime_anal_gfs=01:00:00
++++ config.resources[529]: wtime_anal_gfs=01:00:00
++++ config.resources[530]: export npe_anal=780
++++ config.resources[530]: npe_anal=780
++++ config.resources[531]: export nth_anal=5
++++ config.resources[531]: nth_anal=5
++++ config.resources[532]: export npe_anal_gfs=825
++++ config.resources[532]: npe_anal_gfs=825
++++ config.resources[533]: export nth_anal_gfs=5
++++ config.resources[533]: nth_anal_gfs=5
++++ config.resources[534]: [[ WCOSS2 == \W\C\O\S\S\2 ]]
++++ config.resources[535]: export nth_anal=8
++++ config.resources[535]: nth_anal=8
++++ config.resources[536]: export nth_anal_gfs=8
++++ config.resources[536]: nth_anal_gfs=8
++++ config.resources[538]: case ${CASE} in
++++ config.resources[564]: export npe_anal=84
++++ config.resources[564]: npe_anal=84
++++ config.resources[565]: export npe_anal_gfs=84
++++ config.resources[565]: npe_anal_gfs=84
++++ config.resources[566]: [[ WCOSS2 == \S\4 ]]
++++ config.resources[584]: export npe_node_anal=16
++++ config.resources[584]: npe_node_anal=16
++++ config.resources[585]: export nth_cycle=8
++++ config.resources[585]: nth_cycle=8
++++ config.resources[586]: export npe_node_cycle=16
++++ config.resources[586]: npe_node_cycle=16
++++ config.resources[587]: export is_exclusive=True
++++ config.resources[587]: is_exclusive=True
++++ config.resources[1300]: echo 'END: config.resources'
END: config.resources
+++ config.anal[11]: [[ YES = \Y\E\S ]]
+++ config.anal[12]: . /lfs/h2/emc/global/noscrub/globalworkflow.ci/GFS_CI_ROOT/PR/2645/RUNTESTS/EXPDIR/C96C48_hybatmDA_786c0ac9/config.nsst
++++ config.nsst[6]: echo 'BEGIN: config.nsst'
BEGIN: config.nsst
++++ config.nsst[11]: export NST_MODEL=2
++++ config.nsst[11]: NST_MODEL=2
++++ config.nsst[14]: [[ NO == \Y\E\S ]]
++++ config.nsst[14]: [[ NO == \Y\E\S ]]
++++ config.nsst[19]: export NST_SPINUP=0
++++ config.nsst[19]: NST_SPINUP=0
++++ config.nsst[20]: cdate=2021122100
++++ config.nsst[21]: ((  cdate < 2017072000  ))
++++ config.nsst[26]: export NST_RESV=0
++++ config.nsst[26]: NST_RESV=0
++++ config.nsst[29]: export ZSEA1=0
++++ config.nsst[29]: ZSEA1=0
++++ config.nsst[30]: export ZSEA2=0
++++ config.nsst[30]: ZSEA2=0
++++ config.nsst[32]: export NST_GSI=3
++++ config.nsst[32]: NST_GSI=3
++++ config.nsst[36]: export NSTINFO=0
++++ config.nsst[36]: NSTINFO=0
++++ config.nsst[37]: ((  NST_GSI > 0  ))
++++ config.nsst[37]: export NSTINFO=4
++++ config.nsst[37]: NSTINFO=4
++++ config.nsst[39]: echo 'END: config.nsst'
END: config.nsst
+++ config.anal[15]: [[ gfs = \g\f\s ]]
+++ config.anal[16]: export USE_RADSTAT=NO
+++ config.anal[16]: USE_RADSTAT=NO
+++ config.anal[17]: export GENDIAG=NO
+++ config.anal[17]: GENDIAG=NO
+++ config.anal[18]: export 'SETUP=diag_rad=.false.,diag_pcp=.false.,diag_conv=.false.,diag_ozone=.false.,write_diag(3)=.false.,niter(2)=100,'
+++ config.anal[18]: SETUP='diag_rad=.false.,diag_pcp=.false.,diag_conv=.false.,diag_ozone=.false.,write_diag(3)=.false.,niter(2)=100,'
+++ config.anal[19]: export DIAG_TARBALL=YES
+++ config.anal[19]: DIAG_TARBALL=YES
+++ config.anal[22]: export npe_gsi=84
+++ config.anal[22]: npe_gsi=84
+++ config.anal[24]: [[ gfs == \g\f\s ]]
+++ config.anal[25]: export npe_gsi=84
+++ config.anal[25]: npe_gsi=84
+++ config.anal[26]: export nth_anal=8
+++ config.anal[26]: nth_anal=8
+++ config.anal[30]: [[ 128 = \1\2\8 ]]
+++ config.anal[31]: export 'GRIDOPTS=nlayers(63)=1,nlayers(64)=1,'
+++ config.anal[31]: GRIDOPTS='nlayers(63)=1,nlayers(64)=1,'
+++ config.anal[32]: export 'SETUP=gpstop=55,nsig_ext=45,diag_rad=.false.,diag_pcp=.false.,diag_conv=.false.,diag_ozone=.false.,write_diag(3)=.false.,niter(2)=100,'
+++ config.anal[32]: SETUP='gpstop=55,nsig_ext=45,diag_rad=.false.,diag_pcp=.false.,diag_conv=.false.,diag_ozone=.false.,write_diag(3)=.false.,niter(2)=100,'
+++ config.anal[36]: export lobsdiag_forenkf=.false.
+++ config.anal[36]: lobsdiag_forenkf=.false.
+++ config.anal[40]: export GSNDBF=/dev/null
+++ config.anal[40]: GSNDBF=/dev/null
+++ config.anal[41]: export AMSREBF=/dev/null
+++ config.anal[41]: AMSREBF=/dev/null
+++ config.anal[42]: export SSMITBF=/dev/null
+++ config.anal[42]: SSMITBF=/dev/null
+++ config.anal[43]: export AMSR2BF=/dev/null
+++ config.anal[43]: AMSR2BF=/dev/null
+++ config.anal[48]: export CONVINFO=/lfs/h2/emc/global/noscrub/globalworkflow.ci/GFS_CI_ROOT/PR/2645/global-workflow/fix/gsi/global_convinfo.txt
+++ config.anal[48]: CONVINFO=/lfs/h2/emc/global/noscrub/globalworkflow.ci/GFS_CI_ROOT/PR/2645/global-workflow/fix/gsi/global_convinfo.txt
+++ config.anal[49]: export OZINFO=/lfs/h2/emc/global/noscrub/globalworkflow.ci/GFS_CI_ROOT/PR/2645/global-workflow/fix/gsi/global_ozinfo.txt
+++ config.anal[49]: OZINFO=/lfs/h2/emc/global/noscrub/globalworkflow.ci/GFS_CI_ROOT/PR/2645/global-workflow/fix/gsi/global_ozinfo.txt
+++ config.anal[50]: export SATINFO=/lfs/h2/emc/global/noscrub/globalworkflow.ci/GFS_CI_ROOT/PR/2645/global-workflow/fix/gsi/global_satinfo.txt
+++ config.anal[50]: SATINFO=/lfs/h2/emc/global/noscrub/globalworkflow.ci/GFS_CI_ROOT/PR/2645/global-workflow/fix/gsi/global_satinfo.txt
+++ config.anal[51]: export OBERROR=/lfs/h2/emc/global/noscrub/globalworkflow.ci/GFS_CI_ROOT/PR/2645/global-workflow/fix/gsi/prepobs_errtable.global
+++ config.anal[51]: OBERROR=/lfs/h2/emc/global/noscrub/globalworkflow.ci/GFS_CI_ROOT/PR/2645/global-workflow/fix/gsi/prepobs_errtable.global
+++ config.anal[53]: [[ NO = \Y\E\S ]]
+++ config.anal[62]: [[ emc == \e\m\c ]]
+++ config.anal[64]: [[ 2021122100 -ge 2019021900 ]]
+++ config.anal[64]: [[ 2021122100 -lt 2019110706 ]]
+++ config.anal[70]: [[ 2021122100 -ge 2019110706 ]]
+++ config.anal[70]: [[ 2021122100 -lt 2020040718 ]]
+++ config.anal[76]: [[ 2021122100 -ge 2020040718 ]]
+++ config.anal[76]: [[ 2021122100 -lt 2020052612 ]]
+++ config.anal[82]: [[ 2021122100 -ge 2020052612 ]]
+++ config.anal[82]: [[ 2021122100 -lt 2020082412 ]]
+++ config.anal[88]: [[ 2021122100 -ge 2020082412 ]]
+++ config.anal[88]: [[ 2021122100 -lt 2020091612 ]]
+++ config.anal[93]: [[ 2021122100 -ge 2020091612 ]]
+++ config.anal[93]: [[ 2021122100 -lt 2021031712 ]]
+++ config.anal[98]: [[ 2021122100 -ge 2021031712 ]]
+++ config.anal[98]: [[ 2021122100 -lt 2021091612 ]]
+++ config.anal[112]: [[ 2021122100 -ge 2020011600 ]]
+++ config.anal[112]: [[ 2021122100 -lt 2020011806 ]]
+++ config.anal[118]: [[ 2021122100 -ge 2019021900 ]]
+++ config.anal[118]: [[ 2021122100 -lt 2019110706 ]]
+++ config.anal[123]: [[ 2021122100 -ge 2019110706 ]]
+++ config.anal[123]: [[ 2021122100 -lt 2020022012 ]]
+++ config.anal[128]: [[ 2021122100 -ge 2020022012 ]]
+++ config.anal[128]: [[ 2021122100 -lt 2021052118 ]]
+++ config.anal[133]: [[ 2021122100 -ge 2021052118 ]]
+++ config.anal[133]: [[ 2021122100 -lt 2021092206 ]]
+++ config.anal[138]: [[ 2021122100 -ge 2021092206 ]]
+++ config.anal[138]: [[ 2021122100 -lt 2021102612 ]]
+++ config.anal[155]: export AIRS_CADS=.false.
+++ config.anal[155]: AIRS_CADS=.false.
+++ config.anal[156]: export CRIS_CADS=.false.
+++ config.anal[156]: CRIS_CADS=.false.
+++ config.anal[157]: export IASI_CADS=.false.
+++ config.anal[157]: IASI_CADS=.false.
+++ config.anal[159]: echo 'END: config.anal'
END: config.anal
++ jjob_header.sh[99]: status=0
++ jjob_header.sh[100]: ((  status != 0  ))
++ jjob_header.sh[97]: for config in "${configs[@]:-''}"
++ jjob_header.sh[98]: source /lfs/h2/emc/global/noscrub/globalworkflow.ci/GFS_CI_ROOT/PR/2645/RUNTESTS/EXPDIR/C96C48_hybatmDA_786c0ac9/config.analcalc
+++ config.analcalc[6]: echo 'BEGIN: config.analcalc'
BEGIN: config.analcalc
+++ config.analcalc[9]: . /lfs/h2/emc/global/noscrub/globalworkflow.ci/GFS_CI_ROOT/PR/2645/RUNTESTS/EXPDIR/C96C48_hybatmDA_786c0ac9/config.resources analcalc
++++ config.resources[7]: ((  1 != 1  ))
++++ config.resources[31]: step=analcalc
++++ config.resources[33]: echo 'BEGIN: config.resources'
BEGIN: config.resources
++++ config.resources[35]: case ${machine} in
++++ config.resources[36]: npe_node_max=128
++++ config.resources[72]: export npe_node_max
++++ config.resources[74]: case ${step} in
++++ config.resources[591]: export wtime_analcalc=00:10:00
++++ config.resources[591]: wtime_analcalc=00:10:00
++++ config.resources[592]: export npe_analcalc=127
++++ config.resources[592]: npe_analcalc=127
++++ config.resources[593]: export ntasks=127
++++ config.resources[593]: ntasks=127
++++ config.resources[594]: export nth_analcalc=1
++++ config.resources[594]: nth_analcalc=1
++++ config.resources[595]: export nth_echgres=4
++++ config.resources[595]: nth_echgres=4
++++ config.resources[596]: export nth_echgres_gfs=12
++++ config.resources[596]: nth_echgres_gfs=12
++++ config.resources[597]: export npe_node_analcalc=128
++++ config.resources[597]: npe_node_analcalc=128
++++ config.resources[598]: export is_exclusive=True
++++ config.resources[598]: is_exclusive=True
++++ config.resources[599]: export memory_analcalc=48GB
++++ config.resources[599]: memory_analcalc=48GB
++++ config.resources[1300]: echo 'END: config.resources'
END: config.resources
+++ config.analcalc[11]: [[ gfs == \g\f\s ]]
+++ config.analcalc[12]: export nth_echgres=12
+++ config.analcalc[12]: nth_echgres=12
+++ config.analcalc[15]: echo 'END: config.analcalc'
END: config.analcalc
++ jjob_header.sh[99]: status=0
++ jjob_header.sh[100]: ((  status != 0  ))
++ jjob_header.sh[110]: source /lfs/h2/emc/global/noscrub/globalworkflow.ci/GFS_CI_ROOT/PR/2645/global-workflow/env/WCOSS2.env analcalc
+++ WCOSS2.env[3]: [[ 1 -ne 1 ]]
+++ WCOSS2.env[15]: step=analcalc
+++ WCOSS2.env[18]: export 'launcher=mpiexec -l'
+++ WCOSS2.env[18]: launcher='mpiexec -l'
+++ WCOSS2.env[19]: export 'mpmd_opt=--cpu-bind verbose,core cfp'
+++ WCOSS2.env[19]: mpmd_opt='--cpu-bind verbose,core cfp'
+++ WCOSS2.env[21]: [[ analcalc = \p\r\e\p ]]
+++ WCOSS2.env[21]: [[ analcalc = \p\r\e\p\b\u\f\r ]]
+++ WCOSS2.env[30]: [[ analcalc = \p\r\e\p\s\n\o\w\o\b\s ]]
+++ WCOSS2.env[34]: [[ analcalc = \p\r\e\p\_\e\m\i\s\s\i\o\n\s ]]
+++ WCOSS2.env[38]: [[ analcalc = \w\a\v\e\i\n\i\t ]]
+++ WCOSS2.env[38]: [[ analcalc = \w\a\v\e\p\r\e\p ]]
+++ WCOSS2.env[38]: [[ analcalc = \w\a\v\e\p\o\s\t\s\b\s ]]
+++ WCOSS2.env[38]: [[ analcalc = \w\a\v\e\p\o\s\t\b\n\d\p\n\t ]]
+++ WCOSS2.env[38]: [[ analcalc = \w\a\v\e\p\o\s\t\b\n\d\p\n\t\b\l\l ]]
+++ WCOSS2.env[38]: [[ analcalc = \w\a\v\e\p\o\s\t\p\n\t ]]
+++ WCOSS2.env[45]: [[ analcalc = \a\t\m\a\n\l\v\a\r ]]
+++ WCOSS2.env[53]: [[ analcalc = \a\t\m\e\n\s\a\n\l\l\e\t\k\f ]]
+++ WCOSS2.env[61]: [[ analcalc = \a\t\m\e\n\s\a\n\l\f\v\3\i\n\c ]]
+++ WCOSS2.env[69]: [[ analcalc = \a\e\r\o\a\n\l\r\u\n ]]
+++ WCOSS2.env[79]: [[ analcalc = \s\n\o\w\a\n\l ]]
+++ WCOSS2.env[89]: [[ analcalc = \a\t\m\a\n\l\f\v\3\i\n\c ]]
+++ WCOSS2.env[97]: [[ analcalc = \a\n\a\l ]]
+++ WCOSS2.env[97]: [[ analcalc = \a\n\a\l\c\a\l\c ]]
+++ WCOSS2.env[99]: export OMP_PLACES=cores
+++ WCOSS2.env[99]: OMP_PLACES=cores
+++ WCOSS2.env[100]: export OMP_STACKSIZE=1G
+++ WCOSS2.env[100]: OMP_STACKSIZE=1G
+++ WCOSS2.env[101]: export FI_OFI_RXM_SAR_LIMIT=3145728
+++ WCOSS2.env[101]: FI_OFI_RXM_SAR_LIMIT=3145728
+++ WCOSS2.env[103]: [[ analcalc = \a\n\a\l\c\a\l\c ]]
+++ WCOSS2.env[104]: export 'MPICH_MPIIO_HINTS=*:romio_cb_write=disable'
+++ WCOSS2.env[104]: MPICH_MPIIO_HINTS='*:romio_cb_write=disable'
+++ WCOSS2.env[107]: nth_max=8
+++ WCOSS2.env[109]: export NTHREADS_GSI=8
+++ WCOSS2.env[109]: NTHREADS_GSI=8
+++ WCOSS2.env[110]: [[ 8 -gt 8 ]]
+++ WCOSS2.env[111]: export 'APRUN_GSI=mpiexec -l -n 84 -ppn 16 --cpu-bind depth --depth 8'
+++ WCOSS2.env[111]: APRUN_GSI='mpiexec -l -n 84 -ppn 16 --cpu-bind depth --depth 8'
+++ WCOSS2.env[113]: export NTHREADS_CALCINC=1
+++ WCOSS2.env[113]: NTHREADS_CALCINC=1
+++ WCOSS2.env[114]: [[ 1 -gt 8 ]]
+++ WCOSS2.env[115]: export 'APRUN_CALCINC=mpiexec -l $ncmd'
+++ WCOSS2.env[115]: APRUN_CALCINC='mpiexec -l $ncmd'
+++ WCOSS2.env[117]: export NTHREADS_CYCLE=8
+++ WCOSS2.env[117]: NTHREADS_CYCLE=8
+++ WCOSS2.env[118]: [[ 8 -gt 128 ]]
+++ WCOSS2.env[119]: npe_cycle=6
+++ WCOSS2.env[120]: export 'APRUN_CYCLE=mpiexec -l -n 6 -ppn 16 --cpu-bind depth --depth 8'
+++ WCOSS2.env[120]: APRUN_CYCLE='mpiexec -l -n 6 -ppn 16 --cpu-bind depth --depth 8'
+++ WCOSS2.env[122]: export NTHREADS_GAUSFCANL=1
+++ WCOSS2.env[122]: NTHREADS_GAUSFCANL=1
+++ WCOSS2.env[123]: npe_gausfcanl=1
+++ WCOSS2.env[124]: export 'APRUN_GAUSFCANL=mpiexec -l -n 1'
+++ WCOSS2.env[124]: APRUN_GAUSFCANL='mpiexec -l -n 1'
+++ WCOSS2.env[126]: export NTHREADS_CHGRES=12
+++ WCOSS2.env[126]: NTHREADS_CHGRES=12
+++ WCOSS2.env[127]: [[ 12 -gt 128 ]]
+++ WCOSS2.env[128]: export APRUN_CHGRES=
+++ WCOSS2.env[128]: APRUN_CHGRES=
+++ WCOSS2.env[130]: export CFP_MP=NO
+++ WCOSS2.env[130]: CFP_MP=NO
+++ WCOSS2.env[131]: export USE_CFP=YES
+++ WCOSS2.env[131]: USE_CFP=YES
+++ WCOSS2.env[132]: export 'APRUNCFP=mpiexec -l -np $ncmd --cpu-bind verbose,core cfp'
+++ WCOSS2.env[132]: APRUNCFP='mpiexec -l -np $ncmd --cpu-bind verbose,core cfp'
++ jjob_header.sh[111]: status=0
++ jjob_header.sh[112]: ((  status != 0  ))
+ JGLOBAL_ATMOS_ANALYSIS_CALC[10]: export CDUMP=gfs
+ JGLOBAL_ATMOS_ANALYSIS_CALC[10]: CDUMP=gfs
+ JGLOBAL_ATMOS_ANALYSIS_CALC[11]: export DO_CALC_ANALYSIS=YES
+ JGLOBAL_ATMOS_ANALYSIS_CALC[11]: DO_CALC_ANALYSIS=YES
++ JGLOBAL_ATMOS_ANALYSIS_CALC[19]: /apps/ops/prod/nco/core/prod_util.v2.0.9/exec/ndate -6 2021122100
+ JGLOBAL_ATMOS_ANALYSIS_CALC[19]: GDATE=2021122018
+ JGLOBAL_ATMOS_ANALYSIS_CALC[21]: export gPDY=20211220
+ JGLOBAL_ATMOS_ANALYSIS_CALC[21]: gPDY=20211220
+ JGLOBAL_ATMOS_ANALYSIS_CALC[22]: export gcyc=18
+ JGLOBAL_ATMOS_ANALYSIS_CALC[22]: gcyc=18
+ JGLOBAL_ATMOS_ANALYSIS_CALC[23]: export GDUMP=gdas
+ JGLOBAL_ATMOS_ANALYSIS_CALC[23]: GDUMP=gdas
+ JGLOBAL_ATMOS_ANALYSIS_CALC[24]: export GDUMP_ENS=enkfgdas
+ JGLOBAL_ATMOS_ANALYSIS_CALC[24]: GDUMP_ENS=enkfgdas
+ JGLOBAL_ATMOS_ANALYSIS_CALC[26]: export OPREFIX=gfs.t00z.
+ JGLOBAL_ATMOS_ANALYSIS_CALC[26]: OPREFIX=gfs.t00z.
+ JGLOBAL_ATMOS_ANALYSIS_CALC[27]: export GPREFIX=gdas.t18z.
+ JGLOBAL_ATMOS_ANALYSIS_CALC[27]: GPREFIX=gdas.t18z.
+ JGLOBAL_ATMOS_ANALYSIS_CALC[28]: export APREFIX=gfs.t00z.
+ JGLOBAL_ATMOS_ANALYSIS_CALC[28]: APREFIX=gfs.t00z.
+ JGLOBAL_ATMOS_ANALYSIS_CALC[29]: export GPREFIX_ENS=enkfgdas.t18z.
+ JGLOBAL_ATMOS_ANALYSIS_CALC[29]: GPREFIX_ENS=enkfgdas.t18z.
+ JGLOBAL_ATMOS_ANALYSIS_CALC[31]: RUN=gfs
+ JGLOBAL_ATMOS_ANALYSIS_CALC[31]: YMD=20211221
+ JGLOBAL_ATMOS_ANALYSIS_CALC[31]: HH=00
+ JGLOBAL_ATMOS_ANALYSIS_CALC[31]: declare_from_tmpl -rx COM_OBS
+ bash_utils.sh[35]: [[ NO == \N\O ]]
+ bash_utils.sh[35]: set +x
declare_from_tmpl :: COM_OBS=/lfs/h2/emc/global/noscrub/globalworkflow.ci/GFS_CI_ROOT/PR/2645/RUNTESTS/COMROOT/C96C48_hybatmDA_786c0ac9/gfs.20211221/00/obs
+ JGLOBAL_ATMOS_ANALYSIS_CALC[33]: YMD=20211221
+ JGLOBAL_ATMOS_ANALYSIS_CALC[33]: HH=00
+ JGLOBAL_ATMOS_ANALYSIS_CALC[33]: declare_from_tmpl -rx COM_ATMOS_ANALYSIS COM_ATMOS_RESTART
+ bash_utils.sh[35]: [[ NO == \N\O ]]
+ bash_utils.sh[35]: set +x
declare_from_tmpl :: COM_ATMOS_ANALYSIS=/lfs/h2/emc/global/noscrub/globalworkflow.ci/GFS_CI_ROOT/PR/2645/RUNTESTS/COMROOT/C96C48_hybatmDA_786c0ac9/gfs.20211221/00//analysis/atmos
declare_from_tmpl :: COM_ATMOS_RESTART=/lfs/h2/emc/global/noscrub/globalworkflow.ci/GFS_CI_ROOT/PR/2645/RUNTESTS/COMROOT/C96C48_hybatmDA_786c0ac9/gfs.20211221/00//model_data/atmos/restart
+ JGLOBAL_ATMOS_ANALYSIS_CALC[35]: RUN=gdas
+ JGLOBAL_ATMOS_ANALYSIS_CALC[35]: YMD=20211220
+ JGLOBAL_ATMOS_ANALYSIS_CALC[35]: HH=18
+ JGLOBAL_ATMOS_ANALYSIS_CALC[35]: declare_from_tmpl -rx COM_OBS_PREV:COM_OBS_TMPL COM_ATMOS_HISTORY_PREV:COM_ATMOS_HISTORY_TMPL
+ bash_utils.sh[35]: [[ NO == \N\O ]]
+ bash_utils.sh[35]: set +x
declare_from_tmpl :: COM_OBS_PREV=/lfs/h2/emc/global/noscrub/globalworkflow.ci/GFS_CI_ROOT/PR/2645/RUNTESTS/COMROOT/C96C48_hybatmDA_786c0ac9/gdas.20211220/18/obs
declare_from_tmpl :: COM_ATMOS_HISTORY_PREV=/lfs/h2/emc/global/noscrub/globalworkflow.ci/GFS_CI_ROOT/PR/2645/RUNTESTS/COMROOT/C96C48_hybatmDA_786c0ac9/gdas.20211220/18//model_data/atmos/history
+ JGLOBAL_ATMOS_ANALYSIS_CALC[40]: export ATMGES=/lfs/h2/emc/global/noscrub/globalworkflow.ci/GFS_CI_ROOT/PR/2645/RUNTESTS/COMROOT/C96C48_hybatmDA_786c0ac9/gdas.20211220/18//model_data/atmos/history/gdas.t18z.atmf006.nc
+ JGLOBAL_ATMOS_ANALYSIS_CALC[40]: ATMGES=/lfs/h2/emc/global/noscrub/globalworkflow.ci/GFS_CI_ROOT/PR/2645/RUNTESTS/COMROOT/C96C48_hybatmDA_786c0ac9/gdas.20211220/18//model_data/atmos/history/gdas.t18z.atmf006.nc
+ JGLOBAL_ATMOS_ANALYSIS_CALC[41]: '[' '!' -f /lfs/h2/emc/global/noscrub/globalworkflow.ci/GFS_CI_ROOT/PR/2645/RUNTESTS/COMROOT/C96C48_hybatmDA_786c0ac9/gdas.20211220/18//model_data/atmos/history/gdas.t18z.atmf006.nc ']'
++ JGLOBAL_ATMOS_ANALYSIS_CALC[47]: /lfs/h2/emc/global/noscrub/globalworkflow.ci/GFS_CI_ROOT/PR/2645/global-workflow/ush/getncdimlen /lfs/h2/emc/global/noscrub/globalworkflow.ci/GFS_CI_ROOT/PR/2645/RUNTESTS/COMROOT/C96C48_hybatmDA_786c0ac9/gdas.20211220/18//model_data/atmos/history/gdas.t18z.atmf006.nc pfull
+ JGLOBAL_ATMOS_ANALYSIS_CALC[47]: export LEVS=127
+ JGLOBAL_ATMOS_ANALYSIS_CALC[47]: LEVS=127
+ JGLOBAL_ATMOS_ANALYSIS_CALC[48]: status=0
+ JGLOBAL_ATMOS_ANALYSIS_CALC[49]: [[ 0 -ne 0 ]]
+ JGLOBAL_ATMOS_ANALYSIS_CALC[53]: export DOGAUSFCANL=YES
+ JGLOBAL_ATMOS_ANALYSIS_CALC[53]: DOGAUSFCANL=YES
+ JGLOBAL_ATMOS_ANALYSIS_CALC[59]: /lfs/h2/emc/global/noscrub/globalworkflow.ci/GFS_CI_ROOT/PR/2645/global-workflow/scripts/exglobal_atmos_analysis_calc.sh
Begin exglobal_atmos_analysis_calc.sh at Sat Jun  1 21:03:25 UTC 2024
++ exglobal_atmos_analysis_calc.sh[25]: pwd
+ exglobal_atmos_analysis_calc.sh[25]: pwd=/lfs/h2/emc/stmp/terry.mcguinness/RUNDIRS/C96C48_hybatmDA_786c0ac9/analcalc.63274
+ exglobal_atmos_analysis_calc.sh[28]: CDUMP=gfs
+ exglobal_atmos_analysis_calc.sh[29]: GDUMP=gdas
+ exglobal_atmos_analysis_calc.sh[32]: export 'CHGRP_CMD=chgrp rstprod'
+ exglobal_atmos_analysis_calc.sh[32]: CHGRP_CMD='chgrp rstprod'
+ exglobal_atmos_analysis_calc.sh[33]: export NCLEN=/lfs/h2/emc/global/noscrub/globalworkflow.ci/GFS_CI_ROOT/PR/2645/global-workflow/ush/getncdimlen
+ exglobal_atmos_analysis_calc.sh[33]: NCLEN=/lfs/h2/emc/global/noscrub/globalworkflow.ci/GFS_CI_ROOT/PR/2645/global-workflow/ush/getncdimlen
+ exglobal_atmos_analysis_calc.sh[34]: COMPRESS=gzip
+ exglobal_atmos_analysis_calc.sh[35]: UNCOMPRESS=gunzip
+ exglobal_atmos_analysis_calc.sh[36]: APRUNCFP='mpiexec -l -np $ncmd --cpu-bind verbose,core cfp'
+ exglobal_atmos_analysis_calc.sh[39]: netcdf_diag=.true.
+ exglobal_atmos_analysis_calc.sh[40]: binary_diag=.false.
+ exglobal_atmos_analysis_calc.sh[43]: DOIAU=YES
+ exglobal_atmos_analysis_calc.sh[44]: export IAUFHRS=3,6,9
+ exglobal_atmos_analysis_calc.sh[44]: IAUFHRS=3,6,9
+ exglobal_atmos_analysis_calc.sh[47]: export NTHREADS_CALCINC=1
+ exglobal_atmos_analysis_calc.sh[47]: NTHREADS_CALCINC=1
+ exglobal_atmos_analysis_calc.sh[48]: export 'APRUN_CALCINC=mpiexec -l $ncmd'
+ exglobal_atmos_analysis_calc.sh[48]: APRUN_CALCINC='mpiexec -l $ncmd'
+ exglobal_atmos_analysis_calc.sh[49]: export APRUN_CALCANL=
+ exglobal_atmos_analysis_calc.sh[49]: APRUN_CALCANL=
+ exglobal_atmos_analysis_calc.sh[50]: export APRUN_CHGRES=
+ exglobal_atmos_analysis_calc.sh[50]: APRUN_CHGRES=
+ exglobal_atmos_analysis_calc.sh[52]: export CALCANLEXEC=/lfs/h2/emc/global/noscrub/globalworkflow.ci/GFS_CI_ROOT/PR/2645/global-workflow/exec/calc_analysis.x
+ exglobal_atmos_analysis_calc.sh[52]: CALCANLEXEC=/lfs/h2/emc/global/noscrub/globalworkflow.ci/GFS_CI_ROOT/PR/2645/global-workflow/exec/calc_analysis.x
+ exglobal_atmos_analysis_calc.sh[53]: export CHGRESNCEXEC=/lfs/h2/emc/global/noscrub/globalworkflow.ci/GFS_CI_ROOT/PR/2645/global-workflow/exec/enkf_chgres_recenter_nc.x
+ exglobal_atmos_analysis_calc.sh[53]: CHGRESNCEXEC=/lfs/h2/emc/global/noscrub/globalworkflow.ci/GFS_CI_ROOT/PR/2645/global-workflow/exec/enkf_chgres_recenter_nc.x
+ exglobal_atmos_analysis_calc.sh[54]: export CHGRESINCEXEC=/lfs/h2/emc/global/noscrub/globalworkflow.ci/GFS_CI_ROOT/PR/2645/global-workflow/exec/interp_inc.x
+ exglobal_atmos_analysis_calc.sh[54]: CHGRESINCEXEC=/lfs/h2/emc/global/noscrub/globalworkflow.ci/GFS_CI_ROOT/PR/2645/global-workflow/exec/interp_inc.x
+ exglobal_atmos_analysis_calc.sh[55]: export NTHREADS_CHGRES=12
+ exglobal_atmos_analysis_calc.sh[55]: NTHREADS_CHGRES=12
+ exglobal_atmos_analysis_calc.sh[56]: CALCINCPY=/lfs/h2/emc/global/noscrub/globalworkflow.ci/GFS_CI_ROOT/PR/2645/global-workflow/ush/calcinc_gfs.py
+ exglobal_atmos_analysis_calc.sh[57]: CALCANLPY=/lfs/h2/emc/global/noscrub/globalworkflow.ci/GFS_CI_ROOT/PR/2645/global-workflow/ush/calcanl_gfs.py
+ exglobal_atmos_analysis_calc.sh[59]: DOGAUSFCANL=YES
+ exglobal_atmos_analysis_calc.sh[60]: GAUSFCANLSH=/lfs/h2/emc/global/noscrub/globalworkflow.ci/GFS_CI_ROOT/PR/2645/global-workflow/ush/gaussian_sfcanl.sh
+ exglobal_atmos_analysis_calc.sh[61]: export GAUSFCANLEXE=/lfs/h2/emc/global/noscrub/globalworkflow.ci/GFS_CI_ROOT/PR/2645/global-workflow/exec/gaussian_sfcanl.x
+ exglobal_atmos_analysis_calc.sh[61]: GAUSFCANLEXE=/lfs/h2/emc/global/noscrub/globalworkflow.ci/GFS_CI_ROOT/PR/2645/global-workflow/exec/gaussian_sfcanl.x
+ exglobal_atmos_analysis_calc.sh[62]: NTHREADS_GAUSFCANL=1
+ exglobal_atmos_analysis_calc.sh[63]: APRUN_GAUSFCANL='mpiexec -l -n 1'
+ exglobal_atmos_analysis_calc.sh[66]: RUN=gfs
+ exglobal_atmos_analysis_calc.sh[67]: SENDECF=NO
+ exglobal_atmos_analysis_calc.sh[68]: SENDDBN=NO
+ exglobal_atmos_analysis_calc.sh[71]: GPREFIX=gdas.t18z.
+ exglobal_atmos_analysis_calc.sh[72]: ATMG03=/lfs/h2/emc/global/noscrub/globalworkflow.ci/GFS_CI_ROOT/PR/2645/RUNTESTS/COMROOT/C96C48_hybatmDA_786c0ac9/gdas.20211220/18//model_data/atmos/history/gdas.t18z.atmf003.nc
+ exglobal_atmos_analysis_calc.sh[73]: ATMG04=/lfs/h2/emc/global/noscrub/globalworkflow.ci/GFS_CI_ROOT/PR/2645/RUNTESTS/COMROOT/C96C48_hybatmDA_786c0ac9/gdas.20211220/18//model_data/atmos/history/gdas.t18z.atmf004.nc
+ exglobal_atmos_analysis_calc.sh[74]: ATMG05=/lfs/h2/emc/global/noscrub/globalworkflow.ci/GFS_CI_ROOT/PR/2645/RUNTESTS/COMROOT/C96C48_hybatmDA_786c0ac9/gdas.20211220/18//model_data/atmos/history/gdas.t18z.atmf005.nc
+ exglobal_atmos_analysis_calc.sh[75]: ATMGES=/lfs/h2/emc/global/noscrub/globalworkflow.ci/GFS_CI_ROOT/PR/2645/RUNTESTS/COMROOT/C96C48_hybatmDA_786c0ac9/gdas.20211220/18//model_data/atmos/history/gdas.t18z.atmf006.nc
+ exglobal_atmos_analysis_calc.sh[76]: ATMG07=/lfs/h2/emc/global/noscrub/globalworkflow.ci/GFS_CI_ROOT/PR/2645/RUNTESTS/COMROOT/C96C48_hybatmDA_786c0ac9/gdas.20211220/18//model_data/atmos/history/gdas.t18z.atmf007.nc
+ exglobal_atmos_analysis_calc.sh[77]: ATMG08=/lfs/h2/emc/global/noscrub/globalworkflow.ci/GFS_CI_ROOT/PR/2645/RUNTESTS/COMROOT/C96C48_hybatmDA_786c0ac9/gdas.20211220/18//model_data/atmos/history/gdas.t18z.atmf008.nc
+ exglobal_atmos_analysis_calc.sh[78]: ATMG09=/lfs/h2/emc/global/noscrub/globalworkflow.ci/GFS_CI_ROOT/PR/2645/RUNTESTS/COMROOT/C96C48_hybatmDA_786c0ac9/gdas.20211220/18//model_data/atmos/history/gdas.t18z.atmf009.nc
+ exglobal_atmos_analysis_calc.sh[81]: export APREFIX=gfs.t00z.
+ exglobal_atmos_analysis_calc.sh[81]: APREFIX=gfs.t00z.
+ exglobal_atmos_analysis_calc.sh[82]: SFCANL=/lfs/h2/emc/global/noscrub/globalworkflow.ci/GFS_CI_ROOT/PR/2645/RUNTESTS/COMROOT/C96C48_hybatmDA_786c0ac9/gfs.20211221/00//analysis/atmos/gfs.t00z.sfcanl.nc
+ exglobal_atmos_analysis_calc.sh[83]: DTFANL=/lfs/h2/emc/global/noscrub/globalworkflow.ci/GFS_CI_ROOT/PR/2645/RUNTESTS/COMROOT/C96C48_hybatmDA_786c0ac9/gfs.20211221/00//analysis/atmos/gfs.t00z.dtfanl.nc
+ exglobal_atmos_analysis_calc.sh[84]: ATMANL=/lfs/h2/emc/global/noscrub/globalworkflow.ci/GFS_CI_ROOT/PR/2645/RUNTESTS/COMROOT/C96C48_hybatmDA_786c0ac9/gfs.20211221/00//analysis/atmos/gfs.t00z.atmanl.nc
+ exglobal_atmos_analysis_calc.sh[87]: ATMINC=/lfs/h2/emc/global/noscrub/globalworkflow.ci/GFS_CI_ROOT/PR/2645/RUNTESTS/COMROOT/C96C48_hybatmDA_786c0ac9/gfs.20211221/00//analysis/atmos/gfs.t00z.atminc.nc
+ exglobal_atmos_analysis_calc.sh[90]: DOHYBVAR=YES
+ exglobal_atmos_analysis_calc.sh[91]: lrun_subdirs=.true.
+ exglobal_atmos_analysis_calc.sh[92]: '[' YES = YES ']'
+ exglobal_atmos_analysis_calc.sh[93]: l_hyb_ens=.true.
+ exglobal_atmos_analysis_calc.sh[94]: export l4densvar=.true.
+ exglobal_atmos_analysis_calc.sh[94]: l4densvar=.true.
+ exglobal_atmos_analysis_calc.sh[95]: export lwrite4danl=.true.
+ exglobal_atmos_analysis_calc.sh[95]: lwrite4danl=.true.
+ exglobal_atmos_analysis_calc.sh[103]: '[' YES = YES -a .true. = .true. -a .true. = .true. ']'
+ exglobal_atmos_analysis_calc.sh[104]: ATMA03=/lfs/h2/emc/global/noscrub/globalworkflow.ci/GFS_CI_ROOT/PR/2645/RUNTESTS/COMROOT/C96C48_hybatmDA_786c0ac9/gfs.20211221/00//analysis/atmos/gfs.t00z.atma003.nc
+ exglobal_atmos_analysis_calc.sh[105]: ATMI03=/lfs/h2/emc/global/noscrub/globalworkflow.ci/GFS_CI_ROOT/PR/2645/RUNTESTS/COMROOT/C96C48_hybatmDA_786c0ac9/gfs.20211221/00//analysis/atmos/gfs.t00z.atmi003.nc
+ exglobal_atmos_analysis_calc.sh[106]: ATMA04=/lfs/h2/emc/global/noscrub/globalworkflow.ci/GFS_CI_ROOT/PR/2645/RUNTESTS/COMROOT/C96C48_hybatmDA_786c0ac9/gfs.20211221/00//analysis/atmos/gfs.t00z.atma004.nc
+ exglobal_atmos_analysis_calc.sh[107]: ATMI04=/lfs/h2/emc/global/noscrub/globalworkflow.ci/GFS_CI_ROOT/PR/2645/RUNTESTS/COMROOT/C96C48_hybatmDA_786c0ac9/gfs.20211221/00//analysis/atmos/gfs.t00z.atmi004.nc
+ exglobal_atmos_analysis_calc.sh[108]: ATMA05=/lfs/h2/emc/global/noscrub/globalworkflow.ci/GFS_CI_ROOT/PR/2645/RUNTESTS/COMROOT/C96C48_hybatmDA_786c0ac9/gfs.20211221/00//analysis/atmos/gfs.t00z.atma005.nc
+ exglobal_atmos_analysis_calc.sh[109]: ATMI05=/lfs/h2/emc/global/noscrub/globalworkflow.ci/GFS_CI_ROOT/PR/2645/RUNTESTS/COMROOT/C96C48_hybatmDA_786c0ac9/gfs.20211221/00//analysis/atmos/gfs.t00z.atmi005.nc
+ exglobal_atmos_analysis_calc.sh[110]: ATMA07=/lfs/h2/emc/global/noscrub/globalworkflow.ci/GFS_CI_ROOT/PR/2645/RUNTESTS/COMROOT/C96C48_hybatmDA_786c0ac9/gfs.20211221/00//analysis/atmos/gfs.t00z.atma007.nc
+ exglobal_atmos_analysis_calc.sh[111]: ATMI07=/lfs/h2/emc/global/noscrub/globalworkflow.ci/GFS_CI_ROOT/PR/2645/RUNTESTS/COMROOT/C96C48_hybatmDA_786c0ac9/gfs.20211221/00//analysis/atmos/gfs.t00z.atmi007.nc
+ exglobal_atmos_analysis_calc.sh[112]: ATMA08=/lfs/h2/emc/global/noscrub/globalworkflow.ci/GFS_CI_ROOT/PR/2645/RUNTESTS/COMROOT/C96C48_hybatmDA_786c0ac9/gfs.20211221/00//analysis/atmos/gfs.t00z.atma008.nc
+ exglobal_atmos_analysis_calc.sh[113]: ATMI08=/lfs/h2/emc/global/noscrub/globalworkflow.ci/GFS_CI_ROOT/PR/2645/RUNTESTS/COMROOT/C96C48_hybatmDA_786c0ac9/gfs.20211221/00//analysis/atmos/gfs.t00z.atmi008.nc
+ exglobal_atmos_analysis_calc.sh[114]: ATMA09=/lfs/h2/emc/global/noscrub/globalworkflow.ci/GFS_CI_ROOT/PR/2645/RUNTESTS/COMROOT/C96C48_hybatmDA_786c0ac9/gfs.20211221/00//analysis/atmos/gfs.t00z.atma009.nc
+ exglobal_atmos_analysis_calc.sh[115]: ATMI09=/lfs/h2/emc/global/noscrub/globalworkflow.ci/GFS_CI_ROOT/PR/2645/RUNTESTS/COMROOT/C96C48_hybatmDA_786c0ac9/gfs.20211221/00//analysis/atmos/gfs.t00z.atmi009.nc
+ exglobal_atmos_analysis_calc.sh[121]: mkdata=NO
+ exglobal_atmos_analysis_calc.sh[122]: '[' '!' -d /lfs/h2/emc/stmp/terry.mcguinness/RUNDIRS/C96C48_hybatmDA_786c0ac9/analcalc.63274 ']'
+ exglobal_atmos_analysis_calc.sh[127]: cd /lfs/h2/emc/stmp/terry.mcguinness/RUNDIRS/C96C48_hybatmDA_786c0ac9/analcalc.63274
+ exglobal_atmos_analysis_calc.sh[131]: rm -rf 'dir.*'
+ exglobal_atmos_analysis_calc.sh[135]: '[' YES == YES ']'
+ exglobal_atmos_analysis_calc.sh[137]: /bin/ln -sf /lfs/h2/emc/global/noscrub/globalworkflow.ci/GFS_CI_ROOT/PR/2645/RUNTESTS/COMROOT/C96C48_hybatmDA_786c0ac9/gfs.20211221/00//analysis/atmos/gfs.t00z.atmanl.nc siganl
+ exglobal_atmos_analysis_calc.sh[138]: /bin/ln -sf /lfs/h2/emc/global/noscrub/globalworkflow.ci/GFS_CI_ROOT/PR/2645/RUNTESTS/COMROOT/C96C48_hybatmDA_786c0ac9/gfs.20211221/00//analysis/atmos/gfs.t00z.atminc.nc siginc.nc
+ exglobal_atmos_analysis_calc.sh[139]: '[' YES = YES -a .true. = .true. -a .true. = .true. ']'
+ exglobal_atmos_analysis_calc.sh[140]: /bin/ln -sf /lfs/h2/emc/global/noscrub/globalworkflow.ci/GFS_CI_ROOT/PR/2645/RUNTESTS/COMROOT/C96C48_hybatmDA_786c0ac9/gfs.20211221/00//analysis/atmos/gfs.t00z.atma003.nc siga03
+ exglobal_atmos_analysis_calc.sh[141]: /bin/ln -sf /lfs/h2/emc/global/noscrub/globalworkflow.ci/GFS_CI_ROOT/PR/2645/RUNTESTS/COMROOT/C96C48_hybatmDA_786c0ac9/gfs.20211221/00//analysis/atmos/gfs.t00z.atmi003.nc sigi03.nc
+ exglobal_atmos_analysis_calc.sh[142]: /bin/ln -sf /lfs/h2/emc/global/noscrub/globalworkflow.ci/GFS_CI_ROOT/PR/2645/RUNTESTS/COMROOT/C96C48_hybatmDA_786c0ac9/gfs.20211221/00//analysis/atmos/gfs.t00z.atma004.nc siga04
+ exglobal_atmos_analysis_calc.sh[143]: /bin/ln -sf /lfs/h2/emc/global/noscrub/globalworkflow.ci/GFS_CI_ROOT/PR/2645/RUNTESTS/COMROOT/C96C48_hybatmDA_786c0ac9/gfs.20211221/00//analysis/atmos/gfs.t00z.atmi004.nc sigi04.nc
+ exglobal_atmos_analysis_calc.sh[144]: /bin/ln -sf /lfs/h2/emc/global/noscrub/globalworkflow.ci/GFS_CI_ROOT/PR/2645/RUNTESTS/COMROOT/C96C48_hybatmDA_786c0ac9/gfs.20211221/00//analysis/atmos/gfs.t00z.atma005.nc siga05
+ exglobal_atmos_analysis_calc.sh[145]: /bin/ln -sf /lfs/h2/emc/global/noscrub/globalworkflow.ci/GFS_CI_ROOT/PR/2645/RUNTESTS/COMROOT/C96C48_hybatmDA_786c0ac9/gfs.20211221/00//analysis/atmos/gfs.t00z.atmi005.nc sigi05.nc
+ exglobal_atmos_analysis_calc.sh[146]: /bin/ln -sf /lfs/h2/emc/global/noscrub/globalworkflow.ci/GFS_CI_ROOT/PR/2645/RUNTESTS/COMROOT/C96C48_hybatmDA_786c0ac9/gfs.20211221/00//analysis/atmos/gfs.t00z.atma007.nc siga07
+ exglobal_atmos_analysis_calc.sh[147]: /bin/ln -sf /lfs/h2/emc/global/noscrub/globalworkflow.ci/GFS_CI_ROOT/PR/2645/RUNTESTS/COMROOT/C96C48_hybatmDA_786c0ac9/gfs.20211221/00//analysis/atmos/gfs.t00z.atmi007.nc sigi07.nc
+ exglobal_atmos_analysis_calc.sh[148]: /bin/ln -sf /lfs/h2/emc/global/noscrub/globalworkflow.ci/GFS_CI_ROOT/PR/2645/RUNTESTS/COMROOT/C96C48_hybatmDA_786c0ac9/gfs.20211221/00//analysis/atmos/gfs.t00z.atma008.nc siga08
+ exglobal_atmos_analysis_calc.sh[149]: /bin/ln -sf /lfs/h2/emc/global/noscrub/globalworkflow.ci/GFS_CI_ROOT/PR/2645/RUNTESTS/COMROOT/C96C48_hybatmDA_786c0ac9/gfs.20211221/00//analysis/atmos/gfs.t00z.atmi008.nc sigi08.nc
+ exglobal_atmos_analysis_calc.sh[150]: /bin/ln -sf /lfs/h2/emc/global/noscrub/globalworkflow.ci/GFS_CI_ROOT/PR/2645/RUNTESTS/COMROOT/C96C48_hybatmDA_786c0ac9/gfs.20211221/00//analysis/atmos/gfs.t00z.atma009.nc siga09
+ exglobal_atmos_analysis_calc.sh[151]: /bin/ln -sf /lfs/h2/emc/global/noscrub/globalworkflow.ci/GFS_CI_ROOT/PR/2645/RUNTESTS/COMROOT/C96C48_hybatmDA_786c0ac9/gfs.20211221/00//analysis/atmos/gfs.t00z.atmi009.nc sigi09.nc
+ exglobal_atmos_analysis_calc.sh[154]: /bin/ln -sf /lfs/h2/emc/global/noscrub/globalworkflow.ci/GFS_CI_ROOT/PR/2645/RUNTESTS/COMROOT/C96C48_hybatmDA_786c0ac9/gdas.20211220/18//model_data/atmos/history/gdas.t18z.atmf003.nc sigf03
+ exglobal_atmos_analysis_calc.sh[155]: /bin/ln -sf /lfs/h2/emc/global/noscrub/globalworkflow.ci/GFS_CI_ROOT/PR/2645/RUNTESTS/COMROOT/C96C48_hybatmDA_786c0ac9/gdas.20211220/18//model_data/atmos/history/gdas.t18z.atmf006.nc sigf06
+ exglobal_atmos_analysis_calc.sh[156]: /bin/ln -sf /lfs/h2/emc/global/noscrub/globalworkflow.ci/GFS_CI_ROOT/PR/2645/RUNTESTS/COMROOT/C96C48_hybatmDA_786c0ac9/gdas.20211220/18//model_data/atmos/history/gdas.t18z.atmf009.nc sigf09
+ exglobal_atmos_analysis_calc.sh[158]: [[ -f /lfs/h2/emc/global/noscrub/globalworkflow.ci/GFS_CI_ROOT/PR/2645/RUNTESTS/COMROOT/C96C48_hybatmDA_786c0ac9/gdas.20211220/18//model_data/atmos/history/gdas.t18z.atmf004.nc ]]
+ exglobal_atmos_analysis_calc.sh[158]: /bin/ln -sf /lfs/h2/emc/global/noscrub/globalworkflow.ci/GFS_CI_ROOT/PR/2645/RUNTESTS/COMROOT/C96C48_hybatmDA_786c0ac9/gdas.20211220/18//model_data/atmos/history/gdas.t18z.atmf004.nc sigf04
+ exglobal_atmos_analysis_calc.sh[159]: [[ -f /lfs/h2/emc/global/noscrub/globalworkflow.ci/GFS_CI_ROOT/PR/2645/RUNTESTS/COMROOT/C96C48_hybatmDA_786c0ac9/gdas.20211220/18//model_data/atmos/history/gdas.t18z.atmf005.nc ]]
+ exglobal_atmos_analysis_calc.sh[159]: /bin/ln -sf /lfs/h2/emc/global/noscrub/globalworkflow.ci/GFS_CI_ROOT/PR/2645/RUNTESTS/COMROOT/C96C48_hybatmDA_786c0ac9/gdas.20211220/18//model_data/atmos/history/gdas.t18z.atmf005.nc sigf05
+ exglobal_atmos_analysis_calc.sh[160]: [[ -f /lfs/h2/emc/global/noscrub/globalworkflow.ci/GFS_CI_ROOT/PR/2645/RUNTESTS/COMROOT/C96C48_hybatmDA_786c0ac9/gdas.20211220/18//model_data/atmos/history/gdas.t18z.atmf007.nc ]]
+ exglobal_atmos_analysis_calc.sh[160]: /bin/ln -sf /lfs/h2/emc/global/noscrub/globalworkflow.ci/GFS_CI_ROOT/PR/2645/RUNTESTS/COMROOT/C96C48_hybatmDA_786c0ac9/gdas.20211220/18//model_data/atmos/history/gdas.t18z.atmf007.nc sigf07
+ exglobal_atmos_analysis_calc.sh[161]: [[ -f /lfs/h2/emc/global/noscrub/globalworkflow.ci/GFS_CI_ROOT/PR/2645/RUNTESTS/COMROOT/C96C48_hybatmDA_786c0ac9/gdas.20211220/18//model_data/atmos/history/gdas.t18z.atmf008.nc ]]
+ exglobal_atmos_analysis_calc.sh[161]: /bin/ln -sf /lfs/h2/emc/global/noscrub/globalworkflow.ci/GFS_CI_ROOT/PR/2645/RUNTESTS/COMROOT/C96C48_hybatmDA_786c0ac9/gdas.20211220/18//model_data/atmos/history/gdas.t18z.atmf008.nc sigf08
+ exglobal_atmos_analysis_calc.sh[164]: '[' -f /lfs/h2/emc/global/noscrub/globalworkflow.ci/GFS_CI_ROOT/PR/2645/RUNTESTS/COMROOT/C96C48_hybatmDA_786c0ac9/gdas.20211220/18//model_data/atmos/history/gdas.t18z.atmf004.nc -a -f /lfs/h2/emc/global/noscrub/globalworkflow.ci/GFS_CI_ROOT/PR/2645/RUNTESTS/COMROOT/C96C48_hybatmDA_786c0ac9/gdas.20211220/18//model_data/atmos/history/gdas.t18z.atmf005.nc -a -f /lfs/h2/emc/global/noscrub/globalworkflow.ci/GFS_CI_ROOT/PR/2645/RUNTESTS/COMROOT/C96C48_hybatmDA_786c0ac9/gdas.20211220/18//model_data/atmos/history/gdas.t18z.atmf007.nc -a -f /lfs/h2/emc/global/noscrub/globalworkflow.ci/GFS_CI_ROOT/PR/2645/RUNTESTS/COMROOT/C96C48_hybatmDA_786c0ac9/gdas.20211220/18//model_data/atmos/history/gdas.t18z.atmf008.nc ']'
+ exglobal_atmos_analysis_calc.sh[165]: nhr_obsbin=1
+ exglobal_atmos_analysis_calc.sh[168]: /lfs/h2/emc/global/noscrub/globalworkflow.ci/GFS_CI_ROOT/PR/2645/global-workflow/ush/calcanl_gfs.py
{'__name__': '__main__', '__doc__': None, '__package__': None, '__loader__': <_frozen_importlib_external.SourceFileLoader object at 0x14a9bdafdf70>, '__spec__': None, '__annotations__': {}, '__builtins__': <module 'builtins' (built-in)>, '__file__': '/lfs/h2/emc/global/noscrub/globalworkflow.ci/GFS_CI_ROOT/PR/2645/global-workflow/ush/calcanl_gfs.py', '__cached__': None, 'os': <module 'os' from '/apps/spack/python/3.8.6/intel/19.1.3.304/pjn2nzkjvqgmjw4hmyz43v5x4jbxjzpk/lib/python3.8/os.py'>, 'shutil': <module 'shutil' from '/apps/spack/python/3.8.6/intel/19.1.3.304/pjn2nzkjvqgmjw4hmyz43v5x4jbxjzpk/lib/python3.8/shutil.py'>, 'subprocess': <module 'subprocess' from '/apps/spack/python/3.8.6/intel/19.1.3.304/pjn2nzkjvqgmjw4hmyz43v5x4jbxjzpk/lib/python3.8/subprocess.py'>, 'sys': <module 'sys' (built-in)>, 'gsi_utils': <module 'gsi_utils' from '/lfs/h2/emc/global/noscrub/globalworkflow.ci/GFS_CI_ROOT/PR/2645/global-workflow/ush/gsi_utils.py'>, 'OrderedDict': <class 'collections.OrderedDict'>, 'datetime': <module 'datetime' from '/apps/spack/python/3.8.6/intel/19.1.3.304/pjn2nzkjvqgmjw4hmyz43v5x4jbxjzpk/lib/python3.8/datetime.py'>, 'python2fortran_bool': {True: '.true.', False: '.false.'}, 'calcanl_gfs': <function calcanl_gfs at 0x14a9bda25ca0>, 'DoIAU': True, 'l4DEnsVar': True, 'Write4Danl': True, 'ComIn_Ges': '/lfs/h2/emc/global/noscrub/globalworkflow.ci/GFS_CI_ROOT/PR/2645/RUNTESTS/COMROOT/C96C48_hybatmDA_786c0ac9/gdas.20211220/18//model_data/atmos/history', 'GPrefix': 'gdas.t18z.', 'ComOut': '/lfs/h2/emc/global/noscrub/globalworkflow.ci/GFS_CI_ROOT/PR/2645/RUNTESTS/COMROOT/C96C48_hybatmDA_786c0ac9/gfs.20211221/00//analysis/atmos', 'APrefix': 'gfs.t00z.', 'NThreads': '12', 'FixDir': '/lfs/h2/emc/global/noscrub/globalworkflow.ci/GFS_CI_ROOT/PR/2645/global-workflow/fix/am', 'atmges_ens_mean': './atmges_ensmean', 'RunDir': '/lfs/h2/emc/stmp/terry.mcguinness/RUNDIRS/C96C48_hybatmDA_786c0ac9/analcalc.63274', 'ExecCMD': '', 'ExecCMDMPI': 'mpiexec -l $ncmd', 'ExecAnl': '/lfs/h2/emc/global/noscrub/globalworkflow.ci/GFS_CI_ROOT/PR/2645/global-workflow/exec/calc_analysis.x', 'ExecChgresInc': '/lfs/h2/emc/global/noscrub/globalworkflow.ci/GFS_CI_ROOT/PR/2645/global-workflow/exec/interp_inc.x', 'NEMSGet': 'nemsio_get', 'IAUHrs': [3, 6, 9], 'Cdump': 'gfs', 'JEDI': False}
calcanl_gfs beginning at:  2024-06-01 21:03:26.425296
mkdir -p /lfs/h2/emc/stmp/terry.mcguinness/RUNDIRS/C96C48_hybatmDA_786c0ac9/analcalc.63274/calcanl_03
mkdir -p /lfs/h2/emc/stmp/terry.mcguinness/RUNDIRS/C96C48_hybatmDA_786c0ac9/analcalc.63274/calcanl_06
ln -s /lfs/h2/emc/global/noscrub/globalworkflow.ci/GFS_CI_ROOT/PR/2645/RUNTESTS/COMROOT/C96C48_hybatmDA_786c0ac9/gfs.20211221/00//analysis/atmos/gfs.t00z.atma003.nc /lfs/h2/emc/stmp/terry.mcguinness/RUNDIRS/C96C48_hybatmDA_786c0ac9/analcalc.63274/calcanl_06/anl.03
/lfs/h2/emc/stmp/terry.mcguinness/RUNDIRS/C96C48_hybatmDA_786c0ac9/analcalc.63274/calcanl_06/anl.03 exists, unlinking.
ln -s /lfs/h2/emc/stmp/terry.mcguinness/RUNDIRS/C96C48_hybatmDA_786c0ac9/analcalc.63274/siga03 /lfs/h2/emc/stmp/terry.mcguinness/RUNDIRS/C96C48_hybatmDA_786c0ac9/analcalc.63274/calcanl_06/anl.03
ln -s /lfs/h2/emc/stmp/terry.mcguinness/RUNDIRS/C96C48_hybatmDA_786c0ac9/analcalc.63274/sigi03.nc /lfs/h2/emc/stmp/terry.mcguinness/RUNDIRS/C96C48_hybatmDA_786c0ac9/analcalc.63274/calcanl_03/siginc.nc.03
ln -s /lfs/h2/emc/stmp/terry.mcguinness/RUNDIRS/C96C48_hybatmDA_786c0ac9/analcalc.63274/calcanl_06/inc.fullres.03 /lfs/h2/emc/stmp/terry.mcguinness/RUNDIRS/C96C48_hybatmDA_786c0ac9/analcalc.63274/calcanl_03/inc.fullres.03
ln -s /lfs/h2/emc/stmp/terry.mcguinness/RUNDIRS/C96C48_hybatmDA_786c0ac9/analcalc.63274/sigf03 /lfs/h2/emc/stmp/terry.mcguinness/RUNDIRS/C96C48_hybatmDA_786c0ac9/analcalc.63274/calcanl_06/ges.03
ln -s /lfs/h2/emc/stmp/terry.mcguinness/RUNDIRS/C96C48_hybatmDA_786c0ac9/analcalc.63274/sigf03 /lfs/h2/emc/stmp/terry.mcguinness/RUNDIRS/C96C48_hybatmDA_786c0ac9/analcalc.63274/calcanl_03/ges.03
cp /lfs/h2/emc/global/noscrub/globalworkflow.ci/GFS_CI_ROOT/PR/2645/global-workflow/exec/interp_inc.x /lfs/h2/emc/stmp/terry.mcguinness/RUNDIRS/C96C48_hybatmDA_786c0ac9/analcalc.63274/calcanl_03/chgres_inc.x
mkdir -p /lfs/h2/emc/stmp/terry.mcguinness/RUNDIRS/C96C48_hybatmDA_786c0ac9/analcalc.63274/calcanl_ensres_03
mkdir -p /lfs/h2/emc/stmp/terry.mcguinness/RUNDIRS/C96C48_hybatmDA_786c0ac9/analcalc.63274/calcanl_ensres_06
ln -s /lfs/h2/emc/global/noscrub/globalworkflow.ci/GFS_CI_ROOT/PR/2645/RUNTESTS/COMROOT/C96C48_hybatmDA_786c0ac9/gfs.20211221/00//analysis/atmos/gfs.t00z.atma003.ensres.nc /lfs/h2/emc/stmp/terry.mcguinness/RUNDIRS/C96C48_hybatmDA_786c0ac9/analcalc.63274/calcanl_ensres_06/anl.ensres.03
ln -s /lfs/h2/emc/stmp/terry.mcguinness/RUNDIRS/C96C48_hybatmDA_786c0ac9/analcalc.63274/sigi03.nc /lfs/h2/emc/stmp/terry.mcguinness/RUNDIRS/C96C48_hybatmDA_786c0ac9/analcalc.63274/calcanl_ensres_06/siginc.nc.03
ln -s /lfs/h2/emc/global/noscrub/globalworkflow.ci/GFS_CI_ROOT/PR/2645/RUNTESTS/COMROOT/C96C48_hybatmDA_786c0ac9/gdas.20211220/18//model_data/atmos/history/gdas.t18z.atmf003.ensres.nc /lfs/h2/emc/stmp/terry.mcguinness/RUNDIRS/C96C48_hybatmDA_786c0ac9/analcalc.63274/calcanl_ensres_06/ges.ensres.03
cp /lfs/h2/emc/global/noscrub/globalworkflow.ci/GFS_CI_ROOT/PR/2645/global-workflow/exec/calc_analysis.x /lfs/h2/emc/stmp/terry.mcguinness/RUNDIRS/C96C48_hybatmDA_786c0ac9/analcalc.63274/calcanl_06/calc_anl.x
ln -s /lfs/h2/emc/stmp/terry.mcguinness/RUNDIRS/C96C48_hybatmDA_786c0ac9/analcalc.63274/siginc.nc /lfs/h2/emc/stmp/terry.mcguinness/RUNDIRS/C96C48_hybatmDA_786c0ac9/analcalc.63274/calcanl_06/siginc.nc.06
ln -s /lfs/h2/emc/stmp/terry.mcguinness/RUNDIRS/C96C48_hybatmDA_786c0ac9/analcalc.63274/sigf06 /lfs/h2/emc/stmp/terry.mcguinness/RUNDIRS/C96C48_hybatmDA_786c0ac9/analcalc.63274/calcanl_06/ges.06
ln -s /lfs/h2/emc/stmp/terry.mcguinness/RUNDIRS/C96C48_hybatmDA_786c0ac9/analcalc.63274/siganl /lfs/h2/emc/stmp/terry.mcguinness/RUNDIRS/C96C48_hybatmDA_786c0ac9/analcalc.63274/calcanl_06/anl.06
cp /lfs/h2/emc/global/noscrub/globalworkflow.ci/GFS_CI_ROOT/PR/2645/global-workflow/exec/interp_inc.x /lfs/h2/emc/stmp/terry.mcguinness/RUNDIRS/C96C48_hybatmDA_786c0ac9/analcalc.63274/calcanl_06/chgres_inc.x
cp /lfs/h2/emc/global/noscrub/globalworkflow.ci/GFS_CI_ROOT/PR/2645/global-workflow/exec/calc_analysis.x /lfs/h2/emc/stmp/terry.mcguinness/RUNDIRS/C96C48_hybatmDA_786c0ac9/analcalc.63274/calcanl_ensres_06/calc_anl.x
ln -s /lfs/h2/emc/stmp/terry.mcguinness/RUNDIRS/C96C48_hybatmDA_786c0ac9/analcalc.63274/siginc.nc /lfs/h2/emc/stmp/terry.mcguinness/RUNDIRS/C96C48_hybatmDA_786c0ac9/analcalc.63274/calcanl_ensres_06/siginc.nc.06
ln -s /lfs/h2/emc/global/noscrub/globalworkflow.ci/GFS_CI_ROOT/PR/2645/RUNTESTS/COMROOT/C96C48_hybatmDA_786c0ac9/gfs.20211221/00//analysis/atmos/gfs.t00z.atmanl.ensres.nc /lfs/h2/emc/stmp/terry.mcguinness/RUNDIRS/C96C48_hybatmDA_786c0ac9/analcalc.63274/calcanl_ensres_06/anl.ensres.06
ln -s /lfs/h2/emc/global/noscrub/globalworkflow.ci/GFS_CI_ROOT/PR/2645/RUNTESTS/COMROOT/C96C48_hybatmDA_786c0ac9/gdas.20211220/18//model_data/atmos/history/gdas.t18z.atmf006.ensres.nc /lfs/h2/emc/stmp/terry.mcguinness/RUNDIRS/C96C48_hybatmDA_786c0ac9/analcalc.63274/calcanl_ensres_06/ges.ensres.06
ln -s /lfs/h2/emc/stmp/terry.mcguinness/RUNDIRS/C96C48_hybatmDA_786c0ac9/analcalc.63274/sigf06 /lfs/h2/emc/stmp/terry.mcguinness/RUNDIRS/C96C48_hybatmDA_786c0ac9/analcalc.63274/calcanl_ensres_06/ges.06
mkdir -p /lfs/h2/emc/stmp/terry.mcguinness/RUNDIRS/C96C48_hybatmDA_786c0ac9/analcalc.63274/calcanl_09
ln -s /lfs/h2/emc/global/noscrub/globalworkflow.ci/GFS_CI_ROOT/PR/2645/RUNTESTS/COMROOT/C96C48_hybatmDA_786c0ac9/gfs.20211221/00//analysis/atmos/gfs.t00z.atma009.nc /lfs/h2/emc/stmp/terry.mcguinness/RUNDIRS/C96C48_hybatmDA_786c0ac9/analcalc.63274/calcanl_06/anl.09
/lfs/h2/emc/stmp/terry.mcguinness/RUNDIRS/C96C48_hybatmDA_786c0ac9/analcalc.63274/calcanl_06/anl.09 exists, unlinking.
ln -s /lfs/h2/emc/stmp/terry.mcguinness/RUNDIRS/C96C48_hybatmDA_786c0ac9/analcalc.63274/siga09 /lfs/h2/emc/stmp/terry.mcguinness/RUNDIRS/C96C48_hybatmDA_786c0ac9/analcalc.63274/calcanl_06/anl.09
ln -s /lfs/h2/emc/stmp/terry.mcguinness/RUNDIRS/C96C48_hybatmDA_786c0ac9/analcalc.63274/sigi09.nc /lfs/h2/emc/stmp/terry.mcguinness/RUNDIRS/C96C48_hybatmDA_786c0ac9/analcalc.63274/calcanl_09/siginc.nc.09
ln -s /lfs/h2/emc/stmp/terry.mcguinness/RUNDIRS/C96C48_hybatmDA_786c0ac9/analcalc.63274/calcanl_06/inc.fullres.09 /lfs/h2/emc/stmp/terry.mcguinness/RUNDIRS/C96C48_hybatmDA_786c0ac9/analcalc.63274/calcanl_09/inc.fullres.09
ln -s /lfs/h2/emc/stmp/terry.mcguinness/RUNDIRS/C96C48_hybatmDA_786c0ac9/analcalc.63274/sigf09 /lfs/h2/emc/stmp/terry.mcguinness/RUNDIRS/C96C48_hybatmDA_786c0ac9/analcalc.63274/calcanl_06/ges.09
ln -s /lfs/h2/emc/stmp/terry.mcguinness/RUNDIRS/C96C48_hybatmDA_786c0ac9/analcalc.63274/sigf09 /lfs/h2/emc/stmp/terry.mcguinness/RUNDIRS/C96C48_hybatmDA_786c0ac9/analcalc.63274/calcanl_09/ges.09
cp /lfs/h2/emc/global/noscrub/globalworkflow.ci/GFS_CI_ROOT/PR/2645/global-workflow/exec/interp_inc.x /lfs/h2/emc/stmp/terry.mcguinness/RUNDIRS/C96C48_hybatmDA_786c0ac9/analcalc.63274/calcanl_09/chgres_inc.x
mkdir -p /lfs/h2/emc/stmp/terry.mcguinness/RUNDIRS/C96C48_hybatmDA_786c0ac9/analcalc.63274/calcanl_ensres_09
ln -s /lfs/h2/emc/global/noscrub/globalworkflow.ci/GFS_CI_ROOT/PR/2645/RUNTESTS/COMROOT/C96C48_hybatmDA_786c0ac9/gfs.20211221/00//analysis/atmos/gfs.t00z.atma009.ensres.nc /lfs/h2/emc/stmp/terry.mcguinness/RUNDIRS/C96C48_hybatmDA_786c0ac9/analcalc.63274/calcanl_ensres_06/anl.ensres.09
ln -s /lfs/h2/emc/stmp/terry.mcguinness/RUNDIRS/C96C48_hybatmDA_786c0ac9/analcalc.63274/sigi09.nc /lfs/h2/emc/stmp/terry.mcguinness/RUNDIRS/C96C48_hybatmDA_786c0ac9/analcalc.63274/calcanl_ensres_06/siginc.nc.09
ln -s /lfs/h2/emc/global/noscrub/globalworkflow.ci/GFS_CI_ROOT/PR/2645/RUNTESTS/COMROOT/C96C48_hybatmDA_786c0ac9/gdas.20211220/18//model_data/atmos/history/gdas.t18z.atmf009.ensres.nc /lfs/h2/emc/stmp/terry.mcguinness/RUNDIRS/C96C48_hybatmDA_786c0ac9/analcalc.63274/calcanl_ensres_06/ges.ensres.09
will process increment file: /lfs/h2/emc/stmp/terry.mcguinness/RUNDIRS/C96C48_hybatmDA_786c0ac9/analcalc.63274/calcanl_03/siginc.nc.03
will process increment file: /lfs/h2/emc/stmp/terry.mcguinness/RUNDIRS/C96C48_hybatmDA_786c0ac9/analcalc.63274/calcanl_06/siginc.nc.06
will process increment file: /lfs/h2/emc/stmp/terry.mcguinness/RUNDIRS/C96C48_hybatmDA_786c0ac9/analcalc.63274/calcanl_09/siginc.nc.09
nhosts,tasks= 1 127
Interpolating increment for f003
interp_inc 3 OrderedDict([('setup', {'lon_out': 384, 'lat_out': 192, 'lev': 127, 'infile': "'siginc.nc.03'", 'outfile': "'inc.fullres.03'"})])
Traceback (most recent call last):
  File "/lfs/h2/emc/global/noscrub/globalworkflow.ci/GFS_CI_ROOT/PR/2645/global-workflow/ush/calcanl_gfs.py", line 366, in <module>
    calcanl_gfs(DoIAU, l4DEnsVar, Write4Danl, ComOut, APrefix,
  File "/lfs/h2/emc/global/noscrub/globalworkflow.ci/GFS_CI_ROOT/PR/2645/global-workflow/ush/calcanl_gfs.py", line 256, in calcanl_gfs
    job = subprocess.Popen(ExecCMDMPI10_host + ' ' + CalcAnlDir + '/chgres_inc.x', shell=True, cwd=CalcAnlDir)
NameError: name 'ExecCMDMPI10_host' is not defined
+ exglobal_atmos_analysis_calc.sh[1]: postamble exglobal_atmos_analysis_calc.sh 1717275805 1
+ preamble.sh[70]: set +x
End exglobal_atmos_analysis_calc.sh at 21:03:26 with error code 1 (time elapsed: 00:00:01)
+ JGLOBAL_ATMOS_ANALYSIS_CALC[1]: postamble JGLOBAL_ATMOS_ANALYSIS_CALC 1717275801 1
+ preamble.sh[70]: set +x
End JGLOBAL_ATMOS_ANALYSIS_CALC at 21:03:26 with error code 1 (time elapsed: 00:00:05)
+ analcalc.sh[1]: postamble analcalc.sh 1717275800 1
+ preamble.sh[70]: set +x
End analcalc.sh at 21:03:27 with error code 1 (time elapsed: 00:00:07)
PBS: Running epilogue on parent mom node: nid002204...
##### Job 133975530.cbqs01 - PBS Job Script:
(Note: Duplicate #PBS entries are a function how PBS interprets and caches the original job script.)

#! /bin/sh
#PBS -N C96C48_hybatmDA_786c0ac9_gfsanalcalc_00
#PBS -A GFS-DEV
#PBS -q dev
#PBS -l walltime=00:10:00
#PBS -l select=1:mpiprocs=128:ompthreads=1:ncpus=128:mem=48GB
#PBS -j oe -o /lfs/h2/emc/global/noscrub/globalworkflow.ci/GFS_CI_ROOT/PR/2645/RUNTESTS/COMROOT/C96C48_hybatmDA_786c0ac9/logs/2021122100/gfsanalcalc.log
#PBS -l place=vscatter:exclhost
export RUN_ENVIR='emc'
export HOMEgfs='/lfs/h2/emc/global/noscrub/globalworkflow.ci/GFS_CI_ROOT/PR/2645/global-workflow'
export EXPDIR='/lfs/h2/emc/global/noscrub/globalworkflow.ci/GFS_CI_ROOT/PR/2645/RUNTESTS/EXPDIR/C96C48_hybatmDA_786c0ac9'
export NET='gfs'
export CDUMP='gfs'
export RUN='gfs'
export CDATE='2021122100'
export PDY='20211221'
export cyc='00'
export COMROOT='/lfs/h2/emc/global/noscrub/globalworkflow.ci/GFS_CI_ROOT/PR/2645/RUNTESTS/COMROOT'
export DATAROOT='/lfs/h2/emc/stmp/terry.mcguinness/RUNDIRS/C96C48_hybatmDA_786c0ac9'
set -x
/lfs/h2/emc/global/noscrub/globalworkflow.ci/GFS_CI_ROOT/PR/2645/global-workflow/jobs/rocoto/analcalc.sh
##### End of job script
------------------------------------------------------------------

