PBS: Running prologue on parent mom node: nid002052...
Job 146512335.cbqs01 nodelist: nid002052
+ /lfs/h2/emc/global/noscrub/globalworkflow.ci/GFS_CI_ROOT/PR/2804/global-workflow/jobs/rocoto/gempakgrb2spec.sh
Begin gempakgrb2spec.sh at Fri Aug  2 17:40:20 UTC 2024
+ gempakgrb2spec.sh[4]: source /lfs/h2/emc/global/noscrub/globalworkflow.ci/GFS_CI_ROOT/PR/2804/global-workflow/ush/load_fv3gfs_modules.sh
++ load_fv3gfs_modules.sh[4]: [[ NO == \N\O ]]
++ load_fv3gfs_modules.sh[5]: echo 'Loading modules quietly...'
Loading modules quietly...
++ load_fv3gfs_modules.sh[6]: set +x
Resetting modules to system default. Reseting $MODULEPATH back to system default. All extra directories will be removed from $MODULEPATH.

Currently Loaded Modules:
  1) craype-x86-rome     (H)  13) perl/5.32.0        25) met/9.1.3
  2) libfabric/1.11.0.0. (H)  14) libjpeg/9c         26) metplus/3.1.1
  3) craype-network-ofi  (H)  15) udunits/2.2.28     27) prepobs/1.0.2
  4) envvar/1.0               16) gsl/2.7            28) fit2obs/1.1.2
  5) PrgEnv-intel/8.1.0       17) cdo/1.9.8          29) mos_shared/2.7.2
  6) craype/2.7.13            18) hdf5/1.10.6        30) module_base.wcoss2
  7) intel/19.1.3.304         19) netcdf/4.7.4       31) grib_util/1.2.3
  8) cray-mpich/8.1.9         20) nco/4.7.9          32) g2tmpl/1.10.2
  9) cray-pals/1.0.17         21) prod_util/2.0.9    33) crtm/2.4.0.1
 10) cfp/2.0.4                22) bufr_dump/1.0.0    34) wgrib2/2.0.8
 11) python/3.8.6             23) util_shared/1.4.0
 12) gempak/7.14.1            24) ncdiag/1.0.0

  Where:
   H:  Hidden Module

 

+ gempakgrb2spec.sh[5]: status=0
+ gempakgrb2spec.sh[6]: ((  status != 0  ))
+ gempakgrb2spec.sh[8]: export job=gempakpgrb2spec
+ gempakgrb2spec.sh[8]: job=gempakpgrb2spec
+ gempakgrb2spec.sh[9]: export jobid=gempakpgrb2spec.142866
+ gempakgrb2spec.sh[9]: jobid=gempakpgrb2spec.142866
+ gempakgrb2spec.sh[13]: /lfs/h2/emc/global/noscrub/globalworkflow.ci/GFS_CI_ROOT/PR/2804/global-workflow/jobs/JGFS_ATMOS_GEMPAK_PGRB2_SPEC
Begin JGFS_ATMOS_GEMPAK_PGRB2_SPEC at Fri Aug  2 17:40:22 UTC 2024
+ JGFS_ATMOS_GEMPAK_PGRB2_SPEC[4]: source /lfs/h2/emc/global/noscrub/globalworkflow.ci/GFS_CI_ROOT/PR/2804/global-workflow/ush/jjob_header.sh -e gempak_spec -c base
++ jjob_header.sh[44]: OPTIND=1
++ jjob_header.sh[45]: getopts c:e: option
++ jjob_header.sh[46]: case "${option}" in
++ jjob_header.sh[48]: env_job=gempak_spec
++ jjob_header.sh[45]: getopts c:e: option
++ jjob_header.sh[46]: case "${option}" in
++ jjob_header.sh[47]: read -ra configs
++ jjob_header.sh[45]: getopts c:e: option
++ jjob_header.sh[59]: shift 4
++ jjob_header.sh[61]: [[ -z gempak_spec ]]
++ jjob_header.sh[69]: export DATA=/lfs/h2/emc/stmp/terry.mcguinness/RUNDIRS/C96_atm3DVar_extended_b738c51d/gempakpgrb2spec.142866
++ jjob_header.sh[69]: DATA=/lfs/h2/emc/stmp/terry.mcguinness/RUNDIRS/C96_atm3DVar_extended_b738c51d/gempakpgrb2spec.142866
++ jjob_header.sh[70]: [[ YES == \Y\E\S ]]
++ jjob_header.sh[71]: rm -rf /lfs/h2/emc/stmp/terry.mcguinness/RUNDIRS/C96_atm3DVar_extended_b738c51d/gempakpgrb2spec.142866
++ jjob_header.sh[73]: mkdir -p /lfs/h2/emc/stmp/terry.mcguinness/RUNDIRS/C96_atm3DVar_extended_b738c51d/gempakpgrb2spec.142866
++ jjob_header.sh[74]: cd /lfs/h2/emc/stmp/terry.mcguinness/RUNDIRS/C96_atm3DVar_extended_b738c51d/gempakpgrb2spec.142866
++ jjob_header.sh[80]: export cycle=t00z
++ jjob_header.sh[80]: cycle=t00z
++ jjob_header.sh[81]: setpdy.sh
 completed cleanly
 completed cleanly
Source PDY script to export PDYm7, ..., PDY, ..., PDYp7 variables.
++ jjob_header.sh[82]: source ./PDY
+++ PDY[1]: export PDYm7=20211214
+++ PDY[1]: PDYm7=20211214
+++ PDY[2]: export PDYm6=20211215
+++ PDY[2]: PDYm6=20211215
+++ PDY[3]: export PDYm5=20211216
+++ PDY[3]: PDYm5=20211216
+++ PDY[4]: export PDYm4=20211217
+++ PDY[4]: PDYm4=20211217
+++ PDY[5]: export PDYm3=20211218
+++ PDY[5]: PDYm3=20211218
+++ PDY[6]: export PDYm2=20211219
+++ PDY[6]: PDYm2=20211219
+++ PDY[7]: export PDYm1=20211220
+++ PDY[7]: PDYm1=20211220
+++ PDY[8]: export PDY=20211221
+++ PDY[8]: PDY=20211221
+++ PDY[9]: export PDYp1=20211222
+++ PDY[9]: PDYp1=20211222
+++ PDY[10]: export PDYp2=20211223
+++ PDY[10]: PDYp2=20211223
+++ PDY[11]: export PDYp3=20211224
+++ PDY[11]: PDYp3=20211224
+++ PDY[12]: export PDYp4=20211225
+++ PDY[12]: PDYp4=20211225
+++ PDY[13]: export PDYp5=20211226
+++ PDY[13]: PDYp5=20211226
+++ PDY[14]: export PDYp6=20211227
+++ PDY[14]: PDYp6=20211227
+++ PDY[15]: export PDYp7=20211228
+++ PDY[15]: PDYp7=20211228
++ jjob_header.sh[88]: export pid=143306
++ jjob_header.sh[88]: pid=143306
++ jjob_header.sh[89]: export pgmout=OUTPUT.143306
++ jjob_header.sh[89]: pgmout=OUTPUT.143306
++ jjob_header.sh[90]: export pgmerr=errfile
++ jjob_header.sh[90]: pgmerr=errfile
++ jjob_header.sh[96]: export EXPDIR=/lfs/h2/emc/global/noscrub/globalworkflow.ci/GFS_CI_ROOT/PR/2804/RUNTESTS/EXPDIR/C96_atm3DVar_extended_b738c51d
++ jjob_header.sh[96]: EXPDIR=/lfs/h2/emc/global/noscrub/globalworkflow.ci/GFS_CI_ROOT/PR/2804/RUNTESTS/EXPDIR/C96_atm3DVar_extended_b738c51d
++ jjob_header.sh[97]: for config in "${configs[@]:-''}"
++ jjob_header.sh[98]: source /lfs/h2/emc/global/noscrub/globalworkflow.ci/GFS_CI_ROOT/PR/2804/RUNTESTS/EXPDIR/C96_atm3DVar_extended_b738c51d/config.base
+++ config.base[6]: echo 'BEGIN: config.base'
BEGIN: config.base
+++ config.base[9]: export machine=WCOSS2
+++ config.base[9]: machine=WCOSS2
+++ config.base[12]: export RUN_ENVIR=emc
+++ config.base[12]: RUN_ENVIR=emc
+++ config.base[15]: export ACCOUNT=GFS-DEV
+++ config.base[15]: ACCOUNT=GFS-DEV
+++ config.base[16]: export QUEUE=dev
+++ config.base[16]: QUEUE=dev
+++ config.base[17]: export QUEUE_SERVICE=dev_transfer
+++ config.base[17]: QUEUE_SERVICE=dev_transfer
+++ config.base[18]: export PARTITION_BATCH=
+++ config.base[18]: PARTITION_BATCH=
+++ config.base[19]: export PARTITION_SERVICE=
+++ config.base[19]: PARTITION_SERVICE=
+++ config.base[20]: export RESERVATION=
+++ config.base[20]: RESERVATION=
+++ config.base[21]: export CLUSTERS=
+++ config.base[21]: CLUSTERS=
+++ config.base[24]: export HPSS_PROJECT=emc-global
+++ config.base[24]: HPSS_PROJECT=emc-global
+++ config.base[27]: export HOMEgfs=/lfs/h2/emc/global/noscrub/globalworkflow.ci/GFS_CI_ROOT/PR/2804/global-workflow
+++ config.base[27]: HOMEgfs=/lfs/h2/emc/global/noscrub/globalworkflow.ci/GFS_CI_ROOT/PR/2804/global-workflow
+++ config.base[28]: export EXECgfs=/lfs/h2/emc/global/noscrub/globalworkflow.ci/GFS_CI_ROOT/PR/2804/global-workflow/exec
+++ config.base[28]: EXECgfs=/lfs/h2/emc/global/noscrub/globalworkflow.ci/GFS_CI_ROOT/PR/2804/global-workflow/exec
+++ config.base[29]: export FIXgfs=/lfs/h2/emc/global/noscrub/globalworkflow.ci/GFS_CI_ROOT/PR/2804/global-workflow/fix
+++ config.base[29]: FIXgfs=/lfs/h2/emc/global/noscrub/globalworkflow.ci/GFS_CI_ROOT/PR/2804/global-workflow/fix
+++ config.base[30]: export PARMgfs=/lfs/h2/emc/global/noscrub/globalworkflow.ci/GFS_CI_ROOT/PR/2804/global-workflow/parm
+++ config.base[30]: PARMgfs=/lfs/h2/emc/global/noscrub/globalworkflow.ci/GFS_CI_ROOT/PR/2804/global-workflow/parm
+++ config.base[31]: export SCRgfs=/lfs/h2/emc/global/noscrub/globalworkflow.ci/GFS_CI_ROOT/PR/2804/global-workflow/scripts
+++ config.base[31]: SCRgfs=/lfs/h2/emc/global/noscrub/globalworkflow.ci/GFS_CI_ROOT/PR/2804/global-workflow/scripts
+++ config.base[32]: export USHgfs=/lfs/h2/emc/global/noscrub/globalworkflow.ci/GFS_CI_ROOT/PR/2804/global-workflow/ush
+++ config.base[32]: USHgfs=/lfs/h2/emc/global/noscrub/globalworkflow.ci/GFS_CI_ROOT/PR/2804/global-workflow/ush
+++ config.base[34]: export FIXam=/lfs/h2/emc/global/noscrub/globalworkflow.ci/GFS_CI_ROOT/PR/2804/global-workflow/fix/am
+++ config.base[34]: FIXam=/lfs/h2/emc/global/noscrub/globalworkflow.ci/GFS_CI_ROOT/PR/2804/global-workflow/fix/am
+++ config.base[35]: export FIXaer=/lfs/h2/emc/global/noscrub/globalworkflow.ci/GFS_CI_ROOT/PR/2804/global-workflow/fix/aer
+++ config.base[35]: FIXaer=/lfs/h2/emc/global/noscrub/globalworkflow.ci/GFS_CI_ROOT/PR/2804/global-workflow/fix/aer
+++ config.base[36]: export FIXcpl=/lfs/h2/emc/global/noscrub/globalworkflow.ci/GFS_CI_ROOT/PR/2804/global-workflow/fix/cpl
+++ config.base[36]: FIXcpl=/lfs/h2/emc/global/noscrub/globalworkflow.ci/GFS_CI_ROOT/PR/2804/global-workflow/fix/cpl
+++ config.base[37]: export FIXlut=/lfs/h2/emc/global/noscrub/globalworkflow.ci/GFS_CI_ROOT/PR/2804/global-workflow/fix/lut
+++ config.base[37]: FIXlut=/lfs/h2/emc/global/noscrub/globalworkflow.ci/GFS_CI_ROOT/PR/2804/global-workflow/fix/lut
+++ config.base[38]: export FIXcice=/lfs/h2/emc/global/noscrub/globalworkflow.ci/GFS_CI_ROOT/PR/2804/global-workflow/fix/cice
+++ config.base[38]: FIXcice=/lfs/h2/emc/global/noscrub/globalworkflow.ci/GFS_CI_ROOT/PR/2804/global-workflow/fix/cice
+++ config.base[39]: export FIXmom=/lfs/h2/emc/global/noscrub/globalworkflow.ci/GFS_CI_ROOT/PR/2804/global-workflow/fix/mom6
+++ config.base[39]: FIXmom=/lfs/h2/emc/global/noscrub/globalworkflow.ci/GFS_CI_ROOT/PR/2804/global-workflow/fix/mom6
+++ config.base[40]: export FIXreg2grb2=/lfs/h2/emc/global/noscrub/globalworkflow.ci/GFS_CI_ROOT/PR/2804/global-workflow/fix/reg2grb2
+++ config.base[40]: FIXreg2grb2=/lfs/h2/emc/global/noscrub/globalworkflow.ci/GFS_CI_ROOT/PR/2804/global-workflow/fix/reg2grb2
+++ config.base[41]: export FIXgdas=/lfs/h2/emc/global/noscrub/globalworkflow.ci/GFS_CI_ROOT/PR/2804/global-workflow/fix/gdas
+++ config.base[41]: FIXgdas=/lfs/h2/emc/global/noscrub/globalworkflow.ci/GFS_CI_ROOT/PR/2804/global-workflow/fix/gdas
+++ config.base[46]: export PACKAGEROOT=/lfs/h1/ops/prod/packages
+++ config.base[46]: PACKAGEROOT=/lfs/h1/ops/prod/packages
+++ config.base[47]: export COMROOT=/lfs/h2/emc/global/noscrub/globalworkflow.ci/GFS_CI_ROOT/PR/2804/RUNTESTS/COMROOT
+++ config.base[47]: COMROOT=/lfs/h2/emc/global/noscrub/globalworkflow.ci/GFS_CI_ROOT/PR/2804/RUNTESTS/COMROOT
+++ config.base[48]: export COMINsyn=/lfs/h1/ops/prod/com/gfs/v16.3/syndat
+++ config.base[48]: COMINsyn=/lfs/h1/ops/prod/com/gfs/v16.3/syndat
+++ config.base[49]: export DMPDIR=/lfs/h2/emc/dump/noscrub/dump
+++ config.base[49]: DMPDIR=/lfs/h2/emc/dump/noscrub/dump
+++ config.base[50]: export BASE_CPLIC=/lfs/h2/emc/global/noscrub/emc.global/data/ICSDIR/prototype_ICs
+++ config.base[50]: BASE_CPLIC=/lfs/h2/emc/global/noscrub/emc.global/data/ICSDIR/prototype_ICs
+++ config.base[54]: export COMINecmwf=/lfs/h2/emc/global/noscrub/emc.global/data/external_gempak/ecmwf
+++ config.base[54]: COMINecmwf=/lfs/h2/emc/global/noscrub/emc.global/data/external_gempak/ecmwf
+++ config.base[55]: export COMINnam=/lfs/h2/emc/global/noscrub/emc.global/data/external_gempak/nam
+++ config.base[55]: COMINnam=/lfs/h2/emc/global/noscrub/emc.global/data/external_gempak/nam
+++ config.base[56]: export COMINukmet=/lfs/h2/emc/global/noscrub/emc.global/data/external_gempak/ukmet
+++ config.base[56]: COMINukmet=/lfs/h2/emc/global/noscrub/emc.global/data/external_gempak/ukmet
+++ config.base[59]: export HOMEDIR=/lfs/h2/emc/global/noscrub/terry.mcguinness
+++ config.base[59]: HOMEDIR=/lfs/h2/emc/global/noscrub/terry.mcguinness
+++ config.base[60]: export STMP=/lfs/h2/emc/stmp/terry.mcguinness
+++ config.base[60]: STMP=/lfs/h2/emc/stmp/terry.mcguinness
+++ config.base[61]: export PTMP=/lfs/h2/emc/ptmp/terry.mcguinness
+++ config.base[61]: PTMP=/lfs/h2/emc/ptmp/terry.mcguinness
+++ config.base[62]: export NOSCRUB=/lfs/h2/emc/global/noscrub/terry.mcguinness
+++ config.base[62]: NOSCRUB=/lfs/h2/emc/global/noscrub/terry.mcguinness
+++ config.base[65]: export BASE_GIT=/lfs/h2/emc/global/save/emc.global/git
+++ config.base[65]: BASE_GIT=/lfs/h2/emc/global/save/emc.global/git
+++ config.base[68]: export DO_GOES=YES
+++ config.base[68]: DO_GOES=YES
+++ config.base[69]: export DO_BUFRSND=YES
+++ config.base[69]: DO_BUFRSND=YES
+++ config.base[70]: export DO_GEMPAK=YES
+++ config.base[70]: DO_GEMPAK=YES
+++ config.base[71]: export DO_AWIPS=NO
+++ config.base[71]: DO_AWIPS=NO
+++ config.base[72]: export DO_NPOESS=YES
+++ config.base[72]: DO_NPOESS=YES
+++ config.base[73]: export DO_TRACKER=YES
+++ config.base[73]: DO_TRACKER=YES
+++ config.base[74]: export DO_GENESIS=YES
+++ config.base[74]: DO_GENESIS=YES
+++ config.base[75]: export DO_GENESIS_FSU=NO
+++ config.base[75]: DO_GENESIS_FSU=NO
+++ config.base[76]: export DO_VERFOZN=YES
+++ config.base[76]: DO_VERFOZN=YES
+++ config.base[77]: export DO_VERFRAD=YES
+++ config.base[77]: DO_VERFRAD=YES
+++ config.base[78]: export DO_VMINMON=YES
+++ config.base[78]: DO_VMINMON=YES
+++ config.base[79]: export DO_MOS=NO
+++ config.base[79]: DO_MOS=NO
+++ config.base[85]: export REALTIME=YES
+++ config.base[85]: REALTIME=YES
+++ config.base[88]: export MODE=cycled
+++ config.base[88]: MODE=cycled
+++ config.base[97]: export FIXgsi=/lfs/h2/emc/global/noscrub/globalworkflow.ci/GFS_CI_ROOT/PR/2804/global-workflow/fix/gsi
+++ config.base[97]: FIXgsi=/lfs/h2/emc/global/noscrub/globalworkflow.ci/GFS_CI_ROOT/PR/2804/global-workflow/fix/gsi
+++ config.base[98]: export HOMEpost=/lfs/h2/emc/global/noscrub/globalworkflow.ci/GFS_CI_ROOT/PR/2804/global-workflow
+++ config.base[98]: HOMEpost=/lfs/h2/emc/global/noscrub/globalworkflow.ci/GFS_CI_ROOT/PR/2804/global-workflow
+++ config.base[99]: export HOMEobsproc=/lfs/h2/emc/global/save/emc.global/git/obsproc/v1.1.2
+++ config.base[99]: HOMEobsproc=/lfs/h2/emc/global/save/emc.global/git/obsproc/v1.1.2
+++ config.base[102]: export 'NCP=/bin/cp -p'
+++ config.base[102]: NCP='/bin/cp -p'
+++ config.base[103]: export NMV=/bin/mv
+++ config.base[103]: NMV=/bin/mv
+++ config.base[104]: export 'NLN=/bin/ln -sf'
+++ config.base[104]: NLN='/bin/ln -sf'
+++ config.base[105]: export VERBOSE=YES
+++ config.base[105]: VERBOSE=YES
+++ config.base[106]: export KEEPDATA=NO
+++ config.base[106]: KEEPDATA=NO
+++ config.base[107]: export DEBUG_POSTSCRIPT=NO
+++ config.base[107]: DEBUG_POSTSCRIPT=NO
+++ config.base[108]: export CHGRP_RSTPROD=YES
+++ config.base[108]: CHGRP_RSTPROD=YES
+++ config.base[109]: export 'CHGRP_CMD=chgrp rstprod'
+++ config.base[109]: CHGRP_CMD='chgrp rstprod'
+++ config.base[110]: export NCDUMP=/apps/prod/hpc-stack/intel-19.1.3.304/cray-mpich-8.1.4/netcdf/4.7.4/bin/ncdump
+++ config.base[110]: NCDUMP=/apps/prod/hpc-stack/intel-19.1.3.304/cray-mpich-8.1.4/netcdf/4.7.4/bin/ncdump
+++ config.base[111]: export NCLEN=/lfs/h2/emc/global/noscrub/globalworkflow.ci/GFS_CI_ROOT/PR/2804/global-workflow/ush/getncdimlen
+++ config.base[111]: NCLEN=/lfs/h2/emc/global/noscrub/globalworkflow.ci/GFS_CI_ROOT/PR/2804/global-workflow/ush/getncdimlen
+++ config.base[114]: export BASE_ENV=/lfs/h2/emc/global/noscrub/globalworkflow.ci/GFS_CI_ROOT/PR/2804/global-workflow/env
+++ config.base[114]: BASE_ENV=/lfs/h2/emc/global/noscrub/globalworkflow.ci/GFS_CI_ROOT/PR/2804/global-workflow/env
+++ config.base[115]: export BASE_JOB=/lfs/h2/emc/global/noscrub/globalworkflow.ci/GFS_CI_ROOT/PR/2804/global-workflow/jobs/rocoto
+++ config.base[115]: BASE_JOB=/lfs/h2/emc/global/noscrub/globalworkflow.ci/GFS_CI_ROOT/PR/2804/global-workflow/jobs/rocoto
+++ config.base[118]: export SDATE=2021122018
+++ config.base[118]: SDATE=2021122018
+++ config.base[119]: export EDATE=2021122118
+++ config.base[119]: EDATE=2021122118
+++ config.base[120]: export EXP_WARM_START=.false.
+++ config.base[120]: EXP_WARM_START=.false.
+++ config.base[121]: export assim_freq=6
+++ config.base[121]: assim_freq=6
+++ config.base[122]: export PSLOT=C96_atm3DVar_extended_b738c51d
+++ config.base[122]: PSLOT=C96_atm3DVar_extended_b738c51d
+++ config.base[123]: export EXPDIR=/lfs/h2/emc/global/noscrub/globalworkflow.ci/GFS_CI_ROOT/PR/2804/RUNTESTS/EXPDIR/C96_atm3DVar_extended_b738c51d
+++ config.base[123]: EXPDIR=/lfs/h2/emc/global/noscrub/globalworkflow.ci/GFS_CI_ROOT/PR/2804/RUNTESTS/EXPDIR/C96_atm3DVar_extended_b738c51d
+++ config.base[124]: export ROTDIR=/lfs/h2/emc/global/noscrub/globalworkflow.ci/GFS_CI_ROOT/PR/2804/RUNTESTS/COMROOT/C96_atm3DVar_extended_b738c51d
+++ config.base[124]: ROTDIR=/lfs/h2/emc/global/noscrub/globalworkflow.ci/GFS_CI_ROOT/PR/2804/RUNTESTS/COMROOT/C96_atm3DVar_extended_b738c51d
+++ config.base[125]: export ROTDIR_DUMP=YES
+++ config.base[125]: ROTDIR_DUMP=YES
+++ config.base[126]: export DUMP_SUFFIX=
+++ config.base[126]: DUMP_SUFFIX=
+++ config.base[127]: [[ 2021122100 -ge 2019092100 ]]
+++ config.base[127]: [[ 2021122100 -le 2019110700 ]]
+++ config.base[130]: export DATAROOT=/lfs/h2/emc/stmp/terry.mcguinness/RUNDIRS/C96_atm3DVar_extended_b738c51d
+++ config.base[130]: DATAROOT=/lfs/h2/emc/stmp/terry.mcguinness/RUNDIRS/C96_atm3DVar_extended_b738c51d
+++ config.base[131]: export ARCDIR=/lfs/h2/emc/global/noscrub/terry.mcguinness/archive/C96_atm3DVar_extended_b738c51d
+++ config.base[131]: ARCDIR=/lfs/h2/emc/global/noscrub/terry.mcguinness/archive/C96_atm3DVar_extended_b738c51d
+++ config.base[132]: export ATARDIR=/NCEPDEV/emc-global/1year/terry.mcguinness/WCOSS2/scratch/C96_atm3DVar_extended_b738c51d
+++ config.base[132]: ATARDIR=/NCEPDEV/emc-global/1year/terry.mcguinness/WCOSS2/scratch/C96_atm3DVar_extended_b738c51d
+++ config.base[135]: export envir=prod
+++ config.base[135]: envir=prod
+++ config.base[136]: export NET=gfs
+++ config.base[136]: NET=gfs
+++ config.base[137]: export RUN=gfs
+++ config.base[137]: RUN=gfs
+++ config.base[140]: source /lfs/h2/emc/global/noscrub/globalworkflow.ci/GFS_CI_ROOT/PR/2804/RUNTESTS/EXPDIR/C96_atm3DVar_extended_b738c51d/config.com
++++ config.com[4]: echo 'BEGIN: config.com'
BEGIN: config.com
++++ config.com[37]: [[ emc == \n\c\o ]]
++++ config.com[41]: COM_OBS_TMPL='${ROTDIR}/${RUN}.${YMD}/${HH}/obs'
++++ config.com[42]: COM_RTOFS_TMPL='${DMPDIR}'
++++ config.com[44]: declare -rx COM_OBS_TMPL COM_RTOFS_TMPL
++++ config.com[45]: declare -rx 'COM_OBSDMP_TMPL=${DMPDIR}/${DUMP}${DUMP_SUFFIX}.${YMD}/${HH}/atmos'
++++ config.com[47]: COM_BASE='${ROTDIR}/${RUN}.${YMD}/${HH}/${MEMDIR}'
++++ config.com[49]: declare -rx 'COM_TOP_TMPL=${ROTDIR}/${RUN}.${YMD}/${HH}'
++++ config.com[51]: declare -rx 'COM_CONF_TMPL=${ROTDIR}/${RUN}.${YMD}/${HH}/${MEMDIR}/conf'
++++ config.com[52]: declare -rx 'COM_OBS_JEDI=${ROTDIR}/${RUN}.${YMD}/${HH}/${MEMDIR}/obs_jedi'
++++ config.com[54]: declare -rx 'COM_ATMOS_INPUT_TMPL=${ROTDIR}/${RUN}.${YMD}/${HH}/${MEMDIR}/model_data/atmos/input'
++++ config.com[55]: declare -rx 'COM_ATMOS_RESTART_TMPL=${ROTDIR}/${RUN}.${YMD}/${HH}/${MEMDIR}/model_data/atmos/restart'
++++ config.com[56]: declare -rx 'COM_ATMOS_ANALYSIS_TMPL=${ROTDIR}/${RUN}.${YMD}/${HH}/${MEMDIR}/analysis/atmos'
++++ config.com[57]: declare -rx 'COM_SNOW_ANALYSIS_TMPL=${ROTDIR}/${RUN}.${YMD}/${HH}/${MEMDIR}/analysis/snow'
++++ config.com[58]: declare -rx 'COM_ATMOS_HISTORY_TMPL=${ROTDIR}/${RUN}.${YMD}/${HH}/${MEMDIR}/model_data/atmos/history'
++++ config.com[59]: declare -rx 'COM_ATMOS_MASTER_TMPL=${ROTDIR}/${RUN}.${YMD}/${HH}/${MEMDIR}/model_data/atmos/master'
++++ config.com[60]: declare -rx 'COM_ATMOS_GRIB_TMPL=${ROTDIR}/${RUN}.${YMD}/${HH}/${MEMDIR}/products/atmos/grib2'
++++ config.com[61]: declare -rx 'COM_ATMOS_GRIB_GRID_TMPL=${ROTDIR}/${RUN}.${YMD}/${HH}/${MEMDIR}/products/atmos/grib2/${GRID}'
++++ config.com[62]: declare -rx 'COM_ATMOS_BUFR_TMPL=${ROTDIR}/${RUN}.${YMD}/${HH}/${MEMDIR}/products/atmos/bufr'
++++ config.com[63]: declare -rx 'COM_ATMOS_GEMPAK_TMPL=${ROTDIR}/${RUN}.${YMD}/${HH}/${MEMDIR}/products/atmos/gempak/${GRID}'
++++ config.com[64]: declare -rx 'COM_ATMOS_GENESIS_TMPL=${ROTDIR}/${RUN}.${YMD}/${HH}/${MEMDIR}/products/atmos/cyclone/genesis_vital'
++++ config.com[65]: declare -rx 'COM_ATMOS_TRACK_TMPL=${ROTDIR}/${RUN}.${YMD}/${HH}/${MEMDIR}/products/atmos/cyclone/tracks'
++++ config.com[66]: declare -rx 'COM_ATMOS_GOES_TMPL=${ROTDIR}/${RUN}.${YMD}/${HH}/${MEMDIR}/products/atmos/goes_sim'
++++ config.com[67]: declare -rx 'COM_ATMOS_IMAGERY_TMPL=${ROTDIR}/${RUN}.${YMD}/${HH}/${MEMDIR}/products/atmos/imagery'
++++ config.com[68]: declare -rx 'COM_ATMOS_OZNMON_TMPL=${ROTDIR}/${RUN}.${YMD}/${HH}/${MEMDIR}/products/atmos/oznmon'
++++ config.com[69]: declare -rx 'COM_ATMOS_RADMON_TMPL=${ROTDIR}/${RUN}.${YMD}/${HH}/${MEMDIR}/products/atmos/radmon'
++++ config.com[70]: declare -rx 'COM_ATMOS_MINMON_TMPL=${ROTDIR}/${RUN}.${YMD}/${HH}/${MEMDIR}/products/atmos/minmon'
++++ config.com[71]: declare -rx 'COM_ATMOS_WMO_TMPL=${ROTDIR}/${RUN}.${YMD}/${HH}/${MEMDIR}/products/atmos/wmo'
++++ config.com[73]: declare -rx 'COM_WAVE_RESTART_TMPL=${ROTDIR}/${RUN}.${YMD}/${HH}/${MEMDIR}/model_data/wave/restart'
++++ config.com[74]: declare -rx 'COM_WAVE_PREP_TMPL=${ROTDIR}/${RUN}.${YMD}/${HH}/${MEMDIR}/model_data/wave/prep'
++++ config.com[75]: declare -rx 'COM_WAVE_HISTORY_TMPL=${ROTDIR}/${RUN}.${YMD}/${HH}/${MEMDIR}/model_data/wave/history'
++++ config.com[76]: declare -rx 'COM_WAVE_GRID_TMPL=${ROTDIR}/${RUN}.${YMD}/${HH}/${MEMDIR}/products/wave/gridded'
++++ config.com[77]: declare -rx 'COM_WAVE_STATION_TMPL=${ROTDIR}/${RUN}.${YMD}/${HH}/${MEMDIR}/products/wave/station'
++++ config.com[78]: declare -rx 'COM_WAVE_GEMPAK_TMPL=${ROTDIR}/${RUN}.${YMD}/${HH}/${MEMDIR}/products/wave/gempak'
++++ config.com[79]: declare -rx 'COM_WAVE_WMO_TMPL=${ROTDIR}/${RUN}.${YMD}/${HH}/${MEMDIR}/products/wave/wmo'
++++ config.com[81]: declare -rx 'COM_OCEAN_HISTORY_TMPL=${ROTDIR}/${RUN}.${YMD}/${HH}/${MEMDIR}/model_data/ocean/history'
++++ config.com[82]: declare -rx 'COM_OCEAN_RESTART_TMPL=${ROTDIR}/${RUN}.${YMD}/${HH}/${MEMDIR}/model_data/ocean/restart'
++++ config.com[83]: declare -rx 'COM_OCEAN_INPUT_TMPL=${ROTDIR}/${RUN}.${YMD}/${HH}/${MEMDIR}/model_data/ocean/input'
++++ config.com[84]: declare -rx 'COM_OCEAN_ANALYSIS_TMPL=${ROTDIR}/${RUN}.${YMD}/${HH}/${MEMDIR}/analysis/ocean'
++++ config.com[85]: declare -rx 'COM_OCEAN_BMATRIX_TMPL=${ROTDIR}/${RUN}.${YMD}/${HH}/${MEMDIR}/bmatrix/ocean'
++++ config.com[86]: declare -rx 'COM_OCEAN_NETCDF_TMPL=${ROTDIR}/${RUN}.${YMD}/${HH}/${MEMDIR}/products/ocean/netcdf'
++++ config.com[87]: declare -rx 'COM_OCEAN_GRIB_TMPL=${ROTDIR}/${RUN}.${YMD}/${HH}/${MEMDIR}/products/ocean/grib2'
++++ config.com[88]: declare -rx 'COM_OCEAN_GRIB_GRID_TMPL=${ROTDIR}/${RUN}.${YMD}/${HH}/${MEMDIR}/products/ocean/grib2/${GRID}'
++++ config.com[90]: declare -rx 'COM_ICE_ANALYSIS_TMPL=${ROTDIR}/${RUN}.${YMD}/${HH}/${MEMDIR}/analysis/ice'
++++ config.com[91]: declare -rx 'COM_ICE_BMATRIX_TMPL=${ROTDIR}/${RUN}.${YMD}/${HH}/${MEMDIR}/bmatrix/ice'
++++ config.com[92]: declare -rx 'COM_ICE_INPUT_TMPL=${ROTDIR}/${RUN}.${YMD}/${HH}/${MEMDIR}/model_data/ice/input'
++++ config.com[93]: declare -rx 'COM_ICE_HISTORY_TMPL=${ROTDIR}/${RUN}.${YMD}/${HH}/${MEMDIR}/model_data/ice/history'
++++ config.com[94]: declare -rx 'COM_ICE_RESTART_TMPL=${ROTDIR}/${RUN}.${YMD}/${HH}/${MEMDIR}/model_data/ice/restart'
++++ config.com[95]: declare -rx 'COM_ICE_NETCDF_TMPL=${ROTDIR}/${RUN}.${YMD}/${HH}/${MEMDIR}/products/ice/netcdf'
++++ config.com[96]: declare -rx 'COM_ICE_GRIB_TMPL=${ROTDIR}/${RUN}.${YMD}/${HH}/${MEMDIR}/products/ice/grib2'
++++ config.com[97]: declare -rx 'COM_ICE_GRIB_GRID_TMPL=${ROTDIR}/${RUN}.${YMD}/${HH}/${MEMDIR}/products/ice/grib2/${GRID}'
++++ config.com[99]: declare -rx 'COM_CHEM_HISTORY_TMPL=${ROTDIR}/${RUN}.${YMD}/${HH}/${MEMDIR}/model_data/chem/history'
++++ config.com[100]: declare -rx 'COM_CHEM_ANALYSIS_TMPL=${ROTDIR}/${RUN}.${YMD}/${HH}/${MEMDIR}/analysis/chem'
++++ config.com[102]: declare -rx 'COM_MED_RESTART_TMPL=${ROTDIR}/${RUN}.${YMD}/${HH}/${MEMDIR}/model_data/med/restart'
+++ config.base[143]: export 'ERRSCRIPT=eval [[ $err = 0 ]]'
+++ config.base[143]: ERRSCRIPT='eval [[ $err = 0 ]]'
+++ config.base[144]: export LOGSCRIPT=
+++ config.base[144]: LOGSCRIPT=
+++ config.base[147]: export 'REDOUT=1>'
+++ config.base[147]: REDOUT='1>'
+++ config.base[148]: export 'REDERR=2>'
+++ config.base[148]: REDERR='2>'
+++ config.base[150]: export SENDECF=NO
+++ config.base[150]: SENDECF=NO
+++ config.base[151]: export SENDSDM=NO
+++ config.base[151]: SENDSDM=NO
+++ config.base[152]: export SENDDBN_NTC=NO
+++ config.base[152]: SENDDBN_NTC=NO
+++ config.base[153]: export SENDDBN=NO
+++ config.base[153]: SENDDBN=NO
+++ config.base[154]: export DBNROOT=/apps/ops/prod/nco/core/prod_util.v2.0.9/fakedbn
+++ config.base[154]: DBNROOT=/apps/ops/prod/nco/core/prod_util.v2.0.9/fakedbn
+++ config.base[157]: export APP=ATM
+++ config.base[157]: APP=ATM
+++ config.base[159]: shopt -s extglob
+++ config.base[161]: case "${RUN}" in
+++ config.base[168]: shopt -u extglob
+++ config.base[171]: export DO_ATM=YES
+++ config.base[171]: DO_ATM=YES
+++ config.base[172]: export DO_COUPLED=NO
+++ config.base[172]: DO_COUPLED=NO
+++ config.base[173]: export DO_WAVE=NO
+++ config.base[173]: DO_WAVE=NO
+++ config.base[174]: export DO_OCN=NO
+++ config.base[174]: DO_OCN=NO
+++ config.base[175]: export DO_ICE=NO
+++ config.base[175]: DO_ICE=NO
+++ config.base[176]: export DO_AERO=NO
+++ config.base[176]: DO_AERO=NO
+++ config.base[177]: export DO_PREP_OBS_AERO=NO
+++ config.base[177]: DO_PREP_OBS_AERO=NO
+++ config.base[178]: export AERO_FCST_RUN=
+++ config.base[178]: AERO_FCST_RUN=
+++ config.base[179]: export AERO_ANL_RUN=
+++ config.base[179]: AERO_ANL_RUN=
+++ config.base[180]: export WAVE_RUN=
+++ config.base[180]: WAVE_RUN=
+++ config.base[181]: export DOBNDPNT_WAVE=NO
+++ config.base[181]: DOBNDPNT_WAVE=NO
+++ config.base[182]: export DOIBP_WAV=NO
+++ config.base[182]: DOIBP_WAV=NO
+++ config.base[183]: export FRAC_GRID=.true.
+++ config.base[183]: FRAC_GRID=.true.
+++ config.base[184]: export DO_NEST=NO
+++ config.base[184]: DO_NEST=NO
+++ config.base[185]: [[ NO == \Y\E\S ]]
+++ config.base[191]: export ntiles=6
+++ config.base[191]: ntiles=6
+++ config.base[192]: export FIXugwd=/lfs/h2/emc/global/noscrub/globalworkflow.ci/GFS_CI_ROOT/PR/2804/global-workflow/fix/ugwd
+++ config.base[192]: FIXugwd=/lfs/h2/emc/global/noscrub/globalworkflow.ci/GFS_CI_ROOT/PR/2804/global-workflow/fix/ugwd
+++ config.base[193]: export FIXorog=/lfs/h2/emc/global/noscrub/globalworkflow.ci/GFS_CI_ROOT/PR/2804/global-workflow/fix/orog
+++ config.base[193]: FIXorog=/lfs/h2/emc/global/noscrub/globalworkflow.ci/GFS_CI_ROOT/PR/2804/global-workflow/fix/orog
+++ config.base[197]: export OPS_RES=C768
+++ config.base[197]: OPS_RES=C768
+++ config.base[200]: export LEVS=128
+++ config.base[200]: LEVS=128
+++ config.base[201]: export CASE=C96
+++ config.base[201]: CASE=C96
+++ config.base[202]: export CASE_ENS=@CASEENS@
+++ config.base[202]: CASE_ENS=@CASEENS@
+++ config.base[203]: export OCNRES=500
+++ config.base[203]: OCNRES=500
+++ config.base[204]: export ICERES=500
+++ config.base[204]: ICERES=500
+++ config.base[207]: case "${CASE}" in
+++ config.base[212]: export waveGRD=uglo_100km
+++ config.base[212]: waveGRD=uglo_100km
+++ config.base[226]: case "${APP}" in
+++ config.base[267]: [[ gfs =~ gdas ]]
+++ config.base[270]: [[ gfs =~ gfs ]]
+++ config.base[271]: export FHCYC=24
+++ config.base[271]: FHCYC=24
+++ config.base[275]: export FHMIN=0
+++ config.base[275]: FHMIN=0
+++ config.base[276]: export FHMAX=9
+++ config.base[276]: FHMAX=9
+++ config.base[277]: export FHOUT=3
+++ config.base[277]: FHOUT=3
+++ config.base[278]: export FHOUT_OCN=3
+++ config.base[278]: FHOUT_OCN=3
+++ config.base[279]: export FHOUT_ICE=3
+++ config.base[279]: FHOUT_ICE=3
+++ config.base[282]: export EUPD_CYC=gdas
+++ config.base[282]: EUPD_CYC=gdas
+++ config.base[285]: export gfs_cyc=4
+++ config.base[285]: gfs_cyc=4
+++ config.base[288]: export FHMIN_GFS=0
+++ config.base[288]: FHMIN_GFS=0
+++ config.base[289]: export FHMAX_GFS=384
+++ config.base[289]: FHMAX_GFS=384
+++ config.base[290]: export FHOUT_GFS=3
+++ config.base[290]: FHOUT_GFS=3
+++ config.base[291]: export FHMAX_HF_GFS=120
+++ config.base[291]: FHMAX_HF_GFS=120
+++ config.base[292]: export FHOUT_HF_GFS=1
+++ config.base[292]: FHOUT_HF_GFS=1
+++ config.base[293]: export FHOUT_OCN_GFS=6
+++ config.base[293]: FHOUT_OCN_GFS=6
+++ config.base[294]: export FHOUT_ICE_GFS=6
+++ config.base[294]: FHOUT_ICE_GFS=6
+++ config.base[295]: export FHMIN_WAV=0
+++ config.base[295]: FHMIN_WAV=0
+++ config.base[296]: export FHOUT_WAV=3
+++ config.base[296]: FHOUT_WAV=3
+++ config.base[297]: export FHMAX_HF_WAV=120
+++ config.base[297]: FHMAX_HF_WAV=120
+++ config.base[298]: export FHOUT_HF_WAV=1
+++ config.base[298]: FHOUT_HF_WAV=1
+++ config.base[299]: export FHMAX_WAV=9
+++ config.base[299]: FHMAX_WAV=9
+++ config.base[300]: export FHMAX_WAV_GFS=384
+++ config.base[300]: FHMAX_WAV_GFS=384
+++ config.base[301]: ((  gfs_cyc != 0  ))
+++ config.base[302]: export STEP_GFS=6
+++ config.base[302]: STEP_GFS=6
+++ config.base[307]: export ILPOST=1
+++ config.base[307]: ILPOST=1
+++ config.base[308]: ((  FHMAX_HF_GFS < 120  ))
+++ config.base[313]: export FHMAX_GOES=180
+++ config.base[313]: FHMAX_GOES=180
+++ config.base[314]: export FHOUT_GOES=3
+++ config.base[314]: FHOUT_GOES=3
+++ config.base[315]: ((  FHMAX_GOES > FHMAX_GFS  ))
+++ config.base[320]: export restart_interval_gfs=12
+++ config.base[320]: restart_interval_gfs=12
+++ config.base[325]: export QUILTING=.true.
+++ config.base[325]: QUILTING=.true.
+++ config.base[326]: export OUTPUT_GRID=gaussian_grid
+++ config.base[326]: OUTPUT_GRID=gaussian_grid
+++ config.base[327]: export WRITE_DOPOST=.true.
+++ config.base[327]: WRITE_DOPOST=.true.
+++ config.base[328]: export WRITE_NSFLIP=.true.
+++ config.base[328]: WRITE_NSFLIP=.true.
+++ config.base[331]: export DOIAU=YES
+++ config.base[331]: DOIAU=YES
+++ config.base[332]: export IAUFHRS=3,6,9
+++ config.base[332]: IAUFHRS=3,6,9
+++ config.base[333]: export IAU_FHROT=3
+++ config.base[333]: IAU_FHROT=3
+++ config.base[334]: export IAU_DELTHRS=6
+++ config.base[334]: IAU_DELTHRS=6
+++ config.base[335]: export IAU_OFFSET=6
+++ config.base[335]: IAU_OFFSET=6
+++ config.base[336]: export DOIAU_ENKF=YES
+++ config.base[336]: DOIAU_ENKF=YES
+++ config.base[337]: export IAUFHRS_ENKF=3,6,9
+++ config.base[337]: IAUFHRS_ENKF=3,6,9
+++ config.base[338]: export IAU_DELTHRS_ENKF=6
+++ config.base[338]: IAU_DELTHRS_ENKF=6
+++ config.base[341]: export lobsdiag_forenkf=.true.
+++ config.base[341]: lobsdiag_forenkf=.true.
+++ config.base[349]: export imp_physics=8
+++ config.base[349]: imp_physics=8
+++ config.base[353]: export DO_JEDIATMVAR=NO
+++ config.base[353]: DO_JEDIATMVAR=NO
+++ config.base[354]: export DO_JEDIATMENS=NO
+++ config.base[354]: DO_JEDIATMENS=NO
+++ config.base[355]: export DO_JEDIOCNVAR=NO
+++ config.base[355]: DO_JEDIOCNVAR=NO
+++ config.base[356]: export DO_JEDISNOWDA=NO
+++ config.base[356]: DO_JEDISNOWDA=NO
+++ config.base[357]: export DO_MERGENSST=NO
+++ config.base[357]: DO_MERGENSST=NO
+++ config.base[360]: export DOHYBVAR=NO
+++ config.base[360]: DOHYBVAR=NO
+++ config.base[361]: export NMEM_ENS=0
+++ config.base[361]: NMEM_ENS=0
+++ config.base[362]: export SMOOTH_ENKF=NO
+++ config.base[362]: SMOOTH_ENKF=NO
+++ config.base[363]: export l4densvar=.true.
+++ config.base[363]: l4densvar=.true.
+++ config.base[364]: export lwrite4danl=.true.
+++ config.base[364]: lwrite4danl=.true.
+++ config.base[365]: export DO_CALC_INCREMENT=NO
+++ config.base[365]: DO_CALC_INCREMENT=NO
+++ config.base[368]: export NMEM_ENS_GFS=30
+++ config.base[368]: NMEM_ENS_GFS=30
+++ config.base[369]: export NMEM_ENS_GFS_OFFSET=20
+++ config.base[369]: NMEM_ENS_GFS_OFFSET=20
+++ config.base[370]: export DO_CALC_INCREMENT_ENKF_GFS=NO
+++ config.base[370]: DO_CALC_INCREMENT_ENKF_GFS=NO
+++ config.base[373]: [[ NO = \Y\E\S ]]
+++ config.base[387]: [[ NO == \N\O ]]
+++ config.base[387]: [[ YES == \Y\E\S ]]
+++ config.base[388]: export IAUFHRS=6
+++ config.base[388]: IAUFHRS=6
+++ config.base[389]: export IAU_FHROT=3
+++ config.base[389]: IAU_FHROT=3
+++ config.base[390]: export IAU_FILTER_INCREMENTS=.true.
+++ config.base[390]: IAU_FILTER_INCREMENTS=.true.
+++ config.base[391]: export IAUFHRS_ENKF=6
+++ config.base[391]: IAUFHRS_ENKF=6
+++ config.base[395]: export ENKF_SPREAD=YES
+++ config.base[395]: ENKF_SPREAD=YES
+++ config.base[398]: [[ cycled = \c\y\c\l\e\d ]]
+++ config.base[398]: [[ 2021122018 = \2\0\2\1\1\2\2\1\0\0 ]]
+++ config.base[398]: [[ YES = \N\O ]]
+++ config.base[398]: [[ cycled = \f\o\r\e\c\a\s\t\-\o\n\l\y ]]
+++ config.base[404]: [[ YES = \N\O ]]
+++ config.base[408]: [[ YES == \Y\E\S ]]
+++ config.base[409]: export restart_interval_enkfgdas=3
+++ config.base[409]: restart_interval_enkfgdas=3
+++ config.base[414]: export restart_interval_enkfgfs=3
+++ config.base[414]: restart_interval_enkfgfs=3
+++ config.base[416]: [[ YES == \Y\E\S ]]
+++ config.base[417]: export restart_interval_gdas=3
+++ config.base[417]: restart_interval_gdas=3
+++ config.base[422]: export GSI_SOILANAL=NO
+++ config.base[422]: GSI_SOILANAL=NO
+++ config.base[425]: export DONST=YES
+++ config.base[425]: DONST=YES
+++ config.base[426]: [[ YES = \Y\E\S ]]
+++ config.base[426]: export 'FNTSFA=        '
+++ config.base[426]: FNTSFA='        '
+++ config.base[429]: export nst_anl=.true.
+++ config.base[429]: nst_anl=.true.
+++ config.base[432]: export MAKE_NSSTBUFR=NO
+++ config.base[432]: MAKE_NSSTBUFR=NO
+++ config.base[435]: export MAKE_ACFTBUFR=NO
+++ config.base[435]: MAKE_ACFTBUFR=NO
+++ config.base[438]: export 'INCREMENTS_TO_ZERO='\''liq_wat_inc'\'','\''icmr_inc'\'','\''rwmr_inc'\'','\''snmr_inc'\'','\''grle_inc'\'''
+++ config.base[438]: INCREMENTS_TO_ZERO=''\''liq_wat_inc'\'','\''icmr_inc'\'','\''rwmr_inc'\'','\''snmr_inc'\'','\''grle_inc'\'''
+++ config.base[441]: export 'INCVARS_ZERO_STRAT='\''sphum_inc'\'','\''liq_wat_inc'\'','\''icmr_inc'\'','\''rwmr_inc'\'','\''snmr_inc'\'','\''grle_inc'\'''
+++ config.base[441]: INCVARS_ZERO_STRAT=''\''sphum_inc'\'','\''liq_wat_inc'\'','\''icmr_inc'\'','\''rwmr_inc'\'','\''snmr_inc'\'','\''grle_inc'\'''
+++ config.base[442]: export INCVARS_EFOLD=5
+++ config.base[442]: INCVARS_EFOLD=5
+++ config.base[447]: export netcdf_diag=.true.
+++ config.base[447]: netcdf_diag=.true.
+++ config.base[448]: export binary_diag=.false.
+++ config.base[448]: binary_diag=.false.
+++ config.base[451]: export DO_METP=YES
+++ config.base[451]: DO_METP=YES
+++ config.base[452]: export DO_FIT2OBS=YES
+++ config.base[452]: DO_FIT2OBS=YES
+++ config.base[453]: export DO_VRFY_OCEANDA=NO
+++ config.base[453]: DO_VRFY_OCEANDA=NO
+++ config.base[456]: export FHMAX_FITS=132
+++ config.base[456]: FHMAX_FITS=132
+++ config.base[457]: [[ 132 -gt 384 ]]
+++ config.base[460]: export HPSSARCH=NO
+++ config.base[460]: HPSSARCH=NO
+++ config.base[461]: export LOCALARCH=NO
+++ config.base[461]: LOCALARCH=NO
+++ config.base[462]: [[ NO = \Y\E\S ]]
+++ config.base[466]: export ARCH_CYC=00
+++ config.base[466]: ARCH_CYC=00
+++ config.base[467]: export ARCH_WARMICFREQ=4
+++ config.base[467]: ARCH_WARMICFREQ=4
+++ config.base[468]: export ARCH_FCSTICFREQ=1
+++ config.base[468]: ARCH_FCSTICFREQ=1
+++ config.base[471]: [[ NO = \Y\E\S ]]
+++ config.base[478]: export REPLAY_ICS=NO
+++ config.base[478]: REPLAY_ICS=NO
+++ config.base[479]: export OFFSET_START_HOUR=0
+++ config.base[479]: OFFSET_START_HOUR=0
+++ config.base[482]: export NUM_SND_COLLECTIVES=9
+++ config.base[482]: NUM_SND_COLLECTIVES=9
+++ config.base[484]: echo 'END: config.base'
END: config.base
++ jjob_header.sh[99]: status=0
++ jjob_header.sh[100]: ((  status != 0  ))
++ jjob_header.sh[110]: source /lfs/h2/emc/global/noscrub/globalworkflow.ci/GFS_CI_ROOT/PR/2804/global-workflow/env/WCOSS2.env gempak_spec
+++ WCOSS2.env[3]: [[ 1 -ne 1 ]]
+++ WCOSS2.env[10]: step=gempak_spec
+++ WCOSS2.env[13]: export 'launcher=mpiexec -l'
+++ WCOSS2.env[13]: launcher='mpiexec -l'
+++ WCOSS2.env[14]: export 'mpmd_opt=--cpu-bind verbose,core cfp'
+++ WCOSS2.env[14]: mpmd_opt='--cpu-bind verbose,core cfp'
+++ WCOSS2.env[18]: [[ -n '' ]]
+++ WCOSS2.env[26]: echo 'ERROR config.resources must be sourced before sourcing WCOSS2.env'
ERROR config.resources must be sourced before sourcing WCOSS2.env
+++ WCOSS2.env[27]: exit 2
+ jjob_header.sh[1]: postamble JGFS_ATMOS_GEMPAK_PGRB2_SPEC 1722620422 2
+ preamble.sh[70]: set +x
End JGFS_ATMOS_GEMPAK_PGRB2_SPEC at 17:40:24 with error code 2 (time elapsed: 00:00:02)
+ gempakgrb2spec.sh[1]: postamble gempakgrb2spec.sh 1722620420 2
+ preamble.sh[70]: set +x
End gempakgrb2spec.sh at 17:40:24 with error code 2 (time elapsed: 00:00:04)
PBS: Running epilogue on parent mom node: nid002052...
##### Job 146512335.cbqs01 - PBS Job Script:
(Note: Duplicate #PBS entries are a function how PBS interprets and caches the original job script.)

#! /bin/sh
#PBS -N C96_atm3DVar_extended_b738c51d_gfsgempakgrb2spec_f033_00
#PBS -A GFS-DEV
#PBS -q dev
#PBS -l walltime=00:30:00
#PBS -l select=1:mpiprocs=28:ompthreads=1:ncpus=28:mem=2GB
#PBS -j oe -o /lfs/h2/emc/global/noscrub/globalworkflow.ci/GFS_CI_ROOT/PR/2804/RUNTESTS/COMROOT/C96_atm3DVar_extended_b738c51d/logs/2021122100/gfsgempakgrb2spec_f033.log
#PBS -l place=vscatter:shared
export RUN_ENVIR='emc'
export HOMEgfs='/lfs/h2/emc/global/noscrub/globalworkflow.ci/GFS_CI_ROOT/PR/2804/global-workflow'
export EXPDIR='/lfs/h2/emc/global/noscrub/globalworkflow.ci/GFS_CI_ROOT/PR/2804/RUNTESTS/EXPDIR/C96_atm3DVar_extended_b738c51d'
export NET='gfs'
export RUN='gfs'
export CDATE='2021122100'
export PDY='20211221'
export cyc='00'
export COMROOT='/lfs/h2/emc/global/noscrub/globalworkflow.ci/GFS_CI_ROOT/PR/2804/RUNTESTS/COMROOT'
export DATAROOT='/lfs/h2/emc/stmp/terry.mcguinness/RUNDIRS/C96_atm3DVar_extended_b738c51d'
export FHR3='033'
set -x
/lfs/h2/emc/global/noscrub/globalworkflow.ci/GFS_CI_ROOT/PR/2804/global-workflow/jobs/rocoto/gempakgrb2spec.sh
##### End of job script
------------------------------------------------------------------

