+ OPTIND=1
+ _opts='-f '
+ getopts :j:dv option
+ case "${option}" in
+ BUILD_JOBS=8
+ getopts :j:dv option
+ shift 2
+ BUILD_JOBS=8
+ WORKFLOW_BUILD=ON
+ ./gdas.cd/build.sh -f -f
Building GDASApp on hera

Currently Loaded Modules:
  1) intel/2022.1.2                   47) sp/2.5.0
  2) stack-intel/2021.5.0             48) gsl-lite/0.37.0
  3) impi/2022.1.2                    49) libjpeg/2.1.0
  4) stack-intel-oneapi-mpi/2021.5.1  50) krb5/1.20.1
  5) cmake/3.23.1                     51) libtirpc/1.3.3
  6) gettext/0.19.8.1                 52) hdf/4.2.15
  7) pcre2/10.42                      53) jedi-cmake/1.4.0
  8) nghttp2/1.57.0                   54) libpng/1.6.37
  9) curl/8.4.0                       55) libxt/1.1.5
 10) zlib/1.2.13                      56) libxmu/1.1.4
 11) git/2.18.0                       57) libxpm/4.11.0
 12) pkg-config/0.27.1                58) libxaw/1.0.13
 13) hdf5/1.14.0                      59) udunits/2.2.28
 14) parallel-netcdf/1.12.2           60) ncview/2.1.9
 15) snappy/1.1.10                    61) netcdf-cxx4/4.3.1
 16) zstd/1.5.2                       62) json/3.10.5
 17) c-blosc/1.21.5                   63) rocoto/1.3.6
 18) netcdf-c/4.9.2                   64) bacio/2.4.1
 19) nccmp/1.9.0.1                    65) w3emc/2.10.0
 20) netcdf-fortran/4.6.1             66) prod_util/2.1.1
 21) antlr/2.7.7                      67) py-markupsafe/2.1.3
 22) gsl/2.7.1                        68) py-jinja2/3.0.3
 23) nco/5.0.6                        69) py-cftime/1.0.3.4
 24) parallelio/2.5.10                70) py-netcdf4/1.5.8
 25) wget/1.14                        71) py-pybind11/2.11.0
 26) libxcrypt/4.4.35                 72) py-pycodestyle/2.11.0
 27) sqlite/3.43.2                    73) libyaml/0.2.5
 28) util-linux-uuid/2.38.1           74) py-pyyaml/6.0
 29) python/3.10.13                   75) py-scipy/1.11.3
 30) boost/1.83.0                     76) py-packaging/23.1
 31) py-setuptools/63.4.3             77) py-bottleneck/1.3.7
 32) py-numpy/1.22.3                  78) py-numexpr/2.8.4
 33) bufr/12.0.1                      79) py-et-xmlfile/1.0.1
 34) git-lfs/2.10.0                   80) py-openpyxl/3.1.2
 35) ecbuild/3.7.2                    81) py-six/1.16.0
 36) openjpeg/2.3.1                   82) py-python-dateutil/2.8.2
 37) eccodes/2.32.0                   83) py-pytz/2023.3
 38) eigen/3.4.0                      84) py-pyxlsb/1.0.10
 39) openblas/0.3.24                  85) py-xlrd/2.0.1
 40) eckit/1.24.5                     86) py-xlsxwriter/3.1.7
 41) fftw/3.3.10                      87) py-xlwt/1.3.0
 42) fckit/0.11.0                     88) py-pandas/1.5.3
 43) fiat/1.2.0                       89) py-xarray/2023.7.0
 44) ectrans/1.2.0                    90) py-f90nml/1.4.3
 45) qhull/2020.2                     91) py-pip/23.1.2
 46) atlas/0.35.1                     92) GDAS/hera.intel

 

Configuring ...
+ cmake -DMPIEXEC_EXECUTABLE=/apps/slurm/default/bin/srun -DMPIEXEC_NUMPROC_FLAG=-n -DBUILD_GSIBEC=ON -DCLONE_JCSDADATA=NO -DWORKFLOW_TESTS=ON /scratch1/NCEPDEV/global/CI/2484/gfs/sorc/gdas.cd/bundle
-- The C compiler identification is Intel 2021.5.0.20211109
-- The CXX compiler identification is Intel 2021.5.0.20211109
-- The Fortran compiler identification is Intel 2021.5.0.20211109
-- Detecting C compiler ABI info
-- Detecting C compiler ABI info - done
-- Check for working C compiler: /apps/oneapi/mpi/2021.5.1/bin/mpiicc - skipped
-- Detecting C compile features
-- Detecting C compile features - done
-- Detecting CXX compiler ABI info
-- Detecting CXX compiler ABI info - done
-- Check for working CXX compiler: /apps/oneapi/mpi/2021.5.1/bin/mpiicpc - skipped
-- Detecting CXX compile features
-- Detecting CXX compile features - done
-- Detecting Fortran compiler ABI info
-- Detecting Fortran compiler ABI info - done
-- Check for working Fortran compiler: /apps/oneapi/mpi/2021.5.1/bin/mpiifort - skipped
-- ecbuild   3.7.2	/scratch1/NCEPDEV/nems/role.epic/spack-stack/spack-stack-1.6.0/envs/unified-env-rocky8/install/intel/2021.5.0/ecbuild-3.7.2-7yxdhug/share/ecbuild/cmake
-- cmake     3.23.1	/scratch1/NCEPDEV/nems/role.epic/spack-stack/spack-stack-1.6.0/envs/unified-env-rocky8/install/intel/2021.5.0/cmake-3.23.1-qjplcak/bin/cmake
-- ---------------------------------------------------------
-- Found Git: /usr/bin/git (found version "2.39.3") 
-- Looking for sys/types.h
-- Looking for sys/types.h - found
-- Looking for stdint.h
-- Looking for stdint.h - found
-- Looking for stddef.h
-- Looking for stddef.h - found
-- Check size of void*
-- Check size of void* - done
-- Check size of off_t
-- Check size of off_t - done
-- ---------------------------------------------------------
-- ---------------------------------------------------------
-- [GDAS-bundle] (1.0.0)
-- Feature TESTS enabled
-- Found Python3: /scratch1/NCEPDEV/nems/role.epic/spack-stack/spack-stack-1.6.0/envs/unified-env-rocky8/install/intel/2021.5.0/python-3.10.13-2p2rady/bin/python3.10 (found version "3.10.13") found components: Interpreter 
-- Feature TESTS enabled
-- ---------------------------------------------------------
-- Adding bundle project jedicmake
-- ---------------------------------------------------------
-- Skipping bundle project eckit
-- ---------------------------------------------------------
-- Skipping bundle project fckit
-- ---------------------------------------------------------
-- Skipping bundle project atlas
-- ---------------------------------------------------------
-- Adding bundle project crtm
-- ---------------------------------------------------------
-- [crtm] (2.4.1)
-- Feature TESTS enabled
-- Found OpenMP_Fortran: -qopenmp (found version "5.0") 
-- Found OpenMP: TRUE (found version "5.0") found components: Fortran 
-- Found NetCDF: /scratch1/NCEPDEV/nems/role.epic/spack-stack/spack-stack-1.6.0/envs/unified-env-rocky8/install/intel/2021.5.0/netcdf-fortran-4.6.1-ifhqcwv/include (found version "4.9.2") found components: Fortran 
-- FindNetCDF defines targets:
--   - NetCDF::NetCDF_Fortran [/scratch1/NCEPDEV/nems/role.epic/spack-stack/spack-stack-1.6.0/envs/unified-env-rocky8/install/intel/2021.5.0/netcdf-fortran-4.6.1-ifhqcwv/lib/libnetcdff.so]
-- ---------------------------------------------------------
-- [CRTM_Tests] (1.0.1)
-- Feature TESTS enabled
-- use LOCAL_PATH_JEDI_TESTFILES: /scratch1/NCEPDEV/global/CI/2484/gfs/sorc/gdas.cd/bundle/fix
Using existing local fix directory instead of downloading.
-- Hostname: hfe06
-- Host FQDN: hfe06-ib
-- Git Branch (set CDASH_OVERRIDE_GIT_BRANCH to force): GIT_BRANCH_UNSPECIFIED
-- System ID: Rocky_8.8
-- Compilers: Intel_2021.5.0.20211109
-- Build: GIT_BRANCH_UNSPECIFIED;Rocky_8.8;Intel_2021.5.0.20211109;RelWithDebInfo
-- Site: hfe06-ib
-- ---------------------------------------------------------
-- Adding bundle project gsibec
-- Found ecbuild: /scratch1/NCEPDEV/nems/role.epic/spack-stack/spack-stack-1.6.0/envs/unified-env-rocky8/install/intel/2021.5.0/ecbuild-3.7.2-7yxdhug/share/ecbuild/cmake (found suitable version "3.7.2", minimum required is "3.3.2") 
-- ---------------------------------------------------------
-- [gsibec] (1.1.3)
-- Feature TESTS enabled
-- Found MKL: /apps/oneapi/mkl/2022.0.2/lib/intel64/libmkl_intel_lp64.so;/apps/oneapi/mkl/2022.0.2/lib/intel64/libmkl_sequential.so;/apps/oneapi/mkl/2022.0.2/lib/intel64/libmkl_core.so  
-- Found MPI_Fortran: /apps/oneapi/mpi/2021.5.1/bin/mpiifort (found version "3.1") 
-- Found MPI: TRUE (found version "3.1") found components: Fortran 
-- Found MPI_C: /apps/oneapi/mpi/2021.5.1/bin/mpiicc (found version "3.1") 
-- Found MPI_CXX: /apps/oneapi/mpi/2021.5.1/bin/mpiicpc (found version "3.1") 
-- Found MPI: TRUE (found version "3.1")  
-- Found NetCDF: /scratch1/NCEPDEV/nems/role.epic/spack-stack/spack-stack-1.6.0/envs/unified-env-rocky8/install/intel/2021.5.0/netcdf-c-4.9.2-ejp7j3k/include;/scratch1/NCEPDEV/nems/role.epic/spack-stack/spack-stack-1.6.0/envs/unified-env-rocky8/install/intel/2021.5.0/netcdf-fortran-4.6.1-ifhqcwv/include (found version "4.9.2") found components: Fortran 
-- FindNetCDF defines targets:
--   - NetCDF_VERSION [4.9.2]
--   - NetCDF_PARALLEL [TRUE]
--   - NetCDF_C_CONFIG_EXECUTABLE [/scratch1/NCEPDEV/nems/role.epic/spack-stack/spack-stack-1.6.0/envs/unified-env-rocky8/install/intel/2021.5.0/netcdf-c-4.9.2-ejp7j3k/bin/nc-config]
--   - NetCDF::NetCDF_C [SHARED] [Root: /scratch1/NCEPDEV/nems/role.epic/spack-stack/spack-stack-1.6.0/envs/unified-env-rocky8/install/intel/2021.5.0/netcdf-c-4.9.2-ejp7j3k] Lib: /scratch1/NCEPDEV/nems/role.epic/spack-stack/spack-stack-1.6.0/envs/unified-env-rocky8/install/intel/2021.5.0/netcdf-c-4.9.2-ejp7j3k/lib/libnetcdf.so 
--   - NetCDF_Fortran_CONFIG_EXECUTABLE [/scratch1/NCEPDEV/nems/role.epic/spack-stack/spack-stack-1.6.0/envs/unified-env-rocky8/install/intel/2021.5.0/netcdf-fortran-4.6.1-ifhqcwv/bin/nf-config]
--   - NetCDF::NetCDF_Fortran [SHARED] [Root: /scratch1/NCEPDEV/nems/role.epic/spack-stack/spack-stack-1.6.0/envs/unified-env-rocky8/install/intel/2021.5.0/netcdf-fortran-4.6.1-ifhqcwv] Lib: /scratch1/NCEPDEV/nems/role.epic/spack-stack/spack-stack-1.6.0/envs/unified-env-rocky8/install/intel/2021.5.0/netcdf-fortran-4.6.1-ifhqcwv/lib/libnetcdff.so 
-- Found sp: /scratch1/NCEPDEV/nems/role.epic/spack-stack/spack-stack-1.6.0/envs/unified-env-rocky8/install/intel/2021.5.0/sp-2.5.0-2pqzhuv/lib64/libsp_4.a (found version "2.5.0")
-- ---------------------------------------------------------
-- Adding bundle project gsw
-- ---------------------------------------------------------
-- [gsw] (3.0.7)
-- Feature TESTS enabled
-- ---------------------------------------------------------
-- Adding bundle project oops
-- ---------------------------------------------------------
-- [oops] (1.9.0)
-- Feature TESTS enabled
-- Found OpenMP_CXX: -qopenmp (found version "5.0") 
-- Found OpenMP: TRUE (found version "5.0") found components: CXX Fortran 
-- Found MPI: TRUE (found version "3.1") found components: C CXX Fortran 
-- Found MPI: TRUE (found version "3.1")  
-- Found NetCDF: /scratch1/NCEPDEV/nems/role.epic/spack-stack/spack-stack-1.6.0/envs/unified-env-rocky8/install/intel/2021.5.0/netcdf-c-4.9.2-ejp7j3k/include;/scratch1/NCEPDEV/nems/role.epic/spack-stack/spack-stack-1.6.0/envs/unified-env-rocky8/install/intel/2021.5.0/netcdf-fortran-4.6.1-ifhqcwv/include (found version "4.9.2") found components: C Fortran 
-- FindNetCDF defines targets:
--   - NetCDF_VERSION [4.9.2]
--   - NetCDF_PARALLEL [TRUE]
--   - NetCDF_C_CONFIG_EXECUTABLE [/scratch1/NCEPDEV/nems/role.epic/spack-stack/spack-stack-1.6.0/envs/unified-env-rocky8/install/intel/2021.5.0/netcdf-c-4.9.2-ejp7j3k/bin/nc-config]
--   - NetCDF::NetCDF_C [SHARED] [Root: /scratch1/NCEPDEV/nems/role.epic/spack-stack/spack-stack-1.6.0/envs/unified-env-rocky8/install/intel/2021.5.0/netcdf-c-4.9.2-ejp7j3k] Lib: /scratch1/NCEPDEV/nems/role.epic/spack-stack/spack-stack-1.6.0/envs/unified-env-rocky8/install/intel/2021.5.0/netcdf-c-4.9.2-ejp7j3k/lib/libnetcdf.so 
--   - NetCDF_Fortran_CONFIG_EXECUTABLE [/scratch1/NCEPDEV/nems/role.epic/spack-stack/spack-stack-1.6.0/envs/unified-env-rocky8/install/intel/2021.5.0/netcdf-fortran-4.6.1-ifhqcwv/bin/nf-config]
--   - NetCDF::NetCDF_Fortran [SHARED] [Root: /scratch1/NCEPDEV/nems/role.epic/spack-stack/spack-stack-1.6.0/envs/unified-env-rocky8/install/intel/2021.5.0/netcdf-fortran-4.6.1-ifhqcwv] Lib: /scratch1/NCEPDEV/nems/role.epic/spack-stack/spack-stack-1.6.0/envs/unified-env-rocky8/install/intel/2021.5.0/netcdf-fortran-4.6.1-ifhqcwv/lib/libnetcdff.so 
-- Found Boost: /scratch1/NCEPDEV/nems/role.epic/spack-stack/spack-stack-1.6.0/envs/unified-env-rocky8/install/intel/2021.5.0/boost-1.83.0-a2avo2q/lib/cmake/Boost-1.83.0/BoostConfig.cmake (found suitable version "1.83.0", minimum required is "1.64.0")  
-- Found OpenMP_CXX: -qopenmp (found version "5.0") 
-- Found OpenMP: TRUE (found version "5.0") found components: CXX 
-- Found addr2line at /usr/bin/addr2line.
-- Performing Test OOPS_STACKTRACE_libbacktrace_AVAILABLE
-- Performing Test OOPS_STACKTRACE_libbacktrace_AVAILABLE - Failed
-- Performing Test OOPS_STACKTRACE_addr2line_AVAILABLE
-- Performing Test OOPS_STACKTRACE_addr2line_AVAILABLE - Failed
-- Performing Test OOPS_STACKTRACE_default_AVAILABLE
-- Performing Test OOPS_STACKTRACE_default_AVAILABLE - Success
-- Performing Test OOPS_STACKTRACE_none_AVAILABLE
-- Performing Test OOPS_STACKTRACE_none_AVAILABLE - Success
-- Boost stacktrace supports these providers: default;none.
-- Using this provider for stacktraces: default.
-- ---------------------------------------------------------
-- Adding bundle project vader
-- ---------------------------------------------------------
-- [vader] (1.6.0)
-- Feature TESTS enabled
-- VADER variables
--   - ENABLE_VADER_DOC: OFF
-- Found MPI: TRUE (found version "3.1") found components: C Fortran 
-- Found OpenMP_CXX: -qopenmp (found version "5.0") 
-- Found OpenMP: TRUE (found version "5.0") found components: CXX Fortran 
-- Found MPI: TRUE (found version "3.1") found components: CXX Fortran 
-- Found OpenMP_CXX: -qopenmp (found version "5.0") 
-- Found OpenMP: TRUE (found version "5.0") found components: CXX 
-- Found MPI: TRUE (found version "3.1")  
-- Found NetCDF: /scratch1/NCEPDEV/nems/role.epic/spack-stack/spack-stack-1.6.0/envs/unified-env-rocky8/install/intel/2021.5.0/netcdf-c-4.9.2-ejp7j3k/include;/scratch1/NCEPDEV/nems/role.epic/spack-stack/spack-stack-1.6.0/envs/unified-env-rocky8/install/intel/2021.5.0/netcdf-fortran-4.6.1-ifhqcwv/include (found version "4.9.2") found components: C Fortran 
-- FindNetCDF defines targets:
--   - NetCDF_VERSION [4.9.2]
--   - NetCDF_PARALLEL [TRUE]
--   - NetCDF_C_CONFIG_EXECUTABLE [/scratch1/NCEPDEV/nems/role.epic/spack-stack/spack-stack-1.6.0/envs/unified-env-rocky8/install/intel/2021.5.0/netcdf-c-4.9.2-ejp7j3k/bin/nc-config]
--   - NetCDF::NetCDF_C [SHARED] [Root: /scratch1/NCEPDEV/nems/role.epic/spack-stack/spack-stack-1.6.0/envs/unified-env-rocky8/install/intel/2021.5.0/netcdf-c-4.9.2-ejp7j3k] Lib: /scratch1/NCEPDEV/nems/role.epic/spack-stack/spack-stack-1.6.0/envs/unified-env-rocky8/install/intel/2021.5.0/netcdf-c-4.9.2-ejp7j3k/lib/libnetcdf.so 
--   - NetCDF_Fortran_CONFIG_EXECUTABLE [/scratch1/NCEPDEV/nems/role.epic/spack-stack/spack-stack-1.6.0/envs/unified-env-rocky8/install/intel/2021.5.0/netcdf-fortran-4.6.1-ifhqcwv/bin/nf-config]
--   - NetCDF::NetCDF_Fortran [SHARED] [Root: /scratch1/NCEPDEV/nems/role.epic/spack-stack/spack-stack-1.6.0/envs/unified-env-rocky8/install/intel/2021.5.0/netcdf-fortran-4.6.1-ifhqcwv] Lib: /scratch1/NCEPDEV/nems/role.epic/spack-stack/spack-stack-1.6.0/envs/unified-env-rocky8/install/intel/2021.5.0/netcdf-fortran-4.6.1-ifhqcwv/lib/libnetcdff.so 
-- GSW FOUND; Including Marine Recipes gsw (3.0.7)
-- ---------------------------------------------------------
-- Adding bundle project saber
-- ---------------------------------------------------------
-- [saber] (1.9.0)
-- Feature TESTS enabled
-- Found OpenMP_CXX: -qopenmp (found version "5.0") 
-- Found OpenMP: TRUE (found version "5.0") found components: CXX Fortran 
-- Found MPI: TRUE (found version "3.1") found components: Fortran 
-- Found MPI: TRUE (found version "3.1")  
-- Found NetCDF: /scratch1/NCEPDEV/nems/role.epic/spack-stack/spack-stack-1.6.0/envs/unified-env-rocky8/install/intel/2021.5.0/netcdf-c-4.9.2-ejp7j3k/include;/scratch1/NCEPDEV/nems/role.epic/spack-stack/spack-stack-1.6.0/envs/unified-env-rocky8/install/intel/2021.5.0/netcdf-fortran-4.6.1-ifhqcwv/include (found version "4.9.2") found components: C Fortran 
-- FindNetCDF defines targets:
--   - NetCDF_VERSION [4.9.2]
--   - NetCDF_PARALLEL [TRUE]
--   - NetCDF_C_CONFIG_EXECUTABLE [/scratch1/NCEPDEV/nems/role.epic/spack-stack/spack-stack-1.6.0/envs/unified-env-rocky8/install/intel/2021.5.0/netcdf-c-4.9.2-ejp7j3k/bin/nc-config]
--   - NetCDF::NetCDF_C [SHARED] [Root: /scratch1/NCEPDEV/nems/role.epic/spack-stack/spack-stack-1.6.0/envs/unified-env-rocky8/install/intel/2021.5.0/netcdf-c-4.9.2-ejp7j3k] Lib: /scratch1/NCEPDEV/nems/role.epic/spack-stack/spack-stack-1.6.0/envs/unified-env-rocky8/install/intel/2021.5.0/netcdf-c-4.9.2-ejp7j3k/lib/libnetcdf.so 
--   - NetCDF_Fortran_CONFIG_EXECUTABLE [/scratch1/NCEPDEV/nems/role.epic/spack-stack/spack-stack-1.6.0/envs/unified-env-rocky8/install/intel/2021.5.0/netcdf-fortran-4.6.1-ifhqcwv/bin/nf-config]
--   - NetCDF::NetCDF_Fortran [SHARED] [Root: /scratch1/NCEPDEV/nems/role.epic/spack-stack/spack-stack-1.6.0/envs/unified-env-rocky8/install/intel/2021.5.0/netcdf-fortran-4.6.1-ifhqcwv] Lib: /scratch1/NCEPDEV/nems/role.epic/spack-stack/spack-stack-1.6.0/envs/unified-env-rocky8/install/intel/2021.5.0/netcdf-fortran-4.6.1-ifhqcwv/lib/libnetcdff.so 
-- Found OpenMP_CXX: -qopenmp (found version "5.0") 
-- Found OpenMP: TRUE (found version "5.0") found components: CXX 
-- Found Boost: /scratch1/NCEPDEV/nems/role.epic/spack-stack/spack-stack-1.6.0/envs/unified-env-rocky8/install/intel/2021.5.0/boost-1.83.0-a2avo2q/lib/cmake/Boost-1.83.0/BoostConfig.cmake (found version "1.83.0")  
-- Found PkgConfig: /usr/bin/pkg-config (found version "1.4.2") 
-- Found sp: /scratch1/NCEPDEV/nems/role.epic/spack-stack/spack-stack-1.6.0/envs/unified-env-rocky8/install/intel/2021.5.0/sp-2.5.0-2pqzhuv/lib64/libsp_4.a (found version "2.5.0")
-- SABER block GSI is enabled
-- SABER block FastLAM spectral layer is enabled
-- SABER block SPECTRALB is enabled
-- SABER blocks based on VADER are enabled
-- SABER instrumentation is not enabled
-- Offline code coverage is not enabled
-- Setup QUENCH data links
-- SABER tests activated:
--   - TIER 1 base
--   - TIER 1 FastLAM-specific
--   - TIER 1 FastLAM-specific - FFTW
--   - TIER 1 GSI-GEOS-specific
--   - TIER 1 GSI-GFS-specific
--   - TIER 1 SPECTRALB-specific
--   - TIER 1 VADER-specific
-- Setup SABER directories and links
-- Tests parallel configuration: MPI: 1 / OMP: 1
-- Tests parallel configuration: MPI: 2 / OMP: 1
-- SABER documentation is not enabled
-- ---------------------------------------------------------
-- Adding bundle project ioda
-- ---------------------------------------------------------
-- [ioda] (2.8.0)
-- Feature TESTS enabled
-- Found OpenMP_C: -qopenmp (found version "5.0") 
-- Found OpenMP_CXX: -qopenmp (found version "5.0") 
-- Found OpenMP: TRUE (found version "5.0") found components: C CXX Fortran 
-- Found HDF5: hdf5-shared (found version "1.14.0") found components: C HL 
-- Found OpenMP_CXX: -qopenmp (found version "5.0") 
-- Found OpenMP: TRUE (found version "5.0") found components: CXX 
-- Found udunits: /scratch1/NCEPDEV/nems/role.epic/spack-stack/spack-stack-1.6.0/envs/unified-env-rocky8/install/intel/2021.5.0/udunits-2.2.28-k3qzmyx/lib/libudunits2.so (Required is at least version "2.2.0") 
-- Found NetCDF: /scratch1/NCEPDEV/nems/role.epic/spack-stack/spack-stack-1.6.0/envs/unified-env-rocky8/install/intel/2021.5.0/netcdf-c-4.9.2-ejp7j3k/include;/scratch1/NCEPDEV/nems/role.epic/spack-stack/spack-stack-1.6.0/envs/unified-env-rocky8/install/intel/2021.5.0/netcdf-fortran-4.6.1-ifhqcwv/include (found version "4.9.2") found components: Fortran 
-- FindNetCDF defines targets:
--   - NetCDF_VERSION [4.9.2]
--   - NetCDF_PARALLEL [TRUE]
--   - NetCDF_C_CONFIG_EXECUTABLE [/scratch1/NCEPDEV/nems/role.epic/spack-stack/spack-stack-1.6.0/envs/unified-env-rocky8/install/intel/2021.5.0/netcdf-c-4.9.2-ejp7j3k/bin/nc-config]
--   - NetCDF::NetCDF_C [SHARED] [Root: /scratch1/NCEPDEV/nems/role.epic/spack-stack/spack-stack-1.6.0/envs/unified-env-rocky8/install/intel/2021.5.0/netcdf-c-4.9.2-ejp7j3k] Lib: /scratch1/NCEPDEV/nems/role.epic/spack-stack/spack-stack-1.6.0/envs/unified-env-rocky8/install/intel/2021.5.0/netcdf-c-4.9.2-ejp7j3k/lib/libnetcdf.so 
--   - NetCDF_Fortran_CONFIG_EXECUTABLE [/scratch1/NCEPDEV/nems/role.epic/spack-stack/spack-stack-1.6.0/envs/unified-env-rocky8/install/intel/2021.5.0/netcdf-fortran-4.6.1-ifhqcwv/bin/nf-config]
--   - NetCDF::NetCDF_Fortran [SHARED] [Root: /scratch1/NCEPDEV/nems/role.epic/spack-stack/spack-stack-1.6.0/envs/unified-env-rocky8/install/intel/2021.5.0/netcdf-fortran-4.6.1-ifhqcwv] Lib: /scratch1/NCEPDEV/nems/role.epic/spack-stack/spack-stack-1.6.0/envs/unified-env-rocky8/install/intel/2021.5.0/netcdf-fortran-4.6.1-ifhqcwv/lib/libnetcdff.so 
-- Found Boost: /scratch1/NCEPDEV/nems/role.epic/spack-stack/spack-stack-1.6.0/envs/unified-env-rocky8/install/intel/2021.5.0/boost-1.83.0-a2avo2q/lib/cmake/Boost-1.83.0/BoostConfig.cmake (found suitable version "1.83.0", minimum required is "1.64.0")  
-- Found Python3: /scratch1/NCEPDEV/nems/role.epic/spack-stack/spack-stack-1.6.0/envs/unified-env-rocky8/install/intel/2021.5.0/python-3.10.13-2p2rady/bin/python3.10 (found version "3.10.13") found components: Interpreter Development Development.Module Development.Embed 
-- Performing Test HAS_INTEL_IPO
-- Performing Test HAS_INTEL_IPO - Success
-- Installing: /scratch1/NCEPDEV/global/CI/2484/gfs/sorc/gdas.cd/build/ioda/share/test/testinput//iodatest_odb_abiclr.yaml
-- Installing: /scratch1/NCEPDEV/global/CI/2484/gfs/sorc/gdas.cd/build/ioda/share/test/testinput//iodatest_odb_ahiclr.yaml
-- Installing: /scratch1/NCEPDEV/global/CI/2484/gfs/sorc/gdas.cd/build/ioda/share/test/testinput//iodatest_odb_aircraft.yaml
-- Installing: /scratch1/NCEPDEV/global/CI/2484/gfs/sorc/gdas.cd/build/ioda/share/test/testinput//iodatest_odb_aircraft_write.yaml
-- Installing: /scratch1/NCEPDEV/global/CI/2484/gfs/sorc/gdas.cd/build/ioda/share/test/testinput//iodatest_odb_airs.yaml
-- Installing: /scratch1/NCEPDEV/global/CI/2484/gfs/sorc/gdas.cd/build/ioda/share/test/testinput//iodatest_odb_altimeter.yaml
-- Installing: /scratch1/NCEPDEV/global/CI/2484/gfs/sorc/gdas.cd/build/ioda/share/test/testinput//iodatest_odb_amsr.yaml
-- Installing: /scratch1/NCEPDEV/global/CI/2484/gfs/sorc/gdas.cd/build/ioda/share/test/testinput//iodatest_odb_amsub.yaml
-- Installing: /scratch1/NCEPDEV/global/CI/2484/gfs/sorc/gdas.cd/build/ioda/share/test/testinput//iodatest_odb_aod.yaml
-- Installing: /scratch1/NCEPDEV/global/CI/2484/gfs/sorc/gdas.cd/build/ioda/share/test/testinput//iodatest_odb_aod_write.yaml
-- Installing: /scratch1/NCEPDEV/global/CI/2484/gfs/sorc/gdas.cd/build/ioda/share/test/testinput//iodatest_odb_aod_write_testdatasets.yaml
-- Installing: /scratch1/NCEPDEV/global/CI/2484/gfs/sorc/gdas.cd/build/ioda/share/test/testinput//iodatest_odb_atms.yaml
-- Installing: /scratch1/NCEPDEV/global/CI/2484/gfs/sorc/gdas.cd/build/ioda/share/test/testinput//iodatest_odb_atms_write.yaml
-- Installing: /scratch1/NCEPDEV/global/CI/2484/gfs/sorc/gdas.cd/build/ioda/share/test/testinput//iodatest_odb_atovs.yaml
-- Installing: /scratch1/NCEPDEV/global/CI/2484/gfs/sorc/gdas.cd/build/ioda/share/test/testinput//iodatest_odb_atovs_write.yaml
-- Installing: /scratch1/NCEPDEV/global/CI/2484/gfs/sorc/gdas.cd/build/ioda/share/test/testinput//iodatest_odb_cris.yaml
-- Installing: /scratch1/NCEPDEV/global/CI/2484/gfs/sorc/gdas.cd/build/ioda/share/test/testinput//iodatest_odb_crisfsr.yaml
-- Installing: /scratch1/NCEPDEV/global/CI/2484/gfs/sorc/gdas.cd/build/ioda/share/test/testinput//iodatest_odb_geocloud.yaml
-- Installing: /scratch1/NCEPDEV/global/CI/2484/gfs/sorc/gdas.cd/build/ioda/share/test/testinput//iodatest_odb_gmihigh.yaml
-- Installing: /scratch1/NCEPDEV/global/CI/2484/gfs/sorc/gdas.cd/build/ioda/share/test/testinput//iodatest_odb_gmihigh_write.yaml
-- Installing: /scratch1/NCEPDEV/global/CI/2484/gfs/sorc/gdas.cd/build/ioda/share/test/testinput//iodatest_odb_gmilow.yaml
-- Installing: /scratch1/NCEPDEV/global/CI/2484/gfs/sorc/gdas.cd/build/ioda/share/test/testinput//iodatest_odb_gnssro.yaml
-- Installing: /scratch1/NCEPDEV/global/CI/2484/gfs/sorc/gdas.cd/build/ioda/share/test/testinput//iodatest_odb_gnssro_profile.yaml
-- Installing: /scratch1/NCEPDEV/global/CI/2484/gfs/sorc/gdas.cd/build/ioda/share/test/testinput//iodatest_odb_groundgps.yaml
-- Installing: /scratch1/NCEPDEV/global/CI/2484/gfs/sorc/gdas.cd/build/ioda/share/test/testinput//iodatest_odb_hirasfsr.yaml
-- Installing: /scratch1/NCEPDEV/global/CI/2484/gfs/sorc/gdas.cd/build/ioda/share/test/testinput//iodatest_odb_hloswind.yaml
-- Installing: /scratch1/NCEPDEV/global/CI/2484/gfs/sorc/gdas.cd/build/ioda/share/test/testinput//iodatest_odb_iasi.yaml
-- Installing: /scratch1/NCEPDEV/global/CI/2484/gfs/sorc/gdas.cd/build/ioda/share/test/testinput//iodatest_odb_iasi_write.yaml
-- Installing: /scratch1/NCEPDEV/global/CI/2484/gfs/sorc/gdas.cd/build/ioda/share/test/testinput//iodatest_odb_mwri.yaml
-- Installing: /scratch1/NCEPDEV/global/CI/2484/gfs/sorc/gdas.cd/build/ioda/share/test/testinput//iodatest_odb_mwsfy3.yaml
-- Installing: /scratch1/NCEPDEV/global/CI/2484/gfs/sorc/gdas.cd/build/ioda/share/test/testinput//iodatest_odb_oceancolour.yaml
-- Installing: /scratch1/NCEPDEV/global/CI/2484/gfs/sorc/gdas.cd/build/ioda/share/test/testinput//iodatest_odb_oceansound.yaml
-- Installing: /scratch1/NCEPDEV/global/CI/2484/gfs/sorc/gdas.cd/build/ioda/share/test/testinput//iodatest_odb_oceansound_truncate_profiles.yaml
-- Installing: /scratch1/NCEPDEV/global/CI/2484/gfs/sorc/gdas.cd/build/ioda/share/test/testinput//iodatest_odb_satsst.yaml
-- Installing: /scratch1/NCEPDEV/global/CI/2484/gfs/sorc/gdas.cd/build/ioda/share/test/testinput//iodatest_odb_sattcwv.yaml
-- Installing: /scratch1/NCEPDEV/global/CI/2484/gfs/sorc/gdas.cd/build/ioda/share/test/testinput//iodatest_odb_satwind.yaml
-- Installing: /scratch1/NCEPDEV/global/CI/2484/gfs/sorc/gdas.cd/build/ioda/share/test/testinput//iodatest_odb_scatwind.yaml
-- Installing: /scratch1/NCEPDEV/global/CI/2484/gfs/sorc/gdas.cd/build/ioda/share/test/testinput//iodatest_odb_seaice.yaml
-- Installing: /scratch1/NCEPDEV/global/CI/2484/gfs/sorc/gdas.cd/build/ioda/share/test/testinput//iodatest_odb_seviriclr.yaml
-- Installing: /scratch1/NCEPDEV/global/CI/2484/gfs/sorc/gdas.cd/build/ioda/share/test/testinput//iodatest_odb_sonde.yaml
-- Installing: /scratch1/NCEPDEV/global/CI/2484/gfs/sorc/gdas.cd/build/ioda/share/test/testinput//iodatest_odb_sonde_history.yaml
-- Installing: /scratch1/NCEPDEV/global/CI/2484/gfs/sorc/gdas.cd/build/ioda/share/test/testinput//iodatest_odb_sonde_mixed.yaml
-- Installing: /scratch1/NCEPDEV/global/CI/2484/gfs/sorc/gdas.cd/build/ioda/share/test/testinput//iodatest_odb_sonde_time_displacement.yaml
-- Installing: /scratch1/NCEPDEV/global/CI/2484/gfs/sorc/gdas.cd/build/ioda/share/test/testinput//iodatest_odb_sonde_truncate_profiles.yaml
-- Installing: /scratch1/NCEPDEV/global/CI/2484/gfs/sorc/gdas.cd/build/ioda/share/test/testinput//iodatest_odb_sonde_write.yaml
-- Installing: /scratch1/NCEPDEV/global/CI/2484/gfs/sorc/gdas.cd/build/ioda/share/test/testinput//iodatest_odb_sonde_write_mixed.yaml
-- Installing: /scratch1/NCEPDEV/global/CI/2484/gfs/sorc/gdas.cd/build/ioda/share/test/testinput//iodatest_odb_ssmis.yaml
-- Installing: /scratch1/NCEPDEV/global/CI/2484/gfs/sorc/gdas.cd/build/ioda/share/test/testinput//iodatest_odb_surface.yaml
-- Installing: /scratch1/NCEPDEV/global/CI/2484/gfs/sorc/gdas.cd/build/ioda/share/test/testinput//iodatest_odb_surfacecloud.yaml
-- Installing: /scratch1/NCEPDEV/global/CI/2484/gfs/sorc/gdas.cd/build/ioda/share/test/testinput//iodatest_odb_surfacesst.yaml
-- Installing: /scratch1/NCEPDEV/global/CI/2484/gfs/sorc/gdas.cd/build/ioda/share/test/testinput//odb_default_name_map.yaml
-- Installing: /scratch1/NCEPDEV/global/CI/2484/gfs/sorc/gdas.cd/build/ioda/share/test/testinput//odb_aircraft_name_map.yaml
-- Installing: /scratch1/NCEPDEV/global/CI/2484/gfs/sorc/gdas.cd/build/ioda/share/test/testinput//odb_gnssro_name_map.yaml
-- Installing: /scratch1/NCEPDEV/global/CI/2484/gfs/sorc/gdas.cd/build/ioda/share/test/testinput//odb_gnssro_profile_name_map.yaml
-- Installing: /scratch1/NCEPDEV/global/CI/2484/gfs/sorc/gdas.cd/build/ioda/share/test/testinput//odb_oceansound_name_map.yaml
-- Installing: /scratch1/NCEPDEV/global/CI/2484/gfs/sorc/gdas.cd/build/ioda/share/test/testinput//odb_radiance_name_map.yaml
-- Installing: /scratch1/NCEPDEV/global/CI/2484/gfs/sorc/gdas.cd/build/ioda/share/test/testinput//odb_sonde_name_map.yaml
-- Installing: /scratch1/NCEPDEV/global/CI/2484/gfs/sorc/gdas.cd/build/ioda/share/test/testinput//odb_surface_name_map.yaml
-- Installing: /scratch1/NCEPDEV/global/CI/2484/gfs/sorc/gdas.cd/build/ioda/share/test/testinput//odb_surfacesst_name_map.yaml
-- Installing: /scratch1/NCEPDEV/global/CI/2484/gfs/sorc/gdas.cd/build/ioda/share/test/testinput//validation//ObsSpace.yaml
-- Use test data from ioda-data repository
-- ---------------------------------------------------------
-- Adding bundle project ufo
-- ---------------------------------------------------------
-- [ufo] (1.9.0)
-- Feature TESTS enabled
-- Found MPI: TRUE (found version "3.1") found components: C CXX Fortran 
-- Found Boost: /scratch1/NCEPDEV/nems/role.epic/spack-stack/spack-stack-1.6.0/envs/unified-env-rocky8/install/intel/2021.5.0/boost-1.83.0-a2avo2q/lib/cmake/Boost-1.83.0/BoostConfig.cmake (found version "1.83.0")  
-- Found MPI: TRUE (found version "3.1")  
-- Found NetCDF: /scratch1/NCEPDEV/nems/role.epic/spack-stack/spack-stack-1.6.0/envs/unified-env-rocky8/install/intel/2021.5.0/netcdf-c-4.9.2-ejp7j3k/include;/scratch1/NCEPDEV/nems/role.epic/spack-stack/spack-stack-1.6.0/envs/unified-env-rocky8/install/intel/2021.5.0/netcdf-fortran-4.6.1-ifhqcwv/include (found version "4.9.2") found components: C Fortran 
-- FindNetCDF defines targets:
--   - NetCDF_VERSION [4.9.2]
--   - NetCDF_PARALLEL [TRUE]
--   - NetCDF_C_CONFIG_EXECUTABLE [/scratch1/NCEPDEV/nems/role.epic/spack-stack/spack-stack-1.6.0/envs/unified-env-rocky8/install/intel/2021.5.0/netcdf-c-4.9.2-ejp7j3k/bin/nc-config]
--   - NetCDF::NetCDF_C [SHARED] [Root: /scratch1/NCEPDEV/nems/role.epic/spack-stack/spack-stack-1.6.0/envs/unified-env-rocky8/install/intel/2021.5.0/netcdf-c-4.9.2-ejp7j3k] Lib: /scratch1/NCEPDEV/nems/role.epic/spack-stack/spack-stack-1.6.0/envs/unified-env-rocky8/install/intel/2021.5.0/netcdf-c-4.9.2-ejp7j3k/lib/libnetcdf.so 
--   - NetCDF_Fortran_CONFIG_EXECUTABLE [/scratch1/NCEPDEV/nems/role.epic/spack-stack/spack-stack-1.6.0/envs/unified-env-rocky8/install/intel/2021.5.0/netcdf-fortran-4.6.1-ifhqcwv/bin/nf-config]
--   - NetCDF::NetCDF_Fortran [SHARED] [Root: /scratch1/NCEPDEV/nems/role.epic/spack-stack/spack-stack-1.6.0/envs/unified-env-rocky8/install/intel/2021.5.0/netcdf-fortran-4.6.1-ifhqcwv] Lib: /scratch1/NCEPDEV/nems/role.epic/spack-stack/spack-stack-1.6.0/envs/unified-env-rocky8/install/intel/2021.5.0/netcdf-fortran-4.6.1-ifhqcwv/lib/libnetcdff.so 
-- Found OpenMP_CXX: -qopenmp (found version "5.0") 
-- Found OpenMP: TRUE (found version "5.0") found components: CXX Fortran 
-- Found OpenMP_CXX: -qopenmp (found version "5.0") 
-- Found OpenMP: TRUE (found version "5.0") found components: CXX 
-- Found OpenMP_CXX: -qopenmp (found version "5.0") 
-- Found OpenMP_Fortran: -qopenmp (found version "5.0") 
-- Found OpenMP: TRUE (found version "5.0") found components: C CXX Fortran 
-- Found OpenMP_Fortran: -qopenmp (found version "5.0") 
-- Found OpenMP: TRUE (found version "5.0") found components: Fortran 
-- CRTM FOUND; Including CRTM Observation Operator (2.4.1)
-- RTTOV NOT FOUND; Excluding RTTOV Radiance Observation Operator
-- GSW FOUND; Including Marine Observation Operators (3.0.7)
-- ROPP NOT FOUND: Excluding GNSSRO Bending angle ROPP Operators
-- GEOS-AERO NOT FOUND: Excluding AOD operator from GEOS
-- OASIM NOT FOUND: Excluding Ocean Atmosphere Spectral Irradiance Model
-- Skipping download of test data from https://bin.ssec.wisc.edu/pub/s4/CRTM/file/crtm_coefficients_2.4.1_skylab_4.0.tar.gz since it already exists
-- Use test data from ufo-data repository
-- Running ufo tests for tiers up to and including tier 1
-- Installing: /scratch1/NCEPDEV/global/CI/2484/gfs/sorc/gdas.cd/build/ufo/resources/auxillary
-- Installing: /scratch1/NCEPDEV/global/CI/2484/gfs/sorc/gdas.cd/build/ufo/resources/auxillary/IASI_EmisEigenVec.dat
-- Installing: /scratch1/NCEPDEV/global/CI/2484/gfs/sorc/gdas.cd/build/ufo/resources/bmatrix
-- Installing: /scratch1/NCEPDEV/global/CI/2484/gfs/sorc/gdas.cd/build/ufo/resources/bmatrix/gnssro
-- Installing: /scratch1/NCEPDEV/global/CI/2484/gfs/sorc/gdas.cd/build/ufo/resources/bmatrix/gnssro/gnssro_bmatrix.txt
-- Installing: /scratch1/NCEPDEV/global/CI/2484/gfs/sorc/gdas.cd/build/ufo/resources/bmatrix/rttov
-- Installing: /scratch1/NCEPDEV/global/CI/2484/gfs/sorc/gdas.cd/build/ufo/resources/bmatrix/rttov/ssmis_bmatrix_70_test.dat
-- Installing: /scratch1/NCEPDEV/global/CI/2484/gfs/sorc/gdas.cd/build/ufo/resources/bmatrix/rttov/atms_bmatrix_70_test.dat
-- Installing: /scratch1/NCEPDEV/global/CI/2484/gfs/sorc/gdas.cd/build/ufo/resources/bmatrix/rttov/atovs_bmatrix_70_test.dat
-- Installing: /scratch1/NCEPDEV/global/CI/2484/gfs/sorc/gdas.cd/build/ufo/resources/bmatrix/rttov/amsr_bmatrix_70_test.dat
-- Installing: /scratch1/NCEPDEV/global/CI/2484/gfs/sorc/gdas.cd/build/ufo/resources/bmatrix/rttov/gmihigh_bmatrix_70_test.dat
-- Installing: /scratch1/NCEPDEV/global/CI/2484/gfs/sorc/gdas.cd/build/ufo/resources/bmatrix/rttov/iasi_bmatrix_70_test.dat
-- Installing: /scratch1/NCEPDEV/global/CI/2484/gfs/sorc/gdas.cd/build/ufo/resources/namemap
-- Installing: /scratch1/NCEPDEV/global/CI/2484/gfs/sorc/gdas.cd/build/ufo/resources/namemap/bayesian_name_map.yaml
-- Installing: /scratch1/NCEPDEV/global/CI/2484/gfs/sorc/gdas.cd/build/ufo/resources/namemap/test_name_map.yaml
-- Installing: /scratch1/NCEPDEV/global/CI/2484/gfs/sorc/gdas.cd/build/ufo/resources/rmatrix
-- Installing: /scratch1/NCEPDEV/global/CI/2484/gfs/sorc/gdas.cd/build/ufo/resources/rmatrix/gnssro
-- Installing: /scratch1/NCEPDEV/global/CI/2484/gfs/sorc/gdas.cd/build/ufo/resources/rmatrix/gnssro/gnssro_ba_rmatrix.nl
-- Installing: /scratch1/NCEPDEV/global/CI/2484/gfs/sorc/gdas.cd/build/ufo/resources/rmatrix/gnssro/gnssro_ba_rmatrix_latitude.nc4
-- Installing: /scratch1/NCEPDEV/global/CI/2484/gfs/sorc/gdas.cd/build/ufo/resources/rmatrix/gnssro/gnssro_ba_rmatrix_avtemp.nl
-- Installing: /scratch1/NCEPDEV/global/CI/2484/gfs/sorc/gdas.cd/build/ufo/resources/rmatrix/gnssro/gnssro_ba_rmatrix_latitude.nl
-- Installing: /scratch1/NCEPDEV/global/CI/2484/gfs/sorc/gdas.cd/build/ufo/resources/rmatrix/rttov
-- Installing: /scratch1/NCEPDEV/global/CI/2484/gfs/sorc/gdas.cd/build/ufo/resources/rmatrix/rttov/atms_noaa_20_rmatrix_test.nc4
-- Installing: /scratch1/NCEPDEV/global/CI/2484/gfs/sorc/gdas.cd/build/ufo/resources/rmatrix/rttov/atovs_metopb_rmatrix_test.nc4
-- Installing: /scratch1/NCEPDEV/global/CI/2484/gfs/sorc/gdas.cd/build/ufo/resources/rmatrix/rttov/amsr_gcomw1_rmatrix_test.nc4
-- Installing: /scratch1/NCEPDEV/global/CI/2484/gfs/sorc/gdas.cd/build/ufo/resources/rmatrix/rttov/gmihigh_gpm_rmatrix_test.nc4
-- Installing: /scratch1/NCEPDEV/global/CI/2484/gfs/sorc/gdas.cd/build/ufo/resources/rmatrix/rttov/ssmis_dmspf17_rmatrix_test.nc4
-- Installing: /scratch1/NCEPDEV/global/CI/2484/gfs/sorc/gdas.cd/build/ufo/resources/rmatrix/rttov/iasi_metopb_rmatrix_test.nc4
-- ---------------------------------------------------------
-- Adding bundle project fms
-- ---------------------------------------------------------
-- [fms] (2020.4.0)
-- Feature TESTS enabled
-- Found MPI: TRUE (found version "3.1") found components: C Fortran 
-- Found OpenMP_Fortran: -qopenmp (found version "5.0") 
-- Found OpenMP: TRUE (found version "5.0") found components: C Fortran 
-- Found MPI: TRUE (found version "3.1")  
-- Found NetCDF: /scratch1/NCEPDEV/nems/role.epic/spack-stack/spack-stack-1.6.0/envs/unified-env-rocky8/install/intel/2021.5.0/netcdf-c-4.9.2-ejp7j3k/include;/scratch1/NCEPDEV/nems/role.epic/spack-stack/spack-stack-1.6.0/envs/unified-env-rocky8/install/intel/2021.5.0/netcdf-fortran-4.6.1-ifhqcwv/include (found version "4.9.2") found components: Fortran 
-- FindNetCDF defines targets:
--   - NetCDF_VERSION [4.9.2]
--   - NetCDF_PARALLEL [TRUE]
--   - NetCDF_C_CONFIG_EXECUTABLE [/scratch1/NCEPDEV/nems/role.epic/spack-stack/spack-stack-1.6.0/envs/unified-env-rocky8/install/intel/2021.5.0/netcdf-c-4.9.2-ejp7j3k/bin/nc-config]
--   - NetCDF::NetCDF_C [SHARED] [Root: /scratch1/NCEPDEV/nems/role.epic/spack-stack/spack-stack-1.6.0/envs/unified-env-rocky8/install/intel/2021.5.0/netcdf-c-4.9.2-ejp7j3k] Lib: /scratch1/NCEPDEV/nems/role.epic/spack-stack/spack-stack-1.6.0/envs/unified-env-rocky8/install/intel/2021.5.0/netcdf-c-4.9.2-ejp7j3k/lib/libnetcdf.so 
--   - NetCDF_Fortran_CONFIG_EXECUTABLE [/scratch1/NCEPDEV/nems/role.epic/spack-stack/spack-stack-1.6.0/envs/unified-env-rocky8/install/intel/2021.5.0/netcdf-fortran-4.6.1-ifhqcwv/bin/nf-config]
--   - NetCDF::NetCDF_Fortran [SHARED] [Root: /scratch1/NCEPDEV/nems/role.epic/spack-stack/spack-stack-1.6.0/envs/unified-env-rocky8/install/intel/2021.5.0/netcdf-fortran-4.6.1-ifhqcwv] Lib: /scratch1/NCEPDEV/nems/role.epic/spack-stack/spack-stack-1.6.0/envs/unified-env-rocky8/install/intel/2021.5.0/netcdf-fortran-4.6.1-ifhqcwv/lib/libnetcdff.so 
-- Looking for gettid
-- Looking for gettid - not found
-- ---------------------------------------------------------
-- Adding bundle project fv3
-- ---------------------------------------------------------
-- [fv3] (1.2.0)
-- Feature TESTS enabled
-- Performing Test C_COMPILER_SUPPORTS_OMP
-- Performing Test C_COMPILER_SUPPORTS_OMP - Success
-- Performing Test CXX_COMPILER_SUPPORTS_OMP
-- Performing Test CXX_COMPILER_SUPPORTS_OMP - Success
-- Performing Test Fortran_COMPILER_SUPPORTS_OMP
-- Performing Test Fortran_COMPILER_SUPPORTS_OMP - Success
-- Found NetCDF: /scratch1/NCEPDEV/nems/role.epic/spack-stack/spack-stack-1.6.0/envs/unified-env-rocky8/install/intel/2021.5.0/netcdf-c-4.9.2-ejp7j3k/include;/scratch1/NCEPDEV/nems/role.epic/spack-stack/spack-stack-1.6.0/envs/unified-env-rocky8/install/intel/2021.5.0/netcdf-fortran-4.6.1-ifhqcwv/include (found version "4.9.2") found components: Fortran 
-- FindNetCDF defines targets:
--   - NetCDF_VERSION [4.9.2]
--   - NetCDF_PARALLEL [TRUE]
--   - NetCDF_C_CONFIG_EXECUTABLE [/scratch1/NCEPDEV/nems/role.epic/spack-stack/spack-stack-1.6.0/envs/unified-env-rocky8/install/intel/2021.5.0/netcdf-c-4.9.2-ejp7j3k/bin/nc-config]
--   - NetCDF::NetCDF_C [SHARED] [Root: /scratch1/NCEPDEV/nems/role.epic/spack-stack/spack-stack-1.6.0/envs/unified-env-rocky8/install/intel/2021.5.0/netcdf-c-4.9.2-ejp7j3k] Lib: /scratch1/NCEPDEV/nems/role.epic/spack-stack/spack-stack-1.6.0/envs/unified-env-rocky8/install/intel/2021.5.0/netcdf-c-4.9.2-ejp7j3k/lib/libnetcdf.so 
--   - NetCDF_Fortran_CONFIG_EXECUTABLE [/scratch1/NCEPDEV/nems/role.epic/spack-stack/spack-stack-1.6.0/envs/unified-env-rocky8/install/intel/2021.5.0/netcdf-fortran-4.6.1-ifhqcwv/bin/nf-config]
--   - NetCDF::NetCDF_Fortran [SHARED] [Root: /scratch1/NCEPDEV/nems/role.epic/spack-stack/spack-stack-1.6.0/envs/unified-env-rocky8/install/intel/2021.5.0/netcdf-fortran-4.6.1-ifhqcwv] Lib: /scratch1/NCEPDEV/nems/role.epic/spack-stack/spack-stack-1.6.0/envs/unified-env-rocky8/install/intel/2021.5.0/netcdf-fortran-4.6.1-ifhqcwv/lib/libnetcdff.so 
-- Found MPI: TRUE (found version "3.1") found components: CXX Fortran 
-- ---------------------------------------------------------
-- Adding bundle project femps
-- ---------------------------------------------------------
-- [femps] (1.2.0)
-- Feature TESTS enabled
-- Found MPI: TRUE (found version "3.1")  
-- Found NetCDF: /scratch1/NCEPDEV/nems/role.epic/spack-stack/spack-stack-1.6.0/envs/unified-env-rocky8/install/intel/2021.5.0/netcdf-c-4.9.2-ejp7j3k/include;/scratch1/NCEPDEV/nems/role.epic/spack-stack/spack-stack-1.6.0/envs/unified-env-rocky8/install/intel/2021.5.0/netcdf-fortran-4.6.1-ifhqcwv/include (found version "4.9.2") found components: Fortran 
-- FindNetCDF defines targets:
--   - NetCDF_VERSION [4.9.2]
--   - NetCDF_PARALLEL [TRUE]
--   - NetCDF_C_CONFIG_EXECUTABLE [/scratch1/NCEPDEV/nems/role.epic/spack-stack/spack-stack-1.6.0/envs/unified-env-rocky8/install/intel/2021.5.0/netcdf-c-4.9.2-ejp7j3k/bin/nc-config]
--   - NetCDF::NetCDF_C [SHARED] [Root: /scratch1/NCEPDEV/nems/role.epic/spack-stack/spack-stack-1.6.0/envs/unified-env-rocky8/install/intel/2021.5.0/netcdf-c-4.9.2-ejp7j3k] Lib: /scratch1/NCEPDEV/nems/role.epic/spack-stack/spack-stack-1.6.0/envs/unified-env-rocky8/install/intel/2021.5.0/netcdf-c-4.9.2-ejp7j3k/lib/libnetcdf.so 
--   - NetCDF_Fortran_CONFIG_EXECUTABLE [/scratch1/NCEPDEV/nems/role.epic/spack-stack/spack-stack-1.6.0/envs/unified-env-rocky8/install/intel/2021.5.0/netcdf-fortran-4.6.1-ifhqcwv/bin/nf-config]
--   - NetCDF::NetCDF_Fortran [SHARED] [Root: /scratch1/NCEPDEV/nems/role.epic/spack-stack/spack-stack-1.6.0/envs/unified-env-rocky8/install/intel/2021.5.0/netcdf-fortran-4.6.1-ifhqcwv] Lib: /scratch1/NCEPDEV/nems/role.epic/spack-stack/spack-stack-1.6.0/envs/unified-env-rocky8/install/intel/2021.5.0/netcdf-fortran-4.6.1-ifhqcwv/lib/libnetcdff.so 
-- ---------------------------------------------------------
-- Adding bundle project fv3-jedi-lm
-- ---------------------------------------------------------
-- [fv3jedilm] (1.4.0)
-- Feature TESTS enabled
-- Found MPI: TRUE (found version "3.1") found components: Fortran 
-- fv3jedilm FOUND MPI
-- Found package MPI required for feature MPI
-- Feature MPI enabled
-- Found MPI: TRUE (found version "3.1")  
-- Found NetCDF: /scratch1/NCEPDEV/nems/role.epic/spack-stack/spack-stack-1.6.0/envs/unified-env-rocky8/install/intel/2021.5.0/netcdf-c-4.9.2-ejp7j3k/include;/scratch1/NCEPDEV/nems/role.epic/spack-stack/spack-stack-1.6.0/envs/unified-env-rocky8/install/intel/2021.5.0/netcdf-fortran-4.6.1-ifhqcwv/include (found version "4.9.2") found components: Fortran 
-- FindNetCDF defines targets:
--   - NetCDF_VERSION [4.9.2]
--   - NetCDF_PARALLEL [TRUE]
--   - NetCDF_C_CONFIG_EXECUTABLE [/scratch1/NCEPDEV/nems/role.epic/spack-stack/spack-stack-1.6.0/envs/unified-env-rocky8/install/intel/2021.5.0/netcdf-c-4.9.2-ejp7j3k/bin/nc-config]
--   - NetCDF::NetCDF_C [SHARED] [Root: /scratch1/NCEPDEV/nems/role.epic/spack-stack/spack-stack-1.6.0/envs/unified-env-rocky8/install/intel/2021.5.0/netcdf-c-4.9.2-ejp7j3k] Lib: /scratch1/NCEPDEV/nems/role.epic/spack-stack/spack-stack-1.6.0/envs/unified-env-rocky8/install/intel/2021.5.0/netcdf-c-4.9.2-ejp7j3k/lib/libnetcdf.so 
--   - NetCDF_Fortran_CONFIG_EXECUTABLE [/scratch1/NCEPDEV/nems/role.epic/spack-stack/spack-stack-1.6.0/envs/unified-env-rocky8/install/intel/2021.5.0/netcdf-fortran-4.6.1-ifhqcwv/bin/nf-config]
--   - NetCDF::NetCDF_Fortran [SHARED] [Root: /scratch1/NCEPDEV/nems/role.epic/spack-stack/spack-stack-1.6.0/envs/unified-env-rocky8/install/intel/2021.5.0/netcdf-fortran-4.6.1-ifhqcwv] Lib: /scratch1/NCEPDEV/nems/role.epic/spack-stack/spack-stack-1.6.0/envs/unified-env-rocky8/install/intel/2021.5.0/netcdf-fortran-4.6.1-ifhqcwv/lib/libnetcdff.so 
-- ---------------------------------------------------------
-- Adding bundle project fv3-jedi
-- ---------------------------------------------------------
-- [fv3jedi] (1.8.0)
-- Feature TESTS enabled
-- Found NetCDF: /scratch1/NCEPDEV/nems/role.epic/spack-stack/spack-stack-1.6.0/envs/unified-env-rocky8/install/intel/2021.5.0/netcdf-c-4.9.2-ejp7j3k/include;/scratch1/NCEPDEV/nems/role.epic/spack-stack/spack-stack-1.6.0/envs/unified-env-rocky8/install/intel/2021.5.0/netcdf-fortran-4.6.1-ifhqcwv/include (found version "4.9.2") found components: C Fortran 
-- FindNetCDF defines targets:
--   - NetCDF_VERSION [4.9.2]
--   - NetCDF_PARALLEL [TRUE]
--   - NetCDF_C_CONFIG_EXECUTABLE [/scratch1/NCEPDEV/nems/role.epic/spack-stack/spack-stack-1.6.0/envs/unified-env-rocky8/install/intel/2021.5.0/netcdf-c-4.9.2-ejp7j3k/bin/nc-config]
--   - NetCDF::NetCDF_C [SHARED] [Root: /scratch1/NCEPDEV/nems/role.epic/spack-stack/spack-stack-1.6.0/envs/unified-env-rocky8/install/intel/2021.5.0/netcdf-c-4.9.2-ejp7j3k] Lib: /scratch1/NCEPDEV/nems/role.epic/spack-stack/spack-stack-1.6.0/envs/unified-env-rocky8/install/intel/2021.5.0/netcdf-c-4.9.2-ejp7j3k/lib/libnetcdf.so 
--   - NetCDF_Fortran_CONFIG_EXECUTABLE [/scratch1/NCEPDEV/nems/role.epic/spack-stack/spack-stack-1.6.0/envs/unified-env-rocky8/install/intel/2021.5.0/netcdf-fortran-4.6.1-ifhqcwv/bin/nf-config]
--   - NetCDF::NetCDF_Fortran [SHARED] [Root: /scratch1/NCEPDEV/nems/role.epic/spack-stack/spack-stack-1.6.0/envs/unified-env-rocky8/install/intel/2021.5.0/netcdf-fortran-4.6.1-ifhqcwv] Lib: /scratch1/NCEPDEV/nems/role.epic/spack-stack/spack-stack-1.6.0/envs/unified-env-rocky8/install/intel/2021.5.0/netcdf-fortran-4.6.1-ifhqcwv/lib/libnetcdff.so 
-- Found OpenMP_CXX: -qopenmp (found version "5.0") 
-- Found OpenMP: TRUE (found version "5.0") found components: CXX 
-- Found OpenMP_CXX: -qopenmp (found version "5.0") 
-- Found OpenMP: TRUE (found version "5.0") found components: CXX Fortran 
-- Found OpenMP_Fortran: -qopenmp (found version "5.0") 
-- Found OpenMP: TRUE (found version "5.0") found components: Fortran 
-- Found sp: /scratch1/NCEPDEV/nems/role.epic/spack-stack/spack-stack-1.6.0/envs/unified-env-rocky8/install/intel/2021.5.0/sp-2.5.0-2pqzhuv/lib64/libsp_4.a (found version "2.5.0")
-- Found OpenMP_Fortran: -qopenmp (found version "5.0") 
-- FV3-SABER block GSI is enabled
-- Found sp: /scratch1/NCEPDEV/nems/role.epic/spack-stack/spack-stack-1.6.0/envs/unified-env-rocky8/install/intel/2021.5.0/sp-2.5.0-2pqzhuv/lib64/libsp_4.a (found version "2.5.0")
-- Found OpenMP_CXX: -qopenmp (found version "5.0") 
-- Found OpenMP_Fortran: -qopenmp (found version "5.0") 
-- Found OpenMP: TRUE (found version "5.0") found components: C CXX Fortran 
-- Found OpenMP_Fortran: -qopenmp (found version "5.0") 
-- Found OpenMP: TRUE (found version "5.0") found components: Fortran 
-- Found MPI: TRUE (found version "3.1") found components: CXX Fortran 
-- Use crtm test data provided by ufo in /scratch1/NCEPDEV/global/CI/2484/gfs/sorc/gdas.cd/bundle/test-data-release/crtm/2.4.1_skylab_4.0
-- Use test data from fv3-jedi-data repository
CMake Error: failed to create symbolic link '/scratch1/NCEPDEV/global/CI/2484/gfs/sorc/gdas.cd/build/fv3-jedi/test/Data/inputs/gfs_c12/mem000': No such file or directory
-- Running fv3jedi tests for tiers up to and including tier 1
-- ---------------------------------------------------------
-- Adding bundle project icepack
CMake Warning (dev) at icepack/CMakeLists.txt:14 (find_package):
  Policy CMP0074 is not set: find_package uses <PackageName>_ROOT variables.
  Run "cmake --help-policy CMP0074" for policy details.  Use the cmake_policy
  command to set the policy and suppress this warning.

  Environment variable ecbuild_ROOT is set to:

    /scratch1/NCEPDEV/nems/role.epic/spack-stack/spack-stack-1.6.0/envs/unified-env-rocky8/install/intel/2021.5.0/ecbuild-3.7.2-7yxdhug

  For compatibility, CMake is ignoring the variable.
This warning is for project developers.  Use -Wno-dev to suppress it.

-- ---------------------------------------------------------
-- [icepack] (1.2.0)
-- Feature TESTS enabled
-- Found OpenMP_Fortran: -qopenmp (found version "5.0") 
-- Found OpenMP: TRUE (found version "5.0") found components: C Fortran 
-- Found MPI: TRUE (found version "3.1") found components: C Fortran 
-- Found NetCDF: /scratch1/NCEPDEV/nems/role.epic/spack-stack/spack-stack-1.6.0/envs/unified-env-rocky8/install/intel/2021.5.0/netcdf-fortran-4.6.1-ifhqcwv/include (found version "4.9.2") found components: Fortran 
-- FindNetCDF defines targets:
--   - NetCDF::NetCDF_Fortran [/scratch1/NCEPDEV/nems/role.epic/spack-stack/spack-stack-1.6.0/envs/unified-env-rocky8/install/intel/2021.5.0/netcdf-fortran-4.6.1-ifhqcwv/lib/libnetcdff.so]
-- ---------------------------------------------------------
-- Adding bundle project mom6
-- ---------------------------------------------------------
-- [mom6] (2022.1.0)
-- Feature TESTS enabled
-- FindNetCDF defines targets:
--   - NetCDF::NetCDF_Fortran [/scratch1/NCEPDEV/nems/role.epic/spack-stack/spack-stack-1.6.0/envs/unified-env-rocky8/install/intel/2021.5.0/netcdf-fortran-4.6.1-ifhqcwv/lib/libnetcdff.so]
-- ---------------------------------------------------------
-- Adding bundle project soca
-- ---------------------------------------------------------
-- [soca] (1.7.0)
-- Feature TESTS enabled
-- FindNetCDF defines targets:
--   - NetCDF::NetCDF_Fortran [/scratch1/NCEPDEV/nems/role.epic/spack-stack/spack-stack-1.6.0/envs/unified-env-rocky8/install/intel/2021.5.0/netcdf-fortran-4.6.1-ifhqcwv/lib/libnetcdff.so]
-- Found OpenMP_CXX: -qopenmp (found version "5.0") 
-- Found OpenMP: TRUE (found version "5.0") found components: CXX 
-- Found OpenMP_CXX: -qopenmp (found version "5.0") 
-- Found OpenMP: TRUE (found version "5.0") found components: CXX Fortran 
-- Found MPI: TRUE (found version "3.1") found components: CXX Fortran 
-- Found OpenMP_Fortran: -qopenmp (found version "5.0") 
-- Found OpenMP: TRUE (found version "5.0") found components: Fortran 
-- Found sp: /scratch1/NCEPDEV/nems/role.epic/spack-stack/spack-stack-1.6.0/envs/unified-env-rocky8/install/intel/2021.5.0/sp-2.5.0-2pqzhuv/lib64/libsp_4.a (found version "2.5.0")
-- Found OpenMP_CXX: -qopenmp (found version "5.0") 
-- Found OpenMP_Fortran: -qopenmp (found version "5.0") 
-- Found OpenMP: TRUE (found version "5.0") found components: C CXX Fortran 
-- Found MPI: TRUE (found version "3.1")  
-- Found NetCDF: /scratch1/NCEPDEV/nems/role.epic/spack-stack/spack-stack-1.6.0/envs/unified-env-rocky8/install/intel/2021.5.0/netcdf-c-4.9.2-ejp7j3k/include;/scratch1/NCEPDEV/nems/role.epic/spack-stack/spack-stack-1.6.0/envs/unified-env-rocky8/install/intel/2021.5.0/netcdf-fortran-4.6.1-ifhqcwv/include (found version "4.9.2")  
-- FindNetCDF defines targets:
--   - NetCDF_VERSION [4.9.2]
--   - NetCDF_PARALLEL [TRUE]
--   - NetCDF_C_CONFIG_EXECUTABLE [/scratch1/NCEPDEV/nems/role.epic/spack-stack/spack-stack-1.6.0/envs/unified-env-rocky8/install/intel/2021.5.0/netcdf-c-4.9.2-ejp7j3k/bin/nc-config]
--   - NetCDF::NetCDF_C [SHARED] [Root: /scratch1/NCEPDEV/nems/role.epic/spack-stack/spack-stack-1.6.0/envs/unified-env-rocky8/install/intel/2021.5.0/netcdf-c-4.9.2-ejp7j3k] Lib: /scratch1/NCEPDEV/nems/role.epic/spack-stack/spack-stack-1.6.0/envs/unified-env-rocky8/install/intel/2021.5.0/netcdf-c-4.9.2-ejp7j3k/lib/libnetcdf.so 
-- Found OpenMP_Fortran: -qopenmp (found version "5.0") 
-- Found OpenMP: TRUE (found version "5.0") found components: Fortran 
-- ---------------------------------------------------------
-- Adding bundle project gdas-utils
-- Found NetCDF: /scratch1/NCEPDEV/nems/role.epic/spack-stack/spack-stack-1.6.0/envs/unified-env-rocky8/install/intel/2021.5.0/netcdf-cxx4-4.3.1-wba23ef/include (found version "4.9.2") found components: CXX 
-- FindNetCDF defines targets:
--   - NetCDF::NetCDF_CXX [/scratch1/NCEPDEV/nems/role.epic/spack-stack/spack-stack-1.6.0/envs/unified-env-rocky8/install/intel/2021.5.0/netcdf-cxx4-4.3.1-wba23ef/lib/libnetcdf_c++4.so]
-- Found OpenMP_CXX: -qopenmp (found version "5.0") 
-- Found OpenMP_Fortran: -qopenmp (found version "5.0") 
-- Found OpenMP: TRUE (found version "5.0") found components: CXX Fortran 
-- Found MPI: TRUE (found version "3.1") found components: CXX Fortran 
-- Found OpenMP_CXX: -qopenmp (found version "5.0") 
-- Found OpenMP: TRUE (found version "5.0") found components: CXX 
-- Found OpenMP_CXX: -qopenmp (found version "5.0") 
-- ---------------------------------------------------------
-- Adding bundle project iodaconv
-- ---------------------------------------------------------
-- [iodaconv] (0.0.1)
-- Feature TESTS enabled
-- Skipping python tests that import pygrib
-- Found: eccodes
-- Found MPI: TRUE (found version "3.1")  
-- Found bufr: /scratch1/NCEPDEV/nems/role.epic/spack-stack/spack-stack-1.6.0/envs/unified-env-rocky8/install/intel/2021.5.0/bufr-12.0.1-nz7jhfd/lib64/libbufr_4.so (found version "12.0.1")
-- Found: bufr
-- Found: NetCDF::NetCDF_Fortran
-- Enabled Component: gnssro
-- Found: nceplib bufr
-- Found: eckit
-- Found: oops
-- Found: ioda
-- Found: bufr
-- Enabled Component: bufr
-- Found: eckit
-- Found: bufr
-- Found: pybind11
-- Found: gsl-lite
-- Enabled Component: bufr python
-- Enabled Component: satbias converter
-- Enabled Component: obserror converter
-- Found: bufr
-- Found: NetCDF::NetCDF_Fortran
-- Enabled Component: pbfortran
-- ---------------------------------------------------------
-- Adding bundle project land-imsproc
-- ---------------------------------------------------------
-- [imsproc] (2022.10)
-- Feature TESTS enabled
-- Found OpenMP: TRUE (found version "5.0") found components: C Fortran 
-- Found MPI: TRUE (found version "3.1") found components: C Fortran 
-- Found NetCDF: /scratch1/NCEPDEV/nems/role.epic/spack-stack/spack-stack-1.6.0/envs/unified-env-rocky8/install/intel/2021.5.0/netcdf-fortran-4.6.1-ifhqcwv/include (found version "4.9.2") found components: Fortran 
-- FindNetCDF defines targets:
--   - NetCDF::NetCDF_Fortran [/scratch1/NCEPDEV/nems/role.epic/spack-stack/spack-stack-1.6.0/envs/unified-env-rocky8/install/intel/2021.5.0/netcdf-fortran-4.6.1-ifhqcwv/lib/libnetcdff.so]
-- ---------------------------------------------------------
-- Adding bundle project land-jediincr
-- ---------------------------------------------------------
-- [jediincr] (2022.10)
-- Feature TESTS enabled
-- FindNetCDF defines targets:
--   - NetCDF::NetCDF_Fortran [/scratch1/NCEPDEV/nems/role.epic/spack-stack/spack-stack-1.6.0/envs/unified-env-rocky8/install/intel/2021.5.0/netcdf-fortran-4.6.1-ifhqcwv/lib/libnetcdff.so]
-- ---------------------------------------------------------
-- Adding bundle project gdas
-- ---------------------------------------------------------
-- [GDASApp] (1.0.0)
-- Feature TESTS enabled
-- Found Python3: /scratch1/NCEPDEV/nems/role.epic/spack-stack/spack-stack-1.6.0/envs/unified-env-rocky8/install/intel/2021.5.0/python-3.10.13-2p2rady/bin/python3.10 (found version "3.10.13") found components: Interpreter 
-- [download 0% complete]
CMake Error at gdas/test/CMakeLists.txt:8 (file):
  file DOWNLOAD HASH mismatch

    for file: [/scratch1/NCEPDEV/global/CI/2484/gfs/sorc/gdas.cd/build/gdas/test/gdasapp-fix-bda76f.tgz]
      expected hash: [bda76f96666405f72abef56ad4d7d5b93ca153cd7d675853fbdb199096949f8a]
        actual hash: [e3b0c44298fc1c149afbf4c8996fb92427ae41e4649b934ca495991b7852b855]
             status: [22;"HTTP response code said error"]



ctest for JGLOBAL_PREP_OCEAN_OBS
ctest for JGDAS_GLOBAL_OCEAN_ANALYSIS_PREP
ctest for JGDAS_GLOBAL_OCEAN_ANALYSIS_BMAT
ctest for JGDAS_GLOBAL_OCEAN_ANALYSIS_RUN
ctest for JGDAS_GLOBAL_OCEAN_ANALYSIS_ECEN
ctest for JGDAS_GLOBAL_OCEAN_ANALYSIS_CHKPT
ctest for JGDAS_GLOBAL_OCEAN_ANALYSIS_POST
ctest for JGDAS_GLOBAL_OCEAN_ANALYSIS_VRFY
CMake Error at gdas/test/atm/CMakeLists.txt:7 (file):
  file failed to create symbolic link
  '/scratch1/NCEPDEV/global/CI/2484/gfs/sorc/gdas.cd/build/gdas/test/testdata/gdas.t06z.adpsfc.tm00.bufr_d':
  No such file or directory


-- ---------------------------------------------------------
-- Bundle GDAS-bundle
-- ---------------------------------------------------------
-- ---------------------------------------------------------
-- Build summary
-- ---------------------------------------------------------
-- system : [hfe06] [Linux-4.18.0-477.27.1.el8_8.x86_64] [linux.64]
-- processor        : [x86_64]
-- endiness         : Little Endian -- IEEE []
-- build type       : [RelWithDebInfo]
-- timestamp        : [20240416200529]
-- install prefix   : [/usr/local]
--   bin dir        : [/usr/local/bin]
--   lib dir        : [/usr/local/lib64]
--   include dir    : [/usr/local/include]
--   data dir       : [/usr/local/share/GDAS-bundle]
--   cmake dir      : [/usr/local/lib64/cmake/GDAS-bundle]
-- ---------------------------------------------------------
-- C -- Intel 2021.5.0.20211109
--     compiler   : /apps/oneapi/mpi/2021.5.1/bin/mpiicc
--     flags      :  -O2 -g -DNDEBUG  
--     link flags : 
-- CXX -- Intel 2021.5.0.20211109
--     compiler   : /apps/oneapi/mpi/2021.5.1/bin/mpiicpc
--     flags      :  -O2 -g -DNDEBUG  
--     link flags : 
-- Fortran -- Intel 2021.5.0.20211109
--     compiler   : /apps/oneapi/mpi/2021.5.1/bin/mpiifort
--     flags      :  -O2 -g -DNDEBUG -heap-arrays 32  
--     link flags : 
-- linker : /usr/bin/ld
-- ar     : /usr/bin/ar
-- ranlib : /usr/bin/ranlib
-- link flags
--     executable [    -Wl,--disable-new-dtags ]
--     shared lib [ -Wl,--disable-new-dtags ]
--     static lib [ -Wl,--disable-new-dtags ]
-- install rpath  : $ORIGIN/../lib64
-- common definitions: 
-- ---------------------------------------------------------
-- Feature summary
-- ---------------------------------------------------------
-- The following features have been enabled:

 * TESTS, GDAS-bundle: Enable the unit tests, GDAS-bundle: Enable the unit tests, crtm: Enable the unit tests, CRTM_Tests: Enable the unit tests, gsibec: Enable the unit tests, gsw: Enable the unit tests, oops: Enable the unit tests, vader: Enable the unit tests, saber: Enable the unit tests, ioda: Enable the unit tests, ufo: Enable the unit tests, fms: Enable the unit tests, fv3: Enable the unit tests, femps: Enable the unit tests, fv3jedilm: Enable the unit tests, fv3jedi: Enable the unit tests, icepack: Enable the unit tests, mom6: Enable the unit tests, soca: Enable the unit tests, iodaconv: Enable the unit tests, imsproc: Enable the unit tests, jediincr: Enable the unit tests, GDASApp: Enable the unit tests
 * Python, Build Python bindings using pybind11
 * MPI, fv3jedilm: Support for MPI distributed parallelism

-- The following OPTIONAL packages have been found:

 * FFTW (required version >= 3.3.8)
 * icepack (required version >= 1.2.0)
 * pybind11
 * eccodes
 * bufr (required version >= 12.0.1)
 * PkgConfig
 * Perl
 * Git

-- The following REQUIRED packages have been found:

 * femps (required version >= 1.0.0)
 * fv3
 * fv3jedilm (required version >= 1.0.0)
 * gsw
 * gsibec
 * sp
 * vader
 * saber (required version >= 1.9.0)
 * crtm
 * ufo (required version >= 1.9.0)
 * fms (required version >= 2020.4.0)
 * mom6 (required version >= 2020.4.0)
 * soca
 * fv3jedi
 * jedicmake
 * MKL
 * boost_headers (required version == 1.83.0)
 * Boost
 * eckit
 * fckit
 * Eigen3
 * atlas
 * nlohmann_json
 * oops
 * gsl-lite
 * HDF5
 * udunits (required version >= 2.2.0)
 * ioda
 * OpenMP
 * MPI, fv3jedilm: Support for MPI distributed parallelism
 * NetCDF
 * ecbuild (required version >= 3.5)
 * Python3

-- The following OPTIONAL packages have not been found:

 * nlohmann_json_schema_validator
 * odc (required version >= 1.4.6)
 * rttov (required version >= 12.1.0)
 * oasim
 * ropp-ufo
 * geos-aero
 * cartopy

-- Configuring incomplete, errors occurred!
See also "/scratch1/NCEPDEV/global/CI/2484/gfs/sorc/gdas.cd/build/CMakeFiles/CMakeOutput.log".
See also "/scratch1/NCEPDEV/global/CI/2484/gfs/sorc/gdas.cd/build/CMakeFiles/CMakeError.log".
