Begin atmos_products.sh at Wed May 15 19:32:15 UTC 2024
+ atmos_products.sh[11]: . /scratch1/NCEPDEV/global/CI/2584/gfs/ush/load_fv3gfs_modules.sh
++ load_fv3gfs_modules.sh[4]: [[ NO == \N\O ]]
++ load_fv3gfs_modules.sh[5]: echo 'Loading modules quietly...'
Loading modules quietly...
++ load_fv3gfs_modules.sh[6]: set +x
Running "module reset". Resetting modules to system default. The following $MODULEPATH directories have been removed: None

Currently Loaded Modules:
  1) contrib                          43) ip/4.3.0
  2) intel/2022.1.2                   44) grib-util/1.3.0
  3) stack-intel/2021.5.0             45) g2tmpl/1.10.2
  4) impi/2022.1.2                    46) gsi-ncdiag/1.1.2
  5) stack-intel-oneapi-mpi/2021.5.1  47) crtm-fix/2.4.0.1_emc
  6) gettext/0.19.8.1                 48) git-lfs/2.10.0
  7) libxcrypt/4.4.35                 49) crtm/2.4.0.1
  8) zlib/1.2.13                      50) openblas/0.3.24
  9) sqlite/3.43.2                    51) py-setuptools/63.4.3
 10) util-linux-uuid/2.38.1           52) py-numpy/1.23.4
 11) python/3.11.6                    53) bufr/11.7.0
 12) hpss/hpss                        54) gmake/3.82
 13) gempak/7.17.0                    55) wgrib2/2.0.8
 14) ncl/6.6.2                        56) py-f90nml/1.4.3
 15) libjpeg/2.1.0                    57) py-cftime/1.0.3.4
 16) jasper/2.0.32                    58) py-netcdf4/1.5.8
 17) libpng/1.6.37                    59) libyaml/0.2.5
 18) openjpeg/2.3.1                   60) py-pyyaml/6.0
 19) eccodes/2.32.0                   61) py-markupsafe/2.1.3
 20) fftw/3.3.10                      62) py-jinja2/3.1.2
 21) nghttp2/1.57.0                   63) py-bottleneck/1.3.7
 22) curl/8.4.0                       64) py-numexpr/2.8.4
 23) proj/8.1.0                       65) py-et-xmlfile/1.0.1
 24) udunits/2.2.28                   66) py-openpyxl/3.1.2
 25) cdo/2.2.0                        67) py-pytz/2023.3
 26) R/3.6.1                          68) py-pyxlsb/1.0.10
 27) perl/5.38.0                      69) py-xlrd/2.0.1
 28) pkg-config/0.27.1                70) py-xlsxwriter/3.1.7
 29) hdf5/1.14.0                      71) py-xlwt/1.3.0
 30) snappy/1.1.10                    72) py-pandas/1.5.3
 31) zstd/1.5.2                       73) py-six/1.16.0
 32) c-blosc/1.21.5                   74) py-python-dateutil/2.8.2
 33) netcdf-c/4.9.2                   75) g2c/1.6.4
 34) netcdf-fortran/4.6.1             76) netcdf-cxx4/4.3.1
 35) antlr/2.7.7                      77) met/9.1.3
 36) gsl/2.7.1                        78) metplus/3.1.1
 37) nco/5.0.6                        79) py-packaging/23.1
 38) bacio/2.4.1                      80) py-xarray/2023.7.0
 39) w3emc/2.10.0                     81) prepobs/1.0.1
 40) prod_util/2.1.1                  82) fit2obs/1.0.0
 41) g2/3.4.5                         83) module_base.hera
 42) sp/2.5.0

 

+ atmos_products.sh[12]: status=0
+ atmos_products.sh[13]: ((  status != 0  ))
+ atmos_products.sh[15]: export job=atmos_products
+ atmos_products.sh[15]: job=atmos_products
+ atmos_products.sh[16]: export jobid=atmos_products.1134404
+ atmos_products.sh[16]: jobid=atmos_products.1134404
+ atmos[20]: IFS=_
+ atmos[20]: read -ra fhrs
+ atmos_products.sh[24]: for fhr in "${fhrs[@]}"
+ atmos_products.sh[27]: fhr=10#081
+ atmos_products.sh[28]: fhr=10#081
+ atmos_products.sh[29]: export FORECAST_HOUR=81
+ atmos_products.sh[29]: FORECAST_HOUR=81
+ atmos_products.sh[30]: /scratch1/NCEPDEV/global/CI/2584/gfs/jobs/JGLOBAL_ATMOS_PRODUCTS
Begin JGLOBAL_ATMOS_PRODUCTS at Wed May 15 19:32:18 UTC 2024
+ JGLOBAL_ATMOS_PRODUCTS[4]: source /scratch1/NCEPDEV/global/CI/2584/gfs/ush/jjob_header.sh -e atmos_products -c 'base atmos_products'
++ jjob_header.sh[44]: OPTIND=1
++ jjob_header.sh[45]: getopts c:e: option
++ jjob_header.sh[46]: case "${option}" in
++ jjob_header.sh[48]: env_job=atmos_products
++ jjob_header.sh[45]: getopts c:e: option
++ jjob_header.sh[46]: case "${option}" in
++ jjob_header.sh[47]: read -ra configs
++ jjob_header.sh[45]: getopts c:e: option
++ jjob_header.sh[59]: shift 4
++ jjob_header.sh[61]: [[ -z atmos_products ]]
++ jjob_header.sh[69]: export DATA=/scratch1/NCEPDEV/stmp2/Terry.McGuinness/RUNDIRS/C48_ATM_dbcfdd48/atmos_products.1134404
++ jjob_header.sh[69]: DATA=/scratch1/NCEPDEV/stmp2/Terry.McGuinness/RUNDIRS/C48_ATM_dbcfdd48/atmos_products.1134404
++ jjob_header.sh[70]: [[ YES == \Y\E\S ]]
++ jjob_header.sh[71]: rm -rf /scratch1/NCEPDEV/stmp2/Terry.McGuinness/RUNDIRS/C48_ATM_dbcfdd48/atmos_products.1134404
++ jjob_header.sh[73]: mkdir -p /scratch1/NCEPDEV/stmp2/Terry.McGuinness/RUNDIRS/C48_ATM_dbcfdd48/atmos_products.1134404
++ jjob_header.sh[74]: cd /scratch1/NCEPDEV/stmp2/Terry.McGuinness/RUNDIRS/C48_ATM_dbcfdd48/atmos_products.1134404
++ jjob_header.sh[80]: export cycle=t12z
++ jjob_header.sh[80]: cycle=t12z
++ jjob_header.sh[81]: setpdy.sh
sed: can't read /scratch1/NCEPDEV/global/CI/2584/RUNTESTS/COMROOT/date/t12z: No such file or directory
 completed cleanly
 completed cleanly
Source PDY script to export PDYm7, ..., PDY, ..., PDYp7 variables.
++ jjob_header.sh[82]: source ./PDY
+++ PDY[1]: export PDYm7=20210316
+++ PDY[1]: PDYm7=20210316
+++ PDY[2]: export PDYm6=20210317
+++ PDY[2]: PDYm6=20210317
+++ PDY[3]: export PDYm5=20210318
+++ PDY[3]: PDYm5=20210318
+++ PDY[4]: export PDYm4=20210319
+++ PDY[4]: PDYm4=20210319
+++ PDY[5]: export PDYm3=20210320
+++ PDY[5]: PDYm3=20210320
+++ PDY[6]: export PDYm2=20210321
+++ PDY[6]: PDYm2=20210321
+++ PDY[7]: export PDYm1=20210322
+++ PDY[7]: PDYm1=20210322
+++ PDY[8]: export PDY=20210323
+++ PDY[8]: PDY=20210323
+++ PDY[9]: export PDYp1=20210324
+++ PDY[9]: PDYp1=20210324
+++ PDY[10]: export PDYp2=20210325
+++ PDY[10]: PDYp2=20210325
+++ PDY[11]: export PDYp3=20210326
+++ PDY[11]: PDYp3=20210326
+++ PDY[12]: export PDYp4=20210327
+++ PDY[12]: PDYp4=20210327
+++ PDY[13]: export PDYp5=20210328
+++ PDY[13]: PDYp5=20210328
+++ PDY[14]: export PDYp6=20210329
+++ PDY[14]: PDYp6=20210329
+++ PDY[15]: export PDYp7=20210330
+++ PDY[15]: PDYp7=20210330
++ jjob_header.sh[88]: export pid=1134706
++ jjob_header.sh[88]: pid=1134706
++ jjob_header.sh[89]: export pgmout=OUTPUT.1134706
++ jjob_header.sh[89]: pgmout=OUTPUT.1134706
++ jjob_header.sh[90]: export pgmerr=errfile
++ jjob_header.sh[90]: pgmerr=errfile
++ jjob_header.sh[96]: export EXPDIR=/scratch1/NCEPDEV/global/CI/2584/RUNTESTS/EXPDIR/C48_ATM_dbcfdd48
++ jjob_header.sh[96]: EXPDIR=/scratch1/NCEPDEV/global/CI/2584/RUNTESTS/EXPDIR/C48_ATM_dbcfdd48
++ jjob_header.sh[97]: for config in "${configs[@]:-''}"
++ jjob_header.sh[98]: source /scratch1/NCEPDEV/global/CI/2584/RUNTESTS/EXPDIR/C48_ATM_dbcfdd48/config.base
+++ config.base[6]: echo 'BEGIN: config.base'
BEGIN: config.base
+++ config.base[9]: export machine=HERA
+++ config.base[9]: machine=HERA
+++ config.base[12]: export RUN_ENVIR=emc
+++ config.base[12]: RUN_ENVIR=emc
+++ config.base[15]: export ACCOUNT=nems
+++ config.base[15]: ACCOUNT=nems
+++ config.base[16]: export QUEUE=batch
+++ config.base[16]: QUEUE=batch
+++ config.base[17]: export QUEUE_SERVICE=batch
+++ config.base[17]: QUEUE_SERVICE=batch
+++ config.base[18]: export PARTITION_BATCH=hera
+++ config.base[18]: PARTITION_BATCH=hera
+++ config.base[19]: export PARTITION_SERVICE=service
+++ config.base[19]: PARTITION_SERVICE=service
+++ config.base[22]: export HPSS_PROJECT=emc-global
+++ config.base[22]: HPSS_PROJECT=emc-global
+++ config.base[25]: export HOMEgfs=/scratch1/NCEPDEV/global/CI/2584/gfs
+++ config.base[25]: HOMEgfs=/scratch1/NCEPDEV/global/CI/2584/gfs
+++ config.base[26]: export EXECgfs=/scratch1/NCEPDEV/global/CI/2584/gfs/exec
+++ config.base[26]: EXECgfs=/scratch1/NCEPDEV/global/CI/2584/gfs/exec
+++ config.base[27]: export FIXgfs=/scratch1/NCEPDEV/global/CI/2584/gfs/fix
+++ config.base[27]: FIXgfs=/scratch1/NCEPDEV/global/CI/2584/gfs/fix
+++ config.base[28]: export PARMgfs=/scratch1/NCEPDEV/global/CI/2584/gfs/parm
+++ config.base[28]: PARMgfs=/scratch1/NCEPDEV/global/CI/2584/gfs/parm
+++ config.base[29]: export SCRgfs=/scratch1/NCEPDEV/global/CI/2584/gfs/scripts
+++ config.base[29]: SCRgfs=/scratch1/NCEPDEV/global/CI/2584/gfs/scripts
+++ config.base[30]: export USHgfs=/scratch1/NCEPDEV/global/CI/2584/gfs/ush
+++ config.base[30]: USHgfs=/scratch1/NCEPDEV/global/CI/2584/gfs/ush
+++ config.base[32]: export FIXam=/scratch1/NCEPDEV/global/CI/2584/gfs/fix/am
+++ config.base[32]: FIXam=/scratch1/NCEPDEV/global/CI/2584/gfs/fix/am
+++ config.base[33]: export FIXaer=/scratch1/NCEPDEV/global/CI/2584/gfs/fix/aer
+++ config.base[33]: FIXaer=/scratch1/NCEPDEV/global/CI/2584/gfs/fix/aer
+++ config.base[34]: export FIXcpl=/scratch1/NCEPDEV/global/CI/2584/gfs/fix/cpl
+++ config.base[34]: FIXcpl=/scratch1/NCEPDEV/global/CI/2584/gfs/fix/cpl
+++ config.base[35]: export FIXlut=/scratch1/NCEPDEV/global/CI/2584/gfs/fix/lut
+++ config.base[35]: FIXlut=/scratch1/NCEPDEV/global/CI/2584/gfs/fix/lut
+++ config.base[36]: export FIXorog=/scratch1/NCEPDEV/global/CI/2584/gfs/fix/orog
+++ config.base[36]: FIXorog=/scratch1/NCEPDEV/global/CI/2584/gfs/fix/orog
+++ config.base[37]: export FIXcice=/scratch1/NCEPDEV/global/CI/2584/gfs/fix/cice
+++ config.base[37]: FIXcice=/scratch1/NCEPDEV/global/CI/2584/gfs/fix/cice
+++ config.base[38]: export FIXmom=/scratch1/NCEPDEV/global/CI/2584/gfs/fix/mom6
+++ config.base[38]: FIXmom=/scratch1/NCEPDEV/global/CI/2584/gfs/fix/mom6
+++ config.base[39]: export FIXreg2grb2=/scratch1/NCEPDEV/global/CI/2584/gfs/fix/reg2grb2
+++ config.base[39]: FIXreg2grb2=/scratch1/NCEPDEV/global/CI/2584/gfs/fix/reg2grb2
+++ config.base[40]: export FIXugwd=/scratch1/NCEPDEV/global/CI/2584/gfs/fix/ugwd
+++ config.base[40]: FIXugwd=/scratch1/NCEPDEV/global/CI/2584/gfs/fix/ugwd
+++ config.base[41]: export FIXgdas=/scratch1/NCEPDEV/global/CI/2584/gfs/fix/gdas
+++ config.base[41]: FIXgdas=/scratch1/NCEPDEV/global/CI/2584/gfs/fix/gdas
+++ config.base[46]: export PACKAGEROOT=/scratch1/NCEPDEV/global/glopara/nwpara
+++ config.base[46]: PACKAGEROOT=/scratch1/NCEPDEV/global/glopara/nwpara
+++ config.base[47]: export COMROOT=/scratch1/NCEPDEV/global/CI/2584/RUNTESTS/COMROOT
+++ config.base[47]: COMROOT=/scratch1/NCEPDEV/global/CI/2584/RUNTESTS/COMROOT
+++ config.base[48]: export COMINsyn=/scratch1/NCEPDEV/global/glopara/com/gfs/prod/syndat
+++ config.base[48]: COMINsyn=/scratch1/NCEPDEV/global/glopara/com/gfs/prod/syndat
+++ config.base[49]: export DMPDIR=/scratch1/NCEPDEV/global/glopara/dump
+++ config.base[49]: DMPDIR=/scratch1/NCEPDEV/global/glopara/dump
+++ config.base[50]: export BASE_CPLIC=/scratch1/NCEPDEV/global/glopara/data/ICSDIR/prototype_ICs
+++ config.base[50]: BASE_CPLIC=/scratch1/NCEPDEV/global/glopara/data/ICSDIR/prototype_ICs
+++ config.base[54]: export COMINecmwf=/scratch1/NCEPDEV/global/glopara/data/external_gempak/ecmwf
+++ config.base[54]: COMINecmwf=/scratch1/NCEPDEV/global/glopara/data/external_gempak/ecmwf
+++ config.base[55]: export COMINnam=/scratch1/NCEPDEV/global/glopara/data/external_gempak/nam
+++ config.base[55]: COMINnam=/scratch1/NCEPDEV/global/glopara/data/external_gempak/nam
+++ config.base[56]: export COMINukmet=/scratch1/NCEPDEV/global/glopara/data/external_gempak/ukmet
+++ config.base[56]: COMINukmet=/scratch1/NCEPDEV/global/glopara/data/external_gempak/ukmet
+++ config.base[59]: export HOMEDIR=/scratch1/NCEPDEV/global/Terry.McGuinness
+++ config.base[59]: HOMEDIR=/scratch1/NCEPDEV/global/Terry.McGuinness
+++ config.base[60]: export STMP=/scratch1/NCEPDEV/stmp2/Terry.McGuinness
+++ config.base[60]: STMP=/scratch1/NCEPDEV/stmp2/Terry.McGuinness
+++ config.base[61]: export PTMP=/scratch1/NCEPDEV/stmp4/Terry.McGuinness
+++ config.base[61]: PTMP=/scratch1/NCEPDEV/stmp4/Terry.McGuinness
+++ config.base[62]: export NOSCRUB=/scratch1/NCEPDEV/global/Terry.McGuinness
+++ config.base[62]: NOSCRUB=/scratch1/NCEPDEV/global/Terry.McGuinness
+++ config.base[65]: export BASE_GIT=/scratch1/NCEPDEV/global/glopara/git
+++ config.base[65]: BASE_GIT=/scratch1/NCEPDEV/global/glopara/git
+++ config.base[68]: export DO_GOES=NO
+++ config.base[68]: DO_GOES=NO
+++ config.base[69]: export DO_BUFRSND=NO
+++ config.base[69]: DO_BUFRSND=NO
+++ config.base[70]: export DO_GEMPAK=NO
+++ config.base[70]: DO_GEMPAK=NO
+++ config.base[71]: export DO_AWIPS=NO
+++ config.base[71]: DO_AWIPS=NO
+++ config.base[72]: export DO_NPOESS=NO
+++ config.base[72]: DO_NPOESS=NO
+++ config.base[73]: export DO_TRACKER=YES
+++ config.base[73]: DO_TRACKER=YES
+++ config.base[74]: export DO_GENESIS=YES
+++ config.base[74]: DO_GENESIS=YES
+++ config.base[75]: export DO_GENESIS_FSU=NO
+++ config.base[75]: DO_GENESIS_FSU=NO
+++ config.base[76]: export DO_VERFOZN=YES
+++ config.base[76]: DO_VERFOZN=YES
+++ config.base[77]: export DO_VERFRAD=YES
+++ config.base[77]: DO_VERFRAD=YES
+++ config.base[78]: export DO_VMINMON=YES
+++ config.base[78]: DO_VMINMON=YES
+++ config.base[79]: export DO_MOS=NO
+++ config.base[79]: DO_MOS=NO
+++ config.base[85]: export REALTIME=YES
+++ config.base[85]: REALTIME=YES
+++ config.base[88]: export MODE=forecast-only
+++ config.base[88]: MODE=forecast-only
+++ config.base[97]: export FIXgsi=/scratch1/NCEPDEV/global/CI/2584/gfs/fix/gsi
+++ config.base[97]: FIXgsi=/scratch1/NCEPDEV/global/CI/2584/gfs/fix/gsi
+++ config.base[98]: export HOMEpost=/scratch1/NCEPDEV/global/CI/2584/gfs
+++ config.base[98]: HOMEpost=/scratch1/NCEPDEV/global/CI/2584/gfs
+++ config.base[99]: export HOMEobsproc=/scratch1/NCEPDEV/global/glopara/git/obsproc/v1.1.2
+++ config.base[99]: HOMEobsproc=/scratch1/NCEPDEV/global/glopara/git/obsproc/v1.1.2
+++ config.base[102]: export 'NCP=/bin/cp -p'
+++ config.base[102]: NCP='/bin/cp -p'
+++ config.base[103]: export NMV=/bin/mv
+++ config.base[103]: NMV=/bin/mv
+++ config.base[104]: export 'NLN=/bin/ln -sf'
+++ config.base[104]: NLN='/bin/ln -sf'
+++ config.base[105]: export VERBOSE=YES
+++ config.base[105]: VERBOSE=YES
+++ config.base[106]: export KEEPDATA=NO
+++ config.base[106]: KEEPDATA=NO
+++ config.base[107]: export DEBUG_POSTSCRIPT=NO
+++ config.base[107]: DEBUG_POSTSCRIPT=NO
+++ config.base[108]: export CHGRP_RSTPROD=YES
+++ config.base[108]: CHGRP_RSTPROD=YES
+++ config.base[109]: export 'CHGRP_CMD=chgrp rstprod'
+++ config.base[109]: CHGRP_CMD='chgrp rstprod'
+++ config.base[110]: export NCDUMP=/scratch1/NCEPDEV/nems/role.epic/spack-stack/spack-stack-1.6.0/envs/gsi-addon-dev-rocky8/install/intel/2021.5.0/netcdf-c-4.9.2-ejp7j3k/bin/ncdump
+++ config.base[110]: NCDUMP=/scratch1/NCEPDEV/nems/role.epic/spack-stack/spack-stack-1.6.0/envs/gsi-addon-dev-rocky8/install/intel/2021.5.0/netcdf-c-4.9.2-ejp7j3k/bin/ncdump
+++ config.base[111]: export NCLEN=/scratch1/NCEPDEV/global/CI/2584/gfs/ush/getncdimlen
+++ config.base[111]: NCLEN=/scratch1/NCEPDEV/global/CI/2584/gfs/ush/getncdimlen
+++ config.base[114]: export BASE_ENV=/scratch1/NCEPDEV/global/CI/2584/gfs/env
+++ config.base[114]: BASE_ENV=/scratch1/NCEPDEV/global/CI/2584/gfs/env
+++ config.base[115]: export BASE_JOB=/scratch1/NCEPDEV/global/CI/2584/gfs/jobs/rocoto
+++ config.base[115]: BASE_JOB=/scratch1/NCEPDEV/global/CI/2584/gfs/jobs/rocoto
+++ config.base[118]: export SDATE=2021032312
+++ config.base[118]: SDATE=2021032312
+++ config.base[119]: export EDATE=2021032312
+++ config.base[119]: EDATE=2021032312
+++ config.base[120]: export EXP_WARM_START=.false.
+++ config.base[120]: EXP_WARM_START=.false.
+++ config.base[121]: export assim_freq=6
+++ config.base[121]: assim_freq=6
+++ config.base[122]: export PSLOT=C48_ATM_dbcfdd48
+++ config.base[122]: PSLOT=C48_ATM_dbcfdd48
+++ config.base[123]: export EXPDIR=/scratch1/NCEPDEV/global/CI/2584/RUNTESTS/EXPDIR/C48_ATM_dbcfdd48
+++ config.base[123]: EXPDIR=/scratch1/NCEPDEV/global/CI/2584/RUNTESTS/EXPDIR/C48_ATM_dbcfdd48
+++ config.base[124]: export ROTDIR=/scratch1/NCEPDEV/global/CI/2584/RUNTESTS/COMROOT/C48_ATM_dbcfdd48
+++ config.base[124]: ROTDIR=/scratch1/NCEPDEV/global/CI/2584/RUNTESTS/COMROOT/C48_ATM_dbcfdd48
+++ config.base[125]: export ROTDIR_DUMP=YES
+++ config.base[125]: ROTDIR_DUMP=YES
+++ config.base[126]: export DUMP_SUFFIX=
+++ config.base[126]: DUMP_SUFFIX=
+++ config.base[127]: [[ 2021032312 -ge 2019092100 ]]
+++ config.base[127]: [[ 2021032312 -le 2019110700 ]]
+++ config.base[130]: export DATAROOT=/scratch1/NCEPDEV/stmp2/Terry.McGuinness/RUNDIRS/C48_ATM_dbcfdd48
+++ config.base[130]: DATAROOT=/scratch1/NCEPDEV/stmp2/Terry.McGuinness/RUNDIRS/C48_ATM_dbcfdd48
+++ config.base[131]: export RUNDIR=/scratch1/NCEPDEV/stmp2/Terry.McGuinness/RUNDIRS/C48_ATM_dbcfdd48
+++ config.base[131]: RUNDIR=/scratch1/NCEPDEV/stmp2/Terry.McGuinness/RUNDIRS/C48_ATM_dbcfdd48
+++ config.base[132]: export ARCDIR=/scratch1/NCEPDEV/global/Terry.McGuinness/archive/C48_ATM_dbcfdd48
+++ config.base[132]: ARCDIR=/scratch1/NCEPDEV/global/Terry.McGuinness/archive/C48_ATM_dbcfdd48
+++ config.base[133]: export ATARDIR=/NCEPDEV/emc-global/1year/Terry.McGuinness/HERA/scratch/C48_ATM_dbcfdd48
+++ config.base[133]: ATARDIR=/NCEPDEV/emc-global/1year/Terry.McGuinness/HERA/scratch/C48_ATM_dbcfdd48
+++ config.base[136]: export envir=prod
+++ config.base[136]: envir=prod
+++ config.base[137]: export NET=gfs
+++ config.base[137]: NET=gfs
+++ config.base[138]: export RUN=gfs
+++ config.base[138]: RUN=gfs
+++ config.base[144]: source /scratch1/NCEPDEV/global/CI/2584/RUNTESTS/EXPDIR/C48_ATM_dbcfdd48/config.com
++++ config.com[4]: echo 'BEGIN: config.com'
BEGIN: config.com
++++ config.com[37]: [[ emc == \n\c\o ]]
++++ config.com[41]: COM_OBS_TMPL='${ROTDIR}/${RUN}.${YMD}/${HH}/obs'
++++ config.com[42]: COM_RTOFS_TMPL='${DMPDIR}'
++++ config.com[44]: declare -rx COM_OBS_TMPL COM_RTOFS_TMPL
++++ config.com[45]: declare -rx 'COM_OBSDMP_TMPL=${DMPDIR}/${DUMP}${DUMP_SUFFIX}.${YMD}/${HH}/atmos'
++++ config.com[47]: COM_BASE='${ROTDIR}/${RUN}.${YMD}/${HH}/${MEMDIR}'
++++ config.com[49]: declare -rx 'COM_TOP_TMPL=${ROTDIR}/${RUN}.${YMD}/${HH}'
++++ config.com[51]: declare -rx 'COM_CONF_TMPL=${ROTDIR}/${RUN}.${YMD}/${HH}/${MEMDIR}/conf'
++++ config.com[52]: declare -rx 'COM_ATMOS_INPUT_TMPL=${ROTDIR}/${RUN}.${YMD}/${HH}/${MEMDIR}/model_data/atmos/input'
++++ config.com[53]: declare -rx 'COM_ATMOS_RESTART_TMPL=${ROTDIR}/${RUN}.${YMD}/${HH}/${MEMDIR}/model_data/atmos/restart'
++++ config.com[54]: declare -rx 'COM_ATMOS_ANALYSIS_TMPL=${ROTDIR}/${RUN}.${YMD}/${HH}/${MEMDIR}/analysis/atmos'
++++ config.com[55]: declare -rx 'COM_SNOW_ANALYSIS_TMPL=${ROTDIR}/${RUN}.${YMD}/${HH}/${MEMDIR}/analysis/snow'
++++ config.com[56]: declare -rx 'COM_ATMOS_HISTORY_TMPL=${ROTDIR}/${RUN}.${YMD}/${HH}/${MEMDIR}/model_data/atmos/history'
++++ config.com[57]: declare -rx 'COM_ATMOS_MASTER_TMPL=${ROTDIR}/${RUN}.${YMD}/${HH}/${MEMDIR}/model_data/atmos/master'
++++ config.com[58]: declare -rx 'COM_ATMOS_GRIB_TMPL=${ROTDIR}/${RUN}.${YMD}/${HH}/${MEMDIR}/products/atmos/grib2'
++++ config.com[59]: declare -rx 'COM_ATMOS_GRIB_GRID_TMPL=${ROTDIR}/${RUN}.${YMD}/${HH}/${MEMDIR}/products/atmos/grib2/${GRID}'
++++ config.com[60]: declare -rx 'COM_ATMOS_BUFR_TMPL=${ROTDIR}/${RUN}.${YMD}/${HH}/${MEMDIR}/products/atmos/bufr'
++++ config.com[61]: declare -rx 'COM_ATMOS_GEMPAK_TMPL=${ROTDIR}/${RUN}.${YMD}/${HH}/${MEMDIR}/products/atmos/gempak/${GRID}'
++++ config.com[62]: declare -rx 'COM_ATMOS_GENESIS_TMPL=${ROTDIR}/${RUN}.${YMD}/${HH}/${MEMDIR}/products/atmos/cyclone/genesis_vital'
++++ config.com[63]: declare -rx 'COM_ATMOS_TRACK_TMPL=${ROTDIR}/${RUN}.${YMD}/${HH}/${MEMDIR}/products/atmos/cyclone/tracks'
++++ config.com[64]: declare -rx 'COM_ATMOS_GOES_TMPL=${ROTDIR}/${RUN}.${YMD}/${HH}/${MEMDIR}/products/atmos/goes_sim'
++++ config.com[65]: declare -rx 'COM_ATMOS_IMAGERY_TMPL=${ROTDIR}/${RUN}.${YMD}/${HH}/${MEMDIR}/products/atmos/imagery'
++++ config.com[66]: declare -rx 'COM_ATMOS_OZNMON_TMPL=${ROTDIR}/${RUN}.${YMD}/${HH}/${MEMDIR}/products/atmos/oznmon'
++++ config.com[67]: declare -rx 'COM_ATMOS_RADMON_TMPL=${ROTDIR}/${RUN}.${YMD}/${HH}/${MEMDIR}/products/atmos/radmon'
++++ config.com[68]: declare -rx 'COM_ATMOS_MINMON_TMPL=${ROTDIR}/${RUN}.${YMD}/${HH}/${MEMDIR}/products/atmos/minmon'
++++ config.com[69]: declare -rx 'COM_ATMOS_WMO_TMPL=${ROTDIR}/${RUN}.${YMD}/${HH}/${MEMDIR}/products/atmos/wmo'
++++ config.com[71]: declare -rx 'COM_WAVE_RESTART_TMPL=${ROTDIR}/${RUN}.${YMD}/${HH}/${MEMDIR}/model_data/wave/restart'
++++ config.com[72]: declare -rx 'COM_WAVE_PREP_TMPL=${ROTDIR}/${RUN}.${YMD}/${HH}/${MEMDIR}/model_data/wave/prep'
++++ config.com[73]: declare -rx 'COM_WAVE_HISTORY_TMPL=${ROTDIR}/${RUN}.${YMD}/${HH}/${MEMDIR}/model_data/wave/history'
++++ config.com[74]: declare -rx 'COM_WAVE_GRID_TMPL=${ROTDIR}/${RUN}.${YMD}/${HH}/${MEMDIR}/products/wave/gridded'
++++ config.com[75]: declare -rx 'COM_WAVE_STATION_TMPL=${ROTDIR}/${RUN}.${YMD}/${HH}/${MEMDIR}/products/wave/station'
++++ config.com[76]: declare -rx 'COM_WAVE_GEMPAK_TMPL=${ROTDIR}/${RUN}.${YMD}/${HH}/${MEMDIR}/products/wave/gempak'
++++ config.com[77]: declare -rx 'COM_WAVE_WMO_TMPL=${ROTDIR}/${RUN}.${YMD}/${HH}/${MEMDIR}/products/wave/wmo'
++++ config.com[79]: declare -rx 'COM_OCEAN_HISTORY_TMPL=${ROTDIR}/${RUN}.${YMD}/${HH}/${MEMDIR}/model_data/ocean/history'
++++ config.com[80]: declare -rx 'COM_OCEAN_RESTART_TMPL=${ROTDIR}/${RUN}.${YMD}/${HH}/${MEMDIR}/model_data/ocean/restart'
++++ config.com[81]: declare -rx 'COM_OCEAN_INPUT_TMPL=${ROTDIR}/${RUN}.${YMD}/${HH}/${MEMDIR}/model_data/ocean/input'
++++ config.com[82]: declare -rx 'COM_OCEAN_ANALYSIS_TMPL=${ROTDIR}/${RUN}.${YMD}/${HH}/${MEMDIR}/analysis/ocean'
++++ config.com[83]: declare -rx 'COM_OCEAN_NETCDF_TMPL=${ROTDIR}/${RUN}.${YMD}/${HH}/${MEMDIR}/products/ocean/netcdf'
++++ config.com[84]: declare -rx 'COM_OCEAN_GRIB_TMPL=${ROTDIR}/${RUN}.${YMD}/${HH}/${MEMDIR}/products/ocean/grib2'
++++ config.com[85]: declare -rx 'COM_OCEAN_GRIB_GRID_TMPL=${ROTDIR}/${RUN}.${YMD}/${HH}/${MEMDIR}/products/ocean/grib2/${GRID}'
++++ config.com[87]: declare -rx 'COM_ICE_ANALYSIS_TMPL=${ROTDIR}/${RUN}.${YMD}/${HH}/${MEMDIR}/analysis/ice'
++++ config.com[88]: declare -rx 'COM_ICE_INPUT_TMPL=${ROTDIR}/${RUN}.${YMD}/${HH}/${MEMDIR}/model_data/ice/input'
++++ config.com[89]: declare -rx 'COM_ICE_HISTORY_TMPL=${ROTDIR}/${RUN}.${YMD}/${HH}/${MEMDIR}/model_data/ice/history'
++++ config.com[90]: declare -rx 'COM_ICE_RESTART_TMPL=${ROTDIR}/${RUN}.${YMD}/${HH}/${MEMDIR}/model_data/ice/restart'
++++ config.com[91]: declare -rx 'COM_ICE_NETCDF_TMPL=${ROTDIR}/${RUN}.${YMD}/${HH}/${MEMDIR}/products/ice/netcdf'
++++ config.com[92]: declare -rx 'COM_ICE_GRIB_TMPL=${ROTDIR}/${RUN}.${YMD}/${HH}/${MEMDIR}/products/ice/grib2'
++++ config.com[93]: declare -rx 'COM_ICE_GRIB_GRID_TMPL=${ROTDIR}/${RUN}.${YMD}/${HH}/${MEMDIR}/products/ice/grib2/${GRID}'
++++ config.com[95]: declare -rx 'COM_CHEM_HISTORY_TMPL=${ROTDIR}/${RUN}.${YMD}/${HH}/${MEMDIR}/model_data/chem/history'
++++ config.com[96]: declare -rx 'COM_CHEM_ANALYSIS_TMPL=${ROTDIR}/${RUN}.${YMD}/${HH}/${MEMDIR}/analysis/chem'
++++ config.com[98]: declare -rx 'COM_MED_RESTART_TMPL=${ROTDIR}/${RUN}.${YMD}/${HH}/${MEMDIR}/model_data/med/restart'
+++ config.base[147]: export 'ERRSCRIPT=eval [[ $err = 0 ]]'
+++ config.base[147]: ERRSCRIPT='eval [[ $err = 0 ]]'
+++ config.base[148]: export LOGSCRIPT=
+++ config.base[148]: LOGSCRIPT=
+++ config.base[151]: export 'REDOUT=1>'
+++ config.base[151]: REDOUT='1>'
+++ config.base[152]: export 'REDERR=2>'
+++ config.base[152]: REDERR='2>'
+++ config.base[154]: export SENDECF=NO
+++ config.base[154]: SENDECF=NO
+++ config.base[155]: export SENDSDM=NO
+++ config.base[155]: SENDSDM=NO
+++ config.base[156]: export SENDDBN_NTC=NO
+++ config.base[156]: SENDDBN_NTC=NO
+++ config.base[157]: export SENDDBN=NO
+++ config.base[157]: SENDDBN=NO
+++ config.base[158]: export DBNROOT=/scratch1/NCEPDEV/nems/role.epic/spack-stack/spack-stack-1.6.0/envs/gsi-addon-dev-rocky8/install/intel/2021.5.0/prod-util-2.1.1-4vpcrpl/fakedbn
+++ config.base[158]: DBNROOT=/scratch1/NCEPDEV/nems/role.epic/spack-stack/spack-stack-1.6.0/envs/gsi-addon-dev-rocky8/install/intel/2021.5.0/prod-util-2.1.1-4vpcrpl/fakedbn
+++ config.base[161]: export APP=ATM
+++ config.base[161]: APP=ATM
+++ config.base[163]: shopt -s extglob
+++ config.base[165]: case "${RUN}" in
+++ config.base[167]: APP=ATM
+++ config.base[175]: shopt -u extglob
+++ config.base[178]: export DO_ATM=YES
+++ config.base[178]: DO_ATM=YES
+++ config.base[179]: export DO_COUPLED=NO
+++ config.base[179]: DO_COUPLED=NO
+++ config.base[180]: export DO_WAVE=NO
+++ config.base[180]: DO_WAVE=NO
+++ config.base[181]: export DO_OCN=NO
+++ config.base[181]: DO_OCN=NO
+++ config.base[182]: export DO_ICE=NO
+++ config.base[182]: DO_ICE=NO
+++ config.base[183]: export DO_AERO=NO
+++ config.base[183]: DO_AERO=NO
+++ config.base[184]: export WAVE_CDUMP=
+++ config.base[184]: WAVE_CDUMP=
+++ config.base[185]: export DOBNDPNT_WAVE=NO
+++ config.base[185]: DOBNDPNT_WAVE=NO
+++ config.base[186]: export FRAC_GRID=.true.
+++ config.base[186]: FRAC_GRID=.true.
+++ config.base[187]: export DO_NEST=NO
+++ config.base[187]: DO_NEST=NO
+++ config.base[188]: [[ NO == \Y\E\S ]]
+++ config.base[192]: export ntiles=6
+++ config.base[192]: ntiles=6
+++ config.base[196]: export OPS_RES=C768
+++ config.base[196]: OPS_RES=C768
+++ config.base[199]: export LEVS=128
+++ config.base[199]: LEVS=128
+++ config.base[200]: export CASE=C48
+++ config.base[200]: CASE=C48
+++ config.base[201]: export CASE_ENS=@CASEENS@
+++ config.base[201]: CASE_ENS=@CASEENS@
+++ config.base[202]: export OCNRES=500
+++ config.base[202]: OCNRES=500
+++ config.base[203]: export ICERES=500
+++ config.base[203]: ICERES=500
+++ config.base[206]: case "${CASE}" in
+++ config.base[208]: export waveGRD=uglo_100km
+++ config.base[208]: waveGRD=uglo_100km
+++ config.base[225]: case "${APP}" in
+++ config.base[262]: [[ gfs =~ gdas ]]
+++ config.base[265]: [[ gfs =~ gfs ]]
+++ config.base[266]: export FHCYC=24
+++ config.base[266]: FHCYC=24
+++ config.base[270]: export FHMIN=0
+++ config.base[270]: FHMIN=0
+++ config.base[271]: export FHMAX=9
+++ config.base[271]: FHMAX=9
+++ config.base[272]: export FHOUT=3
+++ config.base[272]: FHOUT=3
+++ config.base[273]: export FHOUT_OCNICE=3
+++ config.base[273]: FHOUT_OCNICE=3
+++ config.base[276]: export EUPD_CYC=gdas
+++ config.base[276]: EUPD_CYC=gdas
+++ config.base[279]: export gfs_cyc=1
+++ config.base[279]: gfs_cyc=1
+++ config.base[282]: export FHMIN_GFS=0
+++ config.base[282]: FHMIN_GFS=0
+++ config.base[283]: export FHMAX_GFS=120
+++ config.base[283]: FHMAX_GFS=120
+++ config.base[284]: export FHOUT_GFS=3
+++ config.base[284]: FHOUT_GFS=3
+++ config.base[285]: export FHMAX_HF_GFS=0
+++ config.base[285]: FHMAX_HF_GFS=0
+++ config.base[286]: export FHOUT_HF_GFS=1
+++ config.base[286]: FHOUT_HF_GFS=1
+++ config.base[287]: export FHOUT_OCNICE_GFS=6
+++ config.base[287]: FHOUT_OCNICE_GFS=6
+++ config.base[288]: ((  gfs_cyc != 0  ))
+++ config.base[289]: export STEP_GFS=24
+++ config.base[289]: STEP_GFS=24
+++ config.base[294]: export ILPOST=1
+++ config.base[294]: ILPOST=1
+++ config.base[295]: ((  FHMAX_HF_GFS < 120  ))
+++ config.base[296]: export ILPOST=3
+++ config.base[296]: ILPOST=3
+++ config.base[300]: export restart_interval_gfs=12
+++ config.base[300]: restart_interval_gfs=12
+++ config.base[305]: export QUILTING=.true.
+++ config.base[305]: QUILTING=.true.
+++ config.base[306]: export OUTPUT_GRID=gaussian_grid
+++ config.base[306]: OUTPUT_GRID=gaussian_grid
+++ config.base[307]: export WRITE_DOPOST=.true.
+++ config.base[307]: WRITE_DOPOST=.true.
+++ config.base[308]: export WRITE_NSFLIP=.true.
+++ config.base[308]: WRITE_NSFLIP=.true.
+++ config.base[311]: export DOIAU=YES
+++ config.base[311]: DOIAU=YES
+++ config.base[312]: export IAUFHRS=3,6,9
+++ config.base[312]: IAUFHRS=3,6,9
+++ config.base[313]: export IAU_FHROT=3
+++ config.base[313]: IAU_FHROT=3
+++ config.base[314]: export IAU_DELTHRS=6
+++ config.base[314]: IAU_DELTHRS=6
+++ config.base[315]: export IAU_OFFSET=6
+++ config.base[315]: IAU_OFFSET=6
+++ config.base[316]: export DOIAU_ENKF=YES
+++ config.base[316]: DOIAU_ENKF=YES
+++ config.base[317]: export IAUFHRS_ENKF=3,6,9
+++ config.base[317]: IAUFHRS_ENKF=3,6,9
+++ config.base[318]: export IAU_DELTHRS_ENKF=6
+++ config.base[318]: IAU_DELTHRS_ENKF=6
+++ config.base[321]: export lobsdiag_forenkf=.true.
+++ config.base[321]: lobsdiag_forenkf=.true.
+++ config.base[329]: export imp_physics=8
+++ config.base[329]: imp_physics=8
+++ config.base[333]: export DO_JEDIATMVAR=NO
+++ config.base[333]: DO_JEDIATMVAR=NO
+++ config.base[334]: export DO_JEDIATMENS=NO
+++ config.base[334]: DO_JEDIATMENS=NO
+++ config.base[335]: export DO_JEDIOCNVAR=NO
+++ config.base[335]: DO_JEDIOCNVAR=NO
+++ config.base[336]: export DO_JEDISNOWDA=NO
+++ config.base[336]: DO_JEDISNOWDA=NO
+++ config.base[337]: export DO_MERGENSST=NO
+++ config.base[337]: DO_MERGENSST=NO
+++ config.base[340]: export DOHYBVAR=@DOHYBVAR@
+++ config.base[340]: DOHYBVAR=@DOHYBVAR@
+++ config.base[341]: export NMEM_ENS=0
+++ config.base[341]: NMEM_ENS=0
+++ config.base[342]: export SMOOTH_ENKF=NO
+++ config.base[342]: SMOOTH_ENKF=NO
+++ config.base[343]: export l4densvar=.true.
+++ config.base[343]: l4densvar=.true.
+++ config.base[344]: export lwrite4danl=.true.
+++ config.base[344]: lwrite4danl=.true.
+++ config.base[347]: export NMEM_ENS_GFS=30
+++ config.base[347]: NMEM_ENS_GFS=30
+++ config.base[348]: export NMEM_ENS_GFS_OFFSET=20
+++ config.base[348]: NMEM_ENS_GFS_OFFSET=20
+++ config.base[349]: export DO_CALC_INCREMENT_ENKF_GFS=NO
+++ config.base[349]: DO_CALC_INCREMENT_ENKF_GFS=NO
+++ config.base[352]: [[ @DOHYBVAR@ = \Y\E\S ]]
+++ config.base[366]: [[ @DOHYBVAR@ == \N\O ]]
+++ config.base[374]: [[ forecast-only = \c\y\c\l\e\d ]]
+++ config.base[374]: [[ YES = \N\O ]]
+++ config.base[374]: [[ forecast-only = \f\o\r\e\c\a\s\t\-\o\n\l\y ]]
+++ config.base[374]: [[ .false. = \.\f\a\l\s\e\. ]]
+++ config.base[375]: export IAU_OFFSET=0
+++ config.base[375]: IAU_OFFSET=0
+++ config.base[376]: export IAU_FHROT=0
+++ config.base[376]: IAU_FHROT=0
+++ config.base[377]: export IAUFHRS=6
+++ config.base[377]: IAUFHRS=6
+++ config.base[380]: [[ YES = \N\O ]]
+++ config.base[382]: export GSI_SOILANAL=NO
+++ config.base[382]: GSI_SOILANAL=NO
+++ config.base[385]: export DONST=YES
+++ config.base[385]: DONST=YES
+++ config.base[386]: [[ YES = \Y\E\S ]]
+++ config.base[386]: export 'FNTSFA=        '
+++ config.base[386]: FNTSFA='        '
+++ config.base[389]: export nst_anl=.true.
+++ config.base[389]: nst_anl=.true.
+++ config.base[392]: export MAKE_NSSTBUFR=NO
+++ config.base[392]: MAKE_NSSTBUFR=NO
+++ config.base[395]: export MAKE_ACFTBUFR=NO
+++ config.base[395]: MAKE_ACFTBUFR=NO
+++ config.base[398]: export 'INCREMENTS_TO_ZERO='\''liq_wat_inc'\'','\''icmr_inc'\'','\''rwmr_inc'\'','\''snmr_inc'\'','\''grle_inc'\'''
+++ config.base[398]: INCREMENTS_TO_ZERO=''\''liq_wat_inc'\'','\''icmr_inc'\'','\''rwmr_inc'\'','\''snmr_inc'\'','\''grle_inc'\'''
+++ config.base[401]: export 'INCVARS_ZERO_STRAT='\''sphum_inc'\'','\''liq_wat_inc'\'','\''icmr_inc'\'','\''rwmr_inc'\'','\''snmr_inc'\'','\''grle_inc'\'''
+++ config.base[401]: INCVARS_ZERO_STRAT=''\''sphum_inc'\'','\''liq_wat_inc'\'','\''icmr_inc'\'','\''rwmr_inc'\'','\''snmr_inc'\'','\''grle_inc'\'''
+++ config.base[402]: export INCVARS_EFOLD=5
+++ config.base[402]: INCVARS_EFOLD=5
+++ config.base[407]: export netcdf_diag=.true.
+++ config.base[407]: netcdf_diag=.true.
+++ config.base[408]: export binary_diag=.false.
+++ config.base[408]: binary_diag=.false.
+++ config.base[411]: export DO_METP=NO
+++ config.base[411]: DO_METP=NO
+++ config.base[412]: export DO_FIT2OBS=YES
+++ config.base[412]: DO_FIT2OBS=YES
+++ config.base[413]: export DO_VRFY_OCEANDA=NO
+++ config.base[413]: DO_VRFY_OCEANDA=NO
+++ config.base[416]: export HPSSARCH=YES
+++ config.base[416]: HPSSARCH=YES
+++ config.base[417]: export LOCALARCH=NO
+++ config.base[417]: LOCALARCH=NO
+++ config.base[418]: [[ YES = \Y\E\S ]]
+++ config.base[418]: [[ NO = \Y\E\S ]]
+++ config.base[422]: export ARCH_CYC=00
+++ config.base[422]: ARCH_CYC=00
+++ config.base[423]: export ARCH_WARMICFREQ=4
+++ config.base[423]: ARCH_WARMICFREQ=4
+++ config.base[424]: export ARCH_FCSTICFREQ=1
+++ config.base[424]: ARCH_FCSTICFREQ=1
+++ config.base[427]: export FITSARC=YES
+++ config.base[427]: FITSARC=YES
+++ config.base[428]: export FHMAX_FITS=132
+++ config.base[428]: FHMAX_FITS=132
+++ config.base[429]: [[ 132 -gt 120 ]]
+++ config.base[429]: export FHMAX_FITS=120
+++ config.base[429]: FHMAX_FITS=120
+++ config.base[432]: [[ NO = \Y\E\S ]]
+++ config.base[438]: echo 'END: config.base'
END: config.base
++ jjob_header.sh[99]: status=0
++ jjob_header.sh[100]: ((  status != 0  ))
++ jjob_header.sh[97]: for config in "${configs[@]:-''}"
++ jjob_header.sh[98]: source /scratch1/NCEPDEV/global/CI/2584/RUNTESTS/EXPDIR/C48_ATM_dbcfdd48/config.atmos_products
+++ config.atmos_products[6]: echo 'BEGIN: config.atmos_products'
BEGIN: config.atmos_products
+++ config.atmos_products[9]: . /scratch1/NCEPDEV/global/CI/2584/RUNTESTS/EXPDIR/C48_ATM_dbcfdd48/config.resources atmos_products
++++ config.resources[7]: ((  1 != 1  ))
++++ config.resources[31]: step=atmos_products
++++ config.resources[33]: echo 'BEGIN: config.resources'
BEGIN: config.resources
++++ config.resources[35]: case ${machine} in
++++ config.resources[37]: npe_node_max=40
++++ config.resources[71]: export npe_node_max
++++ config.resources[73]: case ${step} in
++++ config.resources[762]: export wtime_atmos_products=00:15:00
++++ config.resources[762]: wtime_atmos_products=00:15:00
++++ config.resources[763]: export npe_atmos_products=24
++++ config.resources[763]: npe_atmos_products=24
++++ config.resources[764]: export nth_atmos_products=1
++++ config.resources[764]: nth_atmos_products=1
++++ config.resources[765]: export npe_node_atmos_products=24
++++ config.resources[765]: npe_node_atmos_products=24
++++ config.resources[766]: export wtime_atmos_products_gfs=00:15:00
++++ config.resources[766]: wtime_atmos_products_gfs=00:15:00
++++ config.resources[767]: export npe_atmos_products_gfs=24
++++ config.resources[767]: npe_atmos_products_gfs=24
++++ config.resources[768]: export nth_atmos_products_gfs=1
++++ config.resources[768]: nth_atmos_products_gfs=1
++++ config.resources[769]: export npe_node_atmos_products_gfs=24
++++ config.resources[769]: npe_node_atmos_products_gfs=24
++++ config.resources[770]: export is_exclusive=True
++++ config.resources[770]: is_exclusive=True
++++ config.resources[1241]: echo 'END: config.resources'
END: config.resources
+++ config.atmos_products[12]: export NFHRS_PER_GROUP=3
+++ config.atmos_products[12]: NFHRS_PER_GROUP=3
+++ config.atmos_products[15]: export INTERP_ATMOS_MASTERSH=/scratch1/NCEPDEV/global/CI/2584/gfs/ush/interp_atmos_master.sh
+++ config.atmos_products[15]: INTERP_ATMOS_MASTERSH=/scratch1/NCEPDEV/global/CI/2584/gfs/ush/interp_atmos_master.sh
+++ config.atmos_products[16]: export INTERP_ATMOS_SFLUXSH=/scratch1/NCEPDEV/global/CI/2584/gfs/ush/interp_atmos_sflux.sh
+++ config.atmos_products[16]: INTERP_ATMOS_SFLUXSH=/scratch1/NCEPDEV/global/CI/2584/gfs/ush/interp_atmos_sflux.sh
+++ config.atmos_products[18]: [[ gfs == \g\d\a\s ]]
+++ config.atmos_products[24]: [[ gfs == \g\f\s ]]
+++ config.atmos_products[25]: export downset=2
+++ config.atmos_products[25]: downset=2
+++ config.atmos_products[26]: export FHOUT_PGBS=3
+++ config.atmos_products[26]: FHOUT_PGBS=3
+++ config.atmos_products[27]: export FLXGF=YES
+++ config.atmos_products[27]: FLXGF=YES
+++ config.atmos_products[28]: export WGNE=YES
+++ config.atmos_products[28]: WGNE=YES
+++ config.atmos_products[29]: export FHMAX_WGNE=180
+++ config.atmos_products[29]: FHMAX_WGNE=180
+++ config.atmos_products[32]: export APCP_MSG=597
+++ config.atmos_products[32]: APCP_MSG=597
+++ config.atmos_products[35]: export paramlista=/scratch1/NCEPDEV/global/CI/2584/gfs/parm/product/gfs.fFFF.paramlist.a.txt
+++ config.atmos_products[35]: paramlista=/scratch1/NCEPDEV/global/CI/2584/gfs/parm/product/gfs.fFFF.paramlist.a.txt
+++ config.atmos_products[36]: export paramlista_anl=/scratch1/NCEPDEV/global/CI/2584/gfs/parm/product/gfs.anl.paramlist.a.txt
+++ config.atmos_products[36]: paramlista_anl=/scratch1/NCEPDEV/global/CI/2584/gfs/parm/product/gfs.anl.paramlist.a.txt
+++ config.atmos_products[37]: export paramlista_f000=/scratch1/NCEPDEV/global/CI/2584/gfs/parm/product/gfs.f000.paramlist.a.txt
+++ config.atmos_products[37]: paramlista_f000=/scratch1/NCEPDEV/global/CI/2584/gfs/parm/product/gfs.f000.paramlist.a.txt
+++ config.atmos_products[38]: export paramlistb=/scratch1/NCEPDEV/global/CI/2584/gfs/parm/product/gfs.fFFF.paramlist.b.txt
+++ config.atmos_products[38]: paramlistb=/scratch1/NCEPDEV/global/CI/2584/gfs/parm/product/gfs.fFFF.paramlist.b.txt
+++ config.atmos_products[40]: echo 'END: config.atmos_products'
END: config.atmos_products
++ jjob_header.sh[99]: status=0
++ jjob_header.sh[100]: ((  status != 0  ))
++ jjob_header.sh[110]: source /scratch1/NCEPDEV/global/CI/2584/gfs/env/HERA.env atmos_products
+++ HERA.env[3]: [[ 1 -ne 1 ]]
+++ HERA.env[15]: step=atmos_products
+++ HERA.env[17]: export 'launcher=srun -l --export=ALL'
+++ HERA.env[17]: launcher='srun -l --export=ALL'
+++ HERA.env[18]: export 'mpmd_opt=--multi-prog --output=mpmd.%j.%t.out'
+++ HERA.env[18]: mpmd_opt='--multi-prog --output=mpmd.%j.%t.out'
+++ HERA.env[29]: export OMP_STACKSIZE=2048000
+++ HERA.env[29]: OMP_STACKSIZE=2048000
+++ HERA.env[30]: export NTHSTACK=1024000000
+++ HERA.env[30]: NTHSTACK=1024000000
+++ HERA.env[34]: [[ -n 60210157 ]]
+++ HERA.env[35]: ulimit -s unlimited
+++ HERA.env[36]: ulimit -a
core file size          (blocks, -c) unlimited
data seg size           (kbytes, -d) unlimited
scheduling priority             (-e) 0
file size               (blocks, -f) unlimited
pending signals                 (-i) 379964
max locked memory       (kbytes, -l) unlimited
max memory size         (kbytes, -m) 94208000
open files                      (-n) 131072
pipe size            (512 bytes, -p) 8
POSIX message queues     (bytes, -q) 819200
real-time priority              (-r) 0
stack size              (kbytes, -s) unlimited
cpu time               (seconds, -t) unlimited
max user processes              (-u) 379964
virtual memory          (kbytes, -v) unlimited
file locks                      (-x) unlimited
+++ HERA.env[39]: [[ atmos_products = \p\r\e\p ]]
+++ HERA.env[39]: [[ atmos_products = \p\r\e\p\b\u\f\r ]]
+++ HERA.env[48]: [[ atmos_products = \p\r\e\p\s\n\o\w\o\b\s ]]
+++ HERA.env[52]: [[ atmos_products = \p\r\e\p\_\e\m\i\s\s\i\o\n\s ]]
+++ HERA.env[56]: [[ atmos_products = \w\a\v\e\i\n\i\t ]]
+++ HERA.env[56]: [[ atmos_products = \w\a\v\e\p\r\e\p ]]
+++ HERA.env[56]: [[ atmos_products = \w\a\v\e\p\o\s\t\s\b\s ]]
+++ HERA.env[56]: [[ atmos_products = \w\a\v\e\p\o\s\t\b\n\d\p\n\t ]]
+++ HERA.env[56]: [[ atmos_products = \w\a\v\e\p\o\s\t\b\n\d\p\n\t\b\l\l ]]
+++ HERA.env[56]: [[ atmos_products = \w\a\v\e\p\o\s\t\p\n\t ]]
+++ HERA.env[63]: [[ atmos_products = \a\t\m\a\n\l\v\a\r ]]
+++ HERA.env[71]: [[ atmos_products = \a\t\m\e\n\s\a\n\l\r\u\n ]]
+++ HERA.env[79]: [[ atmos_products = \a\e\r\o\a\n\l\r\u\n ]]
+++ HERA.env[89]: [[ atmos_products = \a\t\m\a\n\l\f\v\3\i\n\c ]]
+++ HERA.env[97]: [[ atmos_products = \s\n\o\w\a\n\l ]]
+++ HERA.env[107]: [[ atmos_products = \o\c\n\a\n\a\l\b\m\a\t ]]
+++ HERA.env[113]: [[ atmos_products = \o\c\n\a\n\a\l\r\u\n ]]
+++ HERA.env[119]: [[ atmos_products = \o\c\n\a\n\a\l\c\h\k\p\t ]]
+++ HERA.env[125]: [[ atmos_products = \o\c\n\a\n\a\l\e\c\e\n ]]
+++ HERA.env[133]: [[ atmos_products = \a\n\a\l ]]
+++ HERA.env[133]: [[ atmos_products = \a\n\a\l\c\a\l\c ]]
+++ HERA.env[161]: [[ atmos_products = \s\f\c\a\n\l ]]
+++ HERA.env[170]: [[ atmos_products = \e\o\b\s ]]
+++ HERA.env[185]: [[ atmos_products = \e\u\p\d ]]
+++ HERA.env[197]: [[ atmos_products = \f\c\s\t ]]
+++ HERA.env[197]: [[ atmos_products = \e\f\c\s ]]
+++ HERA.env[213]: [[ atmos_products = \u\p\p ]]
+++ HERA.env[221]: [[ atmos_products = \a\t\m\o\s\_\p\r\o\d\u\c\t\s ]]
+++ HERA.env[223]: export USE_CFP=YES
+++ HERA.env[223]: USE_CFP=YES
++ jjob_header.sh[111]: status=0
++ jjob_header.sh[112]: ((  status != 0  ))
+ JGLOBAL_ATMOS_PRODUCTS[12]: YMD=20210323
+ JGLOBAL_ATMOS_PRODUCTS[12]: HH=12
+ JGLOBAL_ATMOS_PRODUCTS[12]: declare_from_tmpl -rx COM_ATMOS_ANALYSIS COM_ATMOS_HISTORY COM_ATMOS_MASTER
+ bash_utils.sh[35]: [[ NO == \N\O ]]
+ bash_utils.sh[35]: set +x
declare_from_tmpl :: COM_ATMOS_ANALYSIS=/scratch1/NCEPDEV/global/CI/2584/RUNTESTS/COMROOT/C48_ATM_dbcfdd48/gfs.20210323/12//analysis/atmos
declare_from_tmpl :: COM_ATMOS_HISTORY=/scratch1/NCEPDEV/global/CI/2584/RUNTESTS/COMROOT/C48_ATM_dbcfdd48/gfs.20210323/12//model_data/atmos/history
declare_from_tmpl :: COM_ATMOS_MASTER=/scratch1/NCEPDEV/global/CI/2584/RUNTESTS/COMROOT/C48_ATM_dbcfdd48/gfs.20210323/12//model_data/atmos/master
+ JGLOBAL_ATMOS_PRODUCTS[14]: for grid in '0p25' '0p50' '1p00'
+ JGLOBAL_ATMOS_PRODUCTS[15]: prod_dir=COM_ATMOS_GRIB_0p25
+ JGLOBAL_ATMOS_PRODUCTS[16]: GRID=0p25
+ JGLOBAL_ATMOS_PRODUCTS[16]: YMD=20210323
+ JGLOBAL_ATMOS_PRODUCTS[16]: HH=12
+ JGLOBAL_ATMOS_PRODUCTS[16]: declare_from_tmpl -rx COM_ATMOS_GRIB_0p25:COM_ATMOS_GRIB_GRID_TMPL
+ bash_utils.sh[35]: [[ NO == \N\O ]]
+ bash_utils.sh[35]: set +x
declare_from_tmpl :: COM_ATMOS_GRIB_0p25=/scratch1/NCEPDEV/global/CI/2584/RUNTESTS/COMROOT/C48_ATM_dbcfdd48/gfs.20210323/12//products/atmos/grib2/0p25
+ JGLOBAL_ATMOS_PRODUCTS[17]: [[ ! -d /scratch1/NCEPDEV/global/CI/2584/RUNTESTS/COMROOT/C48_ATM_dbcfdd48/gfs.20210323/12//products/atmos/grib2/0p25 ]]
+ JGLOBAL_ATMOS_PRODUCTS[14]: for grid in '0p25' '0p50' '1p00'
+ JGLOBAL_ATMOS_PRODUCTS[15]: prod_dir=COM_ATMOS_GRIB_0p50
+ JGLOBAL_ATMOS_PRODUCTS[16]: GRID=0p50
+ JGLOBAL_ATMOS_PRODUCTS[16]: YMD=20210323
+ JGLOBAL_ATMOS_PRODUCTS[16]: HH=12
+ JGLOBAL_ATMOS_PRODUCTS[16]: declare_from_tmpl -rx COM_ATMOS_GRIB_0p50:COM_ATMOS_GRIB_GRID_TMPL
+ bash_utils.sh[35]: [[ NO == \N\O ]]
+ bash_utils.sh[35]: set +x
declare_from_tmpl :: COM_ATMOS_GRIB_0p50=/scratch1/NCEPDEV/global/CI/2584/RUNTESTS/COMROOT/C48_ATM_dbcfdd48/gfs.20210323/12//products/atmos/grib2/0p50
+ JGLOBAL_ATMOS_PRODUCTS[17]: [[ ! -d /scratch1/NCEPDEV/global/CI/2584/RUNTESTS/COMROOT/C48_ATM_dbcfdd48/gfs.20210323/12//products/atmos/grib2/0p50 ]]
+ JGLOBAL_ATMOS_PRODUCTS[14]: for grid in '0p25' '0p50' '1p00'
+ JGLOBAL_ATMOS_PRODUCTS[15]: prod_dir=COM_ATMOS_GRIB_1p00
+ JGLOBAL_ATMOS_PRODUCTS[16]: GRID=1p00
+ JGLOBAL_ATMOS_PRODUCTS[16]: YMD=20210323
+ JGLOBAL_ATMOS_PRODUCTS[16]: HH=12
+ JGLOBAL_ATMOS_PRODUCTS[16]: declare_from_tmpl -rx COM_ATMOS_GRIB_1p00:COM_ATMOS_GRIB_GRID_TMPL
+ bash_utils.sh[35]: [[ NO == \N\O ]]
+ bash_utils.sh[35]: set +x
declare_from_tmpl :: COM_ATMOS_GRIB_1p00=/scratch1/NCEPDEV/global/CI/2584/RUNTESTS/COMROOT/C48_ATM_dbcfdd48/gfs.20210323/12//products/atmos/grib2/1p00
+ JGLOBAL_ATMOS_PRODUCTS[17]: [[ ! -d /scratch1/NCEPDEV/global/CI/2584/RUNTESTS/COMROOT/C48_ATM_dbcfdd48/gfs.20210323/12//products/atmos/grib2/1p00 ]]
+ JGLOBAL_ATMOS_PRODUCTS[21]: export PREFIX=gfs.t12z.
+ JGLOBAL_ATMOS_PRODUCTS[21]: PREFIX=gfs.t12z.
+ JGLOBAL_ATMOS_PRODUCTS[25]: /scratch1/NCEPDEV/global/CI/2584/gfs/scripts/exglobal_atmos_products.sh
Begin exglobal_atmos_products.sh at Wed May 15 19:32:31 UTC 2024
+ exglobal_atmos_products.sh[6]: export WGRIB2=wgrib2
+ exglobal_atmos_products.sh[6]: WGRIB2=wgrib2
+ exglobal_atmos_products.sh[9]: INTERP_ATMOS_MASTERSH=/scratch1/NCEPDEV/global/CI/2584/gfs/ush/interp_atmos_master.sh
+ exglobal_atmos_products.sh[10]: INTERP_ATMOS_SFLUXSH=/scratch1/NCEPDEV/global/CI/2584/gfs/ush/interp_atmos_sflux.sh
+ exglobal_atmos_products.sh[13]: downset=2
+ exglobal_atmos_products.sh[14]: npe_atmos_products=24
+ exglobal_atmos_products.sh[17]: WGNE=YES
+ exglobal_atmos_products.sh[18]: FHMAX_WGNE=180
+ exglobal_atmos_products.sh[20]: cd /scratch1/NCEPDEV/stmp2/Terry.McGuinness/RUNDIRS/C48_ATM_dbcfdd48/atmos_products.1134404
+ exglobal_atmos_products.sh[24]: ((  FORECAST_HOUR <= 0  ))
++ exglobal_atmos_products.sh[35]: printf f%03d 81
+ exglobal_atmos_products.sh[35]: fhr3=f081
+ exglobal_atmos_products.sh[36]: ((  FORECAST_HOUR%FHOUT_PGBS == 0  ))
+ exglobal_atmos_products.sh[37]: PGBS=YES
+ exglobal_atmos_products.sh[45]: MASTER_FILE=/scratch1/NCEPDEV/global/CI/2584/RUNTESTS/COMROOT/C48_ATM_dbcfdd48/gfs.20210323/12//model_data/atmos/master/gfs.t12z.master.grb2f081
+ exglobal_atmos_products.sh[50]: wgrib2 /scratch1/NCEPDEV/global/CI/2584/RUNTESTS/COMROOT/C48_ATM_dbcfdd48/gfs.20210323/12//model_data/atmos/master/gfs.t12z.master.grb2f081
+ exglobal_atmos_products.sh[50]: grep -F -f /scratch1/NCEPDEV/global/CI/2584/gfs/parm/product/gfs.fFFF.paramlist.a.txt
+ exglobal_atmos_products.sh[50]: wgrib2 -i -grib tmpfile_f081 /scratch1/NCEPDEV/global/CI/2584/RUNTESTS/COMROOT/C48_ATM_dbcfdd48/gfs.20210323/12//model_data/atmos/master/gfs.t12z.master.grb2f081

*** FATAL ERROR: missing input file /scratch1/NCEPDEV/global/CI/2584/RUNTESTS/COMROOT/C48_ATM_dbcfdd48/gfs.20210323/12//model_data/atmos/master/gfs.t12z.master.grb2f081 ***


*** FATAL ERROR: missing input file /scratch1/NCEPDEV/global/CI/2584/RUNTESTS/COMROOT/C48_ATM_dbcfdd48/gfs.20210323/12//model_data/atmos/master/gfs.t12z.master.grb2f081 ***

+ exglobal_atmos_products.sh[1]: postamble exglobal_atmos_products.sh 1715801551 8
+ preamble.sh[70]: set +x
End exglobal_atmos_products.sh at 19:32:32 with error code 8 (time elapsed: 00:00:01)
+ JGLOBAL_ATMOS_PRODUCTS[1]: postamble JGLOBAL_ATMOS_PRODUCTS 1715801538 8
+ preamble.sh[70]: set +x
End JGLOBAL_ATMOS_PRODUCTS at 19:32:32 with error code 8 (time elapsed: 00:00:14)
+ atmos_products.sh[1]: postamble atmos_products.sh 1715801535 8
+ preamble.sh[70]: set +x
End atmos_products.sh at 19:32:32 with error code 8 (time elapsed: 00:00:17)
_______________________________________________________________
Start Epilog on node h21c55 for job 60210157 :: Wed May 15 19:32:32 UTC 2024
Job 60210157 finished for user Terry.McGuinness in partition hera with exit code 8:0
_______________________________________________________________
End Epilogue Wed May 15 19:32:32 UTC 2024
